[2021-08-18 09:23:23,056] {taskinstance.py:876} INFO - Dependencies all met for <TaskInstance: example_python_operator.virtualenv_python 2021-08-18T09:22:36.880435+00:00 [queued]>
[2021-08-18 09:23:23,084] {taskinstance.py:876} INFO - Dependencies all met for <TaskInstance: example_python_operator.virtualenv_python 2021-08-18T09:22:36.880435+00:00 [queued]>
[2021-08-18 09:23:23,085] {taskinstance.py:1067} INFO - 
--------------------------------------------------------------------------------
[2021-08-18 09:23:23,086] {taskinstance.py:1068} INFO - Starting attempt 1 of 1
[2021-08-18 09:23:23,089] {taskinstance.py:1069} INFO - 
--------------------------------------------------------------------------------
[2021-08-18 09:23:23,103] {taskinstance.py:1087} INFO - Executing <Task(PythonVirtualenvOperator): virtualenv_python> on 2021-08-18T09:22:36.880435+00:00
[2021-08-18 09:23:23,111] {standard_task_runner.py:52} INFO - Started process 485 to run task
[2021-08-18 09:23:23,116] {standard_task_runner.py:76} INFO - Running: ['***', 'tasks', 'run', 'example_python_operator', 'virtualenv_python', '2021-08-18T09:22:36.880435+00:00', '--job-id', '3', '--pool', 'default_pool', '--raw', '--subdir', '/home/***/.local/lib/python3.6/site-packages/***/example_dags/example_python_operator.py', '--cfg-path', '/tmp/tmpsdz6jh9k', '--error-file', '/tmp/tmpxwywezov']
[2021-08-18 09:23:23,117] {standard_task_runner.py:77} INFO - Job 3: Subtask virtualenv_python
[2021-08-18 09:23:23,168] {logging_mixin.py:104} INFO - Running <TaskInstance: example_python_operator.virtualenv_python 2021-08-18T09:22:36.880435+00:00 [running]> on host 44f426ecd463
[2021-08-18 09:23:23,227] {taskinstance.py:1282} INFO - Exporting the following env vars:
AIRFLOW_CTX_DAG_OWNER=***
AIRFLOW_CTX_DAG_ID=example_python_operator
AIRFLOW_CTX_TASK_ID=virtualenv_python
AIRFLOW_CTX_EXECUTION_DATE=2021-08-18T09:22:36.880435+00:00
AIRFLOW_CTX_DAG_RUN_ID=manual__2021-08-18T09:22:36.880435+00:00
[2021-08-18 09:23:23,229] {process_utils.py:135} INFO - Executing cmd: virtualenv /tmp/venvo8clvuz4
[2021-08-18 09:23:23,239] {process_utils.py:139} INFO - Output:
[2021-08-18 09:23:24,083] {process_utils.py:143} INFO - created virtual environment CPython3.6.13.final.0-64 in 622ms
[2021-08-18 09:23:24,085] {process_utils.py:143} INFO -   creator CPython3Posix(dest=/tmp/venvo8clvuz4, clear=False, no_vcs_ignore=False, global=False)
[2021-08-18 09:23:24,086] {process_utils.py:143} INFO -   seeder FromAppData(download=False, pip=bundle, setuptools=bundle, wheel=bundle, via=copy, app_data_dir=/tmp/tmpqhqs06wd)
[2021-08-18 09:23:24,086] {process_utils.py:143} INFO -     added seed packages: pip==21.1.1, setuptools==56.0.0, wheel==0.36.2
[2021-08-18 09:23:24,087] {process_utils.py:143} INFO -   activators BashActivator,CShellActivator,FishActivator,PowerShellActivator,PythonActivator,XonshActivator
[2021-08-18 09:23:24,120] {process_utils.py:135} INFO - Executing cmd: /tmp/venvo8clvuz4/bin/pip install colorama==0.4.0
[2021-08-18 09:23:24,137] {process_utils.py:139} INFO - Output:
[2021-08-18 09:23:25,421] {process_utils.py:143} INFO - WARNING: The directory '/home/***/.cache/pip' or its parent directory is not owned or is not writable by the current user. The cache has been disabled. Check the permissions and owner of that directory. If executing pip with sudo, you should use sudo's -H flag.
[2021-08-18 09:23:25,777] {process_utils.py:143} INFO - Collecting colorama==0.4.0
[2021-08-18 09:23:25,953] {process_utils.py:143} INFO -   Downloading colorama-0.4.0-py2.py3-none-any.whl (21 kB)
[2021-08-18 09:23:26,002] {process_utils.py:143} INFO - Installing collected packages: colorama
[2021-08-18 09:23:26,020] {process_utils.py:143} INFO - Successfully installed colorama-0.4.0
[2021-08-18 09:23:26,253] {process_utils.py:143} INFO - WARNING: You are using pip version 21.1.1; however, version 21.2.4 is available.
[2021-08-18 09:23:26,254] {process_utils.py:143} INFO - You should consider upgrading via the '/tmp/venvo8clvuz4/bin/python -m pip install --upgrade pip' command.
[2021-08-18 09:23:26,323] {process_utils.py:135} INFO - Executing cmd: /tmp/venvo8clvuz4/bin/python /tmp/venvo8clvuz4/script.py /tmp/venvo8clvuz4/script.in /tmp/venvo8clvuz4/script.out /tmp/venvo8clvuz4/string_args.txt
[2021-08-18 09:23:26,331] {process_utils.py:139} INFO - Output:
[2021-08-18 09:23:26,363] {process_utils.py:143} INFO - [31msome red text
[2021-08-18 09:23:26,364] {process_utils.py:143} INFO - [42mand with a green background
[2021-08-18 09:23:26,364] {process_utils.py:143} INFO - [2mand in dim text
[2021-08-18 09:23:26,365] {process_utils.py:143} INFO - [0m
[2021-08-18 09:23:26,366] {process_utils.py:143} INFO - [2mPlease wait...
[2021-08-18 09:23:36,353] {process_utils.py:143} INFO - [2mPlease wait...
[2021-08-18 09:23:46,355] {process_utils.py:143} INFO - [2mPlease wait...
[2021-08-18 09:23:56,365] {process_utils.py:143} INFO - [2mPlease wait...
[2021-08-18 09:24:06,355] {process_utils.py:143} INFO - [2mPlease wait...
[2021-08-18 09:24:16,366] {process_utils.py:143} INFO - [2mPlease wait...
[2021-08-18 09:24:26,377] {process_utils.py:143} INFO - [2mPlease wait...
[2021-08-18 09:24:36,368] {process_utils.py:143} INFO - [2mPlease wait...
[2021-08-18 09:24:46,372] {process_utils.py:143} INFO - [2mPlease wait...
[2021-08-18 09:24:56,383] {process_utils.py:143} INFO - [2mPlease wait...
[2021-08-18 09:25:06,377] {process_utils.py:143} INFO - Finished
[2021-08-18 09:25:06,425] {python.py:151} INFO - Done. Returned value was: None
[2021-08-18 09:25:06,437] {taskinstance.py:1191} INFO - Marking task as SUCCESS. dag_id=example_python_operator, task_id=virtualenv_python, execution_date=20210818T092236, start_date=20210818T092323, end_date=20210818T092506
[2021-08-18 09:25:06,465] {taskinstance.py:1245} INFO - 0 downstream tasks scheduled from follow-on schedule check
[2021-08-18 09:25:06,499] {local_task_job.py:151} INFO - Task exited with return code 0
