[2021-08-18 09:23:24,561] {taskinstance.py:876} INFO - Dependencies all met for <TaskInstance: example_python_operator.sleep_for_0 2021-08-18T09:22:36.880435+00:00 [queued]>
[2021-08-18 09:23:24,573] {taskinstance.py:876} INFO - Dependencies all met for <TaskInstance: example_python_operator.sleep_for_0 2021-08-18T09:22:36.880435+00:00 [queued]>
[2021-08-18 09:23:24,574] {taskinstance.py:1067} INFO - 
--------------------------------------------------------------------------------
[2021-08-18 09:23:24,575] {taskinstance.py:1068} INFO - Starting attempt 1 of 1
[2021-08-18 09:23:24,578] {taskinstance.py:1069} INFO - 
--------------------------------------------------------------------------------
[2021-08-18 09:23:24,592] {taskinstance.py:1087} INFO - Executing <Task(PythonOperator): sleep_for_0> on 2021-08-18T09:22:36.880435+00:00
[2021-08-18 09:23:24,601] {standard_task_runner.py:52} INFO - Started process 499 to run task
[2021-08-18 09:23:24,614] {standard_task_runner.py:76} INFO - Running: ['***', 'tasks', 'run', 'example_python_operator', 'sleep_for_0', '2021-08-18T09:22:36.880435+00:00', '--job-id', '5', '--pool', 'default_pool', '--raw', '--subdir', '/home/***/.local/lib/python3.6/site-packages/***/example_dags/example_python_operator.py', '--cfg-path', '/tmp/tmpm5stb5d8', '--error-file', '/tmp/tmp0m7518kj']
[2021-08-18 09:23:24,616] {standard_task_runner.py:77} INFO - Job 5: Subtask sleep_for_0
[2021-08-18 09:23:24,692] {logging_mixin.py:104} INFO - Running <TaskInstance: example_python_operator.sleep_for_0 2021-08-18T09:22:36.880435+00:00 [running]> on host 44f426ecd463
[2021-08-18 09:23:24,836] {taskinstance.py:1282} INFO - Exporting the following env vars:
AIRFLOW_CTX_DAG_OWNER=***
AIRFLOW_CTX_DAG_ID=example_python_operator
AIRFLOW_CTX_TASK_ID=sleep_for_0
AIRFLOW_CTX_EXECUTION_DATE=2021-08-18T09:22:36.880435+00:00
AIRFLOW_CTX_DAG_RUN_ID=manual__2021-08-18T09:22:36.880435+00:00
[2021-08-18 09:23:24,837] {python.py:151} INFO - Done. Returned value was: None
[2021-08-18 09:23:24,932] {taskinstance.py:1191} INFO - Marking task as SUCCESS. dag_id=example_python_operator, task_id=sleep_for_0, execution_date=20210818T092236, start_date=20210818T092324, end_date=20210818T092324
[2021-08-18 09:23:25,007] {taskinstance.py:1245} INFO - 0 downstream tasks scheduled from follow-on schedule check
[2021-08-18 09:23:25,033] {local_task_job.py:151} INFO - Task exited with return code 0
