[2021-08-18 09:23:24,738] {taskinstance.py:876} INFO - Dependencies all met for <TaskInstance: example_python_operator.sleep_for_4 2021-08-18T09:22:36.880435+00:00 [queued]>
[2021-08-18 09:23:24,771] {taskinstance.py:876} INFO - Dependencies all met for <TaskInstance: example_python_operator.sleep_for_4 2021-08-18T09:22:36.880435+00:00 [queued]>
[2021-08-18 09:23:24,772] {taskinstance.py:1067} INFO - 
--------------------------------------------------------------------------------
[2021-08-18 09:23:24,772] {taskinstance.py:1068} INFO - Starting attempt 1 of 1
[2021-08-18 09:23:24,776] {taskinstance.py:1069} INFO - 
--------------------------------------------------------------------------------
[2021-08-18 09:23:24,819] {taskinstance.py:1087} INFO - Executing <Task(PythonOperator): sleep_for_4> on 2021-08-18T09:22:36.880435+00:00
[2021-08-18 09:23:24,828] {standard_task_runner.py:52} INFO - Started process 502 to run task
[2021-08-18 09:23:24,840] {standard_task_runner.py:76} INFO - Running: ['***', 'tasks', 'run', 'example_python_operator', 'sleep_for_4', '2021-08-18T09:22:36.880435+00:00', '--job-id', '8', '--pool', 'default_pool', '--raw', '--subdir', '/home/***/.local/lib/python3.6/site-packages/***/example_dags/example_python_operator.py', '--cfg-path', '/tmp/tmpzujdsqwv', '--error-file', '/tmp/tmpdh_s419p']
[2021-08-18 09:23:24,841] {standard_task_runner.py:77} INFO - Job 8: Subtask sleep_for_4
[2021-08-18 09:23:25,017] {logging_mixin.py:104} INFO - Running <TaskInstance: example_python_operator.sleep_for_4 2021-08-18T09:22:36.880435+00:00 [running]> on host 44f426ecd463
[2021-08-18 09:23:25,115] {taskinstance.py:1282} INFO - Exporting the following env vars:
AIRFLOW_CTX_DAG_OWNER=***
AIRFLOW_CTX_DAG_ID=example_python_operator
AIRFLOW_CTX_TASK_ID=sleep_for_4
AIRFLOW_CTX_EXECUTION_DATE=2021-08-18T09:22:36.880435+00:00
AIRFLOW_CTX_DAG_RUN_ID=manual__2021-08-18T09:22:36.880435+00:00
[2021-08-18 09:23:25,517] {python.py:151} INFO - Done. Returned value was: None
[2021-08-18 09:23:25,528] {taskinstance.py:1191} INFO - Marking task as SUCCESS. dag_id=example_python_operator, task_id=sleep_for_4, execution_date=20210818T092236, start_date=20210818T092324, end_date=20210818T092325
[2021-08-18 09:23:25,554] {taskinstance.py:1245} INFO - 0 downstream tasks scheduled from follow-on schedule check
[2021-08-18 09:23:25,576] {local_task_job.py:151} INFO - Task exited with return code 0
