[2021-08-18 09:01:58,034] {scheduler_job.py:182} INFO - Started process (PID=81) to work on /home/airflow/.local/lib/python3.6/site-packages/airflow/example_dags/example_latest_only_with_trigger.py
[2021-08-18 09:01:58,036] {scheduler_job.py:633} INFO - Processing file /home/airflow/.local/lib/python3.6/site-packages/airflow/example_dags/example_latest_only_with_trigger.py for tasks to queue
[2021-08-18 09:01:58,037] {logging_mixin.py:104} INFO - [2021-08-18 09:01:58,037] {dagbag.py:487} INFO - Filling up the DagBag from /home/airflow/.local/lib/python3.6/site-packages/airflow/example_dags/example_latest_only_with_trigger.py
[2021-08-18 09:01:58,058] {scheduler_job.py:643} INFO - DAG(s) dict_keys(['latest_only_with_trigger']) retrieved from /home/airflow/.local/lib/python3.6/site-packages/airflow/example_dags/example_latest_only_with_trigger.py
[2021-08-18 09:02:00,192] {logging_mixin.py:104} INFO - [2021-08-18 09:02:00,190] {dag.py:1832} INFO - Sync 1 DAGs
[2021-08-18 09:02:00,209] {logging_mixin.py:104} INFO - [2021-08-18 09:02:00,208] {dag.py:1851} INFO - Creating ORM DAG for latest_only_with_trigger
[2021-08-18 09:02:00,218] {logging_mixin.py:104} INFO - [2021-08-18 09:02:00,217] {dag.py:2305} INFO - Setting next_dagrun for latest_only_with_trigger to 2021-08-16 00:00:00+00:00
[2021-08-18 09:02:00,230] {scheduler_job.py:190} INFO - Processing /home/airflow/.local/lib/python3.6/site-packages/airflow/example_dags/example_latest_only_with_trigger.py took 2.201 seconds
[2021-08-18 09:02:45,966] {scheduler_job.py:182} INFO - Started process (PID=165) to work on /home/airflow/.local/lib/python3.6/site-packages/airflow/example_dags/example_latest_only_with_trigger.py
[2021-08-18 09:02:45,968] {scheduler_job.py:633} INFO - Processing file /home/airflow/.local/lib/python3.6/site-packages/airflow/example_dags/example_latest_only_with_trigger.py for tasks to queue
[2021-08-18 09:02:45,970] {logging_mixin.py:104} INFO - [2021-08-18 09:02:45,970] {dagbag.py:487} INFO - Filling up the DagBag from /home/airflow/.local/lib/python3.6/site-packages/airflow/example_dags/example_latest_only_with_trigger.py
[2021-08-18 09:02:45,987] {scheduler_job.py:643} INFO - DAG(s) dict_keys(['latest_only_with_trigger']) retrieved from /home/airflow/.local/lib/python3.6/site-packages/airflow/example_dags/example_latest_only_with_trigger.py
[2021-08-18 09:02:46,012] {logging_mixin.py:104} INFO - [2021-08-18 09:02:46,012] {dag.py:1832} INFO - Sync 1 DAGs
[2021-08-18 09:02:46,030] {logging_mixin.py:104} INFO - [2021-08-18 09:02:46,030] {dag.py:2305} INFO - Setting next_dagrun for latest_only_with_trigger to 2021-08-16 00:00:00+00:00
[2021-08-18 09:02:46,041] {scheduler_job.py:190} INFO - Processing /home/airflow/.local/lib/python3.6/site-packages/airflow/example_dags/example_latest_only_with_trigger.py took 0.079 seconds
[2021-08-18 09:03:16,650] {scheduler_job.py:182} INFO - Started process (PID=244) to work on /home/airflow/.local/lib/python3.6/site-packages/airflow/example_dags/example_latest_only_with_trigger.py
[2021-08-18 09:03:16,652] {scheduler_job.py:633} INFO - Processing file /home/airflow/.local/lib/python3.6/site-packages/airflow/example_dags/example_latest_only_with_trigger.py for tasks to queue
[2021-08-18 09:03:16,653] {logging_mixin.py:104} INFO - [2021-08-18 09:03:16,653] {dagbag.py:487} INFO - Filling up the DagBag from /home/airflow/.local/lib/python3.6/site-packages/airflow/example_dags/example_latest_only_with_trigger.py
[2021-08-18 09:03:16,669] {scheduler_job.py:643} INFO - DAG(s) dict_keys(['latest_only_with_trigger']) retrieved from /home/airflow/.local/lib/python3.6/site-packages/airflow/example_dags/example_latest_only_with_trigger.py
[2021-08-18 09:03:16,690] {logging_mixin.py:104} INFO - [2021-08-18 09:03:16,690] {dag.py:1832} INFO - Sync 1 DAGs
[2021-08-18 09:03:16,707] {logging_mixin.py:104} INFO - [2021-08-18 09:03:16,707] {dag.py:2305} INFO - Setting next_dagrun for latest_only_with_trigger to 2021-08-16 00:00:00+00:00
[2021-08-18 09:03:16,716] {scheduler_job.py:190} INFO - Processing /home/airflow/.local/lib/python3.6/site-packages/airflow/example_dags/example_latest_only_with_trigger.py took 0.070 seconds
[2021-08-18 09:03:47,730] {scheduler_job.py:182} INFO - Started process (PID=317) to work on /home/airflow/.local/lib/python3.6/site-packages/airflow/example_dags/example_latest_only_with_trigger.py
[2021-08-18 09:03:47,734] {scheduler_job.py:633} INFO - Processing file /home/airflow/.local/lib/python3.6/site-packages/airflow/example_dags/example_latest_only_with_trigger.py for tasks to queue
[2021-08-18 09:03:47,753] {logging_mixin.py:104} INFO - [2021-08-18 09:03:47,753] {dagbag.py:487} INFO - Filling up the DagBag from /home/airflow/.local/lib/python3.6/site-packages/airflow/example_dags/example_latest_only_with_trigger.py
[2021-08-18 09:03:47,778] {scheduler_job.py:643} INFO - DAG(s) dict_keys(['latest_only_with_trigger']) retrieved from /home/airflow/.local/lib/python3.6/site-packages/airflow/example_dags/example_latest_only_with_trigger.py
[2021-08-18 09:03:47,825] {logging_mixin.py:104} INFO - [2021-08-18 09:03:47,825] {dag.py:1832} INFO - Sync 1 DAGs
[2021-08-18 09:03:47,853] {logging_mixin.py:104} INFO - [2021-08-18 09:03:47,853] {dag.py:2305} INFO - Setting next_dagrun for latest_only_with_trigger to 2021-08-16 00:00:00+00:00
[2021-08-18 09:03:47,884] {scheduler_job.py:190} INFO - Processing /home/airflow/.local/lib/python3.6/site-packages/airflow/example_dags/example_latest_only_with_trigger.py took 0.161 seconds
[2021-08-18 09:04:18,130] {scheduler_job.py:182} INFO - Started process (PID=387) to work on /home/airflow/.local/lib/python3.6/site-packages/airflow/example_dags/example_latest_only_with_trigger.py
[2021-08-18 09:04:18,132] {scheduler_job.py:633} INFO - Processing file /home/airflow/.local/lib/python3.6/site-packages/airflow/example_dags/example_latest_only_with_trigger.py for tasks to queue
[2021-08-18 09:04:18,134] {logging_mixin.py:104} INFO - [2021-08-18 09:04:18,133] {dagbag.py:487} INFO - Filling up the DagBag from /home/airflow/.local/lib/python3.6/site-packages/airflow/example_dags/example_latest_only_with_trigger.py
[2021-08-18 09:04:18,153] {scheduler_job.py:643} INFO - DAG(s) dict_keys(['latest_only_with_trigger']) retrieved from /home/airflow/.local/lib/python3.6/site-packages/airflow/example_dags/example_latest_only_with_trigger.py
[2021-08-18 09:04:18,178] {logging_mixin.py:104} INFO - [2021-08-18 09:04:18,178] {dag.py:1832} INFO - Sync 1 DAGs
[2021-08-18 09:04:18,205] {logging_mixin.py:104} INFO - [2021-08-18 09:04:18,205] {dag.py:2305} INFO - Setting next_dagrun for latest_only_with_trigger to 2021-08-16 00:00:00+00:00
[2021-08-18 09:04:18,217] {scheduler_job.py:190} INFO - Processing /home/airflow/.local/lib/python3.6/site-packages/airflow/example_dags/example_latest_only_with_trigger.py took 0.092 seconds
[2021-08-18 09:04:48,368] {scheduler_job.py:182} INFO - Started process (PID=450) to work on /home/airflow/.local/lib/python3.6/site-packages/airflow/example_dags/example_latest_only_with_trigger.py
[2021-08-18 09:04:48,370] {scheduler_job.py:633} INFO - Processing file /home/airflow/.local/lib/python3.6/site-packages/airflow/example_dags/example_latest_only_with_trigger.py for tasks to queue
[2021-08-18 09:04:48,372] {logging_mixin.py:104} INFO - [2021-08-18 09:04:48,372] {dagbag.py:487} INFO - Filling up the DagBag from /home/airflow/.local/lib/python3.6/site-packages/airflow/example_dags/example_latest_only_with_trigger.py
[2021-08-18 09:04:48,392] {scheduler_job.py:643} INFO - DAG(s) dict_keys(['latest_only_with_trigger']) retrieved from /home/airflow/.local/lib/python3.6/site-packages/airflow/example_dags/example_latest_only_with_trigger.py
[2021-08-18 09:04:48,425] {logging_mixin.py:104} INFO - [2021-08-18 09:04:48,424] {dag.py:1832} INFO - Sync 1 DAGs
[2021-08-18 09:04:48,450] {logging_mixin.py:104} INFO - [2021-08-18 09:04:48,450] {dag.py:2305} INFO - Setting next_dagrun for latest_only_with_trigger to 2021-08-16 00:00:00+00:00
[2021-08-18 09:04:48,465] {scheduler_job.py:190} INFO - Processing /home/airflow/.local/lib/python3.6/site-packages/airflow/example_dags/example_latest_only_with_trigger.py took 0.101 seconds
[2021-08-18 09:05:18,788] {scheduler_job.py:182} INFO - Started process (PID=511) to work on /home/airflow/.local/lib/python3.6/site-packages/airflow/example_dags/example_latest_only_with_trigger.py
[2021-08-18 09:05:18,790] {scheduler_job.py:633} INFO - Processing file /home/airflow/.local/lib/python3.6/site-packages/airflow/example_dags/example_latest_only_with_trigger.py for tasks to queue
[2021-08-18 09:05:18,791] {logging_mixin.py:104} INFO - [2021-08-18 09:05:18,791] {dagbag.py:487} INFO - Filling up the DagBag from /home/airflow/.local/lib/python3.6/site-packages/airflow/example_dags/example_latest_only_with_trigger.py
[2021-08-18 09:05:18,806] {scheduler_job.py:643} INFO - DAG(s) dict_keys(['latest_only_with_trigger']) retrieved from /home/airflow/.local/lib/python3.6/site-packages/airflow/example_dags/example_latest_only_with_trigger.py
[2021-08-18 09:05:18,831] {logging_mixin.py:104} INFO - [2021-08-18 09:05:18,830] {dag.py:1832} INFO - Sync 1 DAGs
[2021-08-18 09:05:18,853] {logging_mixin.py:104} INFO - [2021-08-18 09:05:18,853] {dag.py:2305} INFO - Setting next_dagrun for latest_only_with_trigger to 2021-08-16 00:00:00+00:00
[2021-08-18 09:05:18,869] {scheduler_job.py:190} INFO - Processing /home/airflow/.local/lib/python3.6/site-packages/airflow/example_dags/example_latest_only_with_trigger.py took 0.085 seconds
[2021-08-18 09:05:49,712] {scheduler_job.py:182} INFO - Started process (PID=590) to work on /home/airflow/.local/lib/python3.6/site-packages/airflow/example_dags/example_latest_only_with_trigger.py
[2021-08-18 09:05:49,715] {scheduler_job.py:633} INFO - Processing file /home/airflow/.local/lib/python3.6/site-packages/airflow/example_dags/example_latest_only_with_trigger.py for tasks to queue
[2021-08-18 09:05:49,717] {logging_mixin.py:104} INFO - [2021-08-18 09:05:49,716] {dagbag.py:487} INFO - Filling up the DagBag from /home/airflow/.local/lib/python3.6/site-packages/airflow/example_dags/example_latest_only_with_trigger.py
[2021-08-18 09:05:49,743] {scheduler_job.py:643} INFO - DAG(s) dict_keys(['latest_only_with_trigger']) retrieved from /home/airflow/.local/lib/python3.6/site-packages/airflow/example_dags/example_latest_only_with_trigger.py
[2021-08-18 09:05:49,782] {logging_mixin.py:104} INFO - [2021-08-18 09:05:49,782] {dag.py:1832} INFO - Sync 1 DAGs
[2021-08-18 09:05:49,806] {logging_mixin.py:104} INFO - [2021-08-18 09:05:49,806] {dag.py:2305} INFO - Setting next_dagrun for latest_only_with_trigger to 2021-08-16 00:00:00+00:00
[2021-08-18 09:05:49,821] {scheduler_job.py:190} INFO - Processing /home/airflow/.local/lib/python3.6/site-packages/airflow/example_dags/example_latest_only_with_trigger.py took 0.114 seconds
[2021-08-18 09:06:23,295] {scheduler_job.py:182} INFO - Started process (PID=640) to work on /home/airflow/.local/lib/python3.6/site-packages/airflow/example_dags/example_latest_only_with_trigger.py
[2021-08-18 09:06:23,298] {scheduler_job.py:633} INFO - Processing file /home/airflow/.local/lib/python3.6/site-packages/airflow/example_dags/example_latest_only_with_trigger.py for tasks to queue
[2021-08-18 09:06:23,300] {logging_mixin.py:104} INFO - [2021-08-18 09:06:23,300] {dagbag.py:487} INFO - Filling up the DagBag from /home/airflow/.local/lib/python3.6/site-packages/airflow/example_dags/example_latest_only_with_trigger.py
[2021-08-18 09:06:23,324] {scheduler_job.py:643} INFO - DAG(s) dict_keys(['latest_only_with_trigger']) retrieved from /home/airflow/.local/lib/python3.6/site-packages/airflow/example_dags/example_latest_only_with_trigger.py
[2021-08-18 09:06:23,363] {logging_mixin.py:104} INFO - [2021-08-18 09:06:23,362] {dag.py:1832} INFO - Sync 1 DAGs
[2021-08-18 09:06:23,391] {logging_mixin.py:104} INFO - [2021-08-18 09:06:23,391] {dag.py:2305} INFO - Setting next_dagrun for latest_only_with_trigger to 2021-08-16 00:00:00+00:00
[2021-08-18 09:06:23,406] {scheduler_job.py:190} INFO - Processing /home/airflow/.local/lib/python3.6/site-packages/airflow/example_dags/example_latest_only_with_trigger.py took 0.116 seconds
[2021-08-18 09:06:53,735] {scheduler_job.py:182} INFO - Started process (PID=706) to work on /home/airflow/.local/lib/python3.6/site-packages/airflow/example_dags/example_latest_only_with_trigger.py
[2021-08-18 09:06:53,738] {scheduler_job.py:633} INFO - Processing file /home/airflow/.local/lib/python3.6/site-packages/airflow/example_dags/example_latest_only_with_trigger.py for tasks to queue
[2021-08-18 09:06:53,740] {logging_mixin.py:104} INFO - [2021-08-18 09:06:53,739] {dagbag.py:487} INFO - Filling up the DagBag from /home/airflow/.local/lib/python3.6/site-packages/airflow/example_dags/example_latest_only_with_trigger.py
[2021-08-18 09:06:53,755] {scheduler_job.py:643} INFO - DAG(s) dict_keys(['latest_only_with_trigger']) retrieved from /home/airflow/.local/lib/python3.6/site-packages/airflow/example_dags/example_latest_only_with_trigger.py
[2021-08-18 09:06:53,780] {logging_mixin.py:104} INFO - [2021-08-18 09:06:53,780] {dag.py:1832} INFO - Sync 1 DAGs
[2021-08-18 09:06:53,799] {logging_mixin.py:104} INFO - [2021-08-18 09:06:53,799] {dag.py:2305} INFO - Setting next_dagrun for latest_only_with_trigger to 2021-08-16 00:00:00+00:00
[2021-08-18 09:06:53,809] {scheduler_job.py:190} INFO - Processing /home/airflow/.local/lib/python3.6/site-packages/airflow/example_dags/example_latest_only_with_trigger.py took 0.077 seconds
[2021-08-18 09:07:26,327] {scheduler_job.py:182} INFO - Started process (PID=767) to work on /home/airflow/.local/lib/python3.6/site-packages/airflow/example_dags/example_latest_only_with_trigger.py
[2021-08-18 09:07:26,329] {scheduler_job.py:633} INFO - Processing file /home/airflow/.local/lib/python3.6/site-packages/airflow/example_dags/example_latest_only_with_trigger.py for tasks to queue
[2021-08-18 09:07:26,331] {logging_mixin.py:104} INFO - [2021-08-18 09:07:26,331] {dagbag.py:487} INFO - Filling up the DagBag from /home/airflow/.local/lib/python3.6/site-packages/airflow/example_dags/example_latest_only_with_trigger.py
[2021-08-18 09:07:26,350] {scheduler_job.py:643} INFO - DAG(s) dict_keys(['latest_only_with_trigger']) retrieved from /home/airflow/.local/lib/python3.6/site-packages/airflow/example_dags/example_latest_only_with_trigger.py
[2021-08-18 09:07:26,378] {logging_mixin.py:104} INFO - [2021-08-18 09:07:26,378] {dag.py:1832} INFO - Sync 1 DAGs
[2021-08-18 09:07:26,401] {logging_mixin.py:104} INFO - [2021-08-18 09:07:26,401] {dag.py:2305} INFO - Setting next_dagrun for latest_only_with_trigger to 2021-08-16 00:00:00+00:00
[2021-08-18 09:07:26,413] {scheduler_job.py:190} INFO - Processing /home/airflow/.local/lib/python3.6/site-packages/airflow/example_dags/example_latest_only_with_trigger.py took 0.091 seconds
[2021-08-18 09:07:57,279] {scheduler_job.py:182} INFO - Started process (PID=844) to work on /home/airflow/.local/lib/python3.6/site-packages/airflow/example_dags/example_latest_only_with_trigger.py
[2021-08-18 09:07:57,281] {scheduler_job.py:633} INFO - Processing file /home/airflow/.local/lib/python3.6/site-packages/airflow/example_dags/example_latest_only_with_trigger.py for tasks to queue
[2021-08-18 09:07:57,282] {logging_mixin.py:104} INFO - [2021-08-18 09:07:57,282] {dagbag.py:487} INFO - Filling up the DagBag from /home/airflow/.local/lib/python3.6/site-packages/airflow/example_dags/example_latest_only_with_trigger.py
[2021-08-18 09:07:57,298] {scheduler_job.py:643} INFO - DAG(s) dict_keys(['latest_only_with_trigger']) retrieved from /home/airflow/.local/lib/python3.6/site-packages/airflow/example_dags/example_latest_only_with_trigger.py
[2021-08-18 09:07:57,322] {logging_mixin.py:104} INFO - [2021-08-18 09:07:57,322] {dag.py:1832} INFO - Sync 1 DAGs
[2021-08-18 09:07:57,340] {logging_mixin.py:104} INFO - [2021-08-18 09:07:57,340] {dag.py:2305} INFO - Setting next_dagrun for latest_only_with_trigger to 2021-08-16 00:00:00+00:00
[2021-08-18 09:07:57,352] {scheduler_job.py:190} INFO - Processing /home/airflow/.local/lib/python3.6/site-packages/airflow/example_dags/example_latest_only_with_trigger.py took 0.077 seconds
[2021-08-18 09:08:28,165] {scheduler_job.py:182} INFO - Started process (PID=875) to work on /home/airflow/.local/lib/python3.6/site-packages/airflow/example_dags/example_latest_only_with_trigger.py
[2021-08-18 09:08:28,185] {scheduler_job.py:633} INFO - Processing file /home/airflow/.local/lib/python3.6/site-packages/airflow/example_dags/example_latest_only_with_trigger.py for tasks to queue
[2021-08-18 09:08:28,190] {logging_mixin.py:104} INFO - [2021-08-18 09:08:28,189] {dagbag.py:487} INFO - Filling up the DagBag from /home/airflow/.local/lib/python3.6/site-packages/airflow/example_dags/example_latest_only_with_trigger.py
[2021-08-18 09:08:28,224] {scheduler_job.py:643} INFO - DAG(s) dict_keys(['latest_only_with_trigger']) retrieved from /home/airflow/.local/lib/python3.6/site-packages/airflow/example_dags/example_latest_only_with_trigger.py
[2021-08-18 09:08:28,265] {logging_mixin.py:104} INFO - [2021-08-18 09:08:28,264] {dag.py:1832} INFO - Sync 1 DAGs
[2021-08-18 09:08:28,296] {logging_mixin.py:104} INFO - [2021-08-18 09:08:28,295] {dag.py:2305} INFO - Setting next_dagrun for latest_only_with_trigger to 2021-08-16 00:00:00+00:00
[2021-08-18 09:08:28,308] {scheduler_job.py:190} INFO - Processing /home/airflow/.local/lib/python3.6/site-packages/airflow/example_dags/example_latest_only_with_trigger.py took 0.149 seconds
[2021-08-18 09:08:59,051] {scheduler_job.py:182} INFO - Started process (PID=938) to work on /home/airflow/.local/lib/python3.6/site-packages/airflow/example_dags/example_latest_only_with_trigger.py
[2021-08-18 09:08:59,054] {scheduler_job.py:633} INFO - Processing file /home/airflow/.local/lib/python3.6/site-packages/airflow/example_dags/example_latest_only_with_trigger.py for tasks to queue
[2021-08-18 09:08:59,056] {logging_mixin.py:104} INFO - [2021-08-18 09:08:59,056] {dagbag.py:487} INFO - Filling up the DagBag from /home/airflow/.local/lib/python3.6/site-packages/airflow/example_dags/example_latest_only_with_trigger.py
[2021-08-18 09:08:59,075] {scheduler_job.py:643} INFO - DAG(s) dict_keys(['latest_only_with_trigger']) retrieved from /home/airflow/.local/lib/python3.6/site-packages/airflow/example_dags/example_latest_only_with_trigger.py
[2021-08-18 09:08:59,101] {logging_mixin.py:104} INFO - [2021-08-18 09:08:59,101] {dag.py:1832} INFO - Sync 1 DAGs
[2021-08-18 09:08:59,120] {logging_mixin.py:104} INFO - [2021-08-18 09:08:59,120] {dag.py:2305} INFO - Setting next_dagrun for latest_only_with_trigger to 2021-08-16 00:00:00+00:00
[2021-08-18 09:08:59,131] {scheduler_job.py:190} INFO - Processing /home/airflow/.local/lib/python3.6/site-packages/airflow/example_dags/example_latest_only_with_trigger.py took 0.084 seconds
[2021-08-18 09:09:29,388] {scheduler_job.py:182} INFO - Started process (PID=1015) to work on /home/airflow/.local/lib/python3.6/site-packages/airflow/example_dags/example_latest_only_with_trigger.py
[2021-08-18 09:09:29,390] {scheduler_job.py:633} INFO - Processing file /home/airflow/.local/lib/python3.6/site-packages/airflow/example_dags/example_latest_only_with_trigger.py for tasks to queue
[2021-08-18 09:09:29,392] {logging_mixin.py:104} INFO - [2021-08-18 09:09:29,391] {dagbag.py:487} INFO - Filling up the DagBag from /home/airflow/.local/lib/python3.6/site-packages/airflow/example_dags/example_latest_only_with_trigger.py
[2021-08-18 09:09:29,407] {scheduler_job.py:643} INFO - DAG(s) dict_keys(['latest_only_with_trigger']) retrieved from /home/airflow/.local/lib/python3.6/site-packages/airflow/example_dags/example_latest_only_with_trigger.py
[2021-08-18 09:09:29,434] {logging_mixin.py:104} INFO - [2021-08-18 09:09:29,434] {dag.py:1832} INFO - Sync 1 DAGs
[2021-08-18 09:09:29,455] {logging_mixin.py:104} INFO - [2021-08-18 09:09:29,455] {dag.py:2305} INFO - Setting next_dagrun for latest_only_with_trigger to 2021-08-16 00:00:00+00:00
[2021-08-18 09:09:29,467] {scheduler_job.py:190} INFO - Processing /home/airflow/.local/lib/python3.6/site-packages/airflow/example_dags/example_latest_only_with_trigger.py took 0.083 seconds
[2021-08-18 09:09:59,660] {scheduler_job.py:182} INFO - Started process (PID=1077) to work on /home/airflow/.local/lib/python3.6/site-packages/airflow/example_dags/example_latest_only_with_trigger.py
[2021-08-18 09:09:59,663] {scheduler_job.py:633} INFO - Processing file /home/airflow/.local/lib/python3.6/site-packages/airflow/example_dags/example_latest_only_with_trigger.py for tasks to queue
[2021-08-18 09:09:59,665] {logging_mixin.py:104} INFO - [2021-08-18 09:09:59,664] {dagbag.py:487} INFO - Filling up the DagBag from /home/airflow/.local/lib/python3.6/site-packages/airflow/example_dags/example_latest_only_with_trigger.py
[2021-08-18 09:09:59,682] {scheduler_job.py:643} INFO - DAG(s) dict_keys(['latest_only_with_trigger']) retrieved from /home/airflow/.local/lib/python3.6/site-packages/airflow/example_dags/example_latest_only_with_trigger.py
[2021-08-18 09:09:59,712] {logging_mixin.py:104} INFO - [2021-08-18 09:09:59,711] {dag.py:1832} INFO - Sync 1 DAGs
[2021-08-18 09:09:59,735] {logging_mixin.py:104} INFO - [2021-08-18 09:09:59,735] {dag.py:2305} INFO - Setting next_dagrun for latest_only_with_trigger to 2021-08-16 00:00:00+00:00
[2021-08-18 09:09:59,748] {scheduler_job.py:190} INFO - Processing /home/airflow/.local/lib/python3.6/site-packages/airflow/example_dags/example_latest_only_with_trigger.py took 0.092 seconds
[2021-08-18 09:10:30,212] {scheduler_job.py:182} INFO - Started process (PID=1154) to work on /home/airflow/.local/lib/python3.6/site-packages/airflow/example_dags/example_latest_only_with_trigger.py
[2021-08-18 09:10:30,214] {scheduler_job.py:633} INFO - Processing file /home/airflow/.local/lib/python3.6/site-packages/airflow/example_dags/example_latest_only_with_trigger.py for tasks to queue
[2021-08-18 09:10:30,215] {logging_mixin.py:104} INFO - [2021-08-18 09:10:30,215] {dagbag.py:487} INFO - Filling up the DagBag from /home/airflow/.local/lib/python3.6/site-packages/airflow/example_dags/example_latest_only_with_trigger.py
[2021-08-18 09:10:30,233] {scheduler_job.py:643} INFO - DAG(s) dict_keys(['latest_only_with_trigger']) retrieved from /home/airflow/.local/lib/python3.6/site-packages/airflow/example_dags/example_latest_only_with_trigger.py
[2021-08-18 09:10:30,259] {logging_mixin.py:104} INFO - [2021-08-18 09:10:30,259] {dag.py:1832} INFO - Sync 1 DAGs
[2021-08-18 09:10:30,278] {logging_mixin.py:104} INFO - [2021-08-18 09:10:30,278] {dag.py:2305} INFO - Setting next_dagrun for latest_only_with_trigger to 2021-08-16 00:00:00+00:00
[2021-08-18 09:10:30,289] {scheduler_job.py:190} INFO - Processing /home/airflow/.local/lib/python3.6/site-packages/airflow/example_dags/example_latest_only_with_trigger.py took 0.081 seconds
[2021-08-18 09:11:00,348] {scheduler_job.py:182} INFO - Started process (PID=1216) to work on /home/airflow/.local/lib/python3.6/site-packages/airflow/example_dags/example_latest_only_with_trigger.py
[2021-08-18 09:11:00,350] {scheduler_job.py:633} INFO - Processing file /home/airflow/.local/lib/python3.6/site-packages/airflow/example_dags/example_latest_only_with_trigger.py for tasks to queue
[2021-08-18 09:11:00,351] {logging_mixin.py:104} INFO - [2021-08-18 09:11:00,351] {dagbag.py:487} INFO - Filling up the DagBag from /home/airflow/.local/lib/python3.6/site-packages/airflow/example_dags/example_latest_only_with_trigger.py
[2021-08-18 09:11:00,365] {scheduler_job.py:643} INFO - DAG(s) dict_keys(['latest_only_with_trigger']) retrieved from /home/airflow/.local/lib/python3.6/site-packages/airflow/example_dags/example_latest_only_with_trigger.py
[2021-08-18 09:11:00,387] {logging_mixin.py:104} INFO - [2021-08-18 09:11:00,387] {dag.py:1832} INFO - Sync 1 DAGs
[2021-08-18 09:11:00,404] {logging_mixin.py:104} INFO - [2021-08-18 09:11:00,404] {dag.py:2305} INFO - Setting next_dagrun for latest_only_with_trigger to 2021-08-16 00:00:00+00:00
[2021-08-18 09:11:00,415] {scheduler_job.py:190} INFO - Processing /home/airflow/.local/lib/python3.6/site-packages/airflow/example_dags/example_latest_only_with_trigger.py took 0.071 seconds
[2021-08-18 09:11:30,917] {scheduler_job.py:182} INFO - Started process (PID=1294) to work on /home/airflow/.local/lib/python3.6/site-packages/airflow/example_dags/example_latest_only_with_trigger.py
[2021-08-18 09:11:30,921] {scheduler_job.py:633} INFO - Processing file /home/airflow/.local/lib/python3.6/site-packages/airflow/example_dags/example_latest_only_with_trigger.py for tasks to queue
[2021-08-18 09:11:30,922] {logging_mixin.py:104} INFO - [2021-08-18 09:11:30,922] {dagbag.py:487} INFO - Filling up the DagBag from /home/airflow/.local/lib/python3.6/site-packages/airflow/example_dags/example_latest_only_with_trigger.py
[2021-08-18 09:11:30,938] {scheduler_job.py:643} INFO - DAG(s) dict_keys(['latest_only_with_trigger']) retrieved from /home/airflow/.local/lib/python3.6/site-packages/airflow/example_dags/example_latest_only_with_trigger.py
[2021-08-18 09:11:30,966] {logging_mixin.py:104} INFO - [2021-08-18 09:11:30,966] {dag.py:1832} INFO - Sync 1 DAGs
[2021-08-18 09:11:30,985] {logging_mixin.py:104} INFO - [2021-08-18 09:11:30,985] {dag.py:2305} INFO - Setting next_dagrun for latest_only_with_trigger to 2021-08-16 00:00:00+00:00
[2021-08-18 09:11:30,997] {scheduler_job.py:190} INFO - Processing /home/airflow/.local/lib/python3.6/site-packages/airflow/example_dags/example_latest_only_with_trigger.py took 0.085 seconds
[2021-08-18 09:12:01,586] {scheduler_job.py:182} INFO - Started process (PID=1371) to work on /home/airflow/.local/lib/python3.6/site-packages/airflow/example_dags/example_latest_only_with_trigger.py
[2021-08-18 09:12:01,588] {scheduler_job.py:633} INFO - Processing file /home/airflow/.local/lib/python3.6/site-packages/airflow/example_dags/example_latest_only_with_trigger.py for tasks to queue
[2021-08-18 09:12:01,589] {logging_mixin.py:104} INFO - [2021-08-18 09:12:01,589] {dagbag.py:487} INFO - Filling up the DagBag from /home/airflow/.local/lib/python3.6/site-packages/airflow/example_dags/example_latest_only_with_trigger.py
[2021-08-18 09:12:01,605] {scheduler_job.py:643} INFO - DAG(s) dict_keys(['latest_only_with_trigger']) retrieved from /home/airflow/.local/lib/python3.6/site-packages/airflow/example_dags/example_latest_only_with_trigger.py
[2021-08-18 09:12:01,629] {logging_mixin.py:104} INFO - [2021-08-18 09:12:01,629] {dag.py:1832} INFO - Sync 1 DAGs
[2021-08-18 09:12:01,649] {logging_mixin.py:104} INFO - [2021-08-18 09:12:01,649] {dag.py:2305} INFO - Setting next_dagrun for latest_only_with_trigger to 2021-08-16 00:00:00+00:00
[2021-08-18 09:12:01,660] {scheduler_job.py:190} INFO - Processing /home/airflow/.local/lib/python3.6/site-packages/airflow/example_dags/example_latest_only_with_trigger.py took 0.079 seconds
[2021-08-18 09:12:32,230] {scheduler_job.py:182} INFO - Started process (PID=1433) to work on /home/airflow/.local/lib/python3.6/site-packages/airflow/example_dags/example_latest_only_with_trigger.py
[2021-08-18 09:12:32,231] {scheduler_job.py:633} INFO - Processing file /home/airflow/.local/lib/python3.6/site-packages/airflow/example_dags/example_latest_only_with_trigger.py for tasks to queue
[2021-08-18 09:12:32,233] {logging_mixin.py:104} INFO - [2021-08-18 09:12:32,232] {dagbag.py:487} INFO - Filling up the DagBag from /home/airflow/.local/lib/python3.6/site-packages/airflow/example_dags/example_latest_only_with_trigger.py
[2021-08-18 09:12:32,247] {scheduler_job.py:643} INFO - DAG(s) dict_keys(['latest_only_with_trigger']) retrieved from /home/airflow/.local/lib/python3.6/site-packages/airflow/example_dags/example_latest_only_with_trigger.py
[2021-08-18 09:12:32,270] {logging_mixin.py:104} INFO - [2021-08-18 09:12:32,270] {dag.py:1832} INFO - Sync 1 DAGs
[2021-08-18 09:12:32,287] {logging_mixin.py:104} INFO - [2021-08-18 09:12:32,287] {dag.py:2305} INFO - Setting next_dagrun for latest_only_with_trigger to 2021-08-16 00:00:00+00:00
[2021-08-18 09:12:32,296] {scheduler_job.py:190} INFO - Processing /home/airflow/.local/lib/python3.6/site-packages/airflow/example_dags/example_latest_only_with_trigger.py took 0.071 seconds
[2021-08-18 09:13:02,932] {scheduler_job.py:182} INFO - Started process (PID=1510) to work on /home/airflow/.local/lib/python3.6/site-packages/airflow/example_dags/example_latest_only_with_trigger.py
[2021-08-18 09:13:02,934] {scheduler_job.py:633} INFO - Processing file /home/airflow/.local/lib/python3.6/site-packages/airflow/example_dags/example_latest_only_with_trigger.py for tasks to queue
[2021-08-18 09:13:02,935] {logging_mixin.py:104} INFO - [2021-08-18 09:13:02,935] {dagbag.py:487} INFO - Filling up the DagBag from /home/airflow/.local/lib/python3.6/site-packages/airflow/example_dags/example_latest_only_with_trigger.py
[2021-08-18 09:13:02,951] {scheduler_job.py:643} INFO - DAG(s) dict_keys(['latest_only_with_trigger']) retrieved from /home/airflow/.local/lib/python3.6/site-packages/airflow/example_dags/example_latest_only_with_trigger.py
[2021-08-18 09:13:02,975] {logging_mixin.py:104} INFO - [2021-08-18 09:13:02,975] {dag.py:1832} INFO - Sync 1 DAGs
[2021-08-18 09:13:02,993] {logging_mixin.py:104} INFO - [2021-08-18 09:13:02,993] {dag.py:2305} INFO - Setting next_dagrun for latest_only_with_trigger to 2021-08-16 00:00:00+00:00
[2021-08-18 09:13:03,002] {scheduler_job.py:190} INFO - Processing /home/airflow/.local/lib/python3.6/site-packages/airflow/example_dags/example_latest_only_with_trigger.py took 0.075 seconds
[2021-08-18 09:13:33,622] {scheduler_job.py:182} INFO - Started process (PID=1580) to work on /home/airflow/.local/lib/python3.6/site-packages/airflow/example_dags/example_latest_only_with_trigger.py
[2021-08-18 09:13:33,635] {scheduler_job.py:633} INFO - Processing file /home/airflow/.local/lib/python3.6/site-packages/airflow/example_dags/example_latest_only_with_trigger.py for tasks to queue
[2021-08-18 09:13:33,636] {logging_mixin.py:104} INFO - [2021-08-18 09:13:33,636] {dagbag.py:487} INFO - Filling up the DagBag from /home/airflow/.local/lib/python3.6/site-packages/airflow/example_dags/example_latest_only_with_trigger.py
[2021-08-18 09:13:33,660] {scheduler_job.py:643} INFO - DAG(s) dict_keys(['latest_only_with_trigger']) retrieved from /home/airflow/.local/lib/python3.6/site-packages/airflow/example_dags/example_latest_only_with_trigger.py
[2021-08-18 09:13:33,694] {logging_mixin.py:104} INFO - [2021-08-18 09:13:33,694] {dag.py:1832} INFO - Sync 1 DAGs
[2021-08-18 09:13:33,710] {logging_mixin.py:104} INFO - [2021-08-18 09:13:33,710] {dag.py:2305} INFO - Setting next_dagrun for latest_only_with_trigger to 2021-08-16 00:00:00+00:00
[2021-08-18 09:13:33,721] {scheduler_job.py:190} INFO - Processing /home/airflow/.local/lib/python3.6/site-packages/airflow/example_dags/example_latest_only_with_trigger.py took 0.102 seconds
[2021-08-18 09:14:03,992] {scheduler_job.py:182} INFO - Started process (PID=1635) to work on /home/airflow/.local/lib/python3.6/site-packages/airflow/example_dags/example_latest_only_with_trigger.py
[2021-08-18 09:14:03,994] {scheduler_job.py:633} INFO - Processing file /home/airflow/.local/lib/python3.6/site-packages/airflow/example_dags/example_latest_only_with_trigger.py for tasks to queue
[2021-08-18 09:14:03,996] {logging_mixin.py:104} INFO - [2021-08-18 09:14:03,996] {dagbag.py:487} INFO - Filling up the DagBag from /home/airflow/.local/lib/python3.6/site-packages/airflow/example_dags/example_latest_only_with_trigger.py
[2021-08-18 09:14:04,011] {scheduler_job.py:643} INFO - DAG(s) dict_keys(['latest_only_with_trigger']) retrieved from /home/airflow/.local/lib/python3.6/site-packages/airflow/example_dags/example_latest_only_with_trigger.py
[2021-08-18 09:14:04,036] {logging_mixin.py:104} INFO - [2021-08-18 09:14:04,036] {dag.py:1832} INFO - Sync 1 DAGs
[2021-08-18 09:14:04,056] {logging_mixin.py:104} INFO - [2021-08-18 09:14:04,056] {dag.py:2305} INFO - Setting next_dagrun for latest_only_with_trigger to 2021-08-16 00:00:00+00:00
[2021-08-18 09:14:04,069] {scheduler_job.py:190} INFO - Processing /home/airflow/.local/lib/python3.6/site-packages/airflow/example_dags/example_latest_only_with_trigger.py took 0.081 seconds
[2021-08-18 09:14:34,128] {scheduler_job.py:182} INFO - Started process (PID=1711) to work on /home/airflow/.local/lib/python3.6/site-packages/airflow/example_dags/example_latest_only_with_trigger.py
[2021-08-18 09:14:34,130] {scheduler_job.py:633} INFO - Processing file /home/airflow/.local/lib/python3.6/site-packages/airflow/example_dags/example_latest_only_with_trigger.py for tasks to queue
[2021-08-18 09:14:34,132] {logging_mixin.py:104} INFO - [2021-08-18 09:14:34,132] {dagbag.py:487} INFO - Filling up the DagBag from /home/airflow/.local/lib/python3.6/site-packages/airflow/example_dags/example_latest_only_with_trigger.py
[2021-08-18 09:14:34,146] {scheduler_job.py:643} INFO - DAG(s) dict_keys(['latest_only_with_trigger']) retrieved from /home/airflow/.local/lib/python3.6/site-packages/airflow/example_dags/example_latest_only_with_trigger.py
[2021-08-18 09:14:34,169] {logging_mixin.py:104} INFO - [2021-08-18 09:14:34,169] {dag.py:1832} INFO - Sync 1 DAGs
[2021-08-18 09:14:34,186] {logging_mixin.py:104} INFO - [2021-08-18 09:14:34,186] {dag.py:2305} INFO - Setting next_dagrun for latest_only_with_trigger to 2021-08-16 00:00:00+00:00
[2021-08-18 09:14:34,196] {scheduler_job.py:190} INFO - Processing /home/airflow/.local/lib/python3.6/site-packages/airflow/example_dags/example_latest_only_with_trigger.py took 0.073 seconds
[2021-08-18 09:15:04,233] {scheduler_job.py:182} INFO - Started process (PID=1773) to work on /home/airflow/.local/lib/python3.6/site-packages/airflow/example_dags/example_latest_only_with_trigger.py
[2021-08-18 09:15:04,235] {scheduler_job.py:633} INFO - Processing file /home/airflow/.local/lib/python3.6/site-packages/airflow/example_dags/example_latest_only_with_trigger.py for tasks to queue
[2021-08-18 09:15:04,236] {logging_mixin.py:104} INFO - [2021-08-18 09:15:04,236] {dagbag.py:487} INFO - Filling up the DagBag from /home/airflow/.local/lib/python3.6/site-packages/airflow/example_dags/example_latest_only_with_trigger.py
[2021-08-18 09:15:04,252] {scheduler_job.py:643} INFO - DAG(s) dict_keys(['latest_only_with_trigger']) retrieved from /home/airflow/.local/lib/python3.6/site-packages/airflow/example_dags/example_latest_only_with_trigger.py
[2021-08-18 09:15:04,276] {logging_mixin.py:104} INFO - [2021-08-18 09:15:04,276] {dag.py:1832} INFO - Sync 1 DAGs
[2021-08-18 09:15:04,293] {logging_mixin.py:104} INFO - [2021-08-18 09:15:04,293] {dag.py:2305} INFO - Setting next_dagrun for latest_only_with_trigger to 2021-08-16 00:00:00+00:00
[2021-08-18 09:15:04,303] {scheduler_job.py:190} INFO - Processing /home/airflow/.local/lib/python3.6/site-packages/airflow/example_dags/example_latest_only_with_trigger.py took 0.074 seconds
[2021-08-18 09:15:34,423] {scheduler_job.py:182} INFO - Started process (PID=1850) to work on /home/airflow/.local/lib/python3.6/site-packages/airflow/example_dags/example_latest_only_with_trigger.py
[2021-08-18 09:15:34,425] {scheduler_job.py:633} INFO - Processing file /home/airflow/.local/lib/python3.6/site-packages/airflow/example_dags/example_latest_only_with_trigger.py for tasks to queue
[2021-08-18 09:15:34,427] {logging_mixin.py:104} INFO - [2021-08-18 09:15:34,427] {dagbag.py:487} INFO - Filling up the DagBag from /home/airflow/.local/lib/python3.6/site-packages/airflow/example_dags/example_latest_only_with_trigger.py
[2021-08-18 09:15:34,442] {scheduler_job.py:643} INFO - DAG(s) dict_keys(['latest_only_with_trigger']) retrieved from /home/airflow/.local/lib/python3.6/site-packages/airflow/example_dags/example_latest_only_with_trigger.py
[2021-08-18 09:15:34,466] {logging_mixin.py:104} INFO - [2021-08-18 09:15:34,466] {dag.py:1832} INFO - Sync 1 DAGs
[2021-08-18 09:15:34,484] {logging_mixin.py:104} INFO - [2021-08-18 09:15:34,484] {dag.py:2305} INFO - Setting next_dagrun for latest_only_with_trigger to 2021-08-16 00:00:00+00:00
[2021-08-18 09:15:34,494] {scheduler_job.py:190} INFO - Processing /home/airflow/.local/lib/python3.6/site-packages/airflow/example_dags/example_latest_only_with_trigger.py took 0.075 seconds
[2021-08-18 09:16:05,010] {scheduler_job.py:182} INFO - Started process (PID=1918) to work on /home/airflow/.local/lib/python3.6/site-packages/airflow/example_dags/example_latest_only_with_trigger.py
[2021-08-18 09:16:05,013] {scheduler_job.py:633} INFO - Processing file /home/airflow/.local/lib/python3.6/site-packages/airflow/example_dags/example_latest_only_with_trigger.py for tasks to queue
[2021-08-18 09:16:05,016] {logging_mixin.py:104} INFO - [2021-08-18 09:16:05,015] {dagbag.py:487} INFO - Filling up the DagBag from /home/airflow/.local/lib/python3.6/site-packages/airflow/example_dags/example_latest_only_with_trigger.py
[2021-08-18 09:16:05,038] {scheduler_job.py:643} INFO - DAG(s) dict_keys(['latest_only_with_trigger']) retrieved from /home/airflow/.local/lib/python3.6/site-packages/airflow/example_dags/example_latest_only_with_trigger.py
[2021-08-18 09:16:05,070] {logging_mixin.py:104} INFO - [2021-08-18 09:16:05,070] {dag.py:1832} INFO - Sync 1 DAGs
[2021-08-18 09:16:05,095] {logging_mixin.py:104} INFO - [2021-08-18 09:16:05,094] {dag.py:2305} INFO - Setting next_dagrun for latest_only_with_trigger to 2021-08-16 00:00:00+00:00
[2021-08-18 09:16:05,107] {scheduler_job.py:190} INFO - Processing /home/airflow/.local/lib/python3.6/site-packages/airflow/example_dags/example_latest_only_with_trigger.py took 0.106 seconds
[2021-08-18 09:16:35,725] {scheduler_job.py:182} INFO - Started process (PID=1988) to work on /home/airflow/.local/lib/python3.6/site-packages/airflow/example_dags/example_latest_only_with_trigger.py
[2021-08-18 09:16:35,727] {scheduler_job.py:633} INFO - Processing file /home/airflow/.local/lib/python3.6/site-packages/airflow/example_dags/example_latest_only_with_trigger.py for tasks to queue
[2021-08-18 09:16:35,729] {logging_mixin.py:104} INFO - [2021-08-18 09:16:35,728] {dagbag.py:487} INFO - Filling up the DagBag from /home/airflow/.local/lib/python3.6/site-packages/airflow/example_dags/example_latest_only_with_trigger.py
[2021-08-18 09:16:35,744] {scheduler_job.py:643} INFO - DAG(s) dict_keys(['latest_only_with_trigger']) retrieved from /home/airflow/.local/lib/python3.6/site-packages/airflow/example_dags/example_latest_only_with_trigger.py
[2021-08-18 09:16:35,769] {logging_mixin.py:104} INFO - [2021-08-18 09:16:35,769] {dag.py:1832} INFO - Sync 1 DAGs
[2021-08-18 09:16:35,787] {logging_mixin.py:104} INFO - [2021-08-18 09:16:35,787] {dag.py:2305} INFO - Setting next_dagrun for latest_only_with_trigger to 2021-08-16 00:00:00+00:00
[2021-08-18 09:16:35,798] {scheduler_job.py:190} INFO - Processing /home/airflow/.local/lib/python3.6/site-packages/airflow/example_dags/example_latest_only_with_trigger.py took 0.077 seconds
[2021-08-18 09:17:06,456] {scheduler_job.py:182} INFO - Started process (PID=2066) to work on /home/airflow/.local/lib/python3.6/site-packages/airflow/example_dags/example_latest_only_with_trigger.py
[2021-08-18 09:17:06,458] {scheduler_job.py:633} INFO - Processing file /home/airflow/.local/lib/python3.6/site-packages/airflow/example_dags/example_latest_only_with_trigger.py for tasks to queue
[2021-08-18 09:17:06,460] {logging_mixin.py:104} INFO - [2021-08-18 09:17:06,459] {dagbag.py:487} INFO - Filling up the DagBag from /home/airflow/.local/lib/python3.6/site-packages/airflow/example_dags/example_latest_only_with_trigger.py
[2021-08-18 09:17:06,476] {scheduler_job.py:643} INFO - DAG(s) dict_keys(['latest_only_with_trigger']) retrieved from /home/airflow/.local/lib/python3.6/site-packages/airflow/example_dags/example_latest_only_with_trigger.py
[2021-08-18 09:17:06,509] {logging_mixin.py:104} INFO - [2021-08-18 09:17:06,508] {dag.py:1832} INFO - Sync 1 DAGs
[2021-08-18 09:17:06,533] {logging_mixin.py:104} INFO - [2021-08-18 09:17:06,533] {dag.py:2305} INFO - Setting next_dagrun for latest_only_with_trigger to 2021-08-16 00:00:00+00:00
[2021-08-18 09:17:06,546] {scheduler_job.py:190} INFO - Processing /home/airflow/.local/lib/python3.6/site-packages/airflow/example_dags/example_latest_only_with_trigger.py took 0.096 seconds
[2021-08-18 09:17:35,095] {scheduler_job.py:182} INFO - Started process (PID=38) to work on /home/airflow/.local/lib/python3.6/site-packages/airflow/example_dags/example_latest_only_with_trigger.py
[2021-08-18 09:17:35,096] {scheduler_job.py:633} INFO - Processing file /home/airflow/.local/lib/python3.6/site-packages/airflow/example_dags/example_latest_only_with_trigger.py for tasks to queue
[2021-08-18 09:17:35,098] {logging_mixin.py:104} INFO - [2021-08-18 09:17:35,098] {dagbag.py:487} INFO - Filling up the DagBag from /home/airflow/.local/lib/python3.6/site-packages/airflow/example_dags/example_latest_only_with_trigger.py
[2021-08-18 09:17:35,111] {scheduler_job.py:643} INFO - DAG(s) dict_keys(['latest_only_with_trigger']) retrieved from /home/airflow/.local/lib/python3.6/site-packages/airflow/example_dags/example_latest_only_with_trigger.py
[2021-08-18 09:17:35,133] {logging_mixin.py:104} INFO - [2021-08-18 09:17:35,133] {dag.py:1832} INFO - Sync 1 DAGs
[2021-08-18 09:17:35,148] {logging_mixin.py:104} INFO - [2021-08-18 09:17:35,148] {dag.py:2305} INFO - Setting next_dagrun for latest_only_with_trigger to 2021-08-16 00:00:00+00:00
[2021-08-18 09:17:35,158] {scheduler_job.py:190} INFO - Processing /home/airflow/.local/lib/python3.6/site-packages/airflow/example_dags/example_latest_only_with_trigger.py took 0.068 seconds
[2021-08-18 09:18:06,050] {scheduler_job.py:182} INFO - Started process (PID=115) to work on /home/airflow/.local/lib/python3.6/site-packages/airflow/example_dags/example_latest_only_with_trigger.py
[2021-08-18 09:18:06,052] {scheduler_job.py:633} INFO - Processing file /home/airflow/.local/lib/python3.6/site-packages/airflow/example_dags/example_latest_only_with_trigger.py for tasks to queue
[2021-08-18 09:18:06,053] {logging_mixin.py:104} INFO - [2021-08-18 09:18:06,053] {dagbag.py:487} INFO - Filling up the DagBag from /home/airflow/.local/lib/python3.6/site-packages/airflow/example_dags/example_latest_only_with_trigger.py
[2021-08-18 09:18:06,066] {scheduler_job.py:643} INFO - DAG(s) dict_keys(['latest_only_with_trigger']) retrieved from /home/airflow/.local/lib/python3.6/site-packages/airflow/example_dags/example_latest_only_with_trigger.py
[2021-08-18 09:18:06,090] {logging_mixin.py:104} INFO - [2021-08-18 09:18:06,090] {dag.py:1832} INFO - Sync 1 DAGs
[2021-08-18 09:18:06,108] {logging_mixin.py:104} INFO - [2021-08-18 09:18:06,108] {dag.py:2305} INFO - Setting next_dagrun for latest_only_with_trigger to 2021-08-16 00:00:00+00:00
[2021-08-18 09:18:06,118] {scheduler_job.py:190} INFO - Processing /home/airflow/.local/lib/python3.6/site-packages/airflow/example_dags/example_latest_only_with_trigger.py took 0.071 seconds
[2021-08-18 09:18:37,225] {scheduler_job.py:182} INFO - Started process (PID=178) to work on /home/airflow/.local/lib/python3.6/site-packages/airflow/example_dags/example_latest_only_with_trigger.py
[2021-08-18 09:18:37,227] {scheduler_job.py:633} INFO - Processing file /home/airflow/.local/lib/python3.6/site-packages/airflow/example_dags/example_latest_only_with_trigger.py for tasks to queue
[2021-08-18 09:18:37,229] {logging_mixin.py:104} INFO - [2021-08-18 09:18:37,228] {dagbag.py:487} INFO - Filling up the DagBag from /home/airflow/.local/lib/python3.6/site-packages/airflow/example_dags/example_latest_only_with_trigger.py
[2021-08-18 09:18:37,245] {scheduler_job.py:643} INFO - DAG(s) dict_keys(['latest_only_with_trigger']) retrieved from /home/airflow/.local/lib/python3.6/site-packages/airflow/example_dags/example_latest_only_with_trigger.py
[2021-08-18 09:18:37,270] {logging_mixin.py:104} INFO - [2021-08-18 09:18:37,270] {dag.py:1832} INFO - Sync 1 DAGs
[2021-08-18 09:18:37,294] {logging_mixin.py:104} INFO - [2021-08-18 09:18:37,294] {dag.py:2305} INFO - Setting next_dagrun for latest_only_with_trigger to 2021-08-16 00:00:00+00:00
[2021-08-18 09:18:37,307] {scheduler_job.py:190} INFO - Processing /home/airflow/.local/lib/python3.6/site-packages/airflow/example_dags/example_latest_only_with_trigger.py took 0.086 seconds
[2021-08-18 09:19:07,479] {scheduler_job.py:182} INFO - Started process (PID=256) to work on /home/airflow/.local/lib/python3.6/site-packages/airflow/example_dags/example_latest_only_with_trigger.py
[2021-08-18 09:19:07,481] {scheduler_job.py:633} INFO - Processing file /home/airflow/.local/lib/python3.6/site-packages/airflow/example_dags/example_latest_only_with_trigger.py for tasks to queue
[2021-08-18 09:19:07,482] {logging_mixin.py:104} INFO - [2021-08-18 09:19:07,482] {dagbag.py:487} INFO - Filling up the DagBag from /home/airflow/.local/lib/python3.6/site-packages/airflow/example_dags/example_latest_only_with_trigger.py
[2021-08-18 09:19:07,501] {scheduler_job.py:643} INFO - DAG(s) dict_keys(['latest_only_with_trigger']) retrieved from /home/airflow/.local/lib/python3.6/site-packages/airflow/example_dags/example_latest_only_with_trigger.py
[2021-08-18 09:19:07,532] {logging_mixin.py:104} INFO - [2021-08-18 09:19:07,532] {dag.py:1832} INFO - Sync 1 DAGs
[2021-08-18 09:19:07,553] {logging_mixin.py:104} INFO - [2021-08-18 09:19:07,553] {dag.py:2305} INFO - Setting next_dagrun for latest_only_with_trigger to 2021-08-16 00:00:00+00:00
[2021-08-18 09:19:07,566] {scheduler_job.py:190} INFO - Processing /home/airflow/.local/lib/python3.6/site-packages/airflow/example_dags/example_latest_only_with_trigger.py took 0.091 seconds
[2021-08-18 09:19:37,886] {scheduler_job.py:182} INFO - Started process (PID=326) to work on /home/airflow/.local/lib/python3.6/site-packages/airflow/example_dags/example_latest_only_with_trigger.py
[2021-08-18 09:19:37,888] {scheduler_job.py:633} INFO - Processing file /home/airflow/.local/lib/python3.6/site-packages/airflow/example_dags/example_latest_only_with_trigger.py for tasks to queue
[2021-08-18 09:19:37,890] {logging_mixin.py:104} INFO - [2021-08-18 09:19:37,890] {dagbag.py:487} INFO - Filling up the DagBag from /home/airflow/.local/lib/python3.6/site-packages/airflow/example_dags/example_latest_only_with_trigger.py
[2021-08-18 09:19:37,905] {scheduler_job.py:643} INFO - DAG(s) dict_keys(['latest_only_with_trigger']) retrieved from /home/airflow/.local/lib/python3.6/site-packages/airflow/example_dags/example_latest_only_with_trigger.py
[2021-08-18 09:19:37,933] {logging_mixin.py:104} INFO - [2021-08-18 09:19:37,933] {dag.py:1832} INFO - Sync 1 DAGs
[2021-08-18 09:19:37,955] {logging_mixin.py:104} INFO - [2021-08-18 09:19:37,955] {dag.py:2305} INFO - Setting next_dagrun for latest_only_with_trigger to 2021-08-16 00:00:00+00:00
[2021-08-18 09:19:37,967] {scheduler_job.py:190} INFO - Processing /home/airflow/.local/lib/python3.6/site-packages/airflow/example_dags/example_latest_only_with_trigger.py took 0.086 seconds
[2021-08-18 09:20:08,224] {scheduler_job.py:182} INFO - Started process (PID=396) to work on /home/airflow/.local/lib/python3.6/site-packages/airflow/example_dags/example_latest_only_with_trigger.py
[2021-08-18 09:20:08,226] {scheduler_job.py:633} INFO - Processing file /home/airflow/.local/lib/python3.6/site-packages/airflow/example_dags/example_latest_only_with_trigger.py for tasks to queue
[2021-08-18 09:20:08,228] {logging_mixin.py:104} INFO - [2021-08-18 09:20:08,228] {dagbag.py:487} INFO - Filling up the DagBag from /home/airflow/.local/lib/python3.6/site-packages/airflow/example_dags/example_latest_only_with_trigger.py
[2021-08-18 09:20:08,243] {scheduler_job.py:643} INFO - DAG(s) dict_keys(['latest_only_with_trigger']) retrieved from /home/airflow/.local/lib/python3.6/site-packages/airflow/example_dags/example_latest_only_with_trigger.py
[2021-08-18 09:20:08,269] {logging_mixin.py:104} INFO - [2021-08-18 09:20:08,268] {dag.py:1832} INFO - Sync 1 DAGs
[2021-08-18 09:20:08,285] {logging_mixin.py:104} INFO - [2021-08-18 09:20:08,285] {dag.py:2305} INFO - Setting next_dagrun for latest_only_with_trigger to 2021-08-16 00:00:00+00:00
[2021-08-18 09:20:08,296] {scheduler_job.py:190} INFO - Processing /home/airflow/.local/lib/python3.6/site-packages/airflow/example_dags/example_latest_only_with_trigger.py took 0.076 seconds
[2021-08-18 09:20:38,797] {scheduler_job.py:182} INFO - Started process (PID=473) to work on /home/airflow/.local/lib/python3.6/site-packages/airflow/example_dags/example_latest_only_with_trigger.py
[2021-08-18 09:20:38,799] {scheduler_job.py:633} INFO - Processing file /home/airflow/.local/lib/python3.6/site-packages/airflow/example_dags/example_latest_only_with_trigger.py for tasks to queue
[2021-08-18 09:20:38,800] {logging_mixin.py:104} INFO - [2021-08-18 09:20:38,800] {dagbag.py:487} INFO - Filling up the DagBag from /home/airflow/.local/lib/python3.6/site-packages/airflow/example_dags/example_latest_only_with_trigger.py
[2021-08-18 09:20:38,814] {scheduler_job.py:643} INFO - DAG(s) dict_keys(['latest_only_with_trigger']) retrieved from /home/airflow/.local/lib/python3.6/site-packages/airflow/example_dags/example_latest_only_with_trigger.py
[2021-08-18 09:20:38,839] {logging_mixin.py:104} INFO - [2021-08-18 09:20:38,839] {dag.py:1832} INFO - Sync 1 DAGs
[2021-08-18 09:20:38,857] {logging_mixin.py:104} INFO - [2021-08-18 09:20:38,857] {dag.py:2305} INFO - Setting next_dagrun for latest_only_with_trigger to 2021-08-16 00:00:00+00:00
[2021-08-18 09:20:38,866] {scheduler_job.py:190} INFO - Processing /home/airflow/.local/lib/python3.6/site-packages/airflow/example_dags/example_latest_only_with_trigger.py took 0.074 seconds
[2021-08-18 09:21:08,996] {scheduler_job.py:182} INFO - Started process (PID=534) to work on /home/airflow/.local/lib/python3.6/site-packages/airflow/example_dags/example_latest_only_with_trigger.py
[2021-08-18 09:21:08,998] {scheduler_job.py:633} INFO - Processing file /home/airflow/.local/lib/python3.6/site-packages/airflow/example_dags/example_latest_only_with_trigger.py for tasks to queue
[2021-08-18 09:21:09,000] {logging_mixin.py:104} INFO - [2021-08-18 09:21:09,000] {dagbag.py:487} INFO - Filling up the DagBag from /home/airflow/.local/lib/python3.6/site-packages/airflow/example_dags/example_latest_only_with_trigger.py
[2021-08-18 09:21:09,014] {scheduler_job.py:643} INFO - DAG(s) dict_keys(['latest_only_with_trigger']) retrieved from /home/airflow/.local/lib/python3.6/site-packages/airflow/example_dags/example_latest_only_with_trigger.py
[2021-08-18 09:21:09,038] {logging_mixin.py:104} INFO - [2021-08-18 09:21:09,038] {dag.py:1832} INFO - Sync 1 DAGs
[2021-08-18 09:21:09,056] {logging_mixin.py:104} INFO - [2021-08-18 09:21:09,056] {dag.py:2305} INFO - Setting next_dagrun for latest_only_with_trigger to 2021-08-16 00:00:00+00:00
[2021-08-18 09:21:09,067] {scheduler_job.py:190} INFO - Processing /home/airflow/.local/lib/python3.6/site-packages/airflow/example_dags/example_latest_only_with_trigger.py took 0.075 seconds
[2021-08-18 09:21:39,444] {scheduler_job.py:182} INFO - Started process (PID=613) to work on /home/airflow/.local/lib/python3.6/site-packages/airflow/example_dags/example_latest_only_with_trigger.py
[2021-08-18 09:21:39,447] {scheduler_job.py:633} INFO - Processing file /home/airflow/.local/lib/python3.6/site-packages/airflow/example_dags/example_latest_only_with_trigger.py for tasks to queue
[2021-08-18 09:21:39,448] {logging_mixin.py:104} INFO - [2021-08-18 09:21:39,448] {dagbag.py:487} INFO - Filling up the DagBag from /home/airflow/.local/lib/python3.6/site-packages/airflow/example_dags/example_latest_only_with_trigger.py
[2021-08-18 09:21:39,462] {scheduler_job.py:643} INFO - DAG(s) dict_keys(['latest_only_with_trigger']) retrieved from /home/airflow/.local/lib/python3.6/site-packages/airflow/example_dags/example_latest_only_with_trigger.py
[2021-08-18 09:21:39,485] {logging_mixin.py:104} INFO - [2021-08-18 09:21:39,485] {dag.py:1832} INFO - Sync 1 DAGs
[2021-08-18 09:21:39,502] {logging_mixin.py:104} INFO - [2021-08-18 09:21:39,502] {dag.py:2305} INFO - Setting next_dagrun for latest_only_with_trigger to 2021-08-16 00:00:00+00:00
[2021-08-18 09:21:39,513] {scheduler_job.py:190} INFO - Processing /home/airflow/.local/lib/python3.6/site-packages/airflow/example_dags/example_latest_only_with_trigger.py took 0.072 seconds
[2021-08-18 09:22:09,761] {scheduler_job.py:182} INFO - Started process (PID=676) to work on /home/airflow/.local/lib/python3.6/site-packages/airflow/example_dags/example_latest_only_with_trigger.py
[2021-08-18 09:22:09,763] {scheduler_job.py:633} INFO - Processing file /home/airflow/.local/lib/python3.6/site-packages/airflow/example_dags/example_latest_only_with_trigger.py for tasks to queue
[2021-08-18 09:22:09,764] {logging_mixin.py:104} INFO - [2021-08-18 09:22:09,764] {dagbag.py:487} INFO - Filling up the DagBag from /home/airflow/.local/lib/python3.6/site-packages/airflow/example_dags/example_latest_only_with_trigger.py
[2021-08-18 09:22:09,778] {scheduler_job.py:643} INFO - DAG(s) dict_keys(['latest_only_with_trigger']) retrieved from /home/airflow/.local/lib/python3.6/site-packages/airflow/example_dags/example_latest_only_with_trigger.py
[2021-08-18 09:22:09,802] {logging_mixin.py:104} INFO - [2021-08-18 09:22:09,802] {dag.py:1832} INFO - Sync 1 DAGs
[2021-08-18 09:22:09,820] {logging_mixin.py:104} INFO - [2021-08-18 09:22:09,820] {dag.py:2305} INFO - Setting next_dagrun for latest_only_with_trigger to 2021-08-16 00:00:00+00:00
[2021-08-18 09:22:09,831] {scheduler_job.py:190} INFO - Processing /home/airflow/.local/lib/python3.6/site-packages/airflow/example_dags/example_latest_only_with_trigger.py took 0.075 seconds
[2021-08-18 09:22:40,120] {scheduler_job.py:182} INFO - Started process (PID=753) to work on /home/airflow/.local/lib/python3.6/site-packages/airflow/example_dags/example_latest_only_with_trigger.py
[2021-08-18 09:22:40,122] {scheduler_job.py:633} INFO - Processing file /home/airflow/.local/lib/python3.6/site-packages/airflow/example_dags/example_latest_only_with_trigger.py for tasks to queue
[2021-08-18 09:22:40,123] {logging_mixin.py:104} INFO - [2021-08-18 09:22:40,123] {dagbag.py:487} INFO - Filling up the DagBag from /home/airflow/.local/lib/python3.6/site-packages/airflow/example_dags/example_latest_only_with_trigger.py
[2021-08-18 09:22:40,138] {scheduler_job.py:643} INFO - DAG(s) dict_keys(['latest_only_with_trigger']) retrieved from /home/airflow/.local/lib/python3.6/site-packages/airflow/example_dags/example_latest_only_with_trigger.py
[2021-08-18 09:22:40,163] {logging_mixin.py:104} INFO - [2021-08-18 09:22:40,163] {dag.py:1832} INFO - Sync 1 DAGs
[2021-08-18 09:22:40,181] {logging_mixin.py:104} INFO - [2021-08-18 09:22:40,181] {dag.py:2305} INFO - Setting next_dagrun for latest_only_with_trigger to 2021-08-16 00:00:00+00:00
[2021-08-18 09:22:40,192] {scheduler_job.py:190} INFO - Processing /home/airflow/.local/lib/python3.6/site-packages/airflow/example_dags/example_latest_only_with_trigger.py took 0.076 seconds
[2021-08-18 09:23:10,261] {scheduler_job.py:182} INFO - Started process (PID=830) to work on /home/airflow/.local/lib/python3.6/site-packages/airflow/example_dags/example_latest_only_with_trigger.py
[2021-08-18 09:23:10,263] {scheduler_job.py:633} INFO - Processing file /home/airflow/.local/lib/python3.6/site-packages/airflow/example_dags/example_latest_only_with_trigger.py for tasks to queue
[2021-08-18 09:23:10,265] {logging_mixin.py:104} INFO - [2021-08-18 09:23:10,265] {dagbag.py:487} INFO - Filling up the DagBag from /home/airflow/.local/lib/python3.6/site-packages/airflow/example_dags/example_latest_only_with_trigger.py
[2021-08-18 09:23:10,279] {scheduler_job.py:643} INFO - DAG(s) dict_keys(['latest_only_with_trigger']) retrieved from /home/airflow/.local/lib/python3.6/site-packages/airflow/example_dags/example_latest_only_with_trigger.py
[2021-08-18 09:23:10,301] {logging_mixin.py:104} INFO - [2021-08-18 09:23:10,301] {dag.py:1832} INFO - Sync 1 DAGs
[2021-08-18 09:23:10,317] {logging_mixin.py:104} INFO - [2021-08-18 09:23:10,317] {dag.py:2305} INFO - Setting next_dagrun for latest_only_with_trigger to 2021-08-16 00:00:00+00:00
[2021-08-18 09:23:10,328] {scheduler_job.py:190} INFO - Processing /home/airflow/.local/lib/python3.6/site-packages/airflow/example_dags/example_latest_only_with_trigger.py took 0.070 seconds
[2021-08-18 09:23:40,846] {scheduler_job.py:182} INFO - Started process (PID=904) to work on /home/airflow/.local/lib/python3.6/site-packages/airflow/example_dags/example_latest_only_with_trigger.py
[2021-08-18 09:23:40,848] {scheduler_job.py:633} INFO - Processing file /home/airflow/.local/lib/python3.6/site-packages/airflow/example_dags/example_latest_only_with_trigger.py for tasks to queue
[2021-08-18 09:23:40,850] {logging_mixin.py:104} INFO - [2021-08-18 09:23:40,850] {dagbag.py:487} INFO - Filling up the DagBag from /home/airflow/.local/lib/python3.6/site-packages/airflow/example_dags/example_latest_only_with_trigger.py
[2021-08-18 09:23:40,865] {scheduler_job.py:643} INFO - DAG(s) dict_keys(['latest_only_with_trigger']) retrieved from /home/airflow/.local/lib/python3.6/site-packages/airflow/example_dags/example_latest_only_with_trigger.py
[2021-08-18 09:23:40,889] {logging_mixin.py:104} INFO - [2021-08-18 09:23:40,889] {dag.py:1832} INFO - Sync 1 DAGs
[2021-08-18 09:23:40,908] {logging_mixin.py:104} INFO - [2021-08-18 09:23:40,908] {dag.py:2305} INFO - Setting next_dagrun for latest_only_with_trigger to 2021-08-16 00:00:00+00:00
[2021-08-18 09:23:40,919] {scheduler_job.py:190} INFO - Processing /home/airflow/.local/lib/python3.6/site-packages/airflow/example_dags/example_latest_only_with_trigger.py took 0.078 seconds
[2021-08-18 09:24:11,042] {scheduler_job.py:182} INFO - Started process (PID=982) to work on /home/airflow/.local/lib/python3.6/site-packages/airflow/example_dags/example_latest_only_with_trigger.py
[2021-08-18 09:24:11,044] {scheduler_job.py:633} INFO - Processing file /home/airflow/.local/lib/python3.6/site-packages/airflow/example_dags/example_latest_only_with_trigger.py for tasks to queue
[2021-08-18 09:24:11,045] {logging_mixin.py:104} INFO - [2021-08-18 09:24:11,045] {dagbag.py:487} INFO - Filling up the DagBag from /home/airflow/.local/lib/python3.6/site-packages/airflow/example_dags/example_latest_only_with_trigger.py
[2021-08-18 09:24:11,060] {scheduler_job.py:643} INFO - DAG(s) dict_keys(['latest_only_with_trigger']) retrieved from /home/airflow/.local/lib/python3.6/site-packages/airflow/example_dags/example_latest_only_with_trigger.py
[2021-08-18 09:24:11,084] {logging_mixin.py:104} INFO - [2021-08-18 09:24:11,084] {dag.py:1832} INFO - Sync 1 DAGs
[2021-08-18 09:24:11,103] {logging_mixin.py:104} INFO - [2021-08-18 09:24:11,103] {dag.py:2305} INFO - Setting next_dagrun for latest_only_with_trigger to 2021-08-16 00:00:00+00:00
[2021-08-18 09:24:11,115] {scheduler_job.py:190} INFO - Processing /home/airflow/.local/lib/python3.6/site-packages/airflow/example_dags/example_latest_only_with_trigger.py took 0.077 seconds
[2021-08-18 09:24:41,429] {scheduler_job.py:182} INFO - Started process (PID=1044) to work on /home/airflow/.local/lib/python3.6/site-packages/airflow/example_dags/example_latest_only_with_trigger.py
[2021-08-18 09:24:41,432] {scheduler_job.py:633} INFO - Processing file /home/airflow/.local/lib/python3.6/site-packages/airflow/example_dags/example_latest_only_with_trigger.py for tasks to queue
[2021-08-18 09:24:41,433] {logging_mixin.py:104} INFO - [2021-08-18 09:24:41,433] {dagbag.py:487} INFO - Filling up the DagBag from /home/airflow/.local/lib/python3.6/site-packages/airflow/example_dags/example_latest_only_with_trigger.py
[2021-08-18 09:24:41,483] {scheduler_job.py:643} INFO - DAG(s) dict_keys(['latest_only_with_trigger']) retrieved from /home/airflow/.local/lib/python3.6/site-packages/airflow/example_dags/example_latest_only_with_trigger.py
[2021-08-18 09:24:41,508] {logging_mixin.py:104} INFO - [2021-08-18 09:24:41,508] {dag.py:1832} INFO - Sync 1 DAGs
[2021-08-18 09:24:41,527] {logging_mixin.py:104} INFO - [2021-08-18 09:24:41,526] {dag.py:2305} INFO - Setting next_dagrun for latest_only_with_trigger to 2021-08-16 00:00:00+00:00
[2021-08-18 09:24:41,537] {scheduler_job.py:190} INFO - Processing /home/airflow/.local/lib/python3.6/site-packages/airflow/example_dags/example_latest_only_with_trigger.py took 0.112 seconds
[2021-08-18 09:25:11,647] {scheduler_job.py:182} INFO - Started process (PID=1121) to work on /home/airflow/.local/lib/python3.6/site-packages/airflow/example_dags/example_latest_only_with_trigger.py
[2021-08-18 09:25:11,649] {scheduler_job.py:633} INFO - Processing file /home/airflow/.local/lib/python3.6/site-packages/airflow/example_dags/example_latest_only_with_trigger.py for tasks to queue
[2021-08-18 09:25:11,651] {logging_mixin.py:104} INFO - [2021-08-18 09:25:11,650] {dagbag.py:487} INFO - Filling up the DagBag from /home/airflow/.local/lib/python3.6/site-packages/airflow/example_dags/example_latest_only_with_trigger.py
[2021-08-18 09:25:11,665] {scheduler_job.py:643} INFO - DAG(s) dict_keys(['latest_only_with_trigger']) retrieved from /home/airflow/.local/lib/python3.6/site-packages/airflow/example_dags/example_latest_only_with_trigger.py
[2021-08-18 09:25:11,692] {logging_mixin.py:104} INFO - [2021-08-18 09:25:11,691] {dag.py:1832} INFO - Sync 1 DAGs
[2021-08-18 09:25:11,710] {logging_mixin.py:104} INFO - [2021-08-18 09:25:11,710] {dag.py:2305} INFO - Setting next_dagrun for latest_only_with_trigger to 2021-08-16 00:00:00+00:00
[2021-08-18 09:25:11,723] {scheduler_job.py:190} INFO - Processing /home/airflow/.local/lib/python3.6/site-packages/airflow/example_dags/example_latest_only_with_trigger.py took 0.079 seconds
[2021-08-18 09:25:42,014] {scheduler_job.py:182} INFO - Started process (PID=1194) to work on /home/airflow/.local/lib/python3.6/site-packages/airflow/example_dags/example_latest_only_with_trigger.py
[2021-08-18 09:25:42,019] {scheduler_job.py:633} INFO - Processing file /home/airflow/.local/lib/python3.6/site-packages/airflow/example_dags/example_latest_only_with_trigger.py for tasks to queue
[2021-08-18 09:25:42,021] {logging_mixin.py:104} INFO - [2021-08-18 09:25:42,021] {dagbag.py:487} INFO - Filling up the DagBag from /home/airflow/.local/lib/python3.6/site-packages/airflow/example_dags/example_latest_only_with_trigger.py
[2021-08-18 09:25:42,039] {scheduler_job.py:643} INFO - DAG(s) dict_keys(['latest_only_with_trigger']) retrieved from /home/airflow/.local/lib/python3.6/site-packages/airflow/example_dags/example_latest_only_with_trigger.py
[2021-08-18 09:25:42,068] {logging_mixin.py:104} INFO - [2021-08-18 09:25:42,068] {dag.py:1832} INFO - Sync 1 DAGs
[2021-08-18 09:25:42,092] {logging_mixin.py:104} INFO - [2021-08-18 09:25:42,091] {dag.py:2305} INFO - Setting next_dagrun for latest_only_with_trigger to 2021-08-16 00:00:00+00:00
[2021-08-18 09:25:42,105] {scheduler_job.py:190} INFO - Processing /home/airflow/.local/lib/python3.6/site-packages/airflow/example_dags/example_latest_only_with_trigger.py took 0.095 seconds
[2021-08-18 09:26:12,367] {scheduler_job.py:182} INFO - Started process (PID=1260) to work on /home/airflow/.local/lib/python3.6/site-packages/airflow/example_dags/example_latest_only_with_trigger.py
[2021-08-18 09:26:12,369] {scheduler_job.py:633} INFO - Processing file /home/airflow/.local/lib/python3.6/site-packages/airflow/example_dags/example_latest_only_with_trigger.py for tasks to queue
[2021-08-18 09:26:12,370] {logging_mixin.py:104} INFO - [2021-08-18 09:26:12,370] {dagbag.py:487} INFO - Filling up the DagBag from /home/airflow/.local/lib/python3.6/site-packages/airflow/example_dags/example_latest_only_with_trigger.py
[2021-08-18 09:26:12,407] {scheduler_job.py:643} INFO - DAG(s) dict_keys(['latest_only_with_trigger']) retrieved from /home/airflow/.local/lib/python3.6/site-packages/airflow/example_dags/example_latest_only_with_trigger.py
[2021-08-18 09:26:12,440] {logging_mixin.py:104} INFO - [2021-08-18 09:26:12,440] {dag.py:1832} INFO - Sync 1 DAGs
[2021-08-18 09:26:12,460] {logging_mixin.py:104} INFO - [2021-08-18 09:26:12,460] {dag.py:2305} INFO - Setting next_dagrun for latest_only_with_trigger to 2021-08-16 00:00:00+00:00
[2021-08-18 09:26:12,473] {scheduler_job.py:190} INFO - Processing /home/airflow/.local/lib/python3.6/site-packages/airflow/example_dags/example_latest_only_with_trigger.py took 0.110 seconds
[2021-08-18 09:26:43,415] {scheduler_job.py:182} INFO - Started process (PID=1336) to work on /home/airflow/.local/lib/python3.6/site-packages/airflow/example_dags/example_latest_only_with_trigger.py
[2021-08-18 09:26:43,417] {scheduler_job.py:633} INFO - Processing file /home/airflow/.local/lib/python3.6/site-packages/airflow/example_dags/example_latest_only_with_trigger.py for tasks to queue
[2021-08-18 09:26:43,419] {logging_mixin.py:104} INFO - [2021-08-18 09:26:43,418] {dagbag.py:487} INFO - Filling up the DagBag from /home/airflow/.local/lib/python3.6/site-packages/airflow/example_dags/example_latest_only_with_trigger.py
[2021-08-18 09:26:43,434] {scheduler_job.py:643} INFO - DAG(s) dict_keys(['latest_only_with_trigger']) retrieved from /home/airflow/.local/lib/python3.6/site-packages/airflow/example_dags/example_latest_only_with_trigger.py
[2021-08-18 09:26:43,463] {logging_mixin.py:104} INFO - [2021-08-18 09:26:43,462] {dag.py:1832} INFO - Sync 1 DAGs
[2021-08-18 09:26:43,482] {logging_mixin.py:104} INFO - [2021-08-18 09:26:43,482] {dag.py:2305} INFO - Setting next_dagrun for latest_only_with_trigger to 2021-08-16 00:00:00+00:00
[2021-08-18 09:26:43,493] {scheduler_job.py:190} INFO - Processing /home/airflow/.local/lib/python3.6/site-packages/airflow/example_dags/example_latest_only_with_trigger.py took 0.083 seconds
[2021-08-18 09:27:14,356] {scheduler_job.py:182} INFO - Started process (PID=1397) to work on /home/airflow/.local/lib/python3.6/site-packages/airflow/example_dags/example_latest_only_with_trigger.py
[2021-08-18 09:27:14,357] {scheduler_job.py:633} INFO - Processing file /home/airflow/.local/lib/python3.6/site-packages/airflow/example_dags/example_latest_only_with_trigger.py for tasks to queue
[2021-08-18 09:27:14,359] {logging_mixin.py:104} INFO - [2021-08-18 09:27:14,359] {dagbag.py:487} INFO - Filling up the DagBag from /home/airflow/.local/lib/python3.6/site-packages/airflow/example_dags/example_latest_only_with_trigger.py
[2021-08-18 09:27:14,372] {scheduler_job.py:643} INFO - DAG(s) dict_keys(['latest_only_with_trigger']) retrieved from /home/airflow/.local/lib/python3.6/site-packages/airflow/example_dags/example_latest_only_with_trigger.py
[2021-08-18 09:27:14,394] {logging_mixin.py:104} INFO - [2021-08-18 09:27:14,394] {dag.py:1832} INFO - Sync 1 DAGs
[2021-08-18 09:27:14,410] {logging_mixin.py:104} INFO - [2021-08-18 09:27:14,410] {dag.py:2305} INFO - Setting next_dagrun for latest_only_with_trigger to 2021-08-16 00:00:00+00:00
[2021-08-18 09:27:14,420] {scheduler_job.py:190} INFO - Processing /home/airflow/.local/lib/python3.6/site-packages/airflow/example_dags/example_latest_only_with_trigger.py took 0.067 seconds
[2021-08-18 09:27:45,669] {scheduler_job.py:182} INFO - Started process (PID=1474) to work on /home/airflow/.local/lib/python3.6/site-packages/airflow/example_dags/example_latest_only_with_trigger.py
[2021-08-18 09:27:45,671] {scheduler_job.py:633} INFO - Processing file /home/airflow/.local/lib/python3.6/site-packages/airflow/example_dags/example_latest_only_with_trigger.py for tasks to queue
[2021-08-18 09:27:45,672] {logging_mixin.py:104} INFO - [2021-08-18 09:27:45,672] {dagbag.py:487} INFO - Filling up the DagBag from /home/airflow/.local/lib/python3.6/site-packages/airflow/example_dags/example_latest_only_with_trigger.py
[2021-08-18 09:27:45,684] {scheduler_job.py:643} INFO - DAG(s) dict_keys(['latest_only_with_trigger']) retrieved from /home/airflow/.local/lib/python3.6/site-packages/airflow/example_dags/example_latest_only_with_trigger.py
[2021-08-18 09:27:45,703] {logging_mixin.py:104} INFO - [2021-08-18 09:27:45,703] {dag.py:1832} INFO - Sync 1 DAGs
[2021-08-18 09:27:45,718] {logging_mixin.py:104} INFO - [2021-08-18 09:27:45,718] {dag.py:2305} INFO - Setting next_dagrun for latest_only_with_trigger to 2021-08-16 00:00:00+00:00
[2021-08-18 09:27:45,728] {scheduler_job.py:190} INFO - Processing /home/airflow/.local/lib/python3.6/site-packages/airflow/example_dags/example_latest_only_with_trigger.py took 0.062 seconds
[2021-08-18 09:28:16,729] {scheduler_job.py:182} INFO - Started process (PID=1553) to work on /home/airflow/.local/lib/python3.6/site-packages/airflow/example_dags/example_latest_only_with_trigger.py
[2021-08-18 09:28:16,731] {scheduler_job.py:633} INFO - Processing file /home/airflow/.local/lib/python3.6/site-packages/airflow/example_dags/example_latest_only_with_trigger.py for tasks to queue
[2021-08-18 09:28:16,732] {logging_mixin.py:104} INFO - [2021-08-18 09:28:16,732] {dagbag.py:487} INFO - Filling up the DagBag from /home/airflow/.local/lib/python3.6/site-packages/airflow/example_dags/example_latest_only_with_trigger.py
[2021-08-18 09:28:16,746] {scheduler_job.py:643} INFO - DAG(s) dict_keys(['latest_only_with_trigger']) retrieved from /home/airflow/.local/lib/python3.6/site-packages/airflow/example_dags/example_latest_only_with_trigger.py
[2021-08-18 09:28:16,780] {logging_mixin.py:104} INFO - [2021-08-18 09:28:16,780] {dag.py:1832} INFO - Sync 1 DAGs
[2021-08-18 09:28:16,799] {logging_mixin.py:104} INFO - [2021-08-18 09:28:16,799] {dag.py:2305} INFO - Setting next_dagrun for latest_only_with_trigger to 2021-08-16 00:00:00+00:00
[2021-08-18 09:28:16,810] {scheduler_job.py:190} INFO - Processing /home/airflow/.local/lib/python3.6/site-packages/airflow/example_dags/example_latest_only_with_trigger.py took 0.085 seconds
[2021-08-18 09:28:47,755] {scheduler_job.py:182} INFO - Started process (PID=1615) to work on /home/airflow/.local/lib/python3.6/site-packages/airflow/example_dags/example_latest_only_with_trigger.py
[2021-08-18 09:28:47,757] {scheduler_job.py:633} INFO - Processing file /home/airflow/.local/lib/python3.6/site-packages/airflow/example_dags/example_latest_only_with_trigger.py for tasks to queue
[2021-08-18 09:28:47,760] {logging_mixin.py:104} INFO - [2021-08-18 09:28:47,760] {dagbag.py:487} INFO - Filling up the DagBag from /home/airflow/.local/lib/python3.6/site-packages/airflow/example_dags/example_latest_only_with_trigger.py
[2021-08-18 09:28:47,776] {scheduler_job.py:643} INFO - DAG(s) dict_keys(['latest_only_with_trigger']) retrieved from /home/airflow/.local/lib/python3.6/site-packages/airflow/example_dags/example_latest_only_with_trigger.py
[2021-08-18 09:28:47,802] {logging_mixin.py:104} INFO - [2021-08-18 09:28:47,802] {dag.py:1832} INFO - Sync 1 DAGs
[2021-08-18 09:28:47,822] {logging_mixin.py:104} INFO - [2021-08-18 09:28:47,822] {dag.py:2305} INFO - Setting next_dagrun for latest_only_with_trigger to 2021-08-16 00:00:00+00:00
[2021-08-18 09:28:47,839] {scheduler_job.py:190} INFO - Processing /home/airflow/.local/lib/python3.6/site-packages/airflow/example_dags/example_latest_only_with_trigger.py took 0.088 seconds
[2021-08-18 09:29:18,929] {scheduler_job.py:182} INFO - Started process (PID=1693) to work on /home/airflow/.local/lib/python3.6/site-packages/airflow/example_dags/example_latest_only_with_trigger.py
[2021-08-18 09:29:18,930] {scheduler_job.py:633} INFO - Processing file /home/airflow/.local/lib/python3.6/site-packages/airflow/example_dags/example_latest_only_with_trigger.py for tasks to queue
[2021-08-18 09:29:18,931] {logging_mixin.py:104} INFO - [2021-08-18 09:29:18,931] {dagbag.py:487} INFO - Filling up the DagBag from /home/airflow/.local/lib/python3.6/site-packages/airflow/example_dags/example_latest_only_with_trigger.py
[2021-08-18 09:29:18,945] {scheduler_job.py:643} INFO - DAG(s) dict_keys(['latest_only_with_trigger']) retrieved from /home/airflow/.local/lib/python3.6/site-packages/airflow/example_dags/example_latest_only_with_trigger.py
[2021-08-18 09:29:18,968] {logging_mixin.py:104} INFO - [2021-08-18 09:29:18,967] {dag.py:1832} INFO - Sync 1 DAGs
[2021-08-18 09:29:18,985] {logging_mixin.py:104} INFO - [2021-08-18 09:29:18,985] {dag.py:2305} INFO - Setting next_dagrun for latest_only_with_trigger to 2021-08-16 00:00:00+00:00
[2021-08-18 09:29:18,997] {scheduler_job.py:190} INFO - Processing /home/airflow/.local/lib/python3.6/site-packages/airflow/example_dags/example_latest_only_with_trigger.py took 0.072 seconds
[2021-08-18 09:29:50,170] {scheduler_job.py:182} INFO - Started process (PID=1769) to work on /home/airflow/.local/lib/python3.6/site-packages/airflow/example_dags/example_latest_only_with_trigger.py
[2021-08-18 09:29:50,172] {scheduler_job.py:633} INFO - Processing file /home/airflow/.local/lib/python3.6/site-packages/airflow/example_dags/example_latest_only_with_trigger.py for tasks to queue
[2021-08-18 09:29:50,173] {logging_mixin.py:104} INFO - [2021-08-18 09:29:50,173] {dagbag.py:487} INFO - Filling up the DagBag from /home/airflow/.local/lib/python3.6/site-packages/airflow/example_dags/example_latest_only_with_trigger.py
[2021-08-18 09:29:50,186] {scheduler_job.py:643} INFO - DAG(s) dict_keys(['latest_only_with_trigger']) retrieved from /home/airflow/.local/lib/python3.6/site-packages/airflow/example_dags/example_latest_only_with_trigger.py
[2021-08-18 09:29:50,208] {logging_mixin.py:104} INFO - [2021-08-18 09:29:50,208] {dag.py:1832} INFO - Sync 1 DAGs
[2021-08-18 09:29:50,225] {logging_mixin.py:104} INFO - [2021-08-18 09:29:50,225] {dag.py:2305} INFO - Setting next_dagrun for latest_only_with_trigger to 2021-08-16 00:00:00+00:00
[2021-08-18 09:29:50,234] {scheduler_job.py:190} INFO - Processing /home/airflow/.local/lib/python3.6/site-packages/airflow/example_dags/example_latest_only_with_trigger.py took 0.069 seconds
[2021-08-18 09:30:21,343] {scheduler_job.py:182} INFO - Started process (PID=1840) to work on /home/airflow/.local/lib/python3.6/site-packages/airflow/example_dags/example_latest_only_with_trigger.py
[2021-08-18 09:30:21,345] {scheduler_job.py:633} INFO - Processing file /home/airflow/.local/lib/python3.6/site-packages/airflow/example_dags/example_latest_only_with_trigger.py for tasks to queue
[2021-08-18 09:30:21,346] {logging_mixin.py:104} INFO - [2021-08-18 09:30:21,346] {dagbag.py:487} INFO - Filling up the DagBag from /home/airflow/.local/lib/python3.6/site-packages/airflow/example_dags/example_latest_only_with_trigger.py
[2021-08-18 09:30:21,360] {scheduler_job.py:643} INFO - DAG(s) dict_keys(['latest_only_with_trigger']) retrieved from /home/airflow/.local/lib/python3.6/site-packages/airflow/example_dags/example_latest_only_with_trigger.py
[2021-08-18 09:30:21,386] {logging_mixin.py:104} INFO - [2021-08-18 09:30:21,386] {dag.py:1832} INFO - Sync 1 DAGs
[2021-08-18 09:30:21,405] {logging_mixin.py:104} INFO - [2021-08-18 09:30:21,405] {dag.py:2305} INFO - Setting next_dagrun for latest_only_with_trigger to 2021-08-16 00:00:00+00:00
[2021-08-18 09:30:21,415] {scheduler_job.py:190} INFO - Processing /home/airflow/.local/lib/python3.6/site-packages/airflow/example_dags/example_latest_only_with_trigger.py took 0.076 seconds
[2021-08-18 09:30:51,632] {scheduler_job.py:182} INFO - Started process (PID=1907) to work on /home/airflow/.local/lib/python3.6/site-packages/airflow/example_dags/example_latest_only_with_trigger.py
[2021-08-18 09:30:51,634] {scheduler_job.py:633} INFO - Processing file /home/airflow/.local/lib/python3.6/site-packages/airflow/example_dags/example_latest_only_with_trigger.py for tasks to queue
[2021-08-18 09:30:51,635] {logging_mixin.py:104} INFO - [2021-08-18 09:30:51,635] {dagbag.py:487} INFO - Filling up the DagBag from /home/airflow/.local/lib/python3.6/site-packages/airflow/example_dags/example_latest_only_with_trigger.py
[2021-08-18 09:30:51,648] {scheduler_job.py:643} INFO - DAG(s) dict_keys(['latest_only_with_trigger']) retrieved from /home/airflow/.local/lib/python3.6/site-packages/airflow/example_dags/example_latest_only_with_trigger.py
[2021-08-18 09:30:51,669] {logging_mixin.py:104} INFO - [2021-08-18 09:30:51,669] {dag.py:1832} INFO - Sync 1 DAGs
[2021-08-18 09:30:51,686] {logging_mixin.py:104} INFO - [2021-08-18 09:30:51,686] {dag.py:2305} INFO - Setting next_dagrun for latest_only_with_trigger to 2021-08-16 00:00:00+00:00
[2021-08-18 09:30:51,695] {scheduler_job.py:190} INFO - Processing /home/airflow/.local/lib/python3.6/site-packages/airflow/example_dags/example_latest_only_with_trigger.py took 0.067 seconds
[2021-08-18 09:31:22,554] {scheduler_job.py:182} INFO - Started process (PID=1984) to work on /home/airflow/.local/lib/python3.6/site-packages/airflow/example_dags/example_latest_only_with_trigger.py
[2021-08-18 09:31:22,556] {scheduler_job.py:633} INFO - Processing file /home/airflow/.local/lib/python3.6/site-packages/airflow/example_dags/example_latest_only_with_trigger.py for tasks to queue
[2021-08-18 09:31:22,558] {logging_mixin.py:104} INFO - [2021-08-18 09:31:22,558] {dagbag.py:487} INFO - Filling up the DagBag from /home/airflow/.local/lib/python3.6/site-packages/airflow/example_dags/example_latest_only_with_trigger.py
[2021-08-18 09:31:22,573] {scheduler_job.py:643} INFO - DAG(s) dict_keys(['latest_only_with_trigger']) retrieved from /home/airflow/.local/lib/python3.6/site-packages/airflow/example_dags/example_latest_only_with_trigger.py
[2021-08-18 09:31:22,599] {logging_mixin.py:104} INFO - [2021-08-18 09:31:22,599] {dag.py:1832} INFO - Sync 1 DAGs
[2021-08-18 09:31:22,617] {logging_mixin.py:104} INFO - [2021-08-18 09:31:22,616] {dag.py:2305} INFO - Setting next_dagrun for latest_only_with_trigger to 2021-08-16 00:00:00+00:00
[2021-08-18 09:31:22,626] {scheduler_job.py:190} INFO - Processing /home/airflow/.local/lib/python3.6/site-packages/airflow/example_dags/example_latest_only_with_trigger.py took 0.077 seconds
[2021-08-18 09:31:53,548] {scheduler_job.py:182} INFO - Started process (PID=2047) to work on /home/airflow/.local/lib/python3.6/site-packages/airflow/example_dags/example_latest_only_with_trigger.py
[2021-08-18 09:31:53,550] {scheduler_job.py:633} INFO - Processing file /home/airflow/.local/lib/python3.6/site-packages/airflow/example_dags/example_latest_only_with_trigger.py for tasks to queue
[2021-08-18 09:31:53,551] {logging_mixin.py:104} INFO - [2021-08-18 09:31:53,551] {dagbag.py:487} INFO - Filling up the DagBag from /home/airflow/.local/lib/python3.6/site-packages/airflow/example_dags/example_latest_only_with_trigger.py
[2021-08-18 09:31:53,565] {scheduler_job.py:643} INFO - DAG(s) dict_keys(['latest_only_with_trigger']) retrieved from /home/airflow/.local/lib/python3.6/site-packages/airflow/example_dags/example_latest_only_with_trigger.py
[2021-08-18 09:31:53,592] {logging_mixin.py:104} INFO - [2021-08-18 09:31:53,592] {dag.py:1832} INFO - Sync 1 DAGs
[2021-08-18 09:31:53,612] {logging_mixin.py:104} INFO - [2021-08-18 09:31:53,612] {dag.py:2305} INFO - Setting next_dagrun for latest_only_with_trigger to 2021-08-16 00:00:00+00:00
[2021-08-18 09:31:53,625] {scheduler_job.py:190} INFO - Processing /home/airflow/.local/lib/python3.6/site-packages/airflow/example_dags/example_latest_only_with_trigger.py took 0.081 seconds
[2021-08-18 09:32:24,087] {scheduler_job.py:182} INFO - Started process (PID=2126) to work on /home/airflow/.local/lib/python3.6/site-packages/airflow/example_dags/example_latest_only_with_trigger.py
[2021-08-18 09:32:24,089] {scheduler_job.py:633} INFO - Processing file /home/airflow/.local/lib/python3.6/site-packages/airflow/example_dags/example_latest_only_with_trigger.py for tasks to queue
[2021-08-18 09:32:24,090] {logging_mixin.py:104} INFO - [2021-08-18 09:32:24,090] {dagbag.py:487} INFO - Filling up the DagBag from /home/airflow/.local/lib/python3.6/site-packages/airflow/example_dags/example_latest_only_with_trigger.py
[2021-08-18 09:32:24,102] {scheduler_job.py:643} INFO - DAG(s) dict_keys(['latest_only_with_trigger']) retrieved from /home/airflow/.local/lib/python3.6/site-packages/airflow/example_dags/example_latest_only_with_trigger.py
[2021-08-18 09:32:24,120] {logging_mixin.py:104} INFO - [2021-08-18 09:32:24,120] {dag.py:1832} INFO - Sync 1 DAGs
[2021-08-18 09:32:24,133] {logging_mixin.py:104} INFO - [2021-08-18 09:32:24,133] {dag.py:2305} INFO - Setting next_dagrun for latest_only_with_trigger to 2021-08-16 00:00:00+00:00
[2021-08-18 09:32:24,141] {scheduler_job.py:190} INFO - Processing /home/airflow/.local/lib/python3.6/site-packages/airflow/example_dags/example_latest_only_with_trigger.py took 0.058 seconds
[2021-08-18 09:32:55,120] {scheduler_job.py:182} INFO - Started process (PID=2202) to work on /home/airflow/.local/lib/python3.6/site-packages/airflow/example_dags/example_latest_only_with_trigger.py
[2021-08-18 09:32:55,121] {scheduler_job.py:633} INFO - Processing file /home/airflow/.local/lib/python3.6/site-packages/airflow/example_dags/example_latest_only_with_trigger.py for tasks to queue
[2021-08-18 09:32:55,123] {logging_mixin.py:104} INFO - [2021-08-18 09:32:55,122] {dagbag.py:487} INFO - Filling up the DagBag from /home/airflow/.local/lib/python3.6/site-packages/airflow/example_dags/example_latest_only_with_trigger.py
[2021-08-18 09:32:55,136] {scheduler_job.py:643} INFO - DAG(s) dict_keys(['latest_only_with_trigger']) retrieved from /home/airflow/.local/lib/python3.6/site-packages/airflow/example_dags/example_latest_only_with_trigger.py
[2021-08-18 09:32:55,162] {logging_mixin.py:104} INFO - [2021-08-18 09:32:55,161] {dag.py:1832} INFO - Sync 1 DAGs
[2021-08-18 09:32:55,179] {logging_mixin.py:104} INFO - [2021-08-18 09:32:55,178] {dag.py:2305} INFO - Setting next_dagrun for latest_only_with_trigger to 2021-08-16 00:00:00+00:00
[2021-08-18 09:32:55,189] {scheduler_job.py:190} INFO - Processing /home/airflow/.local/lib/python3.6/site-packages/airflow/example_dags/example_latest_only_with_trigger.py took 0.073 seconds
