[2021-08-18 09:02:18,481] {scheduler_job.py:182} INFO - Started process (PID=119) to work on /home/airflow/.local/lib/python3.6/site-packages/airflow/example_dags/example_short_circuit_operator.py
[2021-08-18 09:02:18,483] {scheduler_job.py:633} INFO - Processing file /home/airflow/.local/lib/python3.6/site-packages/airflow/example_dags/example_short_circuit_operator.py for tasks to queue
[2021-08-18 09:02:18,485] {logging_mixin.py:104} INFO - [2021-08-18 09:02:18,485] {dagbag.py:487} INFO - Filling up the DagBag from /home/airflow/.local/lib/python3.6/site-packages/airflow/example_dags/example_short_circuit_operator.py
[2021-08-18 09:02:18,503] {scheduler_job.py:643} INFO - DAG(s) dict_keys(['example_short_circuit_operator']) retrieved from /home/airflow/.local/lib/python3.6/site-packages/airflow/example_dags/example_short_circuit_operator.py
[2021-08-18 09:02:20,584] {logging_mixin.py:104} INFO - [2021-08-18 09:02:20,583] {dag.py:1832} INFO - Sync 1 DAGs
[2021-08-18 09:02:20,598] {logging_mixin.py:104} INFO - [2021-08-18 09:02:20,596] {dag.py:1851} INFO - Creating ORM DAG for example_short_circuit_operator
[2021-08-18 09:02:20,605] {logging_mixin.py:104} INFO - [2021-08-18 09:02:20,605] {dag.py:2305} INFO - Setting next_dagrun for example_short_circuit_operator to 2021-08-16 00:00:00+00:00
[2021-08-18 09:02:20,649] {scheduler_job.py:190} INFO - Processing /home/airflow/.local/lib/python3.6/site-packages/airflow/example_dags/example_short_circuit_operator.py took 2.173 seconds
[2021-08-18 09:02:50,953] {scheduler_job.py:182} INFO - Started process (PID=193) to work on /home/airflow/.local/lib/python3.6/site-packages/airflow/example_dags/example_short_circuit_operator.py
[2021-08-18 09:02:50,955] {scheduler_job.py:633} INFO - Processing file /home/airflow/.local/lib/python3.6/site-packages/airflow/example_dags/example_short_circuit_operator.py for tasks to queue
[2021-08-18 09:02:50,956] {logging_mixin.py:104} INFO - [2021-08-18 09:02:50,956] {dagbag.py:487} INFO - Filling up the DagBag from /home/airflow/.local/lib/python3.6/site-packages/airflow/example_dags/example_short_circuit_operator.py
[2021-08-18 09:02:50,970] {scheduler_job.py:643} INFO - DAG(s) dict_keys(['example_short_circuit_operator']) retrieved from /home/airflow/.local/lib/python3.6/site-packages/airflow/example_dags/example_short_circuit_operator.py
[2021-08-18 09:02:50,997] {logging_mixin.py:104} INFO - [2021-08-18 09:02:50,996] {dag.py:1832} INFO - Sync 1 DAGs
[2021-08-18 09:02:51,015] {logging_mixin.py:104} INFO - [2021-08-18 09:02:51,015] {dag.py:2305} INFO - Setting next_dagrun for example_short_circuit_operator to 2021-08-16 00:00:00+00:00
[2021-08-18 09:02:51,025] {scheduler_job.py:190} INFO - Processing /home/airflow/.local/lib/python3.6/site-packages/airflow/example_dags/example_short_circuit_operator.py took 0.075 seconds
[2021-08-18 09:03:21,212] {scheduler_job.py:182} INFO - Started process (PID=255) to work on /home/airflow/.local/lib/python3.6/site-packages/airflow/example_dags/example_short_circuit_operator.py
[2021-08-18 09:03:21,214] {scheduler_job.py:633} INFO - Processing file /home/airflow/.local/lib/python3.6/site-packages/airflow/example_dags/example_short_circuit_operator.py for tasks to queue
[2021-08-18 09:03:21,215] {logging_mixin.py:104} INFO - [2021-08-18 09:03:21,215] {dagbag.py:487} INFO - Filling up the DagBag from /home/airflow/.local/lib/python3.6/site-packages/airflow/example_dags/example_short_circuit_operator.py
[2021-08-18 09:03:21,230] {scheduler_job.py:643} INFO - DAG(s) dict_keys(['example_short_circuit_operator']) retrieved from /home/airflow/.local/lib/python3.6/site-packages/airflow/example_dags/example_short_circuit_operator.py
[2021-08-18 09:03:21,253] {logging_mixin.py:104} INFO - [2021-08-18 09:03:21,253] {dag.py:1832} INFO - Sync 1 DAGs
[2021-08-18 09:03:21,270] {logging_mixin.py:104} INFO - [2021-08-18 09:03:21,270] {dag.py:2305} INFO - Setting next_dagrun for example_short_circuit_operator to 2021-08-16 00:00:00+00:00
[2021-08-18 09:03:21,280] {scheduler_job.py:190} INFO - Processing /home/airflow/.local/lib/python3.6/site-packages/airflow/example_dags/example_short_circuit_operator.py took 0.071 seconds
[2021-08-18 09:03:51,722] {scheduler_job.py:182} INFO - Started process (PID=333) to work on /home/airflow/.local/lib/python3.6/site-packages/airflow/example_dags/example_short_circuit_operator.py
[2021-08-18 09:03:51,724] {scheduler_job.py:633} INFO - Processing file /home/airflow/.local/lib/python3.6/site-packages/airflow/example_dags/example_short_circuit_operator.py for tasks to queue
[2021-08-18 09:03:51,725] {logging_mixin.py:104} INFO - [2021-08-18 09:03:51,725] {dagbag.py:487} INFO - Filling up the DagBag from /home/airflow/.local/lib/python3.6/site-packages/airflow/example_dags/example_short_circuit_operator.py
[2021-08-18 09:03:51,740] {scheduler_job.py:643} INFO - DAG(s) dict_keys(['example_short_circuit_operator']) retrieved from /home/airflow/.local/lib/python3.6/site-packages/airflow/example_dags/example_short_circuit_operator.py
[2021-08-18 09:03:51,760] {logging_mixin.py:104} INFO - [2021-08-18 09:03:51,760] {dag.py:1832} INFO - Sync 1 DAGs
[2021-08-18 09:03:51,779] {logging_mixin.py:104} INFO - [2021-08-18 09:03:51,779] {dag.py:2305} INFO - Setting next_dagrun for example_short_circuit_operator to 2021-08-16 00:00:00+00:00
[2021-08-18 09:03:51,808] {scheduler_job.py:190} INFO - Processing /home/airflow/.local/lib/python3.6/site-packages/airflow/example_dags/example_short_circuit_operator.py took 0.088 seconds
[2021-08-18 09:04:21,969] {scheduler_job.py:182} INFO - Started process (PID=398) to work on /home/airflow/.local/lib/python3.6/site-packages/airflow/example_dags/example_short_circuit_operator.py
[2021-08-18 09:04:21,971] {scheduler_job.py:633} INFO - Processing file /home/airflow/.local/lib/python3.6/site-packages/airflow/example_dags/example_short_circuit_operator.py for tasks to queue
[2021-08-18 09:04:21,972] {logging_mixin.py:104} INFO - [2021-08-18 09:04:21,972] {dagbag.py:487} INFO - Filling up the DagBag from /home/airflow/.local/lib/python3.6/site-packages/airflow/example_dags/example_short_circuit_operator.py
[2021-08-18 09:04:21,986] {scheduler_job.py:643} INFO - DAG(s) dict_keys(['example_short_circuit_operator']) retrieved from /home/airflow/.local/lib/python3.6/site-packages/airflow/example_dags/example_short_circuit_operator.py
[2021-08-18 09:04:22,010] {logging_mixin.py:104} INFO - [2021-08-18 09:04:22,010] {dag.py:1832} INFO - Sync 1 DAGs
[2021-08-18 09:04:22,030] {logging_mixin.py:104} INFO - [2021-08-18 09:04:22,030] {dag.py:2305} INFO - Setting next_dagrun for example_short_circuit_operator to 2021-08-16 00:00:00+00:00
[2021-08-18 09:04:22,042] {scheduler_job.py:190} INFO - Processing /home/airflow/.local/lib/python3.6/site-packages/airflow/example_dags/example_short_circuit_operator.py took 0.077 seconds
[2021-08-18 09:04:52,099] {scheduler_job.py:182} INFO - Started process (PID=461) to work on /home/airflow/.local/lib/python3.6/site-packages/airflow/example_dags/example_short_circuit_operator.py
[2021-08-18 09:04:52,106] {scheduler_job.py:633} INFO - Processing file /home/airflow/.local/lib/python3.6/site-packages/airflow/example_dags/example_short_circuit_operator.py for tasks to queue
[2021-08-18 09:04:52,108] {logging_mixin.py:104} INFO - [2021-08-18 09:04:52,107] {dagbag.py:487} INFO - Filling up the DagBag from /home/airflow/.local/lib/python3.6/site-packages/airflow/example_dags/example_short_circuit_operator.py
[2021-08-18 09:04:52,125] {scheduler_job.py:643} INFO - DAG(s) dict_keys(['example_short_circuit_operator']) retrieved from /home/airflow/.local/lib/python3.6/site-packages/airflow/example_dags/example_short_circuit_operator.py
[2021-08-18 09:04:52,150] {logging_mixin.py:104} INFO - [2021-08-18 09:04:52,150] {dag.py:1832} INFO - Sync 1 DAGs
[2021-08-18 09:04:52,179] {logging_mixin.py:104} INFO - [2021-08-18 09:04:52,179] {dag.py:2305} INFO - Setting next_dagrun for example_short_circuit_operator to 2021-08-16 00:00:00+00:00
[2021-08-18 09:04:52,190] {scheduler_job.py:190} INFO - Processing /home/airflow/.local/lib/python3.6/site-packages/airflow/example_dags/example_short_circuit_operator.py took 0.095 seconds
[2021-08-18 09:05:22,521] {scheduler_job.py:182} INFO - Started process (PID=534) to work on /home/airflow/.local/lib/python3.6/site-packages/airflow/example_dags/example_short_circuit_operator.py
[2021-08-18 09:05:22,523] {scheduler_job.py:633} INFO - Processing file /home/airflow/.local/lib/python3.6/site-packages/airflow/example_dags/example_short_circuit_operator.py for tasks to queue
[2021-08-18 09:05:22,524] {logging_mixin.py:104} INFO - [2021-08-18 09:05:22,524] {dagbag.py:487} INFO - Filling up the DagBag from /home/airflow/.local/lib/python3.6/site-packages/airflow/example_dags/example_short_circuit_operator.py
[2021-08-18 09:05:22,571] {scheduler_job.py:643} INFO - DAG(s) dict_keys(['example_short_circuit_operator']) retrieved from /home/airflow/.local/lib/python3.6/site-packages/airflow/example_dags/example_short_circuit_operator.py
[2021-08-18 09:05:22,598] {logging_mixin.py:104} INFO - [2021-08-18 09:05:22,597] {dag.py:1832} INFO - Sync 1 DAGs
[2021-08-18 09:05:22,616] {logging_mixin.py:104} INFO - [2021-08-18 09:05:22,616] {dag.py:2305} INFO - Setting next_dagrun for example_short_circuit_operator to 2021-08-16 00:00:00+00:00
[2021-08-18 09:05:22,627] {scheduler_job.py:190} INFO - Processing /home/airflow/.local/lib/python3.6/site-packages/airflow/example_dags/example_short_circuit_operator.py took 0.111 seconds
[2021-08-18 09:05:52,767] {scheduler_job.py:182} INFO - Started process (PID=602) to work on /home/airflow/.local/lib/python3.6/site-packages/airflow/example_dags/example_short_circuit_operator.py
[2021-08-18 09:05:52,768] {scheduler_job.py:633} INFO - Processing file /home/airflow/.local/lib/python3.6/site-packages/airflow/example_dags/example_short_circuit_operator.py for tasks to queue
[2021-08-18 09:05:52,769] {logging_mixin.py:104} INFO - [2021-08-18 09:05:52,769] {dagbag.py:487} INFO - Filling up the DagBag from /home/airflow/.local/lib/python3.6/site-packages/airflow/example_dags/example_short_circuit_operator.py
[2021-08-18 09:05:52,783] {scheduler_job.py:643} INFO - DAG(s) dict_keys(['example_short_circuit_operator']) retrieved from /home/airflow/.local/lib/python3.6/site-packages/airflow/example_dags/example_short_circuit_operator.py
[2021-08-18 09:05:52,806] {logging_mixin.py:104} INFO - [2021-08-18 09:05:52,806] {dag.py:1832} INFO - Sync 1 DAGs
[2021-08-18 09:05:52,821] {logging_mixin.py:104} INFO - [2021-08-18 09:05:52,821] {dag.py:2305} INFO - Setting next_dagrun for example_short_circuit_operator to 2021-08-16 00:00:00+00:00
[2021-08-18 09:05:52,831] {scheduler_job.py:190} INFO - Processing /home/airflow/.local/lib/python3.6/site-packages/airflow/example_dags/example_short_circuit_operator.py took 0.068 seconds
[2021-08-18 09:06:25,445] {scheduler_job.py:182} INFO - Started process (PID=665) to work on /home/airflow/.local/lib/python3.6/site-packages/airflow/example_dags/example_short_circuit_operator.py
[2021-08-18 09:06:25,447] {scheduler_job.py:633} INFO - Processing file /home/airflow/.local/lib/python3.6/site-packages/airflow/example_dags/example_short_circuit_operator.py for tasks to queue
[2021-08-18 09:06:25,448] {logging_mixin.py:104} INFO - [2021-08-18 09:06:25,448] {dagbag.py:487} INFO - Filling up the DagBag from /home/airflow/.local/lib/python3.6/site-packages/airflow/example_dags/example_short_circuit_operator.py
[2021-08-18 09:06:25,467] {scheduler_job.py:643} INFO - DAG(s) dict_keys(['example_short_circuit_operator']) retrieved from /home/airflow/.local/lib/python3.6/site-packages/airflow/example_dags/example_short_circuit_operator.py
[2021-08-18 09:06:25,495] {logging_mixin.py:104} INFO - [2021-08-18 09:06:25,495] {dag.py:1832} INFO - Sync 1 DAGs
[2021-08-18 09:06:25,518] {logging_mixin.py:104} INFO - [2021-08-18 09:06:25,518] {dag.py:2305} INFO - Setting next_dagrun for example_short_circuit_operator to 2021-08-16 00:00:00+00:00
[2021-08-18 09:06:25,533] {scheduler_job.py:190} INFO - Processing /home/airflow/.local/lib/python3.6/site-packages/airflow/example_dags/example_short_circuit_operator.py took 0.093 seconds
[2021-08-18 09:06:56,441] {scheduler_job.py:182} INFO - Started process (PID=726) to work on /home/airflow/.local/lib/python3.6/site-packages/airflow/example_dags/example_short_circuit_operator.py
[2021-08-18 09:06:56,444] {scheduler_job.py:633} INFO - Processing file /home/airflow/.local/lib/python3.6/site-packages/airflow/example_dags/example_short_circuit_operator.py for tasks to queue
[2021-08-18 09:06:56,445] {logging_mixin.py:104} INFO - [2021-08-18 09:06:56,445] {dagbag.py:487} INFO - Filling up the DagBag from /home/airflow/.local/lib/python3.6/site-packages/airflow/example_dags/example_short_circuit_operator.py
[2021-08-18 09:06:56,465] {scheduler_job.py:643} INFO - DAG(s) dict_keys(['example_short_circuit_operator']) retrieved from /home/airflow/.local/lib/python3.6/site-packages/airflow/example_dags/example_short_circuit_operator.py
[2021-08-18 09:06:56,496] {logging_mixin.py:104} INFO - [2021-08-18 09:06:56,496] {dag.py:1832} INFO - Sync 1 DAGs
[2021-08-18 09:06:56,517] {logging_mixin.py:104} INFO - [2021-08-18 09:06:56,517] {dag.py:2305} INFO - Setting next_dagrun for example_short_circuit_operator to 2021-08-16 00:00:00+00:00
[2021-08-18 09:06:56,529] {scheduler_job.py:190} INFO - Processing /home/airflow/.local/lib/python3.6/site-packages/airflow/example_dags/example_short_circuit_operator.py took 0.093 seconds
[2021-08-18 09:07:26,988] {scheduler_job.py:182} INFO - Started process (PID=778) to work on /home/airflow/.local/lib/python3.6/site-packages/airflow/example_dags/example_short_circuit_operator.py
[2021-08-18 09:07:26,991] {scheduler_job.py:633} INFO - Processing file /home/airflow/.local/lib/python3.6/site-packages/airflow/example_dags/example_short_circuit_operator.py for tasks to queue
[2021-08-18 09:07:26,993] {logging_mixin.py:104} INFO - [2021-08-18 09:07:26,992] {dagbag.py:487} INFO - Filling up the DagBag from /home/airflow/.local/lib/python3.6/site-packages/airflow/example_dags/example_short_circuit_operator.py
[2021-08-18 09:07:27,010] {scheduler_job.py:643} INFO - DAG(s) dict_keys(['example_short_circuit_operator']) retrieved from /home/airflow/.local/lib/python3.6/site-packages/airflow/example_dags/example_short_circuit_operator.py
[2021-08-18 09:07:27,037] {logging_mixin.py:104} INFO - [2021-08-18 09:07:27,037] {dag.py:1832} INFO - Sync 1 DAGs
[2021-08-18 09:07:27,057] {logging_mixin.py:104} INFO - [2021-08-18 09:07:27,056] {dag.py:2305} INFO - Setting next_dagrun for example_short_circuit_operator to 2021-08-16 00:00:00+00:00
[2021-08-18 09:07:27,068] {scheduler_job.py:190} INFO - Processing /home/airflow/.local/lib/python3.6/site-packages/airflow/example_dags/example_short_circuit_operator.py took 0.085 seconds
[2021-08-18 09:07:58,000] {scheduler_job.py:182} INFO - Started process (PID=855) to work on /home/airflow/.local/lib/python3.6/site-packages/airflow/example_dags/example_short_circuit_operator.py
[2021-08-18 09:07:58,004] {scheduler_job.py:633} INFO - Processing file /home/airflow/.local/lib/python3.6/site-packages/airflow/example_dags/example_short_circuit_operator.py for tasks to queue
[2021-08-18 09:07:58,006] {logging_mixin.py:104} INFO - [2021-08-18 09:07:58,006] {dagbag.py:487} INFO - Filling up the DagBag from /home/airflow/.local/lib/python3.6/site-packages/airflow/example_dags/example_short_circuit_operator.py
[2021-08-18 09:07:58,038] {scheduler_job.py:643} INFO - DAG(s) dict_keys(['example_short_circuit_operator']) retrieved from /home/airflow/.local/lib/python3.6/site-packages/airflow/example_dags/example_short_circuit_operator.py
[2021-08-18 09:07:58,066] {logging_mixin.py:104} INFO - [2021-08-18 09:07:58,066] {dag.py:1832} INFO - Sync 1 DAGs
[2021-08-18 09:07:58,108] {logging_mixin.py:104} INFO - [2021-08-18 09:07:58,108] {dag.py:2305} INFO - Setting next_dagrun for example_short_circuit_operator to 2021-08-16 00:00:00+00:00
[2021-08-18 09:07:58,128] {scheduler_job.py:190} INFO - Processing /home/airflow/.local/lib/python3.6/site-packages/airflow/example_dags/example_short_circuit_operator.py took 0.137 seconds
[2021-08-18 09:08:29,306] {scheduler_job.py:182} INFO - Started process (PID=896) to work on /home/airflow/.local/lib/python3.6/site-packages/airflow/example_dags/example_short_circuit_operator.py
[2021-08-18 09:08:29,310] {scheduler_job.py:633} INFO - Processing file /home/airflow/.local/lib/python3.6/site-packages/airflow/example_dags/example_short_circuit_operator.py for tasks to queue
[2021-08-18 09:08:29,311] {logging_mixin.py:104} INFO - [2021-08-18 09:08:29,311] {dagbag.py:487} INFO - Filling up the DagBag from /home/airflow/.local/lib/python3.6/site-packages/airflow/example_dags/example_short_circuit_operator.py
[2021-08-18 09:08:29,332] {scheduler_job.py:643} INFO - DAG(s) dict_keys(['example_short_circuit_operator']) retrieved from /home/airflow/.local/lib/python3.6/site-packages/airflow/example_dags/example_short_circuit_operator.py
[2021-08-18 09:08:29,370] {logging_mixin.py:104} INFO - [2021-08-18 09:08:29,370] {dag.py:1832} INFO - Sync 1 DAGs
[2021-08-18 09:08:29,424] {logging_mixin.py:104} INFO - [2021-08-18 09:08:29,424] {dag.py:2305} INFO - Setting next_dagrun for example_short_circuit_operator to 2021-08-16 00:00:00+00:00
[2021-08-18 09:08:29,439] {scheduler_job.py:190} INFO - Processing /home/airflow/.local/lib/python3.6/site-packages/airflow/example_dags/example_short_circuit_operator.py took 0.138 seconds
[2021-08-18 09:08:59,630] {scheduler_job.py:182} INFO - Started process (PID=948) to work on /home/airflow/.local/lib/python3.6/site-packages/airflow/example_dags/example_short_circuit_operator.py
[2021-08-18 09:08:59,632] {scheduler_job.py:633} INFO - Processing file /home/airflow/.local/lib/python3.6/site-packages/airflow/example_dags/example_short_circuit_operator.py for tasks to queue
[2021-08-18 09:08:59,634] {logging_mixin.py:104} INFO - [2021-08-18 09:08:59,633] {dagbag.py:487} INFO - Filling up the DagBag from /home/airflow/.local/lib/python3.6/site-packages/airflow/example_dags/example_short_circuit_operator.py
[2021-08-18 09:08:59,652] {scheduler_job.py:643} INFO - DAG(s) dict_keys(['example_short_circuit_operator']) retrieved from /home/airflow/.local/lib/python3.6/site-packages/airflow/example_dags/example_short_circuit_operator.py
[2021-08-18 09:08:59,679] {logging_mixin.py:104} INFO - [2021-08-18 09:08:59,679] {dag.py:1832} INFO - Sync 1 DAGs
[2021-08-18 09:08:59,701] {logging_mixin.py:104} INFO - [2021-08-18 09:08:59,700] {dag.py:2305} INFO - Setting next_dagrun for example_short_circuit_operator to 2021-08-16 00:00:00+00:00
[2021-08-18 09:08:59,712] {scheduler_job.py:190} INFO - Processing /home/airflow/.local/lib/python3.6/site-packages/airflow/example_dags/example_short_circuit_operator.py took 0.087 seconds
[2021-08-18 09:09:29,939] {scheduler_job.py:182} INFO - Started process (PID=1025) to work on /home/airflow/.local/lib/python3.6/site-packages/airflow/example_dags/example_short_circuit_operator.py
[2021-08-18 09:09:29,942] {scheduler_job.py:633} INFO - Processing file /home/airflow/.local/lib/python3.6/site-packages/airflow/example_dags/example_short_circuit_operator.py for tasks to queue
[2021-08-18 09:09:29,943] {logging_mixin.py:104} INFO - [2021-08-18 09:09:29,943] {dagbag.py:487} INFO - Filling up the DagBag from /home/airflow/.local/lib/python3.6/site-packages/airflow/example_dags/example_short_circuit_operator.py
[2021-08-18 09:09:29,961] {scheduler_job.py:643} INFO - DAG(s) dict_keys(['example_short_circuit_operator']) retrieved from /home/airflow/.local/lib/python3.6/site-packages/airflow/example_dags/example_short_circuit_operator.py
[2021-08-18 09:09:29,991] {logging_mixin.py:104} INFO - [2021-08-18 09:09:29,991] {dag.py:1832} INFO - Sync 1 DAGs
[2021-08-18 09:09:30,009] {logging_mixin.py:104} INFO - [2021-08-18 09:09:30,009] {dag.py:2305} INFO - Setting next_dagrun for example_short_circuit_operator to 2021-08-16 00:00:00+00:00
[2021-08-18 09:09:30,020] {scheduler_job.py:190} INFO - Processing /home/airflow/.local/lib/python3.6/site-packages/airflow/example_dags/example_short_circuit_operator.py took 0.085 seconds
[2021-08-18 09:10:00,321] {scheduler_job.py:182} INFO - Started process (PID=1087) to work on /home/airflow/.local/lib/python3.6/site-packages/airflow/example_dags/example_short_circuit_operator.py
[2021-08-18 09:10:00,324] {scheduler_job.py:633} INFO - Processing file /home/airflow/.local/lib/python3.6/site-packages/airflow/example_dags/example_short_circuit_operator.py for tasks to queue
[2021-08-18 09:10:00,326] {logging_mixin.py:104} INFO - [2021-08-18 09:10:00,325] {dagbag.py:487} INFO - Filling up the DagBag from /home/airflow/.local/lib/python3.6/site-packages/airflow/example_dags/example_short_circuit_operator.py
[2021-08-18 09:10:00,343] {scheduler_job.py:643} INFO - DAG(s) dict_keys(['example_short_circuit_operator']) retrieved from /home/airflow/.local/lib/python3.6/site-packages/airflow/example_dags/example_short_circuit_operator.py
[2021-08-18 09:10:00,367] {logging_mixin.py:104} INFO - [2021-08-18 09:10:00,367] {dag.py:1832} INFO - Sync 1 DAGs
[2021-08-18 09:10:00,385] {logging_mixin.py:104} INFO - [2021-08-18 09:10:00,385] {dag.py:2305} INFO - Setting next_dagrun for example_short_circuit_operator to 2021-08-16 00:00:00+00:00
[2021-08-18 09:10:00,396] {scheduler_job.py:190} INFO - Processing /home/airflow/.local/lib/python3.6/site-packages/airflow/example_dags/example_short_circuit_operator.py took 0.078 seconds
[2021-08-18 09:10:30,929] {scheduler_job.py:182} INFO - Started process (PID=1165) to work on /home/airflow/.local/lib/python3.6/site-packages/airflow/example_dags/example_short_circuit_operator.py
[2021-08-18 09:10:30,931] {scheduler_job.py:633} INFO - Processing file /home/airflow/.local/lib/python3.6/site-packages/airflow/example_dags/example_short_circuit_operator.py for tasks to queue
[2021-08-18 09:10:30,933] {logging_mixin.py:104} INFO - [2021-08-18 09:10:30,932] {dagbag.py:487} INFO - Filling up the DagBag from /home/airflow/.local/lib/python3.6/site-packages/airflow/example_dags/example_short_circuit_operator.py
[2021-08-18 09:10:30,951] {scheduler_job.py:643} INFO - DAG(s) dict_keys(['example_short_circuit_operator']) retrieved from /home/airflow/.local/lib/python3.6/site-packages/airflow/example_dags/example_short_circuit_operator.py
[2021-08-18 09:10:30,977] {logging_mixin.py:104} INFO - [2021-08-18 09:10:30,977] {dag.py:1832} INFO - Sync 1 DAGs
[2021-08-18 09:10:30,997] {logging_mixin.py:104} INFO - [2021-08-18 09:10:30,997] {dag.py:2305} INFO - Setting next_dagrun for example_short_circuit_operator to 2021-08-16 00:00:00+00:00
[2021-08-18 09:10:31,007] {scheduler_job.py:190} INFO - Processing /home/airflow/.local/lib/python3.6/site-packages/airflow/example_dags/example_short_circuit_operator.py took 0.083 seconds
[2021-08-18 09:11:01,216] {scheduler_job.py:182} INFO - Started process (PID=1227) to work on /home/airflow/.local/lib/python3.6/site-packages/airflow/example_dags/example_short_circuit_operator.py
[2021-08-18 09:11:01,218] {scheduler_job.py:633} INFO - Processing file /home/airflow/.local/lib/python3.6/site-packages/airflow/example_dags/example_short_circuit_operator.py for tasks to queue
[2021-08-18 09:11:01,220] {logging_mixin.py:104} INFO - [2021-08-18 09:11:01,220] {dagbag.py:487} INFO - Filling up the DagBag from /home/airflow/.local/lib/python3.6/site-packages/airflow/example_dags/example_short_circuit_operator.py
[2021-08-18 09:11:01,238] {scheduler_job.py:643} INFO - DAG(s) dict_keys(['example_short_circuit_operator']) retrieved from /home/airflow/.local/lib/python3.6/site-packages/airflow/example_dags/example_short_circuit_operator.py
[2021-08-18 09:11:01,264] {logging_mixin.py:104} INFO - [2021-08-18 09:11:01,264] {dag.py:1832} INFO - Sync 1 DAGs
[2021-08-18 09:11:01,283] {logging_mixin.py:104} INFO - [2021-08-18 09:11:01,283] {dag.py:2305} INFO - Setting next_dagrun for example_short_circuit_operator to 2021-08-16 00:00:00+00:00
[2021-08-18 09:11:01,295] {scheduler_job.py:190} INFO - Processing /home/airflow/.local/lib/python3.6/site-packages/airflow/example_dags/example_short_circuit_operator.py took 0.083 seconds
[2021-08-18 09:11:31,610] {scheduler_job.py:182} INFO - Started process (PID=1305) to work on /home/airflow/.local/lib/python3.6/site-packages/airflow/example_dags/example_short_circuit_operator.py
[2021-08-18 09:11:31,613] {scheduler_job.py:633} INFO - Processing file /home/airflow/.local/lib/python3.6/site-packages/airflow/example_dags/example_short_circuit_operator.py for tasks to queue
[2021-08-18 09:11:31,615] {logging_mixin.py:104} INFO - [2021-08-18 09:11:31,615] {dagbag.py:487} INFO - Filling up the DagBag from /home/airflow/.local/lib/python3.6/site-packages/airflow/example_dags/example_short_circuit_operator.py
[2021-08-18 09:11:31,630] {scheduler_job.py:643} INFO - DAG(s) dict_keys(['example_short_circuit_operator']) retrieved from /home/airflow/.local/lib/python3.6/site-packages/airflow/example_dags/example_short_circuit_operator.py
[2021-08-18 09:11:31,654] {logging_mixin.py:104} INFO - [2021-08-18 09:11:31,654] {dag.py:1832} INFO - Sync 1 DAGs
[2021-08-18 09:11:31,676] {logging_mixin.py:104} INFO - [2021-08-18 09:11:31,676] {dag.py:2305} INFO - Setting next_dagrun for example_short_circuit_operator to 2021-08-16 00:00:00+00:00
[2021-08-18 09:11:31,688] {scheduler_job.py:190} INFO - Processing /home/airflow/.local/lib/python3.6/site-packages/airflow/example_dags/example_short_circuit_operator.py took 0.082 seconds
[2021-08-18 09:12:02,373] {scheduler_job.py:182} INFO - Started process (PID=1382) to work on /home/airflow/.local/lib/python3.6/site-packages/airflow/example_dags/example_short_circuit_operator.py
[2021-08-18 09:12:02,375] {scheduler_job.py:633} INFO - Processing file /home/airflow/.local/lib/python3.6/site-packages/airflow/example_dags/example_short_circuit_operator.py for tasks to queue
[2021-08-18 09:12:02,376] {logging_mixin.py:104} INFO - [2021-08-18 09:12:02,376] {dagbag.py:487} INFO - Filling up the DagBag from /home/airflow/.local/lib/python3.6/site-packages/airflow/example_dags/example_short_circuit_operator.py
[2021-08-18 09:12:02,391] {scheduler_job.py:643} INFO - DAG(s) dict_keys(['example_short_circuit_operator']) retrieved from /home/airflow/.local/lib/python3.6/site-packages/airflow/example_dags/example_short_circuit_operator.py
[2021-08-18 09:12:02,413] {logging_mixin.py:104} INFO - [2021-08-18 09:12:02,413] {dag.py:1832} INFO - Sync 1 DAGs
[2021-08-18 09:12:02,430] {logging_mixin.py:104} INFO - [2021-08-18 09:12:02,430] {dag.py:2305} INFO - Setting next_dagrun for example_short_circuit_operator to 2021-08-16 00:00:00+00:00
[2021-08-18 09:12:02,439] {scheduler_job.py:190} INFO - Processing /home/airflow/.local/lib/python3.6/site-packages/airflow/example_dags/example_short_circuit_operator.py took 0.071 seconds
[2021-08-18 09:12:32,988] {scheduler_job.py:182} INFO - Started process (PID=1444) to work on /home/airflow/.local/lib/python3.6/site-packages/airflow/example_dags/example_short_circuit_operator.py
[2021-08-18 09:12:32,991] {scheduler_job.py:633} INFO - Processing file /home/airflow/.local/lib/python3.6/site-packages/airflow/example_dags/example_short_circuit_operator.py for tasks to queue
[2021-08-18 09:12:32,992] {logging_mixin.py:104} INFO - [2021-08-18 09:12:32,992] {dagbag.py:487} INFO - Filling up the DagBag from /home/airflow/.local/lib/python3.6/site-packages/airflow/example_dags/example_short_circuit_operator.py
[2021-08-18 09:12:33,011] {scheduler_job.py:643} INFO - DAG(s) dict_keys(['example_short_circuit_operator']) retrieved from /home/airflow/.local/lib/python3.6/site-packages/airflow/example_dags/example_short_circuit_operator.py
[2021-08-18 09:12:33,048] {logging_mixin.py:104} INFO - [2021-08-18 09:12:33,048] {dag.py:1832} INFO - Sync 1 DAGs
[2021-08-18 09:12:33,071] {logging_mixin.py:104} INFO - [2021-08-18 09:12:33,071] {dag.py:2305} INFO - Setting next_dagrun for example_short_circuit_operator to 2021-08-16 00:00:00+00:00
[2021-08-18 09:12:33,084] {scheduler_job.py:190} INFO - Processing /home/airflow/.local/lib/python3.6/site-packages/airflow/example_dags/example_short_circuit_operator.py took 0.101 seconds
[2021-08-18 09:13:03,681] {scheduler_job.py:182} INFO - Started process (PID=1521) to work on /home/airflow/.local/lib/python3.6/site-packages/airflow/example_dags/example_short_circuit_operator.py
[2021-08-18 09:13:03,683] {scheduler_job.py:633} INFO - Processing file /home/airflow/.local/lib/python3.6/site-packages/airflow/example_dags/example_short_circuit_operator.py for tasks to queue
[2021-08-18 09:13:03,685] {logging_mixin.py:104} INFO - [2021-08-18 09:13:03,684] {dagbag.py:487} INFO - Filling up the DagBag from /home/airflow/.local/lib/python3.6/site-packages/airflow/example_dags/example_short_circuit_operator.py
[2021-08-18 09:13:03,701] {scheduler_job.py:643} INFO - DAG(s) dict_keys(['example_short_circuit_operator']) retrieved from /home/airflow/.local/lib/python3.6/site-packages/airflow/example_dags/example_short_circuit_operator.py
[2021-08-18 09:13:03,727] {logging_mixin.py:104} INFO - [2021-08-18 09:13:03,727] {dag.py:1832} INFO - Sync 1 DAGs
[2021-08-18 09:13:03,746] {logging_mixin.py:104} INFO - [2021-08-18 09:13:03,746] {dag.py:2305} INFO - Setting next_dagrun for example_short_circuit_operator to 2021-08-16 00:00:00+00:00
[2021-08-18 09:13:03,758] {scheduler_job.py:190} INFO - Processing /home/airflow/.local/lib/python3.6/site-packages/airflow/example_dags/example_short_circuit_operator.py took 0.081 seconds
[2021-08-18 09:13:34,721] {scheduler_job.py:182} INFO - Started process (PID=1594) to work on /home/airflow/.local/lib/python3.6/site-packages/airflow/example_dags/example_short_circuit_operator.py
[2021-08-18 09:13:34,727] {scheduler_job.py:633} INFO - Processing file /home/airflow/.local/lib/python3.6/site-packages/airflow/example_dags/example_short_circuit_operator.py for tasks to queue
[2021-08-18 09:13:34,731] {logging_mixin.py:104} INFO - [2021-08-18 09:13:34,731] {dagbag.py:487} INFO - Filling up the DagBag from /home/airflow/.local/lib/python3.6/site-packages/airflow/example_dags/example_short_circuit_operator.py
[2021-08-18 09:13:34,793] {scheduler_job.py:643} INFO - DAG(s) dict_keys(['example_short_circuit_operator']) retrieved from /home/airflow/.local/lib/python3.6/site-packages/airflow/example_dags/example_short_circuit_operator.py
[2021-08-18 09:13:34,849] {logging_mixin.py:104} INFO - [2021-08-18 09:13:34,849] {dag.py:1832} INFO - Sync 1 DAGs
[2021-08-18 09:13:34,951] {logging_mixin.py:104} INFO - [2021-08-18 09:13:34,951] {dag.py:2305} INFO - Setting next_dagrun for example_short_circuit_operator to 2021-08-16 00:00:00+00:00
[2021-08-18 09:13:34,987] {scheduler_job.py:190} INFO - Processing /home/airflow/.local/lib/python3.6/site-packages/airflow/example_dags/example_short_circuit_operator.py took 0.275 seconds
[2021-08-18 09:14:05,895] {scheduler_job.py:182} INFO - Started process (PID=1646) to work on /home/airflow/.local/lib/python3.6/site-packages/airflow/example_dags/example_short_circuit_operator.py
[2021-08-18 09:14:05,897] {scheduler_job.py:633} INFO - Processing file /home/airflow/.local/lib/python3.6/site-packages/airflow/example_dags/example_short_circuit_operator.py for tasks to queue
[2021-08-18 09:14:05,899] {logging_mixin.py:104} INFO - [2021-08-18 09:14:05,899] {dagbag.py:487} INFO - Filling up the DagBag from /home/airflow/.local/lib/python3.6/site-packages/airflow/example_dags/example_short_circuit_operator.py
[2021-08-18 09:14:05,914] {scheduler_job.py:643} INFO - DAG(s) dict_keys(['example_short_circuit_operator']) retrieved from /home/airflow/.local/lib/python3.6/site-packages/airflow/example_dags/example_short_circuit_operator.py
[2021-08-18 09:14:05,938] {logging_mixin.py:104} INFO - [2021-08-18 09:14:05,938] {dag.py:1832} INFO - Sync 1 DAGs
[2021-08-18 09:14:05,956] {logging_mixin.py:104} INFO - [2021-08-18 09:14:05,956] {dag.py:2305} INFO - Setting next_dagrun for example_short_circuit_operator to 2021-08-16 00:00:00+00:00
[2021-08-18 09:14:05,968] {scheduler_job.py:190} INFO - Processing /home/airflow/.local/lib/python3.6/site-packages/airflow/example_dags/example_short_circuit_operator.py took 0.077 seconds
[2021-08-18 09:14:36,008] {scheduler_job.py:182} INFO - Started process (PID=1723) to work on /home/airflow/.local/lib/python3.6/site-packages/airflow/example_dags/example_short_circuit_operator.py
[2021-08-18 09:14:36,010] {scheduler_job.py:633} INFO - Processing file /home/airflow/.local/lib/python3.6/site-packages/airflow/example_dags/example_short_circuit_operator.py for tasks to queue
[2021-08-18 09:14:36,012] {logging_mixin.py:104} INFO - [2021-08-18 09:14:36,012] {dagbag.py:487} INFO - Filling up the DagBag from /home/airflow/.local/lib/python3.6/site-packages/airflow/example_dags/example_short_circuit_operator.py
[2021-08-18 09:14:36,029] {scheduler_job.py:643} INFO - DAG(s) dict_keys(['example_short_circuit_operator']) retrieved from /home/airflow/.local/lib/python3.6/site-packages/airflow/example_dags/example_short_circuit_operator.py
[2021-08-18 09:14:36,052] {logging_mixin.py:104} INFO - [2021-08-18 09:14:36,052] {dag.py:1832} INFO - Sync 1 DAGs
[2021-08-18 09:14:36,070] {logging_mixin.py:104} INFO - [2021-08-18 09:14:36,069] {dag.py:2305} INFO - Setting next_dagrun for example_short_circuit_operator to 2021-08-16 00:00:00+00:00
[2021-08-18 09:14:36,080] {scheduler_job.py:190} INFO - Processing /home/airflow/.local/lib/python3.6/site-packages/airflow/example_dags/example_short_circuit_operator.py took 0.077 seconds
[2021-08-18 09:15:06,966] {scheduler_job.py:182} INFO - Started process (PID=1793) to work on /home/airflow/.local/lib/python3.6/site-packages/airflow/example_dags/example_short_circuit_operator.py
[2021-08-18 09:15:06,968] {scheduler_job.py:633} INFO - Processing file /home/airflow/.local/lib/python3.6/site-packages/airflow/example_dags/example_short_circuit_operator.py for tasks to queue
[2021-08-18 09:15:06,969] {logging_mixin.py:104} INFO - [2021-08-18 09:15:06,969] {dagbag.py:487} INFO - Filling up the DagBag from /home/airflow/.local/lib/python3.6/site-packages/airflow/example_dags/example_short_circuit_operator.py
[2021-08-18 09:15:06,985] {scheduler_job.py:643} INFO - DAG(s) dict_keys(['example_short_circuit_operator']) retrieved from /home/airflow/.local/lib/python3.6/site-packages/airflow/example_dags/example_short_circuit_operator.py
[2021-08-18 09:15:07,009] {logging_mixin.py:104} INFO - [2021-08-18 09:15:07,009] {dag.py:1832} INFO - Sync 1 DAGs
[2021-08-18 09:15:07,031] {logging_mixin.py:104} INFO - [2021-08-18 09:15:07,030] {dag.py:2305} INFO - Setting next_dagrun for example_short_circuit_operator to 2021-08-16 00:00:00+00:00
[2021-08-18 09:15:07,042] {scheduler_job.py:190} INFO - Processing /home/airflow/.local/lib/python3.6/site-packages/airflow/example_dags/example_short_circuit_operator.py took 0.081 seconds
[2021-08-18 09:15:37,373] {scheduler_job.py:182} INFO - Started process (PID=1862) to work on /home/airflow/.local/lib/python3.6/site-packages/airflow/example_dags/example_short_circuit_operator.py
[2021-08-18 09:15:37,375] {scheduler_job.py:633} INFO - Processing file /home/airflow/.local/lib/python3.6/site-packages/airflow/example_dags/example_short_circuit_operator.py for tasks to queue
[2021-08-18 09:15:37,377] {logging_mixin.py:104} INFO - [2021-08-18 09:15:37,377] {dagbag.py:487} INFO - Filling up the DagBag from /home/airflow/.local/lib/python3.6/site-packages/airflow/example_dags/example_short_circuit_operator.py
[2021-08-18 09:15:37,395] {scheduler_job.py:643} INFO - DAG(s) dict_keys(['example_short_circuit_operator']) retrieved from /home/airflow/.local/lib/python3.6/site-packages/airflow/example_dags/example_short_circuit_operator.py
[2021-08-18 09:15:37,421] {logging_mixin.py:104} INFO - [2021-08-18 09:15:37,421] {dag.py:1832} INFO - Sync 1 DAGs
[2021-08-18 09:15:37,441] {logging_mixin.py:104} INFO - [2021-08-18 09:15:37,441] {dag.py:2305} INFO - Setting next_dagrun for example_short_circuit_operator to 2021-08-16 00:00:00+00:00
[2021-08-18 09:15:37,453] {scheduler_job.py:190} INFO - Processing /home/airflow/.local/lib/python3.6/site-packages/airflow/example_dags/example_short_circuit_operator.py took 0.085 seconds
[2021-08-18 09:16:07,907] {scheduler_job.py:182} INFO - Started process (PID=1938) to work on /home/airflow/.local/lib/python3.6/site-packages/airflow/example_dags/example_short_circuit_operator.py
[2021-08-18 09:16:07,909] {scheduler_job.py:633} INFO - Processing file /home/airflow/.local/lib/python3.6/site-packages/airflow/example_dags/example_short_circuit_operator.py for tasks to queue
[2021-08-18 09:16:07,910] {logging_mixin.py:104} INFO - [2021-08-18 09:16:07,910] {dagbag.py:487} INFO - Filling up the DagBag from /home/airflow/.local/lib/python3.6/site-packages/airflow/example_dags/example_short_circuit_operator.py
[2021-08-18 09:16:07,926] {scheduler_job.py:643} INFO - DAG(s) dict_keys(['example_short_circuit_operator']) retrieved from /home/airflow/.local/lib/python3.6/site-packages/airflow/example_dags/example_short_circuit_operator.py
[2021-08-18 09:16:07,950] {logging_mixin.py:104} INFO - [2021-08-18 09:16:07,950] {dag.py:1832} INFO - Sync 1 DAGs
[2021-08-18 09:16:07,977] {logging_mixin.py:104} INFO - [2021-08-18 09:16:07,976] {dag.py:2305} INFO - Setting next_dagrun for example_short_circuit_operator to 2021-08-16 00:00:00+00:00
[2021-08-18 09:16:07,988] {scheduler_job.py:190} INFO - Processing /home/airflow/.local/lib/python3.6/site-packages/airflow/example_dags/example_short_circuit_operator.py took 0.086 seconds
[2021-08-18 09:16:38,727] {scheduler_job.py:182} INFO - Started process (PID=2000) to work on /home/airflow/.local/lib/python3.6/site-packages/airflow/example_dags/example_short_circuit_operator.py
[2021-08-18 09:16:38,729] {scheduler_job.py:633} INFO - Processing file /home/airflow/.local/lib/python3.6/site-packages/airflow/example_dags/example_short_circuit_operator.py for tasks to queue
[2021-08-18 09:16:38,730] {logging_mixin.py:104} INFO - [2021-08-18 09:16:38,730] {dagbag.py:487} INFO - Filling up the DagBag from /home/airflow/.local/lib/python3.6/site-packages/airflow/example_dags/example_short_circuit_operator.py
[2021-08-18 09:16:38,749] {scheduler_job.py:643} INFO - DAG(s) dict_keys(['example_short_circuit_operator']) retrieved from /home/airflow/.local/lib/python3.6/site-packages/airflow/example_dags/example_short_circuit_operator.py
[2021-08-18 09:16:38,781] {logging_mixin.py:104} INFO - [2021-08-18 09:16:38,781] {dag.py:1832} INFO - Sync 1 DAGs
[2021-08-18 09:16:38,804] {logging_mixin.py:104} INFO - [2021-08-18 09:16:38,803] {dag.py:2305} INFO - Setting next_dagrun for example_short_circuit_operator to 2021-08-16 00:00:00+00:00
[2021-08-18 09:16:38,819] {scheduler_job.py:190} INFO - Processing /home/airflow/.local/lib/python3.6/site-packages/airflow/example_dags/example_short_circuit_operator.py took 0.097 seconds
[2021-08-18 09:17:35,748] {scheduler_job.py:182} INFO - Started process (PID=49) to work on /home/airflow/.local/lib/python3.6/site-packages/airflow/example_dags/example_short_circuit_operator.py
[2021-08-18 09:17:35,750] {scheduler_job.py:633} INFO - Processing file /home/airflow/.local/lib/python3.6/site-packages/airflow/example_dags/example_short_circuit_operator.py for tasks to queue
[2021-08-18 09:17:35,751] {logging_mixin.py:104} INFO - [2021-08-18 09:17:35,751] {dagbag.py:487} INFO - Filling up the DagBag from /home/airflow/.local/lib/python3.6/site-packages/airflow/example_dags/example_short_circuit_operator.py
[2021-08-18 09:17:35,764] {scheduler_job.py:643} INFO - DAG(s) dict_keys(['example_short_circuit_operator']) retrieved from /home/airflow/.local/lib/python3.6/site-packages/airflow/example_dags/example_short_circuit_operator.py
[2021-08-18 09:17:35,786] {logging_mixin.py:104} INFO - [2021-08-18 09:17:35,786] {dag.py:1832} INFO - Sync 1 DAGs
[2021-08-18 09:17:35,802] {logging_mixin.py:104} INFO - [2021-08-18 09:17:35,802] {dag.py:2305} INFO - Setting next_dagrun for example_short_circuit_operator to 2021-08-16 00:00:00+00:00
[2021-08-18 09:17:35,812] {scheduler_job.py:190} INFO - Processing /home/airflow/.local/lib/python3.6/site-packages/airflow/example_dags/example_short_circuit_operator.py took 0.069 seconds
[2021-08-18 09:18:06,622] {scheduler_job.py:182} INFO - Started process (PID=126) to work on /home/airflow/.local/lib/python3.6/site-packages/airflow/example_dags/example_short_circuit_operator.py
[2021-08-18 09:18:06,623] {scheduler_job.py:633} INFO - Processing file /home/airflow/.local/lib/python3.6/site-packages/airflow/example_dags/example_short_circuit_operator.py for tasks to queue
[2021-08-18 09:18:06,625] {logging_mixin.py:104} INFO - [2021-08-18 09:18:06,625] {dagbag.py:487} INFO - Filling up the DagBag from /home/airflow/.local/lib/python3.6/site-packages/airflow/example_dags/example_short_circuit_operator.py
[2021-08-18 09:18:06,639] {scheduler_job.py:643} INFO - DAG(s) dict_keys(['example_short_circuit_operator']) retrieved from /home/airflow/.local/lib/python3.6/site-packages/airflow/example_dags/example_short_circuit_operator.py
[2021-08-18 09:18:06,659] {logging_mixin.py:104} INFO - [2021-08-18 09:18:06,659] {dag.py:1832} INFO - Sync 1 DAGs
[2021-08-18 09:18:06,679] {logging_mixin.py:104} INFO - [2021-08-18 09:18:06,679] {dag.py:2305} INFO - Setting next_dagrun for example_short_circuit_operator to 2021-08-16 00:00:00+00:00
[2021-08-18 09:18:06,692] {scheduler_job.py:190} INFO - Processing /home/airflow/.local/lib/python3.6/site-packages/airflow/example_dags/example_short_circuit_operator.py took 0.074 seconds
[2021-08-18 09:18:37,951] {scheduler_job.py:182} INFO - Started process (PID=189) to work on /home/airflow/.local/lib/python3.6/site-packages/airflow/example_dags/example_short_circuit_operator.py
[2021-08-18 09:18:37,953] {scheduler_job.py:633} INFO - Processing file /home/airflow/.local/lib/python3.6/site-packages/airflow/example_dags/example_short_circuit_operator.py for tasks to queue
[2021-08-18 09:18:37,955] {logging_mixin.py:104} INFO - [2021-08-18 09:18:37,955] {dagbag.py:487} INFO - Filling up the DagBag from /home/airflow/.local/lib/python3.6/site-packages/airflow/example_dags/example_short_circuit_operator.py
[2021-08-18 09:18:37,971] {scheduler_job.py:643} INFO - DAG(s) dict_keys(['example_short_circuit_operator']) retrieved from /home/airflow/.local/lib/python3.6/site-packages/airflow/example_dags/example_short_circuit_operator.py
[2021-08-18 09:18:37,998] {logging_mixin.py:104} INFO - [2021-08-18 09:18:37,998] {dag.py:1832} INFO - Sync 1 DAGs
[2021-08-18 09:18:38,017] {logging_mixin.py:104} INFO - [2021-08-18 09:18:38,017] {dag.py:2305} INFO - Setting next_dagrun for example_short_circuit_operator to 2021-08-16 00:00:00+00:00
[2021-08-18 09:18:38,030] {scheduler_job.py:190} INFO - Processing /home/airflow/.local/lib/python3.6/site-packages/airflow/example_dags/example_short_circuit_operator.py took 0.083 seconds
[2021-08-18 09:19:08,074] {scheduler_job.py:182} INFO - Started process (PID=266) to work on /home/airflow/.local/lib/python3.6/site-packages/airflow/example_dags/example_short_circuit_operator.py
[2021-08-18 09:19:08,077] {scheduler_job.py:633} INFO - Processing file /home/airflow/.local/lib/python3.6/site-packages/airflow/example_dags/example_short_circuit_operator.py for tasks to queue
[2021-08-18 09:19:08,079] {logging_mixin.py:104} INFO - [2021-08-18 09:19:08,078] {dagbag.py:487} INFO - Filling up the DagBag from /home/airflow/.local/lib/python3.6/site-packages/airflow/example_dags/example_short_circuit_operator.py
[2021-08-18 09:19:08,106] {scheduler_job.py:643} INFO - DAG(s) dict_keys(['example_short_circuit_operator']) retrieved from /home/airflow/.local/lib/python3.6/site-packages/airflow/example_dags/example_short_circuit_operator.py
[2021-08-18 09:19:08,136] {logging_mixin.py:104} INFO - [2021-08-18 09:19:08,135] {dag.py:1832} INFO - Sync 1 DAGs
[2021-08-18 09:19:08,161] {logging_mixin.py:104} INFO - [2021-08-18 09:19:08,161] {dag.py:2305} INFO - Setting next_dagrun for example_short_circuit_operator to 2021-08-16 00:00:00+00:00
[2021-08-18 09:19:08,175] {scheduler_job.py:190} INFO - Processing /home/airflow/.local/lib/python3.6/site-packages/airflow/example_dags/example_short_circuit_operator.py took 0.105 seconds
[2021-08-18 09:19:38,516] {scheduler_job.py:182} INFO - Started process (PID=339) to work on /home/airflow/.local/lib/python3.6/site-packages/airflow/example_dags/example_short_circuit_operator.py
[2021-08-18 09:19:38,518] {scheduler_job.py:633} INFO - Processing file /home/airflow/.local/lib/python3.6/site-packages/airflow/example_dags/example_short_circuit_operator.py for tasks to queue
[2021-08-18 09:19:38,520] {logging_mixin.py:104} INFO - [2021-08-18 09:19:38,520] {dagbag.py:487} INFO - Filling up the DagBag from /home/airflow/.local/lib/python3.6/site-packages/airflow/example_dags/example_short_circuit_operator.py
[2021-08-18 09:19:38,537] {scheduler_job.py:643} INFO - DAG(s) dict_keys(['example_short_circuit_operator']) retrieved from /home/airflow/.local/lib/python3.6/site-packages/airflow/example_dags/example_short_circuit_operator.py
[2021-08-18 09:19:38,569] {logging_mixin.py:104} INFO - [2021-08-18 09:19:38,569] {dag.py:1832} INFO - Sync 1 DAGs
[2021-08-18 09:19:38,588] {logging_mixin.py:104} INFO - [2021-08-18 09:19:38,588] {dag.py:2305} INFO - Setting next_dagrun for example_short_circuit_operator to 2021-08-16 00:00:00+00:00
[2021-08-18 09:19:38,602] {scheduler_job.py:190} INFO - Processing /home/airflow/.local/lib/python3.6/site-packages/airflow/example_dags/example_short_circuit_operator.py took 0.090 seconds
[2021-08-18 09:20:08,763] {scheduler_job.py:182} INFO - Started process (PID=406) to work on /home/airflow/.local/lib/python3.6/site-packages/airflow/example_dags/example_short_circuit_operator.py
[2021-08-18 09:20:08,766] {scheduler_job.py:633} INFO - Processing file /home/airflow/.local/lib/python3.6/site-packages/airflow/example_dags/example_short_circuit_operator.py for tasks to queue
[2021-08-18 09:20:08,768] {logging_mixin.py:104} INFO - [2021-08-18 09:20:08,768] {dagbag.py:487} INFO - Filling up the DagBag from /home/airflow/.local/lib/python3.6/site-packages/airflow/example_dags/example_short_circuit_operator.py
[2021-08-18 09:20:08,787] {scheduler_job.py:643} INFO - DAG(s) dict_keys(['example_short_circuit_operator']) retrieved from /home/airflow/.local/lib/python3.6/site-packages/airflow/example_dags/example_short_circuit_operator.py
[2021-08-18 09:20:08,818] {logging_mixin.py:104} INFO - [2021-08-18 09:20:08,818] {dag.py:1832} INFO - Sync 1 DAGs
[2021-08-18 09:20:08,839] {logging_mixin.py:104} INFO - [2021-08-18 09:20:08,839] {dag.py:2305} INFO - Setting next_dagrun for example_short_circuit_operator to 2021-08-16 00:00:00+00:00
[2021-08-18 09:20:08,858] {scheduler_job.py:190} INFO - Processing /home/airflow/.local/lib/python3.6/site-packages/airflow/example_dags/example_short_circuit_operator.py took 0.101 seconds
[2021-08-18 09:20:39,527] {scheduler_job.py:182} INFO - Started process (PID=484) to work on /home/airflow/.local/lib/python3.6/site-packages/airflow/example_dags/example_short_circuit_operator.py
[2021-08-18 09:20:39,529] {scheduler_job.py:633} INFO - Processing file /home/airflow/.local/lib/python3.6/site-packages/airflow/example_dags/example_short_circuit_operator.py for tasks to queue
[2021-08-18 09:20:39,530] {logging_mixin.py:104} INFO - [2021-08-18 09:20:39,530] {dagbag.py:487} INFO - Filling up the DagBag from /home/airflow/.local/lib/python3.6/site-packages/airflow/example_dags/example_short_circuit_operator.py
[2021-08-18 09:20:39,547] {scheduler_job.py:643} INFO - DAG(s) dict_keys(['example_short_circuit_operator']) retrieved from /home/airflow/.local/lib/python3.6/site-packages/airflow/example_dags/example_short_circuit_operator.py
[2021-08-18 09:20:39,574] {logging_mixin.py:104} INFO - [2021-08-18 09:20:39,574] {dag.py:1832} INFO - Sync 1 DAGs
[2021-08-18 09:20:39,594] {logging_mixin.py:104} INFO - [2021-08-18 09:20:39,594] {dag.py:2305} INFO - Setting next_dagrun for example_short_circuit_operator to 2021-08-16 00:00:00+00:00
[2021-08-18 09:20:39,607] {scheduler_job.py:190} INFO - Processing /home/airflow/.local/lib/python3.6/site-packages/airflow/example_dags/example_short_circuit_operator.py took 0.084 seconds
[2021-08-18 09:21:09,702] {scheduler_job.py:182} INFO - Started process (PID=545) to work on /home/airflow/.local/lib/python3.6/site-packages/airflow/example_dags/example_short_circuit_operator.py
[2021-08-18 09:21:09,704] {scheduler_job.py:633} INFO - Processing file /home/airflow/.local/lib/python3.6/site-packages/airflow/example_dags/example_short_circuit_operator.py for tasks to queue
[2021-08-18 09:21:09,706] {logging_mixin.py:104} INFO - [2021-08-18 09:21:09,705] {dagbag.py:487} INFO - Filling up the DagBag from /home/airflow/.local/lib/python3.6/site-packages/airflow/example_dags/example_short_circuit_operator.py
[2021-08-18 09:21:09,721] {scheduler_job.py:643} INFO - DAG(s) dict_keys(['example_short_circuit_operator']) retrieved from /home/airflow/.local/lib/python3.6/site-packages/airflow/example_dags/example_short_circuit_operator.py
[2021-08-18 09:21:09,744] {logging_mixin.py:104} INFO - [2021-08-18 09:21:09,744] {dag.py:1832} INFO - Sync 1 DAGs
[2021-08-18 09:21:09,762] {logging_mixin.py:104} INFO - [2021-08-18 09:21:09,762] {dag.py:2305} INFO - Setting next_dagrun for example_short_circuit_operator to 2021-08-16 00:00:00+00:00
[2021-08-18 09:21:09,771] {scheduler_job.py:190} INFO - Processing /home/airflow/.local/lib/python3.6/site-packages/airflow/example_dags/example_short_circuit_operator.py took 0.073 seconds
[2021-08-18 09:21:40,001] {scheduler_job.py:182} INFO - Started process (PID=623) to work on /home/airflow/.local/lib/python3.6/site-packages/airflow/example_dags/example_short_circuit_operator.py
[2021-08-18 09:21:40,004] {scheduler_job.py:633} INFO - Processing file /home/airflow/.local/lib/python3.6/site-packages/airflow/example_dags/example_short_circuit_operator.py for tasks to queue
[2021-08-18 09:21:40,006] {logging_mixin.py:104} INFO - [2021-08-18 09:21:40,006] {dagbag.py:487} INFO - Filling up the DagBag from /home/airflow/.local/lib/python3.6/site-packages/airflow/example_dags/example_short_circuit_operator.py
[2021-08-18 09:21:40,024] {scheduler_job.py:643} INFO - DAG(s) dict_keys(['example_short_circuit_operator']) retrieved from /home/airflow/.local/lib/python3.6/site-packages/airflow/example_dags/example_short_circuit_operator.py
[2021-08-18 09:21:40,063] {logging_mixin.py:104} INFO - [2021-08-18 09:21:40,062] {dag.py:1832} INFO - Sync 1 DAGs
[2021-08-18 09:21:40,082] {logging_mixin.py:104} INFO - [2021-08-18 09:21:40,082] {dag.py:2305} INFO - Setting next_dagrun for example_short_circuit_operator to 2021-08-16 00:00:00+00:00
[2021-08-18 09:21:40,094] {scheduler_job.py:190} INFO - Processing /home/airflow/.local/lib/python3.6/site-packages/airflow/example_dags/example_short_circuit_operator.py took 0.097 seconds
[2021-08-18 09:22:10,266] {scheduler_job.py:182} INFO - Started process (PID=686) to work on /home/airflow/.local/lib/python3.6/site-packages/airflow/example_dags/example_short_circuit_operator.py
[2021-08-18 09:22:10,268] {scheduler_job.py:633} INFO - Processing file /home/airflow/.local/lib/python3.6/site-packages/airflow/example_dags/example_short_circuit_operator.py for tasks to queue
[2021-08-18 09:22:10,270] {logging_mixin.py:104} INFO - [2021-08-18 09:22:10,270] {dagbag.py:487} INFO - Filling up the DagBag from /home/airflow/.local/lib/python3.6/site-packages/airflow/example_dags/example_short_circuit_operator.py
[2021-08-18 09:22:10,285] {scheduler_job.py:643} INFO - DAG(s) dict_keys(['example_short_circuit_operator']) retrieved from /home/airflow/.local/lib/python3.6/site-packages/airflow/example_dags/example_short_circuit_operator.py
[2021-08-18 09:22:10,311] {logging_mixin.py:104} INFO - [2021-08-18 09:22:10,311] {dag.py:1832} INFO - Sync 1 DAGs
[2021-08-18 09:22:10,329] {logging_mixin.py:104} INFO - [2021-08-18 09:22:10,329] {dag.py:2305} INFO - Setting next_dagrun for example_short_circuit_operator to 2021-08-16 00:00:00+00:00
[2021-08-18 09:22:10,340] {scheduler_job.py:190} INFO - Processing /home/airflow/.local/lib/python3.6/site-packages/airflow/example_dags/example_short_circuit_operator.py took 0.078 seconds
[2021-08-18 09:22:40,600] {scheduler_job.py:182} INFO - Started process (PID=763) to work on /home/airflow/.local/lib/python3.6/site-packages/airflow/example_dags/example_short_circuit_operator.py
[2021-08-18 09:22:40,602] {scheduler_job.py:633} INFO - Processing file /home/airflow/.local/lib/python3.6/site-packages/airflow/example_dags/example_short_circuit_operator.py for tasks to queue
[2021-08-18 09:22:40,603] {logging_mixin.py:104} INFO - [2021-08-18 09:22:40,603] {dagbag.py:487} INFO - Filling up the DagBag from /home/airflow/.local/lib/python3.6/site-packages/airflow/example_dags/example_short_circuit_operator.py
[2021-08-18 09:22:40,618] {scheduler_job.py:643} INFO - DAG(s) dict_keys(['example_short_circuit_operator']) retrieved from /home/airflow/.local/lib/python3.6/site-packages/airflow/example_dags/example_short_circuit_operator.py
[2021-08-18 09:22:40,639] {logging_mixin.py:104} INFO - [2021-08-18 09:22:40,639] {dag.py:1832} INFO - Sync 1 DAGs
[2021-08-18 09:22:40,656] {logging_mixin.py:104} INFO - [2021-08-18 09:22:40,656] {dag.py:2305} INFO - Setting next_dagrun for example_short_circuit_operator to 2021-08-16 00:00:00+00:00
[2021-08-18 09:22:40,668] {scheduler_job.py:190} INFO - Processing /home/airflow/.local/lib/python3.6/site-packages/airflow/example_dags/example_short_circuit_operator.py took 0.071 seconds
[2021-08-18 09:23:10,731] {scheduler_job.py:182} INFO - Started process (PID=840) to work on /home/airflow/.local/lib/python3.6/site-packages/airflow/example_dags/example_short_circuit_operator.py
[2021-08-18 09:23:10,733] {scheduler_job.py:633} INFO - Processing file /home/airflow/.local/lib/python3.6/site-packages/airflow/example_dags/example_short_circuit_operator.py for tasks to queue
[2021-08-18 09:23:10,735] {logging_mixin.py:104} INFO - [2021-08-18 09:23:10,734] {dagbag.py:487} INFO - Filling up the DagBag from /home/airflow/.local/lib/python3.6/site-packages/airflow/example_dags/example_short_circuit_operator.py
[2021-08-18 09:23:10,751] {scheduler_job.py:643} INFO - DAG(s) dict_keys(['example_short_circuit_operator']) retrieved from /home/airflow/.local/lib/python3.6/site-packages/airflow/example_dags/example_short_circuit_operator.py
[2021-08-18 09:23:10,776] {logging_mixin.py:104} INFO - [2021-08-18 09:23:10,776] {dag.py:1832} INFO - Sync 1 DAGs
[2021-08-18 09:23:10,794] {logging_mixin.py:104} INFO - [2021-08-18 09:23:10,794] {dag.py:2305} INFO - Setting next_dagrun for example_short_circuit_operator to 2021-08-16 00:00:00+00:00
[2021-08-18 09:23:10,807] {scheduler_job.py:190} INFO - Processing /home/airflow/.local/lib/python3.6/site-packages/airflow/example_dags/example_short_circuit_operator.py took 0.080 seconds
[2021-08-18 09:23:41,346] {scheduler_job.py:182} INFO - Started process (PID=914) to work on /home/airflow/.local/lib/python3.6/site-packages/airflow/example_dags/example_short_circuit_operator.py
[2021-08-18 09:23:41,348] {scheduler_job.py:633} INFO - Processing file /home/airflow/.local/lib/python3.6/site-packages/airflow/example_dags/example_short_circuit_operator.py for tasks to queue
[2021-08-18 09:23:41,349] {logging_mixin.py:104} INFO - [2021-08-18 09:23:41,349] {dagbag.py:487} INFO - Filling up the DagBag from /home/airflow/.local/lib/python3.6/site-packages/airflow/example_dags/example_short_circuit_operator.py
[2021-08-18 09:23:41,367] {scheduler_job.py:643} INFO - DAG(s) dict_keys(['example_short_circuit_operator']) retrieved from /home/airflow/.local/lib/python3.6/site-packages/airflow/example_dags/example_short_circuit_operator.py
[2021-08-18 09:23:41,389] {logging_mixin.py:104} INFO - [2021-08-18 09:23:41,389] {dag.py:1832} INFO - Sync 1 DAGs
[2021-08-18 09:23:41,406] {logging_mixin.py:104} INFO - [2021-08-18 09:23:41,406] {dag.py:2305} INFO - Setting next_dagrun for example_short_circuit_operator to 2021-08-16 00:00:00+00:00
[2021-08-18 09:23:41,418] {scheduler_job.py:190} INFO - Processing /home/airflow/.local/lib/python3.6/site-packages/airflow/example_dags/example_short_circuit_operator.py took 0.076 seconds
[2021-08-18 09:24:11,539] {scheduler_job.py:182} INFO - Started process (PID=992) to work on /home/airflow/.local/lib/python3.6/site-packages/airflow/example_dags/example_short_circuit_operator.py
[2021-08-18 09:24:11,541] {scheduler_job.py:633} INFO - Processing file /home/airflow/.local/lib/python3.6/site-packages/airflow/example_dags/example_short_circuit_operator.py for tasks to queue
[2021-08-18 09:24:11,543] {logging_mixin.py:104} INFO - [2021-08-18 09:24:11,542] {dagbag.py:487} INFO - Filling up the DagBag from /home/airflow/.local/lib/python3.6/site-packages/airflow/example_dags/example_short_circuit_operator.py
[2021-08-18 09:24:11,557] {scheduler_job.py:643} INFO - DAG(s) dict_keys(['example_short_circuit_operator']) retrieved from /home/airflow/.local/lib/python3.6/site-packages/airflow/example_dags/example_short_circuit_operator.py
[2021-08-18 09:24:11,588] {logging_mixin.py:104} INFO - [2021-08-18 09:24:11,587] {dag.py:1832} INFO - Sync 1 DAGs
[2021-08-18 09:24:11,604] {logging_mixin.py:104} INFO - [2021-08-18 09:24:11,604] {dag.py:2305} INFO - Setting next_dagrun for example_short_circuit_operator to 2021-08-16 00:00:00+00:00
[2021-08-18 09:24:11,614] {scheduler_job.py:190} INFO - Processing /home/airflow/.local/lib/python3.6/site-packages/airflow/example_dags/example_short_circuit_operator.py took 0.079 seconds
[2021-08-18 09:24:42,064] {scheduler_job.py:182} INFO - Started process (PID=1064) to work on /home/airflow/.local/lib/python3.6/site-packages/airflow/example_dags/example_short_circuit_operator.py
[2021-08-18 09:24:42,067] {scheduler_job.py:633} INFO - Processing file /home/airflow/.local/lib/python3.6/site-packages/airflow/example_dags/example_short_circuit_operator.py for tasks to queue
[2021-08-18 09:24:42,069] {logging_mixin.py:104} INFO - [2021-08-18 09:24:42,068] {dagbag.py:487} INFO - Filling up the DagBag from /home/airflow/.local/lib/python3.6/site-packages/airflow/example_dags/example_short_circuit_operator.py
[2021-08-18 09:24:42,085] {scheduler_job.py:643} INFO - DAG(s) dict_keys(['example_short_circuit_operator']) retrieved from /home/airflow/.local/lib/python3.6/site-packages/airflow/example_dags/example_short_circuit_operator.py
[2021-08-18 09:24:42,119] {logging_mixin.py:104} INFO - [2021-08-18 09:24:42,119] {dag.py:1832} INFO - Sync 1 DAGs
[2021-08-18 09:24:42,143] {logging_mixin.py:104} INFO - [2021-08-18 09:24:42,142] {dag.py:2305} INFO - Setting next_dagrun for example_short_circuit_operator to 2021-08-16 00:00:00+00:00
[2021-08-18 09:24:42,157] {scheduler_job.py:190} INFO - Processing /home/airflow/.local/lib/python3.6/site-packages/airflow/example_dags/example_short_circuit_operator.py took 0.097 seconds
[2021-08-18 09:25:12,258] {scheduler_job.py:182} INFO - Started process (PID=1131) to work on /home/airflow/.local/lib/python3.6/site-packages/airflow/example_dags/example_short_circuit_operator.py
[2021-08-18 09:25:12,291] {scheduler_job.py:633} INFO - Processing file /home/airflow/.local/lib/python3.6/site-packages/airflow/example_dags/example_short_circuit_operator.py for tasks to queue
[2021-08-18 09:25:12,293] {logging_mixin.py:104} INFO - [2021-08-18 09:25:12,293] {dagbag.py:487} INFO - Filling up the DagBag from /home/airflow/.local/lib/python3.6/site-packages/airflow/example_dags/example_short_circuit_operator.py
[2021-08-18 09:25:12,310] {scheduler_job.py:643} INFO - DAG(s) dict_keys(['example_short_circuit_operator']) retrieved from /home/airflow/.local/lib/python3.6/site-packages/airflow/example_dags/example_short_circuit_operator.py
[2021-08-18 09:25:12,338] {logging_mixin.py:104} INFO - [2021-08-18 09:25:12,338] {dag.py:1832} INFO - Sync 1 DAGs
[2021-08-18 09:25:12,356] {logging_mixin.py:104} INFO - [2021-08-18 09:25:12,356] {dag.py:2305} INFO - Setting next_dagrun for example_short_circuit_operator to 2021-08-16 00:00:00+00:00
[2021-08-18 09:25:12,368] {scheduler_job.py:190} INFO - Processing /home/airflow/.local/lib/python3.6/site-packages/airflow/example_dags/example_short_circuit_operator.py took 0.115 seconds
[2021-08-18 09:25:42,652] {scheduler_job.py:182} INFO - Started process (PID=1209) to work on /home/airflow/.local/lib/python3.6/site-packages/airflow/example_dags/example_short_circuit_operator.py
[2021-08-18 09:25:42,655] {scheduler_job.py:633} INFO - Processing file /home/airflow/.local/lib/python3.6/site-packages/airflow/example_dags/example_short_circuit_operator.py for tasks to queue
[2021-08-18 09:25:42,657] {logging_mixin.py:104} INFO - [2021-08-18 09:25:42,657] {dagbag.py:487} INFO - Filling up the DagBag from /home/airflow/.local/lib/python3.6/site-packages/airflow/example_dags/example_short_circuit_operator.py
[2021-08-18 09:25:42,679] {scheduler_job.py:643} INFO - DAG(s) dict_keys(['example_short_circuit_operator']) retrieved from /home/airflow/.local/lib/python3.6/site-packages/airflow/example_dags/example_short_circuit_operator.py
[2021-08-18 09:25:42,706] {logging_mixin.py:104} INFO - [2021-08-18 09:25:42,706] {dag.py:1832} INFO - Sync 1 DAGs
[2021-08-18 09:25:42,728] {logging_mixin.py:104} INFO - [2021-08-18 09:25:42,728] {dag.py:2305} INFO - Setting next_dagrun for example_short_circuit_operator to 2021-08-16 00:00:00+00:00
[2021-08-18 09:25:42,741] {scheduler_job.py:190} INFO - Processing /home/airflow/.local/lib/python3.6/site-packages/airflow/example_dags/example_short_circuit_operator.py took 0.096 seconds
[2021-08-18 09:26:13,002] {scheduler_job.py:182} INFO - Started process (PID=1270) to work on /home/airflow/.local/lib/python3.6/site-packages/airflow/example_dags/example_short_circuit_operator.py
[2021-08-18 09:26:13,004] {scheduler_job.py:633} INFO - Processing file /home/airflow/.local/lib/python3.6/site-packages/airflow/example_dags/example_short_circuit_operator.py for tasks to queue
[2021-08-18 09:26:13,005] {logging_mixin.py:104} INFO - [2021-08-18 09:26:13,005] {dagbag.py:487} INFO - Filling up the DagBag from /home/airflow/.local/lib/python3.6/site-packages/airflow/example_dags/example_short_circuit_operator.py
[2021-08-18 09:26:13,018] {scheduler_job.py:643} INFO - DAG(s) dict_keys(['example_short_circuit_operator']) retrieved from /home/airflow/.local/lib/python3.6/site-packages/airflow/example_dags/example_short_circuit_operator.py
[2021-08-18 09:26:13,040] {logging_mixin.py:104} INFO - [2021-08-18 09:26:13,040] {dag.py:1832} INFO - Sync 1 DAGs
[2021-08-18 09:26:13,056] {logging_mixin.py:104} INFO - [2021-08-18 09:26:13,055] {dag.py:2305} INFO - Setting next_dagrun for example_short_circuit_operator to 2021-08-16 00:00:00+00:00
[2021-08-18 09:26:13,066] {scheduler_job.py:190} INFO - Processing /home/airflow/.local/lib/python3.6/site-packages/airflow/example_dags/example_short_circuit_operator.py took 0.067 seconds
[2021-08-18 09:26:43,904] {scheduler_job.py:182} INFO - Started process (PID=1346) to work on /home/airflow/.local/lib/python3.6/site-packages/airflow/example_dags/example_short_circuit_operator.py
[2021-08-18 09:26:43,906] {scheduler_job.py:633} INFO - Processing file /home/airflow/.local/lib/python3.6/site-packages/airflow/example_dags/example_short_circuit_operator.py for tasks to queue
[2021-08-18 09:26:43,907] {logging_mixin.py:104} INFO - [2021-08-18 09:26:43,907] {dagbag.py:487} INFO - Filling up the DagBag from /home/airflow/.local/lib/python3.6/site-packages/airflow/example_dags/example_short_circuit_operator.py
[2021-08-18 09:26:43,922] {scheduler_job.py:643} INFO - DAG(s) dict_keys(['example_short_circuit_operator']) retrieved from /home/airflow/.local/lib/python3.6/site-packages/airflow/example_dags/example_short_circuit_operator.py
[2021-08-18 09:26:43,947] {logging_mixin.py:104} INFO - [2021-08-18 09:26:43,947] {dag.py:1832} INFO - Sync 1 DAGs
[2021-08-18 09:26:43,969] {logging_mixin.py:104} INFO - [2021-08-18 09:26:43,969] {dag.py:2305} INFO - Setting next_dagrun for example_short_circuit_operator to 2021-08-16 00:00:00+00:00
[2021-08-18 09:26:43,979] {scheduler_job.py:190} INFO - Processing /home/airflow/.local/lib/python3.6/site-packages/airflow/example_dags/example_short_circuit_operator.py took 0.078 seconds
[2021-08-18 09:27:14,803] {scheduler_job.py:182} INFO - Started process (PID=1407) to work on /home/airflow/.local/lib/python3.6/site-packages/airflow/example_dags/example_short_circuit_operator.py
[2021-08-18 09:27:14,804] {scheduler_job.py:633} INFO - Processing file /home/airflow/.local/lib/python3.6/site-packages/airflow/example_dags/example_short_circuit_operator.py for tasks to queue
[2021-08-18 09:27:14,806] {logging_mixin.py:104} INFO - [2021-08-18 09:27:14,806] {dagbag.py:487} INFO - Filling up the DagBag from /home/airflow/.local/lib/python3.6/site-packages/airflow/example_dags/example_short_circuit_operator.py
[2021-08-18 09:27:14,823] {scheduler_job.py:643} INFO - DAG(s) dict_keys(['example_short_circuit_operator']) retrieved from /home/airflow/.local/lib/python3.6/site-packages/airflow/example_dags/example_short_circuit_operator.py
[2021-08-18 09:27:14,847] {logging_mixin.py:104} INFO - [2021-08-18 09:27:14,846] {dag.py:1832} INFO - Sync 1 DAGs
[2021-08-18 09:27:14,864] {logging_mixin.py:104} INFO - [2021-08-18 09:27:14,864] {dag.py:2305} INFO - Setting next_dagrun for example_short_circuit_operator to 2021-08-16 00:00:00+00:00
[2021-08-18 09:27:14,875] {scheduler_job.py:190} INFO - Processing /home/airflow/.local/lib/python3.6/site-packages/airflow/example_dags/example_short_circuit_operator.py took 0.079 seconds
[2021-08-18 09:27:46,238] {scheduler_job.py:182} INFO - Started process (PID=1484) to work on /home/airflow/.local/lib/python3.6/site-packages/airflow/example_dags/example_short_circuit_operator.py
[2021-08-18 09:27:46,240] {scheduler_job.py:633} INFO - Processing file /home/airflow/.local/lib/python3.6/site-packages/airflow/example_dags/example_short_circuit_operator.py for tasks to queue
[2021-08-18 09:27:46,242] {logging_mixin.py:104} INFO - [2021-08-18 09:27:46,241] {dagbag.py:487} INFO - Filling up the DagBag from /home/airflow/.local/lib/python3.6/site-packages/airflow/example_dags/example_short_circuit_operator.py
[2021-08-18 09:27:46,258] {scheduler_job.py:643} INFO - DAG(s) dict_keys(['example_short_circuit_operator']) retrieved from /home/airflow/.local/lib/python3.6/site-packages/airflow/example_dags/example_short_circuit_operator.py
[2021-08-18 09:27:46,287] {logging_mixin.py:104} INFO - [2021-08-18 09:27:46,287] {dag.py:1832} INFO - Sync 1 DAGs
[2021-08-18 09:27:46,308] {logging_mixin.py:104} INFO - [2021-08-18 09:27:46,308] {dag.py:2305} INFO - Setting next_dagrun for example_short_circuit_operator to 2021-08-16 00:00:00+00:00
[2021-08-18 09:27:46,321] {scheduler_job.py:190} INFO - Processing /home/airflow/.local/lib/python3.6/site-packages/airflow/example_dags/example_short_circuit_operator.py took 0.088 seconds
[2021-08-18 09:28:17,279] {scheduler_job.py:182} INFO - Started process (PID=1563) to work on /home/airflow/.local/lib/python3.6/site-packages/airflow/example_dags/example_short_circuit_operator.py
[2021-08-18 09:28:17,290] {scheduler_job.py:633} INFO - Processing file /home/airflow/.local/lib/python3.6/site-packages/airflow/example_dags/example_short_circuit_operator.py for tasks to queue
[2021-08-18 09:28:17,291] {logging_mixin.py:104} INFO - [2021-08-18 09:28:17,291] {dagbag.py:487} INFO - Filling up the DagBag from /home/airflow/.local/lib/python3.6/site-packages/airflow/example_dags/example_short_circuit_operator.py
[2021-08-18 09:28:17,307] {scheduler_job.py:643} INFO - DAG(s) dict_keys(['example_short_circuit_operator']) retrieved from /home/airflow/.local/lib/python3.6/site-packages/airflow/example_dags/example_short_circuit_operator.py
[2021-08-18 09:28:17,330] {logging_mixin.py:104} INFO - [2021-08-18 09:28:17,330] {dag.py:1832} INFO - Sync 1 DAGs
[2021-08-18 09:28:17,349] {logging_mixin.py:104} INFO - [2021-08-18 09:28:17,349] {dag.py:2305} INFO - Setting next_dagrun for example_short_circuit_operator to 2021-08-16 00:00:00+00:00
[2021-08-18 09:28:17,360] {scheduler_job.py:190} INFO - Processing /home/airflow/.local/lib/python3.6/site-packages/airflow/example_dags/example_short_circuit_operator.py took 0.086 seconds
[2021-08-18 09:28:48,319] {scheduler_job.py:182} INFO - Started process (PID=1625) to work on /home/airflow/.local/lib/python3.6/site-packages/airflow/example_dags/example_short_circuit_operator.py
[2021-08-18 09:28:48,321] {scheduler_job.py:633} INFO - Processing file /home/airflow/.local/lib/python3.6/site-packages/airflow/example_dags/example_short_circuit_operator.py for tasks to queue
[2021-08-18 09:28:48,322] {logging_mixin.py:104} INFO - [2021-08-18 09:28:48,322] {dagbag.py:487} INFO - Filling up the DagBag from /home/airflow/.local/lib/python3.6/site-packages/airflow/example_dags/example_short_circuit_operator.py
[2021-08-18 09:28:48,341] {scheduler_job.py:643} INFO - DAG(s) dict_keys(['example_short_circuit_operator']) retrieved from /home/airflow/.local/lib/python3.6/site-packages/airflow/example_dags/example_short_circuit_operator.py
[2021-08-18 09:28:48,366] {logging_mixin.py:104} INFO - [2021-08-18 09:28:48,366] {dag.py:1832} INFO - Sync 1 DAGs
[2021-08-18 09:28:48,387] {logging_mixin.py:104} INFO - [2021-08-18 09:28:48,386] {dag.py:2305} INFO - Setting next_dagrun for example_short_circuit_operator to 2021-08-16 00:00:00+00:00
[2021-08-18 09:28:48,396] {scheduler_job.py:190} INFO - Processing /home/airflow/.local/lib/python3.6/site-packages/airflow/example_dags/example_short_circuit_operator.py took 0.081 seconds
[2021-08-18 09:29:19,463] {scheduler_job.py:182} INFO - Started process (PID=1703) to work on /home/airflow/.local/lib/python3.6/site-packages/airflow/example_dags/example_short_circuit_operator.py
[2021-08-18 09:29:19,465] {scheduler_job.py:633} INFO - Processing file /home/airflow/.local/lib/python3.6/site-packages/airflow/example_dags/example_short_circuit_operator.py for tasks to queue
[2021-08-18 09:29:19,466] {logging_mixin.py:104} INFO - [2021-08-18 09:29:19,466] {dagbag.py:487} INFO - Filling up the DagBag from /home/airflow/.local/lib/python3.6/site-packages/airflow/example_dags/example_short_circuit_operator.py
[2021-08-18 09:29:19,483] {scheduler_job.py:643} INFO - DAG(s) dict_keys(['example_short_circuit_operator']) retrieved from /home/airflow/.local/lib/python3.6/site-packages/airflow/example_dags/example_short_circuit_operator.py
[2021-08-18 09:29:19,506] {logging_mixin.py:104} INFO - [2021-08-18 09:29:19,506] {dag.py:1832} INFO - Sync 1 DAGs
[2021-08-18 09:29:19,523] {logging_mixin.py:104} INFO - [2021-08-18 09:29:19,523] {dag.py:2305} INFO - Setting next_dagrun for example_short_circuit_operator to 2021-08-16 00:00:00+00:00
[2021-08-18 09:29:19,534] {scheduler_job.py:190} INFO - Processing /home/airflow/.local/lib/python3.6/site-packages/airflow/example_dags/example_short_circuit_operator.py took 0.075 seconds
[2021-08-18 09:29:50,745] {scheduler_job.py:182} INFO - Started process (PID=1779) to work on /home/airflow/.local/lib/python3.6/site-packages/airflow/example_dags/example_short_circuit_operator.py
[2021-08-18 09:29:50,749] {scheduler_job.py:633} INFO - Processing file /home/airflow/.local/lib/python3.6/site-packages/airflow/example_dags/example_short_circuit_operator.py for tasks to queue
[2021-08-18 09:29:50,750] {logging_mixin.py:104} INFO - [2021-08-18 09:29:50,750] {dagbag.py:487} INFO - Filling up the DagBag from /home/airflow/.local/lib/python3.6/site-packages/airflow/example_dags/example_short_circuit_operator.py
[2021-08-18 09:29:50,767] {scheduler_job.py:643} INFO - DAG(s) dict_keys(['example_short_circuit_operator']) retrieved from /home/airflow/.local/lib/python3.6/site-packages/airflow/example_dags/example_short_circuit_operator.py
[2021-08-18 09:29:50,795] {logging_mixin.py:104} INFO - [2021-08-18 09:29:50,795] {dag.py:1832} INFO - Sync 1 DAGs
[2021-08-18 09:29:50,822] {logging_mixin.py:104} INFO - [2021-08-18 09:29:50,822] {dag.py:2305} INFO - Setting next_dagrun for example_short_circuit_operator to 2021-08-16 00:00:00+00:00
[2021-08-18 09:29:50,843] {scheduler_job.py:190} INFO - Processing /home/airflow/.local/lib/python3.6/site-packages/airflow/example_dags/example_short_circuit_operator.py took 0.102 seconds
[2021-08-18 09:30:21,891] {scheduler_job.py:182} INFO - Started process (PID=1850) to work on /home/airflow/.local/lib/python3.6/site-packages/airflow/example_dags/example_short_circuit_operator.py
[2021-08-18 09:30:21,893] {scheduler_job.py:633} INFO - Processing file /home/airflow/.local/lib/python3.6/site-packages/airflow/example_dags/example_short_circuit_operator.py for tasks to queue
[2021-08-18 09:30:21,894] {logging_mixin.py:104} INFO - [2021-08-18 09:30:21,894] {dagbag.py:487} INFO - Filling up the DagBag from /home/airflow/.local/lib/python3.6/site-packages/airflow/example_dags/example_short_circuit_operator.py
[2021-08-18 09:30:21,910] {scheduler_job.py:643} INFO - DAG(s) dict_keys(['example_short_circuit_operator']) retrieved from /home/airflow/.local/lib/python3.6/site-packages/airflow/example_dags/example_short_circuit_operator.py
[2021-08-18 09:30:21,937] {logging_mixin.py:104} INFO - [2021-08-18 09:30:21,937] {dag.py:1832} INFO - Sync 1 DAGs
[2021-08-18 09:30:21,958] {logging_mixin.py:104} INFO - [2021-08-18 09:30:21,958] {dag.py:2305} INFO - Setting next_dagrun for example_short_circuit_operator to 2021-08-16 00:00:00+00:00
[2021-08-18 09:30:21,969] {scheduler_job.py:190} INFO - Processing /home/airflow/.local/lib/python3.6/site-packages/airflow/example_dags/example_short_circuit_operator.py took 0.083 seconds
[2021-08-18 09:30:52,091] {scheduler_job.py:182} INFO - Started process (PID=1917) to work on /home/airflow/.local/lib/python3.6/site-packages/airflow/example_dags/example_short_circuit_operator.py
[2021-08-18 09:30:52,093] {scheduler_job.py:633} INFO - Processing file /home/airflow/.local/lib/python3.6/site-packages/airflow/example_dags/example_short_circuit_operator.py for tasks to queue
[2021-08-18 09:30:52,094] {logging_mixin.py:104} INFO - [2021-08-18 09:30:52,094] {dagbag.py:487} INFO - Filling up the DagBag from /home/airflow/.local/lib/python3.6/site-packages/airflow/example_dags/example_short_circuit_operator.py
[2021-08-18 09:30:52,107] {scheduler_job.py:643} INFO - DAG(s) dict_keys(['example_short_circuit_operator']) retrieved from /home/airflow/.local/lib/python3.6/site-packages/airflow/example_dags/example_short_circuit_operator.py
[2021-08-18 09:30:52,128] {logging_mixin.py:104} INFO - [2021-08-18 09:30:52,128] {dag.py:1832} INFO - Sync 1 DAGs
[2021-08-18 09:30:52,146] {logging_mixin.py:104} INFO - [2021-08-18 09:30:52,146] {dag.py:2305} INFO - Setting next_dagrun for example_short_circuit_operator to 2021-08-16 00:00:00+00:00
[2021-08-18 09:30:52,159] {scheduler_job.py:190} INFO - Processing /home/airflow/.local/lib/python3.6/site-packages/airflow/example_dags/example_short_circuit_operator.py took 0.072 seconds
[2021-08-18 09:31:23,033] {scheduler_job.py:182} INFO - Started process (PID=1994) to work on /home/airflow/.local/lib/python3.6/site-packages/airflow/example_dags/example_short_circuit_operator.py
[2021-08-18 09:31:23,035] {scheduler_job.py:633} INFO - Processing file /home/airflow/.local/lib/python3.6/site-packages/airflow/example_dags/example_short_circuit_operator.py for tasks to queue
[2021-08-18 09:31:23,036] {logging_mixin.py:104} INFO - [2021-08-18 09:31:23,036] {dagbag.py:487} INFO - Filling up the DagBag from /home/airflow/.local/lib/python3.6/site-packages/airflow/example_dags/example_short_circuit_operator.py
[2021-08-18 09:31:23,050] {scheduler_job.py:643} INFO - DAG(s) dict_keys(['example_short_circuit_operator']) retrieved from /home/airflow/.local/lib/python3.6/site-packages/airflow/example_dags/example_short_circuit_operator.py
[2021-08-18 09:31:23,071] {logging_mixin.py:104} INFO - [2021-08-18 09:31:23,071] {dag.py:1832} INFO - Sync 1 DAGs
[2021-08-18 09:31:23,090] {logging_mixin.py:104} INFO - [2021-08-18 09:31:23,090] {dag.py:2305} INFO - Setting next_dagrun for example_short_circuit_operator to 2021-08-16 00:00:00+00:00
[2021-08-18 09:31:23,100] {scheduler_job.py:190} INFO - Processing /home/airflow/.local/lib/python3.6/site-packages/airflow/example_dags/example_short_circuit_operator.py took 0.069 seconds
[2021-08-18 09:31:54,025] {scheduler_job.py:182} INFO - Started process (PID=2057) to work on /home/airflow/.local/lib/python3.6/site-packages/airflow/example_dags/example_short_circuit_operator.py
[2021-08-18 09:31:54,026] {scheduler_job.py:633} INFO - Processing file /home/airflow/.local/lib/python3.6/site-packages/airflow/example_dags/example_short_circuit_operator.py for tasks to queue
[2021-08-18 09:31:54,028] {logging_mixin.py:104} INFO - [2021-08-18 09:31:54,028] {dagbag.py:487} INFO - Filling up the DagBag from /home/airflow/.local/lib/python3.6/site-packages/airflow/example_dags/example_short_circuit_operator.py
[2021-08-18 09:31:54,042] {scheduler_job.py:643} INFO - DAG(s) dict_keys(['example_short_circuit_operator']) retrieved from /home/airflow/.local/lib/python3.6/site-packages/airflow/example_dags/example_short_circuit_operator.py
[2021-08-18 09:31:54,065] {logging_mixin.py:104} INFO - [2021-08-18 09:31:54,065] {dag.py:1832} INFO - Sync 1 DAGs
[2021-08-18 09:31:54,082] {logging_mixin.py:104} INFO - [2021-08-18 09:31:54,082] {dag.py:2305} INFO - Setting next_dagrun for example_short_circuit_operator to 2021-08-16 00:00:00+00:00
[2021-08-18 09:31:54,093] {scheduler_job.py:190} INFO - Processing /home/airflow/.local/lib/python3.6/site-packages/airflow/example_dags/example_short_circuit_operator.py took 0.072 seconds
[2021-08-18 09:32:24,528] {scheduler_job.py:182} INFO - Started process (PID=2136) to work on /home/airflow/.local/lib/python3.6/site-packages/airflow/example_dags/example_short_circuit_operator.py
[2021-08-18 09:32:24,529] {scheduler_job.py:633} INFO - Processing file /home/airflow/.local/lib/python3.6/site-packages/airflow/example_dags/example_short_circuit_operator.py for tasks to queue
[2021-08-18 09:32:24,531] {logging_mixin.py:104} INFO - [2021-08-18 09:32:24,531] {dagbag.py:487} INFO - Filling up the DagBag from /home/airflow/.local/lib/python3.6/site-packages/airflow/example_dags/example_short_circuit_operator.py
[2021-08-18 09:32:24,545] {scheduler_job.py:643} INFO - DAG(s) dict_keys(['example_short_circuit_operator']) retrieved from /home/airflow/.local/lib/python3.6/site-packages/airflow/example_dags/example_short_circuit_operator.py
[2021-08-18 09:32:24,566] {logging_mixin.py:104} INFO - [2021-08-18 09:32:24,566] {dag.py:1832} INFO - Sync 1 DAGs
[2021-08-18 09:32:24,582] {logging_mixin.py:104} INFO - [2021-08-18 09:32:24,582] {dag.py:2305} INFO - Setting next_dagrun for example_short_circuit_operator to 2021-08-16 00:00:00+00:00
[2021-08-18 09:32:24,592] {scheduler_job.py:190} INFO - Processing /home/airflow/.local/lib/python3.6/site-packages/airflow/example_dags/example_short_circuit_operator.py took 0.068 seconds
[2021-08-18 09:32:55,573] {scheduler_job.py:182} INFO - Started process (PID=2212) to work on /home/airflow/.local/lib/python3.6/site-packages/airflow/example_dags/example_short_circuit_operator.py
[2021-08-18 09:32:55,575] {scheduler_job.py:633} INFO - Processing file /home/airflow/.local/lib/python3.6/site-packages/airflow/example_dags/example_short_circuit_operator.py for tasks to queue
[2021-08-18 09:32:55,576] {logging_mixin.py:104} INFO - [2021-08-18 09:32:55,576] {dagbag.py:487} INFO - Filling up the DagBag from /home/airflow/.local/lib/python3.6/site-packages/airflow/example_dags/example_short_circuit_operator.py
[2021-08-18 09:32:55,591] {scheduler_job.py:643} INFO - DAG(s) dict_keys(['example_short_circuit_operator']) retrieved from /home/airflow/.local/lib/python3.6/site-packages/airflow/example_dags/example_short_circuit_operator.py
[2021-08-18 09:32:55,613] {logging_mixin.py:104} INFO - [2021-08-18 09:32:55,613] {dag.py:1832} INFO - Sync 1 DAGs
[2021-08-18 09:32:55,629] {logging_mixin.py:104} INFO - [2021-08-18 09:32:55,629] {dag.py:2305} INFO - Setting next_dagrun for example_short_circuit_operator to 2021-08-16 00:00:00+00:00
[2021-08-18 09:32:55,638] {scheduler_job.py:190} INFO - Processing /home/airflow/.local/lib/python3.6/site-packages/airflow/example_dags/example_short_circuit_operator.py took 0.069 seconds
