[2021-08-18 09:01:31,990] {scheduler_job.py:182} INFO - Started process (PID=31) to work on /home/airflow/.local/lib/python3.6/site-packages/airflow/example_dags/example_xcomargs.py
[2021-08-18 09:01:31,998] {scheduler_job.py:633} INFO - Processing file /home/airflow/.local/lib/python3.6/site-packages/airflow/example_dags/example_xcomargs.py for tasks to queue
[2021-08-18 09:01:32,000] {logging_mixin.py:104} INFO - [2021-08-18 09:01:32,000] {dagbag.py:487} INFO - Filling up the DagBag from /home/airflow/.local/lib/python3.6/site-packages/airflow/example_dags/example_xcomargs.py
[2021-08-18 09:01:32,078] {scheduler_job.py:643} INFO - DAG(s) dict_keys(['example_xcom_args', 'example_xcom_args_with_operators']) retrieved from /home/airflow/.local/lib/python3.6/site-packages/airflow/example_dags/example_xcomargs.py
[2021-08-18 09:01:39,837] {logging_mixin.py:104} INFO - [2021-08-18 09:01:39,836] {dag.py:1832} INFO - Sync 2 DAGs
[2021-08-18 09:01:39,859] {logging_mixin.py:104} INFO - [2021-08-18 09:01:39,857] {dag.py:1851} INFO - Creating ORM DAG for example_xcom_args_with_operators
[2021-08-18 09:01:39,905] {logging_mixin.py:104} INFO - [2021-08-18 09:01:39,905] {dag.py:1851} INFO - Creating ORM DAG for example_xcom_args
[2021-08-18 09:01:39,911] {logging_mixin.py:104} INFO - [2021-08-18 09:01:39,911] {dag.py:2305} INFO - Setting next_dagrun for example_xcom_args to None
[2021-08-18 09:01:39,912] {logging_mixin.py:104} INFO - [2021-08-18 09:01:39,912] {dag.py:2305} INFO - Setting next_dagrun for example_xcom_args_with_operators to None
[2021-08-18 09:01:39,925] {scheduler_job.py:190} INFO - Processing /home/airflow/.local/lib/python3.6/site-packages/airflow/example_dags/example_xcomargs.py took 7.940 seconds
[2021-08-18 09:02:45,284] {scheduler_job.py:182} INFO - Started process (PID=157) to work on /home/airflow/.local/lib/python3.6/site-packages/airflow/example_dags/example_xcomargs.py
[2021-08-18 09:02:45,286] {scheduler_job.py:633} INFO - Processing file /home/airflow/.local/lib/python3.6/site-packages/airflow/example_dags/example_xcomargs.py for tasks to queue
[2021-08-18 09:02:45,287] {logging_mixin.py:104} INFO - [2021-08-18 09:02:45,287] {dagbag.py:487} INFO - Filling up the DagBag from /home/airflow/.local/lib/python3.6/site-packages/airflow/example_dags/example_xcomargs.py
[2021-08-18 09:02:45,317] {scheduler_job.py:643} INFO - DAG(s) dict_keys(['example_xcom_args', 'example_xcom_args_with_operators']) retrieved from /home/airflow/.local/lib/python3.6/site-packages/airflow/example_dags/example_xcomargs.py
[2021-08-18 09:02:45,671] {logging_mixin.py:104} INFO - [2021-08-18 09:02:45,671] {dag.py:1832} INFO - Sync 2 DAGs
[2021-08-18 09:02:45,688] {logging_mixin.py:104} INFO - [2021-08-18 09:02:45,688] {dag.py:2305} INFO - Setting next_dagrun for example_xcom_args to None
[2021-08-18 09:02:45,690] {logging_mixin.py:104} INFO - [2021-08-18 09:02:45,690] {dag.py:2305} INFO - Setting next_dagrun for example_xcom_args_with_operators to None
[2021-08-18 09:02:45,706] {scheduler_job.py:190} INFO - Processing /home/airflow/.local/lib/python3.6/site-packages/airflow/example_dags/example_xcomargs.py took 0.427 seconds
[2021-08-18 09:03:16,013] {scheduler_job.py:182} INFO - Started process (PID=238) to work on /home/airflow/.local/lib/python3.6/site-packages/airflow/example_dags/example_xcomargs.py
[2021-08-18 09:03:16,015] {scheduler_job.py:633} INFO - Processing file /home/airflow/.local/lib/python3.6/site-packages/airflow/example_dags/example_xcomargs.py for tasks to queue
[2021-08-18 09:03:16,016] {logging_mixin.py:104} INFO - [2021-08-18 09:03:16,016] {dagbag.py:487} INFO - Filling up the DagBag from /home/airflow/.local/lib/python3.6/site-packages/airflow/example_dags/example_xcomargs.py
[2021-08-18 09:03:16,036] {scheduler_job.py:643} INFO - DAG(s) dict_keys(['example_xcom_args', 'example_xcom_args_with_operators']) retrieved from /home/airflow/.local/lib/python3.6/site-packages/airflow/example_dags/example_xcomargs.py
[2021-08-18 09:03:16,310] {logging_mixin.py:104} INFO - [2021-08-18 09:03:16,310] {dag.py:1832} INFO - Sync 2 DAGs
[2021-08-18 09:03:16,322] {logging_mixin.py:104} INFO - [2021-08-18 09:03:16,322] {dag.py:2305} INFO - Setting next_dagrun for example_xcom_args to None
[2021-08-18 09:03:16,324] {logging_mixin.py:104} INFO - [2021-08-18 09:03:16,324] {dag.py:2305} INFO - Setting next_dagrun for example_xcom_args_with_operators to None
[2021-08-18 09:03:16,335] {scheduler_job.py:190} INFO - Processing /home/airflow/.local/lib/python3.6/site-packages/airflow/example_dags/example_xcomargs.py took 0.325 seconds
[2021-08-18 09:03:46,651] {scheduler_job.py:182} INFO - Started process (PID=299) to work on /home/airflow/.local/lib/python3.6/site-packages/airflow/example_dags/example_xcomargs.py
[2021-08-18 09:03:46,666] {scheduler_job.py:633} INFO - Processing file /home/airflow/.local/lib/python3.6/site-packages/airflow/example_dags/example_xcomargs.py for tasks to queue
[2021-08-18 09:03:46,668] {logging_mixin.py:104} INFO - [2021-08-18 09:03:46,667] {dagbag.py:487} INFO - Filling up the DagBag from /home/airflow/.local/lib/python3.6/site-packages/airflow/example_dags/example_xcomargs.py
[2021-08-18 09:03:46,697] {scheduler_job.py:643} INFO - DAG(s) dict_keys(['example_xcom_args', 'example_xcom_args_with_operators']) retrieved from /home/airflow/.local/lib/python3.6/site-packages/airflow/example_dags/example_xcomargs.py
[2021-08-18 09:03:47,080] {logging_mixin.py:104} INFO - [2021-08-18 09:03:47,080] {dag.py:1832} INFO - Sync 2 DAGs
[2021-08-18 09:03:47,099] {logging_mixin.py:104} INFO - [2021-08-18 09:03:47,099] {dag.py:2305} INFO - Setting next_dagrun for example_xcom_args to None
[2021-08-18 09:03:47,101] {logging_mixin.py:104} INFO - [2021-08-18 09:03:47,100] {dag.py:2305} INFO - Setting next_dagrun for example_xcom_args_with_operators to None
[2021-08-18 09:03:47,121] {scheduler_job.py:190} INFO - Processing /home/airflow/.local/lib/python3.6/site-packages/airflow/example_dags/example_xcomargs.py took 0.474 seconds
[2021-08-18 09:04:17,390] {scheduler_job.py:182} INFO - Started process (PID=381) to work on /home/airflow/.local/lib/python3.6/site-packages/airflow/example_dags/example_xcomargs.py
[2021-08-18 09:04:17,392] {scheduler_job.py:633} INFO - Processing file /home/airflow/.local/lib/python3.6/site-packages/airflow/example_dags/example_xcomargs.py for tasks to queue
[2021-08-18 09:04:17,394] {logging_mixin.py:104} INFO - [2021-08-18 09:04:17,393] {dagbag.py:487} INFO - Filling up the DagBag from /home/airflow/.local/lib/python3.6/site-packages/airflow/example_dags/example_xcomargs.py
[2021-08-18 09:04:17,418] {scheduler_job.py:643} INFO - DAG(s) dict_keys(['example_xcom_args', 'example_xcom_args_with_operators']) retrieved from /home/airflow/.local/lib/python3.6/site-packages/airflow/example_dags/example_xcomargs.py
[2021-08-18 09:04:17,741] {logging_mixin.py:104} INFO - [2021-08-18 09:04:17,741] {dag.py:1832} INFO - Sync 2 DAGs
[2021-08-18 09:04:17,756] {logging_mixin.py:104} INFO - [2021-08-18 09:04:17,756] {dag.py:2305} INFO - Setting next_dagrun for example_xcom_args to None
[2021-08-18 09:04:17,758] {logging_mixin.py:104} INFO - [2021-08-18 09:04:17,758] {dag.py:2305} INFO - Setting next_dagrun for example_xcom_args_with_operators to None
[2021-08-18 09:04:17,770] {scheduler_job.py:190} INFO - Processing /home/airflow/.local/lib/python3.6/site-packages/airflow/example_dags/example_xcomargs.py took 0.383 seconds
[2021-08-18 09:04:47,899] {scheduler_job.py:182} INFO - Started process (PID=445) to work on /home/airflow/.local/lib/python3.6/site-packages/airflow/example_dags/example_xcomargs.py
[2021-08-18 09:04:47,912] {scheduler_job.py:633} INFO - Processing file /home/airflow/.local/lib/python3.6/site-packages/airflow/example_dags/example_xcomargs.py for tasks to queue
[2021-08-18 09:04:47,914] {logging_mixin.py:104} INFO - [2021-08-18 09:04:47,914] {dagbag.py:487} INFO - Filling up the DagBag from /home/airflow/.local/lib/python3.6/site-packages/airflow/example_dags/example_xcomargs.py
[2021-08-18 09:04:47,946] {scheduler_job.py:643} INFO - DAG(s) dict_keys(['example_xcom_args', 'example_xcom_args_with_operators']) retrieved from /home/airflow/.local/lib/python3.6/site-packages/airflow/example_dags/example_xcomargs.py
[2021-08-18 09:04:47,985] {logging_mixin.py:104} INFO - [2021-08-18 09:04:47,985] {dag.py:1832} INFO - Sync 2 DAGs
[2021-08-18 09:04:48,010] {logging_mixin.py:104} INFO - [2021-08-18 09:04:48,010] {dag.py:2305} INFO - Setting next_dagrun for example_xcom_args to None
[2021-08-18 09:04:48,012] {logging_mixin.py:104} INFO - [2021-08-18 09:04:48,012] {dag.py:2305} INFO - Setting next_dagrun for example_xcom_args_with_operators to None
[2021-08-18 09:04:48,028] {scheduler_job.py:190} INFO - Processing /home/airflow/.local/lib/python3.6/site-packages/airflow/example_dags/example_xcomargs.py took 0.135 seconds
[2021-08-18 09:05:18,302] {scheduler_job.py:182} INFO - Started process (PID=504) to work on /home/airflow/.local/lib/python3.6/site-packages/airflow/example_dags/example_xcomargs.py
[2021-08-18 09:05:18,303] {scheduler_job.py:633} INFO - Processing file /home/airflow/.local/lib/python3.6/site-packages/airflow/example_dags/example_xcomargs.py for tasks to queue
[2021-08-18 09:05:18,305] {logging_mixin.py:104} INFO - [2021-08-18 09:05:18,305] {dagbag.py:487} INFO - Filling up the DagBag from /home/airflow/.local/lib/python3.6/site-packages/airflow/example_dags/example_xcomargs.py
[2021-08-18 09:05:18,331] {scheduler_job.py:643} INFO - DAG(s) dict_keys(['example_xcom_args', 'example_xcom_args_with_operators']) retrieved from /home/airflow/.local/lib/python3.6/site-packages/airflow/example_dags/example_xcomargs.py
[2021-08-18 09:05:18,641] {logging_mixin.py:104} INFO - [2021-08-18 09:05:18,641] {dag.py:1832} INFO - Sync 2 DAGs
[2021-08-18 09:05:18,653] {logging_mixin.py:104} INFO - [2021-08-18 09:05:18,653] {dag.py:2305} INFO - Setting next_dagrun for example_xcom_args to None
[2021-08-18 09:05:18,654] {logging_mixin.py:104} INFO - [2021-08-18 09:05:18,654] {dag.py:2305} INFO - Setting next_dagrun for example_xcom_args_with_operators to None
[2021-08-18 09:05:18,666] {scheduler_job.py:190} INFO - Processing /home/airflow/.local/lib/python3.6/site-packages/airflow/example_dags/example_xcomargs.py took 0.368 seconds
[2021-08-18 09:05:48,874] {scheduler_job.py:182} INFO - Started process (PID=575) to work on /home/airflow/.local/lib/python3.6/site-packages/airflow/example_dags/example_xcomargs.py
[2021-08-18 09:05:48,876] {scheduler_job.py:633} INFO - Processing file /home/airflow/.local/lib/python3.6/site-packages/airflow/example_dags/example_xcomargs.py for tasks to queue
[2021-08-18 09:05:48,878] {logging_mixin.py:104} INFO - [2021-08-18 09:05:48,877] {dagbag.py:487} INFO - Filling up the DagBag from /home/airflow/.local/lib/python3.6/site-packages/airflow/example_dags/example_xcomargs.py
[2021-08-18 09:05:48,904] {scheduler_job.py:643} INFO - DAG(s) dict_keys(['example_xcom_args', 'example_xcom_args_with_operators']) retrieved from /home/airflow/.local/lib/python3.6/site-packages/airflow/example_dags/example_xcomargs.py
[2021-08-18 09:05:49,197] {logging_mixin.py:104} INFO - [2021-08-18 09:05:49,197] {dag.py:1832} INFO - Sync 2 DAGs
[2021-08-18 09:05:49,210] {logging_mixin.py:104} INFO - [2021-08-18 09:05:49,210] {dag.py:2305} INFO - Setting next_dagrun for example_xcom_args to None
[2021-08-18 09:05:49,212] {logging_mixin.py:104} INFO - [2021-08-18 09:05:49,212] {dag.py:2305} INFO - Setting next_dagrun for example_xcom_args_with_operators to None
[2021-08-18 09:05:49,226] {scheduler_job.py:190} INFO - Processing /home/airflow/.local/lib/python3.6/site-packages/airflow/example_dags/example_xcomargs.py took 0.356 seconds
[2021-08-18 09:06:21,604] {scheduler_job.py:182} INFO - Started process (PID=631) to work on /home/airflow/.local/lib/python3.6/site-packages/airflow/example_dags/example_xcomargs.py
[2021-08-18 09:06:21,607] {scheduler_job.py:633} INFO - Processing file /home/airflow/.local/lib/python3.6/site-packages/airflow/example_dags/example_xcomargs.py for tasks to queue
[2021-08-18 09:06:21,617] {logging_mixin.py:104} INFO - [2021-08-18 09:06:21,617] {dagbag.py:487} INFO - Filling up the DagBag from /home/airflow/.local/lib/python3.6/site-packages/airflow/example_dags/example_xcomargs.py
[2021-08-18 09:06:21,731] {scheduler_job.py:643} INFO - DAG(s) dict_keys(['example_xcom_args', 'example_xcom_args_with_operators']) retrieved from /home/airflow/.local/lib/python3.6/site-packages/airflow/example_dags/example_xcomargs.py
[2021-08-18 09:06:22,880] {logging_mixin.py:104} INFO - [2021-08-18 09:06:22,879] {dag.py:1832} INFO - Sync 2 DAGs
[2021-08-18 09:06:22,902] {logging_mixin.py:104} INFO - [2021-08-18 09:06:22,902] {dag.py:2305} INFO - Setting next_dagrun for example_xcom_args to None
[2021-08-18 09:06:22,904] {logging_mixin.py:104} INFO - [2021-08-18 09:06:22,904] {dag.py:2305} INFO - Setting next_dagrun for example_xcom_args_with_operators to None
[2021-08-18 09:06:22,923] {scheduler_job.py:190} INFO - Processing /home/airflow/.local/lib/python3.6/site-packages/airflow/example_dags/example_xcomargs.py took 1.326 seconds
[2021-08-18 09:06:53,076] {scheduler_job.py:182} INFO - Started process (PID=700) to work on /home/airflow/.local/lib/python3.6/site-packages/airflow/example_dags/example_xcomargs.py
[2021-08-18 09:06:53,078] {scheduler_job.py:633} INFO - Processing file /home/airflow/.local/lib/python3.6/site-packages/airflow/example_dags/example_xcomargs.py for tasks to queue
[2021-08-18 09:06:53,079] {logging_mixin.py:104} INFO - [2021-08-18 09:06:53,079] {dagbag.py:487} INFO - Filling up the DagBag from /home/airflow/.local/lib/python3.6/site-packages/airflow/example_dags/example_xcomargs.py
[2021-08-18 09:06:53,107] {scheduler_job.py:643} INFO - DAG(s) dict_keys(['example_xcom_args', 'example_xcom_args_with_operators']) retrieved from /home/airflow/.local/lib/python3.6/site-packages/airflow/example_dags/example_xcomargs.py
[2021-08-18 09:06:53,482] {logging_mixin.py:104} INFO - [2021-08-18 09:06:53,482] {dag.py:1832} INFO - Sync 2 DAGs
[2021-08-18 09:06:53,495] {logging_mixin.py:104} INFO - [2021-08-18 09:06:53,495] {dag.py:2305} INFO - Setting next_dagrun for example_xcom_args to None
[2021-08-18 09:06:53,496] {logging_mixin.py:104} INFO - [2021-08-18 09:06:53,496] {dag.py:2305} INFO - Setting next_dagrun for example_xcom_args_with_operators to None
[2021-08-18 09:06:53,508] {scheduler_job.py:190} INFO - Processing /home/airflow/.local/lib/python3.6/site-packages/airflow/example_dags/example_xcomargs.py took 0.437 seconds
[2021-08-18 09:07:24,364] {scheduler_job.py:182} INFO - Started process (PID=761) to work on /home/airflow/.local/lib/python3.6/site-packages/airflow/example_dags/example_xcomargs.py
[2021-08-18 09:07:24,374] {scheduler_job.py:633} INFO - Processing file /home/airflow/.local/lib/python3.6/site-packages/airflow/example_dags/example_xcomargs.py for tasks to queue
[2021-08-18 09:07:24,420] {logging_mixin.py:104} INFO - [2021-08-18 09:07:24,408] {dagbag.py:487} INFO - Filling up the DagBag from /home/airflow/.local/lib/python3.6/site-packages/airflow/example_dags/example_xcomargs.py
[2021-08-18 09:07:25,609] {scheduler_job.py:643} INFO - DAG(s) dict_keys(['example_xcom_args', 'example_xcom_args_with_operators']) retrieved from /home/airflow/.local/lib/python3.6/site-packages/airflow/example_dags/example_xcomargs.py
[2021-08-18 09:07:26,009] {logging_mixin.py:104} INFO - [2021-08-18 09:07:26,009] {dag.py:1832} INFO - Sync 2 DAGs
[2021-08-18 09:07:26,029] {logging_mixin.py:104} INFO - [2021-08-18 09:07:26,029] {dag.py:2305} INFO - Setting next_dagrun for example_xcom_args to None
[2021-08-18 09:07:26,032] {logging_mixin.py:104} INFO - [2021-08-18 09:07:26,032] {dag.py:2305} INFO - Setting next_dagrun for example_xcom_args_with_operators to None
[2021-08-18 09:07:26,052] {scheduler_job.py:190} INFO - Processing /home/airflow/.local/lib/python3.6/site-packages/airflow/example_dags/example_xcomargs.py took 1.706 seconds
[2021-08-18 09:07:56,669] {scheduler_job.py:182} INFO - Started process (PID=838) to work on /home/airflow/.local/lib/python3.6/site-packages/airflow/example_dags/example_xcomargs.py
[2021-08-18 09:07:56,671] {scheduler_job.py:633} INFO - Processing file /home/airflow/.local/lib/python3.6/site-packages/airflow/example_dags/example_xcomargs.py for tasks to queue
[2021-08-18 09:07:56,673] {logging_mixin.py:104} INFO - [2021-08-18 09:07:56,673] {dagbag.py:487} INFO - Filling up the DagBag from /home/airflow/.local/lib/python3.6/site-packages/airflow/example_dags/example_xcomargs.py
[2021-08-18 09:07:56,705] {scheduler_job.py:643} INFO - DAG(s) dict_keys(['example_xcom_args', 'example_xcom_args_with_operators']) retrieved from /home/airflow/.local/lib/python3.6/site-packages/airflow/example_dags/example_xcomargs.py
[2021-08-18 09:07:57,041] {logging_mixin.py:104} INFO - [2021-08-18 09:07:57,041] {dag.py:1832} INFO - Sync 2 DAGs
[2021-08-18 09:07:57,054] {logging_mixin.py:104} INFO - [2021-08-18 09:07:57,054] {dag.py:2305} INFO - Setting next_dagrun for example_xcom_args to None
[2021-08-18 09:07:57,055] {logging_mixin.py:104} INFO - [2021-08-18 09:07:57,055] {dag.py:2305} INFO - Setting next_dagrun for example_xcom_args_with_operators to None
[2021-08-18 09:07:57,067] {scheduler_job.py:190} INFO - Processing /home/airflow/.local/lib/python3.6/site-packages/airflow/example_dags/example_xcomargs.py took 0.403 seconds
[2021-08-18 09:08:27,372] {scheduler_job.py:182} INFO - Started process (PID=869) to work on /home/airflow/.local/lib/python3.6/site-packages/airflow/example_dags/example_xcomargs.py
[2021-08-18 09:08:27,375] {scheduler_job.py:633} INFO - Processing file /home/airflow/.local/lib/python3.6/site-packages/airflow/example_dags/example_xcomargs.py for tasks to queue
[2021-08-18 09:08:27,379] {logging_mixin.py:104} INFO - [2021-08-18 09:08:27,378] {dagbag.py:487} INFO - Filling up the DagBag from /home/airflow/.local/lib/python3.6/site-packages/airflow/example_dags/example_xcomargs.py
[2021-08-18 09:08:27,447] {scheduler_job.py:643} INFO - DAG(s) dict_keys(['example_xcom_args', 'example_xcom_args_with_operators']) retrieved from /home/airflow/.local/lib/python3.6/site-packages/airflow/example_dags/example_xcomargs.py
[2021-08-18 09:08:27,483] {logging_mixin.py:104} INFO - [2021-08-18 09:08:27,483] {dag.py:1832} INFO - Sync 2 DAGs
[2021-08-18 09:08:27,512] {logging_mixin.py:104} INFO - [2021-08-18 09:08:27,512] {dag.py:2305} INFO - Setting next_dagrun for example_xcom_args to None
[2021-08-18 09:08:27,514] {logging_mixin.py:104} INFO - [2021-08-18 09:08:27,514] {dag.py:2305} INFO - Setting next_dagrun for example_xcom_args_with_operators to None
[2021-08-18 09:08:27,531] {scheduler_job.py:190} INFO - Processing /home/airflow/.local/lib/python3.6/site-packages/airflow/example_dags/example_xcomargs.py took 0.165 seconds
[2021-08-18 09:08:58,386] {scheduler_job.py:182} INFO - Started process (PID=932) to work on /home/airflow/.local/lib/python3.6/site-packages/airflow/example_dags/example_xcomargs.py
[2021-08-18 09:08:58,389] {scheduler_job.py:633} INFO - Processing file /home/airflow/.local/lib/python3.6/site-packages/airflow/example_dags/example_xcomargs.py for tasks to queue
[2021-08-18 09:08:58,390] {logging_mixin.py:104} INFO - [2021-08-18 09:08:58,390] {dagbag.py:487} INFO - Filling up the DagBag from /home/airflow/.local/lib/python3.6/site-packages/airflow/example_dags/example_xcomargs.py
[2021-08-18 09:08:58,422] {scheduler_job.py:643} INFO - DAG(s) dict_keys(['example_xcom_args', 'example_xcom_args_with_operators']) retrieved from /home/airflow/.local/lib/python3.6/site-packages/airflow/example_dags/example_xcomargs.py
[2021-08-18 09:08:58,782] {logging_mixin.py:104} INFO - [2021-08-18 09:08:58,782] {dag.py:1832} INFO - Sync 2 DAGs
[2021-08-18 09:08:58,795] {logging_mixin.py:104} INFO - [2021-08-18 09:08:58,795] {dag.py:2305} INFO - Setting next_dagrun for example_xcom_args to None
[2021-08-18 09:08:58,797] {logging_mixin.py:104} INFO - [2021-08-18 09:08:58,797] {dag.py:2305} INFO - Setting next_dagrun for example_xcom_args_with_operators to None
[2021-08-18 09:08:58,808] {scheduler_job.py:190} INFO - Processing /home/airflow/.local/lib/python3.6/site-packages/airflow/example_dags/example_xcomargs.py took 0.426 seconds
[2021-08-18 09:09:28,902] {scheduler_job.py:182} INFO - Started process (PID=1009) to work on /home/airflow/.local/lib/python3.6/site-packages/airflow/example_dags/example_xcomargs.py
[2021-08-18 09:09:28,906] {scheduler_job.py:633} INFO - Processing file /home/airflow/.local/lib/python3.6/site-packages/airflow/example_dags/example_xcomargs.py for tasks to queue
[2021-08-18 09:09:28,907] {logging_mixin.py:104} INFO - [2021-08-18 09:09:28,907] {dagbag.py:487} INFO - Filling up the DagBag from /home/airflow/.local/lib/python3.6/site-packages/airflow/example_dags/example_xcomargs.py
[2021-08-18 09:09:28,934] {scheduler_job.py:643} INFO - DAG(s) dict_keys(['example_xcom_args', 'example_xcom_args_with_operators']) retrieved from /home/airflow/.local/lib/python3.6/site-packages/airflow/example_dags/example_xcomargs.py
[2021-08-18 09:09:29,330] {logging_mixin.py:104} INFO - [2021-08-18 09:09:29,330] {dag.py:1832} INFO - Sync 2 DAGs
[2021-08-18 09:09:29,344] {logging_mixin.py:104} INFO - [2021-08-18 09:09:29,344] {dag.py:2305} INFO - Setting next_dagrun for example_xcom_args to None
[2021-08-18 09:09:29,345] {logging_mixin.py:104} INFO - [2021-08-18 09:09:29,345] {dag.py:2305} INFO - Setting next_dagrun for example_xcom_args_with_operators to None
[2021-08-18 09:09:29,359] {scheduler_job.py:190} INFO - Processing /home/airflow/.local/lib/python3.6/site-packages/airflow/example_dags/example_xcomargs.py took 0.463 seconds
[2021-08-18 09:09:59,485] {scheduler_job.py:182} INFO - Started process (PID=1075) to work on /home/airflow/.local/lib/python3.6/site-packages/airflow/example_dags/example_xcomargs.py
[2021-08-18 09:09:59,490] {scheduler_job.py:633} INFO - Processing file /home/airflow/.local/lib/python3.6/site-packages/airflow/example_dags/example_xcomargs.py for tasks to queue
[2021-08-18 09:09:59,491] {logging_mixin.py:104} INFO - [2021-08-18 09:09:59,491] {dagbag.py:487} INFO - Filling up the DagBag from /home/airflow/.local/lib/python3.6/site-packages/airflow/example_dags/example_xcomargs.py
[2021-08-18 09:09:59,523] {scheduler_job.py:643} INFO - DAG(s) dict_keys(['example_xcom_args', 'example_xcom_args_with_operators']) retrieved from /home/airflow/.local/lib/python3.6/site-packages/airflow/example_dags/example_xcomargs.py
[2021-08-18 09:09:59,863] {logging_mixin.py:104} INFO - [2021-08-18 09:09:59,862] {dag.py:1832} INFO - Sync 2 DAGs
[2021-08-18 09:09:59,876] {logging_mixin.py:104} INFO - [2021-08-18 09:09:59,876] {dag.py:2305} INFO - Setting next_dagrun for example_xcom_args to None
[2021-08-18 09:09:59,878] {logging_mixin.py:104} INFO - [2021-08-18 09:09:59,878] {dag.py:2305} INFO - Setting next_dagrun for example_xcom_args_with_operators to None
[2021-08-18 09:09:59,891] {scheduler_job.py:190} INFO - Processing /home/airflow/.local/lib/python3.6/site-packages/airflow/example_dags/example_xcomargs.py took 0.412 seconds
[2021-08-18 09:10:30,247] {scheduler_job.py:182} INFO - Started process (PID=1155) to work on /home/airflow/.local/lib/python3.6/site-packages/airflow/example_dags/example_xcomargs.py
[2021-08-18 09:10:30,249] {scheduler_job.py:633} INFO - Processing file /home/airflow/.local/lib/python3.6/site-packages/airflow/example_dags/example_xcomargs.py for tasks to queue
[2021-08-18 09:10:30,250] {logging_mixin.py:104} INFO - [2021-08-18 09:10:30,250] {dagbag.py:487} INFO - Filling up the DagBag from /home/airflow/.local/lib/python3.6/site-packages/airflow/example_dags/example_xcomargs.py
[2021-08-18 09:10:30,275] {scheduler_job.py:643} INFO - DAG(s) dict_keys(['example_xcom_args', 'example_xcom_args_with_operators']) retrieved from /home/airflow/.local/lib/python3.6/site-packages/airflow/example_dags/example_xcomargs.py
[2021-08-18 09:10:30,584] {logging_mixin.py:104} INFO - [2021-08-18 09:10:30,583] {dag.py:1832} INFO - Sync 2 DAGs
[2021-08-18 09:10:30,595] {logging_mixin.py:104} INFO - [2021-08-18 09:10:30,595] {dag.py:2305} INFO - Setting next_dagrun for example_xcom_args to None
[2021-08-18 09:10:30,596] {logging_mixin.py:104} INFO - [2021-08-18 09:10:30,596] {dag.py:2305} INFO - Setting next_dagrun for example_xcom_args_with_operators to None
[2021-08-18 09:10:30,608] {scheduler_job.py:190} INFO - Processing /home/airflow/.local/lib/python3.6/site-packages/airflow/example_dags/example_xcomargs.py took 0.366 seconds
[2021-08-18 09:11:00,657] {scheduler_job.py:182} INFO - Started process (PID=1220) to work on /home/airflow/.local/lib/python3.6/site-packages/airflow/example_dags/example_xcomargs.py
[2021-08-18 09:11:00,659] {scheduler_job.py:633} INFO - Processing file /home/airflow/.local/lib/python3.6/site-packages/airflow/example_dags/example_xcomargs.py for tasks to queue
[2021-08-18 09:11:00,660] {logging_mixin.py:104} INFO - [2021-08-18 09:11:00,660] {dagbag.py:487} INFO - Filling up the DagBag from /home/airflow/.local/lib/python3.6/site-packages/airflow/example_dags/example_xcomargs.py
[2021-08-18 09:11:00,686] {scheduler_job.py:643} INFO - DAG(s) dict_keys(['example_xcom_args', 'example_xcom_args_with_operators']) retrieved from /home/airflow/.local/lib/python3.6/site-packages/airflow/example_dags/example_xcomargs.py
[2021-08-18 09:11:01,040] {logging_mixin.py:104} INFO - [2021-08-18 09:11:01,040] {dag.py:1832} INFO - Sync 2 DAGs
[2021-08-18 09:11:01,053] {logging_mixin.py:104} INFO - [2021-08-18 09:11:01,053] {dag.py:2305} INFO - Setting next_dagrun for example_xcom_args to None
[2021-08-18 09:11:01,054] {logging_mixin.py:104} INFO - [2021-08-18 09:11:01,054] {dag.py:2305} INFO - Setting next_dagrun for example_xcom_args_with_operators to None
[2021-08-18 09:11:01,066] {scheduler_job.py:190} INFO - Processing /home/airflow/.local/lib/python3.6/site-packages/airflow/example_dags/example_xcomargs.py took 0.413 seconds
[2021-08-18 09:11:31,111] {scheduler_job.py:182} INFO - Started process (PID=1297) to work on /home/airflow/.local/lib/python3.6/site-packages/airflow/example_dags/example_xcomargs.py
[2021-08-18 09:11:31,113] {scheduler_job.py:633} INFO - Processing file /home/airflow/.local/lib/python3.6/site-packages/airflow/example_dags/example_xcomargs.py for tasks to queue
[2021-08-18 09:11:31,114] {logging_mixin.py:104} INFO - [2021-08-18 09:11:31,114] {dagbag.py:487} INFO - Filling up the DagBag from /home/airflow/.local/lib/python3.6/site-packages/airflow/example_dags/example_xcomargs.py
[2021-08-18 09:11:31,138] {scheduler_job.py:643} INFO - DAG(s) dict_keys(['example_xcom_args', 'example_xcom_args_with_operators']) retrieved from /home/airflow/.local/lib/python3.6/site-packages/airflow/example_dags/example_xcomargs.py
[2021-08-18 09:11:31,440] {logging_mixin.py:104} INFO - [2021-08-18 09:11:31,440] {dag.py:1832} INFO - Sync 2 DAGs
[2021-08-18 09:11:31,452] {logging_mixin.py:104} INFO - [2021-08-18 09:11:31,452] {dag.py:2305} INFO - Setting next_dagrun for example_xcom_args to None
[2021-08-18 09:11:31,453] {logging_mixin.py:104} INFO - [2021-08-18 09:11:31,453] {dag.py:2305} INFO - Setting next_dagrun for example_xcom_args_with_operators to None
[2021-08-18 09:11:31,464] {scheduler_job.py:190} INFO - Processing /home/airflow/.local/lib/python3.6/site-packages/airflow/example_dags/example_xcomargs.py took 0.357 seconds
[2021-08-18 09:12:01,783] {scheduler_job.py:182} INFO - Started process (PID=1375) to work on /home/airflow/.local/lib/python3.6/site-packages/airflow/example_dags/example_xcomargs.py
[2021-08-18 09:12:01,787] {scheduler_job.py:633} INFO - Processing file /home/airflow/.local/lib/python3.6/site-packages/airflow/example_dags/example_xcomargs.py for tasks to queue
[2021-08-18 09:12:01,789] {logging_mixin.py:104} INFO - [2021-08-18 09:12:01,789] {dagbag.py:487} INFO - Filling up the DagBag from /home/airflow/.local/lib/python3.6/site-packages/airflow/example_dags/example_xcomargs.py
[2021-08-18 09:12:01,816] {scheduler_job.py:643} INFO - DAG(s) dict_keys(['example_xcom_args', 'example_xcom_args_with_operators']) retrieved from /home/airflow/.local/lib/python3.6/site-packages/airflow/example_dags/example_xcomargs.py
[2021-08-18 09:12:02,139] {logging_mixin.py:104} INFO - [2021-08-18 09:12:02,139] {dag.py:1832} INFO - Sync 2 DAGs
[2021-08-18 09:12:02,151] {logging_mixin.py:104} INFO - [2021-08-18 09:12:02,151] {dag.py:2305} INFO - Setting next_dagrun for example_xcom_args to None
[2021-08-18 09:12:02,152] {logging_mixin.py:104} INFO - [2021-08-18 09:12:02,152] {dag.py:2305} INFO - Setting next_dagrun for example_xcom_args_with_operators to None
[2021-08-18 09:12:02,164] {scheduler_job.py:190} INFO - Processing /home/airflow/.local/lib/python3.6/site-packages/airflow/example_dags/example_xcomargs.py took 0.385 seconds
[2021-08-18 09:12:32,511] {scheduler_job.py:182} INFO - Started process (PID=1438) to work on /home/airflow/.local/lib/python3.6/site-packages/airflow/example_dags/example_xcomargs.py
[2021-08-18 09:12:32,513] {scheduler_job.py:633} INFO - Processing file /home/airflow/.local/lib/python3.6/site-packages/airflow/example_dags/example_xcomargs.py for tasks to queue
[2021-08-18 09:12:32,515] {logging_mixin.py:104} INFO - [2021-08-18 09:12:32,514] {dagbag.py:487} INFO - Filling up the DagBag from /home/airflow/.local/lib/python3.6/site-packages/airflow/example_dags/example_xcomargs.py
[2021-08-18 09:12:32,538] {scheduler_job.py:643} INFO - DAG(s) dict_keys(['example_xcom_args', 'example_xcom_args_with_operators']) retrieved from /home/airflow/.local/lib/python3.6/site-packages/airflow/example_dags/example_xcomargs.py
[2021-08-18 09:12:32,838] {logging_mixin.py:104} INFO - [2021-08-18 09:12:32,838] {dag.py:1832} INFO - Sync 2 DAGs
[2021-08-18 09:12:32,870] {logging_mixin.py:104} INFO - [2021-08-18 09:12:32,870] {dag.py:2305} INFO - Setting next_dagrun for example_xcom_args to None
[2021-08-18 09:12:32,873] {logging_mixin.py:104} INFO - [2021-08-18 09:12:32,872] {dag.py:2305} INFO - Setting next_dagrun for example_xcom_args_with_operators to None
[2021-08-18 09:12:32,886] {scheduler_job.py:190} INFO - Processing /home/airflow/.local/lib/python3.6/site-packages/airflow/example_dags/example_xcomargs.py took 0.379 seconds
[2021-08-18 09:13:03,234] {scheduler_job.py:182} INFO - Started process (PID=1515) to work on /home/airflow/.local/lib/python3.6/site-packages/airflow/example_dags/example_xcomargs.py
[2021-08-18 09:13:03,235] {scheduler_job.py:633} INFO - Processing file /home/airflow/.local/lib/python3.6/site-packages/airflow/example_dags/example_xcomargs.py for tasks to queue
[2021-08-18 09:13:03,237] {logging_mixin.py:104} INFO - [2021-08-18 09:13:03,237] {dagbag.py:487} INFO - Filling up the DagBag from /home/airflow/.local/lib/python3.6/site-packages/airflow/example_dags/example_xcomargs.py
[2021-08-18 09:13:03,264] {scheduler_job.py:643} INFO - DAG(s) dict_keys(['example_xcom_args', 'example_xcom_args_with_operators']) retrieved from /home/airflow/.local/lib/python3.6/site-packages/airflow/example_dags/example_xcomargs.py
[2021-08-18 09:13:03,562] {logging_mixin.py:104} INFO - [2021-08-18 09:13:03,562] {dag.py:1832} INFO - Sync 2 DAGs
[2021-08-18 09:13:03,576] {logging_mixin.py:104} INFO - [2021-08-18 09:13:03,576] {dag.py:2305} INFO - Setting next_dagrun for example_xcom_args to None
[2021-08-18 09:13:03,577] {logging_mixin.py:104} INFO - [2021-08-18 09:13:03,577] {dag.py:2305} INFO - Setting next_dagrun for example_xcom_args_with_operators to None
[2021-08-18 09:13:03,589] {scheduler_job.py:190} INFO - Processing /home/airflow/.local/lib/python3.6/site-packages/airflow/example_dags/example_xcomargs.py took 0.359 seconds
[2021-08-18 09:13:33,674] {scheduler_job.py:182} INFO - Started process (PID=1581) to work on /home/airflow/.local/lib/python3.6/site-packages/airflow/example_dags/example_xcomargs.py
[2021-08-18 09:13:33,681] {scheduler_job.py:633} INFO - Processing file /home/airflow/.local/lib/python3.6/site-packages/airflow/example_dags/example_xcomargs.py for tasks to queue
[2021-08-18 09:13:33,682] {logging_mixin.py:104} INFO - [2021-08-18 09:13:33,682] {dagbag.py:487} INFO - Filling up the DagBag from /home/airflow/.local/lib/python3.6/site-packages/airflow/example_dags/example_xcomargs.py
[2021-08-18 09:13:33,717] {scheduler_job.py:643} INFO - DAG(s) dict_keys(['example_xcom_args', 'example_xcom_args_with_operators']) retrieved from /home/airflow/.local/lib/python3.6/site-packages/airflow/example_dags/example_xcomargs.py
[2021-08-18 09:13:34,295] {logging_mixin.py:104} INFO - [2021-08-18 09:13:34,294] {dag.py:1832} INFO - Sync 2 DAGs
[2021-08-18 09:13:34,315] {logging_mixin.py:104} INFO - [2021-08-18 09:13:34,315] {dag.py:2305} INFO - Setting next_dagrun for example_xcom_args to None
[2021-08-18 09:13:34,318] {logging_mixin.py:104} INFO - [2021-08-18 09:13:34,317] {dag.py:2305} INFO - Setting next_dagrun for example_xcom_args_with_operators to None
[2021-08-18 09:13:34,334] {scheduler_job.py:190} INFO - Processing /home/airflow/.local/lib/python3.6/site-packages/airflow/example_dags/example_xcomargs.py took 0.664 seconds
[2021-08-18 09:14:04,380] {scheduler_job.py:182} INFO - Started process (PID=1639) to work on /home/airflow/.local/lib/python3.6/site-packages/airflow/example_dags/example_xcomargs.py
[2021-08-18 09:14:04,383] {scheduler_job.py:633} INFO - Processing file /home/airflow/.local/lib/python3.6/site-packages/airflow/example_dags/example_xcomargs.py for tasks to queue
[2021-08-18 09:14:04,384] {logging_mixin.py:104} INFO - [2021-08-18 09:14:04,384] {dagbag.py:487} INFO - Filling up the DagBag from /home/airflow/.local/lib/python3.6/site-packages/airflow/example_dags/example_xcomargs.py
[2021-08-18 09:14:04,407] {scheduler_job.py:643} INFO - DAG(s) dict_keys(['example_xcom_args', 'example_xcom_args_with_operators']) retrieved from /home/airflow/.local/lib/python3.6/site-packages/airflow/example_dags/example_xcomargs.py
[2021-08-18 09:14:04,706] {logging_mixin.py:104} INFO - [2021-08-18 09:14:04,706] {dag.py:1832} INFO - Sync 2 DAGs
[2021-08-18 09:14:04,718] {logging_mixin.py:104} INFO - [2021-08-18 09:14:04,718] {dag.py:2305} INFO - Setting next_dagrun for example_xcom_args to None
[2021-08-18 09:14:04,720] {logging_mixin.py:104} INFO - [2021-08-18 09:14:04,720] {dag.py:2305} INFO - Setting next_dagrun for example_xcom_args_with_operators to None
[2021-08-18 09:14:04,731] {scheduler_job.py:190} INFO - Processing /home/airflow/.local/lib/python3.6/site-packages/airflow/example_dags/example_xcomargs.py took 0.355 seconds
[2021-08-18 09:14:35,233] {scheduler_job.py:182} INFO - Started process (PID=1713) to work on /home/airflow/.local/lib/python3.6/site-packages/airflow/example_dags/example_xcomargs.py
[2021-08-18 09:14:35,235] {scheduler_job.py:633} INFO - Processing file /home/airflow/.local/lib/python3.6/site-packages/airflow/example_dags/example_xcomargs.py for tasks to queue
[2021-08-18 09:14:35,236] {logging_mixin.py:104} INFO - [2021-08-18 09:14:35,236] {dagbag.py:487} INFO - Filling up the DagBag from /home/airflow/.local/lib/python3.6/site-packages/airflow/example_dags/example_xcomargs.py
[2021-08-18 09:14:35,262] {scheduler_job.py:643} INFO - DAG(s) dict_keys(['example_xcom_args', 'example_xcom_args_with_operators']) retrieved from /home/airflow/.local/lib/python3.6/site-packages/airflow/example_dags/example_xcomargs.py
[2021-08-18 09:14:35,552] {logging_mixin.py:104} INFO - [2021-08-18 09:14:35,552] {dag.py:1832} INFO - Sync 2 DAGs
[2021-08-18 09:14:35,569] {logging_mixin.py:104} INFO - [2021-08-18 09:14:35,569] {dag.py:2305} INFO - Setting next_dagrun for example_xcom_args to None
[2021-08-18 09:14:35,571] {logging_mixin.py:104} INFO - [2021-08-18 09:14:35,571] {dag.py:2305} INFO - Setting next_dagrun for example_xcom_args_with_operators to None
[2021-08-18 09:14:35,584] {scheduler_job.py:190} INFO - Processing /home/airflow/.local/lib/python3.6/site-packages/airflow/example_dags/example_xcomargs.py took 0.355 seconds
[2021-08-18 09:15:06,341] {scheduler_job.py:182} INFO - Started process (PID=1775) to work on /home/airflow/.local/lib/python3.6/site-packages/airflow/example_dags/example_xcomargs.py
[2021-08-18 09:15:06,343] {scheduler_job.py:633} INFO - Processing file /home/airflow/.local/lib/python3.6/site-packages/airflow/example_dags/example_xcomargs.py for tasks to queue
[2021-08-18 09:15:06,344] {logging_mixin.py:104} INFO - [2021-08-18 09:15:06,344] {dagbag.py:487} INFO - Filling up the DagBag from /home/airflow/.local/lib/python3.6/site-packages/airflow/example_dags/example_xcomargs.py
[2021-08-18 09:15:06,369] {scheduler_job.py:643} INFO - DAG(s) dict_keys(['example_xcom_args', 'example_xcom_args_with_operators']) retrieved from /home/airflow/.local/lib/python3.6/site-packages/airflow/example_dags/example_xcomargs.py
[2021-08-18 09:15:06,397] {logging_mixin.py:104} INFO - [2021-08-18 09:15:06,397] {dag.py:1832} INFO - Sync 2 DAGs
[2021-08-18 09:15:06,415] {logging_mixin.py:104} INFO - [2021-08-18 09:15:06,415] {dag.py:2305} INFO - Setting next_dagrun for example_xcom_args to None
[2021-08-18 09:15:06,416] {logging_mixin.py:104} INFO - [2021-08-18 09:15:06,416] {dag.py:2305} INFO - Setting next_dagrun for example_xcom_args_with_operators to None
[2021-08-18 09:15:06,427] {scheduler_job.py:190} INFO - Processing /home/airflow/.local/lib/python3.6/site-packages/airflow/example_dags/example_xcomargs.py took 0.091 seconds
[2021-08-18 09:15:36,520] {scheduler_job.py:182} INFO - Started process (PID=1852) to work on /home/airflow/.local/lib/python3.6/site-packages/airflow/example_dags/example_xcomargs.py
[2021-08-18 09:15:36,522] {scheduler_job.py:633} INFO - Processing file /home/airflow/.local/lib/python3.6/site-packages/airflow/example_dags/example_xcomargs.py for tasks to queue
[2021-08-18 09:15:36,523] {logging_mixin.py:104} INFO - [2021-08-18 09:15:36,523] {dagbag.py:487} INFO - Filling up the DagBag from /home/airflow/.local/lib/python3.6/site-packages/airflow/example_dags/example_xcomargs.py
[2021-08-18 09:15:36,546] {scheduler_job.py:643} INFO - DAG(s) dict_keys(['example_xcom_args', 'example_xcom_args_with_operators']) retrieved from /home/airflow/.local/lib/python3.6/site-packages/airflow/example_dags/example_xcomargs.py
[2021-08-18 09:15:36,858] {logging_mixin.py:104} INFO - [2021-08-18 09:15:36,857] {dag.py:1832} INFO - Sync 2 DAGs
[2021-08-18 09:15:36,870] {logging_mixin.py:104} INFO - [2021-08-18 09:15:36,870] {dag.py:2305} INFO - Setting next_dagrun for example_xcom_args to None
[2021-08-18 09:15:36,871] {logging_mixin.py:104} INFO - [2021-08-18 09:15:36,871] {dag.py:2305} INFO - Setting next_dagrun for example_xcom_args_with_operators to None
[2021-08-18 09:15:36,885] {scheduler_job.py:190} INFO - Processing /home/airflow/.local/lib/python3.6/site-packages/airflow/example_dags/example_xcomargs.py took 0.368 seconds
[2021-08-18 09:16:07,141] {scheduler_job.py:182} INFO - Started process (PID=1928) to work on /home/airflow/.local/lib/python3.6/site-packages/airflow/example_dags/example_xcomargs.py
[2021-08-18 09:16:07,143] {scheduler_job.py:633} INFO - Processing file /home/airflow/.local/lib/python3.6/site-packages/airflow/example_dags/example_xcomargs.py for tasks to queue
[2021-08-18 09:16:07,145] {logging_mixin.py:104} INFO - [2021-08-18 09:16:07,144] {dagbag.py:487} INFO - Filling up the DagBag from /home/airflow/.local/lib/python3.6/site-packages/airflow/example_dags/example_xcomargs.py
[2021-08-18 09:16:07,171] {scheduler_job.py:643} INFO - DAG(s) dict_keys(['example_xcom_args', 'example_xcom_args_with_operators']) retrieved from /home/airflow/.local/lib/python3.6/site-packages/airflow/example_dags/example_xcomargs.py
[2021-08-18 09:16:07,198] {logging_mixin.py:104} INFO - [2021-08-18 09:16:07,198] {dag.py:1832} INFO - Sync 2 DAGs
[2021-08-18 09:16:07,218] {logging_mixin.py:104} INFO - [2021-08-18 09:16:07,218] {dag.py:2305} INFO - Setting next_dagrun for example_xcom_args to None
[2021-08-18 09:16:07,220] {logging_mixin.py:104} INFO - [2021-08-18 09:16:07,220] {dag.py:2305} INFO - Setting next_dagrun for example_xcom_args_with_operators to None
[2021-08-18 09:16:07,233] {scheduler_job.py:190} INFO - Processing /home/airflow/.local/lib/python3.6/site-packages/airflow/example_dags/example_xcomargs.py took 0.097 seconds
[2021-08-18 09:16:37,829] {scheduler_job.py:182} INFO - Started process (PID=1990) to work on /home/airflow/.local/lib/python3.6/site-packages/airflow/example_dags/example_xcomargs.py
[2021-08-18 09:16:37,846] {scheduler_job.py:633} INFO - Processing file /home/airflow/.local/lib/python3.6/site-packages/airflow/example_dags/example_xcomargs.py for tasks to queue
[2021-08-18 09:16:37,848] {logging_mixin.py:104} INFO - [2021-08-18 09:16:37,848] {dagbag.py:487} INFO - Filling up the DagBag from /home/airflow/.local/lib/python3.6/site-packages/airflow/example_dags/example_xcomargs.py
[2021-08-18 09:16:37,895] {scheduler_job.py:643} INFO - DAG(s) dict_keys(['example_xcom_args', 'example_xcom_args_with_operators']) retrieved from /home/airflow/.local/lib/python3.6/site-packages/airflow/example_dags/example_xcomargs.py
[2021-08-18 09:16:38,207] {logging_mixin.py:104} INFO - [2021-08-18 09:16:38,207] {dag.py:1832} INFO - Sync 2 DAGs
[2021-08-18 09:16:38,225] {logging_mixin.py:104} INFO - [2021-08-18 09:16:38,225] {dag.py:2305} INFO - Setting next_dagrun for example_xcom_args to None
[2021-08-18 09:16:38,227] {logging_mixin.py:104} INFO - [2021-08-18 09:16:38,227] {dag.py:2305} INFO - Setting next_dagrun for example_xcom_args_with_operators to None
[2021-08-18 09:16:38,237] {scheduler_job.py:190} INFO - Processing /home/airflow/.local/lib/python3.6/site-packages/airflow/example_dags/example_xcomargs.py took 0.413 seconds
[2021-08-18 09:17:34,464] {scheduler_job.py:182} INFO - Started process (PID=30) to work on /home/airflow/.local/lib/python3.6/site-packages/airflow/example_dags/example_xcomargs.py
[2021-08-18 09:17:34,467] {scheduler_job.py:633} INFO - Processing file /home/airflow/.local/lib/python3.6/site-packages/airflow/example_dags/example_xcomargs.py for tasks to queue
[2021-08-18 09:17:34,468] {logging_mixin.py:104} INFO - [2021-08-18 09:17:34,467] {dagbag.py:487} INFO - Filling up the DagBag from /home/airflow/.local/lib/python3.6/site-packages/airflow/example_dags/example_xcomargs.py
[2021-08-18 09:17:34,495] {scheduler_job.py:643} INFO - DAG(s) dict_keys(['example_xcom_args', 'example_xcom_args_with_operators']) retrieved from /home/airflow/.local/lib/python3.6/site-packages/airflow/example_dags/example_xcomargs.py
[2021-08-18 09:17:34,768] {logging_mixin.py:104} INFO - [2021-08-18 09:17:34,768] {dag.py:1832} INFO - Sync 2 DAGs
[2021-08-18 09:17:34,783] {logging_mixin.py:104} INFO - [2021-08-18 09:17:34,783] {dag.py:2305} INFO - Setting next_dagrun for example_xcom_args to None
[2021-08-18 09:17:34,784] {logging_mixin.py:104} INFO - [2021-08-18 09:17:34,784] {dag.py:2305} INFO - Setting next_dagrun for example_xcom_args_with_operators to None
[2021-08-18 09:17:34,793] {scheduler_job.py:190} INFO - Processing /home/airflow/.local/lib/python3.6/site-packages/airflow/example_dags/example_xcomargs.py took 0.332 seconds
[2021-08-18 09:18:05,646] {scheduler_job.py:182} INFO - Started process (PID=107) to work on /home/airflow/.local/lib/python3.6/site-packages/airflow/example_dags/example_xcomargs.py
[2021-08-18 09:18:05,648] {scheduler_job.py:633} INFO - Processing file /home/airflow/.local/lib/python3.6/site-packages/airflow/example_dags/example_xcomargs.py for tasks to queue
[2021-08-18 09:18:05,649] {logging_mixin.py:104} INFO - [2021-08-18 09:18:05,649] {dagbag.py:487} INFO - Filling up the DagBag from /home/airflow/.local/lib/python3.6/site-packages/airflow/example_dags/example_xcomargs.py
[2021-08-18 09:18:05,670] {scheduler_job.py:643} INFO - DAG(s) dict_keys(['example_xcom_args', 'example_xcom_args_with_operators']) retrieved from /home/airflow/.local/lib/python3.6/site-packages/airflow/example_dags/example_xcomargs.py
[2021-08-18 09:18:05,857] {logging_mixin.py:104} INFO - [2021-08-18 09:18:05,857] {dag.py:1832} INFO - Sync 2 DAGs
[2021-08-18 09:18:05,869] {logging_mixin.py:104} INFO - [2021-08-18 09:18:05,869] {dag.py:2305} INFO - Setting next_dagrun for example_xcom_args to None
[2021-08-18 09:18:05,871] {logging_mixin.py:104} INFO - [2021-08-18 09:18:05,871] {dag.py:2305} INFO - Setting next_dagrun for example_xcom_args_with_operators to None
[2021-08-18 09:18:05,885] {scheduler_job.py:190} INFO - Processing /home/airflow/.local/lib/python3.6/site-packages/airflow/example_dags/example_xcomargs.py took 0.244 seconds
[2021-08-18 09:18:36,538] {scheduler_job.py:182} INFO - Started process (PID=170) to work on /home/airflow/.local/lib/python3.6/site-packages/airflow/example_dags/example_xcomargs.py
[2021-08-18 09:18:36,539] {scheduler_job.py:633} INFO - Processing file /home/airflow/.local/lib/python3.6/site-packages/airflow/example_dags/example_xcomargs.py for tasks to queue
[2021-08-18 09:18:36,542] {logging_mixin.py:104} INFO - [2021-08-18 09:18:36,541] {dagbag.py:487} INFO - Filling up the DagBag from /home/airflow/.local/lib/python3.6/site-packages/airflow/example_dags/example_xcomargs.py
[2021-08-18 09:18:36,572] {scheduler_job.py:643} INFO - DAG(s) dict_keys(['example_xcom_args', 'example_xcom_args_with_operators']) retrieved from /home/airflow/.local/lib/python3.6/site-packages/airflow/example_dags/example_xcomargs.py
[2021-08-18 09:18:36,856] {logging_mixin.py:104} INFO - [2021-08-18 09:18:36,856] {dag.py:1832} INFO - Sync 2 DAGs
[2021-08-18 09:18:36,873] {logging_mixin.py:104} INFO - [2021-08-18 09:18:36,873] {dag.py:2305} INFO - Setting next_dagrun for example_xcom_args to None
[2021-08-18 09:18:36,875] {logging_mixin.py:104} INFO - [2021-08-18 09:18:36,875] {dag.py:2305} INFO - Setting next_dagrun for example_xcom_args_with_operators to None
[2021-08-18 09:18:36,889] {scheduler_job.py:190} INFO - Processing /home/airflow/.local/lib/python3.6/site-packages/airflow/example_dags/example_xcomargs.py took 0.356 seconds
[2021-08-18 09:19:06,955] {scheduler_job.py:182} INFO - Started process (PID=248) to work on /home/airflow/.local/lib/python3.6/site-packages/airflow/example_dags/example_xcomargs.py
[2021-08-18 09:19:06,957] {scheduler_job.py:633} INFO - Processing file /home/airflow/.local/lib/python3.6/site-packages/airflow/example_dags/example_xcomargs.py for tasks to queue
[2021-08-18 09:19:06,959] {logging_mixin.py:104} INFO - [2021-08-18 09:19:06,959] {dagbag.py:487} INFO - Filling up the DagBag from /home/airflow/.local/lib/python3.6/site-packages/airflow/example_dags/example_xcomargs.py
[2021-08-18 09:19:06,986] {scheduler_job.py:643} INFO - DAG(s) dict_keys(['example_xcom_args', 'example_xcom_args_with_operators']) retrieved from /home/airflow/.local/lib/python3.6/site-packages/airflow/example_dags/example_xcomargs.py
[2021-08-18 09:19:07,242] {logging_mixin.py:104} INFO - [2021-08-18 09:19:07,242] {dag.py:1832} INFO - Sync 2 DAGs
[2021-08-18 09:19:07,266] {logging_mixin.py:104} INFO - [2021-08-18 09:19:07,265] {dag.py:2305} INFO - Setting next_dagrun for example_xcom_args to None
[2021-08-18 09:19:07,268] {logging_mixin.py:104} INFO - [2021-08-18 09:19:07,267] {dag.py:2305} INFO - Setting next_dagrun for example_xcom_args_with_operators to None
[2021-08-18 09:19:07,281] {scheduler_job.py:190} INFO - Processing /home/airflow/.local/lib/python3.6/site-packages/airflow/example_dags/example_xcomargs.py took 0.331 seconds
[2021-08-18 09:19:37,331] {scheduler_job.py:182} INFO - Started process (PID=312) to work on /home/airflow/.local/lib/python3.6/site-packages/airflow/example_dags/example_xcomargs.py
[2021-08-18 09:19:37,333] {scheduler_job.py:633} INFO - Processing file /home/airflow/.local/lib/python3.6/site-packages/airflow/example_dags/example_xcomargs.py for tasks to queue
[2021-08-18 09:19:37,335] {logging_mixin.py:104} INFO - [2021-08-18 09:19:37,334] {dagbag.py:487} INFO - Filling up the DagBag from /home/airflow/.local/lib/python3.6/site-packages/airflow/example_dags/example_xcomargs.py
[2021-08-18 09:19:37,360] {scheduler_job.py:643} INFO - DAG(s) dict_keys(['example_xcom_args', 'example_xcom_args_with_operators']) retrieved from /home/airflow/.local/lib/python3.6/site-packages/airflow/example_dags/example_xcomargs.py
[2021-08-18 09:19:37,633] {logging_mixin.py:104} INFO - [2021-08-18 09:19:37,633] {dag.py:1832} INFO - Sync 2 DAGs
[2021-08-18 09:19:37,651] {logging_mixin.py:104} INFO - [2021-08-18 09:19:37,651] {dag.py:2305} INFO - Setting next_dagrun for example_xcom_args to None
[2021-08-18 09:19:37,652] {logging_mixin.py:104} INFO - [2021-08-18 09:19:37,652] {dag.py:2305} INFO - Setting next_dagrun for example_xcom_args_with_operators to None
[2021-08-18 09:19:37,666] {scheduler_job.py:190} INFO - Processing /home/airflow/.local/lib/python3.6/site-packages/airflow/example_dags/example_xcomargs.py took 0.340 seconds
[2021-08-18 09:20:07,754] {scheduler_job.py:182} INFO - Started process (PID=390) to work on /home/airflow/.local/lib/python3.6/site-packages/airflow/example_dags/example_xcomargs.py
[2021-08-18 09:20:07,757] {scheduler_job.py:633} INFO - Processing file /home/airflow/.local/lib/python3.6/site-packages/airflow/example_dags/example_xcomargs.py for tasks to queue
[2021-08-18 09:20:07,758] {logging_mixin.py:104} INFO - [2021-08-18 09:20:07,758] {dagbag.py:487} INFO - Filling up the DagBag from /home/airflow/.local/lib/python3.6/site-packages/airflow/example_dags/example_xcomargs.py
[2021-08-18 09:20:07,781] {scheduler_job.py:643} INFO - DAG(s) dict_keys(['example_xcom_args', 'example_xcom_args_with_operators']) retrieved from /home/airflow/.local/lib/python3.6/site-packages/airflow/example_dags/example_xcomargs.py
[2021-08-18 09:20:07,991] {logging_mixin.py:104} INFO - [2021-08-18 09:20:07,991] {dag.py:1832} INFO - Sync 2 DAGs
[2021-08-18 09:20:08,008] {logging_mixin.py:104} INFO - [2021-08-18 09:20:08,008] {dag.py:2305} INFO - Setting next_dagrun for example_xcom_args to None
[2021-08-18 09:20:08,011] {logging_mixin.py:104} INFO - [2021-08-18 09:20:08,010] {dag.py:2305} INFO - Setting next_dagrun for example_xcom_args_with_operators to None
[2021-08-18 09:20:08,023] {scheduler_job.py:190} INFO - Processing /home/airflow/.local/lib/python3.6/site-packages/airflow/example_dags/example_xcomargs.py took 0.274 seconds
[2021-08-18 09:20:38,197] {scheduler_job.py:182} INFO - Started process (PID=465) to work on /home/airflow/.local/lib/python3.6/site-packages/airflow/example_dags/example_xcomargs.py
[2021-08-18 09:20:38,200] {scheduler_job.py:633} INFO - Processing file /home/airflow/.local/lib/python3.6/site-packages/airflow/example_dags/example_xcomargs.py for tasks to queue
[2021-08-18 09:20:38,202] {logging_mixin.py:104} INFO - [2021-08-18 09:20:38,202] {dagbag.py:487} INFO - Filling up the DagBag from /home/airflow/.local/lib/python3.6/site-packages/airflow/example_dags/example_xcomargs.py
[2021-08-18 09:20:38,229] {scheduler_job.py:643} INFO - DAG(s) dict_keys(['example_xcom_args', 'example_xcom_args_with_operators']) retrieved from /home/airflow/.local/lib/python3.6/site-packages/airflow/example_dags/example_xcomargs.py
[2021-08-18 09:20:38,452] {logging_mixin.py:104} INFO - [2021-08-18 09:20:38,452] {dag.py:1832} INFO - Sync 2 DAGs
[2021-08-18 09:20:38,466] {logging_mixin.py:104} INFO - [2021-08-18 09:20:38,466] {dag.py:2305} INFO - Setting next_dagrun for example_xcom_args to None
[2021-08-18 09:20:38,468] {logging_mixin.py:104} INFO - [2021-08-18 09:20:38,468] {dag.py:2305} INFO - Setting next_dagrun for example_xcom_args_with_operators to None
[2021-08-18 09:20:38,478] {scheduler_job.py:190} INFO - Processing /home/airflow/.local/lib/python3.6/site-packages/airflow/example_dags/example_xcomargs.py took 0.287 seconds
[2021-08-18 09:21:08,515] {scheduler_job.py:182} INFO - Started process (PID=526) to work on /home/airflow/.local/lib/python3.6/site-packages/airflow/example_dags/example_xcomargs.py
[2021-08-18 09:21:08,516] {scheduler_job.py:633} INFO - Processing file /home/airflow/.local/lib/python3.6/site-packages/airflow/example_dags/example_xcomargs.py for tasks to queue
[2021-08-18 09:21:08,518] {logging_mixin.py:104} INFO - [2021-08-18 09:21:08,518] {dagbag.py:487} INFO - Filling up the DagBag from /home/airflow/.local/lib/python3.6/site-packages/airflow/example_dags/example_xcomargs.py
[2021-08-18 09:21:08,540] {scheduler_job.py:643} INFO - DAG(s) dict_keys(['example_xcom_args', 'example_xcom_args_with_operators']) retrieved from /home/airflow/.local/lib/python3.6/site-packages/airflow/example_dags/example_xcomargs.py
[2021-08-18 09:21:08,566] {logging_mixin.py:104} INFO - [2021-08-18 09:21:08,566] {dag.py:1832} INFO - Sync 2 DAGs
[2021-08-18 09:21:08,584] {logging_mixin.py:104} INFO - [2021-08-18 09:21:08,584] {dag.py:2305} INFO - Setting next_dagrun for example_xcom_args to None
[2021-08-18 09:21:08,585] {logging_mixin.py:104} INFO - [2021-08-18 09:21:08,585] {dag.py:2305} INFO - Setting next_dagrun for example_xcom_args_with_operators to None
[2021-08-18 09:21:08,595] {scheduler_job.py:190} INFO - Processing /home/airflow/.local/lib/python3.6/site-packages/airflow/example_dags/example_xcomargs.py took 0.086 seconds
[2021-08-18 09:21:38,758] {scheduler_job.py:182} INFO - Started process (PID=605) to work on /home/airflow/.local/lib/python3.6/site-packages/airflow/example_dags/example_xcomargs.py
[2021-08-18 09:21:38,761] {scheduler_job.py:633} INFO - Processing file /home/airflow/.local/lib/python3.6/site-packages/airflow/example_dags/example_xcomargs.py for tasks to queue
[2021-08-18 09:21:38,763] {logging_mixin.py:104} INFO - [2021-08-18 09:21:38,762] {dagbag.py:487} INFO - Filling up the DagBag from /home/airflow/.local/lib/python3.6/site-packages/airflow/example_dags/example_xcomargs.py
[2021-08-18 09:21:38,788] {scheduler_job.py:643} INFO - DAG(s) dict_keys(['example_xcom_args', 'example_xcom_args_with_operators']) retrieved from /home/airflow/.local/lib/python3.6/site-packages/airflow/example_dags/example_xcomargs.py
[2021-08-18 09:21:39,001] {logging_mixin.py:104} INFO - [2021-08-18 09:21:39,001] {dag.py:1832} INFO - Sync 2 DAGs
[2021-08-18 09:21:39,017] {logging_mixin.py:104} INFO - [2021-08-18 09:21:39,017] {dag.py:2305} INFO - Setting next_dagrun for example_xcom_args to None
[2021-08-18 09:21:39,018] {logging_mixin.py:104} INFO - [2021-08-18 09:21:39,018] {dag.py:2305} INFO - Setting next_dagrun for example_xcom_args_with_operators to None
[2021-08-18 09:21:39,029] {scheduler_job.py:190} INFO - Processing /home/airflow/.local/lib/python3.6/site-packages/airflow/example_dags/example_xcomargs.py took 0.276 seconds
[2021-08-18 09:22:09,205] {scheduler_job.py:182} INFO - Started process (PID=668) to work on /home/airflow/.local/lib/python3.6/site-packages/airflow/example_dags/example_xcomargs.py
[2021-08-18 09:22:09,206] {scheduler_job.py:633} INFO - Processing file /home/airflow/.local/lib/python3.6/site-packages/airflow/example_dags/example_xcomargs.py for tasks to queue
[2021-08-18 09:22:09,208] {logging_mixin.py:104} INFO - [2021-08-18 09:22:09,208] {dagbag.py:487} INFO - Filling up the DagBag from /home/airflow/.local/lib/python3.6/site-packages/airflow/example_dags/example_xcomargs.py
[2021-08-18 09:22:09,230] {scheduler_job.py:643} INFO - DAG(s) dict_keys(['example_xcom_args', 'example_xcom_args_with_operators']) retrieved from /home/airflow/.local/lib/python3.6/site-packages/airflow/example_dags/example_xcomargs.py
[2021-08-18 09:22:09,414] {logging_mixin.py:104} INFO - [2021-08-18 09:22:09,414] {dag.py:1832} INFO - Sync 2 DAGs
[2021-08-18 09:22:09,427] {logging_mixin.py:104} INFO - [2021-08-18 09:22:09,427] {dag.py:2305} INFO - Setting next_dagrun for example_xcom_args to None
[2021-08-18 09:22:09,428] {logging_mixin.py:104} INFO - [2021-08-18 09:22:09,428] {dag.py:2305} INFO - Setting next_dagrun for example_xcom_args_with_operators to None
[2021-08-18 09:22:09,439] {scheduler_job.py:190} INFO - Processing /home/airflow/.local/lib/python3.6/site-packages/airflow/example_dags/example_xcomargs.py took 0.239 seconds
[2021-08-18 09:22:39,511] {scheduler_job.py:182} INFO - Started process (PID=745) to work on /home/airflow/.local/lib/python3.6/site-packages/airflow/example_dags/example_xcomargs.py
[2021-08-18 09:22:39,513] {scheduler_job.py:633} INFO - Processing file /home/airflow/.local/lib/python3.6/site-packages/airflow/example_dags/example_xcomargs.py for tasks to queue
[2021-08-18 09:22:39,514] {logging_mixin.py:104} INFO - [2021-08-18 09:22:39,514] {dagbag.py:487} INFO - Filling up the DagBag from /home/airflow/.local/lib/python3.6/site-packages/airflow/example_dags/example_xcomargs.py
[2021-08-18 09:22:39,537] {scheduler_job.py:643} INFO - DAG(s) dict_keys(['example_xcom_args', 'example_xcom_args_with_operators']) retrieved from /home/airflow/.local/lib/python3.6/site-packages/airflow/example_dags/example_xcomargs.py
[2021-08-18 09:22:39,710] {logging_mixin.py:104} INFO - [2021-08-18 09:22:39,710] {dag.py:1832} INFO - Sync 2 DAGs
[2021-08-18 09:22:39,723] {logging_mixin.py:104} INFO - [2021-08-18 09:22:39,722] {dag.py:2305} INFO - Setting next_dagrun for example_xcom_args to None
[2021-08-18 09:22:39,724] {logging_mixin.py:104} INFO - [2021-08-18 09:22:39,724] {dag.py:2305} INFO - Setting next_dagrun for example_xcom_args_with_operators to None
[2021-08-18 09:22:39,734] {scheduler_job.py:190} INFO - Processing /home/airflow/.local/lib/python3.6/site-packages/airflow/example_dags/example_xcomargs.py took 0.227 seconds
[2021-08-18 09:23:09,808] {scheduler_job.py:182} INFO - Started process (PID=822) to work on /home/airflow/.local/lib/python3.6/site-packages/airflow/example_dags/example_xcomargs.py
[2021-08-18 09:23:09,810] {scheduler_job.py:633} INFO - Processing file /home/airflow/.local/lib/python3.6/site-packages/airflow/example_dags/example_xcomargs.py for tasks to queue
[2021-08-18 09:23:09,811] {logging_mixin.py:104} INFO - [2021-08-18 09:23:09,811] {dagbag.py:487} INFO - Filling up the DagBag from /home/airflow/.local/lib/python3.6/site-packages/airflow/example_dags/example_xcomargs.py
[2021-08-18 09:23:09,828] {scheduler_job.py:643} INFO - DAG(s) dict_keys(['example_xcom_args', 'example_xcom_args_with_operators']) retrieved from /home/airflow/.local/lib/python3.6/site-packages/airflow/example_dags/example_xcomargs.py
[2021-08-18 09:23:09,848] {logging_mixin.py:104} INFO - [2021-08-18 09:23:09,848] {dag.py:1832} INFO - Sync 2 DAGs
[2021-08-18 09:23:09,863] {logging_mixin.py:104} INFO - [2021-08-18 09:23:09,862] {dag.py:2305} INFO - Setting next_dagrun for example_xcom_args to None
[2021-08-18 09:23:09,864] {logging_mixin.py:104} INFO - [2021-08-18 09:23:09,864] {dag.py:2305} INFO - Setting next_dagrun for example_xcom_args_with_operators to None
[2021-08-18 09:23:09,876] {scheduler_job.py:190} INFO - Processing /home/airflow/.local/lib/python3.6/site-packages/airflow/example_dags/example_xcomargs.py took 0.072 seconds
[2021-08-18 09:23:39,999] {scheduler_job.py:182} INFO - Started process (PID=896) to work on /home/airflow/.local/lib/python3.6/site-packages/airflow/example_dags/example_xcomargs.py
[2021-08-18 09:23:40,002] {scheduler_job.py:633} INFO - Processing file /home/airflow/.local/lib/python3.6/site-packages/airflow/example_dags/example_xcomargs.py for tasks to queue
[2021-08-18 09:23:40,004] {logging_mixin.py:104} INFO - [2021-08-18 09:23:40,003] {dagbag.py:487} INFO - Filling up the DagBag from /home/airflow/.local/lib/python3.6/site-packages/airflow/example_dags/example_xcomargs.py
[2021-08-18 09:23:40,027] {scheduler_job.py:643} INFO - DAG(s) dict_keys(['example_xcom_args', 'example_xcom_args_with_operators']) retrieved from /home/airflow/.local/lib/python3.6/site-packages/airflow/example_dags/example_xcomargs.py
[2021-08-18 09:23:40,282] {logging_mixin.py:104} INFO - [2021-08-18 09:23:40,282] {dag.py:1832} INFO - Sync 2 DAGs
[2021-08-18 09:23:40,298] {logging_mixin.py:104} INFO - [2021-08-18 09:23:40,298] {dag.py:2305} INFO - Setting next_dagrun for example_xcom_args to None
[2021-08-18 09:23:40,300] {logging_mixin.py:104} INFO - [2021-08-18 09:23:40,300] {dag.py:2305} INFO - Setting next_dagrun for example_xcom_args_with_operators to None
[2021-08-18 09:23:40,313] {scheduler_job.py:190} INFO - Processing /home/airflow/.local/lib/python3.6/site-packages/airflow/example_dags/example_xcomargs.py took 0.317 seconds
[2021-08-18 09:24:10,417] {scheduler_job.py:182} INFO - Started process (PID=974) to work on /home/airflow/.local/lib/python3.6/site-packages/airflow/example_dags/example_xcomargs.py
[2021-08-18 09:24:10,420] {scheduler_job.py:633} INFO - Processing file /home/airflow/.local/lib/python3.6/site-packages/airflow/example_dags/example_xcomargs.py for tasks to queue
[2021-08-18 09:24:10,423] {logging_mixin.py:104} INFO - [2021-08-18 09:24:10,422] {dagbag.py:487} INFO - Filling up the DagBag from /home/airflow/.local/lib/python3.6/site-packages/airflow/example_dags/example_xcomargs.py
[2021-08-18 09:24:10,448] {scheduler_job.py:643} INFO - DAG(s) dict_keys(['example_xcom_args', 'example_xcom_args_with_operators']) retrieved from /home/airflow/.local/lib/python3.6/site-packages/airflow/example_dags/example_xcomargs.py
[2021-08-18 09:24:10,664] {logging_mixin.py:104} INFO - [2021-08-18 09:24:10,664] {dag.py:1832} INFO - Sync 2 DAGs
[2021-08-18 09:24:10,685] {logging_mixin.py:104} INFO - [2021-08-18 09:24:10,685] {dag.py:2305} INFO - Setting next_dagrun for example_xcom_args to None
[2021-08-18 09:24:10,686] {logging_mixin.py:104} INFO - [2021-08-18 09:24:10,686] {dag.py:2305} INFO - Setting next_dagrun for example_xcom_args_with_operators to None
[2021-08-18 09:24:10,711] {scheduler_job.py:190} INFO - Processing /home/airflow/.local/lib/python3.6/site-packages/airflow/example_dags/example_xcomargs.py took 0.301 seconds
[2021-08-18 09:24:40,847] {scheduler_job.py:182} INFO - Started process (PID=1038) to work on /home/airflow/.local/lib/python3.6/site-packages/airflow/example_dags/example_xcomargs.py
[2021-08-18 09:24:40,882] {scheduler_job.py:633} INFO - Processing file /home/airflow/.local/lib/python3.6/site-packages/airflow/example_dags/example_xcomargs.py for tasks to queue
[2021-08-18 09:24:40,884] {logging_mixin.py:104} INFO - [2021-08-18 09:24:40,883] {dagbag.py:487} INFO - Filling up the DagBag from /home/airflow/.local/lib/python3.6/site-packages/airflow/example_dags/example_xcomargs.py
[2021-08-18 09:24:40,911] {scheduler_job.py:643} INFO - DAG(s) dict_keys(['example_xcom_args', 'example_xcom_args_with_operators']) retrieved from /home/airflow/.local/lib/python3.6/site-packages/airflow/example_dags/example_xcomargs.py
[2021-08-18 09:24:41,172] {logging_mixin.py:104} INFO - [2021-08-18 09:24:41,171] {dag.py:1832} INFO - Sync 2 DAGs
[2021-08-18 09:24:41,188] {logging_mixin.py:104} INFO - [2021-08-18 09:24:41,188] {dag.py:2305} INFO - Setting next_dagrun for example_xcom_args to None
[2021-08-18 09:24:41,190] {logging_mixin.py:104} INFO - [2021-08-18 09:24:41,189] {dag.py:2305} INFO - Setting next_dagrun for example_xcom_args_with_operators to None
[2021-08-18 09:24:41,201] {scheduler_job.py:190} INFO - Processing /home/airflow/.local/lib/python3.6/site-packages/airflow/example_dags/example_xcomargs.py took 0.359 seconds
[2021-08-18 09:25:11,271] {scheduler_job.py:182} INFO - Started process (PID=1117) to work on /home/airflow/.local/lib/python3.6/site-packages/airflow/example_dags/example_xcomargs.py
[2021-08-18 09:25:11,272] {scheduler_job.py:633} INFO - Processing file /home/airflow/.local/lib/python3.6/site-packages/airflow/example_dags/example_xcomargs.py for tasks to queue
[2021-08-18 09:25:11,274] {logging_mixin.py:104} INFO - [2021-08-18 09:25:11,273] {dagbag.py:487} INFO - Filling up the DagBag from /home/airflow/.local/lib/python3.6/site-packages/airflow/example_dags/example_xcomargs.py
[2021-08-18 09:25:11,293] {scheduler_job.py:643} INFO - DAG(s) dict_keys(['example_xcom_args', 'example_xcom_args_with_operators']) retrieved from /home/airflow/.local/lib/python3.6/site-packages/airflow/example_dags/example_xcomargs.py
[2021-08-18 09:25:11,486] {logging_mixin.py:104} INFO - [2021-08-18 09:25:11,486] {dag.py:1832} INFO - Sync 2 DAGs
[2021-08-18 09:25:11,500] {logging_mixin.py:104} INFO - [2021-08-18 09:25:11,500] {dag.py:2305} INFO - Setting next_dagrun for example_xcom_args to None
[2021-08-18 09:25:11,501] {logging_mixin.py:104} INFO - [2021-08-18 09:25:11,501] {dag.py:2305} INFO - Setting next_dagrun for example_xcom_args_with_operators to None
[2021-08-18 09:25:11,512] {scheduler_job.py:190} INFO - Processing /home/airflow/.local/lib/python3.6/site-packages/airflow/example_dags/example_xcomargs.py took 0.245 seconds
[2021-08-18 09:25:41,669] {scheduler_job.py:182} INFO - Started process (PID=1190) to work on /home/airflow/.local/lib/python3.6/site-packages/airflow/example_dags/example_xcomargs.py
[2021-08-18 09:25:41,672] {scheduler_job.py:633} INFO - Processing file /home/airflow/.local/lib/python3.6/site-packages/airflow/example_dags/example_xcomargs.py for tasks to queue
[2021-08-18 09:25:41,674] {logging_mixin.py:104} INFO - [2021-08-18 09:25:41,673] {dagbag.py:487} INFO - Filling up the DagBag from /home/airflow/.local/lib/python3.6/site-packages/airflow/example_dags/example_xcomargs.py
[2021-08-18 09:25:41,704] {scheduler_job.py:643} INFO - DAG(s) dict_keys(['example_xcom_args', 'example_xcom_args_with_operators']) retrieved from /home/airflow/.local/lib/python3.6/site-packages/airflow/example_dags/example_xcomargs.py
[2021-08-18 09:25:41,739] {logging_mixin.py:104} INFO - [2021-08-18 09:25:41,738] {dag.py:1832} INFO - Sync 2 DAGs
[2021-08-18 09:25:41,760] {logging_mixin.py:104} INFO - [2021-08-18 09:25:41,760] {dag.py:2305} INFO - Setting next_dagrun for example_xcom_args to None
[2021-08-18 09:25:41,762] {logging_mixin.py:104} INFO - [2021-08-18 09:25:41,762] {dag.py:2305} INFO - Setting next_dagrun for example_xcom_args_with_operators to None
[2021-08-18 09:25:41,775] {scheduler_job.py:190} INFO - Processing /home/airflow/.local/lib/python3.6/site-packages/airflow/example_dags/example_xcomargs.py took 0.110 seconds
[2021-08-18 09:26:11,884] {scheduler_job.py:182} INFO - Started process (PID=1256) to work on /home/airflow/.local/lib/python3.6/site-packages/airflow/example_dags/example_xcomargs.py
[2021-08-18 09:26:11,886] {scheduler_job.py:633} INFO - Processing file /home/airflow/.local/lib/python3.6/site-packages/airflow/example_dags/example_xcomargs.py for tasks to queue
[2021-08-18 09:26:11,887] {logging_mixin.py:104} INFO - [2021-08-18 09:26:11,887] {dagbag.py:487} INFO - Filling up the DagBag from /home/airflow/.local/lib/python3.6/site-packages/airflow/example_dags/example_xcomargs.py
[2021-08-18 09:26:11,909] {scheduler_job.py:643} INFO - DAG(s) dict_keys(['example_xcom_args', 'example_xcom_args_with_operators']) retrieved from /home/airflow/.local/lib/python3.6/site-packages/airflow/example_dags/example_xcomargs.py
[2021-08-18 09:26:12,119] {logging_mixin.py:104} INFO - [2021-08-18 09:26:12,119] {dag.py:1832} INFO - Sync 2 DAGs
[2021-08-18 09:26:12,136] {logging_mixin.py:104} INFO - [2021-08-18 09:26:12,136] {dag.py:2305} INFO - Setting next_dagrun for example_xcom_args to None
[2021-08-18 09:26:12,138] {logging_mixin.py:104} INFO - [2021-08-18 09:26:12,138] {dag.py:2305} INFO - Setting next_dagrun for example_xcom_args_with_operators to None
[2021-08-18 09:26:12,152] {scheduler_job.py:190} INFO - Processing /home/airflow/.local/lib/python3.6/site-packages/airflow/example_dags/example_xcomargs.py took 0.271 seconds
[2021-08-18 09:26:43,137] {scheduler_job.py:182} INFO - Started process (PID=1332) to work on /home/airflow/.local/lib/python3.6/site-packages/airflow/example_dags/example_xcomargs.py
[2021-08-18 09:26:43,157] {scheduler_job.py:633} INFO - Processing file /home/airflow/.local/lib/python3.6/site-packages/airflow/example_dags/example_xcomargs.py for tasks to queue
[2021-08-18 09:26:43,159] {logging_mixin.py:104} INFO - [2021-08-18 09:26:43,159] {dagbag.py:487} INFO - Filling up the DagBag from /home/airflow/.local/lib/python3.6/site-packages/airflow/example_dags/example_xcomargs.py
[2021-08-18 09:26:43,179] {scheduler_job.py:643} INFO - DAG(s) dict_keys(['example_xcom_args', 'example_xcom_args_with_operators']) retrieved from /home/airflow/.local/lib/python3.6/site-packages/airflow/example_dags/example_xcomargs.py
[2021-08-18 09:26:43,388] {logging_mixin.py:104} INFO - [2021-08-18 09:26:43,388] {dag.py:1832} INFO - Sync 2 DAGs
[2021-08-18 09:26:43,406] {logging_mixin.py:104} INFO - [2021-08-18 09:26:43,406] {dag.py:2305} INFO - Setting next_dagrun for example_xcom_args to None
[2021-08-18 09:26:43,409] {logging_mixin.py:104} INFO - [2021-08-18 09:26:43,408] {dag.py:2305} INFO - Setting next_dagrun for example_xcom_args_with_operators to None
[2021-08-18 09:26:43,424] {scheduler_job.py:190} INFO - Processing /home/airflow/.local/lib/python3.6/site-packages/airflow/example_dags/example_xcomargs.py took 0.292 seconds
[2021-08-18 09:27:13,998] {scheduler_job.py:182} INFO - Started process (PID=1393) to work on /home/airflow/.local/lib/python3.6/site-packages/airflow/example_dags/example_xcomargs.py
[2021-08-18 09:27:14,000] {scheduler_job.py:633} INFO - Processing file /home/airflow/.local/lib/python3.6/site-packages/airflow/example_dags/example_xcomargs.py for tasks to queue
[2021-08-18 09:27:14,001] {logging_mixin.py:104} INFO - [2021-08-18 09:27:14,001] {dagbag.py:487} INFO - Filling up the DagBag from /home/airflow/.local/lib/python3.6/site-packages/airflow/example_dags/example_xcomargs.py
[2021-08-18 09:27:14,025] {scheduler_job.py:643} INFO - DAG(s) dict_keys(['example_xcom_args', 'example_xcom_args_with_operators']) retrieved from /home/airflow/.local/lib/python3.6/site-packages/airflow/example_dags/example_xcomargs.py
[2021-08-18 09:27:14,232] {logging_mixin.py:104} INFO - [2021-08-18 09:27:14,232] {dag.py:1832} INFO - Sync 2 DAGs
[2021-08-18 09:27:14,245] {logging_mixin.py:104} INFO - [2021-08-18 09:27:14,245] {dag.py:2305} INFO - Setting next_dagrun for example_xcom_args to None
[2021-08-18 09:27:14,246] {logging_mixin.py:104} INFO - [2021-08-18 09:27:14,246] {dag.py:2305} INFO - Setting next_dagrun for example_xcom_args_with_operators to None
[2021-08-18 09:27:14,255] {scheduler_job.py:190} INFO - Processing /home/airflow/.local/lib/python3.6/site-packages/airflow/example_dags/example_xcomargs.py took 0.261 seconds
[2021-08-18 09:27:45,262] {scheduler_job.py:182} INFO - Started process (PID=1470) to work on /home/airflow/.local/lib/python3.6/site-packages/airflow/example_dags/example_xcomargs.py
[2021-08-18 09:27:45,267] {scheduler_job.py:633} INFO - Processing file /home/airflow/.local/lib/python3.6/site-packages/airflow/example_dags/example_xcomargs.py for tasks to queue
[2021-08-18 09:27:45,268] {logging_mixin.py:104} INFO - [2021-08-18 09:27:45,268] {dagbag.py:487} INFO - Filling up the DagBag from /home/airflow/.local/lib/python3.6/site-packages/airflow/example_dags/example_xcomargs.py
[2021-08-18 09:27:45,292] {scheduler_job.py:643} INFO - DAG(s) dict_keys(['example_xcom_args', 'example_xcom_args_with_operators']) retrieved from /home/airflow/.local/lib/python3.6/site-packages/airflow/example_dags/example_xcomargs.py
[2021-08-18 09:27:45,532] {logging_mixin.py:104} INFO - [2021-08-18 09:27:45,531] {dag.py:1832} INFO - Sync 2 DAGs
[2021-08-18 09:27:45,543] {logging_mixin.py:104} INFO - [2021-08-18 09:27:45,543] {dag.py:2305} INFO - Setting next_dagrun for example_xcom_args to None
[2021-08-18 09:27:45,544] {logging_mixin.py:104} INFO - [2021-08-18 09:27:45,544] {dag.py:2305} INFO - Setting next_dagrun for example_xcom_args_with_operators to None
[2021-08-18 09:27:45,553] {scheduler_job.py:190} INFO - Processing /home/airflow/.local/lib/python3.6/site-packages/airflow/example_dags/example_xcomargs.py took 0.298 seconds
[2021-08-18 09:28:16,405] {scheduler_job.py:182} INFO - Started process (PID=1549) to work on /home/airflow/.local/lib/python3.6/site-packages/airflow/example_dags/example_xcomargs.py
[2021-08-18 09:28:16,407] {scheduler_job.py:633} INFO - Processing file /home/airflow/.local/lib/python3.6/site-packages/airflow/example_dags/example_xcomargs.py for tasks to queue
[2021-08-18 09:28:16,408] {logging_mixin.py:104} INFO - [2021-08-18 09:28:16,408] {dagbag.py:487} INFO - Filling up the DagBag from /home/airflow/.local/lib/python3.6/site-packages/airflow/example_dags/example_xcomargs.py
[2021-08-18 09:28:16,433] {scheduler_job.py:643} INFO - DAG(s) dict_keys(['example_xcom_args', 'example_xcom_args_with_operators']) retrieved from /home/airflow/.local/lib/python3.6/site-packages/airflow/example_dags/example_xcomargs.py
[2021-08-18 09:28:16,459] {logging_mixin.py:104} INFO - [2021-08-18 09:28:16,459] {dag.py:1832} INFO - Sync 2 DAGs
[2021-08-18 09:28:16,483] {logging_mixin.py:104} INFO - [2021-08-18 09:28:16,483] {dag.py:2305} INFO - Setting next_dagrun for example_xcom_args to None
[2021-08-18 09:28:16,486] {logging_mixin.py:104} INFO - [2021-08-18 09:28:16,486] {dag.py:2305} INFO - Setting next_dagrun for example_xcom_args_with_operators to None
[2021-08-18 09:28:16,502] {scheduler_job.py:190} INFO - Processing /home/airflow/.local/lib/python3.6/site-packages/airflow/example_dags/example_xcomargs.py took 0.102 seconds
[2021-08-18 09:28:47,299] {scheduler_job.py:182} INFO - Started process (PID=1611) to work on /home/airflow/.local/lib/python3.6/site-packages/airflow/example_dags/example_xcomargs.py
[2021-08-18 09:28:47,302] {scheduler_job.py:633} INFO - Processing file /home/airflow/.local/lib/python3.6/site-packages/airflow/example_dags/example_xcomargs.py for tasks to queue
[2021-08-18 09:28:47,305] {logging_mixin.py:104} INFO - [2021-08-18 09:28:47,305] {dagbag.py:487} INFO - Filling up the DagBag from /home/airflow/.local/lib/python3.6/site-packages/airflow/example_dags/example_xcomargs.py
[2021-08-18 09:28:47,340] {scheduler_job.py:643} INFO - DAG(s) dict_keys(['example_xcom_args', 'example_xcom_args_with_operators']) retrieved from /home/airflow/.local/lib/python3.6/site-packages/airflow/example_dags/example_xcomargs.py
[2021-08-18 09:28:47,596] {logging_mixin.py:104} INFO - [2021-08-18 09:28:47,596] {dag.py:1832} INFO - Sync 2 DAGs
[2021-08-18 09:28:47,620] {logging_mixin.py:104} INFO - [2021-08-18 09:28:47,620] {dag.py:2305} INFO - Setting next_dagrun for example_xcom_args to None
[2021-08-18 09:28:47,623] {logging_mixin.py:104} INFO - [2021-08-18 09:28:47,623] {dag.py:2305} INFO - Setting next_dagrun for example_xcom_args_with_operators to None
[2021-08-18 09:28:47,638] {scheduler_job.py:190} INFO - Processing /home/airflow/.local/lib/python3.6/site-packages/airflow/example_dags/example_xcomargs.py took 0.347 seconds
[2021-08-18 09:29:18,576] {scheduler_job.py:182} INFO - Started process (PID=1689) to work on /home/airflow/.local/lib/python3.6/site-packages/airflow/example_dags/example_xcomargs.py
[2021-08-18 09:29:18,578] {scheduler_job.py:633} INFO - Processing file /home/airflow/.local/lib/python3.6/site-packages/airflow/example_dags/example_xcomargs.py for tasks to queue
[2021-08-18 09:29:18,579] {logging_mixin.py:104} INFO - [2021-08-18 09:29:18,579] {dagbag.py:487} INFO - Filling up the DagBag from /home/airflow/.local/lib/python3.6/site-packages/airflow/example_dags/example_xcomargs.py
[2021-08-18 09:29:18,596] {scheduler_job.py:643} INFO - DAG(s) dict_keys(['example_xcom_args', 'example_xcom_args_with_operators']) retrieved from /home/airflow/.local/lib/python3.6/site-packages/airflow/example_dags/example_xcomargs.py
[2021-08-18 09:29:18,797] {logging_mixin.py:104} INFO - [2021-08-18 09:29:18,796] {dag.py:1832} INFO - Sync 2 DAGs
[2021-08-18 09:29:18,810] {logging_mixin.py:104} INFO - [2021-08-18 09:29:18,810] {dag.py:2305} INFO - Setting next_dagrun for example_xcom_args to None
[2021-08-18 09:29:18,812] {logging_mixin.py:104} INFO - [2021-08-18 09:29:18,812] {dag.py:2305} INFO - Setting next_dagrun for example_xcom_args_with_operators to None
[2021-08-18 09:29:18,822] {scheduler_job.py:190} INFO - Processing /home/airflow/.local/lib/python3.6/site-packages/airflow/example_dags/example_xcomargs.py took 0.249 seconds
[2021-08-18 09:29:49,816] {scheduler_job.py:182} INFO - Started process (PID=1765) to work on /home/airflow/.local/lib/python3.6/site-packages/airflow/example_dags/example_xcomargs.py
[2021-08-18 09:29:49,819] {scheduler_job.py:633} INFO - Processing file /home/airflow/.local/lib/python3.6/site-packages/airflow/example_dags/example_xcomargs.py for tasks to queue
[2021-08-18 09:29:49,820] {logging_mixin.py:104} INFO - [2021-08-18 09:29:49,820] {dagbag.py:487} INFO - Filling up the DagBag from /home/airflow/.local/lib/python3.6/site-packages/airflow/example_dags/example_xcomargs.py
[2021-08-18 09:29:49,842] {scheduler_job.py:643} INFO - DAG(s) dict_keys(['example_xcom_args', 'example_xcom_args_with_operators']) retrieved from /home/airflow/.local/lib/python3.6/site-packages/airflow/example_dags/example_xcomargs.py
[2021-08-18 09:29:50,018] {logging_mixin.py:104} INFO - [2021-08-18 09:29:50,017] {dag.py:1832} INFO - Sync 2 DAGs
[2021-08-18 09:29:50,031] {logging_mixin.py:104} INFO - [2021-08-18 09:29:50,031] {dag.py:2305} INFO - Setting next_dagrun for example_xcom_args to None
[2021-08-18 09:29:50,033] {logging_mixin.py:104} INFO - [2021-08-18 09:29:50,032] {dag.py:2305} INFO - Setting next_dagrun for example_xcom_args_with_operators to None
[2021-08-18 09:29:50,044] {scheduler_job.py:190} INFO - Processing /home/airflow/.local/lib/python3.6/site-packages/airflow/example_dags/example_xcomargs.py took 0.233 seconds
[2021-08-18 09:30:21,058] {scheduler_job.py:182} INFO - Started process (PID=1835) to work on /home/airflow/.local/lib/python3.6/site-packages/airflow/example_dags/example_xcomargs.py
[2021-08-18 09:30:21,060] {scheduler_job.py:633} INFO - Processing file /home/airflow/.local/lib/python3.6/site-packages/airflow/example_dags/example_xcomargs.py for tasks to queue
[2021-08-18 09:30:21,061] {logging_mixin.py:104} INFO - [2021-08-18 09:30:21,061] {dagbag.py:487} INFO - Filling up the DagBag from /home/airflow/.local/lib/python3.6/site-packages/airflow/example_dags/example_xcomargs.py
[2021-08-18 09:30:21,078] {scheduler_job.py:643} INFO - DAG(s) dict_keys(['example_xcom_args', 'example_xcom_args_with_operators']) retrieved from /home/airflow/.local/lib/python3.6/site-packages/airflow/example_dags/example_xcomargs.py
[2021-08-18 09:30:21,287] {logging_mixin.py:104} INFO - [2021-08-18 09:30:21,287] {dag.py:1832} INFO - Sync 2 DAGs
[2021-08-18 09:30:21,303] {logging_mixin.py:104} INFO - [2021-08-18 09:30:21,303] {dag.py:2305} INFO - Setting next_dagrun for example_xcom_args to None
[2021-08-18 09:30:21,305] {logging_mixin.py:104} INFO - [2021-08-18 09:30:21,305] {dag.py:2305} INFO - Setting next_dagrun for example_xcom_args_with_operators to None
[2021-08-18 09:30:21,317] {scheduler_job.py:190} INFO - Processing /home/airflow/.local/lib/python3.6/site-packages/airflow/example_dags/example_xcomargs.py took 0.262 seconds
[2021-08-18 09:30:51,376] {scheduler_job.py:182} INFO - Started process (PID=1903) to work on /home/airflow/.local/lib/python3.6/site-packages/airflow/example_dags/example_xcomargs.py
[2021-08-18 09:30:51,378] {scheduler_job.py:633} INFO - Processing file /home/airflow/.local/lib/python3.6/site-packages/airflow/example_dags/example_xcomargs.py for tasks to queue
[2021-08-18 09:30:51,380] {logging_mixin.py:104} INFO - [2021-08-18 09:30:51,379] {dagbag.py:487} INFO - Filling up the DagBag from /home/airflow/.local/lib/python3.6/site-packages/airflow/example_dags/example_xcomargs.py
[2021-08-18 09:30:51,402] {scheduler_job.py:643} INFO - DAG(s) dict_keys(['example_xcom_args', 'example_xcom_args_with_operators']) retrieved from /home/airflow/.local/lib/python3.6/site-packages/airflow/example_dags/example_xcomargs.py
[2021-08-18 09:30:51,429] {logging_mixin.py:104} INFO - [2021-08-18 09:30:51,428] {dag.py:1832} INFO - Sync 2 DAGs
[2021-08-18 09:30:51,445] {logging_mixin.py:104} INFO - [2021-08-18 09:30:51,445] {dag.py:2305} INFO - Setting next_dagrun for example_xcom_args to None
[2021-08-18 09:30:51,446] {logging_mixin.py:104} INFO - [2021-08-18 09:30:51,446] {dag.py:2305} INFO - Setting next_dagrun for example_xcom_args_with_operators to None
[2021-08-18 09:30:51,456] {scheduler_job.py:190} INFO - Processing /home/airflow/.local/lib/python3.6/site-packages/airflow/example_dags/example_xcomargs.py took 0.084 seconds
[2021-08-18 09:31:22,201] {scheduler_job.py:182} INFO - Started process (PID=1980) to work on /home/airflow/.local/lib/python3.6/site-packages/airflow/example_dags/example_xcomargs.py
[2021-08-18 09:31:22,203] {scheduler_job.py:633} INFO - Processing file /home/airflow/.local/lib/python3.6/site-packages/airflow/example_dags/example_xcomargs.py for tasks to queue
[2021-08-18 09:31:22,205] {logging_mixin.py:104} INFO - [2021-08-18 09:31:22,204] {dagbag.py:487} INFO - Filling up the DagBag from /home/airflow/.local/lib/python3.6/site-packages/airflow/example_dags/example_xcomargs.py
[2021-08-18 09:31:22,228] {scheduler_job.py:643} INFO - DAG(s) dict_keys(['example_xcom_args', 'example_xcom_args_with_operators']) retrieved from /home/airflow/.local/lib/python3.6/site-packages/airflow/example_dags/example_xcomargs.py
[2021-08-18 09:31:22,401] {logging_mixin.py:104} INFO - [2021-08-18 09:31:22,401] {dag.py:1832} INFO - Sync 2 DAGs
[2021-08-18 09:31:22,416] {logging_mixin.py:104} INFO - [2021-08-18 09:31:22,416] {dag.py:2305} INFO - Setting next_dagrun for example_xcom_args to None
[2021-08-18 09:31:22,418] {logging_mixin.py:104} INFO - [2021-08-18 09:31:22,418] {dag.py:2305} INFO - Setting next_dagrun for example_xcom_args_with_operators to None
[2021-08-18 09:31:22,431] {scheduler_job.py:190} INFO - Processing /home/airflow/.local/lib/python3.6/site-packages/airflow/example_dags/example_xcomargs.py took 0.236 seconds
[2021-08-18 09:31:53,218] {scheduler_job.py:182} INFO - Started process (PID=2043) to work on /home/airflow/.local/lib/python3.6/site-packages/airflow/example_dags/example_xcomargs.py
[2021-08-18 09:31:53,220] {scheduler_job.py:633} INFO - Processing file /home/airflow/.local/lib/python3.6/site-packages/airflow/example_dags/example_xcomargs.py for tasks to queue
[2021-08-18 09:31:53,222] {logging_mixin.py:104} INFO - [2021-08-18 09:31:53,221] {dagbag.py:487} INFO - Filling up the DagBag from /home/airflow/.local/lib/python3.6/site-packages/airflow/example_dags/example_xcomargs.py
[2021-08-18 09:31:53,245] {scheduler_job.py:643} INFO - DAG(s) dict_keys(['example_xcom_args', 'example_xcom_args_with_operators']) retrieved from /home/airflow/.local/lib/python3.6/site-packages/airflow/example_dags/example_xcomargs.py
[2021-08-18 09:31:53,418] {logging_mixin.py:104} INFO - [2021-08-18 09:31:53,418] {dag.py:1832} INFO - Sync 2 DAGs
[2021-08-18 09:31:53,431] {logging_mixin.py:104} INFO - [2021-08-18 09:31:53,431] {dag.py:2305} INFO - Setting next_dagrun for example_xcom_args to None
[2021-08-18 09:31:53,432] {logging_mixin.py:104} INFO - [2021-08-18 09:31:53,432] {dag.py:2305} INFO - Setting next_dagrun for example_xcom_args_with_operators to None
[2021-08-18 09:31:53,442] {scheduler_job.py:190} INFO - Processing /home/airflow/.local/lib/python3.6/site-packages/airflow/example_dags/example_xcomargs.py took 0.228 seconds
[2021-08-18 09:32:23,767] {scheduler_job.py:182} INFO - Started process (PID=2122) to work on /home/airflow/.local/lib/python3.6/site-packages/airflow/example_dags/example_xcomargs.py
[2021-08-18 09:32:23,769] {scheduler_job.py:633} INFO - Processing file /home/airflow/.local/lib/python3.6/site-packages/airflow/example_dags/example_xcomargs.py for tasks to queue
[2021-08-18 09:32:23,771] {logging_mixin.py:104} INFO - [2021-08-18 09:32:23,771] {dagbag.py:487} INFO - Filling up the DagBag from /home/airflow/.local/lib/python3.6/site-packages/airflow/example_dags/example_xcomargs.py
[2021-08-18 09:32:23,794] {scheduler_job.py:643} INFO - DAG(s) dict_keys(['example_xcom_args', 'example_xcom_args_with_operators']) retrieved from /home/airflow/.local/lib/python3.6/site-packages/airflow/example_dags/example_xcomargs.py
[2021-08-18 09:32:23,966] {logging_mixin.py:104} INFO - [2021-08-18 09:32:23,966] {dag.py:1832} INFO - Sync 2 DAGs
[2021-08-18 09:32:23,978] {logging_mixin.py:104} INFO - [2021-08-18 09:32:23,978] {dag.py:2305} INFO - Setting next_dagrun for example_xcom_args to None
[2021-08-18 09:32:23,979] {logging_mixin.py:104} INFO - [2021-08-18 09:32:23,979] {dag.py:2305} INFO - Setting next_dagrun for example_xcom_args_with_operators to None
[2021-08-18 09:32:23,988] {scheduler_job.py:190} INFO - Processing /home/airflow/.local/lib/python3.6/site-packages/airflow/example_dags/example_xcomargs.py took 0.225 seconds
[2021-08-18 09:32:54,868] {scheduler_job.py:182} INFO - Started process (PID=2198) to work on /home/airflow/.local/lib/python3.6/site-packages/airflow/example_dags/example_xcomargs.py
[2021-08-18 09:32:54,870] {scheduler_job.py:633} INFO - Processing file /home/airflow/.local/lib/python3.6/site-packages/airflow/example_dags/example_xcomargs.py for tasks to queue
[2021-08-18 09:32:54,871] {logging_mixin.py:104} INFO - [2021-08-18 09:32:54,871] {dagbag.py:487} INFO - Filling up the DagBag from /home/airflow/.local/lib/python3.6/site-packages/airflow/example_dags/example_xcomargs.py
[2021-08-18 09:32:54,895] {scheduler_job.py:643} INFO - DAG(s) dict_keys(['example_xcom_args', 'example_xcom_args_with_operators']) retrieved from /home/airflow/.local/lib/python3.6/site-packages/airflow/example_dags/example_xcomargs.py
[2021-08-18 09:32:55,096] {logging_mixin.py:104} INFO - [2021-08-18 09:32:55,096] {dag.py:1832} INFO - Sync 2 DAGs
[2021-08-18 09:32:55,110] {logging_mixin.py:104} INFO - [2021-08-18 09:32:55,110] {dag.py:2305} INFO - Setting next_dagrun for example_xcom_args to None
[2021-08-18 09:32:55,112] {logging_mixin.py:104} INFO - [2021-08-18 09:32:55,112] {dag.py:2305} INFO - Setting next_dagrun for example_xcom_args_with_operators to None
[2021-08-18 09:32:55,124] {scheduler_job.py:190} INFO - Processing /home/airflow/.local/lib/python3.6/site-packages/airflow/example_dags/example_xcomargs.py took 0.261 seconds
