[2021-08-18 09:01:44,140] {scheduler_job.py:182} INFO - Started process (PID=56) to work on /home/airflow/.local/lib/python3.6/site-packages/airflow/example_dags/example_xcom.py
[2021-08-18 09:01:44,142] {scheduler_job.py:633} INFO - Processing file /home/airflow/.local/lib/python3.6/site-packages/airflow/example_dags/example_xcom.py for tasks to queue
[2021-08-18 09:01:44,144] {logging_mixin.py:104} INFO - [2021-08-18 09:01:44,144] {dagbag.py:487} INFO - Filling up the DagBag from /home/airflow/.local/lib/python3.6/site-packages/airflow/example_dags/example_xcom.py
[2021-08-18 09:01:44,178] {scheduler_job.py:643} INFO - DAG(s) dict_keys(['example_xcom']) retrieved from /home/airflow/.local/lib/python3.6/site-packages/airflow/example_dags/example_xcom.py
[2021-08-18 09:01:53,913] {logging_mixin.py:104} INFO - [2021-08-18 09:01:53,912] {dag.py:1832} INFO - Sync 1 DAGs
[2021-08-18 09:01:53,942] {logging_mixin.py:104} INFO - [2021-08-18 09:01:53,940] {dag.py:1851} INFO - Creating ORM DAG for example_xcom
[2021-08-18 09:01:53,949] {logging_mixin.py:104} INFO - [2021-08-18 09:01:53,949] {dag.py:2305} INFO - Setting next_dagrun for example_xcom to 2021-08-16 00:00:00+00:00
[2021-08-18 09:01:53,966] {scheduler_job.py:190} INFO - Processing /home/airflow/.local/lib/python3.6/site-packages/airflow/example_dags/example_xcom.py took 9.831 seconds
[2021-08-18 09:02:45,710] {scheduler_job.py:182} INFO - Started process (PID=161) to work on /home/airflow/.local/lib/python3.6/site-packages/airflow/example_dags/example_xcom.py
[2021-08-18 09:02:45,715] {scheduler_job.py:633} INFO - Processing file /home/airflow/.local/lib/python3.6/site-packages/airflow/example_dags/example_xcom.py for tasks to queue
[2021-08-18 09:02:45,720] {logging_mixin.py:104} INFO - [2021-08-18 09:02:45,720] {dagbag.py:487} INFO - Filling up the DagBag from /home/airflow/.local/lib/python3.6/site-packages/airflow/example_dags/example_xcom.py
[2021-08-18 09:02:45,742] {scheduler_job.py:643} INFO - DAG(s) dict_keys(['example_xcom']) retrieved from /home/airflow/.local/lib/python3.6/site-packages/airflow/example_dags/example_xcom.py
[2021-08-18 09:02:45,772] {logging_mixin.py:104} INFO - [2021-08-18 09:02:45,772] {dag.py:1832} INFO - Sync 1 DAGs
[2021-08-18 09:02:45,826] {logging_mixin.py:104} INFO - [2021-08-18 09:02:45,825] {dag.py:2305} INFO - Setting next_dagrun for example_xcom to 2021-08-16 00:00:00+00:00
[2021-08-18 09:02:45,837] {scheduler_job.py:190} INFO - Processing /home/airflow/.local/lib/python3.6/site-packages/airflow/example_dags/example_xcom.py took 0.131 seconds
[2021-08-18 09:03:16,361] {scheduler_job.py:182} INFO - Started process (PID=240) to work on /home/airflow/.local/lib/python3.6/site-packages/airflow/example_dags/example_xcom.py
[2021-08-18 09:03:16,363] {scheduler_job.py:633} INFO - Processing file /home/airflow/.local/lib/python3.6/site-packages/airflow/example_dags/example_xcom.py for tasks to queue
[2021-08-18 09:03:16,364] {logging_mixin.py:104} INFO - [2021-08-18 09:03:16,364] {dagbag.py:487} INFO - Filling up the DagBag from /home/airflow/.local/lib/python3.6/site-packages/airflow/example_dags/example_xcom.py
[2021-08-18 09:03:16,380] {scheduler_job.py:643} INFO - DAG(s) dict_keys(['example_xcom']) retrieved from /home/airflow/.local/lib/python3.6/site-packages/airflow/example_dags/example_xcom.py
[2021-08-18 09:03:16,403] {logging_mixin.py:104} INFO - [2021-08-18 09:03:16,403] {dag.py:1832} INFO - Sync 1 DAGs
[2021-08-18 09:03:16,421] {logging_mixin.py:104} INFO - [2021-08-18 09:03:16,421] {dag.py:2305} INFO - Setting next_dagrun for example_xcom to 2021-08-16 00:00:00+00:00
[2021-08-18 09:03:16,430] {scheduler_job.py:190} INFO - Processing /home/airflow/.local/lib/python3.6/site-packages/airflow/example_dags/example_xcom.py took 0.073 seconds
[2021-08-18 09:03:46,851] {scheduler_job.py:182} INFO - Started process (PID=309) to work on /home/airflow/.local/lib/python3.6/site-packages/airflow/example_dags/example_xcom.py
[2021-08-18 09:03:46,857] {scheduler_job.py:633} INFO - Processing file /home/airflow/.local/lib/python3.6/site-packages/airflow/example_dags/example_xcom.py for tasks to queue
[2021-08-18 09:03:46,859] {logging_mixin.py:104} INFO - [2021-08-18 09:03:46,859] {dagbag.py:487} INFO - Filling up the DagBag from /home/airflow/.local/lib/python3.6/site-packages/airflow/example_dags/example_xcom.py
[2021-08-18 09:03:46,876] {scheduler_job.py:643} INFO - DAG(s) dict_keys(['example_xcom']) retrieved from /home/airflow/.local/lib/python3.6/site-packages/airflow/example_dags/example_xcom.py
[2021-08-18 09:03:46,901] {logging_mixin.py:104} INFO - [2021-08-18 09:03:46,900] {dag.py:1832} INFO - Sync 1 DAGs
[2021-08-18 09:03:46,927] {logging_mixin.py:104} INFO - [2021-08-18 09:03:46,926] {dag.py:2305} INFO - Setting next_dagrun for example_xcom to 2021-08-16 00:00:00+00:00
[2021-08-18 09:03:46,949] {scheduler_job.py:190} INFO - Processing /home/airflow/.local/lib/python3.6/site-packages/airflow/example_dags/example_xcom.py took 0.103 seconds
[2021-08-18 09:04:17,421] {scheduler_job.py:182} INFO - Started process (PID=382) to work on /home/airflow/.local/lib/python3.6/site-packages/airflow/example_dags/example_xcom.py
[2021-08-18 09:04:17,423] {scheduler_job.py:633} INFO - Processing file /home/airflow/.local/lib/python3.6/site-packages/airflow/example_dags/example_xcom.py for tasks to queue
[2021-08-18 09:04:17,425] {logging_mixin.py:104} INFO - [2021-08-18 09:04:17,424] {dagbag.py:487} INFO - Filling up the DagBag from /home/airflow/.local/lib/python3.6/site-packages/airflow/example_dags/example_xcom.py
[2021-08-18 09:04:17,438] {scheduler_job.py:643} INFO - DAG(s) dict_keys(['example_xcom']) retrieved from /home/airflow/.local/lib/python3.6/site-packages/airflow/example_dags/example_xcom.py
[2021-08-18 09:04:17,460] {logging_mixin.py:104} INFO - [2021-08-18 09:04:17,460] {dag.py:1832} INFO - Sync 1 DAGs
[2021-08-18 09:04:17,475] {logging_mixin.py:104} INFO - [2021-08-18 09:04:17,475] {dag.py:2305} INFO - Setting next_dagrun for example_xcom to 2021-08-16 00:00:00+00:00
[2021-08-18 09:04:17,484] {scheduler_job.py:190} INFO - Processing /home/airflow/.local/lib/python3.6/site-packages/airflow/example_dags/example_xcom.py took 0.066 seconds
[2021-08-18 09:04:47,660] {scheduler_job.py:182} INFO - Started process (PID=442) to work on /home/airflow/.local/lib/python3.6/site-packages/airflow/example_dags/example_xcom.py
[2021-08-18 09:04:47,662] {scheduler_job.py:633} INFO - Processing file /home/airflow/.local/lib/python3.6/site-packages/airflow/example_dags/example_xcom.py for tasks to queue
[2021-08-18 09:04:47,665] {logging_mixin.py:104} INFO - [2021-08-18 09:04:47,665] {dagbag.py:487} INFO - Filling up the DagBag from /home/airflow/.local/lib/python3.6/site-packages/airflow/example_dags/example_xcom.py
[2021-08-18 09:04:47,691] {scheduler_job.py:643} INFO - DAG(s) dict_keys(['example_xcom']) retrieved from /home/airflow/.local/lib/python3.6/site-packages/airflow/example_dags/example_xcom.py
[2021-08-18 09:04:47,738] {logging_mixin.py:104} INFO - [2021-08-18 09:04:47,738] {dag.py:1832} INFO - Sync 1 DAGs
[2021-08-18 09:04:47,770] {logging_mixin.py:104} INFO - [2021-08-18 09:04:47,770] {dag.py:2305} INFO - Setting next_dagrun for example_xcom to 2021-08-16 00:00:00+00:00
[2021-08-18 09:04:47,790] {scheduler_job.py:190} INFO - Processing /home/airflow/.local/lib/python3.6/site-packages/airflow/example_dags/example_xcom.py took 0.137 seconds
[2021-08-18 09:05:18,306] {scheduler_job.py:182} INFO - Started process (PID=505) to work on /home/airflow/.local/lib/python3.6/site-packages/airflow/example_dags/example_xcom.py
[2021-08-18 09:05:18,308] {scheduler_job.py:633} INFO - Processing file /home/airflow/.local/lib/python3.6/site-packages/airflow/example_dags/example_xcom.py for tasks to queue
[2021-08-18 09:05:18,309] {logging_mixin.py:104} INFO - [2021-08-18 09:05:18,309] {dagbag.py:487} INFO - Filling up the DagBag from /home/airflow/.local/lib/python3.6/site-packages/airflow/example_dags/example_xcom.py
[2021-08-18 09:05:18,324] {scheduler_job.py:643} INFO - DAG(s) dict_keys(['example_xcom']) retrieved from /home/airflow/.local/lib/python3.6/site-packages/airflow/example_dags/example_xcom.py
[2021-08-18 09:05:18,353] {logging_mixin.py:104} INFO - [2021-08-18 09:05:18,352] {dag.py:1832} INFO - Sync 1 DAGs
[2021-08-18 09:05:18,372] {logging_mixin.py:104} INFO - [2021-08-18 09:05:18,372] {dag.py:2305} INFO - Setting next_dagrun for example_xcom to 2021-08-16 00:00:00+00:00
[2021-08-18 09:05:18,383] {scheduler_job.py:190} INFO - Processing /home/airflow/.local/lib/python3.6/site-packages/airflow/example_dags/example_xcom.py took 0.081 seconds
[2021-08-18 09:05:49,252] {scheduler_job.py:182} INFO - Started process (PID=577) to work on /home/airflow/.local/lib/python3.6/site-packages/airflow/example_dags/example_xcom.py
[2021-08-18 09:05:49,255] {scheduler_job.py:633} INFO - Processing file /home/airflow/.local/lib/python3.6/site-packages/airflow/example_dags/example_xcom.py for tasks to queue
[2021-08-18 09:05:49,256] {logging_mixin.py:104} INFO - [2021-08-18 09:05:49,256] {dagbag.py:487} INFO - Filling up the DagBag from /home/airflow/.local/lib/python3.6/site-packages/airflow/example_dags/example_xcom.py
[2021-08-18 09:05:49,274] {scheduler_job.py:643} INFO - DAG(s) dict_keys(['example_xcom']) retrieved from /home/airflow/.local/lib/python3.6/site-packages/airflow/example_dags/example_xcom.py
[2021-08-18 09:05:49,301] {logging_mixin.py:104} INFO - [2021-08-18 09:05:49,301] {dag.py:1832} INFO - Sync 1 DAGs
[2021-08-18 09:05:49,320] {logging_mixin.py:104} INFO - [2021-08-18 09:05:49,320] {dag.py:2305} INFO - Setting next_dagrun for example_xcom to 2021-08-16 00:00:00+00:00
[2021-08-18 09:05:49,332] {scheduler_job.py:190} INFO - Processing /home/airflow/.local/lib/python3.6/site-packages/airflow/example_dags/example_xcom.py took 0.085 seconds
[2021-08-18 09:06:22,963] {scheduler_job.py:182} INFO - Started process (PID=636) to work on /home/airflow/.local/lib/python3.6/site-packages/airflow/example_dags/example_xcom.py
[2021-08-18 09:06:22,966] {scheduler_job.py:633} INFO - Processing file /home/airflow/.local/lib/python3.6/site-packages/airflow/example_dags/example_xcom.py for tasks to queue
[2021-08-18 09:06:22,969] {logging_mixin.py:104} INFO - [2021-08-18 09:06:22,969] {dagbag.py:487} INFO - Filling up the DagBag from /home/airflow/.local/lib/python3.6/site-packages/airflow/example_dags/example_xcom.py
[2021-08-18 09:06:22,994] {scheduler_job.py:643} INFO - DAG(s) dict_keys(['example_xcom']) retrieved from /home/airflow/.local/lib/python3.6/site-packages/airflow/example_dags/example_xcom.py
[2021-08-18 09:06:23,045] {logging_mixin.py:104} INFO - [2021-08-18 09:06:23,043] {dag.py:1832} INFO - Sync 1 DAGs
[2021-08-18 09:06:23,083] {logging_mixin.py:104} INFO - [2021-08-18 09:06:23,083] {dag.py:2305} INFO - Setting next_dagrun for example_xcom to 2021-08-16 00:00:00+00:00
[2021-08-18 09:06:23,102] {scheduler_job.py:190} INFO - Processing /home/airflow/.local/lib/python3.6/site-packages/airflow/example_dags/example_xcom.py took 0.145 seconds
[2021-08-18 09:06:53,540] {scheduler_job.py:182} INFO - Started process (PID=702) to work on /home/airflow/.local/lib/python3.6/site-packages/airflow/example_dags/example_xcom.py
[2021-08-18 09:06:53,542] {scheduler_job.py:633} INFO - Processing file /home/airflow/.local/lib/python3.6/site-packages/airflow/example_dags/example_xcom.py for tasks to queue
[2021-08-18 09:06:53,543] {logging_mixin.py:104} INFO - [2021-08-18 09:06:53,543] {dagbag.py:487} INFO - Filling up the DagBag from /home/airflow/.local/lib/python3.6/site-packages/airflow/example_dags/example_xcom.py
[2021-08-18 09:06:53,559] {scheduler_job.py:643} INFO - DAG(s) dict_keys(['example_xcom']) retrieved from /home/airflow/.local/lib/python3.6/site-packages/airflow/example_dags/example_xcom.py
[2021-08-18 09:06:53,586] {logging_mixin.py:104} INFO - [2021-08-18 09:06:53,586] {dag.py:1832} INFO - Sync 1 DAGs
[2021-08-18 09:06:53,606] {logging_mixin.py:104} INFO - [2021-08-18 09:06:53,606] {dag.py:2305} INFO - Setting next_dagrun for example_xcom to 2021-08-16 00:00:00+00:00
[2021-08-18 09:06:53,617] {scheduler_job.py:190} INFO - Processing /home/airflow/.local/lib/python3.6/site-packages/airflow/example_dags/example_xcom.py took 0.081 seconds
[2021-08-18 09:07:26,079] {scheduler_job.py:182} INFO - Started process (PID=763) to work on /home/airflow/.local/lib/python3.6/site-packages/airflow/example_dags/example_xcom.py
[2021-08-18 09:07:26,096] {scheduler_job.py:633} INFO - Processing file /home/airflow/.local/lib/python3.6/site-packages/airflow/example_dags/example_xcom.py for tasks to queue
[2021-08-18 09:07:26,097] {logging_mixin.py:104} INFO - [2021-08-18 09:07:26,097] {dagbag.py:487} INFO - Filling up the DagBag from /home/airflow/.local/lib/python3.6/site-packages/airflow/example_dags/example_xcom.py
[2021-08-18 09:07:26,120] {scheduler_job.py:643} INFO - DAG(s) dict_keys(['example_xcom']) retrieved from /home/airflow/.local/lib/python3.6/site-packages/airflow/example_dags/example_xcom.py
[2021-08-18 09:07:26,148] {logging_mixin.py:104} INFO - [2021-08-18 09:07:26,147] {dag.py:1832} INFO - Sync 1 DAGs
[2021-08-18 09:07:26,170] {logging_mixin.py:104} INFO - [2021-08-18 09:07:26,170] {dag.py:2305} INFO - Setting next_dagrun for example_xcom to 2021-08-16 00:00:00+00:00
[2021-08-18 09:07:26,186] {scheduler_job.py:190} INFO - Processing /home/airflow/.local/lib/python3.6/site-packages/airflow/example_dags/example_xcom.py took 0.111 seconds
[2021-08-18 09:07:57,095] {scheduler_job.py:182} INFO - Started process (PID=840) to work on /home/airflow/.local/lib/python3.6/site-packages/airflow/example_dags/example_xcom.py
[2021-08-18 09:07:57,097] {scheduler_job.py:633} INFO - Processing file /home/airflow/.local/lib/python3.6/site-packages/airflow/example_dags/example_xcom.py for tasks to queue
[2021-08-18 09:07:57,098] {logging_mixin.py:104} INFO - [2021-08-18 09:07:57,098] {dagbag.py:487} INFO - Filling up the DagBag from /home/airflow/.local/lib/python3.6/site-packages/airflow/example_dags/example_xcom.py
[2021-08-18 09:07:57,113] {scheduler_job.py:643} INFO - DAG(s) dict_keys(['example_xcom']) retrieved from /home/airflow/.local/lib/python3.6/site-packages/airflow/example_dags/example_xcom.py
[2021-08-18 09:07:57,136] {logging_mixin.py:104} INFO - [2021-08-18 09:07:57,135] {dag.py:1832} INFO - Sync 1 DAGs
[2021-08-18 09:07:57,153] {logging_mixin.py:104} INFO - [2021-08-18 09:07:57,152] {dag.py:2305} INFO - Setting next_dagrun for example_xcom to 2021-08-16 00:00:00+00:00
[2021-08-18 09:07:57,162] {scheduler_job.py:190} INFO - Processing /home/airflow/.local/lib/python3.6/site-packages/airflow/example_dags/example_xcom.py took 0.070 seconds
[2021-08-18 09:08:27,566] {scheduler_job.py:182} INFO - Started process (PID=871) to work on /home/airflow/.local/lib/python3.6/site-packages/airflow/example_dags/example_xcom.py
[2021-08-18 09:08:27,570] {scheduler_job.py:633} INFO - Processing file /home/airflow/.local/lib/python3.6/site-packages/airflow/example_dags/example_xcom.py for tasks to queue
[2021-08-18 09:08:27,572] {logging_mixin.py:104} INFO - [2021-08-18 09:08:27,572] {dagbag.py:487} INFO - Filling up the DagBag from /home/airflow/.local/lib/python3.6/site-packages/airflow/example_dags/example_xcom.py
[2021-08-18 09:08:27,595] {scheduler_job.py:643} INFO - DAG(s) dict_keys(['example_xcom']) retrieved from /home/airflow/.local/lib/python3.6/site-packages/airflow/example_dags/example_xcom.py
[2021-08-18 09:08:27,629] {logging_mixin.py:104} INFO - [2021-08-18 09:08:27,629] {dag.py:1832} INFO - Sync 1 DAGs
[2021-08-18 09:08:27,698] {logging_mixin.py:104} INFO - [2021-08-18 09:08:27,697] {dag.py:2305} INFO - Setting next_dagrun for example_xcom to 2021-08-16 00:00:00+00:00
[2021-08-18 09:08:27,717] {scheduler_job.py:190} INFO - Processing /home/airflow/.local/lib/python3.6/site-packages/airflow/example_dags/example_xcom.py took 0.156 seconds
[2021-08-18 09:08:58,836] {scheduler_job.py:182} INFO - Started process (PID=934) to work on /home/airflow/.local/lib/python3.6/site-packages/airflow/example_dags/example_xcom.py
[2021-08-18 09:08:58,839] {scheduler_job.py:633} INFO - Processing file /home/airflow/.local/lib/python3.6/site-packages/airflow/example_dags/example_xcom.py for tasks to queue
[2021-08-18 09:08:58,842] {logging_mixin.py:104} INFO - [2021-08-18 09:08:58,842] {dagbag.py:487} INFO - Filling up the DagBag from /home/airflow/.local/lib/python3.6/site-packages/airflow/example_dags/example_xcom.py
[2021-08-18 09:08:58,859] {scheduler_job.py:643} INFO - DAG(s) dict_keys(['example_xcom']) retrieved from /home/airflow/.local/lib/python3.6/site-packages/airflow/example_dags/example_xcom.py
[2021-08-18 09:08:58,885] {logging_mixin.py:104} INFO - [2021-08-18 09:08:58,885] {dag.py:1832} INFO - Sync 1 DAGs
[2021-08-18 09:08:58,906] {logging_mixin.py:104} INFO - [2021-08-18 09:08:58,905] {dag.py:2305} INFO - Setting next_dagrun for example_xcom to 2021-08-16 00:00:00+00:00
[2021-08-18 09:08:58,917] {scheduler_job.py:190} INFO - Processing /home/airflow/.local/lib/python3.6/site-packages/airflow/example_dags/example_xcom.py took 0.086 seconds
[2021-08-18 09:09:29,027] {scheduler_job.py:182} INFO - Started process (PID=1011) to work on /home/airflow/.local/lib/python3.6/site-packages/airflow/example_dags/example_xcom.py
[2021-08-18 09:09:29,029] {scheduler_job.py:633} INFO - Processing file /home/airflow/.local/lib/python3.6/site-packages/airflow/example_dags/example_xcom.py for tasks to queue
[2021-08-18 09:09:29,031] {logging_mixin.py:104} INFO - [2021-08-18 09:09:29,031] {dagbag.py:487} INFO - Filling up the DagBag from /home/airflow/.local/lib/python3.6/site-packages/airflow/example_dags/example_xcom.py
[2021-08-18 09:09:29,047] {scheduler_job.py:643} INFO - DAG(s) dict_keys(['example_xcom']) retrieved from /home/airflow/.local/lib/python3.6/site-packages/airflow/example_dags/example_xcom.py
[2021-08-18 09:09:29,075] {logging_mixin.py:104} INFO - [2021-08-18 09:09:29,074] {dag.py:1832} INFO - Sync 1 DAGs
[2021-08-18 09:09:29,096] {logging_mixin.py:104} INFO - [2021-08-18 09:09:29,096] {dag.py:2305} INFO - Setting next_dagrun for example_xcom to 2021-08-16 00:00:00+00:00
[2021-08-18 09:09:29,113] {scheduler_job.py:190} INFO - Processing /home/airflow/.local/lib/python3.6/site-packages/airflow/example_dags/example_xcom.py took 0.090 seconds
[2021-08-18 09:09:59,223] {scheduler_job.py:182} INFO - Started process (PID=1072) to work on /home/airflow/.local/lib/python3.6/site-packages/airflow/example_dags/example_xcom.py
[2021-08-18 09:09:59,224] {scheduler_job.py:633} INFO - Processing file /home/airflow/.local/lib/python3.6/site-packages/airflow/example_dags/example_xcom.py for tasks to queue
[2021-08-18 09:09:59,225] {logging_mixin.py:104} INFO - [2021-08-18 09:09:59,225] {dagbag.py:487} INFO - Filling up the DagBag from /home/airflow/.local/lib/python3.6/site-packages/airflow/example_dags/example_xcom.py
[2021-08-18 09:09:59,237] {scheduler_job.py:643} INFO - DAG(s) dict_keys(['example_xcom']) retrieved from /home/airflow/.local/lib/python3.6/site-packages/airflow/example_dags/example_xcom.py
[2021-08-18 09:09:59,256] {logging_mixin.py:104} INFO - [2021-08-18 09:09:59,256] {dag.py:1832} INFO - Sync 1 DAGs
[2021-08-18 09:09:59,270] {logging_mixin.py:104} INFO - [2021-08-18 09:09:59,270] {dag.py:2305} INFO - Setting next_dagrun for example_xcom to 2021-08-16 00:00:00+00:00
[2021-08-18 09:09:59,279] {scheduler_job.py:190} INFO - Processing /home/airflow/.local/lib/python3.6/site-packages/airflow/example_dags/example_xcom.py took 0.059 seconds
[2021-08-18 09:10:29,810] {scheduler_job.py:182} INFO - Started process (PID=1150) to work on /home/airflow/.local/lib/python3.6/site-packages/airflow/example_dags/example_xcom.py
[2021-08-18 09:10:29,812] {scheduler_job.py:633} INFO - Processing file /home/airflow/.local/lib/python3.6/site-packages/airflow/example_dags/example_xcom.py for tasks to queue
[2021-08-18 09:10:29,813] {logging_mixin.py:104} INFO - [2021-08-18 09:10:29,813] {dagbag.py:487} INFO - Filling up the DagBag from /home/airflow/.local/lib/python3.6/site-packages/airflow/example_dags/example_xcom.py
[2021-08-18 09:10:29,830] {scheduler_job.py:643} INFO - DAG(s) dict_keys(['example_xcom']) retrieved from /home/airflow/.local/lib/python3.6/site-packages/airflow/example_dags/example_xcom.py
[2021-08-18 09:10:29,857] {logging_mixin.py:104} INFO - [2021-08-18 09:10:29,857] {dag.py:1832} INFO - Sync 1 DAGs
[2021-08-18 09:10:29,876] {logging_mixin.py:104} INFO - [2021-08-18 09:10:29,876] {dag.py:2305} INFO - Setting next_dagrun for example_xcom to 2021-08-16 00:00:00+00:00
[2021-08-18 09:10:29,887] {scheduler_job.py:190} INFO - Processing /home/airflow/.local/lib/python3.6/site-packages/airflow/example_dags/example_xcom.py took 0.082 seconds
[2021-08-18 09:11:00,065] {scheduler_job.py:182} INFO - Started process (PID=1211) to work on /home/airflow/.local/lib/python3.6/site-packages/airflow/example_dags/example_xcom.py
[2021-08-18 09:11:00,067] {scheduler_job.py:633} INFO - Processing file /home/airflow/.local/lib/python3.6/site-packages/airflow/example_dags/example_xcom.py for tasks to queue
[2021-08-18 09:11:00,068] {logging_mixin.py:104} INFO - [2021-08-18 09:11:00,068] {dagbag.py:487} INFO - Filling up the DagBag from /home/airflow/.local/lib/python3.6/site-packages/airflow/example_dags/example_xcom.py
[2021-08-18 09:11:00,084] {scheduler_job.py:643} INFO - DAG(s) dict_keys(['example_xcom']) retrieved from /home/airflow/.local/lib/python3.6/site-packages/airflow/example_dags/example_xcom.py
[2021-08-18 09:11:00,108] {logging_mixin.py:104} INFO - [2021-08-18 09:11:00,108] {dag.py:1832} INFO - Sync 1 DAGs
[2021-08-18 09:11:00,127] {logging_mixin.py:104} INFO - [2021-08-18 09:11:00,127] {dag.py:2305} INFO - Setting next_dagrun for example_xcom to 2021-08-16 00:00:00+00:00
[2021-08-18 09:11:00,137] {scheduler_job.py:190} INFO - Processing /home/airflow/.local/lib/python3.6/site-packages/airflow/example_dags/example_xcom.py took 0.077 seconds
[2021-08-18 09:11:30,675] {scheduler_job.py:182} INFO - Started process (PID=1290) to work on /home/airflow/.local/lib/python3.6/site-packages/airflow/example_dags/example_xcom.py
[2021-08-18 09:11:30,678] {scheduler_job.py:633} INFO - Processing file /home/airflow/.local/lib/python3.6/site-packages/airflow/example_dags/example_xcom.py for tasks to queue
[2021-08-18 09:11:30,680] {logging_mixin.py:104} INFO - [2021-08-18 09:11:30,680] {dagbag.py:487} INFO - Filling up the DagBag from /home/airflow/.local/lib/python3.6/site-packages/airflow/example_dags/example_xcom.py
[2021-08-18 09:11:30,696] {scheduler_job.py:643} INFO - DAG(s) dict_keys(['example_xcom']) retrieved from /home/airflow/.local/lib/python3.6/site-packages/airflow/example_dags/example_xcom.py
[2021-08-18 09:11:30,728] {logging_mixin.py:104} INFO - [2021-08-18 09:11:30,727] {dag.py:1832} INFO - Sync 1 DAGs
[2021-08-18 09:11:30,747] {logging_mixin.py:104} INFO - [2021-08-18 09:11:30,747] {dag.py:2305} INFO - Setting next_dagrun for example_xcom to 2021-08-16 00:00:00+00:00
[2021-08-18 09:11:30,760] {scheduler_job.py:190} INFO - Processing /home/airflow/.local/lib/python3.6/site-packages/airflow/example_dags/example_xcom.py took 0.089 seconds
[2021-08-18 09:12:01,244] {scheduler_job.py:182} INFO - Started process (PID=1362) to work on /home/airflow/.local/lib/python3.6/site-packages/airflow/example_dags/example_xcom.py
[2021-08-18 09:12:01,246] {scheduler_job.py:633} INFO - Processing file /home/airflow/.local/lib/python3.6/site-packages/airflow/example_dags/example_xcom.py for tasks to queue
[2021-08-18 09:12:01,247] {logging_mixin.py:104} INFO - [2021-08-18 09:12:01,247] {dagbag.py:487} INFO - Filling up the DagBag from /home/airflow/.local/lib/python3.6/site-packages/airflow/example_dags/example_xcom.py
[2021-08-18 09:12:01,262] {scheduler_job.py:643} INFO - DAG(s) dict_keys(['example_xcom']) retrieved from /home/airflow/.local/lib/python3.6/site-packages/airflow/example_dags/example_xcom.py
[2021-08-18 09:12:01,284] {logging_mixin.py:104} INFO - [2021-08-18 09:12:01,284] {dag.py:1832} INFO - Sync 1 DAGs
[2021-08-18 09:12:01,302] {logging_mixin.py:104} INFO - [2021-08-18 09:12:01,302] {dag.py:2305} INFO - Setting next_dagrun for example_xcom to 2021-08-16 00:00:00+00:00
[2021-08-18 09:12:01,313] {scheduler_job.py:190} INFO - Processing /home/airflow/.local/lib/python3.6/site-packages/airflow/example_dags/example_xcom.py took 0.074 seconds
[2021-08-18 09:12:31,942] {scheduler_job.py:182} INFO - Started process (PID=1429) to work on /home/airflow/.local/lib/python3.6/site-packages/airflow/example_dags/example_xcom.py
[2021-08-18 09:12:31,944] {scheduler_job.py:633} INFO - Processing file /home/airflow/.local/lib/python3.6/site-packages/airflow/example_dags/example_xcom.py for tasks to queue
[2021-08-18 09:12:31,945] {logging_mixin.py:104} INFO - [2021-08-18 09:12:31,945] {dagbag.py:487} INFO - Filling up the DagBag from /home/airflow/.local/lib/python3.6/site-packages/airflow/example_dags/example_xcom.py
[2021-08-18 09:12:31,960] {scheduler_job.py:643} INFO - DAG(s) dict_keys(['example_xcom']) retrieved from /home/airflow/.local/lib/python3.6/site-packages/airflow/example_dags/example_xcom.py
[2021-08-18 09:12:31,984] {logging_mixin.py:104} INFO - [2021-08-18 09:12:31,984] {dag.py:1832} INFO - Sync 1 DAGs
[2021-08-18 09:12:32,011] {logging_mixin.py:104} INFO - [2021-08-18 09:12:32,011] {dag.py:2305} INFO - Setting next_dagrun for example_xcom to 2021-08-16 00:00:00+00:00
[2021-08-18 09:12:32,021] {scheduler_job.py:190} INFO - Processing /home/airflow/.local/lib/python3.6/site-packages/airflow/example_dags/example_xcom.py took 0.084 seconds
[2021-08-18 09:13:02,541] {scheduler_job.py:182} INFO - Started process (PID=1506) to work on /home/airflow/.local/lib/python3.6/site-packages/airflow/example_dags/example_xcom.py
[2021-08-18 09:13:02,544] {scheduler_job.py:633} INFO - Processing file /home/airflow/.local/lib/python3.6/site-packages/airflow/example_dags/example_xcom.py for tasks to queue
[2021-08-18 09:13:02,545] {logging_mixin.py:104} INFO - [2021-08-18 09:13:02,545] {dagbag.py:487} INFO - Filling up the DagBag from /home/airflow/.local/lib/python3.6/site-packages/airflow/example_dags/example_xcom.py
[2021-08-18 09:13:02,562] {scheduler_job.py:643} INFO - DAG(s) dict_keys(['example_xcom']) retrieved from /home/airflow/.local/lib/python3.6/site-packages/airflow/example_dags/example_xcom.py
[2021-08-18 09:13:02,588] {logging_mixin.py:104} INFO - [2021-08-18 09:13:02,588] {dag.py:1832} INFO - Sync 1 DAGs
[2021-08-18 09:13:02,608] {logging_mixin.py:104} INFO - [2021-08-18 09:13:02,608] {dag.py:2305} INFO - Setting next_dagrun for example_xcom to 2021-08-16 00:00:00+00:00
[2021-08-18 09:13:02,619] {scheduler_job.py:190} INFO - Processing /home/airflow/.local/lib/python3.6/site-packages/airflow/example_dags/example_xcom.py took 0.082 seconds
[2021-08-18 09:13:33,065] {scheduler_job.py:182} INFO - Started process (PID=1570) to work on /home/airflow/.local/lib/python3.6/site-packages/airflow/example_dags/example_xcom.py
[2021-08-18 09:13:33,068] {scheduler_job.py:633} INFO - Processing file /home/airflow/.local/lib/python3.6/site-packages/airflow/example_dags/example_xcom.py for tasks to queue
[2021-08-18 09:13:33,069] {logging_mixin.py:104} INFO - [2021-08-18 09:13:33,069] {dagbag.py:487} INFO - Filling up the DagBag from /home/airflow/.local/lib/python3.6/site-packages/airflow/example_dags/example_xcom.py
[2021-08-18 09:13:33,088] {scheduler_job.py:643} INFO - DAG(s) dict_keys(['example_xcom']) retrieved from /home/airflow/.local/lib/python3.6/site-packages/airflow/example_dags/example_xcom.py
[2021-08-18 09:13:33,124] {logging_mixin.py:104} INFO - [2021-08-18 09:13:33,123] {dag.py:1832} INFO - Sync 1 DAGs
[2021-08-18 09:13:33,148] {logging_mixin.py:104} INFO - [2021-08-18 09:13:33,148] {dag.py:2305} INFO - Setting next_dagrun for example_xcom to 2021-08-16 00:00:00+00:00
[2021-08-18 09:13:33,159] {scheduler_job.py:190} INFO - Processing /home/airflow/.local/lib/python3.6/site-packages/airflow/example_dags/example_xcom.py took 0.098 seconds
[2021-08-18 09:14:03,632] {scheduler_job.py:182} INFO - Started process (PID=1630) to work on /home/airflow/.local/lib/python3.6/site-packages/airflow/example_dags/example_xcom.py
[2021-08-18 09:14:03,635] {scheduler_job.py:633} INFO - Processing file /home/airflow/.local/lib/python3.6/site-packages/airflow/example_dags/example_xcom.py for tasks to queue
[2021-08-18 09:14:03,636] {logging_mixin.py:104} INFO - [2021-08-18 09:14:03,636] {dagbag.py:487} INFO - Filling up the DagBag from /home/airflow/.local/lib/python3.6/site-packages/airflow/example_dags/example_xcom.py
[2021-08-18 09:14:03,657] {scheduler_job.py:643} INFO - DAG(s) dict_keys(['example_xcom']) retrieved from /home/airflow/.local/lib/python3.6/site-packages/airflow/example_dags/example_xcom.py
[2021-08-18 09:14:03,689] {logging_mixin.py:104} INFO - [2021-08-18 09:14:03,689] {dag.py:1832} INFO - Sync 1 DAGs
[2021-08-18 09:14:03,714] {logging_mixin.py:104} INFO - [2021-08-18 09:14:03,713] {dag.py:2305} INFO - Setting next_dagrun for example_xcom to 2021-08-16 00:00:00+00:00
[2021-08-18 09:14:03,729] {scheduler_job.py:190} INFO - Processing /home/airflow/.local/lib/python3.6/site-packages/airflow/example_dags/example_xcom.py took 0.103 seconds
[2021-08-18 09:14:33,920] {scheduler_job.py:182} INFO - Started process (PID=1707) to work on /home/airflow/.local/lib/python3.6/site-packages/airflow/example_dags/example_xcom.py
[2021-08-18 09:14:33,922] {scheduler_job.py:633} INFO - Processing file /home/airflow/.local/lib/python3.6/site-packages/airflow/example_dags/example_xcom.py for tasks to queue
[2021-08-18 09:14:33,924] {logging_mixin.py:104} INFO - [2021-08-18 09:14:33,923] {dagbag.py:487} INFO - Filling up the DagBag from /home/airflow/.local/lib/python3.6/site-packages/airflow/example_dags/example_xcom.py
[2021-08-18 09:14:33,939] {scheduler_job.py:643} INFO - DAG(s) dict_keys(['example_xcom']) retrieved from /home/airflow/.local/lib/python3.6/site-packages/airflow/example_dags/example_xcom.py
[2021-08-18 09:14:33,965] {logging_mixin.py:104} INFO - [2021-08-18 09:14:33,965] {dag.py:1832} INFO - Sync 1 DAGs
[2021-08-18 09:14:33,986] {logging_mixin.py:104} INFO - [2021-08-18 09:14:33,986] {dag.py:2305} INFO - Setting next_dagrun for example_xcom to 2021-08-16 00:00:00+00:00
[2021-08-18 09:14:33,998] {scheduler_job.py:190} INFO - Processing /home/airflow/.local/lib/python3.6/site-packages/airflow/example_dags/example_xcom.py took 0.083 seconds
[2021-08-18 09:15:04,041] {scheduler_job.py:182} INFO - Started process (PID=1769) to work on /home/airflow/.local/lib/python3.6/site-packages/airflow/example_dags/example_xcom.py
[2021-08-18 09:15:04,043] {scheduler_job.py:633} INFO - Processing file /home/airflow/.local/lib/python3.6/site-packages/airflow/example_dags/example_xcom.py for tasks to queue
[2021-08-18 09:15:04,044] {logging_mixin.py:104} INFO - [2021-08-18 09:15:04,044] {dagbag.py:487} INFO - Filling up the DagBag from /home/airflow/.local/lib/python3.6/site-packages/airflow/example_dags/example_xcom.py
[2021-08-18 09:15:04,058] {scheduler_job.py:643} INFO - DAG(s) dict_keys(['example_xcom']) retrieved from /home/airflow/.local/lib/python3.6/site-packages/airflow/example_dags/example_xcom.py
[2021-08-18 09:15:04,084] {logging_mixin.py:104} INFO - [2021-08-18 09:15:04,083] {dag.py:1832} INFO - Sync 1 DAGs
[2021-08-18 09:15:04,102] {logging_mixin.py:104} INFO - [2021-08-18 09:15:04,102] {dag.py:2305} INFO - Setting next_dagrun for example_xcom to 2021-08-16 00:00:00+00:00
[2021-08-18 09:15:04,111] {scheduler_job.py:190} INFO - Processing /home/airflow/.local/lib/python3.6/site-packages/airflow/example_dags/example_xcom.py took 0.074 seconds
[2021-08-18 09:15:34,236] {scheduler_job.py:182} INFO - Started process (PID=1846) to work on /home/airflow/.local/lib/python3.6/site-packages/airflow/example_dags/example_xcom.py
[2021-08-18 09:15:34,238] {scheduler_job.py:633} INFO - Processing file /home/airflow/.local/lib/python3.6/site-packages/airflow/example_dags/example_xcom.py for tasks to queue
[2021-08-18 09:15:34,239] {logging_mixin.py:104} INFO - [2021-08-18 09:15:34,239] {dagbag.py:487} INFO - Filling up the DagBag from /home/airflow/.local/lib/python3.6/site-packages/airflow/example_dags/example_xcom.py
[2021-08-18 09:15:34,255] {scheduler_job.py:643} INFO - DAG(s) dict_keys(['example_xcom']) retrieved from /home/airflow/.local/lib/python3.6/site-packages/airflow/example_dags/example_xcom.py
[2021-08-18 09:15:34,280] {logging_mixin.py:104} INFO - [2021-08-18 09:15:34,280] {dag.py:1832} INFO - Sync 1 DAGs
[2021-08-18 09:15:34,298] {logging_mixin.py:104} INFO - [2021-08-18 09:15:34,298] {dag.py:2305} INFO - Setting next_dagrun for example_xcom to 2021-08-16 00:00:00+00:00
[2021-08-18 09:15:34,308] {scheduler_job.py:190} INFO - Processing /home/airflow/.local/lib/python3.6/site-packages/airflow/example_dags/example_xcom.py took 0.077 seconds
[2021-08-18 09:16:04,763] {scheduler_job.py:182} INFO - Started process (PID=1907) to work on /home/airflow/.local/lib/python3.6/site-packages/airflow/example_dags/example_xcom.py
[2021-08-18 09:16:04,765] {scheduler_job.py:633} INFO - Processing file /home/airflow/.local/lib/python3.6/site-packages/airflow/example_dags/example_xcom.py for tasks to queue
[2021-08-18 09:16:04,767] {logging_mixin.py:104} INFO - [2021-08-18 09:16:04,766] {dagbag.py:487} INFO - Filling up the DagBag from /home/airflow/.local/lib/python3.6/site-packages/airflow/example_dags/example_xcom.py
[2021-08-18 09:16:04,785] {scheduler_job.py:643} INFO - DAG(s) dict_keys(['example_xcom']) retrieved from /home/airflow/.local/lib/python3.6/site-packages/airflow/example_dags/example_xcom.py
[2021-08-18 09:16:04,814] {logging_mixin.py:104} INFO - [2021-08-18 09:16:04,814] {dag.py:1832} INFO - Sync 1 DAGs
[2021-08-18 09:16:04,835] {logging_mixin.py:104} INFO - [2021-08-18 09:16:04,835] {dag.py:2305} INFO - Setting next_dagrun for example_xcom to 2021-08-16 00:00:00+00:00
[2021-08-18 09:16:04,846] {scheduler_job.py:190} INFO - Processing /home/airflow/.local/lib/python3.6/site-packages/airflow/example_dags/example_xcom.py took 0.088 seconds
[2021-08-18 09:16:35,508] {scheduler_job.py:182} INFO - Started process (PID=1984) to work on /home/airflow/.local/lib/python3.6/site-packages/airflow/example_dags/example_xcom.py
[2021-08-18 09:16:35,511] {scheduler_job.py:633} INFO - Processing file /home/airflow/.local/lib/python3.6/site-packages/airflow/example_dags/example_xcom.py for tasks to queue
[2021-08-18 09:16:35,512] {logging_mixin.py:104} INFO - [2021-08-18 09:16:35,512] {dagbag.py:487} INFO - Filling up the DagBag from /home/airflow/.local/lib/python3.6/site-packages/airflow/example_dags/example_xcom.py
[2021-08-18 09:16:35,528] {scheduler_job.py:643} INFO - DAG(s) dict_keys(['example_xcom']) retrieved from /home/airflow/.local/lib/python3.6/site-packages/airflow/example_dags/example_xcom.py
[2021-08-18 09:16:35,554] {logging_mixin.py:104} INFO - [2021-08-18 09:16:35,554] {dag.py:1832} INFO - Sync 1 DAGs
[2021-08-18 09:16:35,580] {logging_mixin.py:104} INFO - [2021-08-18 09:16:35,580] {dag.py:2305} INFO - Setting next_dagrun for example_xcom to 2021-08-16 00:00:00+00:00
[2021-08-18 09:16:35,594] {scheduler_job.py:190} INFO - Processing /home/airflow/.local/lib/python3.6/site-packages/airflow/example_dags/example_xcom.py took 0.090 seconds
[2021-08-18 09:17:06,263] {scheduler_job.py:182} INFO - Started process (PID=2062) to work on /home/airflow/.local/lib/python3.6/site-packages/airflow/example_dags/example_xcom.py
[2021-08-18 09:17:06,265] {scheduler_job.py:633} INFO - Processing file /home/airflow/.local/lib/python3.6/site-packages/airflow/example_dags/example_xcom.py for tasks to queue
[2021-08-18 09:17:06,268] {logging_mixin.py:104} INFO - [2021-08-18 09:17:06,267] {dagbag.py:487} INFO - Filling up the DagBag from /home/airflow/.local/lib/python3.6/site-packages/airflow/example_dags/example_xcom.py
[2021-08-18 09:17:06,283] {scheduler_job.py:643} INFO - DAG(s) dict_keys(['example_xcom']) retrieved from /home/airflow/.local/lib/python3.6/site-packages/airflow/example_dags/example_xcom.py
[2021-08-18 09:17:06,308] {logging_mixin.py:104} INFO - [2021-08-18 09:17:06,308] {dag.py:1832} INFO - Sync 1 DAGs
[2021-08-18 09:17:06,327] {logging_mixin.py:104} INFO - [2021-08-18 09:17:06,327] {dag.py:2305} INFO - Setting next_dagrun for example_xcom to 2021-08-16 00:00:00+00:00
[2021-08-18 09:17:06,337] {scheduler_job.py:190} INFO - Processing /home/airflow/.local/lib/python3.6/site-packages/airflow/example_dags/example_xcom.py took 0.078 seconds
[2021-08-18 09:17:34,911] {scheduler_job.py:182} INFO - Started process (PID=34) to work on /home/airflow/.local/lib/python3.6/site-packages/airflow/example_dags/example_xcom.py
[2021-08-18 09:17:34,914] {scheduler_job.py:633} INFO - Processing file /home/airflow/.local/lib/python3.6/site-packages/airflow/example_dags/example_xcom.py for tasks to queue
[2021-08-18 09:17:34,915] {logging_mixin.py:104} INFO - [2021-08-18 09:17:34,915] {dagbag.py:487} INFO - Filling up the DagBag from /home/airflow/.local/lib/python3.6/site-packages/airflow/example_dags/example_xcom.py
[2021-08-18 09:17:34,926] {scheduler_job.py:643} INFO - DAG(s) dict_keys(['example_xcom']) retrieved from /home/airflow/.local/lib/python3.6/site-packages/airflow/example_dags/example_xcom.py
[2021-08-18 09:17:34,950] {logging_mixin.py:104} INFO - [2021-08-18 09:17:34,949] {dag.py:1832} INFO - Sync 1 DAGs
[2021-08-18 09:17:34,968] {logging_mixin.py:104} INFO - [2021-08-18 09:17:34,968] {dag.py:2305} INFO - Setting next_dagrun for example_xcom to 2021-08-16 00:00:00+00:00
[2021-08-18 09:17:34,979] {scheduler_job.py:190} INFO - Processing /home/airflow/.local/lib/python3.6/site-packages/airflow/example_dags/example_xcom.py took 0.071 seconds
[2021-08-18 09:18:05,879] {scheduler_job.py:182} INFO - Started process (PID=111) to work on /home/airflow/.local/lib/python3.6/site-packages/airflow/example_dags/example_xcom.py
[2021-08-18 09:18:05,880] {scheduler_job.py:633} INFO - Processing file /home/airflow/.local/lib/python3.6/site-packages/airflow/example_dags/example_xcom.py for tasks to queue
[2021-08-18 09:18:05,882] {logging_mixin.py:104} INFO - [2021-08-18 09:18:05,882] {dagbag.py:487} INFO - Filling up the DagBag from /home/airflow/.local/lib/python3.6/site-packages/airflow/example_dags/example_xcom.py
[2021-08-18 09:18:05,897] {scheduler_job.py:643} INFO - DAG(s) dict_keys(['example_xcom']) retrieved from /home/airflow/.local/lib/python3.6/site-packages/airflow/example_dags/example_xcom.py
[2021-08-18 09:18:05,919] {logging_mixin.py:104} INFO - [2021-08-18 09:18:05,919] {dag.py:1832} INFO - Sync 1 DAGs
[2021-08-18 09:18:05,935] {logging_mixin.py:104} INFO - [2021-08-18 09:18:05,934] {dag.py:2305} INFO - Setting next_dagrun for example_xcom to 2021-08-16 00:00:00+00:00
[2021-08-18 09:18:05,943] {scheduler_job.py:190} INFO - Processing /home/airflow/.local/lib/python3.6/site-packages/airflow/example_dags/example_xcom.py took 0.068 seconds
[2021-08-18 09:18:37,013] {scheduler_job.py:182} INFO - Started process (PID=174) to work on /home/airflow/.local/lib/python3.6/site-packages/airflow/example_dags/example_xcom.py
[2021-08-18 09:18:37,015] {scheduler_job.py:633} INFO - Processing file /home/airflow/.local/lib/python3.6/site-packages/airflow/example_dags/example_xcom.py for tasks to queue
[2021-08-18 09:18:37,016] {logging_mixin.py:104} INFO - [2021-08-18 09:18:37,016] {dagbag.py:487} INFO - Filling up the DagBag from /home/airflow/.local/lib/python3.6/site-packages/airflow/example_dags/example_xcom.py
[2021-08-18 09:18:37,031] {scheduler_job.py:643} INFO - DAG(s) dict_keys(['example_xcom']) retrieved from /home/airflow/.local/lib/python3.6/site-packages/airflow/example_dags/example_xcom.py
[2021-08-18 09:18:37,056] {logging_mixin.py:104} INFO - [2021-08-18 09:18:37,056] {dag.py:1832} INFO - Sync 1 DAGs
[2021-08-18 09:18:37,075] {logging_mixin.py:104} INFO - [2021-08-18 09:18:37,075] {dag.py:2305} INFO - Setting next_dagrun for example_xcom to 2021-08-16 00:00:00+00:00
[2021-08-18 09:18:37,086] {scheduler_job.py:190} INFO - Processing /home/airflow/.local/lib/python3.6/site-packages/airflow/example_dags/example_xcom.py took 0.077 seconds
[2021-08-18 09:19:07,273] {scheduler_job.py:182} INFO - Started process (PID=252) to work on /home/airflow/.local/lib/python3.6/site-packages/airflow/example_dags/example_xcom.py
[2021-08-18 09:19:07,276] {scheduler_job.py:633} INFO - Processing file /home/airflow/.local/lib/python3.6/site-packages/airflow/example_dags/example_xcom.py for tasks to queue
[2021-08-18 09:19:07,278] {logging_mixin.py:104} INFO - [2021-08-18 09:19:07,277] {dagbag.py:487} INFO - Filling up the DagBag from /home/airflow/.local/lib/python3.6/site-packages/airflow/example_dags/example_xcom.py
[2021-08-18 09:19:07,295] {scheduler_job.py:643} INFO - DAG(s) dict_keys(['example_xcom']) retrieved from /home/airflow/.local/lib/python3.6/site-packages/airflow/example_dags/example_xcom.py
[2021-08-18 09:19:07,322] {logging_mixin.py:104} INFO - [2021-08-18 09:19:07,322] {dag.py:1832} INFO - Sync 1 DAGs
[2021-08-18 09:19:07,341] {logging_mixin.py:104} INFO - [2021-08-18 09:19:07,341] {dag.py:2305} INFO - Setting next_dagrun for example_xcom to 2021-08-16 00:00:00+00:00
[2021-08-18 09:19:07,352] {scheduler_job.py:190} INFO - Processing /home/airflow/.local/lib/python3.6/site-packages/airflow/example_dags/example_xcom.py took 0.083 seconds
[2021-08-18 09:19:37,667] {scheduler_job.py:182} INFO - Started process (PID=314) to work on /home/airflow/.local/lib/python3.6/site-packages/airflow/example_dags/example_xcom.py
[2021-08-18 09:19:37,670] {scheduler_job.py:633} INFO - Processing file /home/airflow/.local/lib/python3.6/site-packages/airflow/example_dags/example_xcom.py for tasks to queue
[2021-08-18 09:19:37,671] {logging_mixin.py:104} INFO - [2021-08-18 09:19:37,671] {dagbag.py:487} INFO - Filling up the DagBag from /home/airflow/.local/lib/python3.6/site-packages/airflow/example_dags/example_xcom.py
[2021-08-18 09:19:37,687] {scheduler_job.py:643} INFO - DAG(s) dict_keys(['example_xcom']) retrieved from /home/airflow/.local/lib/python3.6/site-packages/airflow/example_dags/example_xcom.py
[2021-08-18 09:19:37,718] {logging_mixin.py:104} INFO - [2021-08-18 09:19:37,718] {dag.py:1832} INFO - Sync 1 DAGs
[2021-08-18 09:19:37,737] {logging_mixin.py:104} INFO - [2021-08-18 09:19:37,736] {dag.py:2305} INFO - Setting next_dagrun for example_xcom to 2021-08-16 00:00:00+00:00
[2021-08-18 09:19:37,753] {scheduler_job.py:190} INFO - Processing /home/airflow/.local/lib/python3.6/site-packages/airflow/example_dags/example_xcom.py took 0.089 seconds
[2021-08-18 09:20:08,037] {scheduler_job.py:182} INFO - Started process (PID=392) to work on /home/airflow/.local/lib/python3.6/site-packages/airflow/example_dags/example_xcom.py
[2021-08-18 09:20:08,040] {scheduler_job.py:633} INFO - Processing file /home/airflow/.local/lib/python3.6/site-packages/airflow/example_dags/example_xcom.py for tasks to queue
[2021-08-18 09:20:08,041] {logging_mixin.py:104} INFO - [2021-08-18 09:20:08,041] {dagbag.py:487} INFO - Filling up the DagBag from /home/airflow/.local/lib/python3.6/site-packages/airflow/example_dags/example_xcom.py
[2021-08-18 09:20:08,057] {scheduler_job.py:643} INFO - DAG(s) dict_keys(['example_xcom']) retrieved from /home/airflow/.local/lib/python3.6/site-packages/airflow/example_dags/example_xcom.py
[2021-08-18 09:20:08,079] {logging_mixin.py:104} INFO - [2021-08-18 09:20:08,079] {dag.py:1832} INFO - Sync 1 DAGs
[2021-08-18 09:20:08,095] {logging_mixin.py:104} INFO - [2021-08-18 09:20:08,094] {dag.py:2305} INFO - Setting next_dagrun for example_xcom to 2021-08-16 00:00:00+00:00
[2021-08-18 09:20:08,105] {scheduler_job.py:190} INFO - Processing /home/airflow/.local/lib/python3.6/site-packages/airflow/example_dags/example_xcom.py took 0.072 seconds
[2021-08-18 09:20:38,601] {scheduler_job.py:182} INFO - Started process (PID=469) to work on /home/airflow/.local/lib/python3.6/site-packages/airflow/example_dags/example_xcom.py
[2021-08-18 09:20:38,603] {scheduler_job.py:633} INFO - Processing file /home/airflow/.local/lib/python3.6/site-packages/airflow/example_dags/example_xcom.py for tasks to queue
[2021-08-18 09:20:38,605] {logging_mixin.py:104} INFO - [2021-08-18 09:20:38,605] {dagbag.py:487} INFO - Filling up the DagBag from /home/airflow/.local/lib/python3.6/site-packages/airflow/example_dags/example_xcom.py
[2021-08-18 09:20:38,620] {scheduler_job.py:643} INFO - DAG(s) dict_keys(['example_xcom']) retrieved from /home/airflow/.local/lib/python3.6/site-packages/airflow/example_dags/example_xcom.py
[2021-08-18 09:20:38,643] {logging_mixin.py:104} INFO - [2021-08-18 09:20:38,643] {dag.py:1832} INFO - Sync 1 DAGs
[2021-08-18 09:20:38,662] {logging_mixin.py:104} INFO - [2021-08-18 09:20:38,662] {dag.py:2305} INFO - Setting next_dagrun for example_xcom to 2021-08-16 00:00:00+00:00
[2021-08-18 09:20:38,675] {scheduler_job.py:190} INFO - Processing /home/airflow/.local/lib/python3.6/site-packages/airflow/example_dags/example_xcom.py took 0.078 seconds
[2021-08-18 09:21:08,720] {scheduler_job.py:182} INFO - Started process (PID=530) to work on /home/airflow/.local/lib/python3.6/site-packages/airflow/example_dags/example_xcom.py
[2021-08-18 09:21:08,722] {scheduler_job.py:633} INFO - Processing file /home/airflow/.local/lib/python3.6/site-packages/airflow/example_dags/example_xcom.py for tasks to queue
[2021-08-18 09:21:08,724] {logging_mixin.py:104} INFO - [2021-08-18 09:21:08,723] {dagbag.py:487} INFO - Filling up the DagBag from /home/airflow/.local/lib/python3.6/site-packages/airflow/example_dags/example_xcom.py
[2021-08-18 09:21:08,737] {scheduler_job.py:643} INFO - DAG(s) dict_keys(['example_xcom']) retrieved from /home/airflow/.local/lib/python3.6/site-packages/airflow/example_dags/example_xcom.py
[2021-08-18 09:21:08,760] {logging_mixin.py:104} INFO - [2021-08-18 09:21:08,760] {dag.py:1832} INFO - Sync 1 DAGs
[2021-08-18 09:21:08,777] {logging_mixin.py:104} INFO - [2021-08-18 09:21:08,777] {dag.py:2305} INFO - Setting next_dagrun for example_xcom to 2021-08-16 00:00:00+00:00
[2021-08-18 09:21:08,788] {scheduler_job.py:190} INFO - Processing /home/airflow/.local/lib/python3.6/site-packages/airflow/example_dags/example_xcom.py took 0.072 seconds
[2021-08-18 09:21:39,158] {scheduler_job.py:182} INFO - Started process (PID=609) to work on /home/airflow/.local/lib/python3.6/site-packages/airflow/example_dags/example_xcom.py
[2021-08-18 09:21:39,161] {scheduler_job.py:633} INFO - Processing file /home/airflow/.local/lib/python3.6/site-packages/airflow/example_dags/example_xcom.py for tasks to queue
[2021-08-18 09:21:39,162] {logging_mixin.py:104} INFO - [2021-08-18 09:21:39,162] {dagbag.py:487} INFO - Filling up the DagBag from /home/airflow/.local/lib/python3.6/site-packages/airflow/example_dags/example_xcom.py
[2021-08-18 09:21:39,176] {scheduler_job.py:643} INFO - DAG(s) dict_keys(['example_xcom']) retrieved from /home/airflow/.local/lib/python3.6/site-packages/airflow/example_dags/example_xcom.py
[2021-08-18 09:21:39,200] {logging_mixin.py:104} INFO - [2021-08-18 09:21:39,200] {dag.py:1832} INFO - Sync 1 DAGs
[2021-08-18 09:21:39,218] {logging_mixin.py:104} INFO - [2021-08-18 09:21:39,218] {dag.py:2305} INFO - Setting next_dagrun for example_xcom to 2021-08-16 00:00:00+00:00
[2021-08-18 09:21:39,229] {scheduler_job.py:190} INFO - Processing /home/airflow/.local/lib/python3.6/site-packages/airflow/example_dags/example_xcom.py took 0.075 seconds
[2021-08-18 09:22:09,554] {scheduler_job.py:182} INFO - Started process (PID=672) to work on /home/airflow/.local/lib/python3.6/site-packages/airflow/example_dags/example_xcom.py
[2021-08-18 09:22:09,556] {scheduler_job.py:633} INFO - Processing file /home/airflow/.local/lib/python3.6/site-packages/airflow/example_dags/example_xcom.py for tasks to queue
[2021-08-18 09:22:09,557] {logging_mixin.py:104} INFO - [2021-08-18 09:22:09,557] {dagbag.py:487} INFO - Filling up the DagBag from /home/airflow/.local/lib/python3.6/site-packages/airflow/example_dags/example_xcom.py
[2021-08-18 09:22:09,570] {scheduler_job.py:643} INFO - DAG(s) dict_keys(['example_xcom']) retrieved from /home/airflow/.local/lib/python3.6/site-packages/airflow/example_dags/example_xcom.py
[2021-08-18 09:22:09,592] {logging_mixin.py:104} INFO - [2021-08-18 09:22:09,592] {dag.py:1832} INFO - Sync 1 DAGs
[2021-08-18 09:22:09,610] {logging_mixin.py:104} INFO - [2021-08-18 09:22:09,610] {dag.py:2305} INFO - Setting next_dagrun for example_xcom to 2021-08-16 00:00:00+00:00
[2021-08-18 09:22:09,621] {scheduler_job.py:190} INFO - Processing /home/airflow/.local/lib/python3.6/site-packages/airflow/example_dags/example_xcom.py took 0.070 seconds
[2021-08-18 09:22:39,852] {scheduler_job.py:182} INFO - Started process (PID=749) to work on /home/airflow/.local/lib/python3.6/site-packages/airflow/example_dags/example_xcom.py
[2021-08-18 09:22:39,855] {scheduler_job.py:633} INFO - Processing file /home/airflow/.local/lib/python3.6/site-packages/airflow/example_dags/example_xcom.py for tasks to queue
[2021-08-18 09:22:39,856] {logging_mixin.py:104} INFO - [2021-08-18 09:22:39,856] {dagbag.py:487} INFO - Filling up the DagBag from /home/airflow/.local/lib/python3.6/site-packages/airflow/example_dags/example_xcom.py
[2021-08-18 09:22:39,868] {scheduler_job.py:643} INFO - DAG(s) dict_keys(['example_xcom']) retrieved from /home/airflow/.local/lib/python3.6/site-packages/airflow/example_dags/example_xcom.py
[2021-08-18 09:22:39,889] {logging_mixin.py:104} INFO - [2021-08-18 09:22:39,889] {dag.py:1832} INFO - Sync 1 DAGs
[2021-08-18 09:22:39,906] {logging_mixin.py:104} INFO - [2021-08-18 09:22:39,906] {dag.py:2305} INFO - Setting next_dagrun for example_xcom to 2021-08-16 00:00:00+00:00
[2021-08-18 09:22:39,916] {scheduler_job.py:190} INFO - Processing /home/airflow/.local/lib/python3.6/site-packages/airflow/example_dags/example_xcom.py took 0.067 seconds
[2021-08-18 09:23:10,095] {scheduler_job.py:182} INFO - Started process (PID=826) to work on /home/airflow/.local/lib/python3.6/site-packages/airflow/example_dags/example_xcom.py
[2021-08-18 09:23:10,097] {scheduler_job.py:633} INFO - Processing file /home/airflow/.local/lib/python3.6/site-packages/airflow/example_dags/example_xcom.py for tasks to queue
[2021-08-18 09:23:10,098] {logging_mixin.py:104} INFO - [2021-08-18 09:23:10,098] {dagbag.py:487} INFO - Filling up the DagBag from /home/airflow/.local/lib/python3.6/site-packages/airflow/example_dags/example_xcom.py
[2021-08-18 09:23:10,111] {scheduler_job.py:643} INFO - DAG(s) dict_keys(['example_xcom']) retrieved from /home/airflow/.local/lib/python3.6/site-packages/airflow/example_dags/example_xcom.py
[2021-08-18 09:23:10,132] {logging_mixin.py:104} INFO - [2021-08-18 09:23:10,132] {dag.py:1832} INFO - Sync 1 DAGs
[2021-08-18 09:23:10,147] {logging_mixin.py:104} INFO - [2021-08-18 09:23:10,147] {dag.py:2305} INFO - Setting next_dagrun for example_xcom to 2021-08-16 00:00:00+00:00
[2021-08-18 09:23:10,157] {scheduler_job.py:190} INFO - Processing /home/airflow/.local/lib/python3.6/site-packages/airflow/example_dags/example_xcom.py took 0.065 seconds
[2021-08-18 09:23:40,547] {scheduler_job.py:182} INFO - Started process (PID=900) to work on /home/airflow/.local/lib/python3.6/site-packages/airflow/example_dags/example_xcom.py
[2021-08-18 09:23:40,550] {scheduler_job.py:633} INFO - Processing file /home/airflow/.local/lib/python3.6/site-packages/airflow/example_dags/example_xcom.py for tasks to queue
[2021-08-18 09:23:40,551] {logging_mixin.py:104} INFO - [2021-08-18 09:23:40,551] {dagbag.py:487} INFO - Filling up the DagBag from /home/airflow/.local/lib/python3.6/site-packages/airflow/example_dags/example_xcom.py
[2021-08-18 09:23:40,565] {scheduler_job.py:643} INFO - DAG(s) dict_keys(['example_xcom']) retrieved from /home/airflow/.local/lib/python3.6/site-packages/airflow/example_dags/example_xcom.py
[2021-08-18 09:23:40,589] {logging_mixin.py:104} INFO - [2021-08-18 09:23:40,589] {dag.py:1832} INFO - Sync 1 DAGs
[2021-08-18 09:23:40,609] {logging_mixin.py:104} INFO - [2021-08-18 09:23:40,609] {dag.py:2305} INFO - Setting next_dagrun for example_xcom to 2021-08-16 00:00:00+00:00
[2021-08-18 09:23:40,620] {scheduler_job.py:190} INFO - Processing /home/airflow/.local/lib/python3.6/site-packages/airflow/example_dags/example_xcom.py took 0.079 seconds
[2021-08-18 09:24:10,741] {scheduler_job.py:182} INFO - Started process (PID=978) to work on /home/airflow/.local/lib/python3.6/site-packages/airflow/example_dags/example_xcom.py
[2021-08-18 09:24:10,743] {scheduler_job.py:633} INFO - Processing file /home/airflow/.local/lib/python3.6/site-packages/airflow/example_dags/example_xcom.py for tasks to queue
[2021-08-18 09:24:10,745] {logging_mixin.py:104} INFO - [2021-08-18 09:24:10,745] {dagbag.py:487} INFO - Filling up the DagBag from /home/airflow/.local/lib/python3.6/site-packages/airflow/example_dags/example_xcom.py
[2021-08-18 09:24:10,761] {scheduler_job.py:643} INFO - DAG(s) dict_keys(['example_xcom']) retrieved from /home/airflow/.local/lib/python3.6/site-packages/airflow/example_dags/example_xcom.py
[2021-08-18 09:24:10,788] {logging_mixin.py:104} INFO - [2021-08-18 09:24:10,788] {dag.py:1832} INFO - Sync 1 DAGs
[2021-08-18 09:24:10,806] {logging_mixin.py:104} INFO - [2021-08-18 09:24:10,806] {dag.py:2305} INFO - Setting next_dagrun for example_xcom to 2021-08-16 00:00:00+00:00
[2021-08-18 09:24:10,816] {scheduler_job.py:190} INFO - Processing /home/airflow/.local/lib/python3.6/site-packages/airflow/example_dags/example_xcom.py took 0.081 seconds
[2021-08-18 09:24:40,854] {scheduler_job.py:182} INFO - Started process (PID=1039) to work on /home/airflow/.local/lib/python3.6/site-packages/airflow/example_dags/example_xcom.py
[2021-08-18 09:24:40,882] {scheduler_job.py:633} INFO - Processing file /home/airflow/.local/lib/python3.6/site-packages/airflow/example_dags/example_xcom.py for tasks to queue
[2021-08-18 09:24:40,884] {logging_mixin.py:104} INFO - [2021-08-18 09:24:40,883] {dagbag.py:487} INFO - Filling up the DagBag from /home/airflow/.local/lib/python3.6/site-packages/airflow/example_dags/example_xcom.py
[2021-08-18 09:24:40,901] {scheduler_job.py:643} INFO - DAG(s) dict_keys(['example_xcom']) retrieved from /home/airflow/.local/lib/python3.6/site-packages/airflow/example_dags/example_xcom.py
[2021-08-18 09:24:40,939] {logging_mixin.py:104} INFO - [2021-08-18 09:24:40,939] {dag.py:1832} INFO - Sync 1 DAGs
[2021-08-18 09:24:40,959] {logging_mixin.py:104} INFO - [2021-08-18 09:24:40,959] {dag.py:2305} INFO - Setting next_dagrun for example_xcom to 2021-08-16 00:00:00+00:00
[2021-08-18 09:24:40,971] {scheduler_job.py:190} INFO - Processing /home/airflow/.local/lib/python3.6/site-packages/airflow/example_dags/example_xcom.py took 0.122 seconds
[2021-08-18 09:25:11,180] {scheduler_job.py:182} INFO - Started process (PID=1115) to work on /home/airflow/.local/lib/python3.6/site-packages/airflow/example_dags/example_xcom.py
[2021-08-18 09:25:11,182] {scheduler_job.py:633} INFO - Processing file /home/airflow/.local/lib/python3.6/site-packages/airflow/example_dags/example_xcom.py for tasks to queue
[2021-08-18 09:25:11,184] {logging_mixin.py:104} INFO - [2021-08-18 09:25:11,183] {dagbag.py:487} INFO - Filling up the DagBag from /home/airflow/.local/lib/python3.6/site-packages/airflow/example_dags/example_xcom.py
[2021-08-18 09:25:11,197] {scheduler_job.py:643} INFO - DAG(s) dict_keys(['example_xcom']) retrieved from /home/airflow/.local/lib/python3.6/site-packages/airflow/example_dags/example_xcom.py
[2021-08-18 09:25:11,219] {logging_mixin.py:104} INFO - [2021-08-18 09:25:11,219] {dag.py:1832} INFO - Sync 1 DAGs
[2021-08-18 09:25:11,237] {logging_mixin.py:104} INFO - [2021-08-18 09:25:11,237] {dag.py:2305} INFO - Setting next_dagrun for example_xcom to 2021-08-16 00:00:00+00:00
[2021-08-18 09:25:11,247] {scheduler_job.py:190} INFO - Processing /home/airflow/.local/lib/python3.6/site-packages/airflow/example_dags/example_xcom.py took 0.071 seconds
[2021-08-18 09:25:41,559] {scheduler_job.py:182} INFO - Started process (PID=1187) to work on /home/airflow/.local/lib/python3.6/site-packages/airflow/example_dags/example_xcom.py
[2021-08-18 09:25:41,561] {scheduler_job.py:633} INFO - Processing file /home/airflow/.local/lib/python3.6/site-packages/airflow/example_dags/example_xcom.py for tasks to queue
[2021-08-18 09:25:41,563] {logging_mixin.py:104} INFO - [2021-08-18 09:25:41,563] {dagbag.py:487} INFO - Filling up the DagBag from /home/airflow/.local/lib/python3.6/site-packages/airflow/example_dags/example_xcom.py
[2021-08-18 09:25:41,585] {scheduler_job.py:643} INFO - DAG(s) dict_keys(['example_xcom']) retrieved from /home/airflow/.local/lib/python3.6/site-packages/airflow/example_dags/example_xcom.py
[2021-08-18 09:25:41,610] {logging_mixin.py:104} INFO - [2021-08-18 09:25:41,610] {dag.py:1832} INFO - Sync 1 DAGs
[2021-08-18 09:25:41,631] {logging_mixin.py:104} INFO - [2021-08-18 09:25:41,631] {dag.py:2305} INFO - Setting next_dagrun for example_xcom to 2021-08-16 00:00:00+00:00
[2021-08-18 09:25:41,643] {scheduler_job.py:190} INFO - Processing /home/airflow/.local/lib/python3.6/site-packages/airflow/example_dags/example_xcom.py took 0.089 seconds
[2021-08-18 09:26:11,690] {scheduler_job.py:182} INFO - Started process (PID=1254) to work on /home/airflow/.local/lib/python3.6/site-packages/airflow/example_dags/example_xcom.py
[2021-08-18 09:26:11,691] {scheduler_job.py:633} INFO - Processing file /home/airflow/.local/lib/python3.6/site-packages/airflow/example_dags/example_xcom.py for tasks to queue
[2021-08-18 09:26:11,693] {logging_mixin.py:104} INFO - [2021-08-18 09:26:11,692] {dagbag.py:487} INFO - Filling up the DagBag from /home/airflow/.local/lib/python3.6/site-packages/airflow/example_dags/example_xcom.py
[2021-08-18 09:26:11,706] {scheduler_job.py:643} INFO - DAG(s) dict_keys(['example_xcom']) retrieved from /home/airflow/.local/lib/python3.6/site-packages/airflow/example_dags/example_xcom.py
[2021-08-18 09:26:11,730] {logging_mixin.py:104} INFO - [2021-08-18 09:26:11,729] {dag.py:1832} INFO - Sync 1 DAGs
[2021-08-18 09:26:11,748] {logging_mixin.py:104} INFO - [2021-08-18 09:26:11,748] {dag.py:2305} INFO - Setting next_dagrun for example_xcom to 2021-08-16 00:00:00+00:00
[2021-08-18 09:26:11,758] {scheduler_job.py:190} INFO - Processing /home/airflow/.local/lib/python3.6/site-packages/airflow/example_dags/example_xcom.py took 0.073 seconds
[2021-08-18 09:26:42,055] {scheduler_job.py:182} INFO - Started process (PID=1330) to work on /home/airflow/.local/lib/python3.6/site-packages/airflow/example_dags/example_xcom.py
[2021-08-18 09:26:42,057] {scheduler_job.py:633} INFO - Processing file /home/airflow/.local/lib/python3.6/site-packages/airflow/example_dags/example_xcom.py for tasks to queue
[2021-08-18 09:26:42,058] {logging_mixin.py:104} INFO - [2021-08-18 09:26:42,058] {dagbag.py:487} INFO - Filling up the DagBag from /home/airflow/.local/lib/python3.6/site-packages/airflow/example_dags/example_xcom.py
[2021-08-18 09:26:42,070] {scheduler_job.py:643} INFO - DAG(s) dict_keys(['example_xcom']) retrieved from /home/airflow/.local/lib/python3.6/site-packages/airflow/example_dags/example_xcom.py
[2021-08-18 09:26:42,090] {logging_mixin.py:104} INFO - [2021-08-18 09:26:42,090] {dag.py:1832} INFO - Sync 1 DAGs
[2021-08-18 09:26:42,103] {logging_mixin.py:104} INFO - [2021-08-18 09:26:42,103] {dag.py:2305} INFO - Setting next_dagrun for example_xcom to 2021-08-16 00:00:00+00:00
[2021-08-18 09:26:42,111] {scheduler_job.py:190} INFO - Processing /home/airflow/.local/lib/python3.6/site-packages/airflow/example_dags/example_xcom.py took 0.060 seconds
[2021-08-18 09:27:12,898] {scheduler_job.py:182} INFO - Started process (PID=1391) to work on /home/airflow/.local/lib/python3.6/site-packages/airflow/example_dags/example_xcom.py
[2021-08-18 09:27:12,901] {scheduler_job.py:633} INFO - Processing file /home/airflow/.local/lib/python3.6/site-packages/airflow/example_dags/example_xcom.py for tasks to queue
[2021-08-18 09:27:12,902] {logging_mixin.py:104} INFO - [2021-08-18 09:27:12,902] {dagbag.py:487} INFO - Filling up the DagBag from /home/airflow/.local/lib/python3.6/site-packages/airflow/example_dags/example_xcom.py
[2021-08-18 09:27:12,919] {scheduler_job.py:643} INFO - DAG(s) dict_keys(['example_xcom']) retrieved from /home/airflow/.local/lib/python3.6/site-packages/airflow/example_dags/example_xcom.py
[2021-08-18 09:27:12,942] {logging_mixin.py:104} INFO - [2021-08-18 09:27:12,942] {dag.py:1832} INFO - Sync 1 DAGs
[2021-08-18 09:27:12,960] {logging_mixin.py:104} INFO - [2021-08-18 09:27:12,960] {dag.py:2305} INFO - Setting next_dagrun for example_xcom to 2021-08-16 00:00:00+00:00
[2021-08-18 09:27:12,971] {scheduler_job.py:190} INFO - Processing /home/airflow/.local/lib/python3.6/site-packages/airflow/example_dags/example_xcom.py took 0.077 seconds
[2021-08-18 09:27:43,135] {scheduler_job.py:182} INFO - Started process (PID=1468) to work on /home/airflow/.local/lib/python3.6/site-packages/airflow/example_dags/example_xcom.py
[2021-08-18 09:27:43,138] {scheduler_job.py:633} INFO - Processing file /home/airflow/.local/lib/python3.6/site-packages/airflow/example_dags/example_xcom.py for tasks to queue
[2021-08-18 09:27:43,141] {logging_mixin.py:104} INFO - [2021-08-18 09:27:43,140] {dagbag.py:487} INFO - Filling up the DagBag from /home/airflow/.local/lib/python3.6/site-packages/airflow/example_dags/example_xcom.py
[2021-08-18 09:27:43,157] {scheduler_job.py:643} INFO - DAG(s) dict_keys(['example_xcom']) retrieved from /home/airflow/.local/lib/python3.6/site-packages/airflow/example_dags/example_xcom.py
[2021-08-18 09:27:43,184] {logging_mixin.py:104} INFO - [2021-08-18 09:27:43,184] {dag.py:1832} INFO - Sync 1 DAGs
[2021-08-18 09:27:43,204] {logging_mixin.py:104} INFO - [2021-08-18 09:27:43,204] {dag.py:2305} INFO - Setting next_dagrun for example_xcom to 2021-08-16 00:00:00+00:00
[2021-08-18 09:27:43,217] {scheduler_job.py:190} INFO - Processing /home/airflow/.local/lib/python3.6/site-packages/airflow/example_dags/example_xcom.py took 0.086 seconds
[2021-08-18 09:28:13,294] {scheduler_job.py:182} INFO - Started process (PID=1539) to work on /home/airflow/.local/lib/python3.6/site-packages/airflow/example_dags/example_xcom.py
[2021-08-18 09:28:13,296] {scheduler_job.py:633} INFO - Processing file /home/airflow/.local/lib/python3.6/site-packages/airflow/example_dags/example_xcom.py for tasks to queue
[2021-08-18 09:28:13,298] {logging_mixin.py:104} INFO - [2021-08-18 09:28:13,298] {dagbag.py:487} INFO - Filling up the DagBag from /home/airflow/.local/lib/python3.6/site-packages/airflow/example_dags/example_xcom.py
[2021-08-18 09:28:13,313] {scheduler_job.py:643} INFO - DAG(s) dict_keys(['example_xcom']) retrieved from /home/airflow/.local/lib/python3.6/site-packages/airflow/example_dags/example_xcom.py
[2021-08-18 09:28:13,338] {logging_mixin.py:104} INFO - [2021-08-18 09:28:13,337] {dag.py:1832} INFO - Sync 1 DAGs
[2021-08-18 09:28:13,356] {logging_mixin.py:104} INFO - [2021-08-18 09:28:13,356] {dag.py:2305} INFO - Setting next_dagrun for example_xcom to 2021-08-16 00:00:00+00:00
[2021-08-18 09:28:13,371] {scheduler_job.py:190} INFO - Processing /home/airflow/.local/lib/python3.6/site-packages/airflow/example_dags/example_xcom.py took 0.081 seconds
[2021-08-18 09:28:44,164] {scheduler_job.py:182} INFO - Started process (PID=1609) to work on /home/airflow/.local/lib/python3.6/site-packages/airflow/example_dags/example_xcom.py
[2021-08-18 09:28:44,166] {scheduler_job.py:633} INFO - Processing file /home/airflow/.local/lib/python3.6/site-packages/airflow/example_dags/example_xcom.py for tasks to queue
[2021-08-18 09:28:44,168] {logging_mixin.py:104} INFO - [2021-08-18 09:28:44,168] {dagbag.py:487} INFO - Filling up the DagBag from /home/airflow/.local/lib/python3.6/site-packages/airflow/example_dags/example_xcom.py
[2021-08-18 09:28:44,183] {scheduler_job.py:643} INFO - DAG(s) dict_keys(['example_xcom']) retrieved from /home/airflow/.local/lib/python3.6/site-packages/airflow/example_dags/example_xcom.py
[2021-08-18 09:28:44,211] {logging_mixin.py:104} INFO - [2021-08-18 09:28:44,210] {dag.py:1832} INFO - Sync 1 DAGs
[2021-08-18 09:28:44,230] {logging_mixin.py:104} INFO - [2021-08-18 09:28:44,230] {dag.py:2305} INFO - Setting next_dagrun for example_xcom to 2021-08-16 00:00:00+00:00
[2021-08-18 09:28:44,240] {scheduler_job.py:190} INFO - Processing /home/airflow/.local/lib/python3.6/site-packages/airflow/example_dags/example_xcom.py took 0.081 seconds
[2021-08-18 09:29:14,467] {scheduler_job.py:182} INFO - Started process (PID=1687) to work on /home/airflow/.local/lib/python3.6/site-packages/airflow/example_dags/example_xcom.py
[2021-08-18 09:29:14,468] {scheduler_job.py:633} INFO - Processing file /home/airflow/.local/lib/python3.6/site-packages/airflow/example_dags/example_xcom.py for tasks to queue
[2021-08-18 09:29:14,469] {logging_mixin.py:104} INFO - [2021-08-18 09:29:14,469] {dagbag.py:487} INFO - Filling up the DagBag from /home/airflow/.local/lib/python3.6/site-packages/airflow/example_dags/example_xcom.py
[2021-08-18 09:29:14,482] {scheduler_job.py:643} INFO - DAG(s) dict_keys(['example_xcom']) retrieved from /home/airflow/.local/lib/python3.6/site-packages/airflow/example_dags/example_xcom.py
[2021-08-18 09:29:14,504] {logging_mixin.py:104} INFO - [2021-08-18 09:29:14,504] {dag.py:1832} INFO - Sync 1 DAGs
[2021-08-18 09:29:14,520] {logging_mixin.py:104} INFO - [2021-08-18 09:29:14,520] {dag.py:2305} INFO - Setting next_dagrun for example_xcom to 2021-08-16 00:00:00+00:00
[2021-08-18 09:29:14,529] {scheduler_job.py:190} INFO - Processing /home/airflow/.local/lib/python3.6/site-packages/airflow/example_dags/example_xcom.py took 0.066 seconds
[2021-08-18 09:29:44,688] {scheduler_job.py:182} INFO - Started process (PID=1748) to work on /home/airflow/.local/lib/python3.6/site-packages/airflow/example_dags/example_xcom.py
[2021-08-18 09:29:44,691] {scheduler_job.py:633} INFO - Processing file /home/airflow/.local/lib/python3.6/site-packages/airflow/example_dags/example_xcom.py for tasks to queue
[2021-08-18 09:29:44,692] {logging_mixin.py:104} INFO - [2021-08-18 09:29:44,692] {dagbag.py:487} INFO - Filling up the DagBag from /home/airflow/.local/lib/python3.6/site-packages/airflow/example_dags/example_xcom.py
[2021-08-18 09:29:44,705] {scheduler_job.py:643} INFO - DAG(s) dict_keys(['example_xcom']) retrieved from /home/airflow/.local/lib/python3.6/site-packages/airflow/example_dags/example_xcom.py
[2021-08-18 09:29:44,726] {logging_mixin.py:104} INFO - [2021-08-18 09:29:44,726] {dag.py:1832} INFO - Sync 1 DAGs
[2021-08-18 09:29:44,743] {logging_mixin.py:104} INFO - [2021-08-18 09:29:44,743] {dag.py:2305} INFO - Setting next_dagrun for example_xcom to 2021-08-16 00:00:00+00:00
[2021-08-18 09:29:44,753] {scheduler_job.py:190} INFO - Processing /home/airflow/.local/lib/python3.6/site-packages/airflow/example_dags/example_xcom.py took 0.069 seconds
[2021-08-18 09:30:14,931] {scheduler_job.py:182} INFO - Started process (PID=1824) to work on /home/airflow/.local/lib/python3.6/site-packages/airflow/example_dags/example_xcom.py
[2021-08-18 09:30:14,933] {scheduler_job.py:633} INFO - Processing file /home/airflow/.local/lib/python3.6/site-packages/airflow/example_dags/example_xcom.py for tasks to queue
[2021-08-18 09:30:14,934] {logging_mixin.py:104} INFO - [2021-08-18 09:30:14,934] {dagbag.py:487} INFO - Filling up the DagBag from /home/airflow/.local/lib/python3.6/site-packages/airflow/example_dags/example_xcom.py
[2021-08-18 09:30:14,950] {scheduler_job.py:643} INFO - DAG(s) dict_keys(['example_xcom']) retrieved from /home/airflow/.local/lib/python3.6/site-packages/airflow/example_dags/example_xcom.py
[2021-08-18 09:30:14,976] {logging_mixin.py:104} INFO - [2021-08-18 09:30:14,975] {dag.py:1832} INFO - Sync 1 DAGs
[2021-08-18 09:30:14,995] {logging_mixin.py:104} INFO - [2021-08-18 09:30:14,995] {dag.py:2305} INFO - Setting next_dagrun for example_xcom to 2021-08-16 00:00:00+00:00
[2021-08-18 09:30:15,006] {scheduler_job.py:190} INFO - Processing /home/airflow/.local/lib/python3.6/site-packages/airflow/example_dags/example_xcom.py took 0.079 seconds
[2021-08-18 09:30:45,239] {scheduler_job.py:182} INFO - Started process (PID=1896) to work on /home/airflow/.local/lib/python3.6/site-packages/airflow/example_dags/example_xcom.py
[2021-08-18 09:30:45,241] {scheduler_job.py:633} INFO - Processing file /home/airflow/.local/lib/python3.6/site-packages/airflow/example_dags/example_xcom.py for tasks to queue
[2021-08-18 09:30:45,242] {logging_mixin.py:104} INFO - [2021-08-18 09:30:45,242] {dagbag.py:487} INFO - Filling up the DagBag from /home/airflow/.local/lib/python3.6/site-packages/airflow/example_dags/example_xcom.py
[2021-08-18 09:30:45,255] {scheduler_job.py:643} INFO - DAG(s) dict_keys(['example_xcom']) retrieved from /home/airflow/.local/lib/python3.6/site-packages/airflow/example_dags/example_xcom.py
[2021-08-18 09:30:45,282] {logging_mixin.py:104} INFO - [2021-08-18 09:30:45,282] {dag.py:1832} INFO - Sync 1 DAGs
[2021-08-18 09:30:45,304] {logging_mixin.py:104} INFO - [2021-08-18 09:30:45,304] {dag.py:2305} INFO - Setting next_dagrun for example_xcom to 2021-08-16 00:00:00+00:00
[2021-08-18 09:30:45,316] {scheduler_job.py:190} INFO - Processing /home/airflow/.local/lib/python3.6/site-packages/airflow/example_dags/example_xcom.py took 0.081 seconds
[2021-08-18 09:31:16,072] {scheduler_job.py:182} INFO - Started process (PID=1962) to work on /home/airflow/.local/lib/python3.6/site-packages/airflow/example_dags/example_xcom.py
[2021-08-18 09:31:16,074] {scheduler_job.py:633} INFO - Processing file /home/airflow/.local/lib/python3.6/site-packages/airflow/example_dags/example_xcom.py for tasks to queue
[2021-08-18 09:31:16,076] {logging_mixin.py:104} INFO - [2021-08-18 09:31:16,076] {dagbag.py:487} INFO - Filling up the DagBag from /home/airflow/.local/lib/python3.6/site-packages/airflow/example_dags/example_xcom.py
[2021-08-18 09:31:16,089] {scheduler_job.py:643} INFO - DAG(s) dict_keys(['example_xcom']) retrieved from /home/airflow/.local/lib/python3.6/site-packages/airflow/example_dags/example_xcom.py
[2021-08-18 09:31:16,114] {logging_mixin.py:104} INFO - [2021-08-18 09:31:16,114] {dag.py:1832} INFO - Sync 1 DAGs
[2021-08-18 09:31:16,134] {logging_mixin.py:104} INFO - [2021-08-18 09:31:16,134] {dag.py:2305} INFO - Setting next_dagrun for example_xcom to 2021-08-16 00:00:00+00:00
[2021-08-18 09:31:16,145] {scheduler_job.py:190} INFO - Processing /home/airflow/.local/lib/python3.6/site-packages/airflow/example_dags/example_xcom.py took 0.076 seconds
[2021-08-18 09:31:47,079] {scheduler_job.py:182} INFO - Started process (PID=2041) to work on /home/airflow/.local/lib/python3.6/site-packages/airflow/example_dags/example_xcom.py
[2021-08-18 09:31:47,081] {scheduler_job.py:633} INFO - Processing file /home/airflow/.local/lib/python3.6/site-packages/airflow/example_dags/example_xcom.py for tasks to queue
[2021-08-18 09:31:47,082] {logging_mixin.py:104} INFO - [2021-08-18 09:31:47,082] {dagbag.py:487} INFO - Filling up the DagBag from /home/airflow/.local/lib/python3.6/site-packages/airflow/example_dags/example_xcom.py
[2021-08-18 09:31:47,097] {scheduler_job.py:643} INFO - DAG(s) dict_keys(['example_xcom']) retrieved from /home/airflow/.local/lib/python3.6/site-packages/airflow/example_dags/example_xcom.py
[2021-08-18 09:31:47,124] {logging_mixin.py:104} INFO - [2021-08-18 09:31:47,123] {dag.py:1832} INFO - Sync 1 DAGs
[2021-08-18 09:31:47,144] {logging_mixin.py:104} INFO - [2021-08-18 09:31:47,144] {dag.py:2305} INFO - Setting next_dagrun for example_xcom to 2021-08-16 00:00:00+00:00
[2021-08-18 09:31:47,155] {scheduler_job.py:190} INFO - Processing /home/airflow/.local/lib/python3.6/site-packages/airflow/example_dags/example_xcom.py took 0.080 seconds
[2021-08-18 09:32:17,635] {scheduler_job.py:182} INFO - Started process (PID=2104) to work on /home/airflow/.local/lib/python3.6/site-packages/airflow/example_dags/example_xcom.py
[2021-08-18 09:32:17,637] {scheduler_job.py:633} INFO - Processing file /home/airflow/.local/lib/python3.6/site-packages/airflow/example_dags/example_xcom.py for tasks to queue
[2021-08-18 09:32:17,638] {logging_mixin.py:104} INFO - [2021-08-18 09:32:17,638] {dagbag.py:487} INFO - Filling up the DagBag from /home/airflow/.local/lib/python3.6/site-packages/airflow/example_dags/example_xcom.py
[2021-08-18 09:32:17,652] {scheduler_job.py:643} INFO - DAG(s) dict_keys(['example_xcom']) retrieved from /home/airflow/.local/lib/python3.6/site-packages/airflow/example_dags/example_xcom.py
[2021-08-18 09:32:17,675] {logging_mixin.py:104} INFO - [2021-08-18 09:32:17,675] {dag.py:1832} INFO - Sync 1 DAGs
[2021-08-18 09:32:17,694] {logging_mixin.py:104} INFO - [2021-08-18 09:32:17,694] {dag.py:2305} INFO - Setting next_dagrun for example_xcom to 2021-08-16 00:00:00+00:00
[2021-08-18 09:32:17,704] {scheduler_job.py:190} INFO - Processing /home/airflow/.local/lib/python3.6/site-packages/airflow/example_dags/example_xcom.py took 0.074 seconds
[2021-08-18 09:32:47,734] {scheduler_job.py:182} INFO - Started process (PID=2181) to work on /home/airflow/.local/lib/python3.6/site-packages/airflow/example_dags/example_xcom.py
[2021-08-18 09:32:47,736] {scheduler_job.py:633} INFO - Processing file /home/airflow/.local/lib/python3.6/site-packages/airflow/example_dags/example_xcom.py for tasks to queue
[2021-08-18 09:32:47,738] {logging_mixin.py:104} INFO - [2021-08-18 09:32:47,738] {dagbag.py:487} INFO - Filling up the DagBag from /home/airflow/.local/lib/python3.6/site-packages/airflow/example_dags/example_xcom.py
[2021-08-18 09:32:47,759] {scheduler_job.py:643} INFO - DAG(s) dict_keys(['example_xcom']) retrieved from /home/airflow/.local/lib/python3.6/site-packages/airflow/example_dags/example_xcom.py
[2021-08-18 09:32:47,783] {logging_mixin.py:104} INFO - [2021-08-18 09:32:47,783] {dag.py:1832} INFO - Sync 1 DAGs
[2021-08-18 09:32:47,799] {logging_mixin.py:104} INFO - [2021-08-18 09:32:47,799] {dag.py:2305} INFO - Setting next_dagrun for example_xcom to 2021-08-16 00:00:00+00:00
[2021-08-18 09:32:47,809] {scheduler_job.py:190} INFO - Processing /home/airflow/.local/lib/python3.6/site-packages/airflow/example_dags/example_xcom.py took 0.078 seconds
