[2021-08-18 09:02:00,288] {scheduler_job.py:182} INFO - Started process (PID=85) to work on /home/airflow/.local/lib/python3.6/site-packages/airflow/example_dags/example_nested_branch_dag.py
[2021-08-18 09:02:00,290] {scheduler_job.py:633} INFO - Processing file /home/airflow/.local/lib/python3.6/site-packages/airflow/example_dags/example_nested_branch_dag.py for tasks to queue
[2021-08-18 09:02:00,292] {logging_mixin.py:104} INFO - [2021-08-18 09:02:00,292] {dagbag.py:487} INFO - Filling up the DagBag from /home/airflow/.local/lib/python3.6/site-packages/airflow/example_dags/example_nested_branch_dag.py
[2021-08-18 09:02:00,319] {scheduler_job.py:643} INFO - DAG(s) dict_keys(['example_nested_branch_dag']) retrieved from /home/airflow/.local/lib/python3.6/site-packages/airflow/example_dags/example_nested_branch_dag.py
[2021-08-18 09:02:02,517] {logging_mixin.py:104} INFO - [2021-08-18 09:02:02,516] {dag.py:1832} INFO - Sync 1 DAGs
[2021-08-18 09:02:02,529] {logging_mixin.py:104} INFO - [2021-08-18 09:02:02,527] {dag.py:1851} INFO - Creating ORM DAG for example_nested_branch_dag
[2021-08-18 09:02:02,540] {logging_mixin.py:104} INFO - [2021-08-18 09:02:02,540] {dag.py:2305} INFO - Setting next_dagrun for example_nested_branch_dag to 2021-08-16 00:00:00+00:00
[2021-08-18 09:02:02,551] {scheduler_job.py:190} INFO - Processing /home/airflow/.local/lib/python3.6/site-packages/airflow/example_dags/example_nested_branch_dag.py took 2.286 seconds
[2021-08-18 09:02:46,067] {scheduler_job.py:182} INFO - Started process (PID=167) to work on /home/airflow/.local/lib/python3.6/site-packages/airflow/example_dags/example_nested_branch_dag.py
[2021-08-18 09:02:46,069] {scheduler_job.py:633} INFO - Processing file /home/airflow/.local/lib/python3.6/site-packages/airflow/example_dags/example_nested_branch_dag.py for tasks to queue
[2021-08-18 09:02:46,071] {logging_mixin.py:104} INFO - [2021-08-18 09:02:46,071] {dagbag.py:487} INFO - Filling up the DagBag from /home/airflow/.local/lib/python3.6/site-packages/airflow/example_dags/example_nested_branch_dag.py
[2021-08-18 09:02:46,093] {scheduler_job.py:643} INFO - DAG(s) dict_keys(['example_nested_branch_dag']) retrieved from /home/airflow/.local/lib/python3.6/site-packages/airflow/example_dags/example_nested_branch_dag.py
[2021-08-18 09:02:46,120] {logging_mixin.py:104} INFO - [2021-08-18 09:02:46,120] {dag.py:1832} INFO - Sync 1 DAGs
[2021-08-18 09:02:46,142] {logging_mixin.py:104} INFO - [2021-08-18 09:02:46,142] {dag.py:2305} INFO - Setting next_dagrun for example_nested_branch_dag to 2021-08-16 00:00:00+00:00
[2021-08-18 09:02:46,154] {scheduler_job.py:190} INFO - Processing /home/airflow/.local/lib/python3.6/site-packages/airflow/example_dags/example_nested_branch_dag.py took 0.091 seconds
[2021-08-18 09:03:16,744] {scheduler_job.py:182} INFO - Started process (PID=246) to work on /home/airflow/.local/lib/python3.6/site-packages/airflow/example_dags/example_nested_branch_dag.py
[2021-08-18 09:03:16,746] {scheduler_job.py:633} INFO - Processing file /home/airflow/.local/lib/python3.6/site-packages/airflow/example_dags/example_nested_branch_dag.py for tasks to queue
[2021-08-18 09:03:16,747] {logging_mixin.py:104} INFO - [2021-08-18 09:03:16,747] {dagbag.py:487} INFO - Filling up the DagBag from /home/airflow/.local/lib/python3.6/site-packages/airflow/example_dags/example_nested_branch_dag.py
[2021-08-18 09:03:16,770] {scheduler_job.py:643} INFO - DAG(s) dict_keys(['example_nested_branch_dag']) retrieved from /home/airflow/.local/lib/python3.6/site-packages/airflow/example_dags/example_nested_branch_dag.py
[2021-08-18 09:03:16,798] {logging_mixin.py:104} INFO - [2021-08-18 09:03:16,798] {dag.py:1832} INFO - Sync 1 DAGs
[2021-08-18 09:03:16,823] {logging_mixin.py:104} INFO - [2021-08-18 09:03:16,823] {dag.py:2305} INFO - Setting next_dagrun for example_nested_branch_dag to 2021-08-16 00:00:00+00:00
[2021-08-18 09:03:16,837] {scheduler_job.py:190} INFO - Processing /home/airflow/.local/lib/python3.6/site-packages/airflow/example_dags/example_nested_branch_dag.py took 0.097 seconds
[2021-08-18 09:03:47,911] {scheduler_job.py:182} INFO - Started process (PID=319) to work on /home/airflow/.local/lib/python3.6/site-packages/airflow/example_dags/example_nested_branch_dag.py
[2021-08-18 09:03:47,914] {scheduler_job.py:633} INFO - Processing file /home/airflow/.local/lib/python3.6/site-packages/airflow/example_dags/example_nested_branch_dag.py for tasks to queue
[2021-08-18 09:03:47,916] {logging_mixin.py:104} INFO - [2021-08-18 09:03:47,916] {dagbag.py:487} INFO - Filling up the DagBag from /home/airflow/.local/lib/python3.6/site-packages/airflow/example_dags/example_nested_branch_dag.py
[2021-08-18 09:03:47,942] {scheduler_job.py:643} INFO - DAG(s) dict_keys(['example_nested_branch_dag']) retrieved from /home/airflow/.local/lib/python3.6/site-packages/airflow/example_dags/example_nested_branch_dag.py
[2021-08-18 09:03:47,990] {logging_mixin.py:104} INFO - [2021-08-18 09:03:47,990] {dag.py:1832} INFO - Sync 1 DAGs
[2021-08-18 09:03:48,021] {logging_mixin.py:104} INFO - [2021-08-18 09:03:48,020] {dag.py:2305} INFO - Setting next_dagrun for example_nested_branch_dag to 2021-08-16 00:00:00+00:00
[2021-08-18 09:03:48,055] {scheduler_job.py:190} INFO - Processing /home/airflow/.local/lib/python3.6/site-packages/airflow/example_dags/example_nested_branch_dag.py took 0.149 seconds
[2021-08-18 09:04:18,364] {scheduler_job.py:182} INFO - Started process (PID=389) to work on /home/airflow/.local/lib/python3.6/site-packages/airflow/example_dags/example_nested_branch_dag.py
[2021-08-18 09:04:18,366] {scheduler_job.py:633} INFO - Processing file /home/airflow/.local/lib/python3.6/site-packages/airflow/example_dags/example_nested_branch_dag.py for tasks to queue
[2021-08-18 09:04:18,368] {logging_mixin.py:104} INFO - [2021-08-18 09:04:18,368] {dagbag.py:487} INFO - Filling up the DagBag from /home/airflow/.local/lib/python3.6/site-packages/airflow/example_dags/example_nested_branch_dag.py
[2021-08-18 09:04:18,389] {scheduler_job.py:643} INFO - DAG(s) dict_keys(['example_nested_branch_dag']) retrieved from /home/airflow/.local/lib/python3.6/site-packages/airflow/example_dags/example_nested_branch_dag.py
[2021-08-18 09:04:18,417] {logging_mixin.py:104} INFO - [2021-08-18 09:04:18,417] {dag.py:1832} INFO - Sync 1 DAGs
[2021-08-18 09:04:18,440] {logging_mixin.py:104} INFO - [2021-08-18 09:04:18,440] {dag.py:2305} INFO - Setting next_dagrun for example_nested_branch_dag to 2021-08-16 00:00:00+00:00
[2021-08-18 09:04:18,451] {scheduler_job.py:190} INFO - Processing /home/airflow/.local/lib/python3.6/site-packages/airflow/example_dags/example_nested_branch_dag.py took 0.092 seconds
[2021-08-18 09:04:48,499] {scheduler_job.py:182} INFO - Started process (PID=452) to work on /home/airflow/.local/lib/python3.6/site-packages/airflow/example_dags/example_nested_branch_dag.py
[2021-08-18 09:04:48,501] {scheduler_job.py:633} INFO - Processing file /home/airflow/.local/lib/python3.6/site-packages/airflow/example_dags/example_nested_branch_dag.py for tasks to queue
[2021-08-18 09:04:48,503] {logging_mixin.py:104} INFO - [2021-08-18 09:04:48,503] {dagbag.py:487} INFO - Filling up the DagBag from /home/airflow/.local/lib/python3.6/site-packages/airflow/example_dags/example_nested_branch_dag.py
[2021-08-18 09:04:48,525] {scheduler_job.py:643} INFO - DAG(s) dict_keys(['example_nested_branch_dag']) retrieved from /home/airflow/.local/lib/python3.6/site-packages/airflow/example_dags/example_nested_branch_dag.py
[2021-08-18 09:04:48,560] {logging_mixin.py:104} INFO - [2021-08-18 09:04:48,560] {dag.py:1832} INFO - Sync 1 DAGs
[2021-08-18 09:04:48,587] {logging_mixin.py:104} INFO - [2021-08-18 09:04:48,587] {dag.py:2305} INFO - Setting next_dagrun for example_nested_branch_dag to 2021-08-16 00:00:00+00:00
[2021-08-18 09:04:48,599] {scheduler_job.py:190} INFO - Processing /home/airflow/.local/lib/python3.6/site-packages/airflow/example_dags/example_nested_branch_dag.py took 0.106 seconds
[2021-08-18 09:05:18,896] {scheduler_job.py:182} INFO - Started process (PID=513) to work on /home/airflow/.local/lib/python3.6/site-packages/airflow/example_dags/example_nested_branch_dag.py
[2021-08-18 09:05:18,899] {scheduler_job.py:633} INFO - Processing file /home/airflow/.local/lib/python3.6/site-packages/airflow/example_dags/example_nested_branch_dag.py for tasks to queue
[2021-08-18 09:05:18,900] {logging_mixin.py:104} INFO - [2021-08-18 09:05:18,900] {dagbag.py:487} INFO - Filling up the DagBag from /home/airflow/.local/lib/python3.6/site-packages/airflow/example_dags/example_nested_branch_dag.py
[2021-08-18 09:05:18,920] {scheduler_job.py:643} INFO - DAG(s) dict_keys(['example_nested_branch_dag']) retrieved from /home/airflow/.local/lib/python3.6/site-packages/airflow/example_dags/example_nested_branch_dag.py
[2021-08-18 09:05:18,948] {logging_mixin.py:104} INFO - [2021-08-18 09:05:18,948] {dag.py:1832} INFO - Sync 1 DAGs
[2021-08-18 09:05:18,972] {logging_mixin.py:104} INFO - [2021-08-18 09:05:18,972] {dag.py:2305} INFO - Setting next_dagrun for example_nested_branch_dag to 2021-08-16 00:00:00+00:00
[2021-08-18 09:05:18,984] {scheduler_job.py:190} INFO - Processing /home/airflow/.local/lib/python3.6/site-packages/airflow/example_dags/example_nested_branch_dag.py took 0.093 seconds
[2021-08-18 09:05:49,852] {scheduler_job.py:182} INFO - Started process (PID=592) to work on /home/airflow/.local/lib/python3.6/site-packages/airflow/example_dags/example_nested_branch_dag.py
[2021-08-18 09:05:49,854] {scheduler_job.py:633} INFO - Processing file /home/airflow/.local/lib/python3.6/site-packages/airflow/example_dags/example_nested_branch_dag.py for tasks to queue
[2021-08-18 09:05:49,856] {logging_mixin.py:104} INFO - [2021-08-18 09:05:49,856] {dagbag.py:487} INFO - Filling up the DagBag from /home/airflow/.local/lib/python3.6/site-packages/airflow/example_dags/example_nested_branch_dag.py
[2021-08-18 09:05:49,883] {scheduler_job.py:643} INFO - DAG(s) dict_keys(['example_nested_branch_dag']) retrieved from /home/airflow/.local/lib/python3.6/site-packages/airflow/example_dags/example_nested_branch_dag.py
[2021-08-18 09:05:49,918] {logging_mixin.py:104} INFO - [2021-08-18 09:05:49,918] {dag.py:1832} INFO - Sync 1 DAGs
[2021-08-18 09:05:49,950] {logging_mixin.py:104} INFO - [2021-08-18 09:05:49,949] {dag.py:2305} INFO - Setting next_dagrun for example_nested_branch_dag to 2021-08-16 00:00:00+00:00
[2021-08-18 09:05:49,971] {scheduler_job.py:190} INFO - Processing /home/airflow/.local/lib/python3.6/site-packages/airflow/example_dags/example_nested_branch_dag.py took 0.127 seconds
[2021-08-18 09:06:23,546] {scheduler_job.py:182} INFO - Started process (PID=642) to work on /home/airflow/.local/lib/python3.6/site-packages/airflow/example_dags/example_nested_branch_dag.py
[2021-08-18 09:06:23,548] {scheduler_job.py:633} INFO - Processing file /home/airflow/.local/lib/python3.6/site-packages/airflow/example_dags/example_nested_branch_dag.py for tasks to queue
[2021-08-18 09:06:23,550] {logging_mixin.py:104} INFO - [2021-08-18 09:06:23,550] {dagbag.py:487} INFO - Filling up the DagBag from /home/airflow/.local/lib/python3.6/site-packages/airflow/example_dags/example_nested_branch_dag.py
[2021-08-18 09:06:23,574] {scheduler_job.py:643} INFO - DAG(s) dict_keys(['example_nested_branch_dag']) retrieved from /home/airflow/.local/lib/python3.6/site-packages/airflow/example_dags/example_nested_branch_dag.py
[2021-08-18 09:06:23,601] {logging_mixin.py:104} INFO - [2021-08-18 09:06:23,601] {dag.py:1832} INFO - Sync 1 DAGs
[2021-08-18 09:06:23,627] {logging_mixin.py:104} INFO - [2021-08-18 09:06:23,627] {dag.py:2305} INFO - Setting next_dagrun for example_nested_branch_dag to 2021-08-16 00:00:00+00:00
[2021-08-18 09:06:23,640] {scheduler_job.py:190} INFO - Processing /home/airflow/.local/lib/python3.6/site-packages/airflow/example_dags/example_nested_branch_dag.py took 0.101 seconds
[2021-08-18 09:06:53,831] {scheduler_job.py:182} INFO - Started process (PID=708) to work on /home/airflow/.local/lib/python3.6/site-packages/airflow/example_dags/example_nested_branch_dag.py
[2021-08-18 09:06:53,833] {scheduler_job.py:633} INFO - Processing file /home/airflow/.local/lib/python3.6/site-packages/airflow/example_dags/example_nested_branch_dag.py for tasks to queue
[2021-08-18 09:06:53,835] {logging_mixin.py:104} INFO - [2021-08-18 09:06:53,835] {dagbag.py:487} INFO - Filling up the DagBag from /home/airflow/.local/lib/python3.6/site-packages/airflow/example_dags/example_nested_branch_dag.py
[2021-08-18 09:06:53,853] {scheduler_job.py:643} INFO - DAG(s) dict_keys(['example_nested_branch_dag']) retrieved from /home/airflow/.local/lib/python3.6/site-packages/airflow/example_dags/example_nested_branch_dag.py
[2021-08-18 09:06:53,878] {logging_mixin.py:104} INFO - [2021-08-18 09:06:53,878] {dag.py:1832} INFO - Sync 1 DAGs
[2021-08-18 09:06:53,900] {logging_mixin.py:104} INFO - [2021-08-18 09:06:53,899] {dag.py:2305} INFO - Setting next_dagrun for example_nested_branch_dag to 2021-08-16 00:00:00+00:00
[2021-08-18 09:06:53,909] {scheduler_job.py:190} INFO - Processing /home/airflow/.local/lib/python3.6/site-packages/airflow/example_dags/example_nested_branch_dag.py took 0.082 seconds
[2021-08-18 09:07:26,441] {scheduler_job.py:182} INFO - Started process (PID=769) to work on /home/airflow/.local/lib/python3.6/site-packages/airflow/example_dags/example_nested_branch_dag.py
[2021-08-18 09:07:26,444] {scheduler_job.py:633} INFO - Processing file /home/airflow/.local/lib/python3.6/site-packages/airflow/example_dags/example_nested_branch_dag.py for tasks to queue
[2021-08-18 09:07:26,445] {logging_mixin.py:104} INFO - [2021-08-18 09:07:26,445] {dagbag.py:487} INFO - Filling up the DagBag from /home/airflow/.local/lib/python3.6/site-packages/airflow/example_dags/example_nested_branch_dag.py
[2021-08-18 09:07:26,467] {scheduler_job.py:643} INFO - DAG(s) dict_keys(['example_nested_branch_dag']) retrieved from /home/airflow/.local/lib/python3.6/site-packages/airflow/example_dags/example_nested_branch_dag.py
[2021-08-18 09:07:26,496] {logging_mixin.py:104} INFO - [2021-08-18 09:07:26,496] {dag.py:1832} INFO - Sync 1 DAGs
[2021-08-18 09:07:26,519] {logging_mixin.py:104} INFO - [2021-08-18 09:07:26,519] {dag.py:2305} INFO - Setting next_dagrun for example_nested_branch_dag to 2021-08-16 00:00:00+00:00
[2021-08-18 09:07:26,532] {scheduler_job.py:190} INFO - Processing /home/airflow/.local/lib/python3.6/site-packages/airflow/example_dags/example_nested_branch_dag.py took 0.095 seconds
[2021-08-18 09:07:57,377] {scheduler_job.py:182} INFO - Started process (PID=846) to work on /home/airflow/.local/lib/python3.6/site-packages/airflow/example_dags/example_nested_branch_dag.py
[2021-08-18 09:07:57,379] {scheduler_job.py:633} INFO - Processing file /home/airflow/.local/lib/python3.6/site-packages/airflow/example_dags/example_nested_branch_dag.py for tasks to queue
[2021-08-18 09:07:57,381] {logging_mixin.py:104} INFO - [2021-08-18 09:07:57,380] {dagbag.py:487} INFO - Filling up the DagBag from /home/airflow/.local/lib/python3.6/site-packages/airflow/example_dags/example_nested_branch_dag.py
[2021-08-18 09:07:57,401] {scheduler_job.py:643} INFO - DAG(s) dict_keys(['example_nested_branch_dag']) retrieved from /home/airflow/.local/lib/python3.6/site-packages/airflow/example_dags/example_nested_branch_dag.py
[2021-08-18 09:07:57,429] {logging_mixin.py:104} INFO - [2021-08-18 09:07:57,429] {dag.py:1832} INFO - Sync 1 DAGs
[2021-08-18 09:07:57,452] {logging_mixin.py:104} INFO - [2021-08-18 09:07:57,452] {dag.py:2305} INFO - Setting next_dagrun for example_nested_branch_dag to 2021-08-16 00:00:00+00:00
[2021-08-18 09:07:57,464] {scheduler_job.py:190} INFO - Processing /home/airflow/.local/lib/python3.6/site-packages/airflow/example_dags/example_nested_branch_dag.py took 0.091 seconds
[2021-08-18 09:08:28,378] {scheduler_job.py:182} INFO - Started process (PID=885) to work on /home/airflow/.local/lib/python3.6/site-packages/airflow/example_dags/example_nested_branch_dag.py
[2021-08-18 09:08:28,381] {scheduler_job.py:633} INFO - Processing file /home/airflow/.local/lib/python3.6/site-packages/airflow/example_dags/example_nested_branch_dag.py for tasks to queue
[2021-08-18 09:08:28,383] {logging_mixin.py:104} INFO - [2021-08-18 09:08:28,383] {dagbag.py:487} INFO - Filling up the DagBag from /home/airflow/.local/lib/python3.6/site-packages/airflow/example_dags/example_nested_branch_dag.py
[2021-08-18 09:08:28,412] {scheduler_job.py:643} INFO - DAG(s) dict_keys(['example_nested_branch_dag']) retrieved from /home/airflow/.local/lib/python3.6/site-packages/airflow/example_dags/example_nested_branch_dag.py
[2021-08-18 09:08:28,465] {logging_mixin.py:104} INFO - [2021-08-18 09:08:28,465] {dag.py:1832} INFO - Sync 1 DAGs
[2021-08-18 09:08:28,496] {logging_mixin.py:104} INFO - [2021-08-18 09:08:28,496] {dag.py:2305} INFO - Setting next_dagrun for example_nested_branch_dag to 2021-08-16 00:00:00+00:00
[2021-08-18 09:08:28,524] {scheduler_job.py:190} INFO - Processing /home/airflow/.local/lib/python3.6/site-packages/airflow/example_dags/example_nested_branch_dag.py took 0.151 seconds
[2021-08-18 09:08:59,153] {scheduler_job.py:182} INFO - Started process (PID=940) to work on /home/airflow/.local/lib/python3.6/site-packages/airflow/example_dags/example_nested_branch_dag.py
[2021-08-18 09:08:59,155] {scheduler_job.py:633} INFO - Processing file /home/airflow/.local/lib/python3.6/site-packages/airflow/example_dags/example_nested_branch_dag.py for tasks to queue
[2021-08-18 09:08:59,157] {logging_mixin.py:104} INFO - [2021-08-18 09:08:59,157] {dagbag.py:487} INFO - Filling up the DagBag from /home/airflow/.local/lib/python3.6/site-packages/airflow/example_dags/example_nested_branch_dag.py
[2021-08-18 09:08:59,176] {scheduler_job.py:643} INFO - DAG(s) dict_keys(['example_nested_branch_dag']) retrieved from /home/airflow/.local/lib/python3.6/site-packages/airflow/example_dags/example_nested_branch_dag.py
[2021-08-18 09:08:59,205] {logging_mixin.py:104} INFO - [2021-08-18 09:08:59,205] {dag.py:1832} INFO - Sync 1 DAGs
[2021-08-18 09:08:59,227] {logging_mixin.py:104} INFO - [2021-08-18 09:08:59,227] {dag.py:2305} INFO - Setting next_dagrun for example_nested_branch_dag to 2021-08-16 00:00:00+00:00
[2021-08-18 09:08:59,238] {scheduler_job.py:190} INFO - Processing /home/airflow/.local/lib/python3.6/site-packages/airflow/example_dags/example_nested_branch_dag.py took 0.089 seconds
[2021-08-18 09:09:29,490] {scheduler_job.py:182} INFO - Started process (PID=1017) to work on /home/airflow/.local/lib/python3.6/site-packages/airflow/example_dags/example_nested_branch_dag.py
[2021-08-18 09:09:29,493] {scheduler_job.py:633} INFO - Processing file /home/airflow/.local/lib/python3.6/site-packages/airflow/example_dags/example_nested_branch_dag.py for tasks to queue
[2021-08-18 09:09:29,495] {logging_mixin.py:104} INFO - [2021-08-18 09:09:29,494] {dagbag.py:487} INFO - Filling up the DagBag from /home/airflow/.local/lib/python3.6/site-packages/airflow/example_dags/example_nested_branch_dag.py
[2021-08-18 09:09:29,512] {scheduler_job.py:643} INFO - DAG(s) dict_keys(['example_nested_branch_dag']) retrieved from /home/airflow/.local/lib/python3.6/site-packages/airflow/example_dags/example_nested_branch_dag.py
[2021-08-18 09:09:29,539] {logging_mixin.py:104} INFO - [2021-08-18 09:09:29,539] {dag.py:1832} INFO - Sync 1 DAGs
[2021-08-18 09:09:29,562] {logging_mixin.py:104} INFO - [2021-08-18 09:09:29,562] {dag.py:2305} INFO - Setting next_dagrun for example_nested_branch_dag to 2021-08-16 00:00:00+00:00
[2021-08-18 09:09:29,573] {scheduler_job.py:190} INFO - Processing /home/airflow/.local/lib/python3.6/site-packages/airflow/example_dags/example_nested_branch_dag.py took 0.087 seconds
[2021-08-18 09:09:59,888] {scheduler_job.py:182} INFO - Started process (PID=1079) to work on /home/airflow/.local/lib/python3.6/site-packages/airflow/example_dags/example_nested_branch_dag.py
[2021-08-18 09:09:59,890] {scheduler_job.py:633} INFO - Processing file /home/airflow/.local/lib/python3.6/site-packages/airflow/example_dags/example_nested_branch_dag.py for tasks to queue
[2021-08-18 09:09:59,891] {logging_mixin.py:104} INFO - [2021-08-18 09:09:59,891] {dagbag.py:487} INFO - Filling up the DagBag from /home/airflow/.local/lib/python3.6/site-packages/airflow/example_dags/example_nested_branch_dag.py
[2021-08-18 09:09:59,918] {scheduler_job.py:643} INFO - DAG(s) dict_keys(['example_nested_branch_dag']) retrieved from /home/airflow/.local/lib/python3.6/site-packages/airflow/example_dags/example_nested_branch_dag.py
[2021-08-18 09:09:59,944] {logging_mixin.py:104} INFO - [2021-08-18 09:09:59,944] {dag.py:1832} INFO - Sync 1 DAGs
[2021-08-18 09:09:59,965] {logging_mixin.py:104} INFO - [2021-08-18 09:09:59,965] {dag.py:2305} INFO - Setting next_dagrun for example_nested_branch_dag to 2021-08-16 00:00:00+00:00
[2021-08-18 09:09:59,976] {scheduler_job.py:190} INFO - Processing /home/airflow/.local/lib/python3.6/site-packages/airflow/example_dags/example_nested_branch_dag.py took 0.092 seconds
[2021-08-18 09:10:30,411] {scheduler_job.py:182} INFO - Started process (PID=1157) to work on /home/airflow/.local/lib/python3.6/site-packages/airflow/example_dags/example_nested_branch_dag.py
[2021-08-18 09:10:30,414] {scheduler_job.py:633} INFO - Processing file /home/airflow/.local/lib/python3.6/site-packages/airflow/example_dags/example_nested_branch_dag.py for tasks to queue
[2021-08-18 09:10:30,415] {logging_mixin.py:104} INFO - [2021-08-18 09:10:30,415] {dagbag.py:487} INFO - Filling up the DagBag from /home/airflow/.local/lib/python3.6/site-packages/airflow/example_dags/example_nested_branch_dag.py
[2021-08-18 09:10:30,434] {scheduler_job.py:643} INFO - DAG(s) dict_keys(['example_nested_branch_dag']) retrieved from /home/airflow/.local/lib/python3.6/site-packages/airflow/example_dags/example_nested_branch_dag.py
[2021-08-18 09:10:30,462] {logging_mixin.py:104} INFO - [2021-08-18 09:10:30,462] {dag.py:1832} INFO - Sync 1 DAGs
[2021-08-18 09:10:30,487] {logging_mixin.py:104} INFO - [2021-08-18 09:10:30,487] {dag.py:2305} INFO - Setting next_dagrun for example_nested_branch_dag to 2021-08-16 00:00:00+00:00
[2021-08-18 09:10:30,499] {scheduler_job.py:190} INFO - Processing /home/airflow/.local/lib/python3.6/site-packages/airflow/example_dags/example_nested_branch_dag.py took 0.092 seconds
[2021-08-18 09:11:00,538] {scheduler_job.py:182} INFO - Started process (PID=1218) to work on /home/airflow/.local/lib/python3.6/site-packages/airflow/example_dags/example_nested_branch_dag.py
[2021-08-18 09:11:00,540] {scheduler_job.py:633} INFO - Processing file /home/airflow/.local/lib/python3.6/site-packages/airflow/example_dags/example_nested_branch_dag.py for tasks to queue
[2021-08-18 09:11:00,542] {logging_mixin.py:104} INFO - [2021-08-18 09:11:00,542] {dagbag.py:487} INFO - Filling up the DagBag from /home/airflow/.local/lib/python3.6/site-packages/airflow/example_dags/example_nested_branch_dag.py
[2021-08-18 09:11:00,564] {scheduler_job.py:643} INFO - DAG(s) dict_keys(['example_nested_branch_dag']) retrieved from /home/airflow/.local/lib/python3.6/site-packages/airflow/example_dags/example_nested_branch_dag.py
[2021-08-18 09:11:00,594] {logging_mixin.py:104} INFO - [2021-08-18 09:11:00,594] {dag.py:1832} INFO - Sync 1 DAGs
[2021-08-18 09:11:00,620] {logging_mixin.py:104} INFO - [2021-08-18 09:11:00,620] {dag.py:2305} INFO - Setting next_dagrun for example_nested_branch_dag to 2021-08-16 00:00:00+00:00
[2021-08-18 09:11:00,632] {scheduler_job.py:190} INFO - Processing /home/airflow/.local/lib/python3.6/site-packages/airflow/example_dags/example_nested_branch_dag.py took 0.098 seconds
[2021-08-18 09:11:31,022] {scheduler_job.py:182} INFO - Started process (PID=1296) to work on /home/airflow/.local/lib/python3.6/site-packages/airflow/example_dags/example_nested_branch_dag.py
[2021-08-18 09:11:31,025] {scheduler_job.py:633} INFO - Processing file /home/airflow/.local/lib/python3.6/site-packages/airflow/example_dags/example_nested_branch_dag.py for tasks to queue
[2021-08-18 09:11:31,026] {logging_mixin.py:104} INFO - [2021-08-18 09:11:31,026] {dagbag.py:487} INFO - Filling up the DagBag from /home/airflow/.local/lib/python3.6/site-packages/airflow/example_dags/example_nested_branch_dag.py
[2021-08-18 09:11:31,042] {scheduler_job.py:643} INFO - DAG(s) dict_keys(['example_nested_branch_dag']) retrieved from /home/airflow/.local/lib/python3.6/site-packages/airflow/example_dags/example_nested_branch_dag.py
[2021-08-18 09:11:31,066] {logging_mixin.py:104} INFO - [2021-08-18 09:11:31,066] {dag.py:1832} INFO - Sync 1 DAGs
[2021-08-18 09:11:31,087] {logging_mixin.py:104} INFO - [2021-08-18 09:11:31,087] {dag.py:2305} INFO - Setting next_dagrun for example_nested_branch_dag to 2021-08-16 00:00:00+00:00
[2021-08-18 09:11:31,098] {scheduler_job.py:190} INFO - Processing /home/airflow/.local/lib/python3.6/site-packages/airflow/example_dags/example_nested_branch_dag.py took 0.080 seconds
[2021-08-18 09:12:01,683] {scheduler_job.py:182} INFO - Started process (PID=1373) to work on /home/airflow/.local/lib/python3.6/site-packages/airflow/example_dags/example_nested_branch_dag.py
[2021-08-18 09:12:01,685] {scheduler_job.py:633} INFO - Processing file /home/airflow/.local/lib/python3.6/site-packages/airflow/example_dags/example_nested_branch_dag.py for tasks to queue
[2021-08-18 09:12:01,686] {logging_mixin.py:104} INFO - [2021-08-18 09:12:01,686] {dagbag.py:487} INFO - Filling up the DagBag from /home/airflow/.local/lib/python3.6/site-packages/airflow/example_dags/example_nested_branch_dag.py
[2021-08-18 09:12:01,706] {scheduler_job.py:643} INFO - DAG(s) dict_keys(['example_nested_branch_dag']) retrieved from /home/airflow/.local/lib/python3.6/site-packages/airflow/example_dags/example_nested_branch_dag.py
[2021-08-18 09:12:01,730] {logging_mixin.py:104} INFO - [2021-08-18 09:12:01,730] {dag.py:1832} INFO - Sync 1 DAGs
[2021-08-18 09:12:01,751] {logging_mixin.py:104} INFO - [2021-08-18 09:12:01,751] {dag.py:2305} INFO - Setting next_dagrun for example_nested_branch_dag to 2021-08-16 00:00:00+00:00
[2021-08-18 09:12:01,761] {scheduler_job.py:190} INFO - Processing /home/airflow/.local/lib/python3.6/site-packages/airflow/example_dags/example_nested_branch_dag.py took 0.082 seconds
[2021-08-18 09:12:32,322] {scheduler_job.py:182} INFO - Started process (PID=1435) to work on /home/airflow/.local/lib/python3.6/site-packages/airflow/example_dags/example_nested_branch_dag.py
[2021-08-18 09:12:32,323] {scheduler_job.py:633} INFO - Processing file /home/airflow/.local/lib/python3.6/site-packages/airflow/example_dags/example_nested_branch_dag.py for tasks to queue
[2021-08-18 09:12:32,325] {logging_mixin.py:104} INFO - [2021-08-18 09:12:32,324] {dagbag.py:487} INFO - Filling up the DagBag from /home/airflow/.local/lib/python3.6/site-packages/airflow/example_dags/example_nested_branch_dag.py
[2021-08-18 09:12:32,343] {scheduler_job.py:643} INFO - DAG(s) dict_keys(['example_nested_branch_dag']) retrieved from /home/airflow/.local/lib/python3.6/site-packages/airflow/example_dags/example_nested_branch_dag.py
[2021-08-18 09:12:32,366] {logging_mixin.py:104} INFO - [2021-08-18 09:12:32,366] {dag.py:1832} INFO - Sync 1 DAGs
[2021-08-18 09:12:32,386] {logging_mixin.py:104} INFO - [2021-08-18 09:12:32,386] {dag.py:2305} INFO - Setting next_dagrun for example_nested_branch_dag to 2021-08-16 00:00:00+00:00
[2021-08-18 09:12:32,396] {scheduler_job.py:190} INFO - Processing /home/airflow/.local/lib/python3.6/site-packages/airflow/example_dags/example_nested_branch_dag.py took 0.079 seconds
[2021-08-18 09:13:03,029] {scheduler_job.py:182} INFO - Started process (PID=1512) to work on /home/airflow/.local/lib/python3.6/site-packages/airflow/example_dags/example_nested_branch_dag.py
[2021-08-18 09:13:03,031] {scheduler_job.py:633} INFO - Processing file /home/airflow/.local/lib/python3.6/site-packages/airflow/example_dags/example_nested_branch_dag.py for tasks to queue
[2021-08-18 09:13:03,032] {logging_mixin.py:104} INFO - [2021-08-18 09:13:03,032] {dagbag.py:487} INFO - Filling up the DagBag from /home/airflow/.local/lib/python3.6/site-packages/airflow/example_dags/example_nested_branch_dag.py
[2021-08-18 09:13:03,057] {scheduler_job.py:643} INFO - DAG(s) dict_keys(['example_nested_branch_dag']) retrieved from /home/airflow/.local/lib/python3.6/site-packages/airflow/example_dags/example_nested_branch_dag.py
[2021-08-18 09:13:03,085] {logging_mixin.py:104} INFO - [2021-08-18 09:13:03,084] {dag.py:1832} INFO - Sync 1 DAGs
[2021-08-18 09:13:03,119] {logging_mixin.py:104} INFO - [2021-08-18 09:13:03,119] {dag.py:2305} INFO - Setting next_dagrun for example_nested_branch_dag to 2021-08-16 00:00:00+00:00
[2021-08-18 09:13:03,133] {scheduler_job.py:190} INFO - Processing /home/airflow/.local/lib/python3.6/site-packages/airflow/example_dags/example_nested_branch_dag.py took 0.108 seconds
[2021-08-18 09:13:33,901] {scheduler_job.py:182} INFO - Started process (PID=1585) to work on /home/airflow/.local/lib/python3.6/site-packages/airflow/example_dags/example_nested_branch_dag.py
[2021-08-18 09:13:33,904] {scheduler_job.py:633} INFO - Processing file /home/airflow/.local/lib/python3.6/site-packages/airflow/example_dags/example_nested_branch_dag.py for tasks to queue
[2021-08-18 09:13:33,907] {logging_mixin.py:104} INFO - [2021-08-18 09:13:33,906] {dagbag.py:487} INFO - Filling up the DagBag from /home/airflow/.local/lib/python3.6/site-packages/airflow/example_dags/example_nested_branch_dag.py
[2021-08-18 09:13:33,956] {scheduler_job.py:643} INFO - DAG(s) dict_keys(['example_nested_branch_dag']) retrieved from /home/airflow/.local/lib/python3.6/site-packages/airflow/example_dags/example_nested_branch_dag.py
[2021-08-18 09:13:33,988] {logging_mixin.py:104} INFO - [2021-08-18 09:13:33,988] {dag.py:1832} INFO - Sync 1 DAGs
[2021-08-18 09:13:34,014] {logging_mixin.py:104} INFO - [2021-08-18 09:13:34,014] {dag.py:2305} INFO - Setting next_dagrun for example_nested_branch_dag to 2021-08-16 00:00:00+00:00
[2021-08-18 09:13:34,025] {scheduler_job.py:190} INFO - Processing /home/airflow/.local/lib/python3.6/site-packages/airflow/example_dags/example_nested_branch_dag.py took 0.130 seconds
[2021-08-18 09:14:04,206] {scheduler_job.py:182} INFO - Started process (PID=1637) to work on /home/airflow/.local/lib/python3.6/site-packages/airflow/example_dags/example_nested_branch_dag.py
[2021-08-18 09:14:04,209] {scheduler_job.py:633} INFO - Processing file /home/airflow/.local/lib/python3.6/site-packages/airflow/example_dags/example_nested_branch_dag.py for tasks to queue
[2021-08-18 09:14:04,210] {logging_mixin.py:104} INFO - [2021-08-18 09:14:04,210] {dagbag.py:487} INFO - Filling up the DagBag from /home/airflow/.local/lib/python3.6/site-packages/airflow/example_dags/example_nested_branch_dag.py
[2021-08-18 09:14:04,230] {scheduler_job.py:643} INFO - DAG(s) dict_keys(['example_nested_branch_dag']) retrieved from /home/airflow/.local/lib/python3.6/site-packages/airflow/example_dags/example_nested_branch_dag.py
[2021-08-18 09:14:04,258] {logging_mixin.py:104} INFO - [2021-08-18 09:14:04,257] {dag.py:1832} INFO - Sync 1 DAGs
[2021-08-18 09:14:04,286] {logging_mixin.py:104} INFO - [2021-08-18 09:14:04,286] {dag.py:2305} INFO - Setting next_dagrun for example_nested_branch_dag to 2021-08-16 00:00:00+00:00
[2021-08-18 09:14:04,298] {scheduler_job.py:190} INFO - Processing /home/airflow/.local/lib/python3.6/site-packages/airflow/example_dags/example_nested_branch_dag.py took 0.096 seconds
[2021-08-18 09:14:35,603] {scheduler_job.py:182} INFO - Started process (PID=1715) to work on /home/airflow/.local/lib/python3.6/site-packages/airflow/example_dags/example_nested_branch_dag.py
[2021-08-18 09:14:35,605] {scheduler_job.py:633} INFO - Processing file /home/airflow/.local/lib/python3.6/site-packages/airflow/example_dags/example_nested_branch_dag.py for tasks to queue
[2021-08-18 09:14:35,606] {logging_mixin.py:104} INFO - [2021-08-18 09:14:35,606] {dagbag.py:487} INFO - Filling up the DagBag from /home/airflow/.local/lib/python3.6/site-packages/airflow/example_dags/example_nested_branch_dag.py
[2021-08-18 09:14:35,626] {scheduler_job.py:643} INFO - DAG(s) dict_keys(['example_nested_branch_dag']) retrieved from /home/airflow/.local/lib/python3.6/site-packages/airflow/example_dags/example_nested_branch_dag.py
[2021-08-18 09:14:35,652] {logging_mixin.py:104} INFO - [2021-08-18 09:14:35,651] {dag.py:1832} INFO - Sync 1 DAGs
[2021-08-18 09:14:35,673] {logging_mixin.py:104} INFO - [2021-08-18 09:14:35,673] {dag.py:2305} INFO - Setting next_dagrun for example_nested_branch_dag to 2021-08-16 00:00:00+00:00
[2021-08-18 09:14:35,684] {scheduler_job.py:190} INFO - Processing /home/airflow/.local/lib/python3.6/site-packages/airflow/example_dags/example_nested_branch_dag.py took 0.085 seconds
[2021-08-18 09:15:06,448] {scheduler_job.py:182} INFO - Started process (PID=1777) to work on /home/airflow/.local/lib/python3.6/site-packages/airflow/example_dags/example_nested_branch_dag.py
[2021-08-18 09:15:06,449] {scheduler_job.py:633} INFO - Processing file /home/airflow/.local/lib/python3.6/site-packages/airflow/example_dags/example_nested_branch_dag.py for tasks to queue
[2021-08-18 09:15:06,450] {logging_mixin.py:104} INFO - [2021-08-18 09:15:06,450] {dagbag.py:487} INFO - Filling up the DagBag from /home/airflow/.local/lib/python3.6/site-packages/airflow/example_dags/example_nested_branch_dag.py
[2021-08-18 09:15:06,468] {scheduler_job.py:643} INFO - DAG(s) dict_keys(['example_nested_branch_dag']) retrieved from /home/airflow/.local/lib/python3.6/site-packages/airflow/example_dags/example_nested_branch_dag.py
[2021-08-18 09:15:06,490] {logging_mixin.py:104} INFO - [2021-08-18 09:15:06,490] {dag.py:1832} INFO - Sync 1 DAGs
[2021-08-18 09:15:06,511] {logging_mixin.py:104} INFO - [2021-08-18 09:15:06,511] {dag.py:2305} INFO - Setting next_dagrun for example_nested_branch_dag to 2021-08-16 00:00:00+00:00
[2021-08-18 09:15:06,520] {scheduler_job.py:190} INFO - Processing /home/airflow/.local/lib/python3.6/site-packages/airflow/example_dags/example_nested_branch_dag.py took 0.076 seconds
[2021-08-18 09:15:36,544] {scheduler_job.py:182} INFO - Started process (PID=1853) to work on /home/airflow/.local/lib/python3.6/site-packages/airflow/example_dags/example_nested_branch_dag.py
[2021-08-18 09:15:36,546] {scheduler_job.py:633} INFO - Processing file /home/airflow/.local/lib/python3.6/site-packages/airflow/example_dags/example_nested_branch_dag.py for tasks to queue
[2021-08-18 09:15:36,548] {logging_mixin.py:104} INFO - [2021-08-18 09:15:36,548] {dagbag.py:487} INFO - Filling up the DagBag from /home/airflow/.local/lib/python3.6/site-packages/airflow/example_dags/example_nested_branch_dag.py
[2021-08-18 09:15:36,566] {scheduler_job.py:643} INFO - DAG(s) dict_keys(['example_nested_branch_dag']) retrieved from /home/airflow/.local/lib/python3.6/site-packages/airflow/example_dags/example_nested_branch_dag.py
[2021-08-18 09:15:36,591] {logging_mixin.py:104} INFO - [2021-08-18 09:15:36,591] {dag.py:1832} INFO - Sync 1 DAGs
[2021-08-18 09:15:36,613] {logging_mixin.py:104} INFO - [2021-08-18 09:15:36,613] {dag.py:2305} INFO - Setting next_dagrun for example_nested_branch_dag to 2021-08-16 00:00:00+00:00
[2021-08-18 09:15:36,623] {scheduler_job.py:190} INFO - Processing /home/airflow/.local/lib/python3.6/site-packages/airflow/example_dags/example_nested_branch_dag.py took 0.083 seconds
[2021-08-18 09:16:07,146] {scheduler_job.py:182} INFO - Started process (PID=1929) to work on /home/airflow/.local/lib/python3.6/site-packages/airflow/example_dags/example_nested_branch_dag.py
[2021-08-18 09:16:07,148] {scheduler_job.py:633} INFO - Processing file /home/airflow/.local/lib/python3.6/site-packages/airflow/example_dags/example_nested_branch_dag.py for tasks to queue
[2021-08-18 09:16:07,149] {logging_mixin.py:104} INFO - [2021-08-18 09:16:07,149] {dagbag.py:487} INFO - Filling up the DagBag from /home/airflow/.local/lib/python3.6/site-packages/airflow/example_dags/example_nested_branch_dag.py
[2021-08-18 09:16:07,168] {scheduler_job.py:643} INFO - DAG(s) dict_keys(['example_nested_branch_dag']) retrieved from /home/airflow/.local/lib/python3.6/site-packages/airflow/example_dags/example_nested_branch_dag.py
[2021-08-18 09:16:07,193] {logging_mixin.py:104} INFO - [2021-08-18 09:16:07,193] {dag.py:1832} INFO - Sync 1 DAGs
[2021-08-18 09:16:07,219] {logging_mixin.py:104} INFO - [2021-08-18 09:16:07,219] {dag.py:2305} INFO - Setting next_dagrun for example_nested_branch_dag to 2021-08-16 00:00:00+00:00
[2021-08-18 09:16:07,231] {scheduler_job.py:190} INFO - Processing /home/airflow/.local/lib/python3.6/site-packages/airflow/example_dags/example_nested_branch_dag.py took 0.090 seconds
[2021-08-18 09:16:37,832] {scheduler_job.py:182} INFO - Started process (PID=1991) to work on /home/airflow/.local/lib/python3.6/site-packages/airflow/example_dags/example_nested_branch_dag.py
[2021-08-18 09:16:37,846] {scheduler_job.py:633} INFO - Processing file /home/airflow/.local/lib/python3.6/site-packages/airflow/example_dags/example_nested_branch_dag.py for tasks to queue
[2021-08-18 09:16:37,848] {logging_mixin.py:104} INFO - [2021-08-18 09:16:37,848] {dagbag.py:487} INFO - Filling up the DagBag from /home/airflow/.local/lib/python3.6/site-packages/airflow/example_dags/example_nested_branch_dag.py
[2021-08-18 09:16:37,890] {scheduler_job.py:643} INFO - DAG(s) dict_keys(['example_nested_branch_dag']) retrieved from /home/airflow/.local/lib/python3.6/site-packages/airflow/example_dags/example_nested_branch_dag.py
[2021-08-18 09:16:37,920] {logging_mixin.py:104} INFO - [2021-08-18 09:16:37,920] {dag.py:1832} INFO - Sync 1 DAGs
[2021-08-18 09:16:37,943] {logging_mixin.py:104} INFO - [2021-08-18 09:16:37,943] {dag.py:2305} INFO - Setting next_dagrun for example_nested_branch_dag to 2021-08-16 00:00:00+00:00
[2021-08-18 09:16:37,955] {scheduler_job.py:190} INFO - Processing /home/airflow/.local/lib/python3.6/site-packages/airflow/example_dags/example_nested_branch_dag.py took 0.127 seconds
[2021-08-18 09:17:35,270] {scheduler_job.py:182} INFO - Started process (PID=40) to work on /home/airflow/.local/lib/python3.6/site-packages/airflow/example_dags/example_nested_branch_dag.py
[2021-08-18 09:17:35,274] {scheduler_job.py:633} INFO - Processing file /home/airflow/.local/lib/python3.6/site-packages/airflow/example_dags/example_nested_branch_dag.py for tasks to queue
[2021-08-18 09:17:35,275] {logging_mixin.py:104} INFO - [2021-08-18 09:17:35,275] {dagbag.py:487} INFO - Filling up the DagBag from /home/airflow/.local/lib/python3.6/site-packages/airflow/example_dags/example_nested_branch_dag.py
[2021-08-18 09:17:35,290] {scheduler_job.py:643} INFO - DAG(s) dict_keys(['example_nested_branch_dag']) retrieved from /home/airflow/.local/lib/python3.6/site-packages/airflow/example_dags/example_nested_branch_dag.py
[2021-08-18 09:17:35,317] {logging_mixin.py:104} INFO - [2021-08-18 09:17:35,317] {dag.py:1832} INFO - Sync 1 DAGs
[2021-08-18 09:17:35,338] {logging_mixin.py:104} INFO - [2021-08-18 09:17:35,338] {dag.py:2305} INFO - Setting next_dagrun for example_nested_branch_dag to 2021-08-16 00:00:00+00:00
[2021-08-18 09:17:35,352] {scheduler_job.py:190} INFO - Processing /home/airflow/.local/lib/python3.6/site-packages/airflow/example_dags/example_nested_branch_dag.py took 0.088 seconds
[2021-08-18 09:18:06,139] {scheduler_job.py:182} INFO - Started process (PID=117) to work on /home/airflow/.local/lib/python3.6/site-packages/airflow/example_dags/example_nested_branch_dag.py
[2021-08-18 09:18:06,141] {scheduler_job.py:633} INFO - Processing file /home/airflow/.local/lib/python3.6/site-packages/airflow/example_dags/example_nested_branch_dag.py for tasks to queue
[2021-08-18 09:18:06,142] {logging_mixin.py:104} INFO - [2021-08-18 09:18:06,142] {dagbag.py:487} INFO - Filling up the DagBag from /home/airflow/.local/lib/python3.6/site-packages/airflow/example_dags/example_nested_branch_dag.py
[2021-08-18 09:18:06,159] {scheduler_job.py:643} INFO - DAG(s) dict_keys(['example_nested_branch_dag']) retrieved from /home/airflow/.local/lib/python3.6/site-packages/airflow/example_dags/example_nested_branch_dag.py
[2021-08-18 09:18:06,183] {logging_mixin.py:104} INFO - [2021-08-18 09:18:06,183] {dag.py:1832} INFO - Sync 1 DAGs
[2021-08-18 09:18:06,202] {logging_mixin.py:104} INFO - [2021-08-18 09:18:06,202] {dag.py:2305} INFO - Setting next_dagrun for example_nested_branch_dag to 2021-08-16 00:00:00+00:00
[2021-08-18 09:18:06,211] {scheduler_job.py:190} INFO - Processing /home/airflow/.local/lib/python3.6/site-packages/airflow/example_dags/example_nested_branch_dag.py took 0.075 seconds
[2021-08-18 09:18:37,335] {scheduler_job.py:182} INFO - Started process (PID=180) to work on /home/airflow/.local/lib/python3.6/site-packages/airflow/example_dags/example_nested_branch_dag.py
[2021-08-18 09:18:37,338] {scheduler_job.py:633} INFO - Processing file /home/airflow/.local/lib/python3.6/site-packages/airflow/example_dags/example_nested_branch_dag.py for tasks to queue
[2021-08-18 09:18:37,339] {logging_mixin.py:104} INFO - [2021-08-18 09:18:37,339] {dagbag.py:487} INFO - Filling up the DagBag from /home/airflow/.local/lib/python3.6/site-packages/airflow/example_dags/example_nested_branch_dag.py
[2021-08-18 09:18:37,364] {scheduler_job.py:643} INFO - DAG(s) dict_keys(['example_nested_branch_dag']) retrieved from /home/airflow/.local/lib/python3.6/site-packages/airflow/example_dags/example_nested_branch_dag.py
[2021-08-18 09:18:37,391] {logging_mixin.py:104} INFO - [2021-08-18 09:18:37,391] {dag.py:1832} INFO - Sync 1 DAGs
[2021-08-18 09:18:37,415] {logging_mixin.py:104} INFO - [2021-08-18 09:18:37,415] {dag.py:2305} INFO - Setting next_dagrun for example_nested_branch_dag to 2021-08-16 00:00:00+00:00
[2021-08-18 09:18:37,427] {scheduler_job.py:190} INFO - Processing /home/airflow/.local/lib/python3.6/site-packages/airflow/example_dags/example_nested_branch_dag.py took 0.096 seconds
[2021-08-18 09:19:07,589] {scheduler_job.py:182} INFO - Started process (PID=258) to work on /home/airflow/.local/lib/python3.6/site-packages/airflow/example_dags/example_nested_branch_dag.py
[2021-08-18 09:19:07,591] {scheduler_job.py:633} INFO - Processing file /home/airflow/.local/lib/python3.6/site-packages/airflow/example_dags/example_nested_branch_dag.py for tasks to queue
[2021-08-18 09:19:07,593] {logging_mixin.py:104} INFO - [2021-08-18 09:19:07,593] {dagbag.py:487} INFO - Filling up the DagBag from /home/airflow/.local/lib/python3.6/site-packages/airflow/example_dags/example_nested_branch_dag.py
[2021-08-18 09:19:07,612] {scheduler_job.py:643} INFO - DAG(s) dict_keys(['example_nested_branch_dag']) retrieved from /home/airflow/.local/lib/python3.6/site-packages/airflow/example_dags/example_nested_branch_dag.py
[2021-08-18 09:19:07,639] {logging_mixin.py:104} INFO - [2021-08-18 09:19:07,639] {dag.py:1832} INFO - Sync 1 DAGs
[2021-08-18 09:19:07,663] {logging_mixin.py:104} INFO - [2021-08-18 09:19:07,663] {dag.py:2305} INFO - Setting next_dagrun for example_nested_branch_dag to 2021-08-16 00:00:00+00:00
[2021-08-18 09:19:07,674] {scheduler_job.py:190} INFO - Processing /home/airflow/.local/lib/python3.6/site-packages/airflow/example_dags/example_nested_branch_dag.py took 0.089 seconds
[2021-08-18 09:19:37,995] {scheduler_job.py:182} INFO - Started process (PID=330) to work on /home/airflow/.local/lib/python3.6/site-packages/airflow/example_dags/example_nested_branch_dag.py
[2021-08-18 09:19:37,997] {scheduler_job.py:633} INFO - Processing file /home/airflow/.local/lib/python3.6/site-packages/airflow/example_dags/example_nested_branch_dag.py for tasks to queue
[2021-08-18 09:19:37,999] {logging_mixin.py:104} INFO - [2021-08-18 09:19:37,998] {dagbag.py:487} INFO - Filling up the DagBag from /home/airflow/.local/lib/python3.6/site-packages/airflow/example_dags/example_nested_branch_dag.py
[2021-08-18 09:19:38,021] {scheduler_job.py:643} INFO - DAG(s) dict_keys(['example_nested_branch_dag']) retrieved from /home/airflow/.local/lib/python3.6/site-packages/airflow/example_dags/example_nested_branch_dag.py
[2021-08-18 09:19:38,059] {logging_mixin.py:104} INFO - [2021-08-18 09:19:38,059] {dag.py:1832} INFO - Sync 1 DAGs
[2021-08-18 09:19:38,084] {logging_mixin.py:104} INFO - [2021-08-18 09:19:38,084] {dag.py:2305} INFO - Setting next_dagrun for example_nested_branch_dag to 2021-08-16 00:00:00+00:00
[2021-08-18 09:19:38,097] {scheduler_job.py:190} INFO - Processing /home/airflow/.local/lib/python3.6/site-packages/airflow/example_dags/example_nested_branch_dag.py took 0.108 seconds
[2021-08-18 09:20:08,320] {scheduler_job.py:182} INFO - Started process (PID=398) to work on /home/airflow/.local/lib/python3.6/site-packages/airflow/example_dags/example_nested_branch_dag.py
[2021-08-18 09:20:08,323] {scheduler_job.py:633} INFO - Processing file /home/airflow/.local/lib/python3.6/site-packages/airflow/example_dags/example_nested_branch_dag.py for tasks to queue
[2021-08-18 09:20:08,325] {logging_mixin.py:104} INFO - [2021-08-18 09:20:08,325] {dagbag.py:487} INFO - Filling up the DagBag from /home/airflow/.local/lib/python3.6/site-packages/airflow/example_dags/example_nested_branch_dag.py
[2021-08-18 09:20:08,343] {scheduler_job.py:643} INFO - DAG(s) dict_keys(['example_nested_branch_dag']) retrieved from /home/airflow/.local/lib/python3.6/site-packages/airflow/example_dags/example_nested_branch_dag.py
[2021-08-18 09:20:08,367] {logging_mixin.py:104} INFO - [2021-08-18 09:20:08,367] {dag.py:1832} INFO - Sync 1 DAGs
[2021-08-18 09:20:08,387] {logging_mixin.py:104} INFO - [2021-08-18 09:20:08,387] {dag.py:2305} INFO - Setting next_dagrun for example_nested_branch_dag to 2021-08-16 00:00:00+00:00
[2021-08-18 09:20:08,397] {scheduler_job.py:190} INFO - Processing /home/airflow/.local/lib/python3.6/site-packages/airflow/example_dags/example_nested_branch_dag.py took 0.081 seconds
[2021-08-18 09:20:38,896] {scheduler_job.py:182} INFO - Started process (PID=475) to work on /home/airflow/.local/lib/python3.6/site-packages/airflow/example_dags/example_nested_branch_dag.py
[2021-08-18 09:20:38,899] {scheduler_job.py:633} INFO - Processing file /home/airflow/.local/lib/python3.6/site-packages/airflow/example_dags/example_nested_branch_dag.py for tasks to queue
[2021-08-18 09:20:38,901] {logging_mixin.py:104} INFO - [2021-08-18 09:20:38,900] {dagbag.py:487} INFO - Filling up the DagBag from /home/airflow/.local/lib/python3.6/site-packages/airflow/example_dags/example_nested_branch_dag.py
[2021-08-18 09:20:38,920] {scheduler_job.py:643} INFO - DAG(s) dict_keys(['example_nested_branch_dag']) retrieved from /home/airflow/.local/lib/python3.6/site-packages/airflow/example_dags/example_nested_branch_dag.py
[2021-08-18 09:20:38,946] {logging_mixin.py:104} INFO - [2021-08-18 09:20:38,946] {dag.py:1832} INFO - Sync 1 DAGs
[2021-08-18 09:20:38,970] {logging_mixin.py:104} INFO - [2021-08-18 09:20:38,969] {dag.py:2305} INFO - Setting next_dagrun for example_nested_branch_dag to 2021-08-16 00:00:00+00:00
[2021-08-18 09:20:38,987] {scheduler_job.py:190} INFO - Processing /home/airflow/.local/lib/python3.6/site-packages/airflow/example_dags/example_nested_branch_dag.py took 0.096 seconds
[2021-08-18 09:21:09,095] {scheduler_job.py:182} INFO - Started process (PID=536) to work on /home/airflow/.local/lib/python3.6/site-packages/airflow/example_dags/example_nested_branch_dag.py
[2021-08-18 09:21:09,097] {scheduler_job.py:633} INFO - Processing file /home/airflow/.local/lib/python3.6/site-packages/airflow/example_dags/example_nested_branch_dag.py for tasks to queue
[2021-08-18 09:21:09,099] {logging_mixin.py:104} INFO - [2021-08-18 09:21:09,099] {dagbag.py:487} INFO - Filling up the DagBag from /home/airflow/.local/lib/python3.6/site-packages/airflow/example_dags/example_nested_branch_dag.py
[2021-08-18 09:21:09,118] {scheduler_job.py:643} INFO - DAG(s) dict_keys(['example_nested_branch_dag']) retrieved from /home/airflow/.local/lib/python3.6/site-packages/airflow/example_dags/example_nested_branch_dag.py
[2021-08-18 09:21:09,144] {logging_mixin.py:104} INFO - [2021-08-18 09:21:09,144] {dag.py:1832} INFO - Sync 1 DAGs
[2021-08-18 09:21:09,168] {logging_mixin.py:104} INFO - [2021-08-18 09:21:09,168] {dag.py:2305} INFO - Setting next_dagrun for example_nested_branch_dag to 2021-08-16 00:00:00+00:00
[2021-08-18 09:21:09,181] {scheduler_job.py:190} INFO - Processing /home/airflow/.local/lib/python3.6/site-packages/airflow/example_dags/example_nested_branch_dag.py took 0.092 seconds
[2021-08-18 09:21:39,536] {scheduler_job.py:182} INFO - Started process (PID=615) to work on /home/airflow/.local/lib/python3.6/site-packages/airflow/example_dags/example_nested_branch_dag.py
[2021-08-18 09:21:39,538] {scheduler_job.py:633} INFO - Processing file /home/airflow/.local/lib/python3.6/site-packages/airflow/example_dags/example_nested_branch_dag.py for tasks to queue
[2021-08-18 09:21:39,539] {logging_mixin.py:104} INFO - [2021-08-18 09:21:39,539] {dagbag.py:487} INFO - Filling up the DagBag from /home/airflow/.local/lib/python3.6/site-packages/airflow/example_dags/example_nested_branch_dag.py
[2021-08-18 09:21:39,561] {scheduler_job.py:643} INFO - DAG(s) dict_keys(['example_nested_branch_dag']) retrieved from /home/airflow/.local/lib/python3.6/site-packages/airflow/example_dags/example_nested_branch_dag.py
[2021-08-18 09:21:39,590] {logging_mixin.py:104} INFO - [2021-08-18 09:21:39,590] {dag.py:1832} INFO - Sync 1 DAGs
[2021-08-18 09:21:39,621] {logging_mixin.py:104} INFO - [2021-08-18 09:21:39,621] {dag.py:2305} INFO - Setting next_dagrun for example_nested_branch_dag to 2021-08-16 00:00:00+00:00
[2021-08-18 09:21:39,633] {scheduler_job.py:190} INFO - Processing /home/airflow/.local/lib/python3.6/site-packages/airflow/example_dags/example_nested_branch_dag.py took 0.102 seconds
[2021-08-18 09:22:09,855] {scheduler_job.py:182} INFO - Started process (PID=678) to work on /home/airflow/.local/lib/python3.6/site-packages/airflow/example_dags/example_nested_branch_dag.py
[2021-08-18 09:22:09,857] {scheduler_job.py:633} INFO - Processing file /home/airflow/.local/lib/python3.6/site-packages/airflow/example_dags/example_nested_branch_dag.py for tasks to queue
[2021-08-18 09:22:09,858] {logging_mixin.py:104} INFO - [2021-08-18 09:22:09,858] {dagbag.py:487} INFO - Filling up the DagBag from /home/airflow/.local/lib/python3.6/site-packages/airflow/example_dags/example_nested_branch_dag.py
[2021-08-18 09:22:09,874] {scheduler_job.py:643} INFO - DAG(s) dict_keys(['example_nested_branch_dag']) retrieved from /home/airflow/.local/lib/python3.6/site-packages/airflow/example_dags/example_nested_branch_dag.py
[2021-08-18 09:22:09,898] {logging_mixin.py:104} INFO - [2021-08-18 09:22:09,897] {dag.py:1832} INFO - Sync 1 DAGs
[2021-08-18 09:22:09,920] {logging_mixin.py:104} INFO - [2021-08-18 09:22:09,920] {dag.py:2305} INFO - Setting next_dagrun for example_nested_branch_dag to 2021-08-16 00:00:00+00:00
[2021-08-18 09:22:09,931] {scheduler_job.py:190} INFO - Processing /home/airflow/.local/lib/python3.6/site-packages/airflow/example_dags/example_nested_branch_dag.py took 0.080 seconds
[2021-08-18 09:22:40,214] {scheduler_job.py:182} INFO - Started process (PID=755) to work on /home/airflow/.local/lib/python3.6/site-packages/airflow/example_dags/example_nested_branch_dag.py
[2021-08-18 09:22:40,216] {scheduler_job.py:633} INFO - Processing file /home/airflow/.local/lib/python3.6/site-packages/airflow/example_dags/example_nested_branch_dag.py for tasks to queue
[2021-08-18 09:22:40,218] {logging_mixin.py:104} INFO - [2021-08-18 09:22:40,218] {dagbag.py:487} INFO - Filling up the DagBag from /home/airflow/.local/lib/python3.6/site-packages/airflow/example_dags/example_nested_branch_dag.py
[2021-08-18 09:22:40,234] {scheduler_job.py:643} INFO - DAG(s) dict_keys(['example_nested_branch_dag']) retrieved from /home/airflow/.local/lib/python3.6/site-packages/airflow/example_dags/example_nested_branch_dag.py
[2021-08-18 09:22:40,256] {logging_mixin.py:104} INFO - [2021-08-18 09:22:40,256] {dag.py:1832} INFO - Sync 1 DAGs
[2021-08-18 09:22:40,275] {logging_mixin.py:104} INFO - [2021-08-18 09:22:40,275] {dag.py:2305} INFO - Setting next_dagrun for example_nested_branch_dag to 2021-08-16 00:00:00+00:00
[2021-08-18 09:22:40,284] {scheduler_job.py:190} INFO - Processing /home/airflow/.local/lib/python3.6/site-packages/airflow/example_dags/example_nested_branch_dag.py took 0.074 seconds
[2021-08-18 09:23:10,348] {scheduler_job.py:182} INFO - Started process (PID=832) to work on /home/airflow/.local/lib/python3.6/site-packages/airflow/example_dags/example_nested_branch_dag.py
[2021-08-18 09:23:10,350] {scheduler_job.py:633} INFO - Processing file /home/airflow/.local/lib/python3.6/site-packages/airflow/example_dags/example_nested_branch_dag.py for tasks to queue
[2021-08-18 09:23:10,351] {logging_mixin.py:104} INFO - [2021-08-18 09:23:10,351] {dagbag.py:487} INFO - Filling up the DagBag from /home/airflow/.local/lib/python3.6/site-packages/airflow/example_dags/example_nested_branch_dag.py
[2021-08-18 09:23:10,368] {scheduler_job.py:643} INFO - DAG(s) dict_keys(['example_nested_branch_dag']) retrieved from /home/airflow/.local/lib/python3.6/site-packages/airflow/example_dags/example_nested_branch_dag.py
[2021-08-18 09:23:10,390] {logging_mixin.py:104} INFO - [2021-08-18 09:23:10,390] {dag.py:1832} INFO - Sync 1 DAGs
[2021-08-18 09:23:10,408] {logging_mixin.py:104} INFO - [2021-08-18 09:23:10,408] {dag.py:2305} INFO - Setting next_dagrun for example_nested_branch_dag to 2021-08-16 00:00:00+00:00
[2021-08-18 09:23:10,418] {scheduler_job.py:190} INFO - Processing /home/airflow/.local/lib/python3.6/site-packages/airflow/example_dags/example_nested_branch_dag.py took 0.073 seconds
[2021-08-18 09:23:40,942] {scheduler_job.py:182} INFO - Started process (PID=906) to work on /home/airflow/.local/lib/python3.6/site-packages/airflow/example_dags/example_nested_branch_dag.py
[2021-08-18 09:23:40,945] {scheduler_job.py:633} INFO - Processing file /home/airflow/.local/lib/python3.6/site-packages/airflow/example_dags/example_nested_branch_dag.py for tasks to queue
[2021-08-18 09:23:40,946] {logging_mixin.py:104} INFO - [2021-08-18 09:23:40,946] {dagbag.py:487} INFO - Filling up the DagBag from /home/airflow/.local/lib/python3.6/site-packages/airflow/example_dags/example_nested_branch_dag.py
[2021-08-18 09:23:40,963] {scheduler_job.py:643} INFO - DAG(s) dict_keys(['example_nested_branch_dag']) retrieved from /home/airflow/.local/lib/python3.6/site-packages/airflow/example_dags/example_nested_branch_dag.py
[2021-08-18 09:23:40,989] {logging_mixin.py:104} INFO - [2021-08-18 09:23:40,988] {dag.py:1832} INFO - Sync 1 DAGs
[2021-08-18 09:23:41,009] {logging_mixin.py:104} INFO - [2021-08-18 09:23:41,009] {dag.py:2305} INFO - Setting next_dagrun for example_nested_branch_dag to 2021-08-16 00:00:00+00:00
[2021-08-18 09:23:41,019] {scheduler_job.py:190} INFO - Processing /home/airflow/.local/lib/python3.6/site-packages/airflow/example_dags/example_nested_branch_dag.py took 0.081 seconds
[2021-08-18 09:24:11,139] {scheduler_job.py:182} INFO - Started process (PID=984) to work on /home/airflow/.local/lib/python3.6/site-packages/airflow/example_dags/example_nested_branch_dag.py
[2021-08-18 09:24:11,142] {scheduler_job.py:633} INFO - Processing file /home/airflow/.local/lib/python3.6/site-packages/airflow/example_dags/example_nested_branch_dag.py for tasks to queue
[2021-08-18 09:24:11,144] {logging_mixin.py:104} INFO - [2021-08-18 09:24:11,144] {dagbag.py:487} INFO - Filling up the DagBag from /home/airflow/.local/lib/python3.6/site-packages/airflow/example_dags/example_nested_branch_dag.py
[2021-08-18 09:24:11,163] {scheduler_job.py:643} INFO - DAG(s) dict_keys(['example_nested_branch_dag']) retrieved from /home/airflow/.local/lib/python3.6/site-packages/airflow/example_dags/example_nested_branch_dag.py
[2021-08-18 09:24:11,188] {logging_mixin.py:104} INFO - [2021-08-18 09:24:11,188] {dag.py:1832} INFO - Sync 1 DAGs
[2021-08-18 09:24:11,209] {logging_mixin.py:104} INFO - [2021-08-18 09:24:11,209] {dag.py:2305} INFO - Setting next_dagrun for example_nested_branch_dag to 2021-08-16 00:00:00+00:00
[2021-08-18 09:24:11,220] {scheduler_job.py:190} INFO - Processing /home/airflow/.local/lib/python3.6/site-packages/airflow/example_dags/example_nested_branch_dag.py took 0.085 seconds
[2021-08-18 09:24:41,560] {scheduler_job.py:182} INFO - Started process (PID=1046) to work on /home/airflow/.local/lib/python3.6/site-packages/airflow/example_dags/example_nested_branch_dag.py
[2021-08-18 09:24:41,563] {scheduler_job.py:633} INFO - Processing file /home/airflow/.local/lib/python3.6/site-packages/airflow/example_dags/example_nested_branch_dag.py for tasks to queue
[2021-08-18 09:24:41,564] {logging_mixin.py:104} INFO - [2021-08-18 09:24:41,564] {dagbag.py:487} INFO - Filling up the DagBag from /home/airflow/.local/lib/python3.6/site-packages/airflow/example_dags/example_nested_branch_dag.py
[2021-08-18 09:24:41,581] {scheduler_job.py:643} INFO - DAG(s) dict_keys(['example_nested_branch_dag']) retrieved from /home/airflow/.local/lib/python3.6/site-packages/airflow/example_dags/example_nested_branch_dag.py
[2021-08-18 09:24:41,609] {logging_mixin.py:104} INFO - [2021-08-18 09:24:41,609] {dag.py:1832} INFO - Sync 1 DAGs
[2021-08-18 09:24:41,631] {logging_mixin.py:104} INFO - [2021-08-18 09:24:41,631] {dag.py:2305} INFO - Setting next_dagrun for example_nested_branch_dag to 2021-08-16 00:00:00+00:00
[2021-08-18 09:24:41,644] {scheduler_job.py:190} INFO - Processing /home/airflow/.local/lib/python3.6/site-packages/airflow/example_dags/example_nested_branch_dag.py took 0.087 seconds
[2021-08-18 09:25:11,752] {scheduler_job.py:182} INFO - Started process (PID=1123) to work on /home/airflow/.local/lib/python3.6/site-packages/airflow/example_dags/example_nested_branch_dag.py
[2021-08-18 09:25:11,755] {scheduler_job.py:633} INFO - Processing file /home/airflow/.local/lib/python3.6/site-packages/airflow/example_dags/example_nested_branch_dag.py for tasks to queue
[2021-08-18 09:25:11,756] {logging_mixin.py:104} INFO - [2021-08-18 09:25:11,756] {dagbag.py:487} INFO - Filling up the DagBag from /home/airflow/.local/lib/python3.6/site-packages/airflow/example_dags/example_nested_branch_dag.py
[2021-08-18 09:25:11,776] {scheduler_job.py:643} INFO - DAG(s) dict_keys(['example_nested_branch_dag']) retrieved from /home/airflow/.local/lib/python3.6/site-packages/airflow/example_dags/example_nested_branch_dag.py
[2021-08-18 09:25:11,799] {logging_mixin.py:104} INFO - [2021-08-18 09:25:11,798] {dag.py:1832} INFO - Sync 1 DAGs
[2021-08-18 09:25:11,820] {logging_mixin.py:104} INFO - [2021-08-18 09:25:11,820] {dag.py:2305} INFO - Setting next_dagrun for example_nested_branch_dag to 2021-08-16 00:00:00+00:00
[2021-08-18 09:25:11,830] {scheduler_job.py:190} INFO - Processing /home/airflow/.local/lib/python3.6/site-packages/airflow/example_dags/example_nested_branch_dag.py took 0.085 seconds
[2021-08-18 09:25:42,129] {scheduler_job.py:182} INFO - Started process (PID=1196) to work on /home/airflow/.local/lib/python3.6/site-packages/airflow/example_dags/example_nested_branch_dag.py
[2021-08-18 09:25:42,131] {scheduler_job.py:633} INFO - Processing file /home/airflow/.local/lib/python3.6/site-packages/airflow/example_dags/example_nested_branch_dag.py for tasks to queue
[2021-08-18 09:25:42,134] {logging_mixin.py:104} INFO - [2021-08-18 09:25:42,133] {dagbag.py:487} INFO - Filling up the DagBag from /home/airflow/.local/lib/python3.6/site-packages/airflow/example_dags/example_nested_branch_dag.py
[2021-08-18 09:25:42,155] {scheduler_job.py:643} INFO - DAG(s) dict_keys(['example_nested_branch_dag']) retrieved from /home/airflow/.local/lib/python3.6/site-packages/airflow/example_dags/example_nested_branch_dag.py
[2021-08-18 09:25:42,182] {logging_mixin.py:104} INFO - [2021-08-18 09:25:42,181] {dag.py:1832} INFO - Sync 1 DAGs
[2021-08-18 09:25:42,204] {logging_mixin.py:104} INFO - [2021-08-18 09:25:42,204] {dag.py:2305} INFO - Setting next_dagrun for example_nested_branch_dag to 2021-08-16 00:00:00+00:00
[2021-08-18 09:25:42,216] {scheduler_job.py:190} INFO - Processing /home/airflow/.local/lib/python3.6/site-packages/airflow/example_dags/example_nested_branch_dag.py took 0.091 seconds
[2021-08-18 09:26:12,497] {scheduler_job.py:182} INFO - Started process (PID=1262) to work on /home/airflow/.local/lib/python3.6/site-packages/airflow/example_dags/example_nested_branch_dag.py
[2021-08-18 09:26:12,499] {scheduler_job.py:633} INFO - Processing file /home/airflow/.local/lib/python3.6/site-packages/airflow/example_dags/example_nested_branch_dag.py for tasks to queue
[2021-08-18 09:26:12,500] {logging_mixin.py:104} INFO - [2021-08-18 09:26:12,500] {dagbag.py:487} INFO - Filling up the DagBag from /home/airflow/.local/lib/python3.6/site-packages/airflow/example_dags/example_nested_branch_dag.py
[2021-08-18 09:26:12,521] {scheduler_job.py:643} INFO - DAG(s) dict_keys(['example_nested_branch_dag']) retrieved from /home/airflow/.local/lib/python3.6/site-packages/airflow/example_dags/example_nested_branch_dag.py
[2021-08-18 09:26:12,546] {logging_mixin.py:104} INFO - [2021-08-18 09:26:12,546] {dag.py:1832} INFO - Sync 1 DAGs
[2021-08-18 09:26:12,567] {logging_mixin.py:104} INFO - [2021-08-18 09:26:12,567] {dag.py:2305} INFO - Setting next_dagrun for example_nested_branch_dag to 2021-08-16 00:00:00+00:00
[2021-08-18 09:26:12,578] {scheduler_job.py:190} INFO - Processing /home/airflow/.local/lib/python3.6/site-packages/airflow/example_dags/example_nested_branch_dag.py took 0.085 seconds
[2021-08-18 09:26:43,515] {scheduler_job.py:182} INFO - Started process (PID=1338) to work on /home/airflow/.local/lib/python3.6/site-packages/airflow/example_dags/example_nested_branch_dag.py
[2021-08-18 09:26:43,517] {scheduler_job.py:633} INFO - Processing file /home/airflow/.local/lib/python3.6/site-packages/airflow/example_dags/example_nested_branch_dag.py for tasks to queue
[2021-08-18 09:26:43,519] {logging_mixin.py:104} INFO - [2021-08-18 09:26:43,519] {dagbag.py:487} INFO - Filling up the DagBag from /home/airflow/.local/lib/python3.6/site-packages/airflow/example_dags/example_nested_branch_dag.py
[2021-08-18 09:26:43,538] {scheduler_job.py:643} INFO - DAG(s) dict_keys(['example_nested_branch_dag']) retrieved from /home/airflow/.local/lib/python3.6/site-packages/airflow/example_dags/example_nested_branch_dag.py
[2021-08-18 09:26:43,566] {logging_mixin.py:104} INFO - [2021-08-18 09:26:43,565] {dag.py:1832} INFO - Sync 1 DAGs
[2021-08-18 09:26:43,590] {logging_mixin.py:104} INFO - [2021-08-18 09:26:43,590] {dag.py:2305} INFO - Setting next_dagrun for example_nested_branch_dag to 2021-08-16 00:00:00+00:00
[2021-08-18 09:26:43,602] {scheduler_job.py:190} INFO - Processing /home/airflow/.local/lib/python3.6/site-packages/airflow/example_dags/example_nested_branch_dag.py took 0.091 seconds
[2021-08-18 09:27:14,441] {scheduler_job.py:182} INFO - Started process (PID=1399) to work on /home/airflow/.local/lib/python3.6/site-packages/airflow/example_dags/example_nested_branch_dag.py
[2021-08-18 09:27:14,442] {scheduler_job.py:633} INFO - Processing file /home/airflow/.local/lib/python3.6/site-packages/airflow/example_dags/example_nested_branch_dag.py for tasks to queue
[2021-08-18 09:27:14,443] {logging_mixin.py:104} INFO - [2021-08-18 09:27:14,443] {dagbag.py:487} INFO - Filling up the DagBag from /home/airflow/.local/lib/python3.6/site-packages/airflow/example_dags/example_nested_branch_dag.py
[2021-08-18 09:27:14,459] {scheduler_job.py:643} INFO - DAG(s) dict_keys(['example_nested_branch_dag']) retrieved from /home/airflow/.local/lib/python3.6/site-packages/airflow/example_dags/example_nested_branch_dag.py
[2021-08-18 09:27:14,481] {logging_mixin.py:104} INFO - [2021-08-18 09:27:14,481] {dag.py:1832} INFO - Sync 1 DAGs
[2021-08-18 09:27:14,499] {logging_mixin.py:104} INFO - [2021-08-18 09:27:14,499] {dag.py:2305} INFO - Setting next_dagrun for example_nested_branch_dag to 2021-08-16 00:00:00+00:00
[2021-08-18 09:27:14,507] {scheduler_job.py:190} INFO - Processing /home/airflow/.local/lib/python3.6/site-packages/airflow/example_dags/example_nested_branch_dag.py took 0.070 seconds
[2021-08-18 09:27:45,861] {scheduler_job.py:182} INFO - Started process (PID=1476) to work on /home/airflow/.local/lib/python3.6/site-packages/airflow/example_dags/example_nested_branch_dag.py
[2021-08-18 09:27:45,863] {scheduler_job.py:633} INFO - Processing file /home/airflow/.local/lib/python3.6/site-packages/airflow/example_dags/example_nested_branch_dag.py for tasks to queue
[2021-08-18 09:27:45,864] {logging_mixin.py:104} INFO - [2021-08-18 09:27:45,864] {dagbag.py:487} INFO - Filling up the DagBag from /home/airflow/.local/lib/python3.6/site-packages/airflow/example_dags/example_nested_branch_dag.py
[2021-08-18 09:27:45,880] {scheduler_job.py:643} INFO - DAG(s) dict_keys(['example_nested_branch_dag']) retrieved from /home/airflow/.local/lib/python3.6/site-packages/airflow/example_dags/example_nested_branch_dag.py
[2021-08-18 09:27:45,902] {logging_mixin.py:104} INFO - [2021-08-18 09:27:45,902] {dag.py:1832} INFO - Sync 1 DAGs
[2021-08-18 09:27:45,924] {logging_mixin.py:104} INFO - [2021-08-18 09:27:45,924] {dag.py:2305} INFO - Setting next_dagrun for example_nested_branch_dag to 2021-08-16 00:00:00+00:00
[2021-08-18 09:27:45,935] {scheduler_job.py:190} INFO - Processing /home/airflow/.local/lib/python3.6/site-packages/airflow/example_dags/example_nested_branch_dag.py took 0.078 seconds
[2021-08-18 09:28:16,841] {scheduler_job.py:182} INFO - Started process (PID=1555) to work on /home/airflow/.local/lib/python3.6/site-packages/airflow/example_dags/example_nested_branch_dag.py
[2021-08-18 09:28:16,843] {scheduler_job.py:633} INFO - Processing file /home/airflow/.local/lib/python3.6/site-packages/airflow/example_dags/example_nested_branch_dag.py for tasks to queue
[2021-08-18 09:28:16,845] {logging_mixin.py:104} INFO - [2021-08-18 09:28:16,844] {dagbag.py:487} INFO - Filling up the DagBag from /home/airflow/.local/lib/python3.6/site-packages/airflow/example_dags/example_nested_branch_dag.py
[2021-08-18 09:28:16,862] {scheduler_job.py:643} INFO - DAG(s) dict_keys(['example_nested_branch_dag']) retrieved from /home/airflow/.local/lib/python3.6/site-packages/airflow/example_dags/example_nested_branch_dag.py
[2021-08-18 09:28:16,884] {logging_mixin.py:104} INFO - [2021-08-18 09:28:16,884] {dag.py:1832} INFO - Sync 1 DAGs
[2021-08-18 09:28:16,904] {logging_mixin.py:104} INFO - [2021-08-18 09:28:16,904] {dag.py:2305} INFO - Setting next_dagrun for example_nested_branch_dag to 2021-08-16 00:00:00+00:00
[2021-08-18 09:28:16,915] {scheduler_job.py:190} INFO - Processing /home/airflow/.local/lib/python3.6/site-packages/airflow/example_dags/example_nested_branch_dag.py took 0.079 seconds
[2021-08-18 09:28:47,862] {scheduler_job.py:182} INFO - Started process (PID=1617) to work on /home/airflow/.local/lib/python3.6/site-packages/airflow/example_dags/example_nested_branch_dag.py
[2021-08-18 09:28:47,865] {scheduler_job.py:633} INFO - Processing file /home/airflow/.local/lib/python3.6/site-packages/airflow/example_dags/example_nested_branch_dag.py for tasks to queue
[2021-08-18 09:28:47,867] {logging_mixin.py:104} INFO - [2021-08-18 09:28:47,867] {dagbag.py:487} INFO - Filling up the DagBag from /home/airflow/.local/lib/python3.6/site-packages/airflow/example_dags/example_nested_branch_dag.py
[2021-08-18 09:28:47,891] {scheduler_job.py:643} INFO - DAG(s) dict_keys(['example_nested_branch_dag']) retrieved from /home/airflow/.local/lib/python3.6/site-packages/airflow/example_dags/example_nested_branch_dag.py
[2021-08-18 09:28:47,917] {logging_mixin.py:104} INFO - [2021-08-18 09:28:47,917] {dag.py:1832} INFO - Sync 1 DAGs
[2021-08-18 09:28:47,945] {logging_mixin.py:104} INFO - [2021-08-18 09:28:47,945] {dag.py:2305} INFO - Setting next_dagrun for example_nested_branch_dag to 2021-08-16 00:00:00+00:00
[2021-08-18 09:28:47,958] {scheduler_job.py:190} INFO - Processing /home/airflow/.local/lib/python3.6/site-packages/airflow/example_dags/example_nested_branch_dag.py took 0.101 seconds
[2021-08-18 09:29:19,018] {scheduler_job.py:182} INFO - Started process (PID=1695) to work on /home/airflow/.local/lib/python3.6/site-packages/airflow/example_dags/example_nested_branch_dag.py
[2021-08-18 09:29:19,020] {scheduler_job.py:633} INFO - Processing file /home/airflow/.local/lib/python3.6/site-packages/airflow/example_dags/example_nested_branch_dag.py for tasks to queue
[2021-08-18 09:29:19,022] {logging_mixin.py:104} INFO - [2021-08-18 09:29:19,022] {dagbag.py:487} INFO - Filling up the DagBag from /home/airflow/.local/lib/python3.6/site-packages/airflow/example_dags/example_nested_branch_dag.py
[2021-08-18 09:29:19,040] {scheduler_job.py:643} INFO - DAG(s) dict_keys(['example_nested_branch_dag']) retrieved from /home/airflow/.local/lib/python3.6/site-packages/airflow/example_dags/example_nested_branch_dag.py
[2021-08-18 09:29:19,063] {logging_mixin.py:104} INFO - [2021-08-18 09:29:19,063] {dag.py:1832} INFO - Sync 1 DAGs
[2021-08-18 09:29:19,084] {logging_mixin.py:104} INFO - [2021-08-18 09:29:19,084] {dag.py:2305} INFO - Setting next_dagrun for example_nested_branch_dag to 2021-08-16 00:00:00+00:00
[2021-08-18 09:29:19,096] {scheduler_job.py:190} INFO - Processing /home/airflow/.local/lib/python3.6/site-packages/airflow/example_dags/example_nested_branch_dag.py took 0.082 seconds
[2021-08-18 09:29:50,328] {scheduler_job.py:182} INFO - Started process (PID=1771) to work on /home/airflow/.local/lib/python3.6/site-packages/airflow/example_dags/example_nested_branch_dag.py
[2021-08-18 09:29:50,331] {scheduler_job.py:633} INFO - Processing file /home/airflow/.local/lib/python3.6/site-packages/airflow/example_dags/example_nested_branch_dag.py for tasks to queue
[2021-08-18 09:29:50,333] {logging_mixin.py:104} INFO - [2021-08-18 09:29:50,332] {dagbag.py:487} INFO - Filling up the DagBag from /home/airflow/.local/lib/python3.6/site-packages/airflow/example_dags/example_nested_branch_dag.py
[2021-08-18 09:29:50,347] {scheduler_job.py:643} INFO - DAG(s) dict_keys(['example_nested_branch_dag']) retrieved from /home/airflow/.local/lib/python3.6/site-packages/airflow/example_dags/example_nested_branch_dag.py
[2021-08-18 09:29:50,370] {logging_mixin.py:104} INFO - [2021-08-18 09:29:50,370] {dag.py:1832} INFO - Sync 1 DAGs
[2021-08-18 09:29:50,390] {logging_mixin.py:104} INFO - [2021-08-18 09:29:50,390] {dag.py:2305} INFO - Setting next_dagrun for example_nested_branch_dag to 2021-08-16 00:00:00+00:00
[2021-08-18 09:29:50,401] {scheduler_job.py:190} INFO - Processing /home/airflow/.local/lib/python3.6/site-packages/airflow/example_dags/example_nested_branch_dag.py took 0.076 seconds
[2021-08-18 09:30:21,437] {scheduler_job.py:182} INFO - Started process (PID=1842) to work on /home/airflow/.local/lib/python3.6/site-packages/airflow/example_dags/example_nested_branch_dag.py
[2021-08-18 09:30:21,440] {scheduler_job.py:633} INFO - Processing file /home/airflow/.local/lib/python3.6/site-packages/airflow/example_dags/example_nested_branch_dag.py for tasks to queue
[2021-08-18 09:30:21,441] {logging_mixin.py:104} INFO - [2021-08-18 09:30:21,441] {dagbag.py:487} INFO - Filling up the DagBag from /home/airflow/.local/lib/python3.6/site-packages/airflow/example_dags/example_nested_branch_dag.py
[2021-08-18 09:30:21,458] {scheduler_job.py:643} INFO - DAG(s) dict_keys(['example_nested_branch_dag']) retrieved from /home/airflow/.local/lib/python3.6/site-packages/airflow/example_dags/example_nested_branch_dag.py
[2021-08-18 09:30:21,483] {logging_mixin.py:104} INFO - [2021-08-18 09:30:21,483] {dag.py:1832} INFO - Sync 1 DAGs
[2021-08-18 09:30:21,507] {logging_mixin.py:104} INFO - [2021-08-18 09:30:21,507] {dag.py:2305} INFO - Setting next_dagrun for example_nested_branch_dag to 2021-08-16 00:00:00+00:00
[2021-08-18 09:30:21,518] {scheduler_job.py:190} INFO - Processing /home/airflow/.local/lib/python3.6/site-packages/airflow/example_dags/example_nested_branch_dag.py took 0.084 seconds
[2021-08-18 09:30:51,717] {scheduler_job.py:182} INFO - Started process (PID=1909) to work on /home/airflow/.local/lib/python3.6/site-packages/airflow/example_dags/example_nested_branch_dag.py
[2021-08-18 09:30:51,719] {scheduler_job.py:633} INFO - Processing file /home/airflow/.local/lib/python3.6/site-packages/airflow/example_dags/example_nested_branch_dag.py for tasks to queue
[2021-08-18 09:30:51,720] {logging_mixin.py:104} INFO - [2021-08-18 09:30:51,720] {dagbag.py:487} INFO - Filling up the DagBag from /home/airflow/.local/lib/python3.6/site-packages/airflow/example_dags/example_nested_branch_dag.py
[2021-08-18 09:30:51,735] {scheduler_job.py:643} INFO - DAG(s) dict_keys(['example_nested_branch_dag']) retrieved from /home/airflow/.local/lib/python3.6/site-packages/airflow/example_dags/example_nested_branch_dag.py
[2021-08-18 09:30:51,757] {logging_mixin.py:104} INFO - [2021-08-18 09:30:51,757] {dag.py:1832} INFO - Sync 1 DAGs
[2021-08-18 09:30:51,778] {logging_mixin.py:104} INFO - [2021-08-18 09:30:51,777] {dag.py:2305} INFO - Setting next_dagrun for example_nested_branch_dag to 2021-08-16 00:00:00+00:00
[2021-08-18 09:30:51,788] {scheduler_job.py:190} INFO - Processing /home/airflow/.local/lib/python3.6/site-packages/airflow/example_dags/example_nested_branch_dag.py took 0.075 seconds
[2021-08-18 09:31:22,646] {scheduler_job.py:182} INFO - Started process (PID=1986) to work on /home/airflow/.local/lib/python3.6/site-packages/airflow/example_dags/example_nested_branch_dag.py
[2021-08-18 09:31:22,649] {scheduler_job.py:633} INFO - Processing file /home/airflow/.local/lib/python3.6/site-packages/airflow/example_dags/example_nested_branch_dag.py for tasks to queue
[2021-08-18 09:31:22,650] {logging_mixin.py:104} INFO - [2021-08-18 09:31:22,650] {dagbag.py:487} INFO - Filling up the DagBag from /home/airflow/.local/lib/python3.6/site-packages/airflow/example_dags/example_nested_branch_dag.py
[2021-08-18 09:31:22,667] {scheduler_job.py:643} INFO - DAG(s) dict_keys(['example_nested_branch_dag']) retrieved from /home/airflow/.local/lib/python3.6/site-packages/airflow/example_dags/example_nested_branch_dag.py
[2021-08-18 09:31:22,690] {logging_mixin.py:104} INFO - [2021-08-18 09:31:22,690] {dag.py:1832} INFO - Sync 1 DAGs
[2021-08-18 09:31:22,708] {logging_mixin.py:104} INFO - [2021-08-18 09:31:22,708] {dag.py:2305} INFO - Setting next_dagrun for example_nested_branch_dag to 2021-08-16 00:00:00+00:00
[2021-08-18 09:31:22,717] {scheduler_job.py:190} INFO - Processing /home/airflow/.local/lib/python3.6/site-packages/airflow/example_dags/example_nested_branch_dag.py took 0.075 seconds
[2021-08-18 09:31:53,647] {scheduler_job.py:182} INFO - Started process (PID=2049) to work on /home/airflow/.local/lib/python3.6/site-packages/airflow/example_dags/example_nested_branch_dag.py
[2021-08-18 09:31:53,649] {scheduler_job.py:633} INFO - Processing file /home/airflow/.local/lib/python3.6/site-packages/airflow/example_dags/example_nested_branch_dag.py for tasks to queue
[2021-08-18 09:31:53,650] {logging_mixin.py:104} INFO - [2021-08-18 09:31:53,650] {dagbag.py:487} INFO - Filling up the DagBag from /home/airflow/.local/lib/python3.6/site-packages/airflow/example_dags/example_nested_branch_dag.py
[2021-08-18 09:31:53,667] {scheduler_job.py:643} INFO - DAG(s) dict_keys(['example_nested_branch_dag']) retrieved from /home/airflow/.local/lib/python3.6/site-packages/airflow/example_dags/example_nested_branch_dag.py
[2021-08-18 09:31:53,690] {logging_mixin.py:104} INFO - [2021-08-18 09:31:53,690] {dag.py:1832} INFO - Sync 1 DAGs
[2021-08-18 09:31:53,708] {logging_mixin.py:104} INFO - [2021-08-18 09:31:53,708] {dag.py:2305} INFO - Setting next_dagrun for example_nested_branch_dag to 2021-08-16 00:00:00+00:00
[2021-08-18 09:31:53,718] {scheduler_job.py:190} INFO - Processing /home/airflow/.local/lib/python3.6/site-packages/airflow/example_dags/example_nested_branch_dag.py took 0.075 seconds
[2021-08-18 09:32:24,164] {scheduler_job.py:182} INFO - Started process (PID=2128) to work on /home/airflow/.local/lib/python3.6/site-packages/airflow/example_dags/example_nested_branch_dag.py
[2021-08-18 09:32:24,166] {scheduler_job.py:633} INFO - Processing file /home/airflow/.local/lib/python3.6/site-packages/airflow/example_dags/example_nested_branch_dag.py for tasks to queue
[2021-08-18 09:32:24,167] {logging_mixin.py:104} INFO - [2021-08-18 09:32:24,167] {dagbag.py:487} INFO - Filling up the DagBag from /home/airflow/.local/lib/python3.6/site-packages/airflow/example_dags/example_nested_branch_dag.py
[2021-08-18 09:32:24,182] {scheduler_job.py:643} INFO - DAG(s) dict_keys(['example_nested_branch_dag']) retrieved from /home/airflow/.local/lib/python3.6/site-packages/airflow/example_dags/example_nested_branch_dag.py
[2021-08-18 09:32:24,204] {logging_mixin.py:104} INFO - [2021-08-18 09:32:24,204] {dag.py:1832} INFO - Sync 1 DAGs
[2021-08-18 09:32:24,223] {logging_mixin.py:104} INFO - [2021-08-18 09:32:24,223] {dag.py:2305} INFO - Setting next_dagrun for example_nested_branch_dag to 2021-08-16 00:00:00+00:00
[2021-08-18 09:32:24,233] {scheduler_job.py:190} INFO - Processing /home/airflow/.local/lib/python3.6/site-packages/airflow/example_dags/example_nested_branch_dag.py took 0.072 seconds
[2021-08-18 09:32:55,210] {scheduler_job.py:182} INFO - Started process (PID=2204) to work on /home/airflow/.local/lib/python3.6/site-packages/airflow/example_dags/example_nested_branch_dag.py
[2021-08-18 09:32:55,212] {scheduler_job.py:633} INFO - Processing file /home/airflow/.local/lib/python3.6/site-packages/airflow/example_dags/example_nested_branch_dag.py for tasks to queue
[2021-08-18 09:32:55,214] {logging_mixin.py:104} INFO - [2021-08-18 09:32:55,213] {dagbag.py:487} INFO - Filling up the DagBag from /home/airflow/.local/lib/python3.6/site-packages/airflow/example_dags/example_nested_branch_dag.py
[2021-08-18 09:32:55,231] {scheduler_job.py:643} INFO - DAG(s) dict_keys(['example_nested_branch_dag']) retrieved from /home/airflow/.local/lib/python3.6/site-packages/airflow/example_dags/example_nested_branch_dag.py
[2021-08-18 09:32:55,253] {logging_mixin.py:104} INFO - [2021-08-18 09:32:55,253] {dag.py:1832} INFO - Sync 1 DAGs
[2021-08-18 09:32:55,271] {logging_mixin.py:104} INFO - [2021-08-18 09:32:55,271] {dag.py:2305} INFO - Setting next_dagrun for example_nested_branch_dag to 2021-08-16 00:00:00+00:00
[2021-08-18 09:32:55,280] {scheduler_job.py:190} INFO - Processing /home/airflow/.local/lib/python3.6/site-packages/airflow/example_dags/example_nested_branch_dag.py took 0.073 seconds
