[2021-08-18 09:01:57,627] {scheduler_job.py:182} INFO - Started process (PID=80) to work on /home/airflow/.local/lib/python3.6/site-packages/airflow/example_dags/example_trigger_target_dag.py
[2021-08-18 09:01:57,630] {scheduler_job.py:633} INFO - Processing file /home/airflow/.local/lib/python3.6/site-packages/airflow/example_dags/example_trigger_target_dag.py for tasks to queue
[2021-08-18 09:01:57,631] {logging_mixin.py:104} INFO - [2021-08-18 09:01:57,631] {dagbag.py:487} INFO - Filling up the DagBag from /home/airflow/.local/lib/python3.6/site-packages/airflow/example_dags/example_trigger_target_dag.py
[2021-08-18 09:01:57,660] {scheduler_job.py:643} INFO - DAG(s) dict_keys(['example_trigger_target_dag']) retrieved from /home/airflow/.local/lib/python3.6/site-packages/airflow/example_dags/example_trigger_target_dag.py
[2021-08-18 09:02:00,083] {logging_mixin.py:104} INFO - [2021-08-18 09:02:00,082] {dag.py:1832} INFO - Sync 1 DAGs
[2021-08-18 09:02:00,095] {logging_mixin.py:104} INFO - [2021-08-18 09:02:00,094] {dag.py:1851} INFO - Creating ORM DAG for example_trigger_target_dag
[2021-08-18 09:02:00,100] {logging_mixin.py:104} INFO - [2021-08-18 09:02:00,100] {dag.py:2305} INFO - Setting next_dagrun for example_trigger_target_dag to None
[2021-08-18 09:02:00,111] {scheduler_job.py:190} INFO - Processing /home/airflow/.local/lib/python3.6/site-packages/airflow/example_dags/example_trigger_target_dag.py took 2.488 seconds
[2021-08-18 09:02:45,893] {scheduler_job.py:182} INFO - Started process (PID=164) to work on /home/airflow/.local/lib/python3.6/site-packages/airflow/example_dags/example_trigger_target_dag.py
[2021-08-18 09:02:45,895] {scheduler_job.py:633} INFO - Processing file /home/airflow/.local/lib/python3.6/site-packages/airflow/example_dags/example_trigger_target_dag.py for tasks to queue
[2021-08-18 09:02:45,896] {logging_mixin.py:104} INFO - [2021-08-18 09:02:45,896] {dagbag.py:487} INFO - Filling up the DagBag from /home/airflow/.local/lib/python3.6/site-packages/airflow/example_dags/example_trigger_target_dag.py
[2021-08-18 09:02:45,913] {scheduler_job.py:643} INFO - DAG(s) dict_keys(['example_trigger_target_dag']) retrieved from /home/airflow/.local/lib/python3.6/site-packages/airflow/example_dags/example_trigger_target_dag.py
[2021-08-18 09:02:45,938] {logging_mixin.py:104} INFO - [2021-08-18 09:02:45,938] {dag.py:1832} INFO - Sync 1 DAGs
[2021-08-18 09:02:45,957] {logging_mixin.py:104} INFO - [2021-08-18 09:02:45,957] {dag.py:2305} INFO - Setting next_dagrun for example_trigger_target_dag to None
[2021-08-18 09:02:45,969] {scheduler_job.py:190} INFO - Processing /home/airflow/.local/lib/python3.6/site-packages/airflow/example_dags/example_trigger_target_dag.py took 0.080 seconds
[2021-08-18 09:03:16,559] {scheduler_job.py:182} INFO - Started process (PID=243) to work on /home/airflow/.local/lib/python3.6/site-packages/airflow/example_dags/example_trigger_target_dag.py
[2021-08-18 09:03:16,560] {scheduler_job.py:633} INFO - Processing file /home/airflow/.local/lib/python3.6/site-packages/airflow/example_dags/example_trigger_target_dag.py for tasks to queue
[2021-08-18 09:03:16,562] {logging_mixin.py:104} INFO - [2021-08-18 09:03:16,562] {dagbag.py:487} INFO - Filling up the DagBag from /home/airflow/.local/lib/python3.6/site-packages/airflow/example_dags/example_trigger_target_dag.py
[2021-08-18 09:03:16,579] {scheduler_job.py:643} INFO - DAG(s) dict_keys(['example_trigger_target_dag']) retrieved from /home/airflow/.local/lib/python3.6/site-packages/airflow/example_dags/example_trigger_target_dag.py
[2021-08-18 09:03:16,602] {logging_mixin.py:104} INFO - [2021-08-18 09:03:16,602] {dag.py:1832} INFO - Sync 1 DAGs
[2021-08-18 09:03:16,619] {logging_mixin.py:104} INFO - [2021-08-18 09:03:16,619] {dag.py:2305} INFO - Setting next_dagrun for example_trigger_target_dag to None
[2021-08-18 09:03:16,629] {scheduler_job.py:190} INFO - Processing /home/airflow/.local/lib/python3.6/site-packages/airflow/example_dags/example_trigger_target_dag.py took 0.075 seconds
[2021-08-18 09:03:47,723] {scheduler_job.py:182} INFO - Started process (PID=316) to work on /home/airflow/.local/lib/python3.6/site-packages/airflow/example_dags/example_trigger_target_dag.py
[2021-08-18 09:03:47,728] {scheduler_job.py:633} INFO - Processing file /home/airflow/.local/lib/python3.6/site-packages/airflow/example_dags/example_trigger_target_dag.py for tasks to queue
[2021-08-18 09:03:47,731] {logging_mixin.py:104} INFO - [2021-08-18 09:03:47,730] {dagbag.py:487} INFO - Filling up the DagBag from /home/airflow/.local/lib/python3.6/site-packages/airflow/example_dags/example_trigger_target_dag.py
[2021-08-18 09:03:47,752] {scheduler_job.py:643} INFO - DAG(s) dict_keys(['example_trigger_target_dag']) retrieved from /home/airflow/.local/lib/python3.6/site-packages/airflow/example_dags/example_trigger_target_dag.py
[2021-08-18 09:03:47,791] {logging_mixin.py:104} INFO - [2021-08-18 09:03:47,791] {dag.py:1832} INFO - Sync 1 DAGs
[2021-08-18 09:03:47,817] {logging_mixin.py:104} INFO - [2021-08-18 09:03:47,817] {dag.py:2305} INFO - Setting next_dagrun for example_trigger_target_dag to None
[2021-08-18 09:03:47,832] {scheduler_job.py:190} INFO - Processing /home/airflow/.local/lib/python3.6/site-packages/airflow/example_dags/example_trigger_target_dag.py took 0.115 seconds
[2021-08-18 09:04:18,127] {scheduler_job.py:182} INFO - Started process (PID=386) to work on /home/airflow/.local/lib/python3.6/site-packages/airflow/example_dags/example_trigger_target_dag.py
[2021-08-18 09:04:18,129] {scheduler_job.py:633} INFO - Processing file /home/airflow/.local/lib/python3.6/site-packages/airflow/example_dags/example_trigger_target_dag.py for tasks to queue
[2021-08-18 09:04:18,131] {logging_mixin.py:104} INFO - [2021-08-18 09:04:18,130] {dagbag.py:487} INFO - Filling up the DagBag from /home/airflow/.local/lib/python3.6/site-packages/airflow/example_dags/example_trigger_target_dag.py
[2021-08-18 09:04:18,151] {scheduler_job.py:643} INFO - DAG(s) dict_keys(['example_trigger_target_dag']) retrieved from /home/airflow/.local/lib/python3.6/site-packages/airflow/example_dags/example_trigger_target_dag.py
[2021-08-18 09:04:18,178] {logging_mixin.py:104} INFO - [2021-08-18 09:04:18,178] {dag.py:1832} INFO - Sync 1 DAGs
[2021-08-18 09:04:18,202] {logging_mixin.py:104} INFO - [2021-08-18 09:04:18,202] {dag.py:2305} INFO - Setting next_dagrun for example_trigger_target_dag to None
[2021-08-18 09:04:18,214] {scheduler_job.py:190} INFO - Processing /home/airflow/.local/lib/python3.6/site-packages/airflow/example_dags/example_trigger_target_dag.py took 0.092 seconds
[2021-08-18 09:04:48,265] {scheduler_job.py:182} INFO - Started process (PID=449) to work on /home/airflow/.local/lib/python3.6/site-packages/airflow/example_dags/example_trigger_target_dag.py
[2021-08-18 09:04:48,269] {scheduler_job.py:633} INFO - Processing file /home/airflow/.local/lib/python3.6/site-packages/airflow/example_dags/example_trigger_target_dag.py for tasks to queue
[2021-08-18 09:04:48,272] {logging_mixin.py:104} INFO - [2021-08-18 09:04:48,272] {dagbag.py:487} INFO - Filling up the DagBag from /home/airflow/.local/lib/python3.6/site-packages/airflow/example_dags/example_trigger_target_dag.py
[2021-08-18 09:04:48,311] {scheduler_job.py:643} INFO - DAG(s) dict_keys(['example_trigger_target_dag']) retrieved from /home/airflow/.local/lib/python3.6/site-packages/airflow/example_dags/example_trigger_target_dag.py
[2021-08-18 09:04:48,362] {logging_mixin.py:104} INFO - [2021-08-18 09:04:48,361] {dag.py:1832} INFO - Sync 1 DAGs
[2021-08-18 09:04:48,389] {logging_mixin.py:104} INFO - [2021-08-18 09:04:48,389] {dag.py:2305} INFO - Setting next_dagrun for example_trigger_target_dag to None
[2021-08-18 09:04:48,409] {scheduler_job.py:190} INFO - Processing /home/airflow/.local/lib/python3.6/site-packages/airflow/example_dags/example_trigger_target_dag.py took 0.152 seconds
[2021-08-18 09:05:18,773] {scheduler_job.py:182} INFO - Started process (PID=510) to work on /home/airflow/.local/lib/python3.6/site-packages/airflow/example_dags/example_trigger_target_dag.py
[2021-08-18 09:05:18,774] {scheduler_job.py:633} INFO - Processing file /home/airflow/.local/lib/python3.6/site-packages/airflow/example_dags/example_trigger_target_dag.py for tasks to queue
[2021-08-18 09:05:18,776] {logging_mixin.py:104} INFO - [2021-08-18 09:05:18,776] {dagbag.py:487} INFO - Filling up the DagBag from /home/airflow/.local/lib/python3.6/site-packages/airflow/example_dags/example_trigger_target_dag.py
[2021-08-18 09:05:18,794] {scheduler_job.py:643} INFO - DAG(s) dict_keys(['example_trigger_target_dag']) retrieved from /home/airflow/.local/lib/python3.6/site-packages/airflow/example_dags/example_trigger_target_dag.py
[2021-08-18 09:05:18,816] {logging_mixin.py:104} INFO - [2021-08-18 09:05:18,816] {dag.py:1832} INFO - Sync 1 DAGs
[2021-08-18 09:05:18,835] {logging_mixin.py:104} INFO - [2021-08-18 09:05:18,835] {dag.py:2305} INFO - Setting next_dagrun for example_trigger_target_dag to None
[2021-08-18 09:05:18,846] {scheduler_job.py:190} INFO - Processing /home/airflow/.local/lib/python3.6/site-packages/airflow/example_dags/example_trigger_target_dag.py took 0.077 seconds
[2021-08-18 09:05:49,655] {scheduler_job.py:182} INFO - Started process (PID=589) to work on /home/airflow/.local/lib/python3.6/site-packages/airflow/example_dags/example_trigger_target_dag.py
[2021-08-18 09:05:49,657] {scheduler_job.py:633} INFO - Processing file /home/airflow/.local/lib/python3.6/site-packages/airflow/example_dags/example_trigger_target_dag.py for tasks to queue
[2021-08-18 09:05:49,659] {logging_mixin.py:104} INFO - [2021-08-18 09:05:49,658] {dagbag.py:487} INFO - Filling up the DagBag from /home/airflow/.local/lib/python3.6/site-packages/airflow/example_dags/example_trigger_target_dag.py
[2021-08-18 09:05:49,680] {scheduler_job.py:643} INFO - DAG(s) dict_keys(['example_trigger_target_dag']) retrieved from /home/airflow/.local/lib/python3.6/site-packages/airflow/example_dags/example_trigger_target_dag.py
[2021-08-18 09:05:49,712] {logging_mixin.py:104} INFO - [2021-08-18 09:05:49,712] {dag.py:1832} INFO - Sync 1 DAGs
[2021-08-18 09:05:49,737] {logging_mixin.py:104} INFO - [2021-08-18 09:05:49,737] {dag.py:2305} INFO - Setting next_dagrun for example_trigger_target_dag to None
[2021-08-18 09:05:49,750] {scheduler_job.py:190} INFO - Processing /home/airflow/.local/lib/python3.6/site-packages/airflow/example_dags/example_trigger_target_dag.py took 0.100 seconds
[2021-08-18 09:06:23,276] {scheduler_job.py:182} INFO - Started process (PID=639) to work on /home/airflow/.local/lib/python3.6/site-packages/airflow/example_dags/example_trigger_target_dag.py
[2021-08-18 09:06:23,278] {scheduler_job.py:633} INFO - Processing file /home/airflow/.local/lib/python3.6/site-packages/airflow/example_dags/example_trigger_target_dag.py for tasks to queue
[2021-08-18 09:06:23,280] {logging_mixin.py:104} INFO - [2021-08-18 09:06:23,280] {dagbag.py:487} INFO - Filling up the DagBag from /home/airflow/.local/lib/python3.6/site-packages/airflow/example_dags/example_trigger_target_dag.py
[2021-08-18 09:06:23,310] {scheduler_job.py:643} INFO - DAG(s) dict_keys(['example_trigger_target_dag']) retrieved from /home/airflow/.local/lib/python3.6/site-packages/airflow/example_dags/example_trigger_target_dag.py
[2021-08-18 09:06:23,349] {logging_mixin.py:104} INFO - [2021-08-18 09:06:23,349] {dag.py:1832} INFO - Sync 1 DAGs
[2021-08-18 09:06:23,384] {logging_mixin.py:104} INFO - [2021-08-18 09:06:23,383] {dag.py:2305} INFO - Setting next_dagrun for example_trigger_target_dag to None
[2021-08-18 09:06:23,403] {scheduler_job.py:190} INFO - Processing /home/airflow/.local/lib/python3.6/site-packages/airflow/example_dags/example_trigger_target_dag.py took 0.132 seconds
[2021-08-18 09:06:53,657] {scheduler_job.py:182} INFO - Started process (PID=705) to work on /home/airflow/.local/lib/python3.6/site-packages/airflow/example_dags/example_trigger_target_dag.py
[2021-08-18 09:06:53,659] {scheduler_job.py:633} INFO - Processing file /home/airflow/.local/lib/python3.6/site-packages/airflow/example_dags/example_trigger_target_dag.py for tasks to queue
[2021-08-18 09:06:53,660] {logging_mixin.py:104} INFO - [2021-08-18 09:06:53,660] {dagbag.py:487} INFO - Filling up the DagBag from /home/airflow/.local/lib/python3.6/site-packages/airflow/example_dags/example_trigger_target_dag.py
[2021-08-18 09:06:53,674] {scheduler_job.py:643} INFO - DAG(s) dict_keys(['example_trigger_target_dag']) retrieved from /home/airflow/.local/lib/python3.6/site-packages/airflow/example_dags/example_trigger_target_dag.py
[2021-08-18 09:06:53,697] {logging_mixin.py:104} INFO - [2021-08-18 09:06:53,697] {dag.py:1832} INFO - Sync 1 DAGs
[2021-08-18 09:06:53,715] {logging_mixin.py:104} INFO - [2021-08-18 09:06:53,715] {dag.py:2305} INFO - Setting next_dagrun for example_trigger_target_dag to None
[2021-08-18 09:06:53,729] {scheduler_job.py:190} INFO - Processing /home/airflow/.local/lib/python3.6/site-packages/airflow/example_dags/example_trigger_target_dag.py took 0.075 seconds
[2021-08-18 09:07:26,246] {scheduler_job.py:182} INFO - Started process (PID=766) to work on /home/airflow/.local/lib/python3.6/site-packages/airflow/example_dags/example_trigger_target_dag.py
[2021-08-18 09:07:26,248] {scheduler_job.py:633} INFO - Processing file /home/airflow/.local/lib/python3.6/site-packages/airflow/example_dags/example_trigger_target_dag.py for tasks to queue
[2021-08-18 09:07:26,250] {logging_mixin.py:104} INFO - [2021-08-18 09:07:26,250] {dagbag.py:487} INFO - Filling up the DagBag from /home/airflow/.local/lib/python3.6/site-packages/airflow/example_dags/example_trigger_target_dag.py
[2021-08-18 09:07:26,270] {scheduler_job.py:643} INFO - DAG(s) dict_keys(['example_trigger_target_dag']) retrieved from /home/airflow/.local/lib/python3.6/site-packages/airflow/example_dags/example_trigger_target_dag.py
[2021-08-18 09:07:26,297] {logging_mixin.py:104} INFO - [2021-08-18 09:07:26,297] {dag.py:1832} INFO - Sync 1 DAGs
[2021-08-18 09:07:26,323] {logging_mixin.py:104} INFO - [2021-08-18 09:07:26,323] {dag.py:2305} INFO - Setting next_dagrun for example_trigger_target_dag to None
[2021-08-18 09:07:26,337] {scheduler_job.py:190} INFO - Processing /home/airflow/.local/lib/python3.6/site-packages/airflow/example_dags/example_trigger_target_dag.py took 0.096 seconds
[2021-08-18 09:07:57,210] {scheduler_job.py:182} INFO - Started process (PID=843) to work on /home/airflow/.local/lib/python3.6/site-packages/airflow/example_dags/example_trigger_target_dag.py
[2021-08-18 09:07:57,212] {scheduler_job.py:633} INFO - Processing file /home/airflow/.local/lib/python3.6/site-packages/airflow/example_dags/example_trigger_target_dag.py for tasks to queue
[2021-08-18 09:07:57,213] {logging_mixin.py:104} INFO - [2021-08-18 09:07:57,213] {dagbag.py:487} INFO - Filling up the DagBag from /home/airflow/.local/lib/python3.6/site-packages/airflow/example_dags/example_trigger_target_dag.py
[2021-08-18 09:07:57,229] {scheduler_job.py:643} INFO - DAG(s) dict_keys(['example_trigger_target_dag']) retrieved from /home/airflow/.local/lib/python3.6/site-packages/airflow/example_dags/example_trigger_target_dag.py
[2021-08-18 09:07:57,253] {logging_mixin.py:104} INFO - [2021-08-18 09:07:57,252] {dag.py:1832} INFO - Sync 1 DAGs
[2021-08-18 09:07:57,271] {logging_mixin.py:104} INFO - [2021-08-18 09:07:57,270] {dag.py:2305} INFO - Setting next_dagrun for example_trigger_target_dag to None
[2021-08-18 09:07:57,281] {scheduler_job.py:190} INFO - Processing /home/airflow/.local/lib/python3.6/site-packages/airflow/example_dags/example_trigger_target_dag.py took 0.075 seconds
[2021-08-18 09:08:28,050] {scheduler_job.py:182} INFO - Started process (PID=874) to work on /home/airflow/.local/lib/python3.6/site-packages/airflow/example_dags/example_trigger_target_dag.py
[2021-08-18 09:08:28,054] {scheduler_job.py:633} INFO - Processing file /home/airflow/.local/lib/python3.6/site-packages/airflow/example_dags/example_trigger_target_dag.py for tasks to queue
[2021-08-18 09:08:28,056] {logging_mixin.py:104} INFO - [2021-08-18 09:08:28,056] {dagbag.py:487} INFO - Filling up the DagBag from /home/airflow/.local/lib/python3.6/site-packages/airflow/example_dags/example_trigger_target_dag.py
[2021-08-18 09:08:28,079] {scheduler_job.py:643} INFO - DAG(s) dict_keys(['example_trigger_target_dag']) retrieved from /home/airflow/.local/lib/python3.6/site-packages/airflow/example_dags/example_trigger_target_dag.py
[2021-08-18 09:08:28,110] {logging_mixin.py:104} INFO - [2021-08-18 09:08:28,110] {dag.py:1832} INFO - Sync 1 DAGs
[2021-08-18 09:08:28,138] {logging_mixin.py:104} INFO - [2021-08-18 09:08:28,138] {dag.py:2305} INFO - Setting next_dagrun for example_trigger_target_dag to None
[2021-08-18 09:08:28,154] {scheduler_job.py:190} INFO - Processing /home/airflow/.local/lib/python3.6/site-packages/airflow/example_dags/example_trigger_target_dag.py took 0.109 seconds
[2021-08-18 09:08:58,962] {scheduler_job.py:182} INFO - Started process (PID=937) to work on /home/airflow/.local/lib/python3.6/site-packages/airflow/example_dags/example_trigger_target_dag.py
[2021-08-18 09:08:58,965] {scheduler_job.py:633} INFO - Processing file /home/airflow/.local/lib/python3.6/site-packages/airflow/example_dags/example_trigger_target_dag.py for tasks to queue
[2021-08-18 09:08:58,966] {logging_mixin.py:104} INFO - [2021-08-18 09:08:58,966] {dagbag.py:487} INFO - Filling up the DagBag from /home/airflow/.local/lib/python3.6/site-packages/airflow/example_dags/example_trigger_target_dag.py
[2021-08-18 09:08:58,986] {scheduler_job.py:643} INFO - DAG(s) dict_keys(['example_trigger_target_dag']) retrieved from /home/airflow/.local/lib/python3.6/site-packages/airflow/example_dags/example_trigger_target_dag.py
[2021-08-18 09:08:59,013] {logging_mixin.py:104} INFO - [2021-08-18 09:08:59,013] {dag.py:1832} INFO - Sync 1 DAGs
[2021-08-18 09:08:59,034] {logging_mixin.py:104} INFO - [2021-08-18 09:08:59,034] {dag.py:2305} INFO - Setting next_dagrun for example_trigger_target_dag to None
[2021-08-18 09:08:59,048] {scheduler_job.py:190} INFO - Processing /home/airflow/.local/lib/python3.6/site-packages/airflow/example_dags/example_trigger_target_dag.py took 0.090 seconds
[2021-08-18 09:09:29,359] {scheduler_job.py:182} INFO - Started process (PID=1014) to work on /home/airflow/.local/lib/python3.6/site-packages/airflow/example_dags/example_trigger_target_dag.py
[2021-08-18 09:09:29,360] {scheduler_job.py:633} INFO - Processing file /home/airflow/.local/lib/python3.6/site-packages/airflow/example_dags/example_trigger_target_dag.py for tasks to queue
[2021-08-18 09:09:29,362] {logging_mixin.py:104} INFO - [2021-08-18 09:09:29,362] {dagbag.py:487} INFO - Filling up the DagBag from /home/airflow/.local/lib/python3.6/site-packages/airflow/example_dags/example_trigger_target_dag.py
[2021-08-18 09:09:29,380] {scheduler_job.py:643} INFO - DAG(s) dict_keys(['example_trigger_target_dag']) retrieved from /home/airflow/.local/lib/python3.6/site-packages/airflow/example_dags/example_trigger_target_dag.py
[2021-08-18 09:09:29,404] {logging_mixin.py:104} INFO - [2021-08-18 09:09:29,403] {dag.py:1832} INFO - Sync 1 DAGs
[2021-08-18 09:09:29,421] {logging_mixin.py:104} INFO - [2021-08-18 09:09:29,421] {dag.py:2305} INFO - Setting next_dagrun for example_trigger_target_dag to None
[2021-08-18 09:09:29,432] {scheduler_job.py:190} INFO - Processing /home/airflow/.local/lib/python3.6/site-packages/airflow/example_dags/example_trigger_target_dag.py took 0.078 seconds
[2021-08-18 09:09:59,566] {scheduler_job.py:182} INFO - Started process (PID=1076) to work on /home/airflow/.local/lib/python3.6/site-packages/airflow/example_dags/example_trigger_target_dag.py
[2021-08-18 09:09:59,568] {scheduler_job.py:633} INFO - Processing file /home/airflow/.local/lib/python3.6/site-packages/airflow/example_dags/example_trigger_target_dag.py for tasks to queue
[2021-08-18 09:09:59,569] {logging_mixin.py:104} INFO - [2021-08-18 09:09:59,569] {dagbag.py:487} INFO - Filling up the DagBag from /home/airflow/.local/lib/python3.6/site-packages/airflow/example_dags/example_trigger_target_dag.py
[2021-08-18 09:09:59,585] {scheduler_job.py:643} INFO - DAG(s) dict_keys(['example_trigger_target_dag']) retrieved from /home/airflow/.local/lib/python3.6/site-packages/airflow/example_dags/example_trigger_target_dag.py
[2021-08-18 09:09:59,607] {logging_mixin.py:104} INFO - [2021-08-18 09:09:59,607] {dag.py:1832} INFO - Sync 1 DAGs
[2021-08-18 09:09:59,625] {logging_mixin.py:104} INFO - [2021-08-18 09:09:59,625] {dag.py:2305} INFO - Setting next_dagrun for example_trigger_target_dag to None
[2021-08-18 09:09:59,636] {scheduler_job.py:190} INFO - Processing /home/airflow/.local/lib/python3.6/site-packages/airflow/example_dags/example_trigger_target_dag.py took 0.074 seconds
[2021-08-18 09:10:30,108] {scheduler_job.py:182} INFO - Started process (PID=1153) to work on /home/airflow/.local/lib/python3.6/site-packages/airflow/example_dags/example_trigger_target_dag.py
[2021-08-18 09:10:30,110] {scheduler_job.py:633} INFO - Processing file /home/airflow/.local/lib/python3.6/site-packages/airflow/example_dags/example_trigger_target_dag.py for tasks to queue
[2021-08-18 09:10:30,112] {logging_mixin.py:104} INFO - [2021-08-18 09:10:30,111] {dagbag.py:487} INFO - Filling up the DagBag from /home/airflow/.local/lib/python3.6/site-packages/airflow/example_dags/example_trigger_target_dag.py
[2021-08-18 09:10:30,131] {scheduler_job.py:643} INFO - DAG(s) dict_keys(['example_trigger_target_dag']) retrieved from /home/airflow/.local/lib/python3.6/site-packages/airflow/example_dags/example_trigger_target_dag.py
[2021-08-18 09:10:30,160] {logging_mixin.py:104} INFO - [2021-08-18 09:10:30,160] {dag.py:1832} INFO - Sync 1 DAGs
[2021-08-18 09:10:30,178] {logging_mixin.py:104} INFO - [2021-08-18 09:10:30,178] {dag.py:2305} INFO - Setting next_dagrun for example_trigger_target_dag to None
[2021-08-18 09:10:30,190] {scheduler_job.py:190} INFO - Processing /home/airflow/.local/lib/python3.6/site-packages/airflow/example_dags/example_trigger_target_dag.py took 0.087 seconds
[2021-08-18 09:11:00,258] {scheduler_job.py:182} INFO - Started process (PID=1215) to work on /home/airflow/.local/lib/python3.6/site-packages/airflow/example_dags/example_trigger_target_dag.py
[2021-08-18 09:11:00,260] {scheduler_job.py:633} INFO - Processing file /home/airflow/.local/lib/python3.6/site-packages/airflow/example_dags/example_trigger_target_dag.py for tasks to queue
[2021-08-18 09:11:00,261] {logging_mixin.py:104} INFO - [2021-08-18 09:11:00,261] {dagbag.py:487} INFO - Filling up the DagBag from /home/airflow/.local/lib/python3.6/site-packages/airflow/example_dags/example_trigger_target_dag.py
[2021-08-18 09:11:00,277] {scheduler_job.py:643} INFO - DAG(s) dict_keys(['example_trigger_target_dag']) retrieved from /home/airflow/.local/lib/python3.6/site-packages/airflow/example_dags/example_trigger_target_dag.py
[2021-08-18 09:11:00,300] {logging_mixin.py:104} INFO - [2021-08-18 09:11:00,299] {dag.py:1832} INFO - Sync 1 DAGs
[2021-08-18 09:11:00,317] {logging_mixin.py:104} INFO - [2021-08-18 09:11:00,317] {dag.py:2305} INFO - Setting next_dagrun for example_trigger_target_dag to None
[2021-08-18 09:11:00,326] {scheduler_job.py:190} INFO - Processing /home/airflow/.local/lib/python3.6/site-packages/airflow/example_dags/example_trigger_target_dag.py took 0.073 seconds
[2021-08-18 09:11:30,906] {scheduler_job.py:182} INFO - Started process (PID=1293) to work on /home/airflow/.local/lib/python3.6/site-packages/airflow/example_dags/example_trigger_target_dag.py
[2021-08-18 09:11:30,909] {scheduler_job.py:633} INFO - Processing file /home/airflow/.local/lib/python3.6/site-packages/airflow/example_dags/example_trigger_target_dag.py for tasks to queue
[2021-08-18 09:11:30,910] {logging_mixin.py:104} INFO - [2021-08-18 09:11:30,910] {dagbag.py:487} INFO - Filling up the DagBag from /home/airflow/.local/lib/python3.6/site-packages/airflow/example_dags/example_trigger_target_dag.py
[2021-08-18 09:11:30,928] {scheduler_job.py:643} INFO - DAG(s) dict_keys(['example_trigger_target_dag']) retrieved from /home/airflow/.local/lib/python3.6/site-packages/airflow/example_dags/example_trigger_target_dag.py
[2021-08-18 09:11:30,956] {logging_mixin.py:104} INFO - [2021-08-18 09:11:30,956] {dag.py:1832} INFO - Sync 1 DAGs
[2021-08-18 09:11:30,976] {logging_mixin.py:104} INFO - [2021-08-18 09:11:30,976] {dag.py:2305} INFO - Setting next_dagrun for example_trigger_target_dag to None
[2021-08-18 09:11:30,988] {scheduler_job.py:190} INFO - Processing /home/airflow/.local/lib/python3.6/site-packages/airflow/example_dags/example_trigger_target_dag.py took 0.087 seconds
[2021-08-18 09:12:01,518] {scheduler_job.py:182} INFO - Started process (PID=1370) to work on /home/airflow/.local/lib/python3.6/site-packages/airflow/example_dags/example_trigger_target_dag.py
[2021-08-18 09:12:01,520] {scheduler_job.py:633} INFO - Processing file /home/airflow/.local/lib/python3.6/site-packages/airflow/example_dags/example_trigger_target_dag.py for tasks to queue
[2021-08-18 09:12:01,521] {logging_mixin.py:104} INFO - [2021-08-18 09:12:01,521] {dagbag.py:487} INFO - Filling up the DagBag from /home/airflow/.local/lib/python3.6/site-packages/airflow/example_dags/example_trigger_target_dag.py
[2021-08-18 09:12:01,537] {scheduler_job.py:643} INFO - DAG(s) dict_keys(['example_trigger_target_dag']) retrieved from /home/airflow/.local/lib/python3.6/site-packages/airflow/example_dags/example_trigger_target_dag.py
[2021-08-18 09:12:01,555] {logging_mixin.py:104} INFO - [2021-08-18 09:12:01,555] {dag.py:1832} INFO - Sync 1 DAGs
[2021-08-18 09:12:01,570] {logging_mixin.py:104} INFO - [2021-08-18 09:12:01,570] {dag.py:2305} INFO - Setting next_dagrun for example_trigger_target_dag to None
[2021-08-18 09:12:01,581] {scheduler_job.py:190} INFO - Processing /home/airflow/.local/lib/python3.6/site-packages/airflow/example_dags/example_trigger_target_dag.py took 0.067 seconds
[2021-08-18 09:12:32,140] {scheduler_job.py:182} INFO - Started process (PID=1432) to work on /home/airflow/.local/lib/python3.6/site-packages/airflow/example_dags/example_trigger_target_dag.py
[2021-08-18 09:12:32,142] {scheduler_job.py:633} INFO - Processing file /home/airflow/.local/lib/python3.6/site-packages/airflow/example_dags/example_trigger_target_dag.py for tasks to queue
[2021-08-18 09:12:32,143] {logging_mixin.py:104} INFO - [2021-08-18 09:12:32,143] {dagbag.py:487} INFO - Filling up the DagBag from /home/airflow/.local/lib/python3.6/site-packages/airflow/example_dags/example_trigger_target_dag.py
[2021-08-18 09:12:32,159] {scheduler_job.py:643} INFO - DAG(s) dict_keys(['example_trigger_target_dag']) retrieved from /home/airflow/.local/lib/python3.6/site-packages/airflow/example_dags/example_trigger_target_dag.py
[2021-08-18 09:12:32,182] {logging_mixin.py:104} INFO - [2021-08-18 09:12:32,182] {dag.py:1832} INFO - Sync 1 DAGs
[2021-08-18 09:12:32,199] {logging_mixin.py:104} INFO - [2021-08-18 09:12:32,199] {dag.py:2305} INFO - Setting next_dagrun for example_trigger_target_dag to None
[2021-08-18 09:12:32,208] {scheduler_job.py:190} INFO - Processing /home/airflow/.local/lib/python3.6/site-packages/airflow/example_dags/example_trigger_target_dag.py took 0.072 seconds
[2021-08-18 09:13:02,839] {scheduler_job.py:182} INFO - Started process (PID=1509) to work on /home/airflow/.local/lib/python3.6/site-packages/airflow/example_dags/example_trigger_target_dag.py
[2021-08-18 09:13:02,840] {scheduler_job.py:633} INFO - Processing file /home/airflow/.local/lib/python3.6/site-packages/airflow/example_dags/example_trigger_target_dag.py for tasks to queue
[2021-08-18 09:13:02,842] {logging_mixin.py:104} INFO - [2021-08-18 09:13:02,842] {dagbag.py:487} INFO - Filling up the DagBag from /home/airflow/.local/lib/python3.6/site-packages/airflow/example_dags/example_trigger_target_dag.py
[2021-08-18 09:13:02,859] {scheduler_job.py:643} INFO - DAG(s) dict_keys(['example_trigger_target_dag']) retrieved from /home/airflow/.local/lib/python3.6/site-packages/airflow/example_dags/example_trigger_target_dag.py
[2021-08-18 09:13:02,885] {logging_mixin.py:104} INFO - [2021-08-18 09:13:02,885] {dag.py:1832} INFO - Sync 1 DAGs
[2021-08-18 09:13:02,902] {logging_mixin.py:104} INFO - [2021-08-18 09:13:02,902] {dag.py:2305} INFO - Setting next_dagrun for example_trigger_target_dag to None
[2021-08-18 09:13:02,913] {scheduler_job.py:190} INFO - Processing /home/airflow/.local/lib/python3.6/site-packages/airflow/example_dags/example_trigger_target_dag.py took 0.078 seconds
[2021-08-18 09:13:33,463] {scheduler_job.py:182} INFO - Started process (PID=1573) to work on /home/airflow/.local/lib/python3.6/site-packages/airflow/example_dags/example_trigger_target_dag.py
[2021-08-18 09:13:33,466] {scheduler_job.py:633} INFO - Processing file /home/airflow/.local/lib/python3.6/site-packages/airflow/example_dags/example_trigger_target_dag.py for tasks to queue
[2021-08-18 09:13:33,467] {logging_mixin.py:104} INFO - [2021-08-18 09:13:33,467] {dagbag.py:487} INFO - Filling up the DagBag from /home/airflow/.local/lib/python3.6/site-packages/airflow/example_dags/example_trigger_target_dag.py
[2021-08-18 09:13:33,499] {scheduler_job.py:643} INFO - DAG(s) dict_keys(['example_trigger_target_dag']) retrieved from /home/airflow/.local/lib/python3.6/site-packages/airflow/example_dags/example_trigger_target_dag.py
[2021-08-18 09:13:33,537] {logging_mixin.py:104} INFO - [2021-08-18 09:13:33,536] {dag.py:1832} INFO - Sync 1 DAGs
[2021-08-18 09:13:33,566] {logging_mixin.py:104} INFO - [2021-08-18 09:13:33,566] {dag.py:2305} INFO - Setting next_dagrun for example_trigger_target_dag to None
[2021-08-18 09:13:33,591] {scheduler_job.py:190} INFO - Processing /home/airflow/.local/lib/python3.6/site-packages/airflow/example_dags/example_trigger_target_dag.py took 0.136 seconds
[2021-08-18 09:14:03,868] {scheduler_job.py:182} INFO - Started process (PID=1633) to work on /home/airflow/.local/lib/python3.6/site-packages/airflow/example_dags/example_trigger_target_dag.py
[2021-08-18 09:14:03,871] {scheduler_job.py:633} INFO - Processing file /home/airflow/.local/lib/python3.6/site-packages/airflow/example_dags/example_trigger_target_dag.py for tasks to queue
[2021-08-18 09:14:03,873] {logging_mixin.py:104} INFO - [2021-08-18 09:14:03,873] {dagbag.py:487} INFO - Filling up the DagBag from /home/airflow/.local/lib/python3.6/site-packages/airflow/example_dags/example_trigger_target_dag.py
[2021-08-18 09:14:03,894] {scheduler_job.py:643} INFO - DAG(s) dict_keys(['example_trigger_target_dag']) retrieved from /home/airflow/.local/lib/python3.6/site-packages/airflow/example_dags/example_trigger_target_dag.py
[2021-08-18 09:14:03,928] {logging_mixin.py:104} INFO - [2021-08-18 09:14:03,928] {dag.py:1832} INFO - Sync 1 DAGs
[2021-08-18 09:14:03,949] {logging_mixin.py:104} INFO - [2021-08-18 09:14:03,949] {dag.py:2305} INFO - Setting next_dagrun for example_trigger_target_dag to None
[2021-08-18 09:14:03,961] {scheduler_job.py:190} INFO - Processing /home/airflow/.local/lib/python3.6/site-packages/airflow/example_dags/example_trigger_target_dag.py took 0.098 seconds
[2021-08-18 09:14:34,040] {scheduler_job.py:182} INFO - Started process (PID=1710) to work on /home/airflow/.local/lib/python3.6/site-packages/airflow/example_dags/example_trigger_target_dag.py
[2021-08-18 09:14:34,042] {scheduler_job.py:633} INFO - Processing file /home/airflow/.local/lib/python3.6/site-packages/airflow/example_dags/example_trigger_target_dag.py for tasks to queue
[2021-08-18 09:14:34,044] {logging_mixin.py:104} INFO - [2021-08-18 09:14:34,043] {dagbag.py:487} INFO - Filling up the DagBag from /home/airflow/.local/lib/python3.6/site-packages/airflow/example_dags/example_trigger_target_dag.py
[2021-08-18 09:14:34,063] {scheduler_job.py:643} INFO - DAG(s) dict_keys(['example_trigger_target_dag']) retrieved from /home/airflow/.local/lib/python3.6/site-packages/airflow/example_dags/example_trigger_target_dag.py
[2021-08-18 09:14:34,088] {logging_mixin.py:104} INFO - [2021-08-18 09:14:34,088] {dag.py:1832} INFO - Sync 1 DAGs
[2021-08-18 09:14:34,107] {logging_mixin.py:104} INFO - [2021-08-18 09:14:34,107] {dag.py:2305} INFO - Setting next_dagrun for example_trigger_target_dag to None
[2021-08-18 09:14:34,120] {scheduler_job.py:190} INFO - Processing /home/airflow/.local/lib/python3.6/site-packages/airflow/example_dags/example_trigger_target_dag.py took 0.084 seconds
[2021-08-18 09:15:04,154] {scheduler_job.py:182} INFO - Started process (PID=1772) to work on /home/airflow/.local/lib/python3.6/site-packages/airflow/example_dags/example_trigger_target_dag.py
[2021-08-18 09:15:04,156] {scheduler_job.py:633} INFO - Processing file /home/airflow/.local/lib/python3.6/site-packages/airflow/example_dags/example_trigger_target_dag.py for tasks to queue
[2021-08-18 09:15:04,158] {logging_mixin.py:104} INFO - [2021-08-18 09:15:04,157] {dagbag.py:487} INFO - Filling up the DagBag from /home/airflow/.local/lib/python3.6/site-packages/airflow/example_dags/example_trigger_target_dag.py
[2021-08-18 09:15:04,174] {scheduler_job.py:643} INFO - DAG(s) dict_keys(['example_trigger_target_dag']) retrieved from /home/airflow/.local/lib/python3.6/site-packages/airflow/example_dags/example_trigger_target_dag.py
[2021-08-18 09:15:04,197] {logging_mixin.py:104} INFO - [2021-08-18 09:15:04,197] {dag.py:1832} INFO - Sync 1 DAGs
[2021-08-18 09:15:04,222] {logging_mixin.py:104} INFO - [2021-08-18 09:15:04,222] {dag.py:2305} INFO - Setting next_dagrun for example_trigger_target_dag to None
[2021-08-18 09:15:04,233] {scheduler_job.py:190} INFO - Processing /home/airflow/.local/lib/python3.6/site-packages/airflow/example_dags/example_trigger_target_dag.py took 0.083 seconds
[2021-08-18 09:15:34,344] {scheduler_job.py:182} INFO - Started process (PID=1849) to work on /home/airflow/.local/lib/python3.6/site-packages/airflow/example_dags/example_trigger_target_dag.py
[2021-08-18 09:15:34,346] {scheduler_job.py:633} INFO - Processing file /home/airflow/.local/lib/python3.6/site-packages/airflow/example_dags/example_trigger_target_dag.py for tasks to queue
[2021-08-18 09:15:34,347] {logging_mixin.py:104} INFO - [2021-08-18 09:15:34,347] {dagbag.py:487} INFO - Filling up the DagBag from /home/airflow/.local/lib/python3.6/site-packages/airflow/example_dags/example_trigger_target_dag.py
[2021-08-18 09:15:34,364] {scheduler_job.py:643} INFO - DAG(s) dict_keys(['example_trigger_target_dag']) retrieved from /home/airflow/.local/lib/python3.6/site-packages/airflow/example_dags/example_trigger_target_dag.py
[2021-08-18 09:15:34,388] {logging_mixin.py:104} INFO - [2021-08-18 09:15:34,388] {dag.py:1832} INFO - Sync 1 DAGs
[2021-08-18 09:15:34,407] {logging_mixin.py:104} INFO - [2021-08-18 09:15:34,407] {dag.py:2305} INFO - Setting next_dagrun for example_trigger_target_dag to None
[2021-08-18 09:15:34,419] {scheduler_job.py:190} INFO - Processing /home/airflow/.local/lib/python3.6/site-packages/airflow/example_dags/example_trigger_target_dag.py took 0.079 seconds
[2021-08-18 09:16:04,889] {scheduler_job.py:182} INFO - Started process (PID=1917) to work on /home/airflow/.local/lib/python3.6/site-packages/airflow/example_dags/example_trigger_target_dag.py
[2021-08-18 09:16:04,892] {scheduler_job.py:633} INFO - Processing file /home/airflow/.local/lib/python3.6/site-packages/airflow/example_dags/example_trigger_target_dag.py for tasks to queue
[2021-08-18 09:16:04,893] {logging_mixin.py:104} INFO - [2021-08-18 09:16:04,893] {dagbag.py:487} INFO - Filling up the DagBag from /home/airflow/.local/lib/python3.6/site-packages/airflow/example_dags/example_trigger_target_dag.py
[2021-08-18 09:16:04,912] {scheduler_job.py:643} INFO - DAG(s) dict_keys(['example_trigger_target_dag']) retrieved from /home/airflow/.local/lib/python3.6/site-packages/airflow/example_dags/example_trigger_target_dag.py
[2021-08-18 09:16:04,953] {logging_mixin.py:104} INFO - [2021-08-18 09:16:04,952] {dag.py:1832} INFO - Sync 1 DAGs
[2021-08-18 09:16:04,985] {logging_mixin.py:104} INFO - [2021-08-18 09:16:04,985] {dag.py:2305} INFO - Setting next_dagrun for example_trigger_target_dag to None
[2021-08-18 09:16:05,000] {scheduler_job.py:190} INFO - Processing /home/airflow/.local/lib/python3.6/site-packages/airflow/example_dags/example_trigger_target_dag.py took 0.114 seconds
[2021-08-18 09:16:35,628] {scheduler_job.py:182} INFO - Started process (PID=1987) to work on /home/airflow/.local/lib/python3.6/site-packages/airflow/example_dags/example_trigger_target_dag.py
[2021-08-18 09:16:35,630] {scheduler_job.py:633} INFO - Processing file /home/airflow/.local/lib/python3.6/site-packages/airflow/example_dags/example_trigger_target_dag.py for tasks to queue
[2021-08-18 09:16:35,632] {logging_mixin.py:104} INFO - [2021-08-18 09:16:35,632] {dagbag.py:487} INFO - Filling up the DagBag from /home/airflow/.local/lib/python3.6/site-packages/airflow/example_dags/example_trigger_target_dag.py
[2021-08-18 09:16:35,650] {scheduler_job.py:643} INFO - DAG(s) dict_keys(['example_trigger_target_dag']) retrieved from /home/airflow/.local/lib/python3.6/site-packages/airflow/example_dags/example_trigger_target_dag.py
[2021-08-18 09:16:35,674] {logging_mixin.py:104} INFO - [2021-08-18 09:16:35,674] {dag.py:1832} INFO - Sync 1 DAGs
[2021-08-18 09:16:35,694] {logging_mixin.py:104} INFO - [2021-08-18 09:16:35,694] {dag.py:2305} INFO - Setting next_dagrun for example_trigger_target_dag to None
[2021-08-18 09:16:35,705] {scheduler_job.py:190} INFO - Processing /home/airflow/.local/lib/python3.6/site-packages/airflow/example_dags/example_trigger_target_dag.py took 0.081 seconds
[2021-08-18 09:17:06,374] {scheduler_job.py:182} INFO - Started process (PID=2065) to work on /home/airflow/.local/lib/python3.6/site-packages/airflow/example_dags/example_trigger_target_dag.py
[2021-08-18 09:17:06,376] {scheduler_job.py:633} INFO - Processing file /home/airflow/.local/lib/python3.6/site-packages/airflow/example_dags/example_trigger_target_dag.py for tasks to queue
[2021-08-18 09:17:06,377] {logging_mixin.py:104} INFO - [2021-08-18 09:17:06,377] {dagbag.py:487} INFO - Filling up the DagBag from /home/airflow/.local/lib/python3.6/site-packages/airflow/example_dags/example_trigger_target_dag.py
[2021-08-18 09:17:06,394] {scheduler_job.py:643} INFO - DAG(s) dict_keys(['example_trigger_target_dag']) retrieved from /home/airflow/.local/lib/python3.6/site-packages/airflow/example_dags/example_trigger_target_dag.py
[2021-08-18 09:17:06,417] {logging_mixin.py:104} INFO - [2021-08-18 09:17:06,417] {dag.py:1832} INFO - Sync 1 DAGs
[2021-08-18 09:17:06,445] {logging_mixin.py:104} INFO - [2021-08-18 09:17:06,445] {dag.py:2305} INFO - Setting next_dagrun for example_trigger_target_dag to None
[2021-08-18 09:17:06,457] {scheduler_job.py:190} INFO - Processing /home/airflow/.local/lib/python3.6/site-packages/airflow/example_dags/example_trigger_target_dag.py took 0.087 seconds
[2021-08-18 09:17:35,089] {scheduler_job.py:182} INFO - Started process (PID=37) to work on /home/airflow/.local/lib/python3.6/site-packages/airflow/example_dags/example_trigger_target_dag.py
[2021-08-18 09:17:35,091] {scheduler_job.py:633} INFO - Processing file /home/airflow/.local/lib/python3.6/site-packages/airflow/example_dags/example_trigger_target_dag.py for tasks to queue
[2021-08-18 09:17:35,093] {logging_mixin.py:104} INFO - [2021-08-18 09:17:35,092] {dagbag.py:487} INFO - Filling up the DagBag from /home/airflow/.local/lib/python3.6/site-packages/airflow/example_dags/example_trigger_target_dag.py
[2021-08-18 09:17:35,106] {scheduler_job.py:643} INFO - DAG(s) dict_keys(['example_trigger_target_dag']) retrieved from /home/airflow/.local/lib/python3.6/site-packages/airflow/example_dags/example_trigger_target_dag.py
[2021-08-18 09:17:35,129] {logging_mixin.py:104} INFO - [2021-08-18 09:17:35,129] {dag.py:1832} INFO - Sync 1 DAGs
[2021-08-18 09:17:35,148] {logging_mixin.py:104} INFO - [2021-08-18 09:17:35,148] {dag.py:2305} INFO - Setting next_dagrun for example_trigger_target_dag to None
[2021-08-18 09:17:35,159] {scheduler_job.py:190} INFO - Processing /home/airflow/.local/lib/python3.6/site-packages/airflow/example_dags/example_trigger_target_dag.py took 0.075 seconds
[2021-08-18 09:18:05,999] {scheduler_job.py:182} INFO - Started process (PID=114) to work on /home/airflow/.local/lib/python3.6/site-packages/airflow/example_dags/example_trigger_target_dag.py
[2021-08-18 09:18:06,001] {scheduler_job.py:633} INFO - Processing file /home/airflow/.local/lib/python3.6/site-packages/airflow/example_dags/example_trigger_target_dag.py for tasks to queue
[2021-08-18 09:18:06,002] {logging_mixin.py:104} INFO - [2021-08-18 09:18:06,002] {dagbag.py:487} INFO - Filling up the DagBag from /home/airflow/.local/lib/python3.6/site-packages/airflow/example_dags/example_trigger_target_dag.py
[2021-08-18 09:18:06,017] {scheduler_job.py:643} INFO - DAG(s) dict_keys(['example_trigger_target_dag']) retrieved from /home/airflow/.local/lib/python3.6/site-packages/airflow/example_dags/example_trigger_target_dag.py
[2021-08-18 09:18:06,041] {logging_mixin.py:104} INFO - [2021-08-18 09:18:06,041] {dag.py:1832} INFO - Sync 1 DAGs
[2021-08-18 09:18:06,058] {logging_mixin.py:104} INFO - [2021-08-18 09:18:06,058] {dag.py:2305} INFO - Setting next_dagrun for example_trigger_target_dag to None
[2021-08-18 09:18:06,067] {scheduler_job.py:190} INFO - Processing /home/airflow/.local/lib/python3.6/site-packages/airflow/example_dags/example_trigger_target_dag.py took 0.071 seconds
[2021-08-18 09:18:37,133] {scheduler_job.py:182} INFO - Started process (PID=177) to work on /home/airflow/.local/lib/python3.6/site-packages/airflow/example_dags/example_trigger_target_dag.py
[2021-08-18 09:18:37,151] {scheduler_job.py:633} INFO - Processing file /home/airflow/.local/lib/python3.6/site-packages/airflow/example_dags/example_trigger_target_dag.py for tasks to queue
[2021-08-18 09:18:37,153] {logging_mixin.py:104} INFO - [2021-08-18 09:18:37,153] {dagbag.py:487} INFO - Filling up the DagBag from /home/airflow/.local/lib/python3.6/site-packages/airflow/example_dags/example_trigger_target_dag.py
[2021-08-18 09:18:37,169] {scheduler_job.py:643} INFO - DAG(s) dict_keys(['example_trigger_target_dag']) retrieved from /home/airflow/.local/lib/python3.6/site-packages/airflow/example_dags/example_trigger_target_dag.py
[2021-08-18 09:18:37,194] {logging_mixin.py:104} INFO - [2021-08-18 09:18:37,194] {dag.py:1832} INFO - Sync 1 DAGs
[2021-08-18 09:18:37,213] {logging_mixin.py:104} INFO - [2021-08-18 09:18:37,213] {dag.py:2305} INFO - Setting next_dagrun for example_trigger_target_dag to None
[2021-08-18 09:18:37,225] {scheduler_job.py:190} INFO - Processing /home/airflow/.local/lib/python3.6/site-packages/airflow/example_dags/example_trigger_target_dag.py took 0.096 seconds
[2021-08-18 09:19:07,419] {scheduler_job.py:182} INFO - Started process (PID=255) to work on /home/airflow/.local/lib/python3.6/site-packages/airflow/example_dags/example_trigger_target_dag.py
[2021-08-18 09:19:07,422] {scheduler_job.py:633} INFO - Processing file /home/airflow/.local/lib/python3.6/site-packages/airflow/example_dags/example_trigger_target_dag.py for tasks to queue
[2021-08-18 09:19:07,425] {logging_mixin.py:104} INFO - [2021-08-18 09:19:07,424] {dagbag.py:487} INFO - Filling up the DagBag from /home/airflow/.local/lib/python3.6/site-packages/airflow/example_dags/example_trigger_target_dag.py
[2021-08-18 09:19:07,449] {scheduler_job.py:643} INFO - DAG(s) dict_keys(['example_trigger_target_dag']) retrieved from /home/airflow/.local/lib/python3.6/site-packages/airflow/example_dags/example_trigger_target_dag.py
[2021-08-18 09:19:07,482] {logging_mixin.py:104} INFO - [2021-08-18 09:19:07,482] {dag.py:1832} INFO - Sync 1 DAGs
[2021-08-18 09:19:07,510] {logging_mixin.py:104} INFO - [2021-08-18 09:19:07,510] {dag.py:2305} INFO - Setting next_dagrun for example_trigger_target_dag to None
[2021-08-18 09:19:07,521] {scheduler_job.py:190} INFO - Processing /home/airflow/.local/lib/python3.6/site-packages/airflow/example_dags/example_trigger_target_dag.py took 0.108 seconds
[2021-08-18 09:19:37,833] {scheduler_job.py:182} INFO - Started process (PID=325) to work on /home/airflow/.local/lib/python3.6/site-packages/airflow/example_dags/example_trigger_target_dag.py
[2021-08-18 09:19:37,836] {scheduler_job.py:633} INFO - Processing file /home/airflow/.local/lib/python3.6/site-packages/airflow/example_dags/example_trigger_target_dag.py for tasks to queue
[2021-08-18 09:19:37,837] {logging_mixin.py:104} INFO - [2021-08-18 09:19:37,837] {dagbag.py:487} INFO - Filling up the DagBag from /home/airflow/.local/lib/python3.6/site-packages/airflow/example_dags/example_trigger_target_dag.py
[2021-08-18 09:19:37,857] {scheduler_job.py:643} INFO - DAG(s) dict_keys(['example_trigger_target_dag']) retrieved from /home/airflow/.local/lib/python3.6/site-packages/airflow/example_dags/example_trigger_target_dag.py
[2021-08-18 09:19:37,888] {logging_mixin.py:104} INFO - [2021-08-18 09:19:37,887] {dag.py:1832} INFO - Sync 1 DAGs
[2021-08-18 09:19:37,910] {logging_mixin.py:104} INFO - [2021-08-18 09:19:37,910] {dag.py:2305} INFO - Setting next_dagrun for example_trigger_target_dag to None
[2021-08-18 09:19:37,922] {scheduler_job.py:190} INFO - Processing /home/airflow/.local/lib/python3.6/site-packages/airflow/example_dags/example_trigger_target_dag.py took 0.093 seconds
[2021-08-18 09:20:08,153] {scheduler_job.py:182} INFO - Started process (PID=395) to work on /home/airflow/.local/lib/python3.6/site-packages/airflow/example_dags/example_trigger_target_dag.py
[2021-08-18 09:20:08,156] {scheduler_job.py:633} INFO - Processing file /home/airflow/.local/lib/python3.6/site-packages/airflow/example_dags/example_trigger_target_dag.py for tasks to queue
[2021-08-18 09:20:08,157] {logging_mixin.py:104} INFO - [2021-08-18 09:20:08,157] {dagbag.py:487} INFO - Filling up the DagBag from /home/airflow/.local/lib/python3.6/site-packages/airflow/example_dags/example_trigger_target_dag.py
[2021-08-18 09:20:08,173] {scheduler_job.py:643} INFO - DAG(s) dict_keys(['example_trigger_target_dag']) retrieved from /home/airflow/.local/lib/python3.6/site-packages/airflow/example_dags/example_trigger_target_dag.py
[2021-08-18 09:20:08,195] {logging_mixin.py:104} INFO - [2021-08-18 09:20:08,195] {dag.py:1832} INFO - Sync 1 DAGs
[2021-08-18 09:20:08,213] {logging_mixin.py:104} INFO - [2021-08-18 09:20:08,213] {dag.py:2305} INFO - Setting next_dagrun for example_trigger_target_dag to None
[2021-08-18 09:20:08,223] {scheduler_job.py:190} INFO - Processing /home/airflow/.local/lib/python3.6/site-packages/airflow/example_dags/example_trigger_target_dag.py took 0.074 seconds
[2021-08-18 09:20:38,793] {scheduler_job.py:182} INFO - Started process (PID=472) to work on /home/airflow/.local/lib/python3.6/site-packages/airflow/example_dags/example_trigger_target_dag.py
[2021-08-18 09:20:38,795] {scheduler_job.py:633} INFO - Processing file /home/airflow/.local/lib/python3.6/site-packages/airflow/example_dags/example_trigger_target_dag.py for tasks to queue
[2021-08-18 09:20:38,797] {logging_mixin.py:104} INFO - [2021-08-18 09:20:38,797] {dagbag.py:487} INFO - Filling up the DagBag from /home/airflow/.local/lib/python3.6/site-packages/airflow/example_dags/example_trigger_target_dag.py
[2021-08-18 09:20:38,813] {scheduler_job.py:643} INFO - DAG(s) dict_keys(['example_trigger_target_dag']) retrieved from /home/airflow/.local/lib/python3.6/site-packages/airflow/example_dags/example_trigger_target_dag.py
[2021-08-18 09:20:38,838] {logging_mixin.py:104} INFO - [2021-08-18 09:20:38,838] {dag.py:1832} INFO - Sync 1 DAGs
[2021-08-18 09:20:38,856] {logging_mixin.py:104} INFO - [2021-08-18 09:20:38,855] {dag.py:2305} INFO - Setting next_dagrun for example_trigger_target_dag to None
[2021-08-18 09:20:38,866] {scheduler_job.py:190} INFO - Processing /home/airflow/.local/lib/python3.6/site-packages/airflow/example_dags/example_trigger_target_dag.py took 0.077 seconds
[2021-08-18 09:21:08,901] {scheduler_job.py:182} INFO - Started process (PID=533) to work on /home/airflow/.local/lib/python3.6/site-packages/airflow/example_dags/example_trigger_target_dag.py
[2021-08-18 09:21:08,903] {scheduler_job.py:633} INFO - Processing file /home/airflow/.local/lib/python3.6/site-packages/airflow/example_dags/example_trigger_target_dag.py for tasks to queue
[2021-08-18 09:21:08,904] {logging_mixin.py:104} INFO - [2021-08-18 09:21:08,904] {dagbag.py:487} INFO - Filling up the DagBag from /home/airflow/.local/lib/python3.6/site-packages/airflow/example_dags/example_trigger_target_dag.py
[2021-08-18 09:21:08,919] {scheduler_job.py:643} INFO - DAG(s) dict_keys(['example_trigger_target_dag']) retrieved from /home/airflow/.local/lib/python3.6/site-packages/airflow/example_dags/example_trigger_target_dag.py
[2021-08-18 09:21:08,943] {logging_mixin.py:104} INFO - [2021-08-18 09:21:08,943] {dag.py:1832} INFO - Sync 1 DAGs
[2021-08-18 09:21:08,963] {logging_mixin.py:104} INFO - [2021-08-18 09:21:08,963] {dag.py:2305} INFO - Setting next_dagrun for example_trigger_target_dag to None
[2021-08-18 09:21:08,974] {scheduler_job.py:190} INFO - Processing /home/airflow/.local/lib/python3.6/site-packages/airflow/example_dags/example_trigger_target_dag.py took 0.077 seconds
[2021-08-18 09:21:39,357] {scheduler_job.py:182} INFO - Started process (PID=612) to work on /home/airflow/.local/lib/python3.6/site-packages/airflow/example_dags/example_trigger_target_dag.py
[2021-08-18 09:21:39,359] {scheduler_job.py:633} INFO - Processing file /home/airflow/.local/lib/python3.6/site-packages/airflow/example_dags/example_trigger_target_dag.py for tasks to queue
[2021-08-18 09:21:39,361] {logging_mixin.py:104} INFO - [2021-08-18 09:21:39,360] {dagbag.py:487} INFO - Filling up the DagBag from /home/airflow/.local/lib/python3.6/site-packages/airflow/example_dags/example_trigger_target_dag.py
[2021-08-18 09:21:39,376] {scheduler_job.py:643} INFO - DAG(s) dict_keys(['example_trigger_target_dag']) retrieved from /home/airflow/.local/lib/python3.6/site-packages/airflow/example_dags/example_trigger_target_dag.py
[2021-08-18 09:21:39,399] {logging_mixin.py:104} INFO - [2021-08-18 09:21:39,399] {dag.py:1832} INFO - Sync 1 DAGs
[2021-08-18 09:21:39,416] {logging_mixin.py:104} INFO - [2021-08-18 09:21:39,416] {dag.py:2305} INFO - Setting next_dagrun for example_trigger_target_dag to None
[2021-08-18 09:21:39,427] {scheduler_job.py:190} INFO - Processing /home/airflow/.local/lib/python3.6/site-packages/airflow/example_dags/example_trigger_target_dag.py took 0.074 seconds
[2021-08-18 09:22:09,735] {scheduler_job.py:182} INFO - Started process (PID=675) to work on /home/airflow/.local/lib/python3.6/site-packages/airflow/example_dags/example_trigger_target_dag.py
[2021-08-18 09:22:09,737] {scheduler_job.py:633} INFO - Processing file /home/airflow/.local/lib/python3.6/site-packages/airflow/example_dags/example_trigger_target_dag.py for tasks to queue
[2021-08-18 09:22:09,738] {logging_mixin.py:104} INFO - [2021-08-18 09:22:09,738] {dagbag.py:487} INFO - Filling up the DagBag from /home/airflow/.local/lib/python3.6/site-packages/airflow/example_dags/example_trigger_target_dag.py
[2021-08-18 09:22:09,755] {scheduler_job.py:643} INFO - DAG(s) dict_keys(['example_trigger_target_dag']) retrieved from /home/airflow/.local/lib/python3.6/site-packages/airflow/example_dags/example_trigger_target_dag.py
[2021-08-18 09:22:09,778] {logging_mixin.py:104} INFO - [2021-08-18 09:22:09,778] {dag.py:1832} INFO - Sync 1 DAGs
[2021-08-18 09:22:09,794] {logging_mixin.py:104} INFO - [2021-08-18 09:22:09,794] {dag.py:2305} INFO - Setting next_dagrun for example_trigger_target_dag to None
[2021-08-18 09:22:09,804] {scheduler_job.py:190} INFO - Processing /home/airflow/.local/lib/python3.6/site-packages/airflow/example_dags/example_trigger_target_dag.py took 0.073 seconds
[2021-08-18 09:22:40,027] {scheduler_job.py:182} INFO - Started process (PID=752) to work on /home/airflow/.local/lib/python3.6/site-packages/airflow/example_dags/example_trigger_target_dag.py
[2021-08-18 09:22:40,029] {scheduler_job.py:633} INFO - Processing file /home/airflow/.local/lib/python3.6/site-packages/airflow/example_dags/example_trigger_target_dag.py for tasks to queue
[2021-08-18 09:22:40,030] {logging_mixin.py:104} INFO - [2021-08-18 09:22:40,030] {dagbag.py:487} INFO - Filling up the DagBag from /home/airflow/.local/lib/python3.6/site-packages/airflow/example_dags/example_trigger_target_dag.py
[2021-08-18 09:22:40,046] {scheduler_job.py:643} INFO - DAG(s) dict_keys(['example_trigger_target_dag']) retrieved from /home/airflow/.local/lib/python3.6/site-packages/airflow/example_dags/example_trigger_target_dag.py
[2021-08-18 09:22:40,069] {logging_mixin.py:104} INFO - [2021-08-18 09:22:40,069] {dag.py:1832} INFO - Sync 1 DAGs
[2021-08-18 09:22:40,087] {logging_mixin.py:104} INFO - [2021-08-18 09:22:40,087] {dag.py:2305} INFO - Setting next_dagrun for example_trigger_target_dag to None
[2021-08-18 09:22:40,098] {scheduler_job.py:190} INFO - Processing /home/airflow/.local/lib/python3.6/site-packages/airflow/example_dags/example_trigger_target_dag.py took 0.074 seconds
[2021-08-18 09:23:10,194] {scheduler_job.py:182} INFO - Started process (PID=829) to work on /home/airflow/.local/lib/python3.6/site-packages/airflow/example_dags/example_trigger_target_dag.py
[2021-08-18 09:23:10,195] {scheduler_job.py:633} INFO - Processing file /home/airflow/.local/lib/python3.6/site-packages/airflow/example_dags/example_trigger_target_dag.py for tasks to queue
[2021-08-18 09:23:10,196] {logging_mixin.py:104} INFO - [2021-08-18 09:23:10,196] {dagbag.py:487} INFO - Filling up the DagBag from /home/airflow/.local/lib/python3.6/site-packages/airflow/example_dags/example_trigger_target_dag.py
[2021-08-18 09:23:10,211] {scheduler_job.py:643} INFO - DAG(s) dict_keys(['example_trigger_target_dag']) retrieved from /home/airflow/.local/lib/python3.6/site-packages/airflow/example_dags/example_trigger_target_dag.py
[2021-08-18 09:23:10,234] {logging_mixin.py:104} INFO - [2021-08-18 09:23:10,234] {dag.py:1832} INFO - Sync 1 DAGs
[2021-08-18 09:23:10,251] {logging_mixin.py:104} INFO - [2021-08-18 09:23:10,251] {dag.py:2305} INFO - Setting next_dagrun for example_trigger_target_dag to None
[2021-08-18 09:23:10,263] {scheduler_job.py:190} INFO - Processing /home/airflow/.local/lib/python3.6/site-packages/airflow/example_dags/example_trigger_target_dag.py took 0.073 seconds
[2021-08-18 09:23:40,750] {scheduler_job.py:182} INFO - Started process (PID=903) to work on /home/airflow/.local/lib/python3.6/site-packages/airflow/example_dags/example_trigger_target_dag.py
[2021-08-18 09:23:40,752] {scheduler_job.py:633} INFO - Processing file /home/airflow/.local/lib/python3.6/site-packages/airflow/example_dags/example_trigger_target_dag.py for tasks to queue
[2021-08-18 09:23:40,753] {logging_mixin.py:104} INFO - [2021-08-18 09:23:40,753] {dagbag.py:487} INFO - Filling up the DagBag from /home/airflow/.local/lib/python3.6/site-packages/airflow/example_dags/example_trigger_target_dag.py
[2021-08-18 09:23:40,770] {scheduler_job.py:643} INFO - DAG(s) dict_keys(['example_trigger_target_dag']) retrieved from /home/airflow/.local/lib/python3.6/site-packages/airflow/example_dags/example_trigger_target_dag.py
[2021-08-18 09:23:40,794] {logging_mixin.py:104} INFO - [2021-08-18 09:23:40,794] {dag.py:1832} INFO - Sync 1 DAGs
[2021-08-18 09:23:40,812] {logging_mixin.py:104} INFO - [2021-08-18 09:23:40,812] {dag.py:2305} INFO - Setting next_dagrun for example_trigger_target_dag to None
[2021-08-18 09:23:40,823] {scheduler_job.py:190} INFO - Processing /home/airflow/.local/lib/python3.6/site-packages/airflow/example_dags/example_trigger_target_dag.py took 0.077 seconds
[2021-08-18 09:24:11,023] {scheduler_job.py:182} INFO - Started process (PID=981) to work on /home/airflow/.local/lib/python3.6/site-packages/airflow/example_dags/example_trigger_target_dag.py
[2021-08-18 09:24:11,025] {scheduler_job.py:633} INFO - Processing file /home/airflow/.local/lib/python3.6/site-packages/airflow/example_dags/example_trigger_target_dag.py for tasks to queue
[2021-08-18 09:24:11,027] {logging_mixin.py:104} INFO - [2021-08-18 09:24:11,027] {dagbag.py:487} INFO - Filling up the DagBag from /home/airflow/.local/lib/python3.6/site-packages/airflow/example_dags/example_trigger_target_dag.py
[2021-08-18 09:24:11,045] {scheduler_job.py:643} INFO - DAG(s) dict_keys(['example_trigger_target_dag']) retrieved from /home/airflow/.local/lib/python3.6/site-packages/airflow/example_dags/example_trigger_target_dag.py
[2021-08-18 09:24:11,069] {logging_mixin.py:104} INFO - [2021-08-18 09:24:11,069] {dag.py:1832} INFO - Sync 1 DAGs
[2021-08-18 09:24:11,086] {logging_mixin.py:104} INFO - [2021-08-18 09:24:11,086] {dag.py:2305} INFO - Setting next_dagrun for example_trigger_target_dag to None
[2021-08-18 09:24:11,097] {scheduler_job.py:190} INFO - Processing /home/airflow/.local/lib/python3.6/site-packages/airflow/example_dags/example_trigger_target_dag.py took 0.078 seconds
[2021-08-18 09:24:41,331] {scheduler_job.py:182} INFO - Started process (PID=1043) to work on /home/airflow/.local/lib/python3.6/site-packages/airflow/example_dags/example_trigger_target_dag.py
[2021-08-18 09:24:41,335] {scheduler_job.py:633} INFO - Processing file /home/airflow/.local/lib/python3.6/site-packages/airflow/example_dags/example_trigger_target_dag.py for tasks to queue
[2021-08-18 09:24:41,336] {logging_mixin.py:104} INFO - [2021-08-18 09:24:41,336] {dagbag.py:487} INFO - Filling up the DagBag from /home/airflow/.local/lib/python3.6/site-packages/airflow/example_dags/example_trigger_target_dag.py
[2021-08-18 09:24:41,353] {scheduler_job.py:643} INFO - DAG(s) dict_keys(['example_trigger_target_dag']) retrieved from /home/airflow/.local/lib/python3.6/site-packages/airflow/example_dags/example_trigger_target_dag.py
[2021-08-18 09:24:41,377] {logging_mixin.py:104} INFO - [2021-08-18 09:24:41,377] {dag.py:1832} INFO - Sync 1 DAGs
[2021-08-18 09:24:41,395] {logging_mixin.py:104} INFO - [2021-08-18 09:24:41,395] {dag.py:2305} INFO - Setting next_dagrun for example_trigger_target_dag to None
[2021-08-18 09:24:41,407] {scheduler_job.py:190} INFO - Processing /home/airflow/.local/lib/python3.6/site-packages/airflow/example_dags/example_trigger_target_dag.py took 0.080 seconds
[2021-08-18 09:25:11,639] {scheduler_job.py:182} INFO - Started process (PID=1120) to work on /home/airflow/.local/lib/python3.6/site-packages/airflow/example_dags/example_trigger_target_dag.py
[2021-08-18 09:25:11,641] {scheduler_job.py:633} INFO - Processing file /home/airflow/.local/lib/python3.6/site-packages/airflow/example_dags/example_trigger_target_dag.py for tasks to queue
[2021-08-18 09:25:11,643] {logging_mixin.py:104} INFO - [2021-08-18 09:25:11,643] {dagbag.py:487} INFO - Filling up the DagBag from /home/airflow/.local/lib/python3.6/site-packages/airflow/example_dags/example_trigger_target_dag.py
[2021-08-18 09:25:11,661] {scheduler_job.py:643} INFO - DAG(s) dict_keys(['example_trigger_target_dag']) retrieved from /home/airflow/.local/lib/python3.6/site-packages/airflow/example_dags/example_trigger_target_dag.py
[2021-08-18 09:25:11,686] {logging_mixin.py:104} INFO - [2021-08-18 09:25:11,686] {dag.py:1832} INFO - Sync 1 DAGs
[2021-08-18 09:25:11,705] {logging_mixin.py:104} INFO - [2021-08-18 09:25:11,705] {dag.py:2305} INFO - Setting next_dagrun for example_trigger_target_dag to None
[2021-08-18 09:25:11,717] {scheduler_job.py:190} INFO - Processing /home/airflow/.local/lib/python3.6/site-packages/airflow/example_dags/example_trigger_target_dag.py took 0.082 seconds
[2021-08-18 09:25:41,900] {scheduler_job.py:182} INFO - Started process (PID=1193) to work on /home/airflow/.local/lib/python3.6/site-packages/airflow/example_dags/example_trigger_target_dag.py
[2021-08-18 09:25:41,902] {scheduler_job.py:633} INFO - Processing file /home/airflow/.local/lib/python3.6/site-packages/airflow/example_dags/example_trigger_target_dag.py for tasks to queue
[2021-08-18 09:25:41,903] {logging_mixin.py:104} INFO - [2021-08-18 09:25:41,902] {dagbag.py:487} INFO - Filling up the DagBag from /home/airflow/.local/lib/python3.6/site-packages/airflow/example_dags/example_trigger_target_dag.py
[2021-08-18 09:25:41,917] {scheduler_job.py:643} INFO - DAG(s) dict_keys(['example_trigger_target_dag']) retrieved from /home/airflow/.local/lib/python3.6/site-packages/airflow/example_dags/example_trigger_target_dag.py
[2021-08-18 09:25:41,939] {logging_mixin.py:104} INFO - [2021-08-18 09:25:41,939] {dag.py:1832} INFO - Sync 1 DAGs
[2021-08-18 09:25:41,958] {logging_mixin.py:104} INFO - [2021-08-18 09:25:41,958] {dag.py:2305} INFO - Setting next_dagrun for example_trigger_target_dag to None
[2021-08-18 09:25:41,972] {scheduler_job.py:190} INFO - Processing /home/airflow/.local/lib/python3.6/site-packages/airflow/example_dags/example_trigger_target_dag.py took 0.076 seconds
[2021-08-18 09:26:12,274] {scheduler_job.py:182} INFO - Started process (PID=1259) to work on /home/airflow/.local/lib/python3.6/site-packages/airflow/example_dags/example_trigger_target_dag.py
[2021-08-18 09:26:12,276] {scheduler_job.py:633} INFO - Processing file /home/airflow/.local/lib/python3.6/site-packages/airflow/example_dags/example_trigger_target_dag.py for tasks to queue
[2021-08-18 09:26:12,277] {logging_mixin.py:104} INFO - [2021-08-18 09:26:12,277] {dagbag.py:487} INFO - Filling up the DagBag from /home/airflow/.local/lib/python3.6/site-packages/airflow/example_dags/example_trigger_target_dag.py
[2021-08-18 09:26:12,293] {scheduler_job.py:643} INFO - DAG(s) dict_keys(['example_trigger_target_dag']) retrieved from /home/airflow/.local/lib/python3.6/site-packages/airflow/example_dags/example_trigger_target_dag.py
[2021-08-18 09:26:12,317] {logging_mixin.py:104} INFO - [2021-08-18 09:26:12,316] {dag.py:1832} INFO - Sync 1 DAGs
[2021-08-18 09:26:12,334] {logging_mixin.py:104} INFO - [2021-08-18 09:26:12,334] {dag.py:2305} INFO - Setting next_dagrun for example_trigger_target_dag to None
[2021-08-18 09:26:12,345] {scheduler_job.py:190} INFO - Processing /home/airflow/.local/lib/python3.6/site-packages/airflow/example_dags/example_trigger_target_dag.py took 0.076 seconds
[2021-08-18 09:26:43,321] {scheduler_job.py:182} INFO - Started process (PID=1335) to work on /home/airflow/.local/lib/python3.6/site-packages/airflow/example_dags/example_trigger_target_dag.py
[2021-08-18 09:26:43,323] {scheduler_job.py:633} INFO - Processing file /home/airflow/.local/lib/python3.6/site-packages/airflow/example_dags/example_trigger_target_dag.py for tasks to queue
[2021-08-18 09:26:43,325] {logging_mixin.py:104} INFO - [2021-08-18 09:26:43,324] {dagbag.py:487} INFO - Filling up the DagBag from /home/airflow/.local/lib/python3.6/site-packages/airflow/example_dags/example_trigger_target_dag.py
[2021-08-18 09:26:43,338] {scheduler_job.py:643} INFO - DAG(s) dict_keys(['example_trigger_target_dag']) retrieved from /home/airflow/.local/lib/python3.6/site-packages/airflow/example_dags/example_trigger_target_dag.py
[2021-08-18 09:26:43,361] {logging_mixin.py:104} INFO - [2021-08-18 09:26:43,361] {dag.py:1832} INFO - Sync 1 DAGs
[2021-08-18 09:26:43,380] {logging_mixin.py:104} INFO - [2021-08-18 09:26:43,380] {dag.py:2305} INFO - Setting next_dagrun for example_trigger_target_dag to None
[2021-08-18 09:26:43,391] {scheduler_job.py:190} INFO - Processing /home/airflow/.local/lib/python3.6/site-packages/airflow/example_dags/example_trigger_target_dag.py took 0.073 seconds
[2021-08-18 09:27:14,278] {scheduler_job.py:182} INFO - Started process (PID=1396) to work on /home/airflow/.local/lib/python3.6/site-packages/airflow/example_dags/example_trigger_target_dag.py
[2021-08-18 09:27:14,280] {scheduler_job.py:633} INFO - Processing file /home/airflow/.local/lib/python3.6/site-packages/airflow/example_dags/example_trigger_target_dag.py for tasks to queue
[2021-08-18 09:27:14,281] {logging_mixin.py:104} INFO - [2021-08-18 09:27:14,281] {dagbag.py:487} INFO - Filling up the DagBag from /home/airflow/.local/lib/python3.6/site-packages/airflow/example_dags/example_trigger_target_dag.py
[2021-08-18 09:27:14,296] {scheduler_job.py:643} INFO - DAG(s) dict_keys(['example_trigger_target_dag']) retrieved from /home/airflow/.local/lib/python3.6/site-packages/airflow/example_dags/example_trigger_target_dag.py
[2021-08-18 09:27:14,317] {logging_mixin.py:104} INFO - [2021-08-18 09:27:14,317] {dag.py:1832} INFO - Sync 1 DAGs
[2021-08-18 09:27:14,333] {logging_mixin.py:104} INFO - [2021-08-18 09:27:14,333] {dag.py:2305} INFO - Setting next_dagrun for example_trigger_target_dag to None
[2021-08-18 09:27:14,343] {scheduler_job.py:190} INFO - Processing /home/airflow/.local/lib/python3.6/site-packages/airflow/example_dags/example_trigger_target_dag.py took 0.069 seconds
[2021-08-18 09:27:45,666] {scheduler_job.py:182} INFO - Started process (PID=1473) to work on /home/airflow/.local/lib/python3.6/site-packages/airflow/example_dags/example_trigger_target_dag.py
[2021-08-18 09:27:45,668] {scheduler_job.py:633} INFO - Processing file /home/airflow/.local/lib/python3.6/site-packages/airflow/example_dags/example_trigger_target_dag.py for tasks to queue
[2021-08-18 09:27:45,669] {logging_mixin.py:104} INFO - [2021-08-18 09:27:45,669] {dagbag.py:487} INFO - Filling up the DagBag from /home/airflow/.local/lib/python3.6/site-packages/airflow/example_dags/example_trigger_target_dag.py
[2021-08-18 09:27:45,684] {scheduler_job.py:643} INFO - DAG(s) dict_keys(['example_trigger_target_dag']) retrieved from /home/airflow/.local/lib/python3.6/site-packages/airflow/example_dags/example_trigger_target_dag.py
[2021-08-18 09:27:45,704] {logging_mixin.py:104} INFO - [2021-08-18 09:27:45,704] {dag.py:1832} INFO - Sync 1 DAGs
[2021-08-18 09:27:45,720] {logging_mixin.py:104} INFO - [2021-08-18 09:27:45,719] {dag.py:2305} INFO - Setting next_dagrun for example_trigger_target_dag to None
[2021-08-18 09:27:45,729] {scheduler_job.py:190} INFO - Processing /home/airflow/.local/lib/python3.6/site-packages/airflow/example_dags/example_trigger_target_dag.py took 0.067 seconds
[2021-08-18 09:28:16,630] {scheduler_job.py:182} INFO - Started process (PID=1552) to work on /home/airflow/.local/lib/python3.6/site-packages/airflow/example_dags/example_trigger_target_dag.py
[2021-08-18 09:28:16,632] {scheduler_job.py:633} INFO - Processing file /home/airflow/.local/lib/python3.6/site-packages/airflow/example_dags/example_trigger_target_dag.py for tasks to queue
[2021-08-18 09:28:16,633] {logging_mixin.py:104} INFO - [2021-08-18 09:28:16,633] {dagbag.py:487} INFO - Filling up the DagBag from /home/airflow/.local/lib/python3.6/site-packages/airflow/example_dags/example_trigger_target_dag.py
[2021-08-18 09:28:16,650] {scheduler_job.py:643} INFO - DAG(s) dict_keys(['example_trigger_target_dag']) retrieved from /home/airflow/.local/lib/python3.6/site-packages/airflow/example_dags/example_trigger_target_dag.py
[2021-08-18 09:28:16,676] {logging_mixin.py:104} INFO - [2021-08-18 09:28:16,675] {dag.py:1832} INFO - Sync 1 DAGs
[2021-08-18 09:28:16,696] {logging_mixin.py:104} INFO - [2021-08-18 09:28:16,696] {dag.py:2305} INFO - Setting next_dagrun for example_trigger_target_dag to None
[2021-08-18 09:28:16,706] {scheduler_job.py:190} INFO - Processing /home/airflow/.local/lib/python3.6/site-packages/airflow/example_dags/example_trigger_target_dag.py took 0.081 seconds
[2021-08-18 09:28:47,670] {scheduler_job.py:182} INFO - Started process (PID=1614) to work on /home/airflow/.local/lib/python3.6/site-packages/airflow/example_dags/example_trigger_target_dag.py
[2021-08-18 09:28:47,673] {scheduler_job.py:633} INFO - Processing file /home/airflow/.local/lib/python3.6/site-packages/airflow/example_dags/example_trigger_target_dag.py for tasks to queue
[2021-08-18 09:28:47,674] {logging_mixin.py:104} INFO - [2021-08-18 09:28:47,674] {dagbag.py:487} INFO - Filling up the DagBag from /home/airflow/.local/lib/python3.6/site-packages/airflow/example_dags/example_trigger_target_dag.py
[2021-08-18 09:28:47,691] {scheduler_job.py:643} INFO - DAG(s) dict_keys(['example_trigger_target_dag']) retrieved from /home/airflow/.local/lib/python3.6/site-packages/airflow/example_dags/example_trigger_target_dag.py
[2021-08-18 09:28:47,716] {logging_mixin.py:104} INFO - [2021-08-18 09:28:47,716] {dag.py:1832} INFO - Sync 1 DAGs
[2021-08-18 09:28:47,742] {logging_mixin.py:104} INFO - [2021-08-18 09:28:47,742] {dag.py:2305} INFO - Setting next_dagrun for example_trigger_target_dag to None
[2021-08-18 09:28:47,755] {scheduler_job.py:190} INFO - Processing /home/airflow/.local/lib/python3.6/site-packages/airflow/example_dags/example_trigger_target_dag.py took 0.089 seconds
[2021-08-18 09:29:18,853] {scheduler_job.py:182} INFO - Started process (PID=1692) to work on /home/airflow/.local/lib/python3.6/site-packages/airflow/example_dags/example_trigger_target_dag.py
[2021-08-18 09:29:18,855] {scheduler_job.py:633} INFO - Processing file /home/airflow/.local/lib/python3.6/site-packages/airflow/example_dags/example_trigger_target_dag.py for tasks to queue
[2021-08-18 09:29:18,856] {logging_mixin.py:104} INFO - [2021-08-18 09:29:18,856] {dagbag.py:487} INFO - Filling up the DagBag from /home/airflow/.local/lib/python3.6/site-packages/airflow/example_dags/example_trigger_target_dag.py
[2021-08-18 09:29:18,871] {scheduler_job.py:643} INFO - DAG(s) dict_keys(['example_trigger_target_dag']) retrieved from /home/airflow/.local/lib/python3.6/site-packages/airflow/example_dags/example_trigger_target_dag.py
[2021-08-18 09:29:18,893] {logging_mixin.py:104} INFO - [2021-08-18 09:29:18,893] {dag.py:1832} INFO - Sync 1 DAGs
[2021-08-18 09:29:18,910] {logging_mixin.py:104} INFO - [2021-08-18 09:29:18,909] {dag.py:2305} INFO - Setting next_dagrun for example_trigger_target_dag to None
[2021-08-18 09:29:18,920] {scheduler_job.py:190} INFO - Processing /home/airflow/.local/lib/python3.6/site-packages/airflow/example_dags/example_trigger_target_dag.py took 0.070 seconds
[2021-08-18 09:29:50,165] {scheduler_job.py:182} INFO - Started process (PID=1768) to work on /home/airflow/.local/lib/python3.6/site-packages/airflow/example_dags/example_trigger_target_dag.py
[2021-08-18 09:29:50,168] {scheduler_job.py:633} INFO - Processing file /home/airflow/.local/lib/python3.6/site-packages/airflow/example_dags/example_trigger_target_dag.py for tasks to queue
[2021-08-18 09:29:50,170] {logging_mixin.py:104} INFO - [2021-08-18 09:29:50,169] {dagbag.py:487} INFO - Filling up the DagBag from /home/airflow/.local/lib/python3.6/site-packages/airflow/example_dags/example_trigger_target_dag.py
[2021-08-18 09:29:50,185] {scheduler_job.py:643} INFO - DAG(s) dict_keys(['example_trigger_target_dag']) retrieved from /home/airflow/.local/lib/python3.6/site-packages/airflow/example_dags/example_trigger_target_dag.py
[2021-08-18 09:29:50,205] {logging_mixin.py:104} INFO - [2021-08-18 09:29:50,205] {dag.py:1832} INFO - Sync 1 DAGs
[2021-08-18 09:29:50,222] {logging_mixin.py:104} INFO - [2021-08-18 09:29:50,222] {dag.py:2305} INFO - Setting next_dagrun for example_trigger_target_dag to None
[2021-08-18 09:29:50,232] {scheduler_job.py:190} INFO - Processing /home/airflow/.local/lib/python3.6/site-packages/airflow/example_dags/example_trigger_target_dag.py took 0.071 seconds
[2021-08-18 09:30:21,284] {scheduler_job.py:182} INFO - Started process (PID=1838) to work on /home/airflow/.local/lib/python3.6/site-packages/airflow/example_dags/example_trigger_target_dag.py
[2021-08-18 09:30:21,290] {scheduler_job.py:633} INFO - Processing file /home/airflow/.local/lib/python3.6/site-packages/airflow/example_dags/example_trigger_target_dag.py for tasks to queue
[2021-08-18 09:30:21,292] {logging_mixin.py:104} INFO - [2021-08-18 09:30:21,292] {dagbag.py:487} INFO - Filling up the DagBag from /home/airflow/.local/lib/python3.6/site-packages/airflow/example_dags/example_trigger_target_dag.py
[2021-08-18 09:30:21,318] {scheduler_job.py:643} INFO - DAG(s) dict_keys(['example_trigger_target_dag']) retrieved from /home/airflow/.local/lib/python3.6/site-packages/airflow/example_dags/example_trigger_target_dag.py
[2021-08-18 09:30:21,346] {logging_mixin.py:104} INFO - [2021-08-18 09:30:21,346] {dag.py:1832} INFO - Sync 1 DAGs
[2021-08-18 09:30:21,366] {logging_mixin.py:104} INFO - [2021-08-18 09:30:21,366] {dag.py:2305} INFO - Setting next_dagrun for example_trigger_target_dag to None
[2021-08-18 09:30:21,377] {scheduler_job.py:190} INFO - Processing /home/airflow/.local/lib/python3.6/site-packages/airflow/example_dags/example_trigger_target_dag.py took 0.106 seconds
[2021-08-18 09:30:51,554] {scheduler_job.py:182} INFO - Started process (PID=1906) to work on /home/airflow/.local/lib/python3.6/site-packages/airflow/example_dags/example_trigger_target_dag.py
[2021-08-18 09:30:51,556] {scheduler_job.py:633} INFO - Processing file /home/airflow/.local/lib/python3.6/site-packages/airflow/example_dags/example_trigger_target_dag.py for tasks to queue
[2021-08-18 09:30:51,557] {logging_mixin.py:104} INFO - [2021-08-18 09:30:51,557] {dagbag.py:487} INFO - Filling up the DagBag from /home/airflow/.local/lib/python3.6/site-packages/airflow/example_dags/example_trigger_target_dag.py
[2021-08-18 09:30:51,571] {scheduler_job.py:643} INFO - DAG(s) dict_keys(['example_trigger_target_dag']) retrieved from /home/airflow/.local/lib/python3.6/site-packages/airflow/example_dags/example_trigger_target_dag.py
[2021-08-18 09:30:51,590] {logging_mixin.py:104} INFO - [2021-08-18 09:30:51,589] {dag.py:1832} INFO - Sync 1 DAGs
[2021-08-18 09:30:51,603] {logging_mixin.py:104} INFO - [2021-08-18 09:30:51,603] {dag.py:2305} INFO - Setting next_dagrun for example_trigger_target_dag to None
[2021-08-18 09:30:51,613] {scheduler_job.py:190} INFO - Processing /home/airflow/.local/lib/python3.6/site-packages/airflow/example_dags/example_trigger_target_dag.py took 0.062 seconds
[2021-08-18 09:31:22,461] {scheduler_job.py:182} INFO - Started process (PID=1983) to work on /home/airflow/.local/lib/python3.6/site-packages/airflow/example_dags/example_trigger_target_dag.py
[2021-08-18 09:31:22,464] {scheduler_job.py:633} INFO - Processing file /home/airflow/.local/lib/python3.6/site-packages/airflow/example_dags/example_trigger_target_dag.py for tasks to queue
[2021-08-18 09:31:22,465] {logging_mixin.py:104} INFO - [2021-08-18 09:31:22,465] {dagbag.py:487} INFO - Filling up the DagBag from /home/airflow/.local/lib/python3.6/site-packages/airflow/example_dags/example_trigger_target_dag.py
[2021-08-18 09:31:22,482] {scheduler_job.py:643} INFO - DAG(s) dict_keys(['example_trigger_target_dag']) retrieved from /home/airflow/.local/lib/python3.6/site-packages/airflow/example_dags/example_trigger_target_dag.py
[2021-08-18 09:31:22,507] {logging_mixin.py:104} INFO - [2021-08-18 09:31:22,507] {dag.py:1832} INFO - Sync 1 DAGs
[2021-08-18 09:31:22,535] {logging_mixin.py:104} INFO - [2021-08-18 09:31:22,535] {dag.py:2305} INFO - Setting next_dagrun for example_trigger_target_dag to None
[2021-08-18 09:31:22,548] {scheduler_job.py:190} INFO - Processing /home/airflow/.local/lib/python3.6/site-packages/airflow/example_dags/example_trigger_target_dag.py took 0.091 seconds
[2021-08-18 09:31:53,544] {scheduler_job.py:182} INFO - Started process (PID=2046) to work on /home/airflow/.local/lib/python3.6/site-packages/airflow/example_dags/example_trigger_target_dag.py
[2021-08-18 09:31:53,545] {scheduler_job.py:633} INFO - Processing file /home/airflow/.local/lib/python3.6/site-packages/airflow/example_dags/example_trigger_target_dag.py for tasks to queue
[2021-08-18 09:31:53,547] {logging_mixin.py:104} INFO - [2021-08-18 09:31:53,546] {dagbag.py:487} INFO - Filling up the DagBag from /home/airflow/.local/lib/python3.6/site-packages/airflow/example_dags/example_trigger_target_dag.py
[2021-08-18 09:31:53,562] {scheduler_job.py:643} INFO - DAG(s) dict_keys(['example_trigger_target_dag']) retrieved from /home/airflow/.local/lib/python3.6/site-packages/airflow/example_dags/example_trigger_target_dag.py
[2021-08-18 09:31:53,585] {logging_mixin.py:104} INFO - [2021-08-18 09:31:53,585] {dag.py:1832} INFO - Sync 1 DAGs
[2021-08-18 09:31:53,601] {logging_mixin.py:104} INFO - [2021-08-18 09:31:53,601] {dag.py:2305} INFO - Setting next_dagrun for example_trigger_target_dag to None
[2021-08-18 09:31:53,611] {scheduler_job.py:190} INFO - Processing /home/airflow/.local/lib/python3.6/site-packages/airflow/example_dags/example_trigger_target_dag.py took 0.071 seconds
[2021-08-18 09:32:24,084] {scheduler_job.py:182} INFO - Started process (PID=2125) to work on /home/airflow/.local/lib/python3.6/site-packages/airflow/example_dags/example_trigger_target_dag.py
[2021-08-18 09:32:24,086] {scheduler_job.py:633} INFO - Processing file /home/airflow/.local/lib/python3.6/site-packages/airflow/example_dags/example_trigger_target_dag.py for tasks to queue
[2021-08-18 09:32:24,087] {logging_mixin.py:104} INFO - [2021-08-18 09:32:24,087] {dagbag.py:487} INFO - Filling up the DagBag from /home/airflow/.local/lib/python3.6/site-packages/airflow/example_dags/example_trigger_target_dag.py
[2021-08-18 09:32:24,101] {scheduler_job.py:643} INFO - DAG(s) dict_keys(['example_trigger_target_dag']) retrieved from /home/airflow/.local/lib/python3.6/site-packages/airflow/example_dags/example_trigger_target_dag.py
[2021-08-18 09:32:24,120] {logging_mixin.py:104} INFO - [2021-08-18 09:32:24,120] {dag.py:1832} INFO - Sync 1 DAGs
[2021-08-18 09:32:24,133] {logging_mixin.py:104} INFO - [2021-08-18 09:32:24,133] {dag.py:2305} INFO - Setting next_dagrun for example_trigger_target_dag to None
[2021-08-18 09:32:24,141] {scheduler_job.py:190} INFO - Processing /home/airflow/.local/lib/python3.6/site-packages/airflow/example_dags/example_trigger_target_dag.py took 0.060 seconds
[2021-08-18 09:32:55,041] {scheduler_job.py:182} INFO - Started process (PID=2201) to work on /home/airflow/.local/lib/python3.6/site-packages/airflow/example_dags/example_trigger_target_dag.py
[2021-08-18 09:32:55,043] {scheduler_job.py:633} INFO - Processing file /home/airflow/.local/lib/python3.6/site-packages/airflow/example_dags/example_trigger_target_dag.py for tasks to queue
[2021-08-18 09:32:55,044] {logging_mixin.py:104} INFO - [2021-08-18 09:32:55,043] {dagbag.py:487} INFO - Filling up the DagBag from /home/airflow/.local/lib/python3.6/site-packages/airflow/example_dags/example_trigger_target_dag.py
[2021-08-18 09:32:55,058] {scheduler_job.py:643} INFO - DAG(s) dict_keys(['example_trigger_target_dag']) retrieved from /home/airflow/.local/lib/python3.6/site-packages/airflow/example_dags/example_trigger_target_dag.py
[2021-08-18 09:32:55,078] {logging_mixin.py:104} INFO - [2021-08-18 09:32:55,078] {dag.py:1832} INFO - Sync 1 DAGs
[2021-08-18 09:32:55,092] {logging_mixin.py:104} INFO - [2021-08-18 09:32:55,092] {dag.py:2305} INFO - Setting next_dagrun for example_trigger_target_dag to None
[2021-08-18 09:32:55,100] {scheduler_job.py:190} INFO - Processing /home/airflow/.local/lib/python3.6/site-packages/airflow/example_dags/example_trigger_target_dag.py took 0.064 seconds
