[2021-08-18 09:02:21,152] {scheduler_job.py:182} INFO - Started process (PID=125) to work on /home/airflow/.local/lib/python3.6/site-packages/airflow/example_dags/example_task_group_decorator.py
[2021-08-18 09:02:21,155] {scheduler_job.py:633} INFO - Processing file /home/airflow/.local/lib/python3.6/site-packages/airflow/example_dags/example_task_group_decorator.py for tasks to queue
[2021-08-18 09:02:21,156] {logging_mixin.py:104} INFO - [2021-08-18 09:02:21,156] {dagbag.py:487} INFO - Filling up the DagBag from /home/airflow/.local/lib/python3.6/site-packages/airflow/example_dags/example_task_group_decorator.py
[2021-08-18 09:02:21,199] {scheduler_job.py:643} INFO - DAG(s) dict_keys(['example_task_group_decorator']) retrieved from /home/airflow/.local/lib/python3.6/site-packages/airflow/example_dags/example_task_group_decorator.py
[2021-08-18 09:02:38,315] {logging_mixin.py:104} INFO - [2021-08-18 09:02:38,313] {dag.py:1832} INFO - Sync 1 DAGs
[2021-08-18 09:02:38,335] {logging_mixin.py:104} INFO - [2021-08-18 09:02:38,333] {dag.py:1851} INFO - Creating ORM DAG for example_task_group_decorator
[2021-08-18 09:02:38,345] {logging_mixin.py:104} INFO - [2021-08-18 09:02:38,345] {dag.py:2305} INFO - Setting next_dagrun for example_task_group_decorator to 2021-08-16 00:00:00+00:00
[2021-08-18 09:02:38,364] {scheduler_job.py:190} INFO - Processing /home/airflow/.local/lib/python3.6/site-packages/airflow/example_dags/example_task_group_decorator.py took 17.135 seconds
[2021-08-18 09:03:09,293] {scheduler_job.py:182} INFO - Started process (PID=211) to work on /home/airflow/.local/lib/python3.6/site-packages/airflow/example_dags/example_task_group_decorator.py
[2021-08-18 09:03:09,295] {scheduler_job.py:633} INFO - Processing file /home/airflow/.local/lib/python3.6/site-packages/airflow/example_dags/example_task_group_decorator.py for tasks to queue
[2021-08-18 09:03:09,296] {logging_mixin.py:104} INFO - [2021-08-18 09:03:09,296] {dagbag.py:487} INFO - Filling up the DagBag from /home/airflow/.local/lib/python3.6/site-packages/airflow/example_dags/example_task_group_decorator.py
[2021-08-18 09:03:09,324] {scheduler_job.py:643} INFO - DAG(s) dict_keys(['example_task_group_decorator']) retrieved from /home/airflow/.local/lib/python3.6/site-packages/airflow/example_dags/example_task_group_decorator.py
[2021-08-18 09:03:09,635] {logging_mixin.py:104} INFO - [2021-08-18 09:03:09,635] {dag.py:1832} INFO - Sync 1 DAGs
[2021-08-18 09:03:09,648] {logging_mixin.py:104} INFO - [2021-08-18 09:03:09,648] {dag.py:2305} INFO - Setting next_dagrun for example_task_group_decorator to 2021-08-16 00:00:00+00:00
[2021-08-18 09:03:09,661] {scheduler_job.py:190} INFO - Processing /home/airflow/.local/lib/python3.6/site-packages/airflow/example_dags/example_task_group_decorator.py took 0.372 seconds
[2021-08-18 09:03:40,247] {scheduler_job.py:182} INFO - Started process (PID=289) to work on /home/airflow/.local/lib/python3.6/site-packages/airflow/example_dags/example_task_group_decorator.py
[2021-08-18 09:03:40,249] {scheduler_job.py:633} INFO - Processing file /home/airflow/.local/lib/python3.6/site-packages/airflow/example_dags/example_task_group_decorator.py for tasks to queue
[2021-08-18 09:03:40,251] {logging_mixin.py:104} INFO - [2021-08-18 09:03:40,251] {dagbag.py:487} INFO - Filling up the DagBag from /home/airflow/.local/lib/python3.6/site-packages/airflow/example_dags/example_task_group_decorator.py
[2021-08-18 09:03:40,301] {scheduler_job.py:643} INFO - DAG(s) dict_keys(['example_task_group_decorator']) retrieved from /home/airflow/.local/lib/python3.6/site-packages/airflow/example_dags/example_task_group_decorator.py
[2021-08-18 09:03:41,283] {logging_mixin.py:104} INFO - [2021-08-18 09:03:41,275] {dag.py:1832} INFO - Sync 1 DAGs
[2021-08-18 09:03:42,954] {logging_mixin.py:104} INFO - [2021-08-18 09:03:42,953] {dag.py:2305} INFO - Setting next_dagrun for example_task_group_decorator to 2021-08-16 00:00:00+00:00
[2021-08-18 09:03:42,975] {scheduler_job.py:190} INFO - Processing /home/airflow/.local/lib/python3.6/site-packages/airflow/example_dags/example_task_group_decorator.py took 2.732 seconds
[2021-08-18 09:04:13,596] {scheduler_job.py:182} INFO - Started process (PID=354) to work on /home/airflow/.local/lib/python3.6/site-packages/airflow/example_dags/example_task_group_decorator.py
[2021-08-18 09:04:13,598] {scheduler_job.py:633} INFO - Processing file /home/airflow/.local/lib/python3.6/site-packages/airflow/example_dags/example_task_group_decorator.py for tasks to queue
[2021-08-18 09:04:13,599] {logging_mixin.py:104} INFO - [2021-08-18 09:04:13,599] {dagbag.py:487} INFO - Filling up the DagBag from /home/airflow/.local/lib/python3.6/site-packages/airflow/example_dags/example_task_group_decorator.py
[2021-08-18 09:04:13,628] {scheduler_job.py:643} INFO - DAG(s) dict_keys(['example_task_group_decorator']) retrieved from /home/airflow/.local/lib/python3.6/site-packages/airflow/example_dags/example_task_group_decorator.py
[2021-08-18 09:04:13,968] {logging_mixin.py:104} INFO - [2021-08-18 09:04:13,968] {dag.py:1832} INFO - Sync 1 DAGs
[2021-08-18 09:04:13,981] {logging_mixin.py:104} INFO - [2021-08-18 09:04:13,980] {dag.py:2305} INFO - Setting next_dagrun for example_task_group_decorator to 2021-08-16 00:00:00+00:00
[2021-08-18 09:04:13,991] {scheduler_job.py:190} INFO - Processing /home/airflow/.local/lib/python3.6/site-packages/airflow/example_dags/example_task_group_decorator.py took 0.399 seconds
[2021-08-18 09:04:46,188] {scheduler_job.py:182} INFO - Started process (PID=428) to work on /home/airflow/.local/lib/python3.6/site-packages/airflow/example_dags/example_task_group_decorator.py
[2021-08-18 09:04:46,201] {scheduler_job.py:633} INFO - Processing file /home/airflow/.local/lib/python3.6/site-packages/airflow/example_dags/example_task_group_decorator.py for tasks to queue
[2021-08-18 09:04:46,207] {logging_mixin.py:104} INFO - [2021-08-18 09:04:46,207] {dagbag.py:487} INFO - Filling up the DagBag from /home/airflow/.local/lib/python3.6/site-packages/airflow/example_dags/example_task_group_decorator.py
[2021-08-18 09:04:46,271] {scheduler_job.py:643} INFO - DAG(s) dict_keys(['example_task_group_decorator']) retrieved from /home/airflow/.local/lib/python3.6/site-packages/airflow/example_dags/example_task_group_decorator.py
[2021-08-18 09:04:46,940] {logging_mixin.py:104} INFO - [2021-08-18 09:04:46,940] {dag.py:1832} INFO - Sync 1 DAGs
[2021-08-18 09:04:46,956] {logging_mixin.py:104} INFO - [2021-08-18 09:04:46,955] {dag.py:2305} INFO - Setting next_dagrun for example_task_group_decorator to 2021-08-16 00:00:00+00:00
[2021-08-18 09:04:46,970] {scheduler_job.py:190} INFO - Processing /home/airflow/.local/lib/python3.6/site-packages/airflow/example_dags/example_task_group_decorator.py took 0.788 seconds
[2021-08-18 09:05:17,286] {scheduler_job.py:182} INFO - Started process (PID=495) to work on /home/airflow/.local/lib/python3.6/site-packages/airflow/example_dags/example_task_group_decorator.py
[2021-08-18 09:05:17,287] {scheduler_job.py:633} INFO - Processing file /home/airflow/.local/lib/python3.6/site-packages/airflow/example_dags/example_task_group_decorator.py for tasks to queue
[2021-08-18 09:05:17,289] {logging_mixin.py:104} INFO - [2021-08-18 09:05:17,288] {dagbag.py:487} INFO - Filling up the DagBag from /home/airflow/.local/lib/python3.6/site-packages/airflow/example_dags/example_task_group_decorator.py
[2021-08-18 09:05:17,316] {scheduler_job.py:643} INFO - DAG(s) dict_keys(['example_task_group_decorator']) retrieved from /home/airflow/.local/lib/python3.6/site-packages/airflow/example_dags/example_task_group_decorator.py
[2021-08-18 09:05:17,617] {logging_mixin.py:104} INFO - [2021-08-18 09:05:17,617] {dag.py:1832} INFO - Sync 1 DAGs
[2021-08-18 09:05:17,630] {logging_mixin.py:104} INFO - [2021-08-18 09:05:17,630] {dag.py:2305} INFO - Setting next_dagrun for example_task_group_decorator to 2021-08-16 00:00:00+00:00
[2021-08-18 09:05:17,641] {scheduler_job.py:190} INFO - Processing /home/airflow/.local/lib/python3.6/site-packages/airflow/example_dags/example_task_group_decorator.py took 0.360 seconds
[2021-08-18 09:05:48,301] {scheduler_job.py:182} INFO - Started process (PID=571) to work on /home/airflow/.local/lib/python3.6/site-packages/airflow/example_dags/example_task_group_decorator.py
[2021-08-18 09:05:48,303] {scheduler_job.py:633} INFO - Processing file /home/airflow/.local/lib/python3.6/site-packages/airflow/example_dags/example_task_group_decorator.py for tasks to queue
[2021-08-18 09:05:48,305] {logging_mixin.py:104} INFO - [2021-08-18 09:05:48,305] {dagbag.py:487} INFO - Filling up the DagBag from /home/airflow/.local/lib/python3.6/site-packages/airflow/example_dags/example_task_group_decorator.py
[2021-08-18 09:05:48,334] {scheduler_job.py:643} INFO - DAG(s) dict_keys(['example_task_group_decorator']) retrieved from /home/airflow/.local/lib/python3.6/site-packages/airflow/example_dags/example_task_group_decorator.py
[2021-08-18 09:05:48,687] {logging_mixin.py:104} INFO - [2021-08-18 09:05:48,687] {dag.py:1832} INFO - Sync 1 DAGs
[2021-08-18 09:05:48,702] {logging_mixin.py:104} INFO - [2021-08-18 09:05:48,701] {dag.py:2305} INFO - Setting next_dagrun for example_task_group_decorator to 2021-08-16 00:00:00+00:00
[2021-08-18 09:05:48,714] {scheduler_job.py:190} INFO - Processing /home/airflow/.local/lib/python3.6/site-packages/airflow/example_dags/example_task_group_decorator.py took 0.418 seconds
[2021-08-18 09:06:24,172] {scheduler_job.py:182} INFO - Started process (PID=656) to work on /home/airflow/.local/lib/python3.6/site-packages/airflow/example_dags/example_task_group_decorator.py
[2021-08-18 09:06:24,175] {scheduler_job.py:633} INFO - Processing file /home/airflow/.local/lib/python3.6/site-packages/airflow/example_dags/example_task_group_decorator.py for tasks to queue
[2021-08-18 09:06:24,177] {logging_mixin.py:104} INFO - [2021-08-18 09:06:24,176] {dagbag.py:487} INFO - Filling up the DagBag from /home/airflow/.local/lib/python3.6/site-packages/airflow/example_dags/example_task_group_decorator.py
[2021-08-18 09:06:24,214] {scheduler_job.py:643} INFO - DAG(s) dict_keys(['example_task_group_decorator']) retrieved from /home/airflow/.local/lib/python3.6/site-packages/airflow/example_dags/example_task_group_decorator.py
[2021-08-18 09:06:24,251] {logging_mixin.py:104} INFO - [2021-08-18 09:06:24,251] {dag.py:1832} INFO - Sync 1 DAGs
[2021-08-18 09:06:24,286] {logging_mixin.py:104} INFO - [2021-08-18 09:06:24,286] {dag.py:2305} INFO - Setting next_dagrun for example_task_group_decorator to 2021-08-16 00:00:00+00:00
[2021-08-18 09:06:24,305] {scheduler_job.py:190} INFO - Processing /home/airflow/.local/lib/python3.6/site-packages/airflow/example_dags/example_task_group_decorator.py took 0.137 seconds
[2021-08-18 09:06:55,296] {scheduler_job.py:182} INFO - Started process (PID=717) to work on /home/airflow/.local/lib/python3.6/site-packages/airflow/example_dags/example_task_group_decorator.py
[2021-08-18 09:06:55,298] {scheduler_job.py:633} INFO - Processing file /home/airflow/.local/lib/python3.6/site-packages/airflow/example_dags/example_task_group_decorator.py for tasks to queue
[2021-08-18 09:06:55,299] {logging_mixin.py:104} INFO - [2021-08-18 09:06:55,299] {dagbag.py:487} INFO - Filling up the DagBag from /home/airflow/.local/lib/python3.6/site-packages/airflow/example_dags/example_task_group_decorator.py
[2021-08-18 09:06:55,326] {scheduler_job.py:643} INFO - DAG(s) dict_keys(['example_task_group_decorator']) retrieved from /home/airflow/.local/lib/python3.6/site-packages/airflow/example_dags/example_task_group_decorator.py
[2021-08-18 09:06:55,623] {logging_mixin.py:104} INFO - [2021-08-18 09:06:55,623] {dag.py:1832} INFO - Sync 1 DAGs
[2021-08-18 09:06:55,639] {logging_mixin.py:104} INFO - [2021-08-18 09:06:55,639] {dag.py:2305} INFO - Setting next_dagrun for example_task_group_decorator to 2021-08-16 00:00:00+00:00
[2021-08-18 09:06:55,653] {scheduler_job.py:190} INFO - Processing /home/airflow/.local/lib/python3.6/site-packages/airflow/example_dags/example_task_group_decorator.py took 0.362 seconds
[2021-08-18 09:07:27,354] {scheduler_job.py:182} INFO - Started process (PID=781) to work on /home/airflow/.local/lib/python3.6/site-packages/airflow/example_dags/example_task_group_decorator.py
[2021-08-18 09:07:27,357] {scheduler_job.py:633} INFO - Processing file /home/airflow/.local/lib/python3.6/site-packages/airflow/example_dags/example_task_group_decorator.py for tasks to queue
[2021-08-18 09:07:27,358] {logging_mixin.py:104} INFO - [2021-08-18 09:07:27,358] {dagbag.py:487} INFO - Filling up the DagBag from /home/airflow/.local/lib/python3.6/site-packages/airflow/example_dags/example_task_group_decorator.py
[2021-08-18 09:07:27,388] {scheduler_job.py:643} INFO - DAG(s) dict_keys(['example_task_group_decorator']) retrieved from /home/airflow/.local/lib/python3.6/site-packages/airflow/example_dags/example_task_group_decorator.py
[2021-08-18 09:07:27,708] {logging_mixin.py:104} INFO - [2021-08-18 09:07:27,708] {dag.py:1832} INFO - Sync 1 DAGs
[2021-08-18 09:07:27,719] {logging_mixin.py:104} INFO - [2021-08-18 09:07:27,719] {dag.py:2305} INFO - Setting next_dagrun for example_task_group_decorator to 2021-08-16 00:00:00+00:00
[2021-08-18 09:07:27,732] {scheduler_job.py:190} INFO - Processing /home/airflow/.local/lib/python3.6/site-packages/airflow/example_dags/example_task_group_decorator.py took 0.382 seconds
[2021-08-18 09:07:58,286] {scheduler_job.py:182} INFO - Started process (PID=858) to work on /home/airflow/.local/lib/python3.6/site-packages/airflow/example_dags/example_task_group_decorator.py
[2021-08-18 09:07:58,287] {scheduler_job.py:633} INFO - Processing file /home/airflow/.local/lib/python3.6/site-packages/airflow/example_dags/example_task_group_decorator.py for tasks to queue
[2021-08-18 09:07:58,289] {logging_mixin.py:104} INFO - [2021-08-18 09:07:58,288] {dagbag.py:487} INFO - Filling up the DagBag from /home/airflow/.local/lib/python3.6/site-packages/airflow/example_dags/example_task_group_decorator.py
[2021-08-18 09:07:58,314] {scheduler_job.py:643} INFO - DAG(s) dict_keys(['example_task_group_decorator']) retrieved from /home/airflow/.local/lib/python3.6/site-packages/airflow/example_dags/example_task_group_decorator.py
[2021-08-18 09:07:58,600] {logging_mixin.py:104} INFO - [2021-08-18 09:07:58,600] {dag.py:1832} INFO - Sync 1 DAGs
[2021-08-18 09:07:58,616] {logging_mixin.py:104} INFO - [2021-08-18 09:07:58,615] {dag.py:2305} INFO - Setting next_dagrun for example_task_group_decorator to 2021-08-16 00:00:00+00:00
[2021-08-18 09:07:58,628] {scheduler_job.py:190} INFO - Processing /home/airflow/.local/lib/python3.6/site-packages/airflow/example_dags/example_task_group_decorator.py took 0.347 seconds
[2021-08-18 09:08:33,335] {scheduler_job.py:182} INFO - Started process (PID=901) to work on /home/airflow/.local/lib/python3.6/site-packages/airflow/example_dags/example_task_group_decorator.py
[2021-08-18 09:08:33,339] {scheduler_job.py:633} INFO - Processing file /home/airflow/.local/lib/python3.6/site-packages/airflow/example_dags/example_task_group_decorator.py for tasks to queue
[2021-08-18 09:08:33,342] {logging_mixin.py:104} INFO - [2021-08-18 09:08:33,341] {dagbag.py:487} INFO - Filling up the DagBag from /home/airflow/.local/lib/python3.6/site-packages/airflow/example_dags/example_task_group_decorator.py
[2021-08-18 09:08:33,407] {scheduler_job.py:643} INFO - DAG(s) dict_keys(['example_task_group_decorator']) retrieved from /home/airflow/.local/lib/python3.6/site-packages/airflow/example_dags/example_task_group_decorator.py
[2021-08-18 09:08:33,919] {logging_mixin.py:104} INFO - [2021-08-18 09:08:33,919] {dag.py:1832} INFO - Sync 1 DAGs
[2021-08-18 09:08:33,945] {logging_mixin.py:104} INFO - [2021-08-18 09:08:33,945] {dag.py:2305} INFO - Setting next_dagrun for example_task_group_decorator to 2021-08-16 00:00:00+00:00
[2021-08-18 09:08:33,965] {scheduler_job.py:190} INFO - Processing /home/airflow/.local/lib/python3.6/site-packages/airflow/example_dags/example_task_group_decorator.py took 0.637 seconds
[2021-08-18 09:09:04,156] {scheduler_job.py:182} INFO - Started process (PID=963) to work on /home/airflow/.local/lib/python3.6/site-packages/airflow/example_dags/example_task_group_decorator.py
[2021-08-18 09:09:04,159] {scheduler_job.py:633} INFO - Processing file /home/airflow/.local/lib/python3.6/site-packages/airflow/example_dags/example_task_group_decorator.py for tasks to queue
[2021-08-18 09:09:04,161] {logging_mixin.py:104} INFO - [2021-08-18 09:09:04,161] {dagbag.py:487} INFO - Filling up the DagBag from /home/airflow/.local/lib/python3.6/site-packages/airflow/example_dags/example_task_group_decorator.py
[2021-08-18 09:09:04,190] {scheduler_job.py:643} INFO - DAG(s) dict_keys(['example_task_group_decorator']) retrieved from /home/airflow/.local/lib/python3.6/site-packages/airflow/example_dags/example_task_group_decorator.py
[2021-08-18 09:09:04,588] {logging_mixin.py:104} INFO - [2021-08-18 09:09:04,588] {dag.py:1832} INFO - Sync 1 DAGs
[2021-08-18 09:09:04,603] {logging_mixin.py:104} INFO - [2021-08-18 09:09:04,603] {dag.py:2305} INFO - Setting next_dagrun for example_task_group_decorator to 2021-08-16 00:00:00+00:00
[2021-08-18 09:09:04,617] {scheduler_job.py:190} INFO - Processing /home/airflow/.local/lib/python3.6/site-packages/airflow/example_dags/example_task_group_decorator.py took 0.464 seconds
[2021-08-18 09:09:36,985] {scheduler_job.py:182} INFO - Started process (PID=1029) to work on /home/airflow/.local/lib/python3.6/site-packages/airflow/example_dags/example_task_group_decorator.py
[2021-08-18 09:09:36,988] {scheduler_job.py:633} INFO - Processing file /home/airflow/.local/lib/python3.6/site-packages/airflow/example_dags/example_task_group_decorator.py for tasks to queue
[2021-08-18 09:09:36,992] {logging_mixin.py:104} INFO - [2021-08-18 09:09:36,992] {dagbag.py:487} INFO - Filling up the DagBag from /home/airflow/.local/lib/python3.6/site-packages/airflow/example_dags/example_task_group_decorator.py
[2021-08-18 09:09:37,032] {scheduler_job.py:643} INFO - DAG(s) dict_keys(['example_task_group_decorator']) retrieved from /home/airflow/.local/lib/python3.6/site-packages/airflow/example_dags/example_task_group_decorator.py
[2021-08-18 09:09:37,406] {logging_mixin.py:104} INFO - [2021-08-18 09:09:37,406] {dag.py:1832} INFO - Sync 1 DAGs
[2021-08-18 09:09:37,423] {logging_mixin.py:104} INFO - [2021-08-18 09:09:37,423] {dag.py:2305} INFO - Setting next_dagrun for example_task_group_decorator to 2021-08-16 00:00:00+00:00
[2021-08-18 09:09:37,438] {scheduler_job.py:190} INFO - Processing /home/airflow/.local/lib/python3.6/site-packages/airflow/example_dags/example_task_group_decorator.py took 0.457 seconds
[2021-08-18 09:10:07,904] {scheduler_job.py:182} INFO - Started process (PID=1110) to work on /home/airflow/.local/lib/python3.6/site-packages/airflow/example_dags/example_task_group_decorator.py
[2021-08-18 09:10:07,906] {scheduler_job.py:633} INFO - Processing file /home/airflow/.local/lib/python3.6/site-packages/airflow/example_dags/example_task_group_decorator.py for tasks to queue
[2021-08-18 09:10:07,907] {logging_mixin.py:104} INFO - [2021-08-18 09:10:07,907] {dagbag.py:487} INFO - Filling up the DagBag from /home/airflow/.local/lib/python3.6/site-packages/airflow/example_dags/example_task_group_decorator.py
[2021-08-18 09:10:07,933] {scheduler_job.py:643} INFO - DAG(s) dict_keys(['example_task_group_decorator']) retrieved from /home/airflow/.local/lib/python3.6/site-packages/airflow/example_dags/example_task_group_decorator.py
[2021-08-18 09:10:08,227] {logging_mixin.py:104} INFO - [2021-08-18 09:10:08,227] {dag.py:1832} INFO - Sync 1 DAGs
[2021-08-18 09:10:08,240] {logging_mixin.py:104} INFO - [2021-08-18 09:10:08,240] {dag.py:2305} INFO - Setting next_dagrun for example_task_group_decorator to 2021-08-16 00:00:00+00:00
[2021-08-18 09:10:08,265] {scheduler_job.py:190} INFO - Processing /home/airflow/.local/lib/python3.6/site-packages/airflow/example_dags/example_task_group_decorator.py took 0.365 seconds
[2021-08-18 09:10:38,475] {scheduler_job.py:182} INFO - Started process (PID=1172) to work on /home/airflow/.local/lib/python3.6/site-packages/airflow/example_dags/example_task_group_decorator.py
[2021-08-18 09:10:38,477] {scheduler_job.py:633} INFO - Processing file /home/airflow/.local/lib/python3.6/site-packages/airflow/example_dags/example_task_group_decorator.py for tasks to queue
[2021-08-18 09:10:38,479] {logging_mixin.py:104} INFO - [2021-08-18 09:10:38,479] {dagbag.py:487} INFO - Filling up the DagBag from /home/airflow/.local/lib/python3.6/site-packages/airflow/example_dags/example_task_group_decorator.py
[2021-08-18 09:10:38,505] {scheduler_job.py:643} INFO - DAG(s) dict_keys(['example_task_group_decorator']) retrieved from /home/airflow/.local/lib/python3.6/site-packages/airflow/example_dags/example_task_group_decorator.py
[2021-08-18 09:10:38,811] {logging_mixin.py:104} INFO - [2021-08-18 09:10:38,811] {dag.py:1832} INFO - Sync 1 DAGs
[2021-08-18 09:10:38,826] {logging_mixin.py:104} INFO - [2021-08-18 09:10:38,826] {dag.py:2305} INFO - Setting next_dagrun for example_task_group_decorator to 2021-08-16 00:00:00+00:00
[2021-08-18 09:10:38,839] {scheduler_job.py:190} INFO - Processing /home/airflow/.local/lib/python3.6/site-packages/airflow/example_dags/example_task_group_decorator.py took 0.368 seconds
[2021-08-18 09:11:09,034] {scheduler_job.py:182} INFO - Started process (PID=1252) to work on /home/airflow/.local/lib/python3.6/site-packages/airflow/example_dags/example_task_group_decorator.py
[2021-08-18 09:11:09,048] {scheduler_job.py:633} INFO - Processing file /home/airflow/.local/lib/python3.6/site-packages/airflow/example_dags/example_task_group_decorator.py for tasks to queue
[2021-08-18 09:11:09,050] {logging_mixin.py:104} INFO - [2021-08-18 09:11:09,050] {dagbag.py:487} INFO - Filling up the DagBag from /home/airflow/.local/lib/python3.6/site-packages/airflow/example_dags/example_task_group_decorator.py
[2021-08-18 09:11:09,078] {scheduler_job.py:643} INFO - DAG(s) dict_keys(['example_task_group_decorator']) retrieved from /home/airflow/.local/lib/python3.6/site-packages/airflow/example_dags/example_task_group_decorator.py
[2021-08-18 09:11:09,405] {logging_mixin.py:104} INFO - [2021-08-18 09:11:09,405] {dag.py:1832} INFO - Sync 1 DAGs
[2021-08-18 09:11:09,418] {logging_mixin.py:104} INFO - [2021-08-18 09:11:09,418] {dag.py:2305} INFO - Setting next_dagrun for example_task_group_decorator to 2021-08-16 00:00:00+00:00
[2021-08-18 09:11:09,428] {scheduler_job.py:190} INFO - Processing /home/airflow/.local/lib/python3.6/site-packages/airflow/example_dags/example_task_group_decorator.py took 0.398 seconds
[2021-08-18 09:11:40,164] {scheduler_job.py:182} INFO - Started process (PID=1324) to work on /home/airflow/.local/lib/python3.6/site-packages/airflow/example_dags/example_task_group_decorator.py
[2021-08-18 09:11:40,166] {scheduler_job.py:633} INFO - Processing file /home/airflow/.local/lib/python3.6/site-packages/airflow/example_dags/example_task_group_decorator.py for tasks to queue
[2021-08-18 09:11:40,167] {logging_mixin.py:104} INFO - [2021-08-18 09:11:40,167] {dagbag.py:487} INFO - Filling up the DagBag from /home/airflow/.local/lib/python3.6/site-packages/airflow/example_dags/example_task_group_decorator.py
[2021-08-18 09:11:40,195] {scheduler_job.py:643} INFO - DAG(s) dict_keys(['example_task_group_decorator']) retrieved from /home/airflow/.local/lib/python3.6/site-packages/airflow/example_dags/example_task_group_decorator.py
[2021-08-18 09:11:40,521] {logging_mixin.py:104} INFO - [2021-08-18 09:11:40,521] {dag.py:1832} INFO - Sync 1 DAGs
[2021-08-18 09:11:40,540] {logging_mixin.py:104} INFO - [2021-08-18 09:11:40,540] {dag.py:2305} INFO - Setting next_dagrun for example_task_group_decorator to 2021-08-16 00:00:00+00:00
[2021-08-18 09:11:40,557] {scheduler_job.py:190} INFO - Processing /home/airflow/.local/lib/python3.6/site-packages/airflow/example_dags/example_task_group_decorator.py took 0.398 seconds
[2021-08-18 09:12:10,857] {scheduler_job.py:182} INFO - Started process (PID=1386) to work on /home/airflow/.local/lib/python3.6/site-packages/airflow/example_dags/example_task_group_decorator.py
[2021-08-18 09:12:10,858] {scheduler_job.py:633} INFO - Processing file /home/airflow/.local/lib/python3.6/site-packages/airflow/example_dags/example_task_group_decorator.py for tasks to queue
[2021-08-18 09:12:10,860] {logging_mixin.py:104} INFO - [2021-08-18 09:12:10,860] {dagbag.py:487} INFO - Filling up the DagBag from /home/airflow/.local/lib/python3.6/site-packages/airflow/example_dags/example_task_group_decorator.py
[2021-08-18 09:12:10,893] {scheduler_job.py:643} INFO - DAG(s) dict_keys(['example_task_group_decorator']) retrieved from /home/airflow/.local/lib/python3.6/site-packages/airflow/example_dags/example_task_group_decorator.py
[2021-08-18 09:12:11,213] {logging_mixin.py:104} INFO - [2021-08-18 09:12:11,213] {dag.py:1832} INFO - Sync 1 DAGs
[2021-08-18 09:12:11,229] {logging_mixin.py:104} INFO - [2021-08-18 09:12:11,229] {dag.py:2305} INFO - Setting next_dagrun for example_task_group_decorator to 2021-08-16 00:00:00+00:00
[2021-08-18 09:12:11,242] {scheduler_job.py:190} INFO - Processing /home/airflow/.local/lib/python3.6/site-packages/airflow/example_dags/example_task_group_decorator.py took 0.389 seconds
[2021-08-18 09:12:41,542] {scheduler_job.py:182} INFO - Started process (PID=1463) to work on /home/airflow/.local/lib/python3.6/site-packages/airflow/example_dags/example_task_group_decorator.py
[2021-08-18 09:12:41,544] {scheduler_job.py:633} INFO - Processing file /home/airflow/.local/lib/python3.6/site-packages/airflow/example_dags/example_task_group_decorator.py for tasks to queue
[2021-08-18 09:12:41,545] {logging_mixin.py:104} INFO - [2021-08-18 09:12:41,545] {dagbag.py:487} INFO - Filling up the DagBag from /home/airflow/.local/lib/python3.6/site-packages/airflow/example_dags/example_task_group_decorator.py
[2021-08-18 09:12:41,574] {scheduler_job.py:643} INFO - DAG(s) dict_keys(['example_task_group_decorator']) retrieved from /home/airflow/.local/lib/python3.6/site-packages/airflow/example_dags/example_task_group_decorator.py
[2021-08-18 09:12:41,871] {logging_mixin.py:104} INFO - [2021-08-18 09:12:41,871] {dag.py:1832} INFO - Sync 1 DAGs
[2021-08-18 09:12:41,887] {logging_mixin.py:104} INFO - [2021-08-18 09:12:41,887] {dag.py:2305} INFO - Setting next_dagrun for example_task_group_decorator to 2021-08-16 00:00:00+00:00
[2021-08-18 09:12:41,923] {scheduler_job.py:190} INFO - Processing /home/airflow/.local/lib/python3.6/site-packages/airflow/example_dags/example_task_group_decorator.py took 0.385 seconds
[2021-08-18 09:13:12,217] {scheduler_job.py:182} INFO - Started process (PID=1542) to work on /home/airflow/.local/lib/python3.6/site-packages/airflow/example_dags/example_task_group_decorator.py
[2021-08-18 09:13:12,219] {scheduler_job.py:633} INFO - Processing file /home/airflow/.local/lib/python3.6/site-packages/airflow/example_dags/example_task_group_decorator.py for tasks to queue
[2021-08-18 09:13:12,221] {logging_mixin.py:104} INFO - [2021-08-18 09:13:12,220] {dagbag.py:487} INFO - Filling up the DagBag from /home/airflow/.local/lib/python3.6/site-packages/airflow/example_dags/example_task_group_decorator.py
[2021-08-18 09:13:12,250] {scheduler_job.py:643} INFO - DAG(s) dict_keys(['example_task_group_decorator']) retrieved from /home/airflow/.local/lib/python3.6/site-packages/airflow/example_dags/example_task_group_decorator.py
[2021-08-18 09:13:12,509] {logging_mixin.py:104} INFO - [2021-08-18 09:13:12,509] {dag.py:1832} INFO - Sync 1 DAGs
[2021-08-18 09:13:12,520] {logging_mixin.py:104} INFO - [2021-08-18 09:13:12,520] {dag.py:2305} INFO - Setting next_dagrun for example_task_group_decorator to 2021-08-16 00:00:00+00:00
[2021-08-18 09:13:12,530] {scheduler_job.py:190} INFO - Processing /home/airflow/.local/lib/python3.6/site-packages/airflow/example_dags/example_task_group_decorator.py took 0.318 seconds
[2021-08-18 09:13:47,677] {scheduler_job.py:182} INFO - Started process (PID=1603) to work on /home/airflow/.local/lib/python3.6/site-packages/airflow/example_dags/example_task_group_decorator.py
[2021-08-18 09:13:47,680] {scheduler_job.py:633} INFO - Processing file /home/airflow/.local/lib/python3.6/site-packages/airflow/example_dags/example_task_group_decorator.py for tasks to queue
[2021-08-18 09:13:47,681] {logging_mixin.py:104} INFO - [2021-08-18 09:13:47,681] {dagbag.py:487} INFO - Filling up the DagBag from /home/airflow/.local/lib/python3.6/site-packages/airflow/example_dags/example_task_group_decorator.py
[2021-08-18 09:13:47,712] {scheduler_job.py:643} INFO - DAG(s) dict_keys(['example_task_group_decorator']) retrieved from /home/airflow/.local/lib/python3.6/site-packages/airflow/example_dags/example_task_group_decorator.py
[2021-08-18 09:13:48,089] {logging_mixin.py:104} INFO - [2021-08-18 09:13:48,088] {dag.py:1832} INFO - Sync 1 DAGs
[2021-08-18 09:13:48,118] {logging_mixin.py:104} INFO - [2021-08-18 09:13:48,118] {dag.py:2305} INFO - Setting next_dagrun for example_task_group_decorator to 2021-08-16 00:00:00+00:00
[2021-08-18 09:13:48,134] {scheduler_job.py:190} INFO - Processing /home/airflow/.local/lib/python3.6/site-packages/airflow/example_dags/example_task_group_decorator.py took 0.465 seconds
[2021-08-18 09:14:18,692] {scheduler_job.py:182} INFO - Started process (PID=1667) to work on /home/airflow/.local/lib/python3.6/site-packages/airflow/example_dags/example_task_group_decorator.py
[2021-08-18 09:14:18,694] {scheduler_job.py:633} INFO - Processing file /home/airflow/.local/lib/python3.6/site-packages/airflow/example_dags/example_task_group_decorator.py for tasks to queue
[2021-08-18 09:14:18,695] {logging_mixin.py:104} INFO - [2021-08-18 09:14:18,695] {dagbag.py:487} INFO - Filling up the DagBag from /home/airflow/.local/lib/python3.6/site-packages/airflow/example_dags/example_task_group_decorator.py
[2021-08-18 09:14:18,725] {scheduler_job.py:643} INFO - DAG(s) dict_keys(['example_task_group_decorator']) retrieved from /home/airflow/.local/lib/python3.6/site-packages/airflow/example_dags/example_task_group_decorator.py
[2021-08-18 09:14:19,122] {logging_mixin.py:104} INFO - [2021-08-18 09:14:19,122] {dag.py:1832} INFO - Sync 1 DAGs
[2021-08-18 09:14:19,137] {logging_mixin.py:104} INFO - [2021-08-18 09:14:19,137] {dag.py:2305} INFO - Setting next_dagrun for example_task_group_decorator to 2021-08-16 00:00:00+00:00
[2021-08-18 09:14:19,150] {scheduler_job.py:190} INFO - Processing /home/airflow/.local/lib/python3.6/site-packages/airflow/example_dags/example_task_group_decorator.py took 0.462 seconds
[2021-08-18 09:14:49,891] {scheduler_job.py:182} INFO - Started process (PID=1748) to work on /home/airflow/.local/lib/python3.6/site-packages/airflow/example_dags/example_task_group_decorator.py
[2021-08-18 09:14:49,893] {scheduler_job.py:633} INFO - Processing file /home/airflow/.local/lib/python3.6/site-packages/airflow/example_dags/example_task_group_decorator.py for tasks to queue
[2021-08-18 09:14:49,897] {logging_mixin.py:104} INFO - [2021-08-18 09:14:49,896] {dagbag.py:487} INFO - Filling up the DagBag from /home/airflow/.local/lib/python3.6/site-packages/airflow/example_dags/example_task_group_decorator.py
[2021-08-18 09:14:49,938] {scheduler_job.py:643} INFO - DAG(s) dict_keys(['example_task_group_decorator']) retrieved from /home/airflow/.local/lib/python3.6/site-packages/airflow/example_dags/example_task_group_decorator.py
[2021-08-18 09:14:50,246] {logging_mixin.py:104} INFO - [2021-08-18 09:14:50,246] {dag.py:1832} INFO - Sync 1 DAGs
[2021-08-18 09:14:50,261] {logging_mixin.py:104} INFO - [2021-08-18 09:14:50,261] {dag.py:2305} INFO - Setting next_dagrun for example_task_group_decorator to 2021-08-16 00:00:00+00:00
[2021-08-18 09:14:50,274] {scheduler_job.py:190} INFO - Processing /home/airflow/.local/lib/python3.6/site-packages/airflow/example_dags/example_task_group_decorator.py took 0.388 seconds
[2021-08-18 09:15:20,740] {scheduler_job.py:182} INFO - Started process (PID=1826) to work on /home/airflow/.local/lib/python3.6/site-packages/airflow/example_dags/example_task_group_decorator.py
[2021-08-18 09:15:20,742] {scheduler_job.py:633} INFO - Processing file /home/airflow/.local/lib/python3.6/site-packages/airflow/example_dags/example_task_group_decorator.py for tasks to queue
[2021-08-18 09:15:20,743] {logging_mixin.py:104} INFO - [2021-08-18 09:15:20,743] {dagbag.py:487} INFO - Filling up the DagBag from /home/airflow/.local/lib/python3.6/site-packages/airflow/example_dags/example_task_group_decorator.py
[2021-08-18 09:15:20,771] {scheduler_job.py:643} INFO - DAG(s) dict_keys(['example_task_group_decorator']) retrieved from /home/airflow/.local/lib/python3.6/site-packages/airflow/example_dags/example_task_group_decorator.py
[2021-08-18 09:15:21,037] {logging_mixin.py:104} INFO - [2021-08-18 09:15:21,037] {dag.py:1832} INFO - Sync 1 DAGs
[2021-08-18 09:15:21,050] {logging_mixin.py:104} INFO - [2021-08-18 09:15:21,050] {dag.py:2305} INFO - Setting next_dagrun for example_task_group_decorator to 2021-08-16 00:00:00+00:00
[2021-08-18 09:15:21,061] {scheduler_job.py:190} INFO - Processing /home/airflow/.local/lib/python3.6/site-packages/airflow/example_dags/example_task_group_decorator.py took 0.325 seconds
[2021-08-18 09:15:51,244] {scheduler_job.py:182} INFO - Started process (PID=1887) to work on /home/airflow/.local/lib/python3.6/site-packages/airflow/example_dags/example_task_group_decorator.py
[2021-08-18 09:15:51,246] {scheduler_job.py:633} INFO - Processing file /home/airflow/.local/lib/python3.6/site-packages/airflow/example_dags/example_task_group_decorator.py for tasks to queue
[2021-08-18 09:15:51,247] {logging_mixin.py:104} INFO - [2021-08-18 09:15:51,247] {dagbag.py:487} INFO - Filling up the DagBag from /home/airflow/.local/lib/python3.6/site-packages/airflow/example_dags/example_task_group_decorator.py
[2021-08-18 09:15:51,273] {scheduler_job.py:643} INFO - DAG(s) dict_keys(['example_task_group_decorator']) retrieved from /home/airflow/.local/lib/python3.6/site-packages/airflow/example_dags/example_task_group_decorator.py
[2021-08-18 09:15:51,550] {logging_mixin.py:104} INFO - [2021-08-18 09:15:51,549] {dag.py:1832} INFO - Sync 1 DAGs
[2021-08-18 09:15:51,562] {logging_mixin.py:104} INFO - [2021-08-18 09:15:51,562] {dag.py:2305} INFO - Setting next_dagrun for example_task_group_decorator to 2021-08-16 00:00:00+00:00
[2021-08-18 09:15:51,573] {scheduler_job.py:190} INFO - Processing /home/airflow/.local/lib/python3.6/site-packages/airflow/example_dags/example_task_group_decorator.py took 0.333 seconds
[2021-08-18 09:16:21,843] {scheduler_job.py:182} INFO - Started process (PID=1963) to work on /home/airflow/.local/lib/python3.6/site-packages/airflow/example_dags/example_task_group_decorator.py
[2021-08-18 09:16:21,846] {scheduler_job.py:633} INFO - Processing file /home/airflow/.local/lib/python3.6/site-packages/airflow/example_dags/example_task_group_decorator.py for tasks to queue
[2021-08-18 09:16:21,847] {logging_mixin.py:104} INFO - [2021-08-18 09:16:21,847] {dagbag.py:487} INFO - Filling up the DagBag from /home/airflow/.local/lib/python3.6/site-packages/airflow/example_dags/example_task_group_decorator.py
[2021-08-18 09:16:21,880] {scheduler_job.py:643} INFO - DAG(s) dict_keys(['example_task_group_decorator']) retrieved from /home/airflow/.local/lib/python3.6/site-packages/airflow/example_dags/example_task_group_decorator.py
[2021-08-18 09:16:22,244] {logging_mixin.py:104} INFO - [2021-08-18 09:16:22,244] {dag.py:1832} INFO - Sync 1 DAGs
[2021-08-18 09:16:22,258] {logging_mixin.py:104} INFO - [2021-08-18 09:16:22,258] {dag.py:2305} INFO - Setting next_dagrun for example_task_group_decorator to 2021-08-16 00:00:00+00:00
[2021-08-18 09:16:22,301] {scheduler_job.py:190} INFO - Processing /home/airflow/.local/lib/python3.6/site-packages/airflow/example_dags/example_task_group_decorator.py took 0.462 seconds
[2021-08-18 09:16:52,684] {scheduler_job.py:182} INFO - Started process (PID=2036) to work on /home/airflow/.local/lib/python3.6/site-packages/airflow/example_dags/example_task_group_decorator.py
[2021-08-18 09:16:52,686] {scheduler_job.py:633} INFO - Processing file /home/airflow/.local/lib/python3.6/site-packages/airflow/example_dags/example_task_group_decorator.py for tasks to queue
[2021-08-18 09:16:52,688] {logging_mixin.py:104} INFO - [2021-08-18 09:16:52,688] {dagbag.py:487} INFO - Filling up the DagBag from /home/airflow/.local/lib/python3.6/site-packages/airflow/example_dags/example_task_group_decorator.py
[2021-08-18 09:16:52,721] {scheduler_job.py:643} INFO - DAG(s) dict_keys(['example_task_group_decorator']) retrieved from /home/airflow/.local/lib/python3.6/site-packages/airflow/example_dags/example_task_group_decorator.py
[2021-08-18 09:16:53,050] {logging_mixin.py:104} INFO - [2021-08-18 09:16:53,050] {dag.py:1832} INFO - Sync 1 DAGs
[2021-08-18 09:16:53,063] {logging_mixin.py:104} INFO - [2021-08-18 09:16:53,063] {dag.py:2305} INFO - Setting next_dagrun for example_task_group_decorator to 2021-08-16 00:00:00+00:00
[2021-08-18 09:16:53,075] {scheduler_job.py:190} INFO - Processing /home/airflow/.local/lib/python3.6/site-packages/airflow/example_dags/example_task_group_decorator.py took 0.396 seconds
[2021-08-18 09:17:35,857] {scheduler_job.py:182} INFO - Started process (PID=52) to work on /home/airflow/.local/lib/python3.6/site-packages/airflow/example_dags/example_task_group_decorator.py
[2021-08-18 09:17:35,859] {scheduler_job.py:633} INFO - Processing file /home/airflow/.local/lib/python3.6/site-packages/airflow/example_dags/example_task_group_decorator.py for tasks to queue
[2021-08-18 09:17:35,860] {logging_mixin.py:104} INFO - [2021-08-18 09:17:35,860] {dagbag.py:487} INFO - Filling up the DagBag from /home/airflow/.local/lib/python3.6/site-packages/airflow/example_dags/example_task_group_decorator.py
[2021-08-18 09:17:35,880] {scheduler_job.py:643} INFO - DAG(s) dict_keys(['example_task_group_decorator']) retrieved from /home/airflow/.local/lib/python3.6/site-packages/airflow/example_dags/example_task_group_decorator.py
[2021-08-18 09:17:36,056] {logging_mixin.py:104} INFO - [2021-08-18 09:17:36,056] {dag.py:1832} INFO - Sync 1 DAGs
[2021-08-18 09:17:36,071] {logging_mixin.py:104} INFO - [2021-08-18 09:17:36,071] {dag.py:2305} INFO - Setting next_dagrun for example_task_group_decorator to 2021-08-16 00:00:00+00:00
[2021-08-18 09:17:36,081] {scheduler_job.py:190} INFO - Processing /home/airflow/.local/lib/python3.6/site-packages/airflow/example_dags/example_task_group_decorator.py took 0.227 seconds
[2021-08-18 09:18:06,793] {scheduler_job.py:182} INFO - Started process (PID=129) to work on /home/airflow/.local/lib/python3.6/site-packages/airflow/example_dags/example_task_group_decorator.py
[2021-08-18 09:18:06,795] {scheduler_job.py:633} INFO - Processing file /home/airflow/.local/lib/python3.6/site-packages/airflow/example_dags/example_task_group_decorator.py for tasks to queue
[2021-08-18 09:18:06,798] {logging_mixin.py:104} INFO - [2021-08-18 09:18:06,798] {dagbag.py:487} INFO - Filling up the DagBag from /home/airflow/.local/lib/python3.6/site-packages/airflow/example_dags/example_task_group_decorator.py
[2021-08-18 09:18:06,824] {scheduler_job.py:643} INFO - DAG(s) dict_keys(['example_task_group_decorator']) retrieved from /home/airflow/.local/lib/python3.6/site-packages/airflow/example_dags/example_task_group_decorator.py
[2021-08-18 09:18:07,032] {logging_mixin.py:104} INFO - [2021-08-18 09:18:07,032] {dag.py:1832} INFO - Sync 1 DAGs
[2021-08-18 09:18:07,053] {logging_mixin.py:104} INFO - [2021-08-18 09:18:07,053] {dag.py:2305} INFO - Setting next_dagrun for example_task_group_decorator to 2021-08-16 00:00:00+00:00
[2021-08-18 09:18:07,068] {scheduler_job.py:190} INFO - Processing /home/airflow/.local/lib/python3.6/site-packages/airflow/example_dags/example_task_group_decorator.py took 0.279 seconds
[2021-08-18 09:18:38,154] {scheduler_job.py:182} INFO - Started process (PID=192) to work on /home/airflow/.local/lib/python3.6/site-packages/airflow/example_dags/example_task_group_decorator.py
[2021-08-18 09:18:38,156] {scheduler_job.py:633} INFO - Processing file /home/airflow/.local/lib/python3.6/site-packages/airflow/example_dags/example_task_group_decorator.py for tasks to queue
[2021-08-18 09:18:38,158] {logging_mixin.py:104} INFO - [2021-08-18 09:18:38,158] {dagbag.py:487} INFO - Filling up the DagBag from /home/airflow/.local/lib/python3.6/site-packages/airflow/example_dags/example_task_group_decorator.py
[2021-08-18 09:18:38,187] {scheduler_job.py:643} INFO - DAG(s) dict_keys(['example_task_group_decorator']) retrieved from /home/airflow/.local/lib/python3.6/site-packages/airflow/example_dags/example_task_group_decorator.py
[2021-08-18 09:18:38,410] {logging_mixin.py:104} INFO - [2021-08-18 09:18:38,410] {dag.py:1832} INFO - Sync 1 DAGs
[2021-08-18 09:18:38,424] {logging_mixin.py:104} INFO - [2021-08-18 09:18:38,423] {dag.py:2305} INFO - Setting next_dagrun for example_task_group_decorator to 2021-08-16 00:00:00+00:00
[2021-08-18 09:18:38,436] {scheduler_job.py:190} INFO - Processing /home/airflow/.local/lib/python3.6/site-packages/airflow/example_dags/example_task_group_decorator.py took 0.285 seconds
[2021-08-18 09:19:08,490] {scheduler_job.py:182} INFO - Started process (PID=270) to work on /home/airflow/.local/lib/python3.6/site-packages/airflow/example_dags/example_task_group_decorator.py
[2021-08-18 09:19:08,492] {scheduler_job.py:633} INFO - Processing file /home/airflow/.local/lib/python3.6/site-packages/airflow/example_dags/example_task_group_decorator.py for tasks to queue
[2021-08-18 09:19:08,494] {logging_mixin.py:104} INFO - [2021-08-18 09:19:08,494] {dagbag.py:487} INFO - Filling up the DagBag from /home/airflow/.local/lib/python3.6/site-packages/airflow/example_dags/example_task_group_decorator.py
[2021-08-18 09:19:08,527] {scheduler_job.py:643} INFO - DAG(s) dict_keys(['example_task_group_decorator']) retrieved from /home/airflow/.local/lib/python3.6/site-packages/airflow/example_dags/example_task_group_decorator.py
[2021-08-18 09:19:08,770] {logging_mixin.py:104} INFO - [2021-08-18 09:19:08,770] {dag.py:1832} INFO - Sync 1 DAGs
[2021-08-18 09:19:08,785] {logging_mixin.py:104} INFO - [2021-08-18 09:19:08,785] {dag.py:2305} INFO - Setting next_dagrun for example_task_group_decorator to 2021-08-16 00:00:00+00:00
[2021-08-18 09:19:08,798] {scheduler_job.py:190} INFO - Processing /home/airflow/.local/lib/python3.6/site-packages/airflow/example_dags/example_task_group_decorator.py took 0.312 seconds
[2021-08-18 09:19:38,886] {scheduler_job.py:182} INFO - Started process (PID=343) to work on /home/airflow/.local/lib/python3.6/site-packages/airflow/example_dags/example_task_group_decorator.py
[2021-08-18 09:19:38,888] {scheduler_job.py:633} INFO - Processing file /home/airflow/.local/lib/python3.6/site-packages/airflow/example_dags/example_task_group_decorator.py for tasks to queue
[2021-08-18 09:19:38,889] {logging_mixin.py:104} INFO - [2021-08-18 09:19:38,889] {dagbag.py:487} INFO - Filling up the DagBag from /home/airflow/.local/lib/python3.6/site-packages/airflow/example_dags/example_task_group_decorator.py
[2021-08-18 09:19:38,920] {scheduler_job.py:643} INFO - DAG(s) dict_keys(['example_task_group_decorator']) retrieved from /home/airflow/.local/lib/python3.6/site-packages/airflow/example_dags/example_task_group_decorator.py
[2021-08-18 09:19:39,137] {logging_mixin.py:104} INFO - [2021-08-18 09:19:39,136] {dag.py:1832} INFO - Sync 1 DAGs
[2021-08-18 09:19:39,151] {logging_mixin.py:104} INFO - [2021-08-18 09:19:39,151] {dag.py:2305} INFO - Setting next_dagrun for example_task_group_decorator to 2021-08-16 00:00:00+00:00
[2021-08-18 09:19:39,170] {scheduler_job.py:190} INFO - Processing /home/airflow/.local/lib/python3.6/site-packages/airflow/example_dags/example_task_group_decorator.py took 0.290 seconds
[2021-08-18 09:20:09,533] {scheduler_job.py:182} INFO - Started process (PID=410) to work on /home/airflow/.local/lib/python3.6/site-packages/airflow/example_dags/example_task_group_decorator.py
[2021-08-18 09:20:09,537] {scheduler_job.py:633} INFO - Processing file /home/airflow/.local/lib/python3.6/site-packages/airflow/example_dags/example_task_group_decorator.py for tasks to queue
[2021-08-18 09:20:09,538] {logging_mixin.py:104} INFO - [2021-08-18 09:20:09,538] {dagbag.py:487} INFO - Filling up the DagBag from /home/airflow/.local/lib/python3.6/site-packages/airflow/example_dags/example_task_group_decorator.py
[2021-08-18 09:20:09,571] {scheduler_job.py:643} INFO - DAG(s) dict_keys(['example_task_group_decorator']) retrieved from /home/airflow/.local/lib/python3.6/site-packages/airflow/example_dags/example_task_group_decorator.py
[2021-08-18 09:20:09,835] {logging_mixin.py:104} INFO - [2021-08-18 09:20:09,835] {dag.py:1832} INFO - Sync 1 DAGs
[2021-08-18 09:20:09,857] {logging_mixin.py:104} INFO - [2021-08-18 09:20:09,857] {dag.py:2305} INFO - Setting next_dagrun for example_task_group_decorator to 2021-08-16 00:00:00+00:00
[2021-08-18 09:20:09,871] {scheduler_job.py:190} INFO - Processing /home/airflow/.local/lib/python3.6/site-packages/airflow/example_dags/example_task_group_decorator.py took 0.345 seconds
[2021-08-18 09:20:39,929] {scheduler_job.py:182} INFO - Started process (PID=489) to work on /home/airflow/.local/lib/python3.6/site-packages/airflow/example_dags/example_task_group_decorator.py
[2021-08-18 09:20:39,932] {scheduler_job.py:633} INFO - Processing file /home/airflow/.local/lib/python3.6/site-packages/airflow/example_dags/example_task_group_decorator.py for tasks to queue
[2021-08-18 09:20:39,933] {logging_mixin.py:104} INFO - [2021-08-18 09:20:39,933] {dagbag.py:487} INFO - Filling up the DagBag from /home/airflow/.local/lib/python3.6/site-packages/airflow/example_dags/example_task_group_decorator.py
[2021-08-18 09:20:39,965] {scheduler_job.py:643} INFO - DAG(s) dict_keys(['example_task_group_decorator']) retrieved from /home/airflow/.local/lib/python3.6/site-packages/airflow/example_dags/example_task_group_decorator.py
[2021-08-18 09:20:40,203] {logging_mixin.py:104} INFO - [2021-08-18 09:20:40,203] {dag.py:1832} INFO - Sync 1 DAGs
[2021-08-18 09:20:40,219] {logging_mixin.py:104} INFO - [2021-08-18 09:20:40,219] {dag.py:2305} INFO - Setting next_dagrun for example_task_group_decorator to 2021-08-16 00:00:00+00:00
[2021-08-18 09:20:40,230] {scheduler_job.py:190} INFO - Processing /home/airflow/.local/lib/python3.6/site-packages/airflow/example_dags/example_task_group_decorator.py took 0.305 seconds
[2021-08-18 09:21:10,269] {scheduler_job.py:182} INFO - Started process (PID=550) to work on /home/airflow/.local/lib/python3.6/site-packages/airflow/example_dags/example_task_group_decorator.py
[2021-08-18 09:21:10,271] {scheduler_job.py:633} INFO - Processing file /home/airflow/.local/lib/python3.6/site-packages/airflow/example_dags/example_task_group_decorator.py for tasks to queue
[2021-08-18 09:21:10,272] {logging_mixin.py:104} INFO - [2021-08-18 09:21:10,272] {dagbag.py:487} INFO - Filling up the DagBag from /home/airflow/.local/lib/python3.6/site-packages/airflow/example_dags/example_task_group_decorator.py
[2021-08-18 09:21:10,296] {scheduler_job.py:643} INFO - DAG(s) dict_keys(['example_task_group_decorator']) retrieved from /home/airflow/.local/lib/python3.6/site-packages/airflow/example_dags/example_task_group_decorator.py
[2021-08-18 09:21:10,516] {logging_mixin.py:104} INFO - [2021-08-18 09:21:10,515] {dag.py:1832} INFO - Sync 1 DAGs
[2021-08-18 09:21:10,534] {logging_mixin.py:104} INFO - [2021-08-18 09:21:10,534] {dag.py:2305} INFO - Setting next_dagrun for example_task_group_decorator to 2021-08-16 00:00:00+00:00
[2021-08-18 09:21:10,549] {scheduler_job.py:190} INFO - Processing /home/airflow/.local/lib/python3.6/site-packages/airflow/example_dags/example_task_group_decorator.py took 0.284 seconds
[2021-08-18 09:21:40,762] {scheduler_job.py:182} INFO - Started process (PID=631) to work on /home/airflow/.local/lib/python3.6/site-packages/airflow/example_dags/example_task_group_decorator.py
[2021-08-18 09:21:40,764] {scheduler_job.py:633} INFO - Processing file /home/airflow/.local/lib/python3.6/site-packages/airflow/example_dags/example_task_group_decorator.py for tasks to queue
[2021-08-18 09:21:40,766] {logging_mixin.py:104} INFO - [2021-08-18 09:21:40,766] {dagbag.py:487} INFO - Filling up the DagBag from /home/airflow/.local/lib/python3.6/site-packages/airflow/example_dags/example_task_group_decorator.py
[2021-08-18 09:21:40,794] {scheduler_job.py:643} INFO - DAG(s) dict_keys(['example_task_group_decorator']) retrieved from /home/airflow/.local/lib/python3.6/site-packages/airflow/example_dags/example_task_group_decorator.py
[2021-08-18 09:21:41,029] {logging_mixin.py:104} INFO - [2021-08-18 09:21:41,028] {dag.py:1832} INFO - Sync 1 DAGs
[2021-08-18 09:21:41,044] {logging_mixin.py:104} INFO - [2021-08-18 09:21:41,044] {dag.py:2305} INFO - Setting next_dagrun for example_task_group_decorator to 2021-08-16 00:00:00+00:00
[2021-08-18 09:21:41,056] {scheduler_job.py:190} INFO - Processing /home/airflow/.local/lib/python3.6/site-packages/airflow/example_dags/example_task_group_decorator.py took 0.298 seconds
[2021-08-18 09:22:11,649] {scheduler_job.py:182} INFO - Started process (PID=701) to work on /home/airflow/.local/lib/python3.6/site-packages/airflow/example_dags/example_task_group_decorator.py
[2021-08-18 09:22:11,651] {scheduler_job.py:633} INFO - Processing file /home/airflow/.local/lib/python3.6/site-packages/airflow/example_dags/example_task_group_decorator.py for tasks to queue
[2021-08-18 09:22:11,653] {logging_mixin.py:104} INFO - [2021-08-18 09:22:11,652] {dagbag.py:487} INFO - Filling up the DagBag from /home/airflow/.local/lib/python3.6/site-packages/airflow/example_dags/example_task_group_decorator.py
[2021-08-18 09:22:11,682] {scheduler_job.py:643} INFO - DAG(s) dict_keys(['example_task_group_decorator']) retrieved from /home/airflow/.local/lib/python3.6/site-packages/airflow/example_dags/example_task_group_decorator.py
[2021-08-18 09:22:11,946] {logging_mixin.py:104} INFO - [2021-08-18 09:22:11,946] {dag.py:1832} INFO - Sync 1 DAGs
[2021-08-18 09:22:11,962] {logging_mixin.py:104} INFO - [2021-08-18 09:22:11,962] {dag.py:2305} INFO - Setting next_dagrun for example_task_group_decorator to 2021-08-16 00:00:00+00:00
[2021-08-18 09:22:11,974] {scheduler_job.py:190} INFO - Processing /home/airflow/.local/lib/python3.6/site-packages/airflow/example_dags/example_task_group_decorator.py took 0.329 seconds
[2021-08-18 09:22:42,151] {scheduler_job.py:182} INFO - Started process (PID=769) to work on /home/airflow/.local/lib/python3.6/site-packages/airflow/example_dags/example_task_group_decorator.py
[2021-08-18 09:22:42,153] {scheduler_job.py:633} INFO - Processing file /home/airflow/.local/lib/python3.6/site-packages/airflow/example_dags/example_task_group_decorator.py for tasks to queue
[2021-08-18 09:22:42,154] {logging_mixin.py:104} INFO - [2021-08-18 09:22:42,154] {dagbag.py:487} INFO - Filling up the DagBag from /home/airflow/.local/lib/python3.6/site-packages/airflow/example_dags/example_task_group_decorator.py
[2021-08-18 09:22:42,180] {scheduler_job.py:643} INFO - DAG(s) dict_keys(['example_task_group_decorator']) retrieved from /home/airflow/.local/lib/python3.6/site-packages/airflow/example_dags/example_task_group_decorator.py
[2021-08-18 09:22:42,398] {logging_mixin.py:104} INFO - [2021-08-18 09:22:42,398] {dag.py:1832} INFO - Sync 1 DAGs
[2021-08-18 09:22:42,410] {logging_mixin.py:104} INFO - [2021-08-18 09:22:42,410] {dag.py:2305} INFO - Setting next_dagrun for example_task_group_decorator to 2021-08-16 00:00:00+00:00
[2021-08-18 09:22:42,420] {scheduler_job.py:190} INFO - Processing /home/airflow/.local/lib/python3.6/site-packages/airflow/example_dags/example_task_group_decorator.py took 0.273 seconds
[2021-08-18 09:23:12,967] {scheduler_job.py:182} INFO - Started process (PID=844) to work on /home/airflow/.local/lib/python3.6/site-packages/airflow/example_dags/example_task_group_decorator.py
[2021-08-18 09:23:12,969] {scheduler_job.py:633} INFO - Processing file /home/airflow/.local/lib/python3.6/site-packages/airflow/example_dags/example_task_group_decorator.py for tasks to queue
[2021-08-18 09:23:12,971] {logging_mixin.py:104} INFO - [2021-08-18 09:23:12,971] {dagbag.py:487} INFO - Filling up the DagBag from /home/airflow/.local/lib/python3.6/site-packages/airflow/example_dags/example_task_group_decorator.py
[2021-08-18 09:23:13,000] {scheduler_job.py:643} INFO - DAG(s) dict_keys(['example_task_group_decorator']) retrieved from /home/airflow/.local/lib/python3.6/site-packages/airflow/example_dags/example_task_group_decorator.py
[2021-08-18 09:23:13,238] {logging_mixin.py:104} INFO - [2021-08-18 09:23:13,238] {dag.py:1832} INFO - Sync 1 DAGs
[2021-08-18 09:23:13,254] {logging_mixin.py:104} INFO - [2021-08-18 09:23:13,254] {dag.py:2305} INFO - Setting next_dagrun for example_task_group_decorator to 2021-08-16 00:00:00+00:00
[2021-08-18 09:23:13,268] {scheduler_job.py:190} INFO - Processing /home/airflow/.local/lib/python3.6/site-packages/airflow/example_dags/example_task_group_decorator.py took 0.306 seconds
[2021-08-18 09:23:43,795] {scheduler_job.py:182} INFO - Started process (PID=927) to work on /home/airflow/.local/lib/python3.6/site-packages/airflow/example_dags/example_task_group_decorator.py
[2021-08-18 09:23:43,797] {scheduler_job.py:633} INFO - Processing file /home/airflow/.local/lib/python3.6/site-packages/airflow/example_dags/example_task_group_decorator.py for tasks to queue
[2021-08-18 09:23:43,799] {logging_mixin.py:104} INFO - [2021-08-18 09:23:43,799] {dagbag.py:487} INFO - Filling up the DagBag from /home/airflow/.local/lib/python3.6/site-packages/airflow/example_dags/example_task_group_decorator.py
[2021-08-18 09:23:43,826] {scheduler_job.py:643} INFO - DAG(s) dict_keys(['example_task_group_decorator']) retrieved from /home/airflow/.local/lib/python3.6/site-packages/airflow/example_dags/example_task_group_decorator.py
[2021-08-18 09:23:44,046] {logging_mixin.py:104} INFO - [2021-08-18 09:23:44,046] {dag.py:1832} INFO - Sync 1 DAGs
[2021-08-18 09:23:44,067] {logging_mixin.py:104} INFO - [2021-08-18 09:23:44,067] {dag.py:2305} INFO - Setting next_dagrun for example_task_group_decorator to 2021-08-16 00:00:00+00:00
[2021-08-18 09:23:44,091] {scheduler_job.py:190} INFO - Processing /home/airflow/.local/lib/python3.6/site-packages/airflow/example_dags/example_task_group_decorator.py took 0.300 seconds
[2021-08-18 09:24:14,920] {scheduler_job.py:182} INFO - Started process (PID=996) to work on /home/airflow/.local/lib/python3.6/site-packages/airflow/example_dags/example_task_group_decorator.py
[2021-08-18 09:24:14,921] {scheduler_job.py:633} INFO - Processing file /home/airflow/.local/lib/python3.6/site-packages/airflow/example_dags/example_task_group_decorator.py for tasks to queue
[2021-08-18 09:24:14,922] {logging_mixin.py:104} INFO - [2021-08-18 09:24:14,922] {dagbag.py:487} INFO - Filling up the DagBag from /home/airflow/.local/lib/python3.6/site-packages/airflow/example_dags/example_task_group_decorator.py
[2021-08-18 09:24:14,946] {scheduler_job.py:643} INFO - DAG(s) dict_keys(['example_task_group_decorator']) retrieved from /home/airflow/.local/lib/python3.6/site-packages/airflow/example_dags/example_task_group_decorator.py
[2021-08-18 09:24:15,172] {logging_mixin.py:104} INFO - [2021-08-18 09:24:15,172] {dag.py:1832} INFO - Sync 1 DAGs
[2021-08-18 09:24:15,186] {logging_mixin.py:104} INFO - [2021-08-18 09:24:15,186] {dag.py:2305} INFO - Setting next_dagrun for example_task_group_decorator to 2021-08-16 00:00:00+00:00
[2021-08-18 09:24:15,198] {scheduler_job.py:190} INFO - Processing /home/airflow/.local/lib/python3.6/site-packages/airflow/example_dags/example_task_group_decorator.py took 0.281 seconds
[2021-08-18 09:24:45,611] {scheduler_job.py:182} INFO - Started process (PID=1076) to work on /home/airflow/.local/lib/python3.6/site-packages/airflow/example_dags/example_task_group_decorator.py
[2021-08-18 09:24:45,614] {scheduler_job.py:633} INFO - Processing file /home/airflow/.local/lib/python3.6/site-packages/airflow/example_dags/example_task_group_decorator.py for tasks to queue
[2021-08-18 09:24:45,615] {logging_mixin.py:104} INFO - [2021-08-18 09:24:45,615] {dagbag.py:487} INFO - Filling up the DagBag from /home/airflow/.local/lib/python3.6/site-packages/airflow/example_dags/example_task_group_decorator.py
[2021-08-18 09:24:45,643] {scheduler_job.py:643} INFO - DAG(s) dict_keys(['example_task_group_decorator']) retrieved from /home/airflow/.local/lib/python3.6/site-packages/airflow/example_dags/example_task_group_decorator.py
[2021-08-18 09:24:45,913] {logging_mixin.py:104} INFO - [2021-08-18 09:24:45,913] {dag.py:1832} INFO - Sync 1 DAGs
[2021-08-18 09:24:45,930] {logging_mixin.py:104} INFO - [2021-08-18 09:24:45,930] {dag.py:2305} INFO - Setting next_dagrun for example_task_group_decorator to 2021-08-16 00:00:00+00:00
[2021-08-18 09:24:45,942] {scheduler_job.py:190} INFO - Processing /home/airflow/.local/lib/python3.6/site-packages/airflow/example_dags/example_task_group_decorator.py took 0.336 seconds
[2021-08-18 09:25:16,719] {scheduler_job.py:182} INFO - Started process (PID=1135) to work on /home/airflow/.local/lib/python3.6/site-packages/airflow/example_dags/example_task_group_decorator.py
[2021-08-18 09:25:16,721] {scheduler_job.py:633} INFO - Processing file /home/airflow/.local/lib/python3.6/site-packages/airflow/example_dags/example_task_group_decorator.py for tasks to queue
[2021-08-18 09:25:16,723] {logging_mixin.py:104} INFO - [2021-08-18 09:25:16,723] {dagbag.py:487} INFO - Filling up the DagBag from /home/airflow/.local/lib/python3.6/site-packages/airflow/example_dags/example_task_group_decorator.py
[2021-08-18 09:25:16,754] {scheduler_job.py:643} INFO - DAG(s) dict_keys(['example_task_group_decorator']) retrieved from /home/airflow/.local/lib/python3.6/site-packages/airflow/example_dags/example_task_group_decorator.py
[2021-08-18 09:25:17,025] {logging_mixin.py:104} INFO - [2021-08-18 09:25:17,024] {dag.py:1832} INFO - Sync 1 DAGs
[2021-08-18 09:25:17,044] {logging_mixin.py:104} INFO - [2021-08-18 09:25:17,043] {dag.py:2305} INFO - Setting next_dagrun for example_task_group_decorator to 2021-08-16 00:00:00+00:00
[2021-08-18 09:25:17,068] {scheduler_job.py:190} INFO - Processing /home/airflow/.local/lib/python3.6/site-packages/airflow/example_dags/example_task_group_decorator.py took 0.353 seconds
[2021-08-18 09:25:47,123] {scheduler_job.py:182} INFO - Started process (PID=1215) to work on /home/airflow/.local/lib/python3.6/site-packages/airflow/example_dags/example_task_group_decorator.py
[2021-08-18 09:25:47,125] {scheduler_job.py:633} INFO - Processing file /home/airflow/.local/lib/python3.6/site-packages/airflow/example_dags/example_task_group_decorator.py for tasks to queue
[2021-08-18 09:25:47,126] {logging_mixin.py:104} INFO - [2021-08-18 09:25:47,126] {dagbag.py:487} INFO - Filling up the DagBag from /home/airflow/.local/lib/python3.6/site-packages/airflow/example_dags/example_task_group_decorator.py
[2021-08-18 09:25:47,155] {scheduler_job.py:643} INFO - DAG(s) dict_keys(['example_task_group_decorator']) retrieved from /home/airflow/.local/lib/python3.6/site-packages/airflow/example_dags/example_task_group_decorator.py
[2021-08-18 09:25:47,405] {logging_mixin.py:104} INFO - [2021-08-18 09:25:47,405] {dag.py:1832} INFO - Sync 1 DAGs
[2021-08-18 09:25:47,421] {logging_mixin.py:104} INFO - [2021-08-18 09:25:47,421] {dag.py:2305} INFO - Setting next_dagrun for example_task_group_decorator to 2021-08-16 00:00:00+00:00
[2021-08-18 09:25:47,434] {scheduler_job.py:190} INFO - Processing /home/airflow/.local/lib/python3.6/site-packages/airflow/example_dags/example_task_group_decorator.py took 0.315 seconds
[2021-08-18 09:26:17,569] {scheduler_job.py:182} INFO - Started process (PID=1288) to work on /home/airflow/.local/lib/python3.6/site-packages/airflow/example_dags/example_task_group_decorator.py
[2021-08-18 09:26:17,571] {scheduler_job.py:633} INFO - Processing file /home/airflow/.local/lib/python3.6/site-packages/airflow/example_dags/example_task_group_decorator.py for tasks to queue
[2021-08-18 09:26:17,572] {logging_mixin.py:104} INFO - [2021-08-18 09:26:17,572] {dagbag.py:487} INFO - Filling up the DagBag from /home/airflow/.local/lib/python3.6/site-packages/airflow/example_dags/example_task_group_decorator.py
[2021-08-18 09:26:17,606] {scheduler_job.py:643} INFO - DAG(s) dict_keys(['example_task_group_decorator']) retrieved from /home/airflow/.local/lib/python3.6/site-packages/airflow/example_dags/example_task_group_decorator.py
[2021-08-18 09:26:17,645] {logging_mixin.py:104} INFO - [2021-08-18 09:26:17,645] {dag.py:1832} INFO - Sync 1 DAGs
[2021-08-18 09:26:17,664] {logging_mixin.py:104} INFO - [2021-08-18 09:26:17,664] {dag.py:2305} INFO - Setting next_dagrun for example_task_group_decorator to 2021-08-16 00:00:00+00:00
[2021-08-18 09:26:17,676] {scheduler_job.py:190} INFO - Processing /home/airflow/.local/lib/python3.6/site-packages/airflow/example_dags/example_task_group_decorator.py took 0.111 seconds
[2021-08-18 09:26:48,267] {scheduler_job.py:182} INFO - Started process (PID=1350) to work on /home/airflow/.local/lib/python3.6/site-packages/airflow/example_dags/example_task_group_decorator.py
[2021-08-18 09:26:48,269] {scheduler_job.py:633} INFO - Processing file /home/airflow/.local/lib/python3.6/site-packages/airflow/example_dags/example_task_group_decorator.py for tasks to queue
[2021-08-18 09:26:48,270] {logging_mixin.py:104} INFO - [2021-08-18 09:26:48,270] {dagbag.py:487} INFO - Filling up the DagBag from /home/airflow/.local/lib/python3.6/site-packages/airflow/example_dags/example_task_group_decorator.py
[2021-08-18 09:26:48,293] {scheduler_job.py:643} INFO - DAG(s) dict_keys(['example_task_group_decorator']) retrieved from /home/airflow/.local/lib/python3.6/site-packages/airflow/example_dags/example_task_group_decorator.py
[2021-08-18 09:26:48,486] {logging_mixin.py:104} INFO - [2021-08-18 09:26:48,486] {dag.py:1832} INFO - Sync 1 DAGs
[2021-08-18 09:26:48,503] {logging_mixin.py:104} INFO - [2021-08-18 09:26:48,503] {dag.py:2305} INFO - Setting next_dagrun for example_task_group_decorator to 2021-08-16 00:00:00+00:00
[2021-08-18 09:26:48,514] {scheduler_job.py:190} INFO - Processing /home/airflow/.local/lib/python3.6/site-packages/airflow/example_dags/example_task_group_decorator.py took 0.251 seconds
[2021-08-18 09:27:19,183] {scheduler_job.py:182} INFO - Started process (PID=1426) to work on /home/airflow/.local/lib/python3.6/site-packages/airflow/example_dags/example_task_group_decorator.py
[2021-08-18 09:27:19,185] {scheduler_job.py:633} INFO - Processing file /home/airflow/.local/lib/python3.6/site-packages/airflow/example_dags/example_task_group_decorator.py for tasks to queue
[2021-08-18 09:27:19,186] {logging_mixin.py:104} INFO - [2021-08-18 09:27:19,186] {dagbag.py:487} INFO - Filling up the DagBag from /home/airflow/.local/lib/python3.6/site-packages/airflow/example_dags/example_task_group_decorator.py
[2021-08-18 09:27:19,214] {scheduler_job.py:643} INFO - DAG(s) dict_keys(['example_task_group_decorator']) retrieved from /home/airflow/.local/lib/python3.6/site-packages/airflow/example_dags/example_task_group_decorator.py
[2021-08-18 09:27:19,449] {logging_mixin.py:104} INFO - [2021-08-18 09:27:19,448] {dag.py:1832} INFO - Sync 1 DAGs
[2021-08-18 09:27:19,467] {logging_mixin.py:104} INFO - [2021-08-18 09:27:19,467] {dag.py:2305} INFO - Setting next_dagrun for example_task_group_decorator to 2021-08-16 00:00:00+00:00
[2021-08-18 09:27:19,481] {scheduler_job.py:190} INFO - Processing /home/airflow/.local/lib/python3.6/site-packages/airflow/example_dags/example_task_group_decorator.py took 0.302 seconds
[2021-08-18 09:27:49,623] {scheduler_job.py:182} INFO - Started process (PID=1489) to work on /home/airflow/.local/lib/python3.6/site-packages/airflow/example_dags/example_task_group_decorator.py
[2021-08-18 09:27:49,625] {scheduler_job.py:633} INFO - Processing file /home/airflow/.local/lib/python3.6/site-packages/airflow/example_dags/example_task_group_decorator.py for tasks to queue
[2021-08-18 09:27:49,626] {logging_mixin.py:104} INFO - [2021-08-18 09:27:49,626] {dagbag.py:487} INFO - Filling up the DagBag from /home/airflow/.local/lib/python3.6/site-packages/airflow/example_dags/example_task_group_decorator.py
[2021-08-18 09:27:49,657] {scheduler_job.py:643} INFO - DAG(s) dict_keys(['example_task_group_decorator']) retrieved from /home/airflow/.local/lib/python3.6/site-packages/airflow/example_dags/example_task_group_decorator.py
[2021-08-18 09:27:49,912] {logging_mixin.py:104} INFO - [2021-08-18 09:27:49,912] {dag.py:1832} INFO - Sync 1 DAGs
[2021-08-18 09:27:49,932] {logging_mixin.py:104} INFO - [2021-08-18 09:27:49,932] {dag.py:2305} INFO - Setting next_dagrun for example_task_group_decorator to 2021-08-16 00:00:00+00:00
[2021-08-18 09:27:49,946] {scheduler_job.py:190} INFO - Processing /home/airflow/.local/lib/python3.6/site-packages/airflow/example_dags/example_task_group_decorator.py took 0.327 seconds
[2021-08-18 09:28:20,489] {scheduler_job.py:182} INFO - Started process (PID=1567) to work on /home/airflow/.local/lib/python3.6/site-packages/airflow/example_dags/example_task_group_decorator.py
[2021-08-18 09:28:20,491] {scheduler_job.py:633} INFO - Processing file /home/airflow/.local/lib/python3.6/site-packages/airflow/example_dags/example_task_group_decorator.py for tasks to queue
[2021-08-18 09:28:20,492] {logging_mixin.py:104} INFO - [2021-08-18 09:28:20,492] {dagbag.py:487} INFO - Filling up the DagBag from /home/airflow/.local/lib/python3.6/site-packages/airflow/example_dags/example_task_group_decorator.py
[2021-08-18 09:28:20,514] {scheduler_job.py:643} INFO - DAG(s) dict_keys(['example_task_group_decorator']) retrieved from /home/airflow/.local/lib/python3.6/site-packages/airflow/example_dags/example_task_group_decorator.py
[2021-08-18 09:28:20,691] {logging_mixin.py:104} INFO - [2021-08-18 09:28:20,691] {dag.py:1832} INFO - Sync 1 DAGs
[2021-08-18 09:28:20,704] {logging_mixin.py:104} INFO - [2021-08-18 09:28:20,704] {dag.py:2305} INFO - Setting next_dagrun for example_task_group_decorator to 2021-08-16 00:00:00+00:00
[2021-08-18 09:28:20,715] {scheduler_job.py:190} INFO - Processing /home/airflow/.local/lib/python3.6/site-packages/airflow/example_dags/example_task_group_decorator.py took 0.230 seconds
[2021-08-18 09:28:51,541] {scheduler_job.py:182} INFO - Started process (PID=1645) to work on /home/airflow/.local/lib/python3.6/site-packages/airflow/example_dags/example_task_group_decorator.py
[2021-08-18 09:28:51,543] {scheduler_job.py:633} INFO - Processing file /home/airflow/.local/lib/python3.6/site-packages/airflow/example_dags/example_task_group_decorator.py for tasks to queue
[2021-08-18 09:28:51,545] {logging_mixin.py:104} INFO - [2021-08-18 09:28:51,545] {dagbag.py:487} INFO - Filling up the DagBag from /home/airflow/.local/lib/python3.6/site-packages/airflow/example_dags/example_task_group_decorator.py
[2021-08-18 09:28:51,575] {scheduler_job.py:643} INFO - DAG(s) dict_keys(['example_task_group_decorator']) retrieved from /home/airflow/.local/lib/python3.6/site-packages/airflow/example_dags/example_task_group_decorator.py
[2021-08-18 09:28:51,810] {logging_mixin.py:104} INFO - [2021-08-18 09:28:51,810] {dag.py:1832} INFO - Sync 1 DAGs
[2021-08-18 09:28:51,824] {logging_mixin.py:104} INFO - [2021-08-18 09:28:51,824] {dag.py:2305} INFO - Setting next_dagrun for example_task_group_decorator to 2021-08-16 00:00:00+00:00
[2021-08-18 09:28:51,839] {scheduler_job.py:190} INFO - Processing /home/airflow/.local/lib/python3.6/site-packages/airflow/example_dags/example_task_group_decorator.py took 0.302 seconds
[2021-08-18 09:29:21,889] {scheduler_job.py:182} INFO - Started process (PID=1707) to work on /home/airflow/.local/lib/python3.6/site-packages/airflow/example_dags/example_task_group_decorator.py
[2021-08-18 09:29:21,891] {scheduler_job.py:633} INFO - Processing file /home/airflow/.local/lib/python3.6/site-packages/airflow/example_dags/example_task_group_decorator.py for tasks to queue
[2021-08-18 09:29:21,892] {logging_mixin.py:104} INFO - [2021-08-18 09:29:21,892] {dagbag.py:487} INFO - Filling up the DagBag from /home/airflow/.local/lib/python3.6/site-packages/airflow/example_dags/example_task_group_decorator.py
[2021-08-18 09:29:21,914] {scheduler_job.py:643} INFO - DAG(s) dict_keys(['example_task_group_decorator']) retrieved from /home/airflow/.local/lib/python3.6/site-packages/airflow/example_dags/example_task_group_decorator.py
[2021-08-18 09:29:22,087] {logging_mixin.py:104} INFO - [2021-08-18 09:29:22,087] {dag.py:1832} INFO - Sync 1 DAGs
[2021-08-18 09:29:22,098] {logging_mixin.py:104} INFO - [2021-08-18 09:29:22,098] {dag.py:2305} INFO - Setting next_dagrun for example_task_group_decorator to 2021-08-16 00:00:00+00:00
[2021-08-18 09:29:22,107] {scheduler_job.py:190} INFO - Processing /home/airflow/.local/lib/python3.6/site-packages/airflow/example_dags/example_task_group_decorator.py took 0.221 seconds
[2021-08-18 09:29:52,191] {scheduler_job.py:182} INFO - Started process (PID=1783) to work on /home/airflow/.local/lib/python3.6/site-packages/airflow/example_dags/example_task_group_decorator.py
[2021-08-18 09:29:52,195] {scheduler_job.py:633} INFO - Processing file /home/airflow/.local/lib/python3.6/site-packages/airflow/example_dags/example_task_group_decorator.py for tasks to queue
[2021-08-18 09:29:52,196] {logging_mixin.py:104} INFO - [2021-08-18 09:29:52,196] {dagbag.py:487} INFO - Filling up the DagBag from /home/airflow/.local/lib/python3.6/site-packages/airflow/example_dags/example_task_group_decorator.py
[2021-08-18 09:29:52,226] {scheduler_job.py:643} INFO - DAG(s) dict_keys(['example_task_group_decorator']) retrieved from /home/airflow/.local/lib/python3.6/site-packages/airflow/example_dags/example_task_group_decorator.py
[2021-08-18 09:29:52,489] {logging_mixin.py:104} INFO - [2021-08-18 09:29:52,488] {dag.py:1832} INFO - Sync 1 DAGs
[2021-08-18 09:29:52,504] {logging_mixin.py:104} INFO - [2021-08-18 09:29:52,504] {dag.py:2305} INFO - Setting next_dagrun for example_task_group_decorator to 2021-08-16 00:00:00+00:00
[2021-08-18 09:29:52,516] {scheduler_job.py:190} INFO - Processing /home/airflow/.local/lib/python3.6/site-packages/airflow/example_dags/example_task_group_decorator.py took 0.329 seconds
[2021-08-18 09:30:23,313] {scheduler_job.py:182} INFO - Started process (PID=1859) to work on /home/airflow/.local/lib/python3.6/site-packages/airflow/example_dags/example_task_group_decorator.py
[2021-08-18 09:30:23,315] {scheduler_job.py:633} INFO - Processing file /home/airflow/.local/lib/python3.6/site-packages/airflow/example_dags/example_task_group_decorator.py for tasks to queue
[2021-08-18 09:30:23,317] {logging_mixin.py:104} INFO - [2021-08-18 09:30:23,317] {dagbag.py:487} INFO - Filling up the DagBag from /home/airflow/.local/lib/python3.6/site-packages/airflow/example_dags/example_task_group_decorator.py
[2021-08-18 09:30:23,345] {scheduler_job.py:643} INFO - DAG(s) dict_keys(['example_task_group_decorator']) retrieved from /home/airflow/.local/lib/python3.6/site-packages/airflow/example_dags/example_task_group_decorator.py
[2021-08-18 09:30:23,593] {logging_mixin.py:104} INFO - [2021-08-18 09:30:23,593] {dag.py:1832} INFO - Sync 1 DAGs
[2021-08-18 09:30:23,609] {logging_mixin.py:104} INFO - [2021-08-18 09:30:23,609] {dag.py:2305} INFO - Setting next_dagrun for example_task_group_decorator to 2021-08-16 00:00:00+00:00
[2021-08-18 09:30:23,622] {scheduler_job.py:190} INFO - Processing /home/airflow/.local/lib/python3.6/site-packages/airflow/example_dags/example_task_group_decorator.py took 0.312 seconds
[2021-08-18 09:30:54,456] {scheduler_job.py:182} INFO - Started process (PID=1921) to work on /home/airflow/.local/lib/python3.6/site-packages/airflow/example_dags/example_task_group_decorator.py
[2021-08-18 09:30:54,458] {scheduler_job.py:633} INFO - Processing file /home/airflow/.local/lib/python3.6/site-packages/airflow/example_dags/example_task_group_decorator.py for tasks to queue
[2021-08-18 09:30:54,460] {logging_mixin.py:104} INFO - [2021-08-18 09:30:54,459] {dagbag.py:487} INFO - Filling up the DagBag from /home/airflow/.local/lib/python3.6/site-packages/airflow/example_dags/example_task_group_decorator.py
[2021-08-18 09:30:54,486] {scheduler_job.py:643} INFO - DAG(s) dict_keys(['example_task_group_decorator']) retrieved from /home/airflow/.local/lib/python3.6/site-packages/airflow/example_dags/example_task_group_decorator.py
[2021-08-18 09:30:54,695] {logging_mixin.py:104} INFO - [2021-08-18 09:30:54,695] {dag.py:1832} INFO - Sync 1 DAGs
[2021-08-18 09:30:54,708] {logging_mixin.py:104} INFO - [2021-08-18 09:30:54,708] {dag.py:2305} INFO - Setting next_dagrun for example_task_group_decorator to 2021-08-16 00:00:00+00:00
[2021-08-18 09:30:54,720] {scheduler_job.py:190} INFO - Processing /home/airflow/.local/lib/python3.6/site-packages/airflow/example_dags/example_task_group_decorator.py took 0.267 seconds
[2021-08-18 09:31:25,246] {scheduler_job.py:182} INFO - Started process (PID=1998) to work on /home/airflow/.local/lib/python3.6/site-packages/airflow/example_dags/example_task_group_decorator.py
[2021-08-18 09:31:25,248] {scheduler_job.py:633} INFO - Processing file /home/airflow/.local/lib/python3.6/site-packages/airflow/example_dags/example_task_group_decorator.py for tasks to queue
[2021-08-18 09:31:25,249] {logging_mixin.py:104} INFO - [2021-08-18 09:31:25,249] {dagbag.py:487} INFO - Filling up the DagBag from /home/airflow/.local/lib/python3.6/site-packages/airflow/example_dags/example_task_group_decorator.py
[2021-08-18 09:31:25,276] {scheduler_job.py:643} INFO - DAG(s) dict_keys(['example_task_group_decorator']) retrieved from /home/airflow/.local/lib/python3.6/site-packages/airflow/example_dags/example_task_group_decorator.py
[2021-08-18 09:31:25,507] {logging_mixin.py:104} INFO - [2021-08-18 09:31:25,507] {dag.py:1832} INFO - Sync 1 DAGs
[2021-08-18 09:31:25,523] {logging_mixin.py:104} INFO - [2021-08-18 09:31:25,523] {dag.py:2305} INFO - Setting next_dagrun for example_task_group_decorator to 2021-08-16 00:00:00+00:00
[2021-08-18 09:31:25,534] {scheduler_job.py:190} INFO - Processing /home/airflow/.local/lib/python3.6/site-packages/airflow/example_dags/example_task_group_decorator.py took 0.292 seconds
[2021-08-18 09:31:56,363] {scheduler_job.py:182} INFO - Started process (PID=2077) to work on /home/airflow/.local/lib/python3.6/site-packages/airflow/example_dags/example_task_group_decorator.py
[2021-08-18 09:31:56,365] {scheduler_job.py:633} INFO - Processing file /home/airflow/.local/lib/python3.6/site-packages/airflow/example_dags/example_task_group_decorator.py for tasks to queue
[2021-08-18 09:31:56,366] {logging_mixin.py:104} INFO - [2021-08-18 09:31:56,366] {dagbag.py:487} INFO - Filling up the DagBag from /home/airflow/.local/lib/python3.6/site-packages/airflow/example_dags/example_task_group_decorator.py
[2021-08-18 09:31:56,390] {scheduler_job.py:643} INFO - DAG(s) dict_keys(['example_task_group_decorator']) retrieved from /home/airflow/.local/lib/python3.6/site-packages/airflow/example_dags/example_task_group_decorator.py
[2021-08-18 09:31:56,579] {logging_mixin.py:104} INFO - [2021-08-18 09:31:56,579] {dag.py:1832} INFO - Sync 1 DAGs
[2021-08-18 09:31:56,590] {logging_mixin.py:104} INFO - [2021-08-18 09:31:56,590] {dag.py:2305} INFO - Setting next_dagrun for example_task_group_decorator to 2021-08-16 00:00:00+00:00
[2021-08-18 09:31:56,600] {scheduler_job.py:190} INFO - Processing /home/airflow/.local/lib/python3.6/site-packages/airflow/example_dags/example_task_group_decorator.py took 0.240 seconds
[2021-08-18 09:32:26,945] {scheduler_job.py:182} INFO - Started process (PID=2142) to work on /home/airflow/.local/lib/python3.6/site-packages/airflow/example_dags/example_task_group_decorator.py
[2021-08-18 09:32:26,947] {scheduler_job.py:633} INFO - Processing file /home/airflow/.local/lib/python3.6/site-packages/airflow/example_dags/example_task_group_decorator.py for tasks to queue
[2021-08-18 09:32:26,948] {logging_mixin.py:104} INFO - [2021-08-18 09:32:26,948] {dagbag.py:487} INFO - Filling up the DagBag from /home/airflow/.local/lib/python3.6/site-packages/airflow/example_dags/example_task_group_decorator.py
[2021-08-18 09:32:26,972] {scheduler_job.py:643} INFO - DAG(s) dict_keys(['example_task_group_decorator']) retrieved from /home/airflow/.local/lib/python3.6/site-packages/airflow/example_dags/example_task_group_decorator.py
[2021-08-18 09:32:27,134] {logging_mixin.py:104} INFO - [2021-08-18 09:32:27,134] {dag.py:1832} INFO - Sync 1 DAGs
[2021-08-18 09:32:27,145] {logging_mixin.py:104} INFO - [2021-08-18 09:32:27,145] {dag.py:2305} INFO - Setting next_dagrun for example_task_group_decorator to 2021-08-16 00:00:00+00:00
[2021-08-18 09:32:27,154] {scheduler_job.py:190} INFO - Processing /home/airflow/.local/lib/python3.6/site-packages/airflow/example_dags/example_task_group_decorator.py took 0.213 seconds
[2021-08-18 09:32:57,939] {scheduler_job.py:182} INFO - Started process (PID=2216) to work on /home/airflow/.local/lib/python3.6/site-packages/airflow/example_dags/example_task_group_decorator.py
[2021-08-18 09:32:57,941] {scheduler_job.py:633} INFO - Processing file /home/airflow/.local/lib/python3.6/site-packages/airflow/example_dags/example_task_group_decorator.py for tasks to queue
[2021-08-18 09:32:57,942] {logging_mixin.py:104} INFO - [2021-08-18 09:32:57,942] {dagbag.py:487} INFO - Filling up the DagBag from /home/airflow/.local/lib/python3.6/site-packages/airflow/example_dags/example_task_group_decorator.py
[2021-08-18 09:32:57,969] {scheduler_job.py:643} INFO - DAG(s) dict_keys(['example_task_group_decorator']) retrieved from /home/airflow/.local/lib/python3.6/site-packages/airflow/example_dags/example_task_group_decorator.py
[2021-08-18 09:32:58,194] {logging_mixin.py:104} INFO - [2021-08-18 09:32:58,194] {dag.py:1832} INFO - Sync 1 DAGs
[2021-08-18 09:32:58,212] {logging_mixin.py:104} INFO - [2021-08-18 09:32:58,212] {dag.py:2305} INFO - Setting next_dagrun for example_task_group_decorator to 2021-08-16 00:00:00+00:00
[2021-08-18 09:32:58,226] {scheduler_job.py:190} INFO - Processing /home/airflow/.local/lib/python3.6/site-packages/airflow/example_dags/example_task_group_decorator.py took 0.291 seconds
