[2021-08-18 09:02:16,103] {scheduler_job.py:182} INFO - Started process (PID=115) to work on /home/airflow/.local/lib/python3.6/site-packages/airflow/example_dags/example_trigger_controller_dag.py
[2021-08-18 09:02:16,124] {scheduler_job.py:633} INFO - Processing file /home/airflow/.local/lib/python3.6/site-packages/airflow/example_dags/example_trigger_controller_dag.py for tasks to queue
[2021-08-18 09:02:16,125] {logging_mixin.py:104} INFO - [2021-08-18 09:02:16,125] {dagbag.py:487} INFO - Filling up the DagBag from /home/airflow/.local/lib/python3.6/site-packages/airflow/example_dags/example_trigger_controller_dag.py
[2021-08-18 09:02:16,143] {scheduler_job.py:643} INFO - DAG(s) dict_keys(['example_trigger_controller_dag']) retrieved from /home/airflow/.local/lib/python3.6/site-packages/airflow/example_dags/example_trigger_controller_dag.py
[2021-08-18 09:02:18,388] {logging_mixin.py:104} INFO - [2021-08-18 09:02:18,386] {dag.py:1832} INFO - Sync 1 DAGs
[2021-08-18 09:02:18,400] {logging_mixin.py:104} INFO - [2021-08-18 09:02:18,398] {dag.py:1851} INFO - Creating ORM DAG for example_trigger_controller_dag
[2021-08-18 09:02:18,405] {logging_mixin.py:104} INFO - [2021-08-18 09:02:18,405] {dag.py:2305} INFO - Setting next_dagrun for example_trigger_controller_dag to 2021-08-16 00:00:00+00:00
[2021-08-18 09:02:18,416] {scheduler_job.py:190} INFO - Processing /home/airflow/.local/lib/python3.6/site-packages/airflow/example_dags/example_trigger_controller_dag.py took 2.318 seconds
[2021-08-18 09:02:48,853] {scheduler_job.py:182} INFO - Started process (PID=186) to work on /home/airflow/.local/lib/python3.6/site-packages/airflow/example_dags/example_trigger_controller_dag.py
[2021-08-18 09:02:48,855] {scheduler_job.py:633} INFO - Processing file /home/airflow/.local/lib/python3.6/site-packages/airflow/example_dags/example_trigger_controller_dag.py for tasks to queue
[2021-08-18 09:02:48,856] {logging_mixin.py:104} INFO - [2021-08-18 09:02:48,856] {dagbag.py:487} INFO - Filling up the DagBag from /home/airflow/.local/lib/python3.6/site-packages/airflow/example_dags/example_trigger_controller_dag.py
[2021-08-18 09:02:48,871] {scheduler_job.py:643} INFO - DAG(s) dict_keys(['example_trigger_controller_dag']) retrieved from /home/airflow/.local/lib/python3.6/site-packages/airflow/example_dags/example_trigger_controller_dag.py
[2021-08-18 09:02:48,894] {logging_mixin.py:104} INFO - [2021-08-18 09:02:48,894] {dag.py:1832} INFO - Sync 1 DAGs
[2021-08-18 09:02:48,912] {logging_mixin.py:104} INFO - [2021-08-18 09:02:48,912] {dag.py:2305} INFO - Setting next_dagrun for example_trigger_controller_dag to 2021-08-16 00:00:00+00:00
[2021-08-18 09:02:48,923] {scheduler_job.py:190} INFO - Processing /home/airflow/.local/lib/python3.6/site-packages/airflow/example_dags/example_trigger_controller_dag.py took 0.074 seconds
[2021-08-18 09:03:19,119] {scheduler_job.py:182} INFO - Started process (PID=253) to work on /home/airflow/.local/lib/python3.6/site-packages/airflow/example_dags/example_trigger_controller_dag.py
[2021-08-18 09:03:19,121] {scheduler_job.py:633} INFO - Processing file /home/airflow/.local/lib/python3.6/site-packages/airflow/example_dags/example_trigger_controller_dag.py for tasks to queue
[2021-08-18 09:03:19,122] {logging_mixin.py:104} INFO - [2021-08-18 09:03:19,122] {dagbag.py:487} INFO - Filling up the DagBag from /home/airflow/.local/lib/python3.6/site-packages/airflow/example_dags/example_trigger_controller_dag.py
[2021-08-18 09:03:19,135] {scheduler_job.py:643} INFO - DAG(s) dict_keys(['example_trigger_controller_dag']) retrieved from /home/airflow/.local/lib/python3.6/site-packages/airflow/example_dags/example_trigger_controller_dag.py
[2021-08-18 09:03:19,156] {logging_mixin.py:104} INFO - [2021-08-18 09:03:19,156] {dag.py:1832} INFO - Sync 1 DAGs
[2021-08-18 09:03:19,174] {logging_mixin.py:104} INFO - [2021-08-18 09:03:19,173] {dag.py:2305} INFO - Setting next_dagrun for example_trigger_controller_dag to 2021-08-16 00:00:00+00:00
[2021-08-18 09:03:19,184] {scheduler_job.py:190} INFO - Processing /home/airflow/.local/lib/python3.6/site-packages/airflow/example_dags/example_trigger_controller_dag.py took 0.069 seconds
[2021-08-18 09:03:49,563] {scheduler_job.py:182} INFO - Started process (PID=331) to work on /home/airflow/.local/lib/python3.6/site-packages/airflow/example_dags/example_trigger_controller_dag.py
[2021-08-18 09:03:49,566] {scheduler_job.py:633} INFO - Processing file /home/airflow/.local/lib/python3.6/site-packages/airflow/example_dags/example_trigger_controller_dag.py for tasks to queue
[2021-08-18 09:03:49,568] {logging_mixin.py:104} INFO - [2021-08-18 09:03:49,568] {dagbag.py:487} INFO - Filling up the DagBag from /home/airflow/.local/lib/python3.6/site-packages/airflow/example_dags/example_trigger_controller_dag.py
[2021-08-18 09:03:49,586] {scheduler_job.py:643} INFO - DAG(s) dict_keys(['example_trigger_controller_dag']) retrieved from /home/airflow/.local/lib/python3.6/site-packages/airflow/example_dags/example_trigger_controller_dag.py
[2021-08-18 09:03:49,629] {logging_mixin.py:104} INFO - [2021-08-18 09:03:49,629] {dag.py:1832} INFO - Sync 1 DAGs
[2021-08-18 09:03:49,654] {logging_mixin.py:104} INFO - [2021-08-18 09:03:49,654] {dag.py:2305} INFO - Setting next_dagrun for example_trigger_controller_dag to 2021-08-16 00:00:00+00:00
[2021-08-18 09:03:49,695] {scheduler_job.py:190} INFO - Processing /home/airflow/.local/lib/python3.6/site-packages/airflow/example_dags/example_trigger_controller_dag.py took 0.136 seconds
[2021-08-18 09:04:19,743] {scheduler_job.py:182} INFO - Started process (PID=396) to work on /home/airflow/.local/lib/python3.6/site-packages/airflow/example_dags/example_trigger_controller_dag.py
[2021-08-18 09:04:19,745] {scheduler_job.py:633} INFO - Processing file /home/airflow/.local/lib/python3.6/site-packages/airflow/example_dags/example_trigger_controller_dag.py for tasks to queue
[2021-08-18 09:04:19,747] {logging_mixin.py:104} INFO - [2021-08-18 09:04:19,747] {dagbag.py:487} INFO - Filling up the DagBag from /home/airflow/.local/lib/python3.6/site-packages/airflow/example_dags/example_trigger_controller_dag.py
[2021-08-18 09:04:19,763] {scheduler_job.py:643} INFO - DAG(s) dict_keys(['example_trigger_controller_dag']) retrieved from /home/airflow/.local/lib/python3.6/site-packages/airflow/example_dags/example_trigger_controller_dag.py
[2021-08-18 09:04:19,792] {logging_mixin.py:104} INFO - [2021-08-18 09:04:19,791] {dag.py:1832} INFO - Sync 1 DAGs
[2021-08-18 09:04:19,814] {logging_mixin.py:104} INFO - [2021-08-18 09:04:19,814] {dag.py:2305} INFO - Setting next_dagrun for example_trigger_controller_dag to 2021-08-16 00:00:00+00:00
[2021-08-18 09:04:19,826] {scheduler_job.py:190} INFO - Processing /home/airflow/.local/lib/python3.6/site-packages/airflow/example_dags/example_trigger_controller_dag.py took 0.089 seconds
[2021-08-18 09:04:49,914] {scheduler_job.py:182} INFO - Started process (PID=458) to work on /home/airflow/.local/lib/python3.6/site-packages/airflow/example_dags/example_trigger_controller_dag.py
[2021-08-18 09:04:49,916] {scheduler_job.py:633} INFO - Processing file /home/airflow/.local/lib/python3.6/site-packages/airflow/example_dags/example_trigger_controller_dag.py for tasks to queue
[2021-08-18 09:04:49,917] {logging_mixin.py:104} INFO - [2021-08-18 09:04:49,917] {dagbag.py:487} INFO - Filling up the DagBag from /home/airflow/.local/lib/python3.6/site-packages/airflow/example_dags/example_trigger_controller_dag.py
[2021-08-18 09:04:49,938] {scheduler_job.py:643} INFO - DAG(s) dict_keys(['example_trigger_controller_dag']) retrieved from /home/airflow/.local/lib/python3.6/site-packages/airflow/example_dags/example_trigger_controller_dag.py
[2021-08-18 09:04:49,965] {logging_mixin.py:104} INFO - [2021-08-18 09:04:49,965] {dag.py:1832} INFO - Sync 1 DAGs
[2021-08-18 09:04:49,985] {logging_mixin.py:104} INFO - [2021-08-18 09:04:49,984] {dag.py:2305} INFO - Setting next_dagrun for example_trigger_controller_dag to 2021-08-16 00:00:00+00:00
[2021-08-18 09:04:49,997] {scheduler_job.py:190} INFO - Processing /home/airflow/.local/lib/python3.6/site-packages/airflow/example_dags/example_trigger_controller_dag.py took 0.088 seconds
[2021-08-18 09:05:20,423] {scheduler_job.py:182} INFO - Started process (PID=520) to work on /home/airflow/.local/lib/python3.6/site-packages/airflow/example_dags/example_trigger_controller_dag.py
[2021-08-18 09:05:20,425] {scheduler_job.py:633} INFO - Processing file /home/airflow/.local/lib/python3.6/site-packages/airflow/example_dags/example_trigger_controller_dag.py for tasks to queue
[2021-08-18 09:05:20,426] {logging_mixin.py:104} INFO - [2021-08-18 09:05:20,426] {dagbag.py:487} INFO - Filling up the DagBag from /home/airflow/.local/lib/python3.6/site-packages/airflow/example_dags/example_trigger_controller_dag.py
[2021-08-18 09:05:20,437] {scheduler_job.py:643} INFO - DAG(s) dict_keys(['example_trigger_controller_dag']) retrieved from /home/airflow/.local/lib/python3.6/site-packages/airflow/example_dags/example_trigger_controller_dag.py
[2021-08-18 09:05:20,457] {logging_mixin.py:104} INFO - [2021-08-18 09:05:20,457] {dag.py:1832} INFO - Sync 1 DAGs
[2021-08-18 09:05:20,475] {logging_mixin.py:104} INFO - [2021-08-18 09:05:20,475] {dag.py:2305} INFO - Setting next_dagrun for example_trigger_controller_dag to 2021-08-16 00:00:00+00:00
[2021-08-18 09:05:20,485] {scheduler_job.py:190} INFO - Processing /home/airflow/.local/lib/python3.6/site-packages/airflow/example_dags/example_trigger_controller_dag.py took 0.067 seconds
[2021-08-18 09:05:50,665] {scheduler_job.py:182} INFO - Started process (PID=599) to work on /home/airflow/.local/lib/python3.6/site-packages/airflow/example_dags/example_trigger_controller_dag.py
[2021-08-18 09:05:50,667] {scheduler_job.py:633} INFO - Processing file /home/airflow/.local/lib/python3.6/site-packages/airflow/example_dags/example_trigger_controller_dag.py for tasks to queue
[2021-08-18 09:05:50,668] {logging_mixin.py:104} INFO - [2021-08-18 09:05:50,668] {dagbag.py:487} INFO - Filling up the DagBag from /home/airflow/.local/lib/python3.6/site-packages/airflow/example_dags/example_trigger_controller_dag.py
[2021-08-18 09:05:50,683] {scheduler_job.py:643} INFO - DAG(s) dict_keys(['example_trigger_controller_dag']) retrieved from /home/airflow/.local/lib/python3.6/site-packages/airflow/example_dags/example_trigger_controller_dag.py
[2021-08-18 09:05:50,707] {logging_mixin.py:104} INFO - [2021-08-18 09:05:50,707] {dag.py:1832} INFO - Sync 1 DAGs
[2021-08-18 09:05:50,726] {logging_mixin.py:104} INFO - [2021-08-18 09:05:50,726] {dag.py:2305} INFO - Setting next_dagrun for example_trigger_controller_dag to 2021-08-16 00:00:00+00:00
[2021-08-18 09:05:50,737] {scheduler_job.py:190} INFO - Processing /home/airflow/.local/lib/python3.6/site-packages/airflow/example_dags/example_trigger_controller_dag.py took 0.076 seconds
[2021-08-18 09:06:23,939] {scheduler_job.py:182} INFO - Started process (PID=653) to work on /home/airflow/.local/lib/python3.6/site-packages/airflow/example_dags/example_trigger_controller_dag.py
[2021-08-18 09:06:23,941] {scheduler_job.py:633} INFO - Processing file /home/airflow/.local/lib/python3.6/site-packages/airflow/example_dags/example_trigger_controller_dag.py for tasks to queue
[2021-08-18 09:06:23,943] {logging_mixin.py:104} INFO - [2021-08-18 09:06:23,943] {dagbag.py:487} INFO - Filling up the DagBag from /home/airflow/.local/lib/python3.6/site-packages/airflow/example_dags/example_trigger_controller_dag.py
[2021-08-18 09:06:23,960] {scheduler_job.py:643} INFO - DAG(s) dict_keys(['example_trigger_controller_dag']) retrieved from /home/airflow/.local/lib/python3.6/site-packages/airflow/example_dags/example_trigger_controller_dag.py
[2021-08-18 09:06:24,004] {logging_mixin.py:104} INFO - [2021-08-18 09:06:24,004] {dag.py:1832} INFO - Sync 1 DAGs
[2021-08-18 09:06:24,027] {logging_mixin.py:104} INFO - [2021-08-18 09:06:24,027] {dag.py:2305} INFO - Setting next_dagrun for example_trigger_controller_dag to 2021-08-16 00:00:00+00:00
[2021-08-18 09:06:24,043] {scheduler_job.py:190} INFO - Processing /home/airflow/.local/lib/python3.6/site-packages/airflow/example_dags/example_trigger_controller_dag.py took 0.109 seconds
[2021-08-18 09:06:54,187] {scheduler_job.py:182} INFO - Started process (PID=714) to work on /home/airflow/.local/lib/python3.6/site-packages/airflow/example_dags/example_trigger_controller_dag.py
[2021-08-18 09:06:54,190] {scheduler_job.py:633} INFO - Processing file /home/airflow/.local/lib/python3.6/site-packages/airflow/example_dags/example_trigger_controller_dag.py for tasks to queue
[2021-08-18 09:06:54,191] {logging_mixin.py:104} INFO - [2021-08-18 09:06:54,191] {dagbag.py:487} INFO - Filling up the DagBag from /home/airflow/.local/lib/python3.6/site-packages/airflow/example_dags/example_trigger_controller_dag.py
[2021-08-18 09:06:54,206] {scheduler_job.py:643} INFO - DAG(s) dict_keys(['example_trigger_controller_dag']) retrieved from /home/airflow/.local/lib/python3.6/site-packages/airflow/example_dags/example_trigger_controller_dag.py
[2021-08-18 09:06:54,232] {logging_mixin.py:104} INFO - [2021-08-18 09:06:54,232] {dag.py:1832} INFO - Sync 1 DAGs
[2021-08-18 09:06:54,253] {logging_mixin.py:104} INFO - [2021-08-18 09:06:54,253] {dag.py:2305} INFO - Setting next_dagrun for example_trigger_controller_dag to 2021-08-16 00:00:00+00:00
[2021-08-18 09:06:54,264] {scheduler_job.py:190} INFO - Processing /home/airflow/.local/lib/python3.6/site-packages/airflow/example_dags/example_trigger_controller_dag.py took 0.081 seconds
[2021-08-18 09:07:26,833] {scheduler_job.py:182} INFO - Started process (PID=775) to work on /home/airflow/.local/lib/python3.6/site-packages/airflow/example_dags/example_trigger_controller_dag.py
[2021-08-18 09:07:26,837] {scheduler_job.py:633} INFO - Processing file /home/airflow/.local/lib/python3.6/site-packages/airflow/example_dags/example_trigger_controller_dag.py for tasks to queue
[2021-08-18 09:07:26,838] {logging_mixin.py:104} INFO - [2021-08-18 09:07:26,838] {dagbag.py:487} INFO - Filling up the DagBag from /home/airflow/.local/lib/python3.6/site-packages/airflow/example_dags/example_trigger_controller_dag.py
[2021-08-18 09:07:26,863] {scheduler_job.py:643} INFO - DAG(s) dict_keys(['example_trigger_controller_dag']) retrieved from /home/airflow/.local/lib/python3.6/site-packages/airflow/example_dags/example_trigger_controller_dag.py
[2021-08-18 09:07:26,891] {logging_mixin.py:104} INFO - [2021-08-18 09:07:26,890] {dag.py:1832} INFO - Sync 1 DAGs
[2021-08-18 09:07:26,911] {logging_mixin.py:104} INFO - [2021-08-18 09:07:26,911] {dag.py:2305} INFO - Setting next_dagrun for example_trigger_controller_dag to 2021-08-16 00:00:00+00:00
[2021-08-18 09:07:26,922] {scheduler_job.py:190} INFO - Processing /home/airflow/.local/lib/python3.6/site-packages/airflow/example_dags/example_trigger_controller_dag.py took 0.093 seconds
[2021-08-18 09:07:57,786] {scheduler_job.py:182} INFO - Started process (PID=853) to work on /home/airflow/.local/lib/python3.6/site-packages/airflow/example_dags/example_trigger_controller_dag.py
[2021-08-18 09:07:57,789] {scheduler_job.py:633} INFO - Processing file /home/airflow/.local/lib/python3.6/site-packages/airflow/example_dags/example_trigger_controller_dag.py for tasks to queue
[2021-08-18 09:07:57,790] {logging_mixin.py:104} INFO - [2021-08-18 09:07:57,790] {dagbag.py:487} INFO - Filling up the DagBag from /home/airflow/.local/lib/python3.6/site-packages/airflow/example_dags/example_trigger_controller_dag.py
[2021-08-18 09:07:57,806] {scheduler_job.py:643} INFO - DAG(s) dict_keys(['example_trigger_controller_dag']) retrieved from /home/airflow/.local/lib/python3.6/site-packages/airflow/example_dags/example_trigger_controller_dag.py
[2021-08-18 09:07:57,831] {logging_mixin.py:104} INFO - [2021-08-18 09:07:57,831] {dag.py:1832} INFO - Sync 1 DAGs
[2021-08-18 09:07:57,850] {logging_mixin.py:104} INFO - [2021-08-18 09:07:57,850] {dag.py:2305} INFO - Setting next_dagrun for example_trigger_controller_dag to 2021-08-16 00:00:00+00:00
[2021-08-18 09:07:57,860] {scheduler_job.py:190} INFO - Processing /home/airflow/.local/lib/python3.6/site-packages/airflow/example_dags/example_trigger_controller_dag.py took 0.080 seconds
[2021-08-18 09:08:29,125] {scheduler_job.py:182} INFO - Started process (PID=894) to work on /home/airflow/.local/lib/python3.6/site-packages/airflow/example_dags/example_trigger_controller_dag.py
[2021-08-18 09:08:29,129] {scheduler_job.py:633} INFO - Processing file /home/airflow/.local/lib/python3.6/site-packages/airflow/example_dags/example_trigger_controller_dag.py for tasks to queue
[2021-08-18 09:08:29,132] {logging_mixin.py:104} INFO - [2021-08-18 09:08:29,131] {dagbag.py:487} INFO - Filling up the DagBag from /home/airflow/.local/lib/python3.6/site-packages/airflow/example_dags/example_trigger_controller_dag.py
[2021-08-18 09:08:29,157] {scheduler_job.py:643} INFO - DAG(s) dict_keys(['example_trigger_controller_dag']) retrieved from /home/airflow/.local/lib/python3.6/site-packages/airflow/example_dags/example_trigger_controller_dag.py
[2021-08-18 09:08:29,202] {logging_mixin.py:104} INFO - [2021-08-18 09:08:29,202] {dag.py:1832} INFO - Sync 1 DAGs
[2021-08-18 09:08:29,244] {logging_mixin.py:104} INFO - [2021-08-18 09:08:29,244] {dag.py:2305} INFO - Setting next_dagrun for example_trigger_controller_dag to 2021-08-16 00:00:00+00:00
[2021-08-18 09:08:29,270] {scheduler_job.py:190} INFO - Processing /home/airflow/.local/lib/python3.6/site-packages/airflow/example_dags/example_trigger_controller_dag.py took 0.157 seconds
[2021-08-18 09:08:59,495] {scheduler_job.py:182} INFO - Started process (PID=946) to work on /home/airflow/.local/lib/python3.6/site-packages/airflow/example_dags/example_trigger_controller_dag.py
[2021-08-18 09:08:59,501] {scheduler_job.py:633} INFO - Processing file /home/airflow/.local/lib/python3.6/site-packages/airflow/example_dags/example_trigger_controller_dag.py for tasks to queue
[2021-08-18 09:08:59,504] {logging_mixin.py:104} INFO - [2021-08-18 09:08:59,504] {dagbag.py:487} INFO - Filling up the DagBag from /home/airflow/.local/lib/python3.6/site-packages/airflow/example_dags/example_trigger_controller_dag.py
[2021-08-18 09:08:59,526] {scheduler_job.py:643} INFO - DAG(s) dict_keys(['example_trigger_controller_dag']) retrieved from /home/airflow/.local/lib/python3.6/site-packages/airflow/example_dags/example_trigger_controller_dag.py
[2021-08-18 09:08:59,558] {logging_mixin.py:104} INFO - [2021-08-18 09:08:59,558] {dag.py:1832} INFO - Sync 1 DAGs
[2021-08-18 09:08:59,587] {logging_mixin.py:104} INFO - [2021-08-18 09:08:59,587] {dag.py:2305} INFO - Setting next_dagrun for example_trigger_controller_dag to 2021-08-16 00:00:00+00:00
[2021-08-18 09:08:59,606] {scheduler_job.py:190} INFO - Processing /home/airflow/.local/lib/python3.6/site-packages/airflow/example_dags/example_trigger_controller_dag.py took 0.117 seconds
[2021-08-18 09:09:29,842] {scheduler_job.py:182} INFO - Started process (PID=1023) to work on /home/airflow/.local/lib/python3.6/site-packages/airflow/example_dags/example_trigger_controller_dag.py
[2021-08-18 09:09:29,844] {scheduler_job.py:633} INFO - Processing file /home/airflow/.local/lib/python3.6/site-packages/airflow/example_dags/example_trigger_controller_dag.py for tasks to queue
[2021-08-18 09:09:29,846] {logging_mixin.py:104} INFO - [2021-08-18 09:09:29,846] {dagbag.py:487} INFO - Filling up the DagBag from /home/airflow/.local/lib/python3.6/site-packages/airflow/example_dags/example_trigger_controller_dag.py
[2021-08-18 09:09:29,863] {scheduler_job.py:643} INFO - DAG(s) dict_keys(['example_trigger_controller_dag']) retrieved from /home/airflow/.local/lib/python3.6/site-packages/airflow/example_dags/example_trigger_controller_dag.py
[2021-08-18 09:09:29,888] {logging_mixin.py:104} INFO - [2021-08-18 09:09:29,888] {dag.py:1832} INFO - Sync 1 DAGs
[2021-08-18 09:09:29,906] {logging_mixin.py:104} INFO - [2021-08-18 09:09:29,905] {dag.py:2305} INFO - Setting next_dagrun for example_trigger_controller_dag to 2021-08-16 00:00:00+00:00
[2021-08-18 09:09:29,916] {scheduler_job.py:190} INFO - Processing /home/airflow/.local/lib/python3.6/site-packages/airflow/example_dags/example_trigger_controller_dag.py took 0.078 seconds
[2021-08-18 09:10:00,225] {scheduler_job.py:182} INFO - Started process (PID=1085) to work on /home/airflow/.local/lib/python3.6/site-packages/airflow/example_dags/example_trigger_controller_dag.py
[2021-08-18 09:10:00,227] {scheduler_job.py:633} INFO - Processing file /home/airflow/.local/lib/python3.6/site-packages/airflow/example_dags/example_trigger_controller_dag.py for tasks to queue
[2021-08-18 09:10:00,230] {logging_mixin.py:104} INFO - [2021-08-18 09:10:00,230] {dagbag.py:487} INFO - Filling up the DagBag from /home/airflow/.local/lib/python3.6/site-packages/airflow/example_dags/example_trigger_controller_dag.py
[2021-08-18 09:10:00,245] {scheduler_job.py:643} INFO - DAG(s) dict_keys(['example_trigger_controller_dag']) retrieved from /home/airflow/.local/lib/python3.6/site-packages/airflow/example_dags/example_trigger_controller_dag.py
[2021-08-18 09:10:00,268] {logging_mixin.py:104} INFO - [2021-08-18 09:10:00,268] {dag.py:1832} INFO - Sync 1 DAGs
[2021-08-18 09:10:00,286] {logging_mixin.py:104} INFO - [2021-08-18 09:10:00,286] {dag.py:2305} INFO - Setting next_dagrun for example_trigger_controller_dag to 2021-08-16 00:00:00+00:00
[2021-08-18 09:10:00,297] {scheduler_job.py:190} INFO - Processing /home/airflow/.local/lib/python3.6/site-packages/airflow/example_dags/example_trigger_controller_dag.py took 0.076 seconds
[2021-08-18 09:10:30,827] {scheduler_job.py:182} INFO - Started process (PID=1163) to work on /home/airflow/.local/lib/python3.6/site-packages/airflow/example_dags/example_trigger_controller_dag.py
[2021-08-18 09:10:30,828] {scheduler_job.py:633} INFO - Processing file /home/airflow/.local/lib/python3.6/site-packages/airflow/example_dags/example_trigger_controller_dag.py for tasks to queue
[2021-08-18 09:10:30,830] {logging_mixin.py:104} INFO - [2021-08-18 09:10:30,829] {dagbag.py:487} INFO - Filling up the DagBag from /home/airflow/.local/lib/python3.6/site-packages/airflow/example_dags/example_trigger_controller_dag.py
[2021-08-18 09:10:30,844] {scheduler_job.py:643} INFO - DAG(s) dict_keys(['example_trigger_controller_dag']) retrieved from /home/airflow/.local/lib/python3.6/site-packages/airflow/example_dags/example_trigger_controller_dag.py
[2021-08-18 09:10:30,872] {logging_mixin.py:104} INFO - [2021-08-18 09:10:30,871] {dag.py:1832} INFO - Sync 1 DAGs
[2021-08-18 09:10:30,893] {logging_mixin.py:104} INFO - [2021-08-18 09:10:30,893] {dag.py:2305} INFO - Setting next_dagrun for example_trigger_controller_dag to 2021-08-16 00:00:00+00:00
[2021-08-18 09:10:30,905] {scheduler_job.py:190} INFO - Processing /home/airflow/.local/lib/python3.6/site-packages/airflow/example_dags/example_trigger_controller_dag.py took 0.082 seconds
[2021-08-18 09:11:01,105] {scheduler_job.py:182} INFO - Started process (PID=1225) to work on /home/airflow/.local/lib/python3.6/site-packages/airflow/example_dags/example_trigger_controller_dag.py
[2021-08-18 09:11:01,107] {scheduler_job.py:633} INFO - Processing file /home/airflow/.local/lib/python3.6/site-packages/airflow/example_dags/example_trigger_controller_dag.py for tasks to queue
[2021-08-18 09:11:01,109] {logging_mixin.py:104} INFO - [2021-08-18 09:11:01,108] {dagbag.py:487} INFO - Filling up the DagBag from /home/airflow/.local/lib/python3.6/site-packages/airflow/example_dags/example_trigger_controller_dag.py
[2021-08-18 09:11:01,128] {scheduler_job.py:643} INFO - DAG(s) dict_keys(['example_trigger_controller_dag']) retrieved from /home/airflow/.local/lib/python3.6/site-packages/airflow/example_dags/example_trigger_controller_dag.py
[2021-08-18 09:11:01,158] {logging_mixin.py:104} INFO - [2021-08-18 09:11:01,158] {dag.py:1832} INFO - Sync 1 DAGs
[2021-08-18 09:11:01,178] {logging_mixin.py:104} INFO - [2021-08-18 09:11:01,178] {dag.py:2305} INFO - Setting next_dagrun for example_trigger_controller_dag to 2021-08-16 00:00:00+00:00
[2021-08-18 09:11:01,190] {scheduler_job.py:190} INFO - Processing /home/airflow/.local/lib/python3.6/site-packages/airflow/example_dags/example_trigger_controller_dag.py took 0.088 seconds
[2021-08-18 09:11:31,537] {scheduler_job.py:182} INFO - Started process (PID=1303) to work on /home/airflow/.local/lib/python3.6/site-packages/airflow/example_dags/example_trigger_controller_dag.py
[2021-08-18 09:11:31,541] {scheduler_job.py:633} INFO - Processing file /home/airflow/.local/lib/python3.6/site-packages/airflow/example_dags/example_trigger_controller_dag.py for tasks to queue
[2021-08-18 09:11:31,542] {logging_mixin.py:104} INFO - [2021-08-18 09:11:31,542] {dagbag.py:487} INFO - Filling up the DagBag from /home/airflow/.local/lib/python3.6/site-packages/airflow/example_dags/example_trigger_controller_dag.py
[2021-08-18 09:11:31,555] {scheduler_job.py:643} INFO - DAG(s) dict_keys(['example_trigger_controller_dag']) retrieved from /home/airflow/.local/lib/python3.6/site-packages/airflow/example_dags/example_trigger_controller_dag.py
[2021-08-18 09:11:31,557] {logging_mixin.py:104} INFO - [2021-08-18 09:11:31,557] {dag.py:1832} INFO - Sync 1 DAGs
[2021-08-18 09:11:31,577] {logging_mixin.py:104} INFO - [2021-08-18 09:11:31,577] {dag.py:2305} INFO - Setting next_dagrun for example_trigger_controller_dag to 2021-08-16 00:00:00+00:00
[2021-08-18 09:11:31,587] {scheduler_job.py:190} INFO - Processing /home/airflow/.local/lib/python3.6/site-packages/airflow/example_dags/example_trigger_controller_dag.py took 0.076 seconds
[2021-08-18 09:12:02,281] {scheduler_job.py:182} INFO - Started process (PID=1380) to work on /home/airflow/.local/lib/python3.6/site-packages/airflow/example_dags/example_trigger_controller_dag.py
[2021-08-18 09:12:02,283] {scheduler_job.py:633} INFO - Processing file /home/airflow/.local/lib/python3.6/site-packages/airflow/example_dags/example_trigger_controller_dag.py for tasks to queue
[2021-08-18 09:12:02,284] {logging_mixin.py:104} INFO - [2021-08-18 09:12:02,284] {dagbag.py:487} INFO - Filling up the DagBag from /home/airflow/.local/lib/python3.6/site-packages/airflow/example_dags/example_trigger_controller_dag.py
[2021-08-18 09:12:02,300] {scheduler_job.py:643} INFO - DAG(s) dict_keys(['example_trigger_controller_dag']) retrieved from /home/airflow/.local/lib/python3.6/site-packages/airflow/example_dags/example_trigger_controller_dag.py
[2021-08-18 09:12:02,324] {logging_mixin.py:104} INFO - [2021-08-18 09:12:02,324] {dag.py:1832} INFO - Sync 1 DAGs
[2021-08-18 09:12:02,341] {logging_mixin.py:104} INFO - [2021-08-18 09:12:02,341] {dag.py:2305} INFO - Setting next_dagrun for example_trigger_controller_dag to 2021-08-16 00:00:00+00:00
[2021-08-18 09:12:02,351] {scheduler_job.py:190} INFO - Processing /home/airflow/.local/lib/python3.6/site-packages/airflow/example_dags/example_trigger_controller_dag.py took 0.073 seconds
[2021-08-18 09:12:32,846] {scheduler_job.py:182} INFO - Started process (PID=1442) to work on /home/airflow/.local/lib/python3.6/site-packages/airflow/example_dags/example_trigger_controller_dag.py
[2021-08-18 09:12:32,853] {scheduler_job.py:633} INFO - Processing file /home/airflow/.local/lib/python3.6/site-packages/airflow/example_dags/example_trigger_controller_dag.py for tasks to queue
[2021-08-18 09:12:32,855] {logging_mixin.py:104} INFO - [2021-08-18 09:12:32,855] {dagbag.py:487} INFO - Filling up the DagBag from /home/airflow/.local/lib/python3.6/site-packages/airflow/example_dags/example_trigger_controller_dag.py
[2021-08-18 09:12:32,873] {scheduler_job.py:643} INFO - DAG(s) dict_keys(['example_trigger_controller_dag']) retrieved from /home/airflow/.local/lib/python3.6/site-packages/airflow/example_dags/example_trigger_controller_dag.py
[2021-08-18 09:12:32,906] {logging_mixin.py:104} INFO - [2021-08-18 09:12:32,905] {dag.py:1832} INFO - Sync 1 DAGs
[2021-08-18 09:12:32,946] {logging_mixin.py:104} INFO - [2021-08-18 09:12:32,946] {dag.py:2305} INFO - Setting next_dagrun for example_trigger_controller_dag to 2021-08-16 00:00:00+00:00
[2021-08-18 09:12:32,961] {scheduler_job.py:190} INFO - Processing /home/airflow/.local/lib/python3.6/site-packages/airflow/example_dags/example_trigger_controller_dag.py took 0.121 seconds
[2021-08-18 09:13:03,584] {scheduler_job.py:182} INFO - Started process (PID=1519) to work on /home/airflow/.local/lib/python3.6/site-packages/airflow/example_dags/example_trigger_controller_dag.py
[2021-08-18 09:13:03,586] {scheduler_job.py:633} INFO - Processing file /home/airflow/.local/lib/python3.6/site-packages/airflow/example_dags/example_trigger_controller_dag.py for tasks to queue
[2021-08-18 09:13:03,588] {logging_mixin.py:104} INFO - [2021-08-18 09:13:03,588] {dagbag.py:487} INFO - Filling up the DagBag from /home/airflow/.local/lib/python3.6/site-packages/airflow/example_dags/example_trigger_controller_dag.py
[2021-08-18 09:13:03,603] {scheduler_job.py:643} INFO - DAG(s) dict_keys(['example_trigger_controller_dag']) retrieved from /home/airflow/.local/lib/python3.6/site-packages/airflow/example_dags/example_trigger_controller_dag.py
[2021-08-18 09:13:03,628] {logging_mixin.py:104} INFO - [2021-08-18 09:13:03,628] {dag.py:1832} INFO - Sync 1 DAGs
[2021-08-18 09:13:03,646] {logging_mixin.py:104} INFO - [2021-08-18 09:13:03,646] {dag.py:2305} INFO - Setting next_dagrun for example_trigger_controller_dag to 2021-08-16 00:00:00+00:00
[2021-08-18 09:13:03,659] {scheduler_job.py:190} INFO - Processing /home/airflow/.local/lib/python3.6/site-packages/airflow/example_dags/example_trigger_controller_dag.py took 0.079 seconds
[2021-08-18 09:13:34,569] {scheduler_job.py:182} INFO - Started process (PID=1592) to work on /home/airflow/.local/lib/python3.6/site-packages/airflow/example_dags/example_trigger_controller_dag.py
[2021-08-18 09:13:34,574] {scheduler_job.py:633} INFO - Processing file /home/airflow/.local/lib/python3.6/site-packages/airflow/example_dags/example_trigger_controller_dag.py for tasks to queue
[2021-08-18 09:13:34,575] {logging_mixin.py:104} INFO - [2021-08-18 09:13:34,575] {dagbag.py:487} INFO - Filling up the DagBag from /home/airflow/.local/lib/python3.6/site-packages/airflow/example_dags/example_trigger_controller_dag.py
[2021-08-18 09:13:34,589] {scheduler_job.py:643} INFO - DAG(s) dict_keys(['example_trigger_controller_dag']) retrieved from /home/airflow/.local/lib/python3.6/site-packages/airflow/example_dags/example_trigger_controller_dag.py
[2021-08-18 09:13:34,627] {logging_mixin.py:104} INFO - [2021-08-18 09:13:34,626] {dag.py:1832} INFO - Sync 1 DAGs
[2021-08-18 09:13:34,652] {logging_mixin.py:104} INFO - [2021-08-18 09:13:34,652] {dag.py:2305} INFO - Setting next_dagrun for example_trigger_controller_dag to 2021-08-16 00:00:00+00:00
[2021-08-18 09:13:34,679] {scheduler_job.py:190} INFO - Processing /home/airflow/.local/lib/python3.6/site-packages/airflow/example_dags/example_trigger_controller_dag.py took 0.119 seconds
[2021-08-18 09:14:04,766] {scheduler_job.py:182} INFO - Started process (PID=1644) to work on /home/airflow/.local/lib/python3.6/site-packages/airflow/example_dags/example_trigger_controller_dag.py
[2021-08-18 09:14:04,768] {scheduler_job.py:633} INFO - Processing file /home/airflow/.local/lib/python3.6/site-packages/airflow/example_dags/example_trigger_controller_dag.py for tasks to queue
[2021-08-18 09:14:04,770] {logging_mixin.py:104} INFO - [2021-08-18 09:14:04,770] {dagbag.py:487} INFO - Filling up the DagBag from /home/airflow/.local/lib/python3.6/site-packages/airflow/example_dags/example_trigger_controller_dag.py
[2021-08-18 09:14:04,795] {scheduler_job.py:643} INFO - DAG(s) dict_keys(['example_trigger_controller_dag']) retrieved from /home/airflow/.local/lib/python3.6/site-packages/airflow/example_dags/example_trigger_controller_dag.py
[2021-08-18 09:14:04,832] {logging_mixin.py:104} INFO - [2021-08-18 09:14:04,832] {dag.py:1832} INFO - Sync 1 DAGs
[2021-08-18 09:14:04,859] {logging_mixin.py:104} INFO - [2021-08-18 09:14:04,858] {dag.py:2305} INFO - Setting next_dagrun for example_trigger_controller_dag to 2021-08-16 00:00:00+00:00
[2021-08-18 09:14:04,882] {scheduler_job.py:190} INFO - Processing /home/airflow/.local/lib/python3.6/site-packages/airflow/example_dags/example_trigger_controller_dag.py took 0.121 seconds
[2021-08-18 09:14:35,911] {scheduler_job.py:182} INFO - Started process (PID=1721) to work on /home/airflow/.local/lib/python3.6/site-packages/airflow/example_dags/example_trigger_controller_dag.py
[2021-08-18 09:14:35,913] {scheduler_job.py:633} INFO - Processing file /home/airflow/.local/lib/python3.6/site-packages/airflow/example_dags/example_trigger_controller_dag.py for tasks to queue
[2021-08-18 09:14:35,914] {logging_mixin.py:104} INFO - [2021-08-18 09:14:35,914] {dagbag.py:487} INFO - Filling up the DagBag from /home/airflow/.local/lib/python3.6/site-packages/airflow/example_dags/example_trigger_controller_dag.py
[2021-08-18 09:14:35,927] {scheduler_job.py:643} INFO - DAG(s) dict_keys(['example_trigger_controller_dag']) retrieved from /home/airflow/.local/lib/python3.6/site-packages/airflow/example_dags/example_trigger_controller_dag.py
[2021-08-18 09:14:35,950] {logging_mixin.py:104} INFO - [2021-08-18 09:14:35,949] {dag.py:1832} INFO - Sync 1 DAGs
[2021-08-18 09:14:35,968] {logging_mixin.py:104} INFO - [2021-08-18 09:14:35,968] {dag.py:2305} INFO - Setting next_dagrun for example_trigger_controller_dag to 2021-08-16 00:00:00+00:00
[2021-08-18 09:14:35,979] {scheduler_job.py:190} INFO - Processing /home/airflow/.local/lib/python3.6/site-packages/airflow/example_dags/example_trigger_controller_dag.py took 0.072 seconds
[2021-08-18 09:15:06,871] {scheduler_job.py:182} INFO - Started process (PID=1791) to work on /home/airflow/.local/lib/python3.6/site-packages/airflow/example_dags/example_trigger_controller_dag.py
[2021-08-18 09:15:06,873] {scheduler_job.py:633} INFO - Processing file /home/airflow/.local/lib/python3.6/site-packages/airflow/example_dags/example_trigger_controller_dag.py for tasks to queue
[2021-08-18 09:15:06,874] {logging_mixin.py:104} INFO - [2021-08-18 09:15:06,874] {dagbag.py:487} INFO - Filling up the DagBag from /home/airflow/.local/lib/python3.6/site-packages/airflow/example_dags/example_trigger_controller_dag.py
[2021-08-18 09:15:06,888] {scheduler_job.py:643} INFO - DAG(s) dict_keys(['example_trigger_controller_dag']) retrieved from /home/airflow/.local/lib/python3.6/site-packages/airflow/example_dags/example_trigger_controller_dag.py
[2021-08-18 09:15:06,911] {logging_mixin.py:104} INFO - [2021-08-18 09:15:06,911] {dag.py:1832} INFO - Sync 1 DAGs
[2021-08-18 09:15:06,931] {logging_mixin.py:104} INFO - [2021-08-18 09:15:06,931] {dag.py:2305} INFO - Setting next_dagrun for example_trigger_controller_dag to 2021-08-16 00:00:00+00:00
[2021-08-18 09:15:06,942] {scheduler_job.py:190} INFO - Processing /home/airflow/.local/lib/python3.6/site-packages/airflow/example_dags/example_trigger_controller_dag.py took 0.075 seconds
[2021-08-18 09:15:37,268] {scheduler_job.py:182} INFO - Started process (PID=1860) to work on /home/airflow/.local/lib/python3.6/site-packages/airflow/example_dags/example_trigger_controller_dag.py
[2021-08-18 09:15:37,270] {scheduler_job.py:633} INFO - Processing file /home/airflow/.local/lib/python3.6/site-packages/airflow/example_dags/example_trigger_controller_dag.py for tasks to queue
[2021-08-18 09:15:37,271] {logging_mixin.py:104} INFO - [2021-08-18 09:15:37,271] {dagbag.py:487} INFO - Filling up the DagBag from /home/airflow/.local/lib/python3.6/site-packages/airflow/example_dags/example_trigger_controller_dag.py
[2021-08-18 09:15:37,286] {scheduler_job.py:643} INFO - DAG(s) dict_keys(['example_trigger_controller_dag']) retrieved from /home/airflow/.local/lib/python3.6/site-packages/airflow/example_dags/example_trigger_controller_dag.py
[2021-08-18 09:15:37,314] {logging_mixin.py:104} INFO - [2021-08-18 09:15:37,314] {dag.py:1832} INFO - Sync 1 DAGs
[2021-08-18 09:15:37,336] {logging_mixin.py:104} INFO - [2021-08-18 09:15:37,336] {dag.py:2305} INFO - Setting next_dagrun for example_trigger_controller_dag to 2021-08-16 00:00:00+00:00
[2021-08-18 09:15:37,348] {scheduler_job.py:190} INFO - Processing /home/airflow/.local/lib/python3.6/site-packages/airflow/example_dags/example_trigger_controller_dag.py took 0.085 seconds
[2021-08-18 09:16:07,808] {scheduler_job.py:182} INFO - Started process (PID=1936) to work on /home/airflow/.local/lib/python3.6/site-packages/airflow/example_dags/example_trigger_controller_dag.py
[2021-08-18 09:16:07,810] {scheduler_job.py:633} INFO - Processing file /home/airflow/.local/lib/python3.6/site-packages/airflow/example_dags/example_trigger_controller_dag.py for tasks to queue
[2021-08-18 09:16:07,812] {logging_mixin.py:104} INFO - [2021-08-18 09:16:07,812] {dagbag.py:487} INFO - Filling up the DagBag from /home/airflow/.local/lib/python3.6/site-packages/airflow/example_dags/example_trigger_controller_dag.py
[2021-08-18 09:16:07,826] {scheduler_job.py:643} INFO - DAG(s) dict_keys(['example_trigger_controller_dag']) retrieved from /home/airflow/.local/lib/python3.6/site-packages/airflow/example_dags/example_trigger_controller_dag.py
[2021-08-18 09:16:07,851] {logging_mixin.py:104} INFO - [2021-08-18 09:16:07,851] {dag.py:1832} INFO - Sync 1 DAGs
[2021-08-18 09:16:07,871] {logging_mixin.py:104} INFO - [2021-08-18 09:16:07,871] {dag.py:2305} INFO - Setting next_dagrun for example_trigger_controller_dag to 2021-08-16 00:00:00+00:00
[2021-08-18 09:16:07,882] {scheduler_job.py:190} INFO - Processing /home/airflow/.local/lib/python3.6/site-packages/airflow/example_dags/example_trigger_controller_dag.py took 0.079 seconds
[2021-08-18 09:16:38,479] {scheduler_job.py:182} INFO - Started process (PID=1998) to work on /home/airflow/.local/lib/python3.6/site-packages/airflow/example_dags/example_trigger_controller_dag.py
[2021-08-18 09:16:38,489] {scheduler_job.py:633} INFO - Processing file /home/airflow/.local/lib/python3.6/site-packages/airflow/example_dags/example_trigger_controller_dag.py for tasks to queue
[2021-08-18 09:16:38,490] {logging_mixin.py:104} INFO - [2021-08-18 09:16:38,490] {dagbag.py:487} INFO - Filling up the DagBag from /home/airflow/.local/lib/python3.6/site-packages/airflow/example_dags/example_trigger_controller_dag.py
[2021-08-18 09:16:38,505] {scheduler_job.py:643} INFO - DAG(s) dict_keys(['example_trigger_controller_dag']) retrieved from /home/airflow/.local/lib/python3.6/site-packages/airflow/example_dags/example_trigger_controller_dag.py
[2021-08-18 09:16:38,533] {logging_mixin.py:104} INFO - [2021-08-18 09:16:38,533] {dag.py:1832} INFO - Sync 1 DAGs
[2021-08-18 09:16:38,579] {logging_mixin.py:104} INFO - [2021-08-18 09:16:38,579] {dag.py:2305} INFO - Setting next_dagrun for example_trigger_controller_dag to 2021-08-16 00:00:00+00:00
[2021-08-18 09:16:38,606] {scheduler_job.py:190} INFO - Processing /home/airflow/.local/lib/python3.6/site-packages/airflow/example_dags/example_trigger_controller_dag.py took 0.131 seconds
[2021-08-18 09:17:35,564] {scheduler_job.py:182} INFO - Started process (PID=47) to work on /home/airflow/.local/lib/python3.6/site-packages/airflow/example_dags/example_trigger_controller_dag.py
[2021-08-18 09:17:35,566] {scheduler_job.py:633} INFO - Processing file /home/airflow/.local/lib/python3.6/site-packages/airflow/example_dags/example_trigger_controller_dag.py for tasks to queue
[2021-08-18 09:17:35,567] {logging_mixin.py:104} INFO - [2021-08-18 09:17:35,567] {dagbag.py:487} INFO - Filling up the DagBag from /home/airflow/.local/lib/python3.6/site-packages/airflow/example_dags/example_trigger_controller_dag.py
[2021-08-18 09:17:35,580] {scheduler_job.py:643} INFO - DAG(s) dict_keys(['example_trigger_controller_dag']) retrieved from /home/airflow/.local/lib/python3.6/site-packages/airflow/example_dags/example_trigger_controller_dag.py
[2021-08-18 09:17:35,605] {logging_mixin.py:104} INFO - [2021-08-18 09:17:35,605] {dag.py:1832} INFO - Sync 1 DAGs
[2021-08-18 09:17:35,626] {logging_mixin.py:104} INFO - [2021-08-18 09:17:35,626] {dag.py:2305} INFO - Setting next_dagrun for example_trigger_controller_dag to 2021-08-16 00:00:00+00:00
[2021-08-18 09:17:35,639] {scheduler_job.py:190} INFO - Processing /home/airflow/.local/lib/python3.6/site-packages/airflow/example_dags/example_trigger_controller_dag.py took 0.077 seconds
[2021-08-18 09:18:06,451] {scheduler_job.py:182} INFO - Started process (PID=124) to work on /home/airflow/.local/lib/python3.6/site-packages/airflow/example_dags/example_trigger_controller_dag.py
[2021-08-18 09:18:06,453] {scheduler_job.py:633} INFO - Processing file /home/airflow/.local/lib/python3.6/site-packages/airflow/example_dags/example_trigger_controller_dag.py for tasks to queue
[2021-08-18 09:18:06,456] {logging_mixin.py:104} INFO - [2021-08-18 09:18:06,456] {dagbag.py:487} INFO - Filling up the DagBag from /home/airflow/.local/lib/python3.6/site-packages/airflow/example_dags/example_trigger_controller_dag.py
[2021-08-18 09:18:06,467] {scheduler_job.py:643} INFO - DAG(s) dict_keys(['example_trigger_controller_dag']) retrieved from /home/airflow/.local/lib/python3.6/site-packages/airflow/example_dags/example_trigger_controller_dag.py
[2021-08-18 09:18:06,490] {logging_mixin.py:104} INFO - [2021-08-18 09:18:06,489] {dag.py:1832} INFO - Sync 1 DAGs
[2021-08-18 09:18:06,507] {logging_mixin.py:104} INFO - [2021-08-18 09:18:06,507] {dag.py:2305} INFO - Setting next_dagrun for example_trigger_controller_dag to 2021-08-16 00:00:00+00:00
[2021-08-18 09:18:06,517] {scheduler_job.py:190} INFO - Processing /home/airflow/.local/lib/python3.6/site-packages/airflow/example_dags/example_trigger_controller_dag.py took 0.070 seconds
[2021-08-18 09:18:37,741] {scheduler_job.py:182} INFO - Started process (PID=187) to work on /home/airflow/.local/lib/python3.6/site-packages/airflow/example_dags/example_trigger_controller_dag.py
[2021-08-18 09:18:37,743] {scheduler_job.py:633} INFO - Processing file /home/airflow/.local/lib/python3.6/site-packages/airflow/example_dags/example_trigger_controller_dag.py for tasks to queue
[2021-08-18 09:18:37,745] {logging_mixin.py:104} INFO - [2021-08-18 09:18:37,745] {dagbag.py:487} INFO - Filling up the DagBag from /home/airflow/.local/lib/python3.6/site-packages/airflow/example_dags/example_trigger_controller_dag.py
[2021-08-18 09:18:37,765] {scheduler_job.py:643} INFO - DAG(s) dict_keys(['example_trigger_controller_dag']) retrieved from /home/airflow/.local/lib/python3.6/site-packages/airflow/example_dags/example_trigger_controller_dag.py
[2021-08-18 09:18:37,792] {logging_mixin.py:104} INFO - [2021-08-18 09:18:37,791] {dag.py:1832} INFO - Sync 1 DAGs
[2021-08-18 09:18:37,817] {logging_mixin.py:104} INFO - [2021-08-18 09:18:37,817] {dag.py:2305} INFO - Setting next_dagrun for example_trigger_controller_dag to 2021-08-16 00:00:00+00:00
[2021-08-18 09:18:37,829] {scheduler_job.py:190} INFO - Processing /home/airflow/.local/lib/python3.6/site-packages/airflow/example_dags/example_trigger_controller_dag.py took 0.093 seconds
[2021-08-18 09:19:07,964] {scheduler_job.py:182} INFO - Started process (PID=264) to work on /home/airflow/.local/lib/python3.6/site-packages/airflow/example_dags/example_trigger_controller_dag.py
[2021-08-18 09:19:07,966] {scheduler_job.py:633} INFO - Processing file /home/airflow/.local/lib/python3.6/site-packages/airflow/example_dags/example_trigger_controller_dag.py for tasks to queue
[2021-08-18 09:19:07,968] {logging_mixin.py:104} INFO - [2021-08-18 09:19:07,968] {dagbag.py:487} INFO - Filling up the DagBag from /home/airflow/.local/lib/python3.6/site-packages/airflow/example_dags/example_trigger_controller_dag.py
[2021-08-18 09:19:07,982] {scheduler_job.py:643} INFO - DAG(s) dict_keys(['example_trigger_controller_dag']) retrieved from /home/airflow/.local/lib/python3.6/site-packages/airflow/example_dags/example_trigger_controller_dag.py
[2021-08-18 09:19:08,011] {logging_mixin.py:104} INFO - [2021-08-18 09:19:08,011] {dag.py:1832} INFO - Sync 1 DAGs
[2021-08-18 09:19:08,030] {logging_mixin.py:104} INFO - [2021-08-18 09:19:08,030] {dag.py:2305} INFO - Setting next_dagrun for example_trigger_controller_dag to 2021-08-16 00:00:00+00:00
[2021-08-18 09:19:08,040] {scheduler_job.py:190} INFO - Processing /home/airflow/.local/lib/python3.6/site-packages/airflow/example_dags/example_trigger_controller_dag.py took 0.080 seconds
[2021-08-18 09:19:38,401] {scheduler_job.py:182} INFO - Started process (PID=337) to work on /home/airflow/.local/lib/python3.6/site-packages/airflow/example_dags/example_trigger_controller_dag.py
[2021-08-18 09:19:38,404] {scheduler_job.py:633} INFO - Processing file /home/airflow/.local/lib/python3.6/site-packages/airflow/example_dags/example_trigger_controller_dag.py for tasks to queue
[2021-08-18 09:19:38,405] {logging_mixin.py:104} INFO - [2021-08-18 09:19:38,405] {dagbag.py:487} INFO - Filling up the DagBag from /home/airflow/.local/lib/python3.6/site-packages/airflow/example_dags/example_trigger_controller_dag.py
[2021-08-18 09:19:38,431] {scheduler_job.py:643} INFO - DAG(s) dict_keys(['example_trigger_controller_dag']) retrieved from /home/airflow/.local/lib/python3.6/site-packages/airflow/example_dags/example_trigger_controller_dag.py
[2021-08-18 09:19:38,461] {logging_mixin.py:104} INFO - [2021-08-18 09:19:38,461] {dag.py:1832} INFO - Sync 1 DAGs
[2021-08-18 09:19:38,480] {logging_mixin.py:104} INFO - [2021-08-18 09:19:38,479] {dag.py:2305} INFO - Setting next_dagrun for example_trigger_controller_dag to 2021-08-16 00:00:00+00:00
[2021-08-18 09:19:38,491] {scheduler_job.py:190} INFO - Processing /home/airflow/.local/lib/python3.6/site-packages/airflow/example_dags/example_trigger_controller_dag.py took 0.095 seconds
[2021-08-18 09:20:08,642] {scheduler_job.py:182} INFO - Started process (PID=404) to work on /home/airflow/.local/lib/python3.6/site-packages/airflow/example_dags/example_trigger_controller_dag.py
[2021-08-18 09:20:08,645] {scheduler_job.py:633} INFO - Processing file /home/airflow/.local/lib/python3.6/site-packages/airflow/example_dags/example_trigger_controller_dag.py for tasks to queue
[2021-08-18 09:20:08,646] {logging_mixin.py:104} INFO - [2021-08-18 09:20:08,646] {dagbag.py:487} INFO - Filling up the DagBag from /home/airflow/.local/lib/python3.6/site-packages/airflow/example_dags/example_trigger_controller_dag.py
[2021-08-18 09:20:08,664] {scheduler_job.py:643} INFO - DAG(s) dict_keys(['example_trigger_controller_dag']) retrieved from /home/airflow/.local/lib/python3.6/site-packages/airflow/example_dags/example_trigger_controller_dag.py
[2021-08-18 09:20:08,695] {logging_mixin.py:104} INFO - [2021-08-18 09:20:08,695] {dag.py:1832} INFO - Sync 1 DAGs
[2021-08-18 09:20:08,720] {logging_mixin.py:104} INFO - [2021-08-18 09:20:08,719] {dag.py:2305} INFO - Setting next_dagrun for example_trigger_controller_dag to 2021-08-16 00:00:00+00:00
[2021-08-18 09:20:08,734] {scheduler_job.py:190} INFO - Processing /home/airflow/.local/lib/python3.6/site-packages/airflow/example_dags/example_trigger_controller_dag.py took 0.096 seconds
[2021-08-18 09:20:39,325] {scheduler_job.py:182} INFO - Started process (PID=482) to work on /home/airflow/.local/lib/python3.6/site-packages/airflow/example_dags/example_trigger_controller_dag.py
[2021-08-18 09:20:39,328] {scheduler_job.py:633} INFO - Processing file /home/airflow/.local/lib/python3.6/site-packages/airflow/example_dags/example_trigger_controller_dag.py for tasks to queue
[2021-08-18 09:20:39,329] {logging_mixin.py:104} INFO - [2021-08-18 09:20:39,329] {dagbag.py:487} INFO - Filling up the DagBag from /home/airflow/.local/lib/python3.6/site-packages/airflow/example_dags/example_trigger_controller_dag.py
[2021-08-18 09:20:39,342] {scheduler_job.py:643} INFO - DAG(s) dict_keys(['example_trigger_controller_dag']) retrieved from /home/airflow/.local/lib/python3.6/site-packages/airflow/example_dags/example_trigger_controller_dag.py
[2021-08-18 09:20:39,374] {logging_mixin.py:104} INFO - [2021-08-18 09:20:39,374] {dag.py:1832} INFO - Sync 1 DAGs
[2021-08-18 09:20:39,392] {logging_mixin.py:104} INFO - [2021-08-18 09:20:39,392] {dag.py:2305} INFO - Setting next_dagrun for example_trigger_controller_dag to 2021-08-16 00:00:00+00:00
[2021-08-18 09:20:39,405] {scheduler_job.py:190} INFO - Processing /home/airflow/.local/lib/python3.6/site-packages/airflow/example_dags/example_trigger_controller_dag.py took 0.084 seconds
[2021-08-18 09:21:09,542] {scheduler_job.py:182} INFO - Started process (PID=542) to work on /home/airflow/.local/lib/python3.6/site-packages/airflow/example_dags/example_trigger_controller_dag.py
[2021-08-18 09:21:09,544] {scheduler_job.py:633} INFO - Processing file /home/airflow/.local/lib/python3.6/site-packages/airflow/example_dags/example_trigger_controller_dag.py for tasks to queue
[2021-08-18 09:21:09,545] {logging_mixin.py:104} INFO - [2021-08-18 09:21:09,545] {dagbag.py:487} INFO - Filling up the DagBag from /home/airflow/.local/lib/python3.6/site-packages/airflow/example_dags/example_trigger_controller_dag.py
[2021-08-18 09:21:09,566] {scheduler_job.py:643} INFO - DAG(s) dict_keys(['example_trigger_controller_dag']) retrieved from /home/airflow/.local/lib/python3.6/site-packages/airflow/example_dags/example_trigger_controller_dag.py
[2021-08-18 09:21:09,590] {logging_mixin.py:104} INFO - [2021-08-18 09:21:09,590] {dag.py:1832} INFO - Sync 1 DAGs
[2021-08-18 09:21:09,614] {logging_mixin.py:104} INFO - [2021-08-18 09:21:09,614] {dag.py:2305} INFO - Setting next_dagrun for example_trigger_controller_dag to 2021-08-16 00:00:00+00:00
[2021-08-18 09:21:09,624] {scheduler_job.py:190} INFO - Processing /home/airflow/.local/lib/python3.6/site-packages/airflow/example_dags/example_trigger_controller_dag.py took 0.088 seconds
[2021-08-18 09:21:39,900] {scheduler_job.py:182} INFO - Started process (PID=621) to work on /home/airflow/.local/lib/python3.6/site-packages/airflow/example_dags/example_trigger_controller_dag.py
[2021-08-18 09:21:39,903] {scheduler_job.py:633} INFO - Processing file /home/airflow/.local/lib/python3.6/site-packages/airflow/example_dags/example_trigger_controller_dag.py for tasks to queue
[2021-08-18 09:21:39,906] {logging_mixin.py:104} INFO - [2021-08-18 09:21:39,905] {dagbag.py:487} INFO - Filling up the DagBag from /home/airflow/.local/lib/python3.6/site-packages/airflow/example_dags/example_trigger_controller_dag.py
[2021-08-18 09:21:39,919] {scheduler_job.py:643} INFO - DAG(s) dict_keys(['example_trigger_controller_dag']) retrieved from /home/airflow/.local/lib/python3.6/site-packages/airflow/example_dags/example_trigger_controller_dag.py
[2021-08-18 09:21:39,945] {logging_mixin.py:104} INFO - [2021-08-18 09:21:39,945] {dag.py:1832} INFO - Sync 1 DAGs
[2021-08-18 09:21:39,966] {logging_mixin.py:104} INFO - [2021-08-18 09:21:39,966] {dag.py:2305} INFO - Setting next_dagrun for example_trigger_controller_dag to 2021-08-16 00:00:00+00:00
[2021-08-18 09:21:39,977] {scheduler_job.py:190} INFO - Processing /home/airflow/.local/lib/python3.6/site-packages/airflow/example_dags/example_trigger_controller_dag.py took 0.081 seconds
[2021-08-18 09:22:10,163] {scheduler_job.py:182} INFO - Started process (PID=684) to work on /home/airflow/.local/lib/python3.6/site-packages/airflow/example_dags/example_trigger_controller_dag.py
[2021-08-18 09:22:10,165] {scheduler_job.py:633} INFO - Processing file /home/airflow/.local/lib/python3.6/site-packages/airflow/example_dags/example_trigger_controller_dag.py for tasks to queue
[2021-08-18 09:22:10,167] {logging_mixin.py:104} INFO - [2021-08-18 09:22:10,167] {dagbag.py:487} INFO - Filling up the DagBag from /home/airflow/.local/lib/python3.6/site-packages/airflow/example_dags/example_trigger_controller_dag.py
[2021-08-18 09:22:10,179] {scheduler_job.py:643} INFO - DAG(s) dict_keys(['example_trigger_controller_dag']) retrieved from /home/airflow/.local/lib/python3.6/site-packages/airflow/example_dags/example_trigger_controller_dag.py
[2021-08-18 09:22:10,212] {logging_mixin.py:104} INFO - [2021-08-18 09:22:10,211] {dag.py:1832} INFO - Sync 1 DAGs
[2021-08-18 09:22:10,229] {logging_mixin.py:104} INFO - [2021-08-18 09:22:10,229] {dag.py:2305} INFO - Setting next_dagrun for example_trigger_controller_dag to 2021-08-16 00:00:00+00:00
[2021-08-18 09:22:10,241] {scheduler_job.py:190} INFO - Processing /home/airflow/.local/lib/python3.6/site-packages/airflow/example_dags/example_trigger_controller_dag.py took 0.081 seconds
[2021-08-18 09:22:40,510] {scheduler_job.py:182} INFO - Started process (PID=761) to work on /home/airflow/.local/lib/python3.6/site-packages/airflow/example_dags/example_trigger_controller_dag.py
[2021-08-18 09:22:40,512] {scheduler_job.py:633} INFO - Processing file /home/airflow/.local/lib/python3.6/site-packages/airflow/example_dags/example_trigger_controller_dag.py for tasks to queue
[2021-08-18 09:22:40,514] {logging_mixin.py:104} INFO - [2021-08-18 09:22:40,513] {dagbag.py:487} INFO - Filling up the DagBag from /home/airflow/.local/lib/python3.6/site-packages/airflow/example_dags/example_trigger_controller_dag.py
[2021-08-18 09:22:40,526] {scheduler_job.py:643} INFO - DAG(s) dict_keys(['example_trigger_controller_dag']) retrieved from /home/airflow/.local/lib/python3.6/site-packages/airflow/example_dags/example_trigger_controller_dag.py
[2021-08-18 09:22:40,549] {logging_mixin.py:104} INFO - [2021-08-18 09:22:40,549] {dag.py:1832} INFO - Sync 1 DAGs
[2021-08-18 09:22:40,568] {logging_mixin.py:104} INFO - [2021-08-18 09:22:40,568] {dag.py:2305} INFO - Setting next_dagrun for example_trigger_controller_dag to 2021-08-16 00:00:00+00:00
[2021-08-18 09:22:40,579] {scheduler_job.py:190} INFO - Processing /home/airflow/.local/lib/python3.6/site-packages/airflow/example_dags/example_trigger_controller_dag.py took 0.073 seconds
[2021-08-18 09:23:10,636] {scheduler_job.py:182} INFO - Started process (PID=838) to work on /home/airflow/.local/lib/python3.6/site-packages/airflow/example_dags/example_trigger_controller_dag.py
[2021-08-18 09:23:10,638] {scheduler_job.py:633} INFO - Processing file /home/airflow/.local/lib/python3.6/site-packages/airflow/example_dags/example_trigger_controller_dag.py for tasks to queue
[2021-08-18 09:23:10,639] {logging_mixin.py:104} INFO - [2021-08-18 09:23:10,639] {dagbag.py:487} INFO - Filling up the DagBag from /home/airflow/.local/lib/python3.6/site-packages/airflow/example_dags/example_trigger_controller_dag.py
[2021-08-18 09:23:10,651] {scheduler_job.py:643} INFO - DAG(s) dict_keys(['example_trigger_controller_dag']) retrieved from /home/airflow/.local/lib/python3.6/site-packages/airflow/example_dags/example_trigger_controller_dag.py
[2021-08-18 09:23:10,675] {logging_mixin.py:104} INFO - [2021-08-18 09:23:10,674] {dag.py:1832} INFO - Sync 1 DAGs
[2021-08-18 09:23:10,691] {logging_mixin.py:104} INFO - [2021-08-18 09:23:10,691] {dag.py:2305} INFO - Setting next_dagrun for example_trigger_controller_dag to 2021-08-16 00:00:00+00:00
[2021-08-18 09:23:10,706] {scheduler_job.py:190} INFO - Processing /home/airflow/.local/lib/python3.6/site-packages/airflow/example_dags/example_trigger_controller_dag.py took 0.074 seconds
[2021-08-18 09:23:41,247] {scheduler_job.py:182} INFO - Started process (PID=912) to work on /home/airflow/.local/lib/python3.6/site-packages/airflow/example_dags/example_trigger_controller_dag.py
[2021-08-18 09:23:41,248] {scheduler_job.py:633} INFO - Processing file /home/airflow/.local/lib/python3.6/site-packages/airflow/example_dags/example_trigger_controller_dag.py for tasks to queue
[2021-08-18 09:23:41,250] {logging_mixin.py:104} INFO - [2021-08-18 09:23:41,250] {dagbag.py:487} INFO - Filling up the DagBag from /home/airflow/.local/lib/python3.6/site-packages/airflow/example_dags/example_trigger_controller_dag.py
[2021-08-18 09:23:41,261] {scheduler_job.py:643} INFO - DAG(s) dict_keys(['example_trigger_controller_dag']) retrieved from /home/airflow/.local/lib/python3.6/site-packages/airflow/example_dags/example_trigger_controller_dag.py
[2021-08-18 09:23:41,284] {logging_mixin.py:104} INFO - [2021-08-18 09:23:41,283] {dag.py:1832} INFO - Sync 1 DAGs
[2021-08-18 09:23:41,307] {logging_mixin.py:104} INFO - [2021-08-18 09:23:41,307] {dag.py:2305} INFO - Setting next_dagrun for example_trigger_controller_dag to 2021-08-16 00:00:00+00:00
[2021-08-18 09:23:41,323] {scheduler_job.py:190} INFO - Processing /home/airflow/.local/lib/python3.6/site-packages/airflow/example_dags/example_trigger_controller_dag.py took 0.080 seconds
[2021-08-18 09:24:11,454] {scheduler_job.py:182} INFO - Started process (PID=990) to work on /home/airflow/.local/lib/python3.6/site-packages/airflow/example_dags/example_trigger_controller_dag.py
[2021-08-18 09:24:11,456] {scheduler_job.py:633} INFO - Processing file /home/airflow/.local/lib/python3.6/site-packages/airflow/example_dags/example_trigger_controller_dag.py for tasks to queue
[2021-08-18 09:24:11,457] {logging_mixin.py:104} INFO - [2021-08-18 09:24:11,457] {dagbag.py:487} INFO - Filling up the DagBag from /home/airflow/.local/lib/python3.6/site-packages/airflow/example_dags/example_trigger_controller_dag.py
[2021-08-18 09:24:11,470] {scheduler_job.py:643} INFO - DAG(s) dict_keys(['example_trigger_controller_dag']) retrieved from /home/airflow/.local/lib/python3.6/site-packages/airflow/example_dags/example_trigger_controller_dag.py
[2021-08-18 09:24:11,490] {logging_mixin.py:104} INFO - [2021-08-18 09:24:11,490] {dag.py:1832} INFO - Sync 1 DAGs
[2021-08-18 09:24:11,508] {logging_mixin.py:104} INFO - [2021-08-18 09:24:11,508] {dag.py:2305} INFO - Setting next_dagrun for example_trigger_controller_dag to 2021-08-16 00:00:00+00:00
[2021-08-18 09:24:11,519] {scheduler_job.py:190} INFO - Processing /home/airflow/.local/lib/python3.6/site-packages/airflow/example_dags/example_trigger_controller_dag.py took 0.069 seconds
[2021-08-18 09:24:41,914] {scheduler_job.py:182} INFO - Started process (PID=1062) to work on /home/airflow/.local/lib/python3.6/site-packages/airflow/example_dags/example_trigger_controller_dag.py
[2021-08-18 09:24:41,917] {scheduler_job.py:633} INFO - Processing file /home/airflow/.local/lib/python3.6/site-packages/airflow/example_dags/example_trigger_controller_dag.py for tasks to queue
[2021-08-18 09:24:41,921] {logging_mixin.py:104} INFO - [2021-08-18 09:24:41,920] {dagbag.py:487} INFO - Filling up the DagBag from /home/airflow/.local/lib/python3.6/site-packages/airflow/example_dags/example_trigger_controller_dag.py
[2021-08-18 09:24:41,939] {scheduler_job.py:643} INFO - DAG(s) dict_keys(['example_trigger_controller_dag']) retrieved from /home/airflow/.local/lib/python3.6/site-packages/airflow/example_dags/example_trigger_controller_dag.py
[2021-08-18 09:24:41,978] {logging_mixin.py:104} INFO - [2021-08-18 09:24:41,978] {dag.py:1832} INFO - Sync 1 DAGs
[2021-08-18 09:24:42,023] {logging_mixin.py:104} INFO - [2021-08-18 09:24:42,022] {dag.py:2305} INFO - Setting next_dagrun for example_trigger_controller_dag to 2021-08-16 00:00:00+00:00
[2021-08-18 09:24:42,037] {scheduler_job.py:190} INFO - Processing /home/airflow/.local/lib/python3.6/site-packages/airflow/example_dags/example_trigger_controller_dag.py took 0.131 seconds
[2021-08-18 09:25:12,161] {scheduler_job.py:182} INFO - Started process (PID=1129) to work on /home/airflow/.local/lib/python3.6/site-packages/airflow/example_dags/example_trigger_controller_dag.py
[2021-08-18 09:25:12,163] {scheduler_job.py:633} INFO - Processing file /home/airflow/.local/lib/python3.6/site-packages/airflow/example_dags/example_trigger_controller_dag.py for tasks to queue
[2021-08-18 09:25:12,164] {logging_mixin.py:104} INFO - [2021-08-18 09:25:12,164] {dagbag.py:487} INFO - Filling up the DagBag from /home/airflow/.local/lib/python3.6/site-packages/airflow/example_dags/example_trigger_controller_dag.py
[2021-08-18 09:25:12,178] {scheduler_job.py:643} INFO - DAG(s) dict_keys(['example_trigger_controller_dag']) retrieved from /home/airflow/.local/lib/python3.6/site-packages/airflow/example_dags/example_trigger_controller_dag.py
[2021-08-18 09:25:12,203] {logging_mixin.py:104} INFO - [2021-08-18 09:25:12,203] {dag.py:1832} INFO - Sync 1 DAGs
[2021-08-18 09:25:12,223] {logging_mixin.py:104} INFO - [2021-08-18 09:25:12,222] {dag.py:2305} INFO - Setting next_dagrun for example_trigger_controller_dag to 2021-08-16 00:00:00+00:00
[2021-08-18 09:25:12,234] {scheduler_job.py:190} INFO - Processing /home/airflow/.local/lib/python3.6/site-packages/airflow/example_dags/example_trigger_controller_dag.py took 0.078 seconds
[2021-08-18 09:25:42,523] {scheduler_job.py:182} INFO - Started process (PID=1207) to work on /home/airflow/.local/lib/python3.6/site-packages/airflow/example_dags/example_trigger_controller_dag.py
[2021-08-18 09:25:42,526] {scheduler_job.py:633} INFO - Processing file /home/airflow/.local/lib/python3.6/site-packages/airflow/example_dags/example_trigger_controller_dag.py for tasks to queue
[2021-08-18 09:25:42,530] {logging_mixin.py:104} INFO - [2021-08-18 09:25:42,529] {dagbag.py:487} INFO - Filling up the DagBag from /home/airflow/.local/lib/python3.6/site-packages/airflow/example_dags/example_trigger_controller_dag.py
[2021-08-18 09:25:42,558] {scheduler_job.py:643} INFO - DAG(s) dict_keys(['example_trigger_controller_dag']) retrieved from /home/airflow/.local/lib/python3.6/site-packages/airflow/example_dags/example_trigger_controller_dag.py
[2021-08-18 09:25:42,584] {logging_mixin.py:104} INFO - [2021-08-18 09:25:42,584] {dag.py:1832} INFO - Sync 1 DAGs
[2021-08-18 09:25:42,604] {logging_mixin.py:104} INFO - [2021-08-18 09:25:42,604] {dag.py:2305} INFO - Setting next_dagrun for example_trigger_controller_dag to 2021-08-16 00:00:00+00:00
[2021-08-18 09:25:42,615] {scheduler_job.py:190} INFO - Processing /home/airflow/.local/lib/python3.6/site-packages/airflow/example_dags/example_trigger_controller_dag.py took 0.101 seconds
[2021-08-18 09:26:12,827] {scheduler_job.py:182} INFO - Started process (PID=1268) to work on /home/airflow/.local/lib/python3.6/site-packages/airflow/example_dags/example_trigger_controller_dag.py
[2021-08-18 09:26:12,829] {scheduler_job.py:633} INFO - Processing file /home/airflow/.local/lib/python3.6/site-packages/airflow/example_dags/example_trigger_controller_dag.py for tasks to queue
[2021-08-18 09:26:12,830] {logging_mixin.py:104} INFO - [2021-08-18 09:26:12,830] {dagbag.py:487} INFO - Filling up the DagBag from /home/airflow/.local/lib/python3.6/site-packages/airflow/example_dags/example_trigger_controller_dag.py
[2021-08-18 09:26:12,843] {scheduler_job.py:643} INFO - DAG(s) dict_keys(['example_trigger_controller_dag']) retrieved from /home/airflow/.local/lib/python3.6/site-packages/airflow/example_dags/example_trigger_controller_dag.py
[2021-08-18 09:26:12,866] {logging_mixin.py:104} INFO - [2021-08-18 09:26:12,866] {dag.py:1832} INFO - Sync 1 DAGs
[2021-08-18 09:26:12,884] {logging_mixin.py:104} INFO - [2021-08-18 09:26:12,884] {dag.py:2305} INFO - Setting next_dagrun for example_trigger_controller_dag to 2021-08-16 00:00:00+00:00
[2021-08-18 09:26:12,894] {scheduler_job.py:190} INFO - Processing /home/airflow/.local/lib/python3.6/site-packages/airflow/example_dags/example_trigger_controller_dag.py took 0.071 seconds
[2021-08-18 09:26:43,824] {scheduler_job.py:182} INFO - Started process (PID=1344) to work on /home/airflow/.local/lib/python3.6/site-packages/airflow/example_dags/example_trigger_controller_dag.py
[2021-08-18 09:26:43,826] {scheduler_job.py:633} INFO - Processing file /home/airflow/.local/lib/python3.6/site-packages/airflow/example_dags/example_trigger_controller_dag.py for tasks to queue
[2021-08-18 09:26:43,827] {logging_mixin.py:104} INFO - [2021-08-18 09:26:43,827] {dagbag.py:487} INFO - Filling up the DagBag from /home/airflow/.local/lib/python3.6/site-packages/airflow/example_dags/example_trigger_controller_dag.py
[2021-08-18 09:26:43,839] {scheduler_job.py:643} INFO - DAG(s) dict_keys(['example_trigger_controller_dag']) retrieved from /home/airflow/.local/lib/python3.6/site-packages/airflow/example_dags/example_trigger_controller_dag.py
[2021-08-18 09:26:43,860] {logging_mixin.py:104} INFO - [2021-08-18 09:26:43,860] {dag.py:1832} INFO - Sync 1 DAGs
[2021-08-18 09:26:43,875] {logging_mixin.py:104} INFO - [2021-08-18 09:26:43,875] {dag.py:2305} INFO - Setting next_dagrun for example_trigger_controller_dag to 2021-08-16 00:00:00+00:00
[2021-08-18 09:26:43,885] {scheduler_job.py:190} INFO - Processing /home/airflow/.local/lib/python3.6/site-packages/airflow/example_dags/example_trigger_controller_dag.py took 0.064 seconds
[2021-08-18 09:27:14,712] {scheduler_job.py:182} INFO - Started process (PID=1405) to work on /home/airflow/.local/lib/python3.6/site-packages/airflow/example_dags/example_trigger_controller_dag.py
[2021-08-18 09:27:14,715] {scheduler_job.py:633} INFO - Processing file /home/airflow/.local/lib/python3.6/site-packages/airflow/example_dags/example_trigger_controller_dag.py for tasks to queue
[2021-08-18 09:27:14,716] {logging_mixin.py:104} INFO - [2021-08-18 09:27:14,716] {dagbag.py:487} INFO - Filling up the DagBag from /home/airflow/.local/lib/python3.6/site-packages/airflow/example_dags/example_trigger_controller_dag.py
[2021-08-18 09:27:14,729] {scheduler_job.py:643} INFO - DAG(s) dict_keys(['example_trigger_controller_dag']) retrieved from /home/airflow/.local/lib/python3.6/site-packages/airflow/example_dags/example_trigger_controller_dag.py
[2021-08-18 09:27:14,752] {logging_mixin.py:104} INFO - [2021-08-18 09:27:14,752] {dag.py:1832} INFO - Sync 1 DAGs
[2021-08-18 09:27:14,769] {logging_mixin.py:104} INFO - [2021-08-18 09:27:14,769] {dag.py:2305} INFO - Setting next_dagrun for example_trigger_controller_dag to 2021-08-16 00:00:00+00:00
[2021-08-18 09:27:14,779] {scheduler_job.py:190} INFO - Processing /home/airflow/.local/lib/python3.6/site-packages/airflow/example_dags/example_trigger_controller_dag.py took 0.073 seconds
[2021-08-18 09:27:46,137] {scheduler_job.py:182} INFO - Started process (PID=1482) to work on /home/airflow/.local/lib/python3.6/site-packages/airflow/example_dags/example_trigger_controller_dag.py
[2021-08-18 09:27:46,139] {scheduler_job.py:633} INFO - Processing file /home/airflow/.local/lib/python3.6/site-packages/airflow/example_dags/example_trigger_controller_dag.py for tasks to queue
[2021-08-18 09:27:46,140] {logging_mixin.py:104} INFO - [2021-08-18 09:27:46,140] {dagbag.py:487} INFO - Filling up the DagBag from /home/airflow/.local/lib/python3.6/site-packages/airflow/example_dags/example_trigger_controller_dag.py
[2021-08-18 09:27:46,155] {scheduler_job.py:643} INFO - DAG(s) dict_keys(['example_trigger_controller_dag']) retrieved from /home/airflow/.local/lib/python3.6/site-packages/airflow/example_dags/example_trigger_controller_dag.py
[2021-08-18 09:27:46,179] {logging_mixin.py:104} INFO - [2021-08-18 09:27:46,179] {dag.py:1832} INFO - Sync 1 DAGs
[2021-08-18 09:27:46,198] {logging_mixin.py:104} INFO - [2021-08-18 09:27:46,198] {dag.py:2305} INFO - Setting next_dagrun for example_trigger_controller_dag to 2021-08-16 00:00:00+00:00
[2021-08-18 09:27:46,211] {scheduler_job.py:190} INFO - Processing /home/airflow/.local/lib/python3.6/site-packages/airflow/example_dags/example_trigger_controller_dag.py took 0.078 seconds
[2021-08-18 09:28:17,174] {scheduler_job.py:182} INFO - Started process (PID=1561) to work on /home/airflow/.local/lib/python3.6/site-packages/airflow/example_dags/example_trigger_controller_dag.py
[2021-08-18 09:28:17,177] {scheduler_job.py:633} INFO - Processing file /home/airflow/.local/lib/python3.6/site-packages/airflow/example_dags/example_trigger_controller_dag.py for tasks to queue
[2021-08-18 09:28:17,179] {logging_mixin.py:104} INFO - [2021-08-18 09:28:17,178] {dagbag.py:487} INFO - Filling up the DagBag from /home/airflow/.local/lib/python3.6/site-packages/airflow/example_dags/example_trigger_controller_dag.py
[2021-08-18 09:28:17,192] {scheduler_job.py:643} INFO - DAG(s) dict_keys(['example_trigger_controller_dag']) retrieved from /home/airflow/.local/lib/python3.6/site-packages/airflow/example_dags/example_trigger_controller_dag.py
[2021-08-18 09:28:17,217] {logging_mixin.py:104} INFO - [2021-08-18 09:28:17,217] {dag.py:1832} INFO - Sync 1 DAGs
[2021-08-18 09:28:17,236] {logging_mixin.py:104} INFO - [2021-08-18 09:28:17,236] {dag.py:2305} INFO - Setting next_dagrun for example_trigger_controller_dag to 2021-08-16 00:00:00+00:00
[2021-08-18 09:28:17,251] {scheduler_job.py:190} INFO - Processing /home/airflow/.local/lib/python3.6/site-packages/airflow/example_dags/example_trigger_controller_dag.py took 0.081 seconds
[2021-08-18 09:28:48,225] {scheduler_job.py:182} INFO - Started process (PID=1623) to work on /home/airflow/.local/lib/python3.6/site-packages/airflow/example_dags/example_trigger_controller_dag.py
[2021-08-18 09:28:48,227] {scheduler_job.py:633} INFO - Processing file /home/airflow/.local/lib/python3.6/site-packages/airflow/example_dags/example_trigger_controller_dag.py for tasks to queue
[2021-08-18 09:28:48,229] {logging_mixin.py:104} INFO - [2021-08-18 09:28:48,228] {dagbag.py:487} INFO - Filling up the DagBag from /home/airflow/.local/lib/python3.6/site-packages/airflow/example_dags/example_trigger_controller_dag.py
[2021-08-18 09:28:48,243] {scheduler_job.py:643} INFO - DAG(s) dict_keys(['example_trigger_controller_dag']) retrieved from /home/airflow/.local/lib/python3.6/site-packages/airflow/example_dags/example_trigger_controller_dag.py
[2021-08-18 09:28:48,266] {logging_mixin.py:104} INFO - [2021-08-18 09:28:48,266] {dag.py:1832} INFO - Sync 1 DAGs
[2021-08-18 09:28:48,283] {logging_mixin.py:104} INFO - [2021-08-18 09:28:48,283] {dag.py:2305} INFO - Setting next_dagrun for example_trigger_controller_dag to 2021-08-16 00:00:00+00:00
[2021-08-18 09:28:48,297] {scheduler_job.py:190} INFO - Processing /home/airflow/.local/lib/python3.6/site-packages/airflow/example_dags/example_trigger_controller_dag.py took 0.076 seconds
[2021-08-18 09:29:19,374] {scheduler_job.py:182} INFO - Started process (PID=1701) to work on /home/airflow/.local/lib/python3.6/site-packages/airflow/example_dags/example_trigger_controller_dag.py
[2021-08-18 09:29:19,376] {scheduler_job.py:633} INFO - Processing file /home/airflow/.local/lib/python3.6/site-packages/airflow/example_dags/example_trigger_controller_dag.py for tasks to queue
[2021-08-18 09:29:19,378] {logging_mixin.py:104} INFO - [2021-08-18 09:29:19,378] {dagbag.py:487} INFO - Filling up the DagBag from /home/airflow/.local/lib/python3.6/site-packages/airflow/example_dags/example_trigger_controller_dag.py
[2021-08-18 09:29:19,391] {scheduler_job.py:643} INFO - DAG(s) dict_keys(['example_trigger_controller_dag']) retrieved from /home/airflow/.local/lib/python3.6/site-packages/airflow/example_dags/example_trigger_controller_dag.py
[2021-08-18 09:29:19,413] {logging_mixin.py:104} INFO - [2021-08-18 09:29:19,413] {dag.py:1832} INFO - Sync 1 DAGs
[2021-08-18 09:29:19,430] {logging_mixin.py:104} INFO - [2021-08-18 09:29:19,430] {dag.py:2305} INFO - Setting next_dagrun for example_trigger_controller_dag to 2021-08-16 00:00:00+00:00
[2021-08-18 09:29:19,441] {scheduler_job.py:190} INFO - Processing /home/airflow/.local/lib/python3.6/site-packages/airflow/example_dags/example_trigger_controller_dag.py took 0.070 seconds
[2021-08-18 09:29:50,638] {scheduler_job.py:182} INFO - Started process (PID=1777) to work on /home/airflow/.local/lib/python3.6/site-packages/airflow/example_dags/example_trigger_controller_dag.py
[2021-08-18 09:29:50,641] {scheduler_job.py:633} INFO - Processing file /home/airflow/.local/lib/python3.6/site-packages/airflow/example_dags/example_trigger_controller_dag.py for tasks to queue
[2021-08-18 09:29:50,643] {logging_mixin.py:104} INFO - [2021-08-18 09:29:50,643] {dagbag.py:487} INFO - Filling up the DagBag from /home/airflow/.local/lib/python3.6/site-packages/airflow/example_dags/example_trigger_controller_dag.py
[2021-08-18 09:29:50,656] {scheduler_job.py:643} INFO - DAG(s) dict_keys(['example_trigger_controller_dag']) retrieved from /home/airflow/.local/lib/python3.6/site-packages/airflow/example_dags/example_trigger_controller_dag.py
[2021-08-18 09:29:50,687] {logging_mixin.py:104} INFO - [2021-08-18 09:29:50,687] {dag.py:1832} INFO - Sync 1 DAGs
[2021-08-18 09:29:50,706] {logging_mixin.py:104} INFO - [2021-08-18 09:29:50,705] {dag.py:2305} INFO - Setting next_dagrun for example_trigger_controller_dag to 2021-08-16 00:00:00+00:00
[2021-08-18 09:29:50,719] {scheduler_job.py:190} INFO - Processing /home/airflow/.local/lib/python3.6/site-packages/airflow/example_dags/example_trigger_controller_dag.py took 0.086 seconds
[2021-08-18 09:30:21,789] {scheduler_job.py:182} INFO - Started process (PID=1848) to work on /home/airflow/.local/lib/python3.6/site-packages/airflow/example_dags/example_trigger_controller_dag.py
[2021-08-18 09:30:21,791] {scheduler_job.py:633} INFO - Processing file /home/airflow/.local/lib/python3.6/site-packages/airflow/example_dags/example_trigger_controller_dag.py for tasks to queue
[2021-08-18 09:30:21,793] {logging_mixin.py:104} INFO - [2021-08-18 09:30:21,792] {dagbag.py:487} INFO - Filling up the DagBag from /home/airflow/.local/lib/python3.6/site-packages/airflow/example_dags/example_trigger_controller_dag.py
[2021-08-18 09:30:21,805] {scheduler_job.py:643} INFO - DAG(s) dict_keys(['example_trigger_controller_dag']) retrieved from /home/airflow/.local/lib/python3.6/site-packages/airflow/example_dags/example_trigger_controller_dag.py
[2021-08-18 09:30:21,834] {logging_mixin.py:104} INFO - [2021-08-18 09:30:21,834] {dag.py:1832} INFO - Sync 1 DAGs
[2021-08-18 09:30:21,856] {logging_mixin.py:104} INFO - [2021-08-18 09:30:21,856] {dag.py:2305} INFO - Setting next_dagrun for example_trigger_controller_dag to 2021-08-16 00:00:00+00:00
[2021-08-18 09:30:21,867] {scheduler_job.py:190} INFO - Processing /home/airflow/.local/lib/python3.6/site-packages/airflow/example_dags/example_trigger_controller_dag.py took 0.082 seconds
[2021-08-18 09:30:52,007] {scheduler_job.py:182} INFO - Started process (PID=1915) to work on /home/airflow/.local/lib/python3.6/site-packages/airflow/example_dags/example_trigger_controller_dag.py
[2021-08-18 09:30:52,008] {scheduler_job.py:633} INFO - Processing file /home/airflow/.local/lib/python3.6/site-packages/airflow/example_dags/example_trigger_controller_dag.py for tasks to queue
[2021-08-18 09:30:52,009] {logging_mixin.py:104} INFO - [2021-08-18 09:30:52,009] {dagbag.py:487} INFO - Filling up the DagBag from /home/airflow/.local/lib/python3.6/site-packages/airflow/example_dags/example_trigger_controller_dag.py
[2021-08-18 09:30:52,020] {scheduler_job.py:643} INFO - DAG(s) dict_keys(['example_trigger_controller_dag']) retrieved from /home/airflow/.local/lib/python3.6/site-packages/airflow/example_dags/example_trigger_controller_dag.py
[2021-08-18 09:30:52,042] {logging_mixin.py:104} INFO - [2021-08-18 09:30:52,042] {dag.py:1832} INFO - Sync 1 DAGs
[2021-08-18 09:30:52,060] {logging_mixin.py:104} INFO - [2021-08-18 09:30:52,060] {dag.py:2305} INFO - Setting next_dagrun for example_trigger_controller_dag to 2021-08-16 00:00:00+00:00
[2021-08-18 09:30:52,070] {scheduler_job.py:190} INFO - Processing /home/airflow/.local/lib/python3.6/site-packages/airflow/example_dags/example_trigger_controller_dag.py took 0.067 seconds
[2021-08-18 09:31:22,941] {scheduler_job.py:182} INFO - Started process (PID=1992) to work on /home/airflow/.local/lib/python3.6/site-packages/airflow/example_dags/example_trigger_controller_dag.py
[2021-08-18 09:31:22,943] {scheduler_job.py:633} INFO - Processing file /home/airflow/.local/lib/python3.6/site-packages/airflow/example_dags/example_trigger_controller_dag.py for tasks to queue
[2021-08-18 09:31:22,944] {logging_mixin.py:104} INFO - [2021-08-18 09:31:22,944] {dagbag.py:487} INFO - Filling up the DagBag from /home/airflow/.local/lib/python3.6/site-packages/airflow/example_dags/example_trigger_controller_dag.py
[2021-08-18 09:31:22,956] {scheduler_job.py:643} INFO - DAG(s) dict_keys(['example_trigger_controller_dag']) retrieved from /home/airflow/.local/lib/python3.6/site-packages/airflow/example_dags/example_trigger_controller_dag.py
[2021-08-18 09:31:22,980] {logging_mixin.py:104} INFO - [2021-08-18 09:31:22,980] {dag.py:1832} INFO - Sync 1 DAGs
[2021-08-18 09:31:23,000] {logging_mixin.py:104} INFO - [2021-08-18 09:31:22,999] {dag.py:2305} INFO - Setting next_dagrun for example_trigger_controller_dag to 2021-08-16 00:00:00+00:00
[2021-08-18 09:31:23,010] {scheduler_job.py:190} INFO - Processing /home/airflow/.local/lib/python3.6/site-packages/airflow/example_dags/example_trigger_controller_dag.py took 0.073 seconds
[2021-08-18 09:31:53,935] {scheduler_job.py:182} INFO - Started process (PID=2055) to work on /home/airflow/.local/lib/python3.6/site-packages/airflow/example_dags/example_trigger_controller_dag.py
[2021-08-18 09:31:53,937] {scheduler_job.py:633} INFO - Processing file /home/airflow/.local/lib/python3.6/site-packages/airflow/example_dags/example_trigger_controller_dag.py for tasks to queue
[2021-08-18 09:31:53,938] {logging_mixin.py:104} INFO - [2021-08-18 09:31:53,938] {dagbag.py:487} INFO - Filling up the DagBag from /home/airflow/.local/lib/python3.6/site-packages/airflow/example_dags/example_trigger_controller_dag.py
[2021-08-18 09:31:53,950] {scheduler_job.py:643} INFO - DAG(s) dict_keys(['example_trigger_controller_dag']) retrieved from /home/airflow/.local/lib/python3.6/site-packages/airflow/example_dags/example_trigger_controller_dag.py
[2021-08-18 09:31:53,972] {logging_mixin.py:104} INFO - [2021-08-18 09:31:53,972] {dag.py:1832} INFO - Sync 1 DAGs
[2021-08-18 09:31:53,992] {logging_mixin.py:104} INFO - [2021-08-18 09:31:53,992] {dag.py:2305} INFO - Setting next_dagrun for example_trigger_controller_dag to 2021-08-16 00:00:00+00:00
[2021-08-18 09:31:54,004] {scheduler_job.py:190} INFO - Processing /home/airflow/.local/lib/python3.6/site-packages/airflow/example_dags/example_trigger_controller_dag.py took 0.073 seconds
[2021-08-18 09:32:24,442] {scheduler_job.py:182} INFO - Started process (PID=2134) to work on /home/airflow/.local/lib/python3.6/site-packages/airflow/example_dags/example_trigger_controller_dag.py
[2021-08-18 09:32:24,444] {scheduler_job.py:633} INFO - Processing file /home/airflow/.local/lib/python3.6/site-packages/airflow/example_dags/example_trigger_controller_dag.py for tasks to queue
[2021-08-18 09:32:24,445] {logging_mixin.py:104} INFO - [2021-08-18 09:32:24,445] {dagbag.py:487} INFO - Filling up the DagBag from /home/airflow/.local/lib/python3.6/site-packages/airflow/example_dags/example_trigger_controller_dag.py
[2021-08-18 09:32:24,457] {scheduler_job.py:643} INFO - DAG(s) dict_keys(['example_trigger_controller_dag']) retrieved from /home/airflow/.local/lib/python3.6/site-packages/airflow/example_dags/example_trigger_controller_dag.py
[2021-08-18 09:32:24,478] {logging_mixin.py:104} INFO - [2021-08-18 09:32:24,477] {dag.py:1832} INFO - Sync 1 DAGs
[2021-08-18 09:32:24,494] {logging_mixin.py:104} INFO - [2021-08-18 09:32:24,494] {dag.py:2305} INFO - Setting next_dagrun for example_trigger_controller_dag to 2021-08-16 00:00:00+00:00
[2021-08-18 09:32:24,505] {scheduler_job.py:190} INFO - Processing /home/airflow/.local/lib/python3.6/site-packages/airflow/example_dags/example_trigger_controller_dag.py took 0.066 seconds
[2021-08-18 09:32:55,490] {scheduler_job.py:182} INFO - Started process (PID=2210) to work on /home/airflow/.local/lib/python3.6/site-packages/airflow/example_dags/example_trigger_controller_dag.py
[2021-08-18 09:32:55,492] {scheduler_job.py:633} INFO - Processing file /home/airflow/.local/lib/python3.6/site-packages/airflow/example_dags/example_trigger_controller_dag.py for tasks to queue
[2021-08-18 09:32:55,493] {logging_mixin.py:104} INFO - [2021-08-18 09:32:55,493] {dagbag.py:487} INFO - Filling up the DagBag from /home/airflow/.local/lib/python3.6/site-packages/airflow/example_dags/example_trigger_controller_dag.py
[2021-08-18 09:32:55,505] {scheduler_job.py:643} INFO - DAG(s) dict_keys(['example_trigger_controller_dag']) retrieved from /home/airflow/.local/lib/python3.6/site-packages/airflow/example_dags/example_trigger_controller_dag.py
[2021-08-18 09:32:55,526] {logging_mixin.py:104} INFO - [2021-08-18 09:32:55,526] {dag.py:1832} INFO - Sync 1 DAGs
[2021-08-18 09:32:55,542] {logging_mixin.py:104} INFO - [2021-08-18 09:32:55,542] {dag.py:2305} INFO - Setting next_dagrun for example_trigger_controller_dag to 2021-08-16 00:00:00+00:00
[2021-08-18 09:32:55,552] {scheduler_job.py:190} INFO - Processing /home/airflow/.local/lib/python3.6/site-packages/airflow/example_dags/example_trigger_controller_dag.py took 0.065 seconds
