[2021-08-18 09:01:40,146] {scheduler_job.py:182} INFO - Started process (PID=51) to work on /home/airflow/.local/lib/python3.6/site-packages/airflow/example_dags/example_external_task_marker_dag.py
[2021-08-18 09:01:40,161] {scheduler_job.py:633} INFO - Processing file /home/airflow/.local/lib/python3.6/site-packages/airflow/example_dags/example_external_task_marker_dag.py for tasks to queue
[2021-08-18 09:01:40,172] {logging_mixin.py:104} INFO - [2021-08-18 09:01:40,169] {dagbag.py:487} INFO - Filling up the DagBag from /home/airflow/.local/lib/python3.6/site-packages/airflow/example_dags/example_external_task_marker_dag.py
[2021-08-18 09:01:40,370] {scheduler_job.py:643} INFO - DAG(s) dict_keys(['example_external_task_marker_parent', 'example_external_task_marker_child']) retrieved from /home/airflow/.local/lib/python3.6/site-packages/airflow/example_dags/example_external_task_marker_dag.py
[2021-08-18 09:01:44,018] {logging_mixin.py:104} INFO - [2021-08-18 09:01:44,017] {dag.py:1832} INFO - Sync 2 DAGs
[2021-08-18 09:01:44,045] {logging_mixin.py:104} INFO - [2021-08-18 09:01:44,041] {dag.py:1851} INFO - Creating ORM DAG for example_external_task_marker_child
[2021-08-18 09:01:44,047] {logging_mixin.py:104} INFO - [2021-08-18 09:01:44,047] {dag.py:1851} INFO - Creating ORM DAG for example_external_task_marker_parent
[2021-08-18 09:01:44,064] {logging_mixin.py:104} INFO - [2021-08-18 09:01:44,063] {dag.py:2305} INFO - Setting next_dagrun for example_external_task_marker_child to None
[2021-08-18 09:01:44,066] {logging_mixin.py:104} INFO - [2021-08-18 09:01:44,066] {dag.py:2305} INFO - Setting next_dagrun for example_external_task_marker_parent to None
[2021-08-18 09:01:44,082] {scheduler_job.py:190} INFO - Processing /home/airflow/.local/lib/python3.6/site-packages/airflow/example_dags/example_external_task_marker_dag.py took 4.037 seconds
[2021-08-18 09:02:45,360] {scheduler_job.py:182} INFO - Started process (PID=158) to work on /home/airflow/.local/lib/python3.6/site-packages/airflow/example_dags/example_external_task_marker_dag.py
[2021-08-18 09:02:45,362] {scheduler_job.py:633} INFO - Processing file /home/airflow/.local/lib/python3.6/site-packages/airflow/example_dags/example_external_task_marker_dag.py for tasks to queue
[2021-08-18 09:02:45,363] {logging_mixin.py:104} INFO - [2021-08-18 09:02:45,363] {dagbag.py:487} INFO - Filling up the DagBag from /home/airflow/.local/lib/python3.6/site-packages/airflow/example_dags/example_external_task_marker_dag.py
[2021-08-18 09:02:45,384] {scheduler_job.py:643} INFO - DAG(s) dict_keys(['example_external_task_marker_parent', 'example_external_task_marker_child']) retrieved from /home/airflow/.local/lib/python3.6/site-packages/airflow/example_dags/example_external_task_marker_dag.py
[2021-08-18 09:02:45,414] {logging_mixin.py:104} INFO - [2021-08-18 09:02:45,414] {dag.py:1832} INFO - Sync 2 DAGs
[2021-08-18 09:02:45,440] {logging_mixin.py:104} INFO - [2021-08-18 09:02:45,440] {dag.py:2305} INFO - Setting next_dagrun for example_external_task_marker_child to None
[2021-08-18 09:02:45,442] {logging_mixin.py:104} INFO - [2021-08-18 09:02:45,442] {dag.py:2305} INFO - Setting next_dagrun for example_external_task_marker_parent to None
[2021-08-18 09:02:45,454] {scheduler_job.py:190} INFO - Processing /home/airflow/.local/lib/python3.6/site-packages/airflow/example_dags/example_external_task_marker_dag.py took 0.099 seconds
[2021-08-18 09:03:15,625] {scheduler_job.py:182} INFO - Started process (PID=233) to work on /home/airflow/.local/lib/python3.6/site-packages/airflow/example_dags/example_external_task_marker_dag.py
[2021-08-18 09:03:15,626] {scheduler_job.py:633} INFO - Processing file /home/airflow/.local/lib/python3.6/site-packages/airflow/example_dags/example_external_task_marker_dag.py for tasks to queue
[2021-08-18 09:03:15,627] {logging_mixin.py:104} INFO - [2021-08-18 09:03:15,627] {dagbag.py:487} INFO - Filling up the DagBag from /home/airflow/.local/lib/python3.6/site-packages/airflow/example_dags/example_external_task_marker_dag.py
[2021-08-18 09:03:15,641] {scheduler_job.py:643} INFO - DAG(s) dict_keys(['example_external_task_marker_parent', 'example_external_task_marker_child']) retrieved from /home/airflow/.local/lib/python3.6/site-packages/airflow/example_dags/example_external_task_marker_dag.py
[2021-08-18 09:03:15,915] {logging_mixin.py:104} INFO - [2021-08-18 09:03:15,915] {dag.py:1832} INFO - Sync 2 DAGs
[2021-08-18 09:03:15,927] {logging_mixin.py:104} INFO - [2021-08-18 09:03:15,927] {dag.py:2305} INFO - Setting next_dagrun for example_external_task_marker_child to None
[2021-08-18 09:03:15,928] {logging_mixin.py:104} INFO - [2021-08-18 09:03:15,928] {dag.py:2305} INFO - Setting next_dagrun for example_external_task_marker_parent to None
[2021-08-18 09:03:15,938] {scheduler_job.py:190} INFO - Processing /home/airflow/.local/lib/python3.6/site-packages/airflow/example_dags/example_external_task_marker_dag.py took 0.317 seconds
[2021-08-18 09:03:46,238] {scheduler_job.py:182} INFO - Started process (PID=295) to work on /home/airflow/.local/lib/python3.6/site-packages/airflow/example_dags/example_external_task_marker_dag.py
[2021-08-18 09:03:46,241] {scheduler_job.py:633} INFO - Processing file /home/airflow/.local/lib/python3.6/site-packages/airflow/example_dags/example_external_task_marker_dag.py for tasks to queue
[2021-08-18 09:03:46,242] {logging_mixin.py:104} INFO - [2021-08-18 09:03:46,242] {dagbag.py:487} INFO - Filling up the DagBag from /home/airflow/.local/lib/python3.6/site-packages/airflow/example_dags/example_external_task_marker_dag.py
[2021-08-18 09:03:46,259] {scheduler_job.py:643} INFO - DAG(s) dict_keys(['example_external_task_marker_parent', 'example_external_task_marker_child']) retrieved from /home/airflow/.local/lib/python3.6/site-packages/airflow/example_dags/example_external_task_marker_dag.py
[2021-08-18 09:03:46,653] {logging_mixin.py:104} INFO - [2021-08-18 09:03:46,653] {dag.py:1832} INFO - Sync 2 DAGs
[2021-08-18 09:03:46,679] {logging_mixin.py:104} INFO - [2021-08-18 09:03:46,679] {dag.py:2305} INFO - Setting next_dagrun for example_external_task_marker_child to None
[2021-08-18 09:03:46,681] {logging_mixin.py:104} INFO - [2021-08-18 09:03:46,681] {dag.py:2305} INFO - Setting next_dagrun for example_external_task_marker_parent to None
[2021-08-18 09:03:46,693] {scheduler_job.py:190} INFO - Processing /home/airflow/.local/lib/python3.6/site-packages/airflow/example_dags/example_external_task_marker_dag.py took 0.461 seconds
[2021-08-18 09:04:16,938] {scheduler_job.py:182} INFO - Started process (PID=376) to work on /home/airflow/.local/lib/python3.6/site-packages/airflow/example_dags/example_external_task_marker_dag.py
[2021-08-18 09:04:16,941] {scheduler_job.py:633} INFO - Processing file /home/airflow/.local/lib/python3.6/site-packages/airflow/example_dags/example_external_task_marker_dag.py for tasks to queue
[2021-08-18 09:04:16,943] {logging_mixin.py:104} INFO - [2021-08-18 09:04:16,943] {dagbag.py:487} INFO - Filling up the DagBag from /home/airflow/.local/lib/python3.6/site-packages/airflow/example_dags/example_external_task_marker_dag.py
[2021-08-18 09:04:16,963] {scheduler_job.py:643} INFO - DAG(s) dict_keys(['example_external_task_marker_parent', 'example_external_task_marker_child']) retrieved from /home/airflow/.local/lib/python3.6/site-packages/airflow/example_dags/example_external_task_marker_dag.py
[2021-08-18 09:04:17,335] {logging_mixin.py:104} INFO - [2021-08-18 09:04:17,335] {dag.py:1832} INFO - Sync 2 DAGs
[2021-08-18 09:04:17,347] {logging_mixin.py:104} INFO - [2021-08-18 09:04:17,347] {dag.py:2305} INFO - Setting next_dagrun for example_external_task_marker_child to None
[2021-08-18 09:04:17,348] {logging_mixin.py:104} INFO - [2021-08-18 09:04:17,348] {dag.py:2305} INFO - Setting next_dagrun for example_external_task_marker_parent to None
[2021-08-18 09:04:17,358] {scheduler_job.py:190} INFO - Processing /home/airflow/.local/lib/python3.6/site-packages/airflow/example_dags/example_external_task_marker_dag.py took 0.426 seconds
[2021-08-18 09:04:47,566] {scheduler_job.py:182} INFO - Started process (PID=441) to work on /home/airflow/.local/lib/python3.6/site-packages/airflow/example_dags/example_external_task_marker_dag.py
[2021-08-18 09:04:47,570] {scheduler_job.py:633} INFO - Processing file /home/airflow/.local/lib/python3.6/site-packages/airflow/example_dags/example_external_task_marker_dag.py for tasks to queue
[2021-08-18 09:04:47,572] {logging_mixin.py:104} INFO - [2021-08-18 09:04:47,571] {dagbag.py:487} INFO - Filling up the DagBag from /home/airflow/.local/lib/python3.6/site-packages/airflow/example_dags/example_external_task_marker_dag.py
[2021-08-18 09:04:47,596] {scheduler_job.py:643} INFO - DAG(s) dict_keys(['example_external_task_marker_parent', 'example_external_task_marker_child']) retrieved from /home/airflow/.local/lib/python3.6/site-packages/airflow/example_dags/example_external_task_marker_dag.py
[2021-08-18 09:04:47,633] {logging_mixin.py:104} INFO - [2021-08-18 09:04:47,633] {dag.py:1832} INFO - Sync 2 DAGs
[2021-08-18 09:04:47,664] {logging_mixin.py:104} INFO - [2021-08-18 09:04:47,663] {dag.py:2305} INFO - Setting next_dagrun for example_external_task_marker_child to None
[2021-08-18 09:04:47,666] {logging_mixin.py:104} INFO - [2021-08-18 09:04:47,666] {dag.py:2305} INFO - Setting next_dagrun for example_external_task_marker_parent to None
[2021-08-18 09:04:47,681] {scheduler_job.py:190} INFO - Processing /home/airflow/.local/lib/python3.6/site-packages/airflow/example_dags/example_external_task_marker_dag.py took 0.120 seconds
[2021-08-18 09:05:17,809] {scheduler_job.py:182} INFO - Started process (PID=499) to work on /home/airflow/.local/lib/python3.6/site-packages/airflow/example_dags/example_external_task_marker_dag.py
[2021-08-18 09:05:17,811] {scheduler_job.py:633} INFO - Processing file /home/airflow/.local/lib/python3.6/site-packages/airflow/example_dags/example_external_task_marker_dag.py for tasks to queue
[2021-08-18 09:05:17,812] {logging_mixin.py:104} INFO - [2021-08-18 09:05:17,812] {dagbag.py:487} INFO - Filling up the DagBag from /home/airflow/.local/lib/python3.6/site-packages/airflow/example_dags/example_external_task_marker_dag.py
[2021-08-18 09:05:17,829] {scheduler_job.py:643} INFO - DAG(s) dict_keys(['example_external_task_marker_parent', 'example_external_task_marker_child']) retrieved from /home/airflow/.local/lib/python3.6/site-packages/airflow/example_dags/example_external_task_marker_dag.py
[2021-08-18 09:05:18,149] {logging_mixin.py:104} INFO - [2021-08-18 09:05:18,149] {dag.py:1832} INFO - Sync 2 DAGs
[2021-08-18 09:05:18,163] {logging_mixin.py:104} INFO - [2021-08-18 09:05:18,163] {dag.py:2305} INFO - Setting next_dagrun for example_external_task_marker_child to None
[2021-08-18 09:05:18,164] {logging_mixin.py:104} INFO - [2021-08-18 09:05:18,164] {dag.py:2305} INFO - Setting next_dagrun for example_external_task_marker_parent to None
[2021-08-18 09:05:18,176] {scheduler_job.py:190} INFO - Processing /home/airflow/.local/lib/python3.6/site-packages/airflow/example_dags/example_external_task_marker_dag.py took 0.371 seconds
[2021-08-18 09:05:48,887] {scheduler_job.py:182} INFO - Started process (PID=576) to work on /home/airflow/.local/lib/python3.6/site-packages/airflow/example_dags/example_external_task_marker_dag.py
[2021-08-18 09:05:48,889] {scheduler_job.py:633} INFO - Processing file /home/airflow/.local/lib/python3.6/site-packages/airflow/example_dags/example_external_task_marker_dag.py for tasks to queue
[2021-08-18 09:05:48,891] {logging_mixin.py:104} INFO - [2021-08-18 09:05:48,891] {dagbag.py:487} INFO - Filling up the DagBag from /home/airflow/.local/lib/python3.6/site-packages/airflow/example_dags/example_external_task_marker_dag.py
[2021-08-18 09:05:48,909] {scheduler_job.py:643} INFO - DAG(s) dict_keys(['example_external_task_marker_parent', 'example_external_task_marker_child']) retrieved from /home/airflow/.local/lib/python3.6/site-packages/airflow/example_dags/example_external_task_marker_dag.py
[2021-08-18 09:05:49,191] {logging_mixin.py:104} INFO - [2021-08-18 09:05:49,191] {dag.py:1832} INFO - Sync 2 DAGs
[2021-08-18 09:05:49,204] {logging_mixin.py:104} INFO - [2021-08-18 09:05:49,204] {dag.py:2305} INFO - Setting next_dagrun for example_external_task_marker_child to None
[2021-08-18 09:05:49,207] {logging_mixin.py:104} INFO - [2021-08-18 09:05:49,206] {dag.py:2305} INFO - Setting next_dagrun for example_external_task_marker_parent to None
[2021-08-18 09:05:49,218] {scheduler_job.py:190} INFO - Processing /home/airflow/.local/lib/python3.6/site-packages/airflow/example_dags/example_external_task_marker_dag.py took 0.335 seconds
[2021-08-18 09:06:21,877] {scheduler_job.py:182} INFO - Started process (PID=632) to work on /home/airflow/.local/lib/python3.6/site-packages/airflow/example_dags/example_external_task_marker_dag.py
[2021-08-18 09:06:21,893] {scheduler_job.py:633} INFO - Processing file /home/airflow/.local/lib/python3.6/site-packages/airflow/example_dags/example_external_task_marker_dag.py for tasks to queue
[2021-08-18 09:06:21,896] {logging_mixin.py:104} INFO - [2021-08-18 09:06:21,896] {dagbag.py:487} INFO - Filling up the DagBag from /home/airflow/.local/lib/python3.6/site-packages/airflow/example_dags/example_external_task_marker_dag.py
[2021-08-18 09:06:21,917] {scheduler_job.py:643} INFO - DAG(s) dict_keys(['example_external_task_marker_parent', 'example_external_task_marker_child']) retrieved from /home/airflow/.local/lib/python3.6/site-packages/airflow/example_dags/example_external_task_marker_dag.py
[2021-08-18 09:06:22,864] {logging_mixin.py:104} INFO - [2021-08-18 09:06:22,864] {dag.py:1832} INFO - Sync 2 DAGs
[2021-08-18 09:06:22,892] {logging_mixin.py:104} INFO - [2021-08-18 09:06:22,892] {dag.py:2305} INFO - Setting next_dagrun for example_external_task_marker_child to None
[2021-08-18 09:06:22,895] {logging_mixin.py:104} INFO - [2021-08-18 09:06:22,894] {dag.py:2305} INFO - Setting next_dagrun for example_external_task_marker_parent to None
[2021-08-18 09:06:22,910] {scheduler_job.py:190} INFO - Processing /home/airflow/.local/lib/python3.6/site-packages/airflow/example_dags/example_external_task_marker_dag.py took 1.037 seconds
[2021-08-18 09:06:53,081] {scheduler_job.py:182} INFO - Started process (PID=701) to work on /home/airflow/.local/lib/python3.6/site-packages/airflow/example_dags/example_external_task_marker_dag.py
[2021-08-18 09:06:53,083] {scheduler_job.py:633} INFO - Processing file /home/airflow/.local/lib/python3.6/site-packages/airflow/example_dags/example_external_task_marker_dag.py for tasks to queue
[2021-08-18 09:06:53,085] {logging_mixin.py:104} INFO - [2021-08-18 09:06:53,085] {dagbag.py:487} INFO - Filling up the DagBag from /home/airflow/.local/lib/python3.6/site-packages/airflow/example_dags/example_external_task_marker_dag.py
[2021-08-18 09:06:53,102] {scheduler_job.py:643} INFO - DAG(s) dict_keys(['example_external_task_marker_parent', 'example_external_task_marker_child']) retrieved from /home/airflow/.local/lib/python3.6/site-packages/airflow/example_dags/example_external_task_marker_dag.py
[2021-08-18 09:06:53,478] {logging_mixin.py:104} INFO - [2021-08-18 09:06:53,478] {dag.py:1832} INFO - Sync 2 DAGs
[2021-08-18 09:06:53,493] {logging_mixin.py:104} INFO - [2021-08-18 09:06:53,493] {dag.py:2305} INFO - Setting next_dagrun for example_external_task_marker_child to None
[2021-08-18 09:06:53,495] {logging_mixin.py:104} INFO - [2021-08-18 09:06:53,495] {dag.py:2305} INFO - Setting next_dagrun for example_external_task_marker_parent to None
[2021-08-18 09:06:53,506] {scheduler_job.py:190} INFO - Processing /home/airflow/.local/lib/python3.6/site-packages/airflow/example_dags/example_external_task_marker_dag.py took 0.430 seconds
[2021-08-18 09:07:25,535] {scheduler_job.py:182} INFO - Started process (PID=762) to work on /home/airflow/.local/lib/python3.6/site-packages/airflow/example_dags/example_external_task_marker_dag.py
[2021-08-18 09:07:25,546] {scheduler_job.py:633} INFO - Processing file /home/airflow/.local/lib/python3.6/site-packages/airflow/example_dags/example_external_task_marker_dag.py for tasks to queue
[2021-08-18 09:07:25,553] {logging_mixin.py:104} INFO - [2021-08-18 09:07:25,553] {dagbag.py:487} INFO - Filling up the DagBag from /home/airflow/.local/lib/python3.6/site-packages/airflow/example_dags/example_external_task_marker_dag.py
[2021-08-18 09:07:25,618] {scheduler_job.py:643} INFO - DAG(s) dict_keys(['example_external_task_marker_parent', 'example_external_task_marker_child']) retrieved from /home/airflow/.local/lib/python3.6/site-packages/airflow/example_dags/example_external_task_marker_dag.py
[2021-08-18 09:07:26,007] {logging_mixin.py:104} INFO - [2021-08-18 09:07:26,007] {dag.py:1832} INFO - Sync 2 DAGs
[2021-08-18 09:07:26,026] {logging_mixin.py:104} INFO - [2021-08-18 09:07:26,025] {dag.py:2305} INFO - Setting next_dagrun for example_external_task_marker_child to None
[2021-08-18 09:07:26,030] {logging_mixin.py:104} INFO - [2021-08-18 09:07:26,030] {dag.py:2305} INFO - Setting next_dagrun for example_external_task_marker_parent to None
[2021-08-18 09:07:26,045] {scheduler_job.py:190} INFO - Processing /home/airflow/.local/lib/python3.6/site-packages/airflow/example_dags/example_external_task_marker_dag.py took 1.694 seconds
[2021-08-18 09:07:56,676] {scheduler_job.py:182} INFO - Started process (PID=839) to work on /home/airflow/.local/lib/python3.6/site-packages/airflow/example_dags/example_external_task_marker_dag.py
[2021-08-18 09:07:56,679] {scheduler_job.py:633} INFO - Processing file /home/airflow/.local/lib/python3.6/site-packages/airflow/example_dags/example_external_task_marker_dag.py for tasks to queue
[2021-08-18 09:07:56,680] {logging_mixin.py:104} INFO - [2021-08-18 09:07:56,680] {dagbag.py:487} INFO - Filling up the DagBag from /home/airflow/.local/lib/python3.6/site-packages/airflow/example_dags/example_external_task_marker_dag.py
[2021-08-18 09:07:56,698] {scheduler_job.py:643} INFO - DAG(s) dict_keys(['example_external_task_marker_parent', 'example_external_task_marker_child']) retrieved from /home/airflow/.local/lib/python3.6/site-packages/airflow/example_dags/example_external_task_marker_dag.py
[2021-08-18 09:07:57,038] {logging_mixin.py:104} INFO - [2021-08-18 09:07:57,037] {dag.py:1832} INFO - Sync 2 DAGs
[2021-08-18 09:07:57,053] {logging_mixin.py:104} INFO - [2021-08-18 09:07:57,053] {dag.py:2305} INFO - Setting next_dagrun for example_external_task_marker_child to None
[2021-08-18 09:07:57,055] {logging_mixin.py:104} INFO - [2021-08-18 09:07:57,054] {dag.py:2305} INFO - Setting next_dagrun for example_external_task_marker_parent to None
[2021-08-18 09:07:57,071] {scheduler_job.py:190} INFO - Processing /home/airflow/.local/lib/python3.6/site-packages/airflow/example_dags/example_external_task_marker_dag.py took 0.400 seconds
[2021-08-18 09:08:27,382] {scheduler_job.py:182} INFO - Started process (PID=870) to work on /home/airflow/.local/lib/python3.6/site-packages/airflow/example_dags/example_external_task_marker_dag.py
[2021-08-18 09:08:27,386] {scheduler_job.py:633} INFO - Processing file /home/airflow/.local/lib/python3.6/site-packages/airflow/example_dags/example_external_task_marker_dag.py for tasks to queue
[2021-08-18 09:08:27,392] {logging_mixin.py:104} INFO - [2021-08-18 09:08:27,392] {dagbag.py:487} INFO - Filling up the DagBag from /home/airflow/.local/lib/python3.6/site-packages/airflow/example_dags/example_external_task_marker_dag.py
[2021-08-18 09:08:27,415] {scheduler_job.py:643} INFO - DAG(s) dict_keys(['example_external_task_marker_parent', 'example_external_task_marker_child']) retrieved from /home/airflow/.local/lib/python3.6/site-packages/airflow/example_dags/example_external_task_marker_dag.py
[2021-08-18 09:08:27,963] {logging_mixin.py:104} INFO - [2021-08-18 09:08:27,963] {dag.py:1832} INFO - Sync 2 DAGs
[2021-08-18 09:08:27,982] {logging_mixin.py:104} INFO - [2021-08-18 09:08:27,982] {dag.py:2305} INFO - Setting next_dagrun for example_external_task_marker_child to None
[2021-08-18 09:08:27,985] {logging_mixin.py:104} INFO - [2021-08-18 09:08:27,985] {dag.py:2305} INFO - Setting next_dagrun for example_external_task_marker_parent to None
[2021-08-18 09:08:28,011] {scheduler_job.py:190} INFO - Processing /home/airflow/.local/lib/python3.6/site-packages/airflow/example_dags/example_external_task_marker_dag.py took 0.637 seconds
[2021-08-18 09:08:58,389] {scheduler_job.py:182} INFO - Started process (PID=933) to work on /home/airflow/.local/lib/python3.6/site-packages/airflow/example_dags/example_external_task_marker_dag.py
[2021-08-18 09:08:58,392] {scheduler_job.py:633} INFO - Processing file /home/airflow/.local/lib/python3.6/site-packages/airflow/example_dags/example_external_task_marker_dag.py for tasks to queue
[2021-08-18 09:08:58,393] {logging_mixin.py:104} INFO - [2021-08-18 09:08:58,393] {dagbag.py:487} INFO - Filling up the DagBag from /home/airflow/.local/lib/python3.6/site-packages/airflow/example_dags/example_external_task_marker_dag.py
[2021-08-18 09:08:58,409] {scheduler_job.py:643} INFO - DAG(s) dict_keys(['example_external_task_marker_parent', 'example_external_task_marker_child']) retrieved from /home/airflow/.local/lib/python3.6/site-packages/airflow/example_dags/example_external_task_marker_dag.py
[2021-08-18 09:08:58,441] {logging_mixin.py:104} INFO - [2021-08-18 09:08:58,441] {dag.py:1832} INFO - Sync 2 DAGs
[2021-08-18 09:08:58,462] {logging_mixin.py:104} INFO - [2021-08-18 09:08:58,462] {dag.py:2305} INFO - Setting next_dagrun for example_external_task_marker_child to None
[2021-08-18 09:08:58,464] {logging_mixin.py:104} INFO - [2021-08-18 09:08:58,464] {dag.py:2305} INFO - Setting next_dagrun for example_external_task_marker_parent to None
[2021-08-18 09:08:58,477] {scheduler_job.py:190} INFO - Processing /home/airflow/.local/lib/python3.6/site-packages/airflow/example_dags/example_external_task_marker_dag.py took 0.093 seconds
[2021-08-18 09:09:28,904] {scheduler_job.py:182} INFO - Started process (PID=1010) to work on /home/airflow/.local/lib/python3.6/site-packages/airflow/example_dags/example_external_task_marker_dag.py
[2021-08-18 09:09:28,906] {scheduler_job.py:633} INFO - Processing file /home/airflow/.local/lib/python3.6/site-packages/airflow/example_dags/example_external_task_marker_dag.py for tasks to queue
[2021-08-18 09:09:28,907] {logging_mixin.py:104} INFO - [2021-08-18 09:09:28,907] {dagbag.py:487} INFO - Filling up the DagBag from /home/airflow/.local/lib/python3.6/site-packages/airflow/example_dags/example_external_task_marker_dag.py
[2021-08-18 09:09:28,922] {scheduler_job.py:643} INFO - DAG(s) dict_keys(['example_external_task_marker_parent', 'example_external_task_marker_child']) retrieved from /home/airflow/.local/lib/python3.6/site-packages/airflow/example_dags/example_external_task_marker_dag.py
[2021-08-18 09:09:28,953] {logging_mixin.py:104} INFO - [2021-08-18 09:09:28,953] {dag.py:1832} INFO - Sync 2 DAGs
[2021-08-18 09:09:28,978] {logging_mixin.py:104} INFO - [2021-08-18 09:09:28,978] {dag.py:2305} INFO - Setting next_dagrun for example_external_task_marker_child to None
[2021-08-18 09:09:28,981] {logging_mixin.py:104} INFO - [2021-08-18 09:09:28,981] {dag.py:2305} INFO - Setting next_dagrun for example_external_task_marker_parent to None
[2021-08-18 09:09:29,000] {scheduler_job.py:190} INFO - Processing /home/airflow/.local/lib/python3.6/site-packages/airflow/example_dags/example_external_task_marker_dag.py took 0.101 seconds
[2021-08-18 09:09:59,220] {scheduler_job.py:182} INFO - Started process (PID=1071) to work on /home/airflow/.local/lib/python3.6/site-packages/airflow/example_dags/example_external_task_marker_dag.py
[2021-08-18 09:09:59,221] {scheduler_job.py:633} INFO - Processing file /home/airflow/.local/lib/python3.6/site-packages/airflow/example_dags/example_external_task_marker_dag.py for tasks to queue
[2021-08-18 09:09:59,222] {logging_mixin.py:104} INFO - [2021-08-18 09:09:59,222] {dagbag.py:487} INFO - Filling up the DagBag from /home/airflow/.local/lib/python3.6/site-packages/airflow/example_dags/example_external_task_marker_dag.py
[2021-08-18 09:09:59,235] {scheduler_job.py:643} INFO - DAG(s) dict_keys(['example_external_task_marker_parent', 'example_external_task_marker_child']) retrieved from /home/airflow/.local/lib/python3.6/site-packages/airflow/example_dags/example_external_task_marker_dag.py
[2021-08-18 09:09:59,513] {logging_mixin.py:104} INFO - [2021-08-18 09:09:59,513] {dag.py:1832} INFO - Sync 2 DAGs
[2021-08-18 09:09:59,526] {logging_mixin.py:104} INFO - [2021-08-18 09:09:59,526] {dag.py:2305} INFO - Setting next_dagrun for example_external_task_marker_child to None
[2021-08-18 09:09:59,527] {logging_mixin.py:104} INFO - [2021-08-18 09:09:59,527] {dag.py:2305} INFO - Setting next_dagrun for example_external_task_marker_parent to None
[2021-08-18 09:09:59,537] {scheduler_job.py:190} INFO - Processing /home/airflow/.local/lib/python3.6/site-packages/airflow/example_dags/example_external_task_marker_dag.py took 0.321 seconds
[2021-08-18 09:10:29,802] {scheduler_job.py:182} INFO - Started process (PID=1149) to work on /home/airflow/.local/lib/python3.6/site-packages/airflow/example_dags/example_external_task_marker_dag.py
[2021-08-18 09:10:29,804] {scheduler_job.py:633} INFO - Processing file /home/airflow/.local/lib/python3.6/site-packages/airflow/example_dags/example_external_task_marker_dag.py for tasks to queue
[2021-08-18 09:10:29,806] {logging_mixin.py:104} INFO - [2021-08-18 09:10:29,806] {dagbag.py:487} INFO - Filling up the DagBag from /home/airflow/.local/lib/python3.6/site-packages/airflow/example_dags/example_external_task_marker_dag.py
[2021-08-18 09:10:29,823] {scheduler_job.py:643} INFO - DAG(s) dict_keys(['example_external_task_marker_parent', 'example_external_task_marker_child']) retrieved from /home/airflow/.local/lib/python3.6/site-packages/airflow/example_dags/example_external_task_marker_dag.py
[2021-08-18 09:10:30,188] {logging_mixin.py:104} INFO - [2021-08-18 09:10:30,188] {dag.py:1832} INFO - Sync 2 DAGs
[2021-08-18 09:10:30,205] {logging_mixin.py:104} INFO - [2021-08-18 09:10:30,205] {dag.py:2305} INFO - Setting next_dagrun for example_external_task_marker_child to None
[2021-08-18 09:10:30,206] {logging_mixin.py:104} INFO - [2021-08-18 09:10:30,206] {dag.py:2305} INFO - Setting next_dagrun for example_external_task_marker_parent to None
[2021-08-18 09:10:30,217] {scheduler_job.py:190} INFO - Processing /home/airflow/.local/lib/python3.6/site-packages/airflow/example_dags/example_external_task_marker_dag.py took 0.419 seconds
[2021-08-18 09:11:00,254] {scheduler_job.py:182} INFO - Started process (PID=1214) to work on /home/airflow/.local/lib/python3.6/site-packages/airflow/example_dags/example_external_task_marker_dag.py
[2021-08-18 09:11:00,256] {scheduler_job.py:633} INFO - Processing file /home/airflow/.local/lib/python3.6/site-packages/airflow/example_dags/example_external_task_marker_dag.py for tasks to queue
[2021-08-18 09:11:00,257] {logging_mixin.py:104} INFO - [2021-08-18 09:11:00,257] {dagbag.py:487} INFO - Filling up the DagBag from /home/airflow/.local/lib/python3.6/site-packages/airflow/example_dags/example_external_task_marker_dag.py
[2021-08-18 09:11:00,272] {scheduler_job.py:643} INFO - DAG(s) dict_keys(['example_external_task_marker_parent', 'example_external_task_marker_child']) retrieved from /home/airflow/.local/lib/python3.6/site-packages/airflow/example_dags/example_external_task_marker_dag.py
[2021-08-18 09:11:00,576] {logging_mixin.py:104} INFO - [2021-08-18 09:11:00,576] {dag.py:1832} INFO - Sync 2 DAGs
[2021-08-18 09:11:00,591] {logging_mixin.py:104} INFO - [2021-08-18 09:11:00,591] {dag.py:2305} INFO - Setting next_dagrun for example_external_task_marker_child to None
[2021-08-18 09:11:00,592] {logging_mixin.py:104} INFO - [2021-08-18 09:11:00,592] {dag.py:2305} INFO - Setting next_dagrun for example_external_task_marker_parent to None
[2021-08-18 09:11:00,604] {scheduler_job.py:190} INFO - Processing /home/airflow/.local/lib/python3.6/site-packages/airflow/example_dags/example_external_task_marker_dag.py took 0.354 seconds
[2021-08-18 09:11:30,672] {scheduler_job.py:182} INFO - Started process (PID=1289) to work on /home/airflow/.local/lib/python3.6/site-packages/airflow/example_dags/example_external_task_marker_dag.py
[2021-08-18 09:11:30,674] {scheduler_job.py:633} INFO - Processing file /home/airflow/.local/lib/python3.6/site-packages/airflow/example_dags/example_external_task_marker_dag.py for tasks to queue
[2021-08-18 09:11:30,678] {logging_mixin.py:104} INFO - [2021-08-18 09:11:30,677] {dagbag.py:487} INFO - Filling up the DagBag from /home/airflow/.local/lib/python3.6/site-packages/airflow/example_dags/example_external_task_marker_dag.py
[2021-08-18 09:11:30,696] {scheduler_job.py:643} INFO - DAG(s) dict_keys(['example_external_task_marker_parent', 'example_external_task_marker_child']) retrieved from /home/airflow/.local/lib/python3.6/site-packages/airflow/example_dags/example_external_task_marker_dag.py
[2021-08-18 09:11:30,731] {logging_mixin.py:104} INFO - [2021-08-18 09:11:30,731] {dag.py:1832} INFO - Sync 2 DAGs
[2021-08-18 09:11:30,752] {logging_mixin.py:104} INFO - [2021-08-18 09:11:30,752] {dag.py:2305} INFO - Setting next_dagrun for example_external_task_marker_child to None
[2021-08-18 09:11:30,754] {logging_mixin.py:104} INFO - [2021-08-18 09:11:30,754] {dag.py:2305} INFO - Setting next_dagrun for example_external_task_marker_parent to None
[2021-08-18 09:11:30,766] {scheduler_job.py:190} INFO - Processing /home/airflow/.local/lib/python3.6/site-packages/airflow/example_dags/example_external_task_marker_dag.py took 0.099 seconds
[2021-08-18 09:12:01,241] {scheduler_job.py:182} INFO - Started process (PID=1361) to work on /home/airflow/.local/lib/python3.6/site-packages/airflow/example_dags/example_external_task_marker_dag.py
[2021-08-18 09:12:01,243] {scheduler_job.py:633} INFO - Processing file /home/airflow/.local/lib/python3.6/site-packages/airflow/example_dags/example_external_task_marker_dag.py for tasks to queue
[2021-08-18 09:12:01,245] {logging_mixin.py:104} INFO - [2021-08-18 09:12:01,244] {dagbag.py:487} INFO - Filling up the DagBag from /home/airflow/.local/lib/python3.6/site-packages/airflow/example_dags/example_external_task_marker_dag.py
[2021-08-18 09:12:01,261] {scheduler_job.py:643} INFO - DAG(s) dict_keys(['example_external_task_marker_parent', 'example_external_task_marker_child']) retrieved from /home/airflow/.local/lib/python3.6/site-packages/airflow/example_dags/example_external_task_marker_dag.py
[2021-08-18 09:12:01,538] {logging_mixin.py:104} INFO - [2021-08-18 09:12:01,538] {dag.py:1832} INFO - Sync 2 DAGs
[2021-08-18 09:12:01,549] {logging_mixin.py:104} INFO - [2021-08-18 09:12:01,549] {dag.py:2305} INFO - Setting next_dagrun for example_external_task_marker_child to None
[2021-08-18 09:12:01,550] {logging_mixin.py:104} INFO - [2021-08-18 09:12:01,550] {dag.py:2305} INFO - Setting next_dagrun for example_external_task_marker_parent to None
[2021-08-18 09:12:01,559] {scheduler_job.py:190} INFO - Processing /home/airflow/.local/lib/python3.6/site-packages/airflow/example_dags/example_external_task_marker_dag.py took 0.345 seconds
[2021-08-18 09:12:31,938] {scheduler_job.py:182} INFO - Started process (PID=1428) to work on /home/airflow/.local/lib/python3.6/site-packages/airflow/example_dags/example_external_task_marker_dag.py
[2021-08-18 09:12:31,940] {scheduler_job.py:633} INFO - Processing file /home/airflow/.local/lib/python3.6/site-packages/airflow/example_dags/example_external_task_marker_dag.py for tasks to queue
[2021-08-18 09:12:31,941] {logging_mixin.py:104} INFO - [2021-08-18 09:12:31,941] {dagbag.py:487} INFO - Filling up the DagBag from /home/airflow/.local/lib/python3.6/site-packages/airflow/example_dags/example_external_task_marker_dag.py
[2021-08-18 09:12:31,958] {scheduler_job.py:643} INFO - DAG(s) dict_keys(['example_external_task_marker_parent', 'example_external_task_marker_child']) retrieved from /home/airflow/.local/lib/python3.6/site-packages/airflow/example_dags/example_external_task_marker_dag.py
[2021-08-18 09:12:31,985] {logging_mixin.py:104} INFO - [2021-08-18 09:12:31,985] {dag.py:1832} INFO - Sync 2 DAGs
[2021-08-18 09:12:32,012] {logging_mixin.py:104} INFO - [2021-08-18 09:12:32,012] {dag.py:2305} INFO - Setting next_dagrun for example_external_task_marker_child to None
[2021-08-18 09:12:32,013] {logging_mixin.py:104} INFO - [2021-08-18 09:12:32,013] {dag.py:2305} INFO - Setting next_dagrun for example_external_task_marker_parent to None
[2021-08-18 09:12:32,022] {scheduler_job.py:190} INFO - Processing /home/airflow/.local/lib/python3.6/site-packages/airflow/example_dags/example_external_task_marker_dag.py took 0.088 seconds
[2021-08-18 09:13:02,539] {scheduler_job.py:182} INFO - Started process (PID=1505) to work on /home/airflow/.local/lib/python3.6/site-packages/airflow/example_dags/example_external_task_marker_dag.py
[2021-08-18 09:13:02,541] {scheduler_job.py:633} INFO - Processing file /home/airflow/.local/lib/python3.6/site-packages/airflow/example_dags/example_external_task_marker_dag.py for tasks to queue
[2021-08-18 09:13:02,543] {logging_mixin.py:104} INFO - [2021-08-18 09:13:02,543] {dagbag.py:487} INFO - Filling up the DagBag from /home/airflow/.local/lib/python3.6/site-packages/airflow/example_dags/example_external_task_marker_dag.py
[2021-08-18 09:13:02,560] {scheduler_job.py:643} INFO - DAG(s) dict_keys(['example_external_task_marker_parent', 'example_external_task_marker_child']) retrieved from /home/airflow/.local/lib/python3.6/site-packages/airflow/example_dags/example_external_task_marker_dag.py
[2021-08-18 09:13:02,878] {logging_mixin.py:104} INFO - [2021-08-18 09:13:02,878] {dag.py:1832} INFO - Sync 2 DAGs
[2021-08-18 09:13:02,891] {logging_mixin.py:104} INFO - [2021-08-18 09:13:02,891] {dag.py:2305} INFO - Setting next_dagrun for example_external_task_marker_child to None
[2021-08-18 09:13:02,893] {logging_mixin.py:104} INFO - [2021-08-18 09:13:02,893] {dag.py:2305} INFO - Setting next_dagrun for example_external_task_marker_parent to None
[2021-08-18 09:13:02,903] {scheduler_job.py:190} INFO - Processing /home/airflow/.local/lib/python3.6/site-packages/airflow/example_dags/example_external_task_marker_dag.py took 0.370 seconds
[2021-08-18 09:13:33,069] {scheduler_job.py:182} INFO - Started process (PID=1569) to work on /home/airflow/.local/lib/python3.6/site-packages/airflow/example_dags/example_external_task_marker_dag.py
[2021-08-18 09:13:33,072] {scheduler_job.py:633} INFO - Processing file /home/airflow/.local/lib/python3.6/site-packages/airflow/example_dags/example_external_task_marker_dag.py for tasks to queue
[2021-08-18 09:13:33,074] {logging_mixin.py:104} INFO - [2021-08-18 09:13:33,073] {dagbag.py:487} INFO - Filling up the DagBag from /home/airflow/.local/lib/python3.6/site-packages/airflow/example_dags/example_external_task_marker_dag.py
[2021-08-18 09:13:33,107] {scheduler_job.py:643} INFO - DAG(s) dict_keys(['example_external_task_marker_parent', 'example_external_task_marker_child']) retrieved from /home/airflow/.local/lib/python3.6/site-packages/airflow/example_dags/example_external_task_marker_dag.py
[2021-08-18 09:13:33,591] {logging_mixin.py:104} INFO - [2021-08-18 09:13:33,591] {dag.py:1832} INFO - Sync 2 DAGs
[2021-08-18 09:13:33,604] {logging_mixin.py:104} INFO - [2021-08-18 09:13:33,604] {dag.py:2305} INFO - Setting next_dagrun for example_external_task_marker_child to None
[2021-08-18 09:13:33,605] {logging_mixin.py:104} INFO - [2021-08-18 09:13:33,605] {dag.py:2305} INFO - Setting next_dagrun for example_external_task_marker_parent to None
[2021-08-18 09:13:33,623] {scheduler_job.py:190} INFO - Processing /home/airflow/.local/lib/python3.6/site-packages/airflow/example_dags/example_external_task_marker_dag.py took 0.558 seconds
[2021-08-18 09:14:03,987] {scheduler_job.py:182} INFO - Started process (PID=1634) to work on /home/airflow/.local/lib/python3.6/site-packages/airflow/example_dags/example_external_task_marker_dag.py
[2021-08-18 09:14:03,989] {scheduler_job.py:633} INFO - Processing file /home/airflow/.local/lib/python3.6/site-packages/airflow/example_dags/example_external_task_marker_dag.py for tasks to queue
[2021-08-18 09:14:03,991] {logging_mixin.py:104} INFO - [2021-08-18 09:14:03,990] {dagbag.py:487} INFO - Filling up the DagBag from /home/airflow/.local/lib/python3.6/site-packages/airflow/example_dags/example_external_task_marker_dag.py
[2021-08-18 09:14:04,006] {scheduler_job.py:643} INFO - DAG(s) dict_keys(['example_external_task_marker_parent', 'example_external_task_marker_child']) retrieved from /home/airflow/.local/lib/python3.6/site-packages/airflow/example_dags/example_external_task_marker_dag.py
[2021-08-18 09:14:04,326] {logging_mixin.py:104} INFO - [2021-08-18 09:14:04,326] {dag.py:1832} INFO - Sync 2 DAGs
[2021-08-18 09:14:04,339] {logging_mixin.py:104} INFO - [2021-08-18 09:14:04,339] {dag.py:2305} INFO - Setting next_dagrun for example_external_task_marker_child to None
[2021-08-18 09:14:04,340] {logging_mixin.py:104} INFO - [2021-08-18 09:14:04,340] {dag.py:2305} INFO - Setting next_dagrun for example_external_task_marker_parent to None
[2021-08-18 09:14:04,351] {scheduler_job.py:190} INFO - Processing /home/airflow/.local/lib/python3.6/site-packages/airflow/example_dags/example_external_task_marker_dag.py took 0.369 seconds
[2021-08-18 09:14:35,237] {scheduler_job.py:182} INFO - Started process (PID=1714) to work on /home/airflow/.local/lib/python3.6/site-packages/airflow/example_dags/example_external_task_marker_dag.py
[2021-08-18 09:14:35,239] {scheduler_job.py:633} INFO - Processing file /home/airflow/.local/lib/python3.6/site-packages/airflow/example_dags/example_external_task_marker_dag.py for tasks to queue
[2021-08-18 09:14:35,240] {logging_mixin.py:104} INFO - [2021-08-18 09:14:35,240] {dagbag.py:487} INFO - Filling up the DagBag from /home/airflow/.local/lib/python3.6/site-packages/airflow/example_dags/example_external_task_marker_dag.py
[2021-08-18 09:14:35,256] {scheduler_job.py:643} INFO - DAG(s) dict_keys(['example_external_task_marker_parent', 'example_external_task_marker_child']) retrieved from /home/airflow/.local/lib/python3.6/site-packages/airflow/example_dags/example_external_task_marker_dag.py
[2021-08-18 09:14:35,540] {logging_mixin.py:104} INFO - [2021-08-18 09:14:35,540] {dag.py:1832} INFO - Sync 2 DAGs
[2021-08-18 09:14:35,555] {logging_mixin.py:104} INFO - [2021-08-18 09:14:35,555] {dag.py:2305} INFO - Setting next_dagrun for example_external_task_marker_child to None
[2021-08-18 09:14:35,557] {logging_mixin.py:104} INFO - [2021-08-18 09:14:35,557] {dag.py:2305} INFO - Setting next_dagrun for example_external_task_marker_parent to None
[2021-08-18 09:14:35,568] {scheduler_job.py:190} INFO - Processing /home/airflow/.local/lib/python3.6/site-packages/airflow/example_dags/example_external_task_marker_dag.py took 0.336 seconds
[2021-08-18 09:15:06,344] {scheduler_job.py:182} INFO - Started process (PID=1776) to work on /home/airflow/.local/lib/python3.6/site-packages/airflow/example_dags/example_external_task_marker_dag.py
[2021-08-18 09:15:06,346] {scheduler_job.py:633} INFO - Processing file /home/airflow/.local/lib/python3.6/site-packages/airflow/example_dags/example_external_task_marker_dag.py for tasks to queue
[2021-08-18 09:15:06,347] {logging_mixin.py:104} INFO - [2021-08-18 09:15:06,347] {dagbag.py:487} INFO - Filling up the DagBag from /home/airflow/.local/lib/python3.6/site-packages/airflow/example_dags/example_external_task_marker_dag.py
[2021-08-18 09:15:06,363] {scheduler_job.py:643} INFO - DAG(s) dict_keys(['example_external_task_marker_parent', 'example_external_task_marker_child']) retrieved from /home/airflow/.local/lib/python3.6/site-packages/airflow/example_dags/example_external_task_marker_dag.py
[2021-08-18 09:15:06,661] {logging_mixin.py:104} INFO - [2021-08-18 09:15:06,661] {dag.py:1832} INFO - Sync 2 DAGs
[2021-08-18 09:15:06,682] {logging_mixin.py:104} INFO - [2021-08-18 09:15:06,682] {dag.py:2305} INFO - Setting next_dagrun for example_external_task_marker_child to None
[2021-08-18 09:15:06,684] {logging_mixin.py:104} INFO - [2021-08-18 09:15:06,684] {dag.py:2305} INFO - Setting next_dagrun for example_external_task_marker_parent to None
[2021-08-18 09:15:06,695] {scheduler_job.py:190} INFO - Processing /home/airflow/.local/lib/python3.6/site-packages/airflow/example_dags/example_external_task_marker_dag.py took 0.356 seconds
[2021-08-18 09:15:36,741] {scheduler_job.py:182} INFO - Started process (PID=1855) to work on /home/airflow/.local/lib/python3.6/site-packages/airflow/example_dags/example_external_task_marker_dag.py
[2021-08-18 09:15:36,743] {scheduler_job.py:633} INFO - Processing file /home/airflow/.local/lib/python3.6/site-packages/airflow/example_dags/example_external_task_marker_dag.py for tasks to queue
[2021-08-18 09:15:36,744] {logging_mixin.py:104} INFO - [2021-08-18 09:15:36,744] {dagbag.py:487} INFO - Filling up the DagBag from /home/airflow/.local/lib/python3.6/site-packages/airflow/example_dags/example_external_task_marker_dag.py
[2021-08-18 09:15:36,760] {scheduler_job.py:643} INFO - DAG(s) dict_keys(['example_external_task_marker_parent', 'example_external_task_marker_child']) retrieved from /home/airflow/.local/lib/python3.6/site-packages/airflow/example_dags/example_external_task_marker_dag.py
[2021-08-18 09:15:37,098] {logging_mixin.py:104} INFO - [2021-08-18 09:15:37,098] {dag.py:1832} INFO - Sync 2 DAGs
[2021-08-18 09:15:37,112] {logging_mixin.py:104} INFO - [2021-08-18 09:15:37,112] {dag.py:2305} INFO - Setting next_dagrun for example_external_task_marker_child to None
[2021-08-18 09:15:37,114] {logging_mixin.py:104} INFO - [2021-08-18 09:15:37,114] {dag.py:2305} INFO - Setting next_dagrun for example_external_task_marker_parent to None
[2021-08-18 09:15:37,127] {scheduler_job.py:190} INFO - Processing /home/airflow/.local/lib/python3.6/site-packages/airflow/example_dags/example_external_task_marker_dag.py took 0.390 seconds
[2021-08-18 09:16:07,457] {scheduler_job.py:182} INFO - Started process (PID=1932) to work on /home/airflow/.local/lib/python3.6/site-packages/airflow/example_dags/example_external_task_marker_dag.py
[2021-08-18 09:16:07,472] {scheduler_job.py:633} INFO - Processing file /home/airflow/.local/lib/python3.6/site-packages/airflow/example_dags/example_external_task_marker_dag.py for tasks to queue
[2021-08-18 09:16:07,474] {logging_mixin.py:104} INFO - [2021-08-18 09:16:07,473] {dagbag.py:487} INFO - Filling up the DagBag from /home/airflow/.local/lib/python3.6/site-packages/airflow/example_dags/example_external_task_marker_dag.py
[2021-08-18 09:16:07,489] {scheduler_job.py:643} INFO - DAG(s) dict_keys(['example_external_task_marker_parent', 'example_external_task_marker_child']) retrieved from /home/airflow/.local/lib/python3.6/site-packages/airflow/example_dags/example_external_task_marker_dag.py
[2021-08-18 09:16:07,816] {logging_mixin.py:104} INFO - [2021-08-18 09:16:07,816] {dag.py:1832} INFO - Sync 2 DAGs
[2021-08-18 09:16:07,829] {logging_mixin.py:104} INFO - [2021-08-18 09:16:07,829] {dag.py:2305} INFO - Setting next_dagrun for example_external_task_marker_child to None
[2021-08-18 09:16:07,830] {logging_mixin.py:104} INFO - [2021-08-18 09:16:07,830] {dag.py:2305} INFO - Setting next_dagrun for example_external_task_marker_parent to None
[2021-08-18 09:16:07,841] {scheduler_job.py:190} INFO - Processing /home/airflow/.local/lib/python3.6/site-packages/airflow/example_dags/example_external_task_marker_dag.py took 0.390 seconds
[2021-08-18 09:16:38,466] {scheduler_job.py:182} INFO - Started process (PID=1997) to work on /home/airflow/.local/lib/python3.6/site-packages/airflow/example_dags/example_external_task_marker_dag.py
[2021-08-18 09:16:38,468] {scheduler_job.py:633} INFO - Processing file /home/airflow/.local/lib/python3.6/site-packages/airflow/example_dags/example_external_task_marker_dag.py for tasks to queue
[2021-08-18 09:16:38,488] {logging_mixin.py:104} INFO - [2021-08-18 09:16:38,488] {dagbag.py:487} INFO - Filling up the DagBag from /home/airflow/.local/lib/python3.6/site-packages/airflow/example_dags/example_external_task_marker_dag.py
[2021-08-18 09:16:38,506] {scheduler_job.py:643} INFO - DAG(s) dict_keys(['example_external_task_marker_parent', 'example_external_task_marker_child']) retrieved from /home/airflow/.local/lib/python3.6/site-packages/airflow/example_dags/example_external_task_marker_dag.py
[2021-08-18 09:16:38,538] {logging_mixin.py:104} INFO - [2021-08-18 09:16:38,538] {dag.py:1832} INFO - Sync 2 DAGs
[2021-08-18 09:16:38,579] {logging_mixin.py:104} INFO - [2021-08-18 09:16:38,579] {dag.py:2305} INFO - Setting next_dagrun for example_external_task_marker_child to None
[2021-08-18 09:16:38,597] {logging_mixin.py:104} INFO - [2021-08-18 09:16:38,597] {dag.py:2305} INFO - Setting next_dagrun for example_external_task_marker_parent to None
[2021-08-18 09:16:38,609] {scheduler_job.py:190} INFO - Processing /home/airflow/.local/lib/python3.6/site-packages/airflow/example_dags/example_external_task_marker_dag.py took 0.148 seconds
[2021-08-18 09:17:34,581] {scheduler_job.py:182} INFO - Started process (PID=31) to work on /home/airflow/.local/lib/python3.6/site-packages/airflow/example_dags/example_external_task_marker_dag.py
[2021-08-18 09:17:34,583] {scheduler_job.py:633} INFO - Processing file /home/airflow/.local/lib/python3.6/site-packages/airflow/example_dags/example_external_task_marker_dag.py for tasks to queue
[2021-08-18 09:17:34,584] {logging_mixin.py:104} INFO - [2021-08-18 09:17:34,584] {dagbag.py:487} INFO - Filling up the DagBag from /home/airflow/.local/lib/python3.6/site-packages/airflow/example_dags/example_external_task_marker_dag.py
[2021-08-18 09:17:34,596] {scheduler_job.py:643} INFO - DAG(s) dict_keys(['example_external_task_marker_parent', 'example_external_task_marker_child']) retrieved from /home/airflow/.local/lib/python3.6/site-packages/airflow/example_dags/example_external_task_marker_dag.py
[2021-08-18 09:17:34,825] {logging_mixin.py:104} INFO - [2021-08-18 09:17:34,825] {dag.py:1832} INFO - Sync 2 DAGs
[2021-08-18 09:17:34,838] {logging_mixin.py:104} INFO - [2021-08-18 09:17:34,838] {dag.py:2305} INFO - Setting next_dagrun for example_external_task_marker_child to None
[2021-08-18 09:17:34,839] {logging_mixin.py:104} INFO - [2021-08-18 09:17:34,839] {dag.py:2305} INFO - Setting next_dagrun for example_external_task_marker_parent to None
[2021-08-18 09:17:34,849] {scheduler_job.py:190} INFO - Processing /home/airflow/.local/lib/python3.6/site-packages/airflow/example_dags/example_external_task_marker_dag.py took 0.271 seconds
[2021-08-18 09:18:05,647] {scheduler_job.py:182} INFO - Started process (PID=108) to work on /home/airflow/.local/lib/python3.6/site-packages/airflow/example_dags/example_external_task_marker_dag.py
[2021-08-18 09:18:05,649] {scheduler_job.py:633} INFO - Processing file /home/airflow/.local/lib/python3.6/site-packages/airflow/example_dags/example_external_task_marker_dag.py for tasks to queue
[2021-08-18 09:18:05,650] {logging_mixin.py:104} INFO - [2021-08-18 09:18:05,650] {dagbag.py:487} INFO - Filling up the DagBag from /home/airflow/.local/lib/python3.6/site-packages/airflow/example_dags/example_external_task_marker_dag.py
[2021-08-18 09:18:05,663] {scheduler_job.py:643} INFO - DAG(s) dict_keys(['example_external_task_marker_parent', 'example_external_task_marker_child']) retrieved from /home/airflow/.local/lib/python3.6/site-packages/airflow/example_dags/example_external_task_marker_dag.py
[2021-08-18 09:18:05,686] {logging_mixin.py:104} INFO - [2021-08-18 09:18:05,686] {dag.py:1832} INFO - Sync 2 DAGs
[2021-08-18 09:18:05,701] {logging_mixin.py:104} INFO - [2021-08-18 09:18:05,701] {dag.py:2305} INFO - Setting next_dagrun for example_external_task_marker_child to None
[2021-08-18 09:18:05,703] {logging_mixin.py:104} INFO - [2021-08-18 09:18:05,703] {dag.py:2305} INFO - Setting next_dagrun for example_external_task_marker_parent to None
[2021-08-18 09:18:05,712] {scheduler_job.py:190} INFO - Processing /home/airflow/.local/lib/python3.6/site-packages/airflow/example_dags/example_external_task_marker_dag.py took 0.069 seconds
[2021-08-18 09:18:36,542] {scheduler_job.py:182} INFO - Started process (PID=171) to work on /home/airflow/.local/lib/python3.6/site-packages/airflow/example_dags/example_external_task_marker_dag.py
[2021-08-18 09:18:36,544] {scheduler_job.py:633} INFO - Processing file /home/airflow/.local/lib/python3.6/site-packages/airflow/example_dags/example_external_task_marker_dag.py for tasks to queue
[2021-08-18 09:18:36,545] {logging_mixin.py:104} INFO - [2021-08-18 09:18:36,545] {dagbag.py:487} INFO - Filling up the DagBag from /home/airflow/.local/lib/python3.6/site-packages/airflow/example_dags/example_external_task_marker_dag.py
[2021-08-18 09:18:36,562] {scheduler_job.py:643} INFO - DAG(s) dict_keys(['example_external_task_marker_parent', 'example_external_task_marker_child']) retrieved from /home/airflow/.local/lib/python3.6/site-packages/airflow/example_dags/example_external_task_marker_dag.py
[2021-08-18 09:18:36,852] {logging_mixin.py:104} INFO - [2021-08-18 09:18:36,852] {dag.py:1832} INFO - Sync 2 DAGs
[2021-08-18 09:18:36,869] {logging_mixin.py:104} INFO - [2021-08-18 09:18:36,869] {dag.py:2305} INFO - Setting next_dagrun for example_external_task_marker_child to None
[2021-08-18 09:18:36,871] {logging_mixin.py:104} INFO - [2021-08-18 09:18:36,871] {dag.py:2305} INFO - Setting next_dagrun for example_external_task_marker_parent to None
[2021-08-18 09:18:36,884] {scheduler_job.py:190} INFO - Processing /home/airflow/.local/lib/python3.6/site-packages/airflow/example_dags/example_external_task_marker_dag.py took 0.347 seconds
[2021-08-18 09:19:06,958] {scheduler_job.py:182} INFO - Started process (PID=249) to work on /home/airflow/.local/lib/python3.6/site-packages/airflow/example_dags/example_external_task_marker_dag.py
[2021-08-18 09:19:06,961] {scheduler_job.py:633} INFO - Processing file /home/airflow/.local/lib/python3.6/site-packages/airflow/example_dags/example_external_task_marker_dag.py for tasks to queue
[2021-08-18 09:19:06,962] {logging_mixin.py:104} INFO - [2021-08-18 09:19:06,962] {dagbag.py:487} INFO - Filling up the DagBag from /home/airflow/.local/lib/python3.6/site-packages/airflow/example_dags/example_external_task_marker_dag.py
[2021-08-18 09:19:06,978] {scheduler_job.py:643} INFO - DAG(s) dict_keys(['example_external_task_marker_parent', 'example_external_task_marker_child']) retrieved from /home/airflow/.local/lib/python3.6/site-packages/airflow/example_dags/example_external_task_marker_dag.py
[2021-08-18 09:19:07,007] {logging_mixin.py:104} INFO - [2021-08-18 09:19:07,007] {dag.py:1832} INFO - Sync 2 DAGs
[2021-08-18 09:19:07,027] {logging_mixin.py:104} INFO - [2021-08-18 09:19:07,027] {dag.py:2305} INFO - Setting next_dagrun for example_external_task_marker_child to None
[2021-08-18 09:19:07,029] {logging_mixin.py:104} INFO - [2021-08-18 09:19:07,029] {dag.py:2305} INFO - Setting next_dagrun for example_external_task_marker_parent to None
[2021-08-18 09:19:07,042] {scheduler_job.py:190} INFO - Processing /home/airflow/.local/lib/python3.6/site-packages/airflow/example_dags/example_external_task_marker_dag.py took 0.088 seconds
[2021-08-18 09:19:37,222] {scheduler_job.py:182} INFO - Started process (PID=310) to work on /home/airflow/.local/lib/python3.6/site-packages/airflow/example_dags/example_external_task_marker_dag.py
[2021-08-18 09:19:37,225] {scheduler_job.py:633} INFO - Processing file /home/airflow/.local/lib/python3.6/site-packages/airflow/example_dags/example_external_task_marker_dag.py for tasks to queue
[2021-08-18 09:19:37,226] {logging_mixin.py:104} INFO - [2021-08-18 09:19:37,226] {dagbag.py:487} INFO - Filling up the DagBag from /home/airflow/.local/lib/python3.6/site-packages/airflow/example_dags/example_external_task_marker_dag.py
[2021-08-18 09:19:37,242] {scheduler_job.py:643} INFO - DAG(s) dict_keys(['example_external_task_marker_parent', 'example_external_task_marker_child']) retrieved from /home/airflow/.local/lib/python3.6/site-packages/airflow/example_dags/example_external_task_marker_dag.py
[2021-08-18 09:19:37,515] {logging_mixin.py:104} INFO - [2021-08-18 09:19:37,515] {dag.py:1832} INFO - Sync 2 DAGs
[2021-08-18 09:19:37,532] {logging_mixin.py:104} INFO - [2021-08-18 09:19:37,531] {dag.py:2305} INFO - Setting next_dagrun for example_external_task_marker_child to None
[2021-08-18 09:19:37,534] {logging_mixin.py:104} INFO - [2021-08-18 09:19:37,534] {dag.py:2305} INFO - Setting next_dagrun for example_external_task_marker_parent to None
[2021-08-18 09:19:37,546] {scheduler_job.py:190} INFO - Processing /home/airflow/.local/lib/python3.6/site-packages/airflow/example_dags/example_external_task_marker_dag.py took 0.329 seconds
[2021-08-18 09:20:07,643] {scheduler_job.py:182} INFO - Started process (PID=388) to work on /home/airflow/.local/lib/python3.6/site-packages/airflow/example_dags/example_external_task_marker_dag.py
[2021-08-18 09:20:07,647] {scheduler_job.py:633} INFO - Processing file /home/airflow/.local/lib/python3.6/site-packages/airflow/example_dags/example_external_task_marker_dag.py for tasks to queue
[2021-08-18 09:20:07,648] {logging_mixin.py:104} INFO - [2021-08-18 09:20:07,648] {dagbag.py:487} INFO - Filling up the DagBag from /home/airflow/.local/lib/python3.6/site-packages/airflow/example_dags/example_external_task_marker_dag.py
[2021-08-18 09:20:07,663] {scheduler_job.py:643} INFO - DAG(s) dict_keys(['example_external_task_marker_parent', 'example_external_task_marker_child']) retrieved from /home/airflow/.local/lib/python3.6/site-packages/airflow/example_dags/example_external_task_marker_dag.py
[2021-08-18 09:20:07,892] {logging_mixin.py:104} INFO - [2021-08-18 09:20:07,892] {dag.py:1832} INFO - Sync 2 DAGs
[2021-08-18 09:20:07,904] {logging_mixin.py:104} INFO - [2021-08-18 09:20:07,904] {dag.py:2305} INFO - Setting next_dagrun for example_external_task_marker_child to None
[2021-08-18 09:20:07,905] {logging_mixin.py:104} INFO - [2021-08-18 09:20:07,905] {dag.py:2305} INFO - Setting next_dagrun for example_external_task_marker_parent to None
[2021-08-18 09:20:07,915] {scheduler_job.py:190} INFO - Processing /home/airflow/.local/lib/python3.6/site-packages/airflow/example_dags/example_external_task_marker_dag.py took 0.276 seconds
[2021-08-18 09:20:38,200] {scheduler_job.py:182} INFO - Started process (PID=466) to work on /home/airflow/.local/lib/python3.6/site-packages/airflow/example_dags/example_external_task_marker_dag.py
[2021-08-18 09:20:38,203] {scheduler_job.py:633} INFO - Processing file /home/airflow/.local/lib/python3.6/site-packages/airflow/example_dags/example_external_task_marker_dag.py for tasks to queue
[2021-08-18 09:20:38,204] {logging_mixin.py:104} INFO - [2021-08-18 09:20:38,204] {dagbag.py:487} INFO - Filling up the DagBag from /home/airflow/.local/lib/python3.6/site-packages/airflow/example_dags/example_external_task_marker_dag.py
[2021-08-18 09:20:38,220] {scheduler_job.py:643} INFO - DAG(s) dict_keys(['example_external_task_marker_parent', 'example_external_task_marker_child']) retrieved from /home/airflow/.local/lib/python3.6/site-packages/airflow/example_dags/example_external_task_marker_dag.py
[2021-08-18 09:20:38,451] {logging_mixin.py:104} INFO - [2021-08-18 09:20:38,451] {dag.py:1832} INFO - Sync 2 DAGs
[2021-08-18 09:20:38,465] {logging_mixin.py:104} INFO - [2021-08-18 09:20:38,465] {dag.py:2305} INFO - Setting next_dagrun for example_external_task_marker_child to None
[2021-08-18 09:20:38,467] {logging_mixin.py:104} INFO - [2021-08-18 09:20:38,467] {dag.py:2305} INFO - Setting next_dagrun for example_external_task_marker_parent to None
[2021-08-18 09:20:38,477] {scheduler_job.py:190} INFO - Processing /home/airflow/.local/lib/python3.6/site-packages/airflow/example_dags/example_external_task_marker_dag.py took 0.281 seconds
[2021-08-18 09:21:08,516] {scheduler_job.py:182} INFO - Started process (PID=527) to work on /home/airflow/.local/lib/python3.6/site-packages/airflow/example_dags/example_external_task_marker_dag.py
[2021-08-18 09:21:08,518] {scheduler_job.py:633} INFO - Processing file /home/airflow/.local/lib/python3.6/site-packages/airflow/example_dags/example_external_task_marker_dag.py for tasks to queue
[2021-08-18 09:21:08,519] {logging_mixin.py:104} INFO - [2021-08-18 09:21:08,519] {dagbag.py:487} INFO - Filling up the DagBag from /home/airflow/.local/lib/python3.6/site-packages/airflow/example_dags/example_external_task_marker_dag.py
[2021-08-18 09:21:08,533] {scheduler_job.py:643} INFO - DAG(s) dict_keys(['example_external_task_marker_parent', 'example_external_task_marker_child']) retrieved from /home/airflow/.local/lib/python3.6/site-packages/airflow/example_dags/example_external_task_marker_dag.py
[2021-08-18 09:21:08,559] {logging_mixin.py:104} INFO - [2021-08-18 09:21:08,559] {dag.py:1832} INFO - Sync 2 DAGs
[2021-08-18 09:21:08,583] {logging_mixin.py:104} INFO - [2021-08-18 09:21:08,583] {dag.py:2305} INFO - Setting next_dagrun for example_external_task_marker_child to None
[2021-08-18 09:21:08,585] {logging_mixin.py:104} INFO - [2021-08-18 09:21:08,585] {dag.py:2305} INFO - Setting next_dagrun for example_external_task_marker_parent to None
[2021-08-18 09:21:08,596] {scheduler_job.py:190} INFO - Processing /home/airflow/.local/lib/python3.6/site-packages/airflow/example_dags/example_external_task_marker_dag.py took 0.083 seconds
[2021-08-18 09:21:38,761] {scheduler_job.py:182} INFO - Started process (PID=606) to work on /home/airflow/.local/lib/python3.6/site-packages/airflow/example_dags/example_external_task_marker_dag.py
[2021-08-18 09:21:38,763] {scheduler_job.py:633} INFO - Processing file /home/airflow/.local/lib/python3.6/site-packages/airflow/example_dags/example_external_task_marker_dag.py for tasks to queue
[2021-08-18 09:21:38,765] {logging_mixin.py:104} INFO - [2021-08-18 09:21:38,764] {dagbag.py:487} INFO - Filling up the DagBag from /home/airflow/.local/lib/python3.6/site-packages/airflow/example_dags/example_external_task_marker_dag.py
[2021-08-18 09:21:38,778] {scheduler_job.py:643} INFO - DAG(s) dict_keys(['example_external_task_marker_parent', 'example_external_task_marker_child']) retrieved from /home/airflow/.local/lib/python3.6/site-packages/airflow/example_dags/example_external_task_marker_dag.py
[2021-08-18 09:21:38,997] {logging_mixin.py:104} INFO - [2021-08-18 09:21:38,997] {dag.py:1832} INFO - Sync 2 DAGs
[2021-08-18 09:21:39,012] {logging_mixin.py:104} INFO - [2021-08-18 09:21:39,012] {dag.py:2305} INFO - Setting next_dagrun for example_external_task_marker_child to None
[2021-08-18 09:21:39,014] {logging_mixin.py:104} INFO - [2021-08-18 09:21:39,014] {dag.py:2305} INFO - Setting next_dagrun for example_external_task_marker_parent to None
[2021-08-18 09:21:39,025] {scheduler_job.py:190} INFO - Processing /home/airflow/.local/lib/python3.6/site-packages/airflow/example_dags/example_external_task_marker_dag.py took 0.268 seconds
[2021-08-18 09:22:09,208] {scheduler_job.py:182} INFO - Started process (PID=669) to work on /home/airflow/.local/lib/python3.6/site-packages/airflow/example_dags/example_external_task_marker_dag.py
[2021-08-18 09:22:09,209] {scheduler_job.py:633} INFO - Processing file /home/airflow/.local/lib/python3.6/site-packages/airflow/example_dags/example_external_task_marker_dag.py for tasks to queue
[2021-08-18 09:22:09,210] {logging_mixin.py:104} INFO - [2021-08-18 09:22:09,210] {dagbag.py:487} INFO - Filling up the DagBag from /home/airflow/.local/lib/python3.6/site-packages/airflow/example_dags/example_external_task_marker_dag.py
[2021-08-18 09:22:09,224] {scheduler_job.py:643} INFO - DAG(s) dict_keys(['example_external_task_marker_parent', 'example_external_task_marker_child']) retrieved from /home/airflow/.local/lib/python3.6/site-packages/airflow/example_dags/example_external_task_marker_dag.py
[2021-08-18 09:22:09,411] {logging_mixin.py:104} INFO - [2021-08-18 09:22:09,411] {dag.py:1832} INFO - Sync 2 DAGs
[2021-08-18 09:22:09,423] {logging_mixin.py:104} INFO - [2021-08-18 09:22:09,423] {dag.py:2305} INFO - Setting next_dagrun for example_external_task_marker_child to None
[2021-08-18 09:22:09,425] {logging_mixin.py:104} INFO - [2021-08-18 09:22:09,425] {dag.py:2305} INFO - Setting next_dagrun for example_external_task_marker_parent to None
[2021-08-18 09:22:09,436] {scheduler_job.py:190} INFO - Processing /home/airflow/.local/lib/python3.6/site-packages/airflow/example_dags/example_external_task_marker_dag.py took 0.232 seconds
[2021-08-18 09:22:39,512] {scheduler_job.py:182} INFO - Started process (PID=746) to work on /home/airflow/.local/lib/python3.6/site-packages/airflow/example_dags/example_external_task_marker_dag.py
[2021-08-18 09:22:39,514] {scheduler_job.py:633} INFO - Processing file /home/airflow/.local/lib/python3.6/site-packages/airflow/example_dags/example_external_task_marker_dag.py for tasks to queue
[2021-08-18 09:22:39,515] {logging_mixin.py:104} INFO - [2021-08-18 09:22:39,515] {dagbag.py:487} INFO - Filling up the DagBag from /home/airflow/.local/lib/python3.6/site-packages/airflow/example_dags/example_external_task_marker_dag.py
[2021-08-18 09:22:39,529] {scheduler_job.py:643} INFO - DAG(s) dict_keys(['example_external_task_marker_parent', 'example_external_task_marker_child']) retrieved from /home/airflow/.local/lib/python3.6/site-packages/airflow/example_dags/example_external_task_marker_dag.py
[2021-08-18 09:22:39,706] {logging_mixin.py:104} INFO - [2021-08-18 09:22:39,706] {dag.py:1832} INFO - Sync 2 DAGs
[2021-08-18 09:22:39,718] {logging_mixin.py:104} INFO - [2021-08-18 09:22:39,718] {dag.py:2305} INFO - Setting next_dagrun for example_external_task_marker_child to None
[2021-08-18 09:22:39,719] {logging_mixin.py:104} INFO - [2021-08-18 09:22:39,719] {dag.py:2305} INFO - Setting next_dagrun for example_external_task_marker_parent to None
[2021-08-18 09:22:39,729] {scheduler_job.py:190} INFO - Processing /home/airflow/.local/lib/python3.6/site-packages/airflow/example_dags/example_external_task_marker_dag.py took 0.221 seconds
[2021-08-18 09:23:09,811] {scheduler_job.py:182} INFO - Started process (PID=823) to work on /home/airflow/.local/lib/python3.6/site-packages/airflow/example_dags/example_external_task_marker_dag.py
[2021-08-18 09:23:09,813] {scheduler_job.py:633} INFO - Processing file /home/airflow/.local/lib/python3.6/site-packages/airflow/example_dags/example_external_task_marker_dag.py for tasks to queue
[2021-08-18 09:23:09,814] {logging_mixin.py:104} INFO - [2021-08-18 09:23:09,814] {dagbag.py:487} INFO - Filling up the DagBag from /home/airflow/.local/lib/python3.6/site-packages/airflow/example_dags/example_external_task_marker_dag.py
[2021-08-18 09:23:09,824] {scheduler_job.py:643} INFO - DAG(s) dict_keys(['example_external_task_marker_parent', 'example_external_task_marker_child']) retrieved from /home/airflow/.local/lib/python3.6/site-packages/airflow/example_dags/example_external_task_marker_dag.py
[2021-08-18 09:23:10,038] {logging_mixin.py:104} INFO - [2021-08-18 09:23:10,038] {dag.py:1832} INFO - Sync 2 DAGs
[2021-08-18 09:23:10,060] {logging_mixin.py:104} INFO - [2021-08-18 09:23:10,060] {dag.py:2305} INFO - Setting next_dagrun for example_external_task_marker_child to None
[2021-08-18 09:23:10,061] {logging_mixin.py:104} INFO - [2021-08-18 09:23:10,061] {dag.py:2305} INFO - Setting next_dagrun for example_external_task_marker_parent to None
[2021-08-18 09:23:10,073] {scheduler_job.py:190} INFO - Processing /home/airflow/.local/lib/python3.6/site-packages/airflow/example_dags/example_external_task_marker_dag.py took 0.265 seconds
[2021-08-18 09:23:40,339] {scheduler_job.py:182} INFO - Started process (PID=897) to work on /home/airflow/.local/lib/python3.6/site-packages/airflow/example_dags/example_external_task_marker_dag.py
[2021-08-18 09:23:40,341] {scheduler_job.py:633} INFO - Processing file /home/airflow/.local/lib/python3.6/site-packages/airflow/example_dags/example_external_task_marker_dag.py for tasks to queue
[2021-08-18 09:23:40,343] {logging_mixin.py:104} INFO - [2021-08-18 09:23:40,343] {dagbag.py:487} INFO - Filling up the DagBag from /home/airflow/.local/lib/python3.6/site-packages/airflow/example_dags/example_external_task_marker_dag.py
[2021-08-18 09:23:40,360] {scheduler_job.py:643} INFO - DAG(s) dict_keys(['example_external_task_marker_parent', 'example_external_task_marker_child']) retrieved from /home/airflow/.local/lib/python3.6/site-packages/airflow/example_dags/example_external_task_marker_dag.py
[2021-08-18 09:23:40,599] {logging_mixin.py:104} INFO - [2021-08-18 09:23:40,598] {dag.py:1832} INFO - Sync 2 DAGs
[2021-08-18 09:23:40,616] {logging_mixin.py:104} INFO - [2021-08-18 09:23:40,615] {dag.py:2305} INFO - Setting next_dagrun for example_external_task_marker_child to None
[2021-08-18 09:23:40,617] {logging_mixin.py:104} INFO - [2021-08-18 09:23:40,617] {dag.py:2305} INFO - Setting next_dagrun for example_external_task_marker_parent to None
[2021-08-18 09:23:40,631] {scheduler_job.py:190} INFO - Processing /home/airflow/.local/lib/python3.6/site-packages/airflow/example_dags/example_external_task_marker_dag.py took 0.296 seconds
[2021-08-18 09:24:10,682] {scheduler_job.py:182} INFO - Started process (PID=977) to work on /home/airflow/.local/lib/python3.6/site-packages/airflow/example_dags/example_external_task_marker_dag.py
[2021-08-18 09:24:10,685] {scheduler_job.py:633} INFO - Processing file /home/airflow/.local/lib/python3.6/site-packages/airflow/example_dags/example_external_task_marker_dag.py for tasks to queue
[2021-08-18 09:24:10,686] {logging_mixin.py:104} INFO - [2021-08-18 09:24:10,686] {dagbag.py:487} INFO - Filling up the DagBag from /home/airflow/.local/lib/python3.6/site-packages/airflow/example_dags/example_external_task_marker_dag.py
[2021-08-18 09:24:10,712] {scheduler_job.py:643} INFO - DAG(s) dict_keys(['example_external_task_marker_parent', 'example_external_task_marker_child']) retrieved from /home/airflow/.local/lib/python3.6/site-packages/airflow/example_dags/example_external_task_marker_dag.py
[2021-08-18 09:24:10,969] {logging_mixin.py:104} INFO - [2021-08-18 09:24:10,969] {dag.py:1832} INFO - Sync 2 DAGs
[2021-08-18 09:24:10,984] {logging_mixin.py:104} INFO - [2021-08-18 09:24:10,984] {dag.py:2305} INFO - Setting next_dagrun for example_external_task_marker_child to None
[2021-08-18 09:24:10,986] {logging_mixin.py:104} INFO - [2021-08-18 09:24:10,986] {dag.py:2305} INFO - Setting next_dagrun for example_external_task_marker_parent to None
[2021-08-18 09:24:10,997] {scheduler_job.py:190} INFO - Processing /home/airflow/.local/lib/python3.6/site-packages/airflow/example_dags/example_external_task_marker_dag.py took 0.319 seconds
[2021-08-18 09:24:41,107] {scheduler_job.py:182} INFO - Started process (PID=1041) to work on /home/airflow/.local/lib/python3.6/site-packages/airflow/example_dags/example_external_task_marker_dag.py
[2021-08-18 09:24:41,109] {scheduler_job.py:633} INFO - Processing file /home/airflow/.local/lib/python3.6/site-packages/airflow/example_dags/example_external_task_marker_dag.py for tasks to queue
[2021-08-18 09:24:41,111] {logging_mixin.py:104} INFO - [2021-08-18 09:24:41,111] {dagbag.py:487} INFO - Filling up the DagBag from /home/airflow/.local/lib/python3.6/site-packages/airflow/example_dags/example_external_task_marker_dag.py
[2021-08-18 09:24:41,125] {scheduler_job.py:643} INFO - DAG(s) dict_keys(['example_external_task_marker_parent', 'example_external_task_marker_child']) retrieved from /home/airflow/.local/lib/python3.6/site-packages/airflow/example_dags/example_external_task_marker_dag.py
[2021-08-18 09:24:41,381] {logging_mixin.py:104} INFO - [2021-08-18 09:24:41,381] {dag.py:1832} INFO - Sync 2 DAGs
[2021-08-18 09:24:41,398] {logging_mixin.py:104} INFO - [2021-08-18 09:24:41,398] {dag.py:2305} INFO - Setting next_dagrun for example_external_task_marker_child to None
[2021-08-18 09:24:41,400] {logging_mixin.py:104} INFO - [2021-08-18 09:24:41,400] {dag.py:2305} INFO - Setting next_dagrun for example_external_task_marker_parent to None
[2021-08-18 09:24:41,432] {scheduler_job.py:190} INFO - Processing /home/airflow/.local/lib/python3.6/site-packages/airflow/example_dags/example_external_task_marker_dag.py took 0.329 seconds
[2021-08-18 09:25:11,534] {scheduler_job.py:182} INFO - Started process (PID=1118) to work on /home/airflow/.local/lib/python3.6/site-packages/airflow/example_dags/example_external_task_marker_dag.py
[2021-08-18 09:25:11,537] {scheduler_job.py:633} INFO - Processing file /home/airflow/.local/lib/python3.6/site-packages/airflow/example_dags/example_external_task_marker_dag.py for tasks to queue
[2021-08-18 09:25:11,539] {logging_mixin.py:104} INFO - [2021-08-18 09:25:11,538] {dagbag.py:487} INFO - Filling up the DagBag from /home/airflow/.local/lib/python3.6/site-packages/airflow/example_dags/example_external_task_marker_dag.py
[2021-08-18 09:25:11,553] {scheduler_job.py:643} INFO - DAG(s) dict_keys(['example_external_task_marker_parent', 'example_external_task_marker_child']) retrieved from /home/airflow/.local/lib/python3.6/site-packages/airflow/example_dags/example_external_task_marker_dag.py
[2021-08-18 09:25:11,583] {logging_mixin.py:104} INFO - [2021-08-18 09:25:11,582] {dag.py:1832} INFO - Sync 2 DAGs
[2021-08-18 09:25:11,603] {logging_mixin.py:104} INFO - [2021-08-18 09:25:11,602] {dag.py:2305} INFO - Setting next_dagrun for example_external_task_marker_child to None
[2021-08-18 09:25:11,604] {logging_mixin.py:104} INFO - [2021-08-18 09:25:11,604] {dag.py:2305} INFO - Setting next_dagrun for example_external_task_marker_parent to None
[2021-08-18 09:25:11,622] {scheduler_job.py:190} INFO - Processing /home/airflow/.local/lib/python3.6/site-packages/airflow/example_dags/example_external_task_marker_dag.py took 0.091 seconds
[2021-08-18 09:25:41,709] {scheduler_job.py:182} INFO - Started process (PID=1191) to work on /home/airflow/.local/lib/python3.6/site-packages/airflow/example_dags/example_external_task_marker_dag.py
[2021-08-18 09:25:41,711] {scheduler_job.py:633} INFO - Processing file /home/airflow/.local/lib/python3.6/site-packages/airflow/example_dags/example_external_task_marker_dag.py for tasks to queue
[2021-08-18 09:25:41,713] {logging_mixin.py:104} INFO - [2021-08-18 09:25:41,713] {dagbag.py:487} INFO - Filling up the DagBag from /home/airflow/.local/lib/python3.6/site-packages/airflow/example_dags/example_external_task_marker_dag.py
[2021-08-18 09:25:41,729] {scheduler_job.py:643} INFO - DAG(s) dict_keys(['example_external_task_marker_parent', 'example_external_task_marker_child']) retrieved from /home/airflow/.local/lib/python3.6/site-packages/airflow/example_dags/example_external_task_marker_dag.py
[2021-08-18 09:25:41,955] {logging_mixin.py:104} INFO - [2021-08-18 09:25:41,955] {dag.py:1832} INFO - Sync 2 DAGs
[2021-08-18 09:25:41,970] {logging_mixin.py:104} INFO - [2021-08-18 09:25:41,970] {dag.py:2305} INFO - Setting next_dagrun for example_external_task_marker_child to None
[2021-08-18 09:25:41,972] {logging_mixin.py:104} INFO - [2021-08-18 09:25:41,972] {dag.py:2305} INFO - Setting next_dagrun for example_external_task_marker_parent to None
[2021-08-18 09:25:42,006] {scheduler_job.py:190} INFO - Processing /home/airflow/.local/lib/python3.6/site-packages/airflow/example_dags/example_external_task_marker_dag.py took 0.302 seconds
[2021-08-18 09:26:12,178] {scheduler_job.py:182} INFO - Started process (PID=1257) to work on /home/airflow/.local/lib/python3.6/site-packages/airflow/example_dags/example_external_task_marker_dag.py
[2021-08-18 09:26:12,179] {scheduler_job.py:633} INFO - Processing file /home/airflow/.local/lib/python3.6/site-packages/airflow/example_dags/example_external_task_marker_dag.py for tasks to queue
[2021-08-18 09:26:12,181] {logging_mixin.py:104} INFO - [2021-08-18 09:26:12,181] {dagbag.py:487} INFO - Filling up the DagBag from /home/airflow/.local/lib/python3.6/site-packages/airflow/example_dags/example_external_task_marker_dag.py
[2021-08-18 09:26:12,194] {scheduler_job.py:643} INFO - DAG(s) dict_keys(['example_external_task_marker_parent', 'example_external_task_marker_child']) retrieved from /home/airflow/.local/lib/python3.6/site-packages/airflow/example_dags/example_external_task_marker_dag.py
[2021-08-18 09:26:12,219] {logging_mixin.py:104} INFO - [2021-08-18 09:26:12,219] {dag.py:1832} INFO - Sync 2 DAGs
[2021-08-18 09:26:12,235] {logging_mixin.py:104} INFO - [2021-08-18 09:26:12,235] {dag.py:2305} INFO - Setting next_dagrun for example_external_task_marker_child to None
[2021-08-18 09:26:12,236] {logging_mixin.py:104} INFO - [2021-08-18 09:26:12,236] {dag.py:2305} INFO - Setting next_dagrun for example_external_task_marker_parent to None
[2021-08-18 09:26:12,246] {scheduler_job.py:190} INFO - Processing /home/airflow/.local/lib/python3.6/site-packages/airflow/example_dags/example_external_task_marker_dag.py took 0.072 seconds
[2021-08-18 09:26:43,139] {scheduler_job.py:182} INFO - Started process (PID=1333) to work on /home/airflow/.local/lib/python3.6/site-packages/airflow/example_dags/example_external_task_marker_dag.py
[2021-08-18 09:26:43,157] {scheduler_job.py:633} INFO - Processing file /home/airflow/.local/lib/python3.6/site-packages/airflow/example_dags/example_external_task_marker_dag.py for tasks to queue
[2021-08-18 09:26:43,159] {logging_mixin.py:104} INFO - [2021-08-18 09:26:43,159] {dagbag.py:487} INFO - Filling up the DagBag from /home/airflow/.local/lib/python3.6/site-packages/airflow/example_dags/example_external_task_marker_dag.py
[2021-08-18 09:26:43,171] {scheduler_job.py:643} INFO - DAG(s) dict_keys(['example_external_task_marker_parent', 'example_external_task_marker_child']) retrieved from /home/airflow/.local/lib/python3.6/site-packages/airflow/example_dags/example_external_task_marker_dag.py
[2021-08-18 09:26:43,195] {logging_mixin.py:104} INFO - [2021-08-18 09:26:43,194] {dag.py:1832} INFO - Sync 2 DAGs
[2021-08-18 09:26:43,213] {logging_mixin.py:104} INFO - [2021-08-18 09:26:43,213] {dag.py:2305} INFO - Setting next_dagrun for example_external_task_marker_child to None
[2021-08-18 09:26:43,215] {logging_mixin.py:104} INFO - [2021-08-18 09:26:43,215] {dag.py:2305} INFO - Setting next_dagrun for example_external_task_marker_parent to None
[2021-08-18 09:26:43,225] {scheduler_job.py:190} INFO - Processing /home/airflow/.local/lib/python3.6/site-packages/airflow/example_dags/example_external_task_marker_dag.py took 0.089 seconds
[2021-08-18 09:27:14,003] {scheduler_job.py:182} INFO - Started process (PID=1394) to work on /home/airflow/.local/lib/python3.6/site-packages/airflow/example_dags/example_external_task_marker_dag.py
[2021-08-18 09:27:14,005] {scheduler_job.py:633} INFO - Processing file /home/airflow/.local/lib/python3.6/site-packages/airflow/example_dags/example_external_task_marker_dag.py for tasks to queue
[2021-08-18 09:27:14,006] {logging_mixin.py:104} INFO - [2021-08-18 09:27:14,006] {dagbag.py:487} INFO - Filling up the DagBag from /home/airflow/.local/lib/python3.6/site-packages/airflow/example_dags/example_external_task_marker_dag.py
[2021-08-18 09:27:14,020] {scheduler_job.py:643} INFO - DAG(s) dict_keys(['example_external_task_marker_parent', 'example_external_task_marker_child']) retrieved from /home/airflow/.local/lib/python3.6/site-packages/airflow/example_dags/example_external_task_marker_dag.py
[2021-08-18 09:27:14,229] {logging_mixin.py:104} INFO - [2021-08-18 09:27:14,229] {dag.py:1832} INFO - Sync 2 DAGs
[2021-08-18 09:27:14,241] {logging_mixin.py:104} INFO - [2021-08-18 09:27:14,241] {dag.py:2305} INFO - Setting next_dagrun for example_external_task_marker_child to None
[2021-08-18 09:27:14,242] {logging_mixin.py:104} INFO - [2021-08-18 09:27:14,242] {dag.py:2305} INFO - Setting next_dagrun for example_external_task_marker_parent to None
[2021-08-18 09:27:14,251] {scheduler_job.py:190} INFO - Processing /home/airflow/.local/lib/python3.6/site-packages/airflow/example_dags/example_external_task_marker_dag.py took 0.252 seconds
[2021-08-18 09:27:45,262] {scheduler_job.py:182} INFO - Started process (PID=1471) to work on /home/airflow/.local/lib/python3.6/site-packages/airflow/example_dags/example_external_task_marker_dag.py
[2021-08-18 09:27:45,265] {scheduler_job.py:633} INFO - Processing file /home/airflow/.local/lib/python3.6/site-packages/airflow/example_dags/example_external_task_marker_dag.py for tasks to queue
[2021-08-18 09:27:45,267] {logging_mixin.py:104} INFO - [2021-08-18 09:27:45,266] {dagbag.py:487} INFO - Filling up the DagBag from /home/airflow/.local/lib/python3.6/site-packages/airflow/example_dags/example_external_task_marker_dag.py
[2021-08-18 09:27:45,282] {scheduler_job.py:643} INFO - DAG(s) dict_keys(['example_external_task_marker_parent', 'example_external_task_marker_child']) retrieved from /home/airflow/.local/lib/python3.6/site-packages/airflow/example_dags/example_external_task_marker_dag.py
[2021-08-18 09:27:45,529] {logging_mixin.py:104} INFO - [2021-08-18 09:27:45,529] {dag.py:1832} INFO - Sync 2 DAGs
[2021-08-18 09:27:45,541] {logging_mixin.py:104} INFO - [2021-08-18 09:27:45,541] {dag.py:2305} INFO - Setting next_dagrun for example_external_task_marker_child to None
[2021-08-18 09:27:45,542] {logging_mixin.py:104} INFO - [2021-08-18 09:27:45,542] {dag.py:2305} INFO - Setting next_dagrun for example_external_task_marker_parent to None
[2021-08-18 09:27:45,552] {scheduler_job.py:190} INFO - Processing /home/airflow/.local/lib/python3.6/site-packages/airflow/example_dags/example_external_task_marker_dag.py took 0.294 seconds
[2021-08-18 09:28:16,408] {scheduler_job.py:182} INFO - Started process (PID=1550) to work on /home/airflow/.local/lib/python3.6/site-packages/airflow/example_dags/example_external_task_marker_dag.py
[2021-08-18 09:28:16,410] {scheduler_job.py:633} INFO - Processing file /home/airflow/.local/lib/python3.6/site-packages/airflow/example_dags/example_external_task_marker_dag.py for tasks to queue
[2021-08-18 09:28:16,412] {logging_mixin.py:104} INFO - [2021-08-18 09:28:16,412] {dagbag.py:487} INFO - Filling up the DagBag from /home/airflow/.local/lib/python3.6/site-packages/airflow/example_dags/example_external_task_marker_dag.py
[2021-08-18 09:28:16,426] {scheduler_job.py:643} INFO - DAG(s) dict_keys(['example_external_task_marker_parent', 'example_external_task_marker_child']) retrieved from /home/airflow/.local/lib/python3.6/site-packages/airflow/example_dags/example_external_task_marker_dag.py
[2021-08-18 09:28:16,677] {logging_mixin.py:104} INFO - [2021-08-18 09:28:16,677] {dag.py:1832} INFO - Sync 2 DAGs
[2021-08-18 09:28:16,693] {logging_mixin.py:104} INFO - [2021-08-18 09:28:16,693] {dag.py:2305} INFO - Setting next_dagrun for example_external_task_marker_child to None
[2021-08-18 09:28:16,695] {logging_mixin.py:104} INFO - [2021-08-18 09:28:16,695] {dag.py:2305} INFO - Setting next_dagrun for example_external_task_marker_parent to None
[2021-08-18 09:28:16,708] {scheduler_job.py:190} INFO - Processing /home/airflow/.local/lib/python3.6/site-packages/airflow/example_dags/example_external_task_marker_dag.py took 0.303 seconds
[2021-08-18 09:28:47,302] {scheduler_job.py:182} INFO - Started process (PID=1612) to work on /home/airflow/.local/lib/python3.6/site-packages/airflow/example_dags/example_external_task_marker_dag.py
[2021-08-18 09:28:47,304] {scheduler_job.py:633} INFO - Processing file /home/airflow/.local/lib/python3.6/site-packages/airflow/example_dags/example_external_task_marker_dag.py for tasks to queue
[2021-08-18 09:28:47,306] {logging_mixin.py:104} INFO - [2021-08-18 09:28:47,306] {dagbag.py:487} INFO - Filling up the DagBag from /home/airflow/.local/lib/python3.6/site-packages/airflow/example_dags/example_external_task_marker_dag.py
[2021-08-18 09:28:47,325] {scheduler_job.py:643} INFO - DAG(s) dict_keys(['example_external_task_marker_parent', 'example_external_task_marker_child']) retrieved from /home/airflow/.local/lib/python3.6/site-packages/airflow/example_dags/example_external_task_marker_dag.py
[2021-08-18 09:28:47,588] {logging_mixin.py:104} INFO - [2021-08-18 09:28:47,588] {dag.py:1832} INFO - Sync 2 DAGs
[2021-08-18 09:28:47,606] {logging_mixin.py:104} INFO - [2021-08-18 09:28:47,606] {dag.py:2305} INFO - Setting next_dagrun for example_external_task_marker_child to None
[2021-08-18 09:28:47,608] {logging_mixin.py:104} INFO - [2021-08-18 09:28:47,608] {dag.py:2305} INFO - Setting next_dagrun for example_external_task_marker_parent to None
[2021-08-18 09:28:47,621] {scheduler_job.py:190} INFO - Processing /home/airflow/.local/lib/python3.6/site-packages/airflow/example_dags/example_external_task_marker_dag.py took 0.325 seconds
[2021-08-18 09:29:18,581] {scheduler_job.py:182} INFO - Started process (PID=1690) to work on /home/airflow/.local/lib/python3.6/site-packages/airflow/example_dags/example_external_task_marker_dag.py
[2021-08-18 09:29:18,582] {scheduler_job.py:633} INFO - Processing file /home/airflow/.local/lib/python3.6/site-packages/airflow/example_dags/example_external_task_marker_dag.py for tasks to queue
[2021-08-18 09:29:18,583] {logging_mixin.py:104} INFO - [2021-08-18 09:29:18,583] {dagbag.py:487} INFO - Filling up the DagBag from /home/airflow/.local/lib/python3.6/site-packages/airflow/example_dags/example_external_task_marker_dag.py
[2021-08-18 09:29:18,593] {scheduler_job.py:643} INFO - DAG(s) dict_keys(['example_external_task_marker_parent', 'example_external_task_marker_child']) retrieved from /home/airflow/.local/lib/python3.6/site-packages/airflow/example_dags/example_external_task_marker_dag.py
[2021-08-18 09:29:18,799] {logging_mixin.py:104} INFO - [2021-08-18 09:29:18,799] {dag.py:1832} INFO - Sync 2 DAGs
[2021-08-18 09:29:18,816] {logging_mixin.py:104} INFO - [2021-08-18 09:29:18,816] {dag.py:2305} INFO - Setting next_dagrun for example_external_task_marker_child to None
[2021-08-18 09:29:18,817] {logging_mixin.py:104} INFO - [2021-08-18 09:29:18,817] {dag.py:2305} INFO - Setting next_dagrun for example_external_task_marker_parent to None
[2021-08-18 09:29:18,828] {scheduler_job.py:190} INFO - Processing /home/airflow/.local/lib/python3.6/site-packages/airflow/example_dags/example_external_task_marker_dag.py took 0.250 seconds
[2021-08-18 09:29:49,818] {scheduler_job.py:182} INFO - Started process (PID=1766) to work on /home/airflow/.local/lib/python3.6/site-packages/airflow/example_dags/example_external_task_marker_dag.py
[2021-08-18 09:29:49,820] {scheduler_job.py:633} INFO - Processing file /home/airflow/.local/lib/python3.6/site-packages/airflow/example_dags/example_external_task_marker_dag.py for tasks to queue
[2021-08-18 09:29:49,821] {logging_mixin.py:104} INFO - [2021-08-18 09:29:49,821] {dagbag.py:487} INFO - Filling up the DagBag from /home/airflow/.local/lib/python3.6/site-packages/airflow/example_dags/example_external_task_marker_dag.py
[2021-08-18 09:29:49,835] {scheduler_job.py:643} INFO - DAG(s) dict_keys(['example_external_task_marker_parent', 'example_external_task_marker_child']) retrieved from /home/airflow/.local/lib/python3.6/site-packages/airflow/example_dags/example_external_task_marker_dag.py
[2021-08-18 09:29:50,016] {logging_mixin.py:104} INFO - [2021-08-18 09:29:50,016] {dag.py:1832} INFO - Sync 2 DAGs
[2021-08-18 09:29:50,031] {logging_mixin.py:104} INFO - [2021-08-18 09:29:50,031] {dag.py:2305} INFO - Setting next_dagrun for example_external_task_marker_child to None
[2021-08-18 09:29:50,032] {logging_mixin.py:104} INFO - [2021-08-18 09:29:50,032] {dag.py:2305} INFO - Setting next_dagrun for example_external_task_marker_parent to None
[2021-08-18 09:29:50,045] {scheduler_job.py:190} INFO - Processing /home/airflow/.local/lib/python3.6/site-packages/airflow/example_dags/example_external_task_marker_dag.py took 0.231 seconds
[2021-08-18 09:30:21,061] {scheduler_job.py:182} INFO - Started process (PID=1836) to work on /home/airflow/.local/lib/python3.6/site-packages/airflow/example_dags/example_external_task_marker_dag.py
[2021-08-18 09:30:21,063] {scheduler_job.py:633} INFO - Processing file /home/airflow/.local/lib/python3.6/site-packages/airflow/example_dags/example_external_task_marker_dag.py for tasks to queue
[2021-08-18 09:30:21,063] {logging_mixin.py:104} INFO - [2021-08-18 09:30:21,063] {dagbag.py:487} INFO - Filling up the DagBag from /home/airflow/.local/lib/python3.6/site-packages/airflow/example_dags/example_external_task_marker_dag.py
[2021-08-18 09:30:21,074] {scheduler_job.py:643} INFO - DAG(s) dict_keys(['example_external_task_marker_parent', 'example_external_task_marker_child']) retrieved from /home/airflow/.local/lib/python3.6/site-packages/airflow/example_dags/example_external_task_marker_dag.py
[2021-08-18 09:30:21,096] {logging_mixin.py:104} INFO - [2021-08-18 09:30:21,096] {dag.py:1832} INFO - Sync 2 DAGs
[2021-08-18 09:30:21,112] {logging_mixin.py:104} INFO - [2021-08-18 09:30:21,112] {dag.py:2305} INFO - Setting next_dagrun for example_external_task_marker_child to None
[2021-08-18 09:30:21,132] {logging_mixin.py:104} INFO - [2021-08-18 09:30:21,132] {dag.py:2305} INFO - Setting next_dagrun for example_external_task_marker_parent to None
[2021-08-18 09:30:21,141] {scheduler_job.py:190} INFO - Processing /home/airflow/.local/lib/python3.6/site-packages/airflow/example_dags/example_external_task_marker_dag.py took 0.083 seconds
[2021-08-18 09:30:51,378] {scheduler_job.py:182} INFO - Started process (PID=1904) to work on /home/airflow/.local/lib/python3.6/site-packages/airflow/example_dags/example_external_task_marker_dag.py
[2021-08-18 09:30:51,380] {scheduler_job.py:633} INFO - Processing file /home/airflow/.local/lib/python3.6/site-packages/airflow/example_dags/example_external_task_marker_dag.py for tasks to queue
[2021-08-18 09:30:51,381] {logging_mixin.py:104} INFO - [2021-08-18 09:30:51,381] {dagbag.py:487} INFO - Filling up the DagBag from /home/airflow/.local/lib/python3.6/site-packages/airflow/example_dags/example_external_task_marker_dag.py
[2021-08-18 09:30:51,395] {scheduler_job.py:643} INFO - DAG(s) dict_keys(['example_external_task_marker_parent', 'example_external_task_marker_child']) retrieved from /home/airflow/.local/lib/python3.6/site-packages/airflow/example_dags/example_external_task_marker_dag.py
[2021-08-18 09:30:51,587] {logging_mixin.py:104} INFO - [2021-08-18 09:30:51,587] {dag.py:1832} INFO - Sync 2 DAGs
[2021-08-18 09:30:51,599] {logging_mixin.py:104} INFO - [2021-08-18 09:30:51,599] {dag.py:2305} INFO - Setting next_dagrun for example_external_task_marker_child to None
[2021-08-18 09:30:51,600] {logging_mixin.py:104} INFO - [2021-08-18 09:30:51,600] {dag.py:2305} INFO - Setting next_dagrun for example_external_task_marker_parent to None
[2021-08-18 09:30:51,610] {scheduler_job.py:190} INFO - Processing /home/airflow/.local/lib/python3.6/site-packages/airflow/example_dags/example_external_task_marker_dag.py took 0.236 seconds
[2021-08-18 09:31:22,205] {scheduler_job.py:182} INFO - Started process (PID=1981) to work on /home/airflow/.local/lib/python3.6/site-packages/airflow/example_dags/example_external_task_marker_dag.py
[2021-08-18 09:31:22,206] {scheduler_job.py:633} INFO - Processing file /home/airflow/.local/lib/python3.6/site-packages/airflow/example_dags/example_external_task_marker_dag.py for tasks to queue
[2021-08-18 09:31:22,208] {logging_mixin.py:104} INFO - [2021-08-18 09:31:22,207] {dagbag.py:487} INFO - Filling up the DagBag from /home/airflow/.local/lib/python3.6/site-packages/airflow/example_dags/example_external_task_marker_dag.py
[2021-08-18 09:31:22,221] {scheduler_job.py:643} INFO - DAG(s) dict_keys(['example_external_task_marker_parent', 'example_external_task_marker_child']) retrieved from /home/airflow/.local/lib/python3.6/site-packages/airflow/example_dags/example_external_task_marker_dag.py
[2021-08-18 09:31:22,395] {logging_mixin.py:104} INFO - [2021-08-18 09:31:22,394] {dag.py:1832} INFO - Sync 2 DAGs
[2021-08-18 09:31:22,410] {logging_mixin.py:104} INFO - [2021-08-18 09:31:22,410] {dag.py:2305} INFO - Setting next_dagrun for example_external_task_marker_child to None
[2021-08-18 09:31:22,411] {logging_mixin.py:104} INFO - [2021-08-18 09:31:22,411] {dag.py:2305} INFO - Setting next_dagrun for example_external_task_marker_parent to None
[2021-08-18 09:31:22,424] {scheduler_job.py:190} INFO - Processing /home/airflow/.local/lib/python3.6/site-packages/airflow/example_dags/example_external_task_marker_dag.py took 0.222 seconds
[2021-08-18 09:31:53,220] {scheduler_job.py:182} INFO - Started process (PID=2044) to work on /home/airflow/.local/lib/python3.6/site-packages/airflow/example_dags/example_external_task_marker_dag.py
[2021-08-18 09:31:53,222] {scheduler_job.py:633} INFO - Processing file /home/airflow/.local/lib/python3.6/site-packages/airflow/example_dags/example_external_task_marker_dag.py for tasks to queue
[2021-08-18 09:31:53,223] {logging_mixin.py:104} INFO - [2021-08-18 09:31:53,223] {dagbag.py:487} INFO - Filling up the DagBag from /home/airflow/.local/lib/python3.6/site-packages/airflow/example_dags/example_external_task_marker_dag.py
[2021-08-18 09:31:53,237] {scheduler_job.py:643} INFO - DAG(s) dict_keys(['example_external_task_marker_parent', 'example_external_task_marker_child']) retrieved from /home/airflow/.local/lib/python3.6/site-packages/airflow/example_dags/example_external_task_marker_dag.py
[2021-08-18 09:31:53,414] {logging_mixin.py:104} INFO - [2021-08-18 09:31:53,414] {dag.py:1832} INFO - Sync 2 DAGs
[2021-08-18 09:31:53,427] {logging_mixin.py:104} INFO - [2021-08-18 09:31:53,427] {dag.py:2305} INFO - Setting next_dagrun for example_external_task_marker_child to None
[2021-08-18 09:31:53,429] {logging_mixin.py:104} INFO - [2021-08-18 09:31:53,429] {dag.py:2305} INFO - Setting next_dagrun for example_external_task_marker_parent to None
[2021-08-18 09:31:53,438] {scheduler_job.py:190} INFO - Processing /home/airflow/.local/lib/python3.6/site-packages/airflow/example_dags/example_external_task_marker_dag.py took 0.222 seconds
[2021-08-18 09:32:23,773] {scheduler_job.py:182} INFO - Started process (PID=2123) to work on /home/airflow/.local/lib/python3.6/site-packages/airflow/example_dags/example_external_task_marker_dag.py
[2021-08-18 09:32:23,775] {scheduler_job.py:633} INFO - Processing file /home/airflow/.local/lib/python3.6/site-packages/airflow/example_dags/example_external_task_marker_dag.py for tasks to queue
[2021-08-18 09:32:23,776] {logging_mixin.py:104} INFO - [2021-08-18 09:32:23,776] {dagbag.py:487} INFO - Filling up the DagBag from /home/airflow/.local/lib/python3.6/site-packages/airflow/example_dags/example_external_task_marker_dag.py
[2021-08-18 09:32:23,789] {scheduler_job.py:643} INFO - DAG(s) dict_keys(['example_external_task_marker_parent', 'example_external_task_marker_child']) retrieved from /home/airflow/.local/lib/python3.6/site-packages/airflow/example_dags/example_external_task_marker_dag.py
[2021-08-18 09:32:23,963] {logging_mixin.py:104} INFO - [2021-08-18 09:32:23,963] {dag.py:1832} INFO - Sync 2 DAGs
[2021-08-18 09:32:23,976] {logging_mixin.py:104} INFO - [2021-08-18 09:32:23,976] {dag.py:2305} INFO - Setting next_dagrun for example_external_task_marker_child to None
[2021-08-18 09:32:23,978] {logging_mixin.py:104} INFO - [2021-08-18 09:32:23,978] {dag.py:2305} INFO - Setting next_dagrun for example_external_task_marker_parent to None
[2021-08-18 09:32:23,988] {scheduler_job.py:190} INFO - Processing /home/airflow/.local/lib/python3.6/site-packages/airflow/example_dags/example_external_task_marker_dag.py took 0.220 seconds
[2021-08-18 09:32:54,872] {scheduler_job.py:182} INFO - Started process (PID=2199) to work on /home/airflow/.local/lib/python3.6/site-packages/airflow/example_dags/example_external_task_marker_dag.py
[2021-08-18 09:32:54,874] {scheduler_job.py:633} INFO - Processing file /home/airflow/.local/lib/python3.6/site-packages/airflow/example_dags/example_external_task_marker_dag.py for tasks to queue
[2021-08-18 09:32:54,875] {logging_mixin.py:104} INFO - [2021-08-18 09:32:54,875] {dagbag.py:487} INFO - Filling up the DagBag from /home/airflow/.local/lib/python3.6/site-packages/airflow/example_dags/example_external_task_marker_dag.py
[2021-08-18 09:32:54,889] {scheduler_job.py:643} INFO - DAG(s) dict_keys(['example_external_task_marker_parent', 'example_external_task_marker_child']) retrieved from /home/airflow/.local/lib/python3.6/site-packages/airflow/example_dags/example_external_task_marker_dag.py
[2021-08-18 09:32:54,915] {logging_mixin.py:104} INFO - [2021-08-18 09:32:54,915] {dag.py:1832} INFO - Sync 2 DAGs
[2021-08-18 09:32:54,931] {logging_mixin.py:104} INFO - [2021-08-18 09:32:54,931] {dag.py:2305} INFO - Setting next_dagrun for example_external_task_marker_child to None
[2021-08-18 09:32:54,933] {logging_mixin.py:104} INFO - [2021-08-18 09:32:54,933] {dag.py:2305} INFO - Setting next_dagrun for example_external_task_marker_parent to None
[2021-08-18 09:32:54,942] {scheduler_job.py:190} INFO - Processing /home/airflow/.local/lib/python3.6/site-packages/airflow/example_dags/example_external_task_marker_dag.py took 0.074 seconds
