[2021-08-18 09:02:13,906] {scheduler_job.py:182} INFO - Started process (PID=112) to work on /home/airflow/.local/lib/python3.6/site-packages/airflow/example_dags/example_skip_dag.py
[2021-08-18 09:02:13,908] {scheduler_job.py:633} INFO - Processing file /home/airflow/.local/lib/python3.6/site-packages/airflow/example_dags/example_skip_dag.py for tasks to queue
[2021-08-18 09:02:13,909] {logging_mixin.py:104} INFO - [2021-08-18 09:02:13,909] {dagbag.py:487} INFO - Filling up the DagBag from /home/airflow/.local/lib/python3.6/site-packages/airflow/example_dags/example_skip_dag.py
[2021-08-18 09:02:13,929] {scheduler_job.py:643} INFO - DAG(s) dict_keys(['example_skip_dag']) retrieved from /home/airflow/.local/lib/python3.6/site-packages/airflow/example_dags/example_skip_dag.py
[2021-08-18 09:02:16,025] {logging_mixin.py:104} INFO - [2021-08-18 09:02:16,023] {dag.py:1832} INFO - Sync 1 DAGs
[2021-08-18 09:02:16,037] {logging_mixin.py:104} INFO - [2021-08-18 09:02:16,036] {dag.py:1851} INFO - Creating ORM DAG for example_skip_dag
[2021-08-18 09:02:16,043] {logging_mixin.py:104} INFO - [2021-08-18 09:02:16,043] {dag.py:2305} INFO - Setting next_dagrun for example_skip_dag to 2021-08-16 00:00:00+00:00
[2021-08-18 09:02:16,055] {scheduler_job.py:190} INFO - Processing /home/airflow/.local/lib/python3.6/site-packages/airflow/example_dags/example_skip_dag.py took 2.153 seconds
[2021-08-18 09:02:46,325] {scheduler_job.py:182} INFO - Started process (PID=172) to work on /home/airflow/.local/lib/python3.6/site-packages/airflow/example_dags/example_skip_dag.py
[2021-08-18 09:02:46,327] {scheduler_job.py:633} INFO - Processing file /home/airflow/.local/lib/python3.6/site-packages/airflow/example_dags/example_skip_dag.py for tasks to queue
[2021-08-18 09:02:46,329] {logging_mixin.py:104} INFO - [2021-08-18 09:02:46,328] {dagbag.py:487} INFO - Filling up the DagBag from /home/airflow/.local/lib/python3.6/site-packages/airflow/example_dags/example_skip_dag.py
[2021-08-18 09:02:46,346] {scheduler_job.py:643} INFO - DAG(s) dict_keys(['example_skip_dag']) retrieved from /home/airflow/.local/lib/python3.6/site-packages/airflow/example_dags/example_skip_dag.py
[2021-08-18 09:02:46,372] {logging_mixin.py:104} INFO - [2021-08-18 09:02:46,372] {dag.py:1832} INFO - Sync 1 DAGs
[2021-08-18 09:02:46,391] {logging_mixin.py:104} INFO - [2021-08-18 09:02:46,391] {dag.py:2305} INFO - Setting next_dagrun for example_skip_dag to 2021-08-16 00:00:00+00:00
[2021-08-18 09:02:46,404] {scheduler_job.py:190} INFO - Processing /home/airflow/.local/lib/python3.6/site-packages/airflow/example_dags/example_skip_dag.py took 0.083 seconds
[2021-08-18 09:03:16,998] {scheduler_job.py:182} INFO - Started process (PID=251) to work on /home/airflow/.local/lib/python3.6/site-packages/airflow/example_dags/example_skip_dag.py
[2021-08-18 09:03:17,000] {scheduler_job.py:633} INFO - Processing file /home/airflow/.local/lib/python3.6/site-packages/airflow/example_dags/example_skip_dag.py for tasks to queue
[2021-08-18 09:03:17,002] {logging_mixin.py:104} INFO - [2021-08-18 09:03:17,001] {dagbag.py:487} INFO - Filling up the DagBag from /home/airflow/.local/lib/python3.6/site-packages/airflow/example_dags/example_skip_dag.py
[2021-08-18 09:03:17,019] {scheduler_job.py:643} INFO - DAG(s) dict_keys(['example_skip_dag']) retrieved from /home/airflow/.local/lib/python3.6/site-packages/airflow/example_dags/example_skip_dag.py
[2021-08-18 09:03:17,049] {logging_mixin.py:104} INFO - [2021-08-18 09:03:17,049] {dag.py:1832} INFO - Sync 1 DAGs
[2021-08-18 09:03:17,071] {logging_mixin.py:104} INFO - [2021-08-18 09:03:17,071] {dag.py:2305} INFO - Setting next_dagrun for example_skip_dag to 2021-08-16 00:00:00+00:00
[2021-08-18 09:03:17,084] {scheduler_job.py:190} INFO - Processing /home/airflow/.local/lib/python3.6/site-packages/airflow/example_dags/example_skip_dag.py took 0.091 seconds
[2021-08-18 09:03:48,374] {scheduler_job.py:182} INFO - Started process (PID=324) to work on /home/airflow/.local/lib/python3.6/site-packages/airflow/example_dags/example_skip_dag.py
[2021-08-18 09:03:48,378] {scheduler_job.py:633} INFO - Processing file /home/airflow/.local/lib/python3.6/site-packages/airflow/example_dags/example_skip_dag.py for tasks to queue
[2021-08-18 09:03:48,381] {logging_mixin.py:104} INFO - [2021-08-18 09:03:48,380] {dagbag.py:487} INFO - Filling up the DagBag from /home/airflow/.local/lib/python3.6/site-packages/airflow/example_dags/example_skip_dag.py
[2021-08-18 09:03:48,397] {scheduler_job.py:643} INFO - DAG(s) dict_keys(['example_skip_dag']) retrieved from /home/airflow/.local/lib/python3.6/site-packages/airflow/example_dags/example_skip_dag.py
[2021-08-18 09:03:48,439] {logging_mixin.py:104} INFO - [2021-08-18 09:03:48,438] {dag.py:1832} INFO - Sync 1 DAGs
[2021-08-18 09:03:48,468] {logging_mixin.py:104} INFO - [2021-08-18 09:03:48,468] {dag.py:2305} INFO - Setting next_dagrun for example_skip_dag to 2021-08-16 00:00:00+00:00
[2021-08-18 09:03:48,527] {scheduler_job.py:190} INFO - Processing /home/airflow/.local/lib/python3.6/site-packages/airflow/example_dags/example_skip_dag.py took 0.159 seconds
[2021-08-18 09:04:18,714] {scheduler_job.py:182} INFO - Started process (PID=394) to work on /home/airflow/.local/lib/python3.6/site-packages/airflow/example_dags/example_skip_dag.py
[2021-08-18 09:04:18,716] {scheduler_job.py:633} INFO - Processing file /home/airflow/.local/lib/python3.6/site-packages/airflow/example_dags/example_skip_dag.py for tasks to queue
[2021-08-18 09:04:18,718] {logging_mixin.py:104} INFO - [2021-08-18 09:04:18,717] {dagbag.py:487} INFO - Filling up the DagBag from /home/airflow/.local/lib/python3.6/site-packages/airflow/example_dags/example_skip_dag.py
[2021-08-18 09:04:18,733] {scheduler_job.py:643} INFO - DAG(s) dict_keys(['example_skip_dag']) retrieved from /home/airflow/.local/lib/python3.6/site-packages/airflow/example_dags/example_skip_dag.py
[2021-08-18 09:04:18,759] {logging_mixin.py:104} INFO - [2021-08-18 09:04:18,759] {dag.py:1832} INFO - Sync 1 DAGs
[2021-08-18 09:04:18,778] {logging_mixin.py:104} INFO - [2021-08-18 09:04:18,778] {dag.py:2305} INFO - Setting next_dagrun for example_skip_dag to 2021-08-16 00:00:00+00:00
[2021-08-18 09:04:18,791] {scheduler_job.py:190} INFO - Processing /home/airflow/.local/lib/python3.6/site-packages/airflow/example_dags/example_skip_dag.py took 0.081 seconds
[2021-08-18 09:04:48,882] {scheduler_job.py:182} INFO - Started process (PID=457) to work on /home/airflow/.local/lib/python3.6/site-packages/airflow/example_dags/example_skip_dag.py
[2021-08-18 09:04:48,884] {scheduler_job.py:633} INFO - Processing file /home/airflow/.local/lib/python3.6/site-packages/airflow/example_dags/example_skip_dag.py for tasks to queue
[2021-08-18 09:04:48,886] {logging_mixin.py:104} INFO - [2021-08-18 09:04:48,886] {dagbag.py:487} INFO - Filling up the DagBag from /home/airflow/.local/lib/python3.6/site-packages/airflow/example_dags/example_skip_dag.py
[2021-08-18 09:04:48,904] {scheduler_job.py:643} INFO - DAG(s) dict_keys(['example_skip_dag']) retrieved from /home/airflow/.local/lib/python3.6/site-packages/airflow/example_dags/example_skip_dag.py
[2021-08-18 09:04:48,935] {logging_mixin.py:104} INFO - [2021-08-18 09:04:48,935] {dag.py:1832} INFO - Sync 1 DAGs
[2021-08-18 09:04:48,958] {logging_mixin.py:104} INFO - [2021-08-18 09:04:48,958] {dag.py:2305} INFO - Setting next_dagrun for example_skip_dag to 2021-08-16 00:00:00+00:00
[2021-08-18 09:04:48,973] {scheduler_job.py:190} INFO - Processing /home/airflow/.local/lib/python3.6/site-packages/airflow/example_dags/example_skip_dag.py took 0.096 seconds
[2021-08-18 09:05:19,323] {scheduler_job.py:182} INFO - Started process (PID=519) to work on /home/airflow/.local/lib/python3.6/site-packages/airflow/example_dags/example_skip_dag.py
[2021-08-18 09:05:19,325] {scheduler_job.py:633} INFO - Processing file /home/airflow/.local/lib/python3.6/site-packages/airflow/example_dags/example_skip_dag.py for tasks to queue
[2021-08-18 09:05:19,327] {logging_mixin.py:104} INFO - [2021-08-18 09:05:19,327] {dagbag.py:487} INFO - Filling up the DagBag from /home/airflow/.local/lib/python3.6/site-packages/airflow/example_dags/example_skip_dag.py
[2021-08-18 09:05:19,343] {scheduler_job.py:643} INFO - DAG(s) dict_keys(['example_skip_dag']) retrieved from /home/airflow/.local/lib/python3.6/site-packages/airflow/example_dags/example_skip_dag.py
[2021-08-18 09:05:19,368] {logging_mixin.py:104} INFO - [2021-08-18 09:05:19,368] {dag.py:1832} INFO - Sync 1 DAGs
[2021-08-18 09:05:19,387] {logging_mixin.py:104} INFO - [2021-08-18 09:05:19,387] {dag.py:2305} INFO - Setting next_dagrun for example_skip_dag to 2021-08-16 00:00:00+00:00
[2021-08-18 09:05:19,397] {scheduler_job.py:190} INFO - Processing /home/airflow/.local/lib/python3.6/site-packages/airflow/example_dags/example_skip_dag.py took 0.079 seconds
[2021-08-18 09:05:50,204] {scheduler_job.py:182} INFO - Started process (PID=597) to work on /home/airflow/.local/lib/python3.6/site-packages/airflow/example_dags/example_skip_dag.py
[2021-08-18 09:05:50,206] {scheduler_job.py:633} INFO - Processing file /home/airflow/.local/lib/python3.6/site-packages/airflow/example_dags/example_skip_dag.py for tasks to queue
[2021-08-18 09:05:50,208] {logging_mixin.py:104} INFO - [2021-08-18 09:05:50,208] {dagbag.py:487} INFO - Filling up the DagBag from /home/airflow/.local/lib/python3.6/site-packages/airflow/example_dags/example_skip_dag.py
[2021-08-18 09:05:50,228] {scheduler_job.py:643} INFO - DAG(s) dict_keys(['example_skip_dag']) retrieved from /home/airflow/.local/lib/python3.6/site-packages/airflow/example_dags/example_skip_dag.py
[2021-08-18 09:05:50,258] {logging_mixin.py:104} INFO - [2021-08-18 09:05:50,258] {dag.py:1832} INFO - Sync 1 DAGs
[2021-08-18 09:05:50,285] {logging_mixin.py:104} INFO - [2021-08-18 09:05:50,285] {dag.py:2305} INFO - Setting next_dagrun for example_skip_dag to 2021-08-16 00:00:00+00:00
[2021-08-18 09:05:50,318] {scheduler_job.py:190} INFO - Processing /home/airflow/.local/lib/python3.6/site-packages/airflow/example_dags/example_skip_dag.py took 0.119 seconds
[2021-08-18 09:06:23,806] {scheduler_job.py:182} INFO - Started process (PID=647) to work on /home/airflow/.local/lib/python3.6/site-packages/airflow/example_dags/example_skip_dag.py
[2021-08-18 09:06:23,808] {scheduler_job.py:633} INFO - Processing file /home/airflow/.local/lib/python3.6/site-packages/airflow/example_dags/example_skip_dag.py for tasks to queue
[2021-08-18 09:06:23,809] {logging_mixin.py:104} INFO - [2021-08-18 09:06:23,809] {dagbag.py:487} INFO - Filling up the DagBag from /home/airflow/.local/lib/python3.6/site-packages/airflow/example_dags/example_skip_dag.py
[2021-08-18 09:06:23,826] {scheduler_job.py:643} INFO - DAG(s) dict_keys(['example_skip_dag']) retrieved from /home/airflow/.local/lib/python3.6/site-packages/airflow/example_dags/example_skip_dag.py
[2021-08-18 09:06:23,867] {logging_mixin.py:104} INFO - [2021-08-18 09:06:23,867] {dag.py:1832} INFO - Sync 1 DAGs
[2021-08-18 09:06:23,903] {logging_mixin.py:104} INFO - [2021-08-18 09:06:23,903] {dag.py:2305} INFO - Setting next_dagrun for example_skip_dag to 2021-08-16 00:00:00+00:00
[2021-08-18 09:06:23,916] {scheduler_job.py:190} INFO - Processing /home/airflow/.local/lib/python3.6/site-packages/airflow/example_dags/example_skip_dag.py took 0.114 seconds
[2021-08-18 09:06:54,090] {scheduler_job.py:182} INFO - Started process (PID=713) to work on /home/airflow/.local/lib/python3.6/site-packages/airflow/example_dags/example_skip_dag.py
[2021-08-18 09:06:54,091] {scheduler_job.py:633} INFO - Processing file /home/airflow/.local/lib/python3.6/site-packages/airflow/example_dags/example_skip_dag.py for tasks to queue
[2021-08-18 09:06:54,093] {logging_mixin.py:104} INFO - [2021-08-18 09:06:54,093] {dagbag.py:487} INFO - Filling up the DagBag from /home/airflow/.local/lib/python3.6/site-packages/airflow/example_dags/example_skip_dag.py
[2021-08-18 09:06:54,108] {scheduler_job.py:643} INFO - DAG(s) dict_keys(['example_skip_dag']) retrieved from /home/airflow/.local/lib/python3.6/site-packages/airflow/example_dags/example_skip_dag.py
[2021-08-18 09:06:54,135] {logging_mixin.py:104} INFO - [2021-08-18 09:06:54,135] {dag.py:1832} INFO - Sync 1 DAGs
[2021-08-18 09:06:54,154] {logging_mixin.py:104} INFO - [2021-08-18 09:06:54,154] {dag.py:2305} INFO - Setting next_dagrun for example_skip_dag to 2021-08-16 00:00:00+00:00
[2021-08-18 09:06:54,172] {scheduler_job.py:190} INFO - Processing /home/airflow/.local/lib/python3.6/site-packages/airflow/example_dags/example_skip_dag.py took 0.087 seconds
[2021-08-18 09:07:26,718] {scheduler_job.py:182} INFO - Started process (PID=774) to work on /home/airflow/.local/lib/python3.6/site-packages/airflow/example_dags/example_skip_dag.py
[2021-08-18 09:07:26,720] {scheduler_job.py:633} INFO - Processing file /home/airflow/.local/lib/python3.6/site-packages/airflow/example_dags/example_skip_dag.py for tasks to queue
[2021-08-18 09:07:26,722] {logging_mixin.py:104} INFO - [2021-08-18 09:07:26,722] {dagbag.py:487} INFO - Filling up the DagBag from /home/airflow/.local/lib/python3.6/site-packages/airflow/example_dags/example_skip_dag.py
[2021-08-18 09:07:26,740] {scheduler_job.py:643} INFO - DAG(s) dict_keys(['example_skip_dag']) retrieved from /home/airflow/.local/lib/python3.6/site-packages/airflow/example_dags/example_skip_dag.py
[2021-08-18 09:07:26,795] {logging_mixin.py:104} INFO - [2021-08-18 09:07:26,795] {dag.py:1832} INFO - Sync 1 DAGs
[2021-08-18 09:07:26,828] {logging_mixin.py:104} INFO - [2021-08-18 09:07:26,828] {dag.py:2305} INFO - Setting next_dagrun for example_skip_dag to 2021-08-16 00:00:00+00:00
[2021-08-18 09:07:26,847] {scheduler_job.py:190} INFO - Processing /home/airflow/.local/lib/python3.6/site-packages/airflow/example_dags/example_skip_dag.py took 0.134 seconds
[2021-08-18 09:07:57,661] {scheduler_job.py:182} INFO - Started process (PID=851) to work on /home/airflow/.local/lib/python3.6/site-packages/airflow/example_dags/example_skip_dag.py
[2021-08-18 09:07:57,663] {scheduler_job.py:633} INFO - Processing file /home/airflow/.local/lib/python3.6/site-packages/airflow/example_dags/example_skip_dag.py for tasks to queue
[2021-08-18 09:07:57,664] {logging_mixin.py:104} INFO - [2021-08-18 09:07:57,664] {dagbag.py:487} INFO - Filling up the DagBag from /home/airflow/.local/lib/python3.6/site-packages/airflow/example_dags/example_skip_dag.py
[2021-08-18 09:07:57,684] {scheduler_job.py:643} INFO - DAG(s) dict_keys(['example_skip_dag']) retrieved from /home/airflow/.local/lib/python3.6/site-packages/airflow/example_dags/example_skip_dag.py
[2021-08-18 09:07:57,717] {logging_mixin.py:104} INFO - [2021-08-18 09:07:57,717] {dag.py:1832} INFO - Sync 1 DAGs
[2021-08-18 09:07:57,741] {logging_mixin.py:104} INFO - [2021-08-18 09:07:57,741] {dag.py:2305} INFO - Setting next_dagrun for example_skip_dag to 2021-08-16 00:00:00+00:00
[2021-08-18 09:07:57,756] {scheduler_job.py:190} INFO - Processing /home/airflow/.local/lib/python3.6/site-packages/airflow/example_dags/example_skip_dag.py took 0.100 seconds
[2021-08-18 09:08:28,924] {scheduler_job.py:182} INFO - Started process (PID=893) to work on /home/airflow/.local/lib/python3.6/site-packages/airflow/example_dags/example_skip_dag.py
[2021-08-18 09:08:28,930] {scheduler_job.py:633} INFO - Processing file /home/airflow/.local/lib/python3.6/site-packages/airflow/example_dags/example_skip_dag.py for tasks to queue
[2021-08-18 09:08:28,932] {logging_mixin.py:104} INFO - [2021-08-18 09:08:28,932] {dagbag.py:487} INFO - Filling up the DagBag from /home/airflow/.local/lib/python3.6/site-packages/airflow/example_dags/example_skip_dag.py
[2021-08-18 09:08:28,968] {scheduler_job.py:643} INFO - DAG(s) dict_keys(['example_skip_dag']) retrieved from /home/airflow/.local/lib/python3.6/site-packages/airflow/example_dags/example_skip_dag.py
[2021-08-18 09:08:29,017] {logging_mixin.py:104} INFO - [2021-08-18 09:08:29,017] {dag.py:1832} INFO - Sync 1 DAGs
[2021-08-18 09:08:29,052] {logging_mixin.py:104} INFO - [2021-08-18 09:08:29,052] {dag.py:2305} INFO - Setting next_dagrun for example_skip_dag to 2021-08-16 00:00:00+00:00
[2021-08-18 09:08:29,065] {scheduler_job.py:190} INFO - Processing /home/airflow/.local/lib/python3.6/site-packages/airflow/example_dags/example_skip_dag.py took 0.147 seconds
[2021-08-18 09:08:59,409] {scheduler_job.py:182} INFO - Started process (PID=945) to work on /home/airflow/.local/lib/python3.6/site-packages/airflow/example_dags/example_skip_dag.py
[2021-08-18 09:08:59,411] {scheduler_job.py:633} INFO - Processing file /home/airflow/.local/lib/python3.6/site-packages/airflow/example_dags/example_skip_dag.py for tasks to queue
[2021-08-18 09:08:59,412] {logging_mixin.py:104} INFO - [2021-08-18 09:08:59,412] {dagbag.py:487} INFO - Filling up the DagBag from /home/airflow/.local/lib/python3.6/site-packages/airflow/example_dags/example_skip_dag.py
[2021-08-18 09:08:59,426] {scheduler_job.py:643} INFO - DAG(s) dict_keys(['example_skip_dag']) retrieved from /home/airflow/.local/lib/python3.6/site-packages/airflow/example_dags/example_skip_dag.py
[2021-08-18 09:08:59,451] {logging_mixin.py:104} INFO - [2021-08-18 09:08:59,450] {dag.py:1832} INFO - Sync 1 DAGs
[2021-08-18 09:08:59,470] {logging_mixin.py:104} INFO - [2021-08-18 09:08:59,470] {dag.py:2305} INFO - Setting next_dagrun for example_skip_dag to 2021-08-16 00:00:00+00:00
[2021-08-18 09:08:59,482] {scheduler_job.py:190} INFO - Processing /home/airflow/.local/lib/python3.6/site-packages/airflow/example_dags/example_skip_dag.py took 0.077 seconds
[2021-08-18 09:09:29,765] {scheduler_job.py:182} INFO - Started process (PID=1022) to work on /home/airflow/.local/lib/python3.6/site-packages/airflow/example_dags/example_skip_dag.py
[2021-08-18 09:09:29,767] {scheduler_job.py:633} INFO - Processing file /home/airflow/.local/lib/python3.6/site-packages/airflow/example_dags/example_skip_dag.py for tasks to queue
[2021-08-18 09:09:29,768] {logging_mixin.py:104} INFO - [2021-08-18 09:09:29,768] {dagbag.py:487} INFO - Filling up the DagBag from /home/airflow/.local/lib/python3.6/site-packages/airflow/example_dags/example_skip_dag.py
[2021-08-18 09:09:29,782] {scheduler_job.py:643} INFO - DAG(s) dict_keys(['example_skip_dag']) retrieved from /home/airflow/.local/lib/python3.6/site-packages/airflow/example_dags/example_skip_dag.py
[2021-08-18 09:09:29,808] {logging_mixin.py:104} INFO - [2021-08-18 09:09:29,808] {dag.py:1832} INFO - Sync 1 DAGs
[2021-08-18 09:09:29,829] {logging_mixin.py:104} INFO - [2021-08-18 09:09:29,829] {dag.py:2305} INFO - Setting next_dagrun for example_skip_dag to 2021-08-16 00:00:00+00:00
[2021-08-18 09:09:29,841] {scheduler_job.py:190} INFO - Processing /home/airflow/.local/lib/python3.6/site-packages/airflow/example_dags/example_skip_dag.py took 0.080 seconds
[2021-08-18 09:10:00,145] {scheduler_job.py:182} INFO - Started process (PID=1084) to work on /home/airflow/.local/lib/python3.6/site-packages/airflow/example_dags/example_skip_dag.py
[2021-08-18 09:10:00,147] {scheduler_job.py:633} INFO - Processing file /home/airflow/.local/lib/python3.6/site-packages/airflow/example_dags/example_skip_dag.py for tasks to queue
[2021-08-18 09:10:00,148] {logging_mixin.py:104} INFO - [2021-08-18 09:10:00,148] {dagbag.py:487} INFO - Filling up the DagBag from /home/airflow/.local/lib/python3.6/site-packages/airflow/example_dags/example_skip_dag.py
[2021-08-18 09:10:00,164] {scheduler_job.py:643} INFO - DAG(s) dict_keys(['example_skip_dag']) retrieved from /home/airflow/.local/lib/python3.6/site-packages/airflow/example_dags/example_skip_dag.py
[2021-08-18 09:10:00,189] {logging_mixin.py:104} INFO - [2021-08-18 09:10:00,189] {dag.py:1832} INFO - Sync 1 DAGs
[2021-08-18 09:10:00,209] {logging_mixin.py:104} INFO - [2021-08-18 09:10:00,209] {dag.py:2305} INFO - Setting next_dagrun for example_skip_dag to 2021-08-16 00:00:00+00:00
[2021-08-18 09:10:00,222] {scheduler_job.py:190} INFO - Processing /home/airflow/.local/lib/python3.6/site-packages/airflow/example_dags/example_skip_dag.py took 0.081 seconds
[2021-08-18 09:10:30,742] {scheduler_job.py:182} INFO - Started process (PID=1162) to work on /home/airflow/.local/lib/python3.6/site-packages/airflow/example_dags/example_skip_dag.py
[2021-08-18 09:10:30,744] {scheduler_job.py:633} INFO - Processing file /home/airflow/.local/lib/python3.6/site-packages/airflow/example_dags/example_skip_dag.py for tasks to queue
[2021-08-18 09:10:30,745] {logging_mixin.py:104} INFO - [2021-08-18 09:10:30,745] {dagbag.py:487} INFO - Filling up the DagBag from /home/airflow/.local/lib/python3.6/site-packages/airflow/example_dags/example_skip_dag.py
[2021-08-18 09:10:30,760] {scheduler_job.py:643} INFO - DAG(s) dict_keys(['example_skip_dag']) retrieved from /home/airflow/.local/lib/python3.6/site-packages/airflow/example_dags/example_skip_dag.py
[2021-08-18 09:10:30,783] {logging_mixin.py:104} INFO - [2021-08-18 09:10:30,782] {dag.py:1832} INFO - Sync 1 DAGs
[2021-08-18 09:10:30,798] {logging_mixin.py:104} INFO - [2021-08-18 09:10:30,798] {dag.py:2305} INFO - Setting next_dagrun for example_skip_dag to 2021-08-16 00:00:00+00:00
[2021-08-18 09:10:30,805] {scheduler_job.py:190} INFO - Processing /home/airflow/.local/lib/python3.6/site-packages/airflow/example_dags/example_skip_dag.py took 0.068 seconds
[2021-08-18 09:11:01,097] {scheduler_job.py:182} INFO - Started process (PID=1224) to work on /home/airflow/.local/lib/python3.6/site-packages/airflow/example_dags/example_skip_dag.py
[2021-08-18 09:11:01,100] {scheduler_job.py:633} INFO - Processing file /home/airflow/.local/lib/python3.6/site-packages/airflow/example_dags/example_skip_dag.py for tasks to queue
[2021-08-18 09:11:01,102] {logging_mixin.py:104} INFO - [2021-08-18 09:11:01,101] {dagbag.py:487} INFO - Filling up the DagBag from /home/airflow/.local/lib/python3.6/site-packages/airflow/example_dags/example_skip_dag.py
[2021-08-18 09:11:01,118] {scheduler_job.py:643} INFO - DAG(s) dict_keys(['example_skip_dag']) retrieved from /home/airflow/.local/lib/python3.6/site-packages/airflow/example_dags/example_skip_dag.py
[2021-08-18 09:11:01,145] {logging_mixin.py:104} INFO - [2021-08-18 09:11:01,145] {dag.py:1832} INFO - Sync 1 DAGs
[2021-08-18 09:11:01,165] {logging_mixin.py:104} INFO - [2021-08-18 09:11:01,165] {dag.py:2305} INFO - Setting next_dagrun for example_skip_dag to 2021-08-16 00:00:00+00:00
[2021-08-18 09:11:01,176] {scheduler_job.py:190} INFO - Processing /home/airflow/.local/lib/python3.6/site-packages/airflow/example_dags/example_skip_dag.py took 0.083 seconds
[2021-08-18 09:11:31,498] {scheduler_job.py:182} INFO - Started process (PID=1302) to work on /home/airflow/.local/lib/python3.6/site-packages/airflow/example_dags/example_skip_dag.py
[2021-08-18 09:11:31,500] {scheduler_job.py:633} INFO - Processing file /home/airflow/.local/lib/python3.6/site-packages/airflow/example_dags/example_skip_dag.py for tasks to queue
[2021-08-18 09:11:31,502] {logging_mixin.py:104} INFO - [2021-08-18 09:11:31,502] {dagbag.py:487} INFO - Filling up the DagBag from /home/airflow/.local/lib/python3.6/site-packages/airflow/example_dags/example_skip_dag.py
[2021-08-18 09:11:31,517] {scheduler_job.py:643} INFO - DAG(s) dict_keys(['example_skip_dag']) retrieved from /home/airflow/.local/lib/python3.6/site-packages/airflow/example_dags/example_skip_dag.py
[2021-08-18 09:11:31,545] {logging_mixin.py:104} INFO - [2021-08-18 09:11:31,545] {dag.py:1832} INFO - Sync 1 DAGs
[2021-08-18 09:11:31,542] {logging_mixin.py:104} INFO - [2021-08-18 09:11:31,542] {dag.py:2305} INFO - Setting next_dagrun for example_skip_dag to 2021-08-16 00:00:00+00:00
[2021-08-18 09:11:31,552] {scheduler_job.py:190} INFO - Processing /home/airflow/.local/lib/python3.6/site-packages/airflow/example_dags/example_skip_dag.py took 0.080 seconds
[2021-08-18 09:12:02,192] {scheduler_job.py:182} INFO - Started process (PID=1379) to work on /home/airflow/.local/lib/python3.6/site-packages/airflow/example_dags/example_skip_dag.py
[2021-08-18 09:12:02,194] {scheduler_job.py:633} INFO - Processing file /home/airflow/.local/lib/python3.6/site-packages/airflow/example_dags/example_skip_dag.py for tasks to queue
[2021-08-18 09:12:02,195] {logging_mixin.py:104} INFO - [2021-08-18 09:12:02,195] {dagbag.py:487} INFO - Filling up the DagBag from /home/airflow/.local/lib/python3.6/site-packages/airflow/example_dags/example_skip_dag.py
[2021-08-18 09:12:02,209] {scheduler_job.py:643} INFO - DAG(s) dict_keys(['example_skip_dag']) retrieved from /home/airflow/.local/lib/python3.6/site-packages/airflow/example_dags/example_skip_dag.py
[2021-08-18 09:12:02,233] {logging_mixin.py:104} INFO - [2021-08-18 09:12:02,233] {dag.py:1832} INFO - Sync 1 DAGs
[2021-08-18 09:12:02,250] {logging_mixin.py:104} INFO - [2021-08-18 09:12:02,249] {dag.py:2305} INFO - Setting next_dagrun for example_skip_dag to 2021-08-16 00:00:00+00:00
[2021-08-18 09:12:02,259] {scheduler_job.py:190} INFO - Processing /home/airflow/.local/lib/python3.6/site-packages/airflow/example_dags/example_skip_dag.py took 0.071 seconds
[2021-08-18 09:12:32,738] {scheduler_job.py:182} INFO - Started process (PID=1441) to work on /home/airflow/.local/lib/python3.6/site-packages/airflow/example_dags/example_skip_dag.py
[2021-08-18 09:12:32,740] {scheduler_job.py:633} INFO - Processing file /home/airflow/.local/lib/python3.6/site-packages/airflow/example_dags/example_skip_dag.py for tasks to queue
[2021-08-18 09:12:32,741] {logging_mixin.py:104} INFO - [2021-08-18 09:12:32,741] {dagbag.py:487} INFO - Filling up the DagBag from /home/airflow/.local/lib/python3.6/site-packages/airflow/example_dags/example_skip_dag.py
[2021-08-18 09:12:32,756] {scheduler_job.py:643} INFO - DAG(s) dict_keys(['example_skip_dag']) retrieved from /home/airflow/.local/lib/python3.6/site-packages/airflow/example_dags/example_skip_dag.py
[2021-08-18 09:12:32,783] {logging_mixin.py:104} INFO - [2021-08-18 09:12:32,783] {dag.py:1832} INFO - Sync 1 DAGs
[2021-08-18 09:12:32,803] {logging_mixin.py:104} INFO - [2021-08-18 09:12:32,803] {dag.py:2305} INFO - Setting next_dagrun for example_skip_dag to 2021-08-16 00:00:00+00:00
[2021-08-18 09:12:32,814] {scheduler_job.py:190} INFO - Processing /home/airflow/.local/lib/python3.6/site-packages/airflow/example_dags/example_skip_dag.py took 0.080 seconds
[2021-08-18 09:13:03,484] {scheduler_job.py:182} INFO - Started process (PID=1518) to work on /home/airflow/.local/lib/python3.6/site-packages/airflow/example_dags/example_skip_dag.py
[2021-08-18 09:13:03,486] {scheduler_job.py:633} INFO - Processing file /home/airflow/.local/lib/python3.6/site-packages/airflow/example_dags/example_skip_dag.py for tasks to queue
[2021-08-18 09:13:03,487] {logging_mixin.py:104} INFO - [2021-08-18 09:13:03,487] {dagbag.py:487} INFO - Filling up the DagBag from /home/airflow/.local/lib/python3.6/site-packages/airflow/example_dags/example_skip_dag.py
[2021-08-18 09:13:03,503] {scheduler_job.py:643} INFO - DAG(s) dict_keys(['example_skip_dag']) retrieved from /home/airflow/.local/lib/python3.6/site-packages/airflow/example_dags/example_skip_dag.py
[2021-08-18 09:13:03,530] {logging_mixin.py:104} INFO - [2021-08-18 09:13:03,530] {dag.py:1832} INFO - Sync 1 DAGs
[2021-08-18 09:13:03,549] {logging_mixin.py:104} INFO - [2021-08-18 09:13:03,549] {dag.py:2305} INFO - Setting next_dagrun for example_skip_dag to 2021-08-16 00:00:00+00:00
[2021-08-18 09:13:03,559] {scheduler_job.py:190} INFO - Processing /home/airflow/.local/lib/python3.6/site-packages/airflow/example_dags/example_skip_dag.py took 0.080 seconds
[2021-08-18 09:13:34,520] {scheduler_job.py:182} INFO - Started process (PID=1591) to work on /home/airflow/.local/lib/python3.6/site-packages/airflow/example_dags/example_skip_dag.py
[2021-08-18 09:13:34,523] {scheduler_job.py:633} INFO - Processing file /home/airflow/.local/lib/python3.6/site-packages/airflow/example_dags/example_skip_dag.py for tasks to queue
[2021-08-18 09:13:34,525] {logging_mixin.py:104} INFO - [2021-08-18 09:13:34,524] {dagbag.py:487} INFO - Filling up the DagBag from /home/airflow/.local/lib/python3.6/site-packages/airflow/example_dags/example_skip_dag.py
[2021-08-18 09:13:34,540] {scheduler_job.py:643} INFO - DAG(s) dict_keys(['example_skip_dag']) retrieved from /home/airflow/.local/lib/python3.6/site-packages/airflow/example_dags/example_skip_dag.py
[2021-08-18 09:13:34,582] {logging_mixin.py:104} INFO - [2021-08-18 09:13:34,582] {dag.py:1832} INFO - Sync 1 DAGs
[2021-08-18 09:13:34,606] {logging_mixin.py:104} INFO - [2021-08-18 09:13:34,605] {dag.py:2305} INFO - Setting next_dagrun for example_skip_dag to 2021-08-16 00:00:00+00:00
[2021-08-18 09:13:34,631] {scheduler_job.py:190} INFO - Processing /home/airflow/.local/lib/python3.6/site-packages/airflow/example_dags/example_skip_dag.py took 0.115 seconds
[2021-08-18 09:14:04,756] {scheduler_job.py:182} INFO - Started process (PID=1643) to work on /home/airflow/.local/lib/python3.6/site-packages/airflow/example_dags/example_skip_dag.py
[2021-08-18 09:14:04,758] {scheduler_job.py:633} INFO - Processing file /home/airflow/.local/lib/python3.6/site-packages/airflow/example_dags/example_skip_dag.py for tasks to queue
[2021-08-18 09:14:04,759] {logging_mixin.py:104} INFO - [2021-08-18 09:14:04,759] {dagbag.py:487} INFO - Filling up the DagBag from /home/airflow/.local/lib/python3.6/site-packages/airflow/example_dags/example_skip_dag.py
[2021-08-18 09:14:04,777] {scheduler_job.py:643} INFO - DAG(s) dict_keys(['example_skip_dag']) retrieved from /home/airflow/.local/lib/python3.6/site-packages/airflow/example_dags/example_skip_dag.py
[2021-08-18 09:14:04,818] {logging_mixin.py:104} INFO - [2021-08-18 09:14:04,818] {dag.py:1832} INFO - Sync 1 DAGs
[2021-08-18 09:14:04,846] {logging_mixin.py:104} INFO - [2021-08-18 09:14:04,846] {dag.py:2305} INFO - Setting next_dagrun for example_skip_dag to 2021-08-16 00:00:00+00:00
[2021-08-18 09:14:04,860] {scheduler_job.py:190} INFO - Processing /home/airflow/.local/lib/python3.6/site-packages/airflow/example_dags/example_skip_dag.py took 0.109 seconds
[2021-08-18 09:14:35,819] {scheduler_job.py:182} INFO - Started process (PID=1720) to work on /home/airflow/.local/lib/python3.6/site-packages/airflow/example_dags/example_skip_dag.py
[2021-08-18 09:14:35,820] {scheduler_job.py:633} INFO - Processing file /home/airflow/.local/lib/python3.6/site-packages/airflow/example_dags/example_skip_dag.py for tasks to queue
[2021-08-18 09:14:35,822] {logging_mixin.py:104} INFO - [2021-08-18 09:14:35,822] {dagbag.py:487} INFO - Filling up the DagBag from /home/airflow/.local/lib/python3.6/site-packages/airflow/example_dags/example_skip_dag.py
[2021-08-18 09:14:35,836] {scheduler_job.py:643} INFO - DAG(s) dict_keys(['example_skip_dag']) retrieved from /home/airflow/.local/lib/python3.6/site-packages/airflow/example_dags/example_skip_dag.py
[2021-08-18 09:14:35,860] {logging_mixin.py:104} INFO - [2021-08-18 09:14:35,860] {dag.py:1832} INFO - Sync 1 DAGs
[2021-08-18 09:14:35,878] {logging_mixin.py:104} INFO - [2021-08-18 09:14:35,878] {dag.py:2305} INFO - Setting next_dagrun for example_skip_dag to 2021-08-16 00:00:00+00:00
[2021-08-18 09:14:35,888] {scheduler_job.py:190} INFO - Processing /home/airflow/.local/lib/python3.6/site-packages/airflow/example_dags/example_skip_dag.py took 0.074 seconds
[2021-08-18 09:15:06,837] {scheduler_job.py:182} INFO - Started process (PID=1790) to work on /home/airflow/.local/lib/python3.6/site-packages/airflow/example_dags/example_skip_dag.py
[2021-08-18 09:15:06,839] {scheduler_job.py:633} INFO - Processing file /home/airflow/.local/lib/python3.6/site-packages/airflow/example_dags/example_skip_dag.py for tasks to queue
[2021-08-18 09:15:06,840] {logging_mixin.py:104} INFO - [2021-08-18 09:15:06,840] {dagbag.py:487} INFO - Filling up the DagBag from /home/airflow/.local/lib/python3.6/site-packages/airflow/example_dags/example_skip_dag.py
[2021-08-18 09:15:06,856] {scheduler_job.py:643} INFO - DAG(s) dict_keys(['example_skip_dag']) retrieved from /home/airflow/.local/lib/python3.6/site-packages/airflow/example_dags/example_skip_dag.py
[2021-08-18 09:15:06,881] {logging_mixin.py:104} INFO - [2021-08-18 09:15:06,881] {dag.py:1832} INFO - Sync 1 DAGs
[2021-08-18 09:15:06,900] {logging_mixin.py:104} INFO - [2021-08-18 09:15:06,899] {dag.py:2305} INFO - Setting next_dagrun for example_skip_dag to 2021-08-16 00:00:00+00:00
[2021-08-18 09:15:06,911] {scheduler_job.py:190} INFO - Processing /home/airflow/.local/lib/python3.6/site-packages/airflow/example_dags/example_skip_dag.py took 0.078 seconds
[2021-08-18 09:15:37,160] {scheduler_job.py:182} INFO - Started process (PID=1859) to work on /home/airflow/.local/lib/python3.6/site-packages/airflow/example_dags/example_skip_dag.py
[2021-08-18 09:15:37,163] {scheduler_job.py:633} INFO - Processing file /home/airflow/.local/lib/python3.6/site-packages/airflow/example_dags/example_skip_dag.py for tasks to queue
[2021-08-18 09:15:37,164] {logging_mixin.py:104} INFO - [2021-08-18 09:15:37,164] {dagbag.py:487} INFO - Filling up the DagBag from /home/airflow/.local/lib/python3.6/site-packages/airflow/example_dags/example_skip_dag.py
[2021-08-18 09:15:37,180] {scheduler_job.py:643} INFO - DAG(s) dict_keys(['example_skip_dag']) retrieved from /home/airflow/.local/lib/python3.6/site-packages/airflow/example_dags/example_skip_dag.py
[2021-08-18 09:15:37,211] {logging_mixin.py:104} INFO - [2021-08-18 09:15:37,210] {dag.py:1832} INFO - Sync 1 DAGs
[2021-08-18 09:15:37,231] {logging_mixin.py:104} INFO - [2021-08-18 09:15:37,231] {dag.py:2305} INFO - Setting next_dagrun for example_skip_dag to 2021-08-16 00:00:00+00:00
[2021-08-18 09:15:37,243] {scheduler_job.py:190} INFO - Processing /home/airflow/.local/lib/python3.6/site-packages/airflow/example_dags/example_skip_dag.py took 0.088 seconds
[2021-08-18 09:16:07,705] {scheduler_job.py:182} INFO - Started process (PID=1935) to work on /home/airflow/.local/lib/python3.6/site-packages/airflow/example_dags/example_skip_dag.py
[2021-08-18 09:16:07,707] {scheduler_job.py:633} INFO - Processing file /home/airflow/.local/lib/python3.6/site-packages/airflow/example_dags/example_skip_dag.py for tasks to queue
[2021-08-18 09:16:07,708] {logging_mixin.py:104} INFO - [2021-08-18 09:16:07,708] {dagbag.py:487} INFO - Filling up the DagBag from /home/airflow/.local/lib/python3.6/site-packages/airflow/example_dags/example_skip_dag.py
[2021-08-18 09:16:07,724] {scheduler_job.py:643} INFO - DAG(s) dict_keys(['example_skip_dag']) retrieved from /home/airflow/.local/lib/python3.6/site-packages/airflow/example_dags/example_skip_dag.py
[2021-08-18 09:16:07,752] {logging_mixin.py:104} INFO - [2021-08-18 09:16:07,752] {dag.py:1832} INFO - Sync 1 DAGs
[2021-08-18 09:16:07,772] {logging_mixin.py:104} INFO - [2021-08-18 09:16:07,772] {dag.py:2305} INFO - Setting next_dagrun for example_skip_dag to 2021-08-16 00:00:00+00:00
[2021-08-18 09:16:07,784] {scheduler_job.py:190} INFO - Processing /home/airflow/.local/lib/python3.6/site-packages/airflow/example_dags/example_skip_dag.py took 0.083 seconds
[2021-08-18 09:16:38,335] {scheduler_job.py:182} INFO - Started process (PID=1996) to work on /home/airflow/.local/lib/python3.6/site-packages/airflow/example_dags/example_skip_dag.py
[2021-08-18 09:16:38,337] {scheduler_job.py:633} INFO - Processing file /home/airflow/.local/lib/python3.6/site-packages/airflow/example_dags/example_skip_dag.py for tasks to queue
[2021-08-18 09:16:38,341] {logging_mixin.py:104} INFO - [2021-08-18 09:16:38,341] {dagbag.py:487} INFO - Filling up the DagBag from /home/airflow/.local/lib/python3.6/site-packages/airflow/example_dags/example_skip_dag.py
[2021-08-18 09:16:38,369] {scheduler_job.py:643} INFO - DAG(s) dict_keys(['example_skip_dag']) retrieved from /home/airflow/.local/lib/python3.6/site-packages/airflow/example_dags/example_skip_dag.py
[2021-08-18 09:16:38,405] {logging_mixin.py:104} INFO - [2021-08-18 09:16:38,404] {dag.py:1832} INFO - Sync 1 DAGs
[2021-08-18 09:16:38,431] {logging_mixin.py:104} INFO - [2021-08-18 09:16:38,431] {dag.py:2305} INFO - Setting next_dagrun for example_skip_dag to 2021-08-16 00:00:00+00:00
[2021-08-18 09:16:38,446] {scheduler_job.py:190} INFO - Processing /home/airflow/.local/lib/python3.6/site-packages/airflow/example_dags/example_skip_dag.py took 0.115 seconds
[2021-08-18 09:17:35,476] {scheduler_job.py:182} INFO - Started process (PID=45) to work on /home/airflow/.local/lib/python3.6/site-packages/airflow/example_dags/example_skip_dag.py
[2021-08-18 09:17:35,478] {scheduler_job.py:633} INFO - Processing file /home/airflow/.local/lib/python3.6/site-packages/airflow/example_dags/example_skip_dag.py for tasks to queue
[2021-08-18 09:17:35,479] {logging_mixin.py:104} INFO - [2021-08-18 09:17:35,479] {dagbag.py:487} INFO - Filling up the DagBag from /home/airflow/.local/lib/python3.6/site-packages/airflow/example_dags/example_skip_dag.py
[2021-08-18 09:17:35,490] {scheduler_job.py:643} INFO - DAG(s) dict_keys(['example_skip_dag']) retrieved from /home/airflow/.local/lib/python3.6/site-packages/airflow/example_dags/example_skip_dag.py
[2021-08-18 09:17:35,514] {logging_mixin.py:104} INFO - [2021-08-18 09:17:35,514] {dag.py:1832} INFO - Sync 1 DAGs
[2021-08-18 09:17:35,531] {logging_mixin.py:104} INFO - [2021-08-18 09:17:35,531] {dag.py:2305} INFO - Setting next_dagrun for example_skip_dag to 2021-08-16 00:00:00+00:00
[2021-08-18 09:17:35,543] {scheduler_job.py:190} INFO - Processing /home/airflow/.local/lib/python3.6/site-packages/airflow/example_dags/example_skip_dag.py took 0.071 seconds
[2021-08-18 09:18:06,362] {scheduler_job.py:182} INFO - Started process (PID=122) to work on /home/airflow/.local/lib/python3.6/site-packages/airflow/example_dags/example_skip_dag.py
[2021-08-18 09:18:06,364] {scheduler_job.py:633} INFO - Processing file /home/airflow/.local/lib/python3.6/site-packages/airflow/example_dags/example_skip_dag.py for tasks to queue
[2021-08-18 09:18:06,365] {logging_mixin.py:104} INFO - [2021-08-18 09:18:06,365] {dagbag.py:487} INFO - Filling up the DagBag from /home/airflow/.local/lib/python3.6/site-packages/airflow/example_dags/example_skip_dag.py
[2021-08-18 09:18:06,377] {scheduler_job.py:643} INFO - DAG(s) dict_keys(['example_skip_dag']) retrieved from /home/airflow/.local/lib/python3.6/site-packages/airflow/example_dags/example_skip_dag.py
[2021-08-18 09:18:06,398] {logging_mixin.py:104} INFO - [2021-08-18 09:18:06,398] {dag.py:1832} INFO - Sync 1 DAGs
[2021-08-18 09:18:06,418] {logging_mixin.py:104} INFO - [2021-08-18 09:18:06,418] {dag.py:2305} INFO - Setting next_dagrun for example_skip_dag to 2021-08-16 00:00:00+00:00
[2021-08-18 09:18:06,429] {scheduler_job.py:190} INFO - Processing /home/airflow/.local/lib/python3.6/site-packages/airflow/example_dags/example_skip_dag.py took 0.070 seconds
[2021-08-18 09:18:37,620] {scheduler_job.py:182} INFO - Started process (PID=185) to work on /home/airflow/.local/lib/python3.6/site-packages/airflow/example_dags/example_skip_dag.py
[2021-08-18 09:18:37,622] {scheduler_job.py:633} INFO - Processing file /home/airflow/.local/lib/python3.6/site-packages/airflow/example_dags/example_skip_dag.py for tasks to queue
[2021-08-18 09:18:37,624] {logging_mixin.py:104} INFO - [2021-08-18 09:18:37,624] {dagbag.py:487} INFO - Filling up the DagBag from /home/airflow/.local/lib/python3.6/site-packages/airflow/example_dags/example_skip_dag.py
[2021-08-18 09:18:37,638] {scheduler_job.py:643} INFO - DAG(s) dict_keys(['example_skip_dag']) retrieved from /home/airflow/.local/lib/python3.6/site-packages/airflow/example_dags/example_skip_dag.py
[2021-08-18 09:18:37,672] {logging_mixin.py:104} INFO - [2021-08-18 09:18:37,671] {dag.py:1832} INFO - Sync 1 DAGs
[2021-08-18 09:18:37,695] {logging_mixin.py:104} INFO - [2021-08-18 09:18:37,694] {dag.py:2305} INFO - Setting next_dagrun for example_skip_dag to 2021-08-16 00:00:00+00:00
[2021-08-18 09:18:37,708] {scheduler_job.py:190} INFO - Processing /home/airflow/.local/lib/python3.6/site-packages/airflow/example_dags/example_skip_dag.py took 0.092 seconds
[2021-08-18 09:19:07,881] {scheduler_job.py:182} INFO - Started process (PID=263) to work on /home/airflow/.local/lib/python3.6/site-packages/airflow/example_dags/example_skip_dag.py
[2021-08-18 09:19:07,883] {scheduler_job.py:633} INFO - Processing file /home/airflow/.local/lib/python3.6/site-packages/airflow/example_dags/example_skip_dag.py for tasks to queue
[2021-08-18 09:19:07,886] {logging_mixin.py:104} INFO - [2021-08-18 09:19:07,886] {dagbag.py:487} INFO - Filling up the DagBag from /home/airflow/.local/lib/python3.6/site-packages/airflow/example_dags/example_skip_dag.py
[2021-08-18 09:19:07,907] {scheduler_job.py:643} INFO - DAG(s) dict_keys(['example_skip_dag']) retrieved from /home/airflow/.local/lib/python3.6/site-packages/airflow/example_dags/example_skip_dag.py
[2021-08-18 09:19:07,935] {logging_mixin.py:104} INFO - [2021-08-18 09:19:07,934] {dag.py:1832} INFO - Sync 1 DAGs
[2021-08-18 09:19:07,955] {logging_mixin.py:104} INFO - [2021-08-18 09:19:07,955] {dag.py:2305} INFO - Setting next_dagrun for example_skip_dag to 2021-08-16 00:00:00+00:00
[2021-08-18 09:19:07,968] {scheduler_job.py:190} INFO - Processing /home/airflow/.local/lib/python3.6/site-packages/airflow/example_dags/example_skip_dag.py took 0.092 seconds
[2021-08-18 09:19:38,308] {scheduler_job.py:182} INFO - Started process (PID=335) to work on /home/airflow/.local/lib/python3.6/site-packages/airflow/example_dags/example_skip_dag.py
[2021-08-18 09:19:38,311] {scheduler_job.py:633} INFO - Processing file /home/airflow/.local/lib/python3.6/site-packages/airflow/example_dags/example_skip_dag.py for tasks to queue
[2021-08-18 09:19:38,313] {logging_mixin.py:104} INFO - [2021-08-18 09:19:38,313] {dagbag.py:487} INFO - Filling up the DagBag from /home/airflow/.local/lib/python3.6/site-packages/airflow/example_dags/example_skip_dag.py
[2021-08-18 09:19:38,333] {scheduler_job.py:643} INFO - DAG(s) dict_keys(['example_skip_dag']) retrieved from /home/airflow/.local/lib/python3.6/site-packages/airflow/example_dags/example_skip_dag.py
[2021-08-18 09:19:38,365] {logging_mixin.py:104} INFO - [2021-08-18 09:19:38,365] {dag.py:1832} INFO - Sync 1 DAGs
[2021-08-18 09:19:38,401] {logging_mixin.py:104} INFO - [2021-08-18 09:19:38,401] {dag.py:2305} INFO - Setting next_dagrun for example_skip_dag to 2021-08-16 00:00:00+00:00
[2021-08-18 09:19:38,417] {scheduler_job.py:190} INFO - Processing /home/airflow/.local/lib/python3.6/site-packages/airflow/example_dags/example_skip_dag.py took 0.113 seconds
[2021-08-18 09:20:08,551] {scheduler_job.py:182} INFO - Started process (PID=403) to work on /home/airflow/.local/lib/python3.6/site-packages/airflow/example_dags/example_skip_dag.py
[2021-08-18 09:20:08,555] {scheduler_job.py:633} INFO - Processing file /home/airflow/.local/lib/python3.6/site-packages/airflow/example_dags/example_skip_dag.py for tasks to queue
[2021-08-18 09:20:08,556] {logging_mixin.py:104} INFO - [2021-08-18 09:20:08,556] {dagbag.py:487} INFO - Filling up the DagBag from /home/airflow/.local/lib/python3.6/site-packages/airflow/example_dags/example_skip_dag.py
[2021-08-18 09:20:08,569] {scheduler_job.py:643} INFO - DAG(s) dict_keys(['example_skip_dag']) retrieved from /home/airflow/.local/lib/python3.6/site-packages/airflow/example_dags/example_skip_dag.py
[2021-08-18 09:20:08,595] {logging_mixin.py:104} INFO - [2021-08-18 09:20:08,595] {dag.py:1832} INFO - Sync 1 DAGs
[2021-08-18 09:20:08,617] {logging_mixin.py:104} INFO - [2021-08-18 09:20:08,617] {dag.py:2305} INFO - Setting next_dagrun for example_skip_dag to 2021-08-16 00:00:00+00:00
[2021-08-18 09:20:08,629] {scheduler_job.py:190} INFO - Processing /home/airflow/.local/lib/python3.6/site-packages/airflow/example_dags/example_skip_dag.py took 0.082 seconds
[2021-08-18 09:20:39,225] {scheduler_job.py:182} INFO - Started process (PID=480) to work on /home/airflow/.local/lib/python3.6/site-packages/airflow/example_dags/example_skip_dag.py
[2021-08-18 09:20:39,228] {scheduler_job.py:633} INFO - Processing file /home/airflow/.local/lib/python3.6/site-packages/airflow/example_dags/example_skip_dag.py for tasks to queue
[2021-08-18 09:20:39,230] {logging_mixin.py:104} INFO - [2021-08-18 09:20:39,230] {dagbag.py:487} INFO - Filling up the DagBag from /home/airflow/.local/lib/python3.6/site-packages/airflow/example_dags/example_skip_dag.py
[2021-08-18 09:20:39,245] {scheduler_job.py:643} INFO - DAG(s) dict_keys(['example_skip_dag']) retrieved from /home/airflow/.local/lib/python3.6/site-packages/airflow/example_dags/example_skip_dag.py
[2021-08-18 09:20:39,271] {logging_mixin.py:104} INFO - [2021-08-18 09:20:39,271] {dag.py:1832} INFO - Sync 1 DAGs
[2021-08-18 09:20:39,290] {logging_mixin.py:104} INFO - [2021-08-18 09:20:39,289] {dag.py:2305} INFO - Setting next_dagrun for example_skip_dag to 2021-08-16 00:00:00+00:00
[2021-08-18 09:20:39,301] {scheduler_job.py:190} INFO - Processing /home/airflow/.local/lib/python3.6/site-packages/airflow/example_dags/example_skip_dag.py took 0.080 seconds
[2021-08-18 09:21:09,514] {scheduler_job.py:182} INFO - Started process (PID=541) to work on /home/airflow/.local/lib/python3.6/site-packages/airflow/example_dags/example_skip_dag.py
[2021-08-18 09:21:09,516] {scheduler_job.py:633} INFO - Processing file /home/airflow/.local/lib/python3.6/site-packages/airflow/example_dags/example_skip_dag.py for tasks to queue
[2021-08-18 09:21:09,517] {logging_mixin.py:104} INFO - [2021-08-18 09:21:09,517] {dagbag.py:487} INFO - Filling up the DagBag from /home/airflow/.local/lib/python3.6/site-packages/airflow/example_dags/example_skip_dag.py
[2021-08-18 09:21:09,532] {scheduler_job.py:643} INFO - DAG(s) dict_keys(['example_skip_dag']) retrieved from /home/airflow/.local/lib/python3.6/site-packages/airflow/example_dags/example_skip_dag.py
[2021-08-18 09:21:09,559] {logging_mixin.py:104} INFO - [2021-08-18 09:21:09,559] {dag.py:1832} INFO - Sync 1 DAGs
[2021-08-18 09:21:09,577] {logging_mixin.py:104} INFO - [2021-08-18 09:21:09,577] {dag.py:2305} INFO - Setting next_dagrun for example_skip_dag to 2021-08-16 00:00:00+00:00
[2021-08-18 09:21:09,588] {scheduler_job.py:190} INFO - Processing /home/airflow/.local/lib/python3.6/site-packages/airflow/example_dags/example_skip_dag.py took 0.079 seconds
[2021-08-18 09:21:39,803] {scheduler_job.py:182} INFO - Started process (PID=620) to work on /home/airflow/.local/lib/python3.6/site-packages/airflow/example_dags/example_skip_dag.py
[2021-08-18 09:21:39,806] {scheduler_job.py:633} INFO - Processing file /home/airflow/.local/lib/python3.6/site-packages/airflow/example_dags/example_skip_dag.py for tasks to queue
[2021-08-18 09:21:39,807] {logging_mixin.py:104} INFO - [2021-08-18 09:21:39,807] {dagbag.py:487} INFO - Filling up the DagBag from /home/airflow/.local/lib/python3.6/site-packages/airflow/example_dags/example_skip_dag.py
[2021-08-18 09:21:39,822] {scheduler_job.py:643} INFO - DAG(s) dict_keys(['example_skip_dag']) retrieved from /home/airflow/.local/lib/python3.6/site-packages/airflow/example_dags/example_skip_dag.py
[2021-08-18 09:21:39,850] {logging_mixin.py:104} INFO - [2021-08-18 09:21:39,849] {dag.py:1832} INFO - Sync 1 DAGs
[2021-08-18 09:21:39,872] {logging_mixin.py:104} INFO - [2021-08-18 09:21:39,872] {dag.py:2305} INFO - Setting next_dagrun for example_skip_dag to 2021-08-16 00:00:00+00:00
[2021-08-18 09:21:39,883] {scheduler_job.py:190} INFO - Processing /home/airflow/.local/lib/python3.6/site-packages/airflow/example_dags/example_skip_dag.py took 0.084 seconds
[2021-08-18 09:22:10,123] {scheduler_job.py:182} INFO - Started process (PID=683) to work on /home/airflow/.local/lib/python3.6/site-packages/airflow/example_dags/example_skip_dag.py
[2021-08-18 09:22:10,125] {scheduler_job.py:633} INFO - Processing file /home/airflow/.local/lib/python3.6/site-packages/airflow/example_dags/example_skip_dag.py for tasks to queue
[2021-08-18 09:22:10,126] {logging_mixin.py:104} INFO - [2021-08-18 09:22:10,126] {dagbag.py:487} INFO - Filling up the DagBag from /home/airflow/.local/lib/python3.6/site-packages/airflow/example_dags/example_skip_dag.py
[2021-08-18 09:22:10,139] {scheduler_job.py:643} INFO - DAG(s) dict_keys(['example_skip_dag']) retrieved from /home/airflow/.local/lib/python3.6/site-packages/airflow/example_dags/example_skip_dag.py
[2021-08-18 09:22:10,166] {logging_mixin.py:104} INFO - [2021-08-18 09:22:10,166] {dag.py:1832} INFO - Sync 1 DAGs
[2021-08-18 09:22:10,185] {logging_mixin.py:104} INFO - [2021-08-18 09:22:10,185] {dag.py:2305} INFO - Setting next_dagrun for example_skip_dag to 2021-08-16 00:00:00+00:00
[2021-08-18 09:22:10,195] {scheduler_job.py:190} INFO - Processing /home/airflow/.local/lib/python3.6/site-packages/airflow/example_dags/example_skip_dag.py took 0.076 seconds
[2021-08-18 09:22:40,489] {scheduler_job.py:182} INFO - Started process (PID=760) to work on /home/airflow/.local/lib/python3.6/site-packages/airflow/example_dags/example_skip_dag.py
[2021-08-18 09:22:40,490] {scheduler_job.py:633} INFO - Processing file /home/airflow/.local/lib/python3.6/site-packages/airflow/example_dags/example_skip_dag.py for tasks to queue
[2021-08-18 09:22:40,492] {logging_mixin.py:104} INFO - [2021-08-18 09:22:40,492] {dagbag.py:487} INFO - Filling up the DagBag from /home/airflow/.local/lib/python3.6/site-packages/airflow/example_dags/example_skip_dag.py
[2021-08-18 09:22:40,506] {scheduler_job.py:643} INFO - DAG(s) dict_keys(['example_skip_dag']) retrieved from /home/airflow/.local/lib/python3.6/site-packages/airflow/example_dags/example_skip_dag.py
[2021-08-18 09:22:40,530] {logging_mixin.py:104} INFO - [2021-08-18 09:22:40,530] {dag.py:1832} INFO - Sync 1 DAGs
[2021-08-18 09:22:40,547] {logging_mixin.py:104} INFO - [2021-08-18 09:22:40,547] {dag.py:2305} INFO - Setting next_dagrun for example_skip_dag to 2021-08-16 00:00:00+00:00
[2021-08-18 09:22:40,557] {scheduler_job.py:190} INFO - Processing /home/airflow/.local/lib/python3.6/site-packages/airflow/example_dags/example_skip_dag.py took 0.072 seconds
[2021-08-18 09:23:10,619] {scheduler_job.py:182} INFO - Started process (PID=837) to work on /home/airflow/.local/lib/python3.6/site-packages/airflow/example_dags/example_skip_dag.py
[2021-08-18 09:23:10,621] {scheduler_job.py:633} INFO - Processing file /home/airflow/.local/lib/python3.6/site-packages/airflow/example_dags/example_skip_dag.py for tasks to queue
[2021-08-18 09:23:10,622] {logging_mixin.py:104} INFO - [2021-08-18 09:23:10,622] {dagbag.py:487} INFO - Filling up the DagBag from /home/airflow/.local/lib/python3.6/site-packages/airflow/example_dags/example_skip_dag.py
[2021-08-18 09:23:10,636] {scheduler_job.py:643} INFO - DAG(s) dict_keys(['example_skip_dag']) retrieved from /home/airflow/.local/lib/python3.6/site-packages/airflow/example_dags/example_skip_dag.py
[2021-08-18 09:23:10,663] {logging_mixin.py:104} INFO - [2021-08-18 09:23:10,663] {dag.py:1832} INFO - Sync 1 DAGs
[2021-08-18 09:23:10,682] {logging_mixin.py:104} INFO - [2021-08-18 09:23:10,682] {dag.py:2305} INFO - Setting next_dagrun for example_skip_dag to 2021-08-16 00:00:00+00:00
[2021-08-18 09:23:10,693] {scheduler_job.py:190} INFO - Processing /home/airflow/.local/lib/python3.6/site-packages/airflow/example_dags/example_skip_dag.py took 0.079 seconds
[2021-08-18 09:23:41,233] {scheduler_job.py:182} INFO - Started process (PID=911) to work on /home/airflow/.local/lib/python3.6/site-packages/airflow/example_dags/example_skip_dag.py
[2021-08-18 09:23:41,235] {scheduler_job.py:633} INFO - Processing file /home/airflow/.local/lib/python3.6/site-packages/airflow/example_dags/example_skip_dag.py for tasks to queue
[2021-08-18 09:23:41,236] {logging_mixin.py:104} INFO - [2021-08-18 09:23:41,236] {dagbag.py:487} INFO - Filling up the DagBag from /home/airflow/.local/lib/python3.6/site-packages/airflow/example_dags/example_skip_dag.py
[2021-08-18 09:23:41,248] {scheduler_job.py:643} INFO - DAG(s) dict_keys(['example_skip_dag']) retrieved from /home/airflow/.local/lib/python3.6/site-packages/airflow/example_dags/example_skip_dag.py
[2021-08-18 09:23:41,271] {logging_mixin.py:104} INFO - [2021-08-18 09:23:41,271] {dag.py:1832} INFO - Sync 1 DAGs
[2021-08-18 09:23:41,287] {logging_mixin.py:104} INFO - [2021-08-18 09:23:41,286] {dag.py:2305} INFO - Setting next_dagrun for example_skip_dag to 2021-08-16 00:00:00+00:00
[2021-08-18 09:23:41,300] {scheduler_job.py:190} INFO - Processing /home/airflow/.local/lib/python3.6/site-packages/airflow/example_dags/example_skip_dag.py took 0.072 seconds
[2021-08-18 09:24:11,428] {scheduler_job.py:182} INFO - Started process (PID=989) to work on /home/airflow/.local/lib/python3.6/site-packages/airflow/example_dags/example_skip_dag.py
[2021-08-18 09:24:11,430] {scheduler_job.py:633} INFO - Processing file /home/airflow/.local/lib/python3.6/site-packages/airflow/example_dags/example_skip_dag.py for tasks to queue
[2021-08-18 09:24:11,431] {logging_mixin.py:104} INFO - [2021-08-18 09:24:11,431] {dagbag.py:487} INFO - Filling up the DagBag from /home/airflow/.local/lib/python3.6/site-packages/airflow/example_dags/example_skip_dag.py
[2021-08-18 09:24:11,444] {scheduler_job.py:643} INFO - DAG(s) dict_keys(['example_skip_dag']) retrieved from /home/airflow/.local/lib/python3.6/site-packages/airflow/example_dags/example_skip_dag.py
[2021-08-18 09:24:11,470] {logging_mixin.py:104} INFO - [2021-08-18 09:24:11,469] {dag.py:1832} INFO - Sync 1 DAGs
[2021-08-18 09:24:11,486] {logging_mixin.py:104} INFO - [2021-08-18 09:24:11,486] {dag.py:2305} INFO - Setting next_dagrun for example_skip_dag to 2021-08-16 00:00:00+00:00
[2021-08-18 09:24:11,495] {scheduler_job.py:190} INFO - Processing /home/airflow/.local/lib/python3.6/site-packages/airflow/example_dags/example_skip_dag.py took 0.071 seconds
[2021-08-18 09:24:41,889] {scheduler_job.py:182} INFO - Started process (PID=1059) to work on /home/airflow/.local/lib/python3.6/site-packages/airflow/example_dags/example_skip_dag.py
[2021-08-18 09:24:41,892] {scheduler_job.py:633} INFO - Processing file /home/airflow/.local/lib/python3.6/site-packages/airflow/example_dags/example_skip_dag.py for tasks to queue
[2021-08-18 09:24:41,894] {logging_mixin.py:104} INFO - [2021-08-18 09:24:41,894] {dagbag.py:487} INFO - Filling up the DagBag from /home/airflow/.local/lib/python3.6/site-packages/airflow/example_dags/example_skip_dag.py
[2021-08-18 09:24:41,910] {scheduler_job.py:643} INFO - DAG(s) dict_keys(['example_skip_dag']) retrieved from /home/airflow/.local/lib/python3.6/site-packages/airflow/example_dags/example_skip_dag.py
[2021-08-18 09:24:41,945] {logging_mixin.py:104} INFO - [2021-08-18 09:24:41,944] {dag.py:1832} INFO - Sync 1 DAGs
[2021-08-18 09:24:41,973] {logging_mixin.py:104} INFO - [2021-08-18 09:24:41,973] {dag.py:2305} INFO - Setting next_dagrun for example_skip_dag to 2021-08-16 00:00:00+00:00
[2021-08-18 09:24:42,000] {scheduler_job.py:190} INFO - Processing /home/airflow/.local/lib/python3.6/site-packages/airflow/example_dags/example_skip_dag.py took 0.117 seconds
[2021-08-18 09:25:12,063] {scheduler_job.py:182} INFO - Started process (PID=1128) to work on /home/airflow/.local/lib/python3.6/site-packages/airflow/example_dags/example_skip_dag.py
[2021-08-18 09:25:12,065] {scheduler_job.py:633} INFO - Processing file /home/airflow/.local/lib/python3.6/site-packages/airflow/example_dags/example_skip_dag.py for tasks to queue
[2021-08-18 09:25:12,066] {logging_mixin.py:104} INFO - [2021-08-18 09:25:12,066] {dagbag.py:487} INFO - Filling up the DagBag from /home/airflow/.local/lib/python3.6/site-packages/airflow/example_dags/example_skip_dag.py
[2021-08-18 09:25:12,081] {scheduler_job.py:643} INFO - DAG(s) dict_keys(['example_skip_dag']) retrieved from /home/airflow/.local/lib/python3.6/site-packages/airflow/example_dags/example_skip_dag.py
[2021-08-18 09:25:12,106] {logging_mixin.py:104} INFO - [2021-08-18 09:25:12,106] {dag.py:1832} INFO - Sync 1 DAGs
[2021-08-18 09:25:12,126] {logging_mixin.py:104} INFO - [2021-08-18 09:25:12,126] {dag.py:2305} INFO - Setting next_dagrun for example_skip_dag to 2021-08-16 00:00:00+00:00
[2021-08-18 09:25:12,138] {scheduler_job.py:190} INFO - Processing /home/airflow/.local/lib/python3.6/site-packages/airflow/example_dags/example_skip_dag.py took 0.079 seconds
[2021-08-18 09:25:42,398] {scheduler_job.py:182} INFO - Started process (PID=1201) to work on /home/airflow/.local/lib/python3.6/site-packages/airflow/example_dags/example_skip_dag.py
[2021-08-18 09:25:42,400] {scheduler_job.py:633} INFO - Processing file /home/airflow/.local/lib/python3.6/site-packages/airflow/example_dags/example_skip_dag.py for tasks to queue
[2021-08-18 09:25:42,402] {logging_mixin.py:104} INFO - [2021-08-18 09:25:42,402] {dagbag.py:487} INFO - Filling up the DagBag from /home/airflow/.local/lib/python3.6/site-packages/airflow/example_dags/example_skip_dag.py
[2021-08-18 09:25:42,420] {scheduler_job.py:643} INFO - DAG(s) dict_keys(['example_skip_dag']) retrieved from /home/airflow/.local/lib/python3.6/site-packages/airflow/example_dags/example_skip_dag.py
[2021-08-18 09:25:42,447] {logging_mixin.py:104} INFO - [2021-08-18 09:25:42,447] {dag.py:1832} INFO - Sync 1 DAGs
[2021-08-18 09:25:42,470] {logging_mixin.py:104} INFO - [2021-08-18 09:25:42,470] {dag.py:2305} INFO - Setting next_dagrun for example_skip_dag to 2021-08-16 00:00:00+00:00
[2021-08-18 09:25:42,484] {scheduler_job.py:190} INFO - Processing /home/airflow/.local/lib/python3.6/site-packages/airflow/example_dags/example_skip_dag.py took 0.090 seconds
[2021-08-18 09:26:12,732] {scheduler_job.py:182} INFO - Started process (PID=1267) to work on /home/airflow/.local/lib/python3.6/site-packages/airflow/example_dags/example_skip_dag.py
[2021-08-18 09:26:12,734] {scheduler_job.py:633} INFO - Processing file /home/airflow/.local/lib/python3.6/site-packages/airflow/example_dags/example_skip_dag.py for tasks to queue
[2021-08-18 09:26:12,735] {logging_mixin.py:104} INFO - [2021-08-18 09:26:12,735] {dagbag.py:487} INFO - Filling up the DagBag from /home/airflow/.local/lib/python3.6/site-packages/airflow/example_dags/example_skip_dag.py
[2021-08-18 09:26:12,749] {scheduler_job.py:643} INFO - DAG(s) dict_keys(['example_skip_dag']) retrieved from /home/airflow/.local/lib/python3.6/site-packages/airflow/example_dags/example_skip_dag.py
[2021-08-18 09:26:12,775] {logging_mixin.py:104} INFO - [2021-08-18 09:26:12,775] {dag.py:1832} INFO - Sync 1 DAGs
[2021-08-18 09:26:12,794] {logging_mixin.py:104} INFO - [2021-08-18 09:26:12,793] {dag.py:2305} INFO - Setting next_dagrun for example_skip_dag to 2021-08-16 00:00:00+00:00
[2021-08-18 09:26:12,805] {scheduler_job.py:190} INFO - Processing /home/airflow/.local/lib/python3.6/site-packages/airflow/example_dags/example_skip_dag.py took 0.076 seconds
[2021-08-18 09:26:43,761] {scheduler_job.py:182} INFO - Started process (PID=1343) to work on /home/airflow/.local/lib/python3.6/site-packages/airflow/example_dags/example_skip_dag.py
[2021-08-18 09:26:43,763] {scheduler_job.py:633} INFO - Processing file /home/airflow/.local/lib/python3.6/site-packages/airflow/example_dags/example_skip_dag.py for tasks to queue
[2021-08-18 09:26:43,764] {logging_mixin.py:104} INFO - [2021-08-18 09:26:43,764] {dagbag.py:487} INFO - Filling up the DagBag from /home/airflow/.local/lib/python3.6/site-packages/airflow/example_dags/example_skip_dag.py
[2021-08-18 09:26:43,776] {scheduler_job.py:643} INFO - DAG(s) dict_keys(['example_skip_dag']) retrieved from /home/airflow/.local/lib/python3.6/site-packages/airflow/example_dags/example_skip_dag.py
[2021-08-18 09:26:43,797] {logging_mixin.py:104} INFO - [2021-08-18 09:26:43,797] {dag.py:1832} INFO - Sync 1 DAGs
[2021-08-18 09:26:43,815] {logging_mixin.py:104} INFO - [2021-08-18 09:26:43,814] {dag.py:2305} INFO - Setting next_dagrun for example_skip_dag to 2021-08-16 00:00:00+00:00
[2021-08-18 09:26:43,826] {scheduler_job.py:190} INFO - Processing /home/airflow/.local/lib/python3.6/site-packages/airflow/example_dags/example_skip_dag.py took 0.069 seconds
[2021-08-18 09:27:14,622] {scheduler_job.py:182} INFO - Started process (PID=1404) to work on /home/airflow/.local/lib/python3.6/site-packages/airflow/example_dags/example_skip_dag.py
[2021-08-18 09:27:14,624] {scheduler_job.py:633} INFO - Processing file /home/airflow/.local/lib/python3.6/site-packages/airflow/example_dags/example_skip_dag.py for tasks to queue
[2021-08-18 09:27:14,626] {logging_mixin.py:104} INFO - [2021-08-18 09:27:14,625] {dagbag.py:487} INFO - Filling up the DagBag from /home/airflow/.local/lib/python3.6/site-packages/airflow/example_dags/example_skip_dag.py
[2021-08-18 09:27:14,638] {scheduler_job.py:643} INFO - DAG(s) dict_keys(['example_skip_dag']) retrieved from /home/airflow/.local/lib/python3.6/site-packages/airflow/example_dags/example_skip_dag.py
[2021-08-18 09:27:14,661] {logging_mixin.py:104} INFO - [2021-08-18 09:27:14,661] {dag.py:1832} INFO - Sync 1 DAGs
[2021-08-18 09:27:14,679] {logging_mixin.py:104} INFO - [2021-08-18 09:27:14,679] {dag.py:2305} INFO - Setting next_dagrun for example_skip_dag to 2021-08-16 00:00:00+00:00
[2021-08-18 09:27:14,689] {scheduler_job.py:190} INFO - Processing /home/airflow/.local/lib/python3.6/site-packages/airflow/example_dags/example_skip_dag.py took 0.071 seconds
[2021-08-18 09:27:46,124] {scheduler_job.py:182} INFO - Started process (PID=1481) to work on /home/airflow/.local/lib/python3.6/site-packages/airflow/example_dags/example_skip_dag.py
[2021-08-18 09:27:46,127] {scheduler_job.py:633} INFO - Processing file /home/airflow/.local/lib/python3.6/site-packages/airflow/example_dags/example_skip_dag.py for tasks to queue
[2021-08-18 09:27:46,128] {logging_mixin.py:104} INFO - [2021-08-18 09:27:46,128] {dagbag.py:487} INFO - Filling up the DagBag from /home/airflow/.local/lib/python3.6/site-packages/airflow/example_dags/example_skip_dag.py
[2021-08-18 09:27:46,142] {scheduler_job.py:643} INFO - DAG(s) dict_keys(['example_skip_dag']) retrieved from /home/airflow/.local/lib/python3.6/site-packages/airflow/example_dags/example_skip_dag.py
[2021-08-18 09:27:46,168] {logging_mixin.py:104} INFO - [2021-08-18 09:27:46,168] {dag.py:1832} INFO - Sync 1 DAGs
[2021-08-18 09:27:46,187] {logging_mixin.py:104} INFO - [2021-08-18 09:27:46,186] {dag.py:2305} INFO - Setting next_dagrun for example_skip_dag to 2021-08-16 00:00:00+00:00
[2021-08-18 09:27:46,198] {scheduler_job.py:190} INFO - Processing /home/airflow/.local/lib/python3.6/site-packages/airflow/example_dags/example_skip_dag.py took 0.078 seconds
[2021-08-18 09:28:17,145] {scheduler_job.py:182} INFO - Started process (PID=1560) to work on /home/airflow/.local/lib/python3.6/site-packages/airflow/example_dags/example_skip_dag.py
[2021-08-18 09:28:17,148] {scheduler_job.py:633} INFO - Processing file /home/airflow/.local/lib/python3.6/site-packages/airflow/example_dags/example_skip_dag.py for tasks to queue
[2021-08-18 09:28:17,151] {logging_mixin.py:104} INFO - [2021-08-18 09:28:17,151] {dagbag.py:487} INFO - Filling up the DagBag from /home/airflow/.local/lib/python3.6/site-packages/airflow/example_dags/example_skip_dag.py
[2021-08-18 09:28:17,170] {scheduler_job.py:643} INFO - DAG(s) dict_keys(['example_skip_dag']) retrieved from /home/airflow/.local/lib/python3.6/site-packages/airflow/example_dags/example_skip_dag.py
[2021-08-18 09:28:17,196] {logging_mixin.py:104} INFO - [2021-08-18 09:28:17,196] {dag.py:1832} INFO - Sync 1 DAGs
[2021-08-18 09:28:17,215] {logging_mixin.py:104} INFO - [2021-08-18 09:28:17,215] {dag.py:2305} INFO - Setting next_dagrun for example_skip_dag to 2021-08-16 00:00:00+00:00
[2021-08-18 09:28:17,230] {scheduler_job.py:190} INFO - Processing /home/airflow/.local/lib/python3.6/site-packages/airflow/example_dags/example_skip_dag.py took 0.090 seconds
[2021-08-18 09:28:48,132] {scheduler_job.py:182} INFO - Started process (PID=1622) to work on /home/airflow/.local/lib/python3.6/site-packages/airflow/example_dags/example_skip_dag.py
[2021-08-18 09:28:48,135] {scheduler_job.py:633} INFO - Processing file /home/airflow/.local/lib/python3.6/site-packages/airflow/example_dags/example_skip_dag.py for tasks to queue
[2021-08-18 09:28:48,136] {logging_mixin.py:104} INFO - [2021-08-18 09:28:48,136] {dagbag.py:487} INFO - Filling up the DagBag from /home/airflow/.local/lib/python3.6/site-packages/airflow/example_dags/example_skip_dag.py
[2021-08-18 09:28:48,149] {scheduler_job.py:643} INFO - DAG(s) dict_keys(['example_skip_dag']) retrieved from /home/airflow/.local/lib/python3.6/site-packages/airflow/example_dags/example_skip_dag.py
[2021-08-18 09:28:48,173] {logging_mixin.py:104} INFO - [2021-08-18 09:28:48,173] {dag.py:1832} INFO - Sync 1 DAGs
[2021-08-18 09:28:48,191] {logging_mixin.py:104} INFO - [2021-08-18 09:28:48,191] {dag.py:2305} INFO - Setting next_dagrun for example_skip_dag to 2021-08-16 00:00:00+00:00
[2021-08-18 09:28:48,203] {scheduler_job.py:190} INFO - Processing /home/airflow/.local/lib/python3.6/site-packages/airflow/example_dags/example_skip_dag.py took 0.075 seconds
[2021-08-18 09:29:19,266] {scheduler_job.py:182} INFO - Started process (PID=1700) to work on /home/airflow/.local/lib/python3.6/site-packages/airflow/example_dags/example_skip_dag.py
[2021-08-18 09:29:19,268] {scheduler_job.py:633} INFO - Processing file /home/airflow/.local/lib/python3.6/site-packages/airflow/example_dags/example_skip_dag.py for tasks to queue
[2021-08-18 09:29:19,269] {logging_mixin.py:104} INFO - [2021-08-18 09:29:19,269] {dagbag.py:487} INFO - Filling up the DagBag from /home/airflow/.local/lib/python3.6/site-packages/airflow/example_dags/example_skip_dag.py
[2021-08-18 09:29:19,283] {scheduler_job.py:643} INFO - DAG(s) dict_keys(['example_skip_dag']) retrieved from /home/airflow/.local/lib/python3.6/site-packages/airflow/example_dags/example_skip_dag.py
[2021-08-18 09:29:19,313] {logging_mixin.py:104} INFO - [2021-08-18 09:29:19,312] {dag.py:1832} INFO - Sync 1 DAGs
[2021-08-18 09:29:19,341] {logging_mixin.py:104} INFO - [2021-08-18 09:29:19,341] {dag.py:2305} INFO - Setting next_dagrun for example_skip_dag to 2021-08-16 00:00:00+00:00
[2021-08-18 09:29:19,359] {scheduler_job.py:190} INFO - Processing /home/airflow/.local/lib/python3.6/site-packages/airflow/example_dags/example_skip_dag.py took 0.097 seconds
[2021-08-18 09:29:50,612] {scheduler_job.py:182} INFO - Started process (PID=1776) to work on /home/airflow/.local/lib/python3.6/site-packages/airflow/example_dags/example_skip_dag.py
[2021-08-18 09:29:50,615] {scheduler_job.py:633} INFO - Processing file /home/airflow/.local/lib/python3.6/site-packages/airflow/example_dags/example_skip_dag.py for tasks to queue
[2021-08-18 09:29:50,616] {logging_mixin.py:104} INFO - [2021-08-18 09:29:50,616] {dagbag.py:487} INFO - Filling up the DagBag from /home/airflow/.local/lib/python3.6/site-packages/airflow/example_dags/example_skip_dag.py
[2021-08-18 09:29:50,635] {scheduler_job.py:643} INFO - DAG(s) dict_keys(['example_skip_dag']) retrieved from /home/airflow/.local/lib/python3.6/site-packages/airflow/example_dags/example_skip_dag.py
[2021-08-18 09:29:50,662] {logging_mixin.py:104} INFO - [2021-08-18 09:29:50,662] {dag.py:1832} INFO - Sync 1 DAGs
[2021-08-18 09:29:50,682] {logging_mixin.py:104} INFO - [2021-08-18 09:29:50,682] {dag.py:2305} INFO - Setting next_dagrun for example_skip_dag to 2021-08-16 00:00:00+00:00
[2021-08-18 09:29:50,694] {scheduler_job.py:190} INFO - Processing /home/airflow/.local/lib/python3.6/site-packages/airflow/example_dags/example_skip_dag.py took 0.086 seconds
[2021-08-18 09:30:21,745] {scheduler_job.py:182} INFO - Started process (PID=1847) to work on /home/airflow/.local/lib/python3.6/site-packages/airflow/example_dags/example_skip_dag.py
[2021-08-18 09:30:21,747] {scheduler_job.py:633} INFO - Processing file /home/airflow/.local/lib/python3.6/site-packages/airflow/example_dags/example_skip_dag.py for tasks to queue
[2021-08-18 09:30:21,748] {logging_mixin.py:104} INFO - [2021-08-18 09:30:21,748] {dagbag.py:487} INFO - Filling up the DagBag from /home/airflow/.local/lib/python3.6/site-packages/airflow/example_dags/example_skip_dag.py
[2021-08-18 09:30:21,763] {scheduler_job.py:643} INFO - DAG(s) dict_keys(['example_skip_dag']) retrieved from /home/airflow/.local/lib/python3.6/site-packages/airflow/example_dags/example_skip_dag.py
[2021-08-18 09:30:21,790] {logging_mixin.py:104} INFO - [2021-08-18 09:30:21,789] {dag.py:1832} INFO - Sync 1 DAGs
[2021-08-18 09:30:21,809] {logging_mixin.py:104} INFO - [2021-08-18 09:30:21,809] {dag.py:2305} INFO - Setting next_dagrun for example_skip_dag to 2021-08-16 00:00:00+00:00
[2021-08-18 09:30:21,820] {scheduler_job.py:190} INFO - Processing /home/airflow/.local/lib/python3.6/site-packages/airflow/example_dags/example_skip_dag.py took 0.079 seconds
[2021-08-18 09:30:51,980] {scheduler_job.py:182} INFO - Started process (PID=1914) to work on /home/airflow/.local/lib/python3.6/site-packages/airflow/example_dags/example_skip_dag.py
[2021-08-18 09:30:51,982] {scheduler_job.py:633} INFO - Processing file /home/airflow/.local/lib/python3.6/site-packages/airflow/example_dags/example_skip_dag.py for tasks to queue
[2021-08-18 09:30:51,983] {logging_mixin.py:104} INFO - [2021-08-18 09:30:51,983] {dagbag.py:487} INFO - Filling up the DagBag from /home/airflow/.local/lib/python3.6/site-packages/airflow/example_dags/example_skip_dag.py
[2021-08-18 09:30:51,995] {scheduler_job.py:643} INFO - DAG(s) dict_keys(['example_skip_dag']) retrieved from /home/airflow/.local/lib/python3.6/site-packages/airflow/example_dags/example_skip_dag.py
[2021-08-18 09:30:52,017] {logging_mixin.py:104} INFO - [2021-08-18 09:30:52,017] {dag.py:1832} INFO - Sync 1 DAGs
[2021-08-18 09:30:52,034] {logging_mixin.py:104} INFO - [2021-08-18 09:30:52,034] {dag.py:2305} INFO - Setting next_dagrun for example_skip_dag to 2021-08-16 00:00:00+00:00
[2021-08-18 09:30:52,043] {scheduler_job.py:190} INFO - Processing /home/airflow/.local/lib/python3.6/site-packages/airflow/example_dags/example_skip_dag.py took 0.067 seconds
[2021-08-18 09:31:22,874] {scheduler_job.py:182} INFO - Started process (PID=1991) to work on /home/airflow/.local/lib/python3.6/site-packages/airflow/example_dags/example_skip_dag.py
[2021-08-18 09:31:22,876] {scheduler_job.py:633} INFO - Processing file /home/airflow/.local/lib/python3.6/site-packages/airflow/example_dags/example_skip_dag.py for tasks to queue
[2021-08-18 09:31:22,877] {logging_mixin.py:104} INFO - [2021-08-18 09:31:22,877] {dagbag.py:487} INFO - Filling up the DagBag from /home/airflow/.local/lib/python3.6/site-packages/airflow/example_dags/example_skip_dag.py
[2021-08-18 09:31:22,889] {scheduler_job.py:643} INFO - DAG(s) dict_keys(['example_skip_dag']) retrieved from /home/airflow/.local/lib/python3.6/site-packages/airflow/example_dags/example_skip_dag.py
[2021-08-18 09:31:22,911] {logging_mixin.py:104} INFO - [2021-08-18 09:31:22,911] {dag.py:1832} INFO - Sync 1 DAGs
[2021-08-18 09:31:22,929] {logging_mixin.py:104} INFO - [2021-08-18 09:31:22,929] {dag.py:2305} INFO - Setting next_dagrun for example_skip_dag to 2021-08-16 00:00:00+00:00
[2021-08-18 09:31:22,939] {scheduler_job.py:190} INFO - Processing /home/airflow/.local/lib/python3.6/site-packages/airflow/example_dags/example_skip_dag.py took 0.069 seconds
[2021-08-18 09:31:53,910] {scheduler_job.py:182} INFO - Started process (PID=2054) to work on /home/airflow/.local/lib/python3.6/site-packages/airflow/example_dags/example_skip_dag.py
[2021-08-18 09:31:53,912] {scheduler_job.py:633} INFO - Processing file /home/airflow/.local/lib/python3.6/site-packages/airflow/example_dags/example_skip_dag.py for tasks to queue
[2021-08-18 09:31:53,913] {logging_mixin.py:104} INFO - [2021-08-18 09:31:53,913] {dagbag.py:487} INFO - Filling up the DagBag from /home/airflow/.local/lib/python3.6/site-packages/airflow/example_dags/example_skip_dag.py
[2021-08-18 09:31:53,926] {scheduler_job.py:643} INFO - DAG(s) dict_keys(['example_skip_dag']) retrieved from /home/airflow/.local/lib/python3.6/site-packages/airflow/example_dags/example_skip_dag.py
[2021-08-18 09:31:53,950] {logging_mixin.py:104} INFO - [2021-08-18 09:31:53,950] {dag.py:1832} INFO - Sync 1 DAGs
[2021-08-18 09:31:53,967] {logging_mixin.py:104} INFO - [2021-08-18 09:31:53,967] {dag.py:2305} INFO - Setting next_dagrun for example_skip_dag to 2021-08-16 00:00:00+00:00
[2021-08-18 09:31:53,977] {scheduler_job.py:190} INFO - Processing /home/airflow/.local/lib/python3.6/site-packages/airflow/example_dags/example_skip_dag.py took 0.071 seconds
[2021-08-18 09:32:24,422] {scheduler_job.py:182} INFO - Started process (PID=2133) to work on /home/airflow/.local/lib/python3.6/site-packages/airflow/example_dags/example_skip_dag.py
[2021-08-18 09:32:24,424] {scheduler_job.py:633} INFO - Processing file /home/airflow/.local/lib/python3.6/site-packages/airflow/example_dags/example_skip_dag.py for tasks to queue
[2021-08-18 09:32:24,425] {logging_mixin.py:104} INFO - [2021-08-18 09:32:24,425] {dagbag.py:487} INFO - Filling up the DagBag from /home/airflow/.local/lib/python3.6/site-packages/airflow/example_dags/example_skip_dag.py
[2021-08-18 09:32:24,438] {scheduler_job.py:643} INFO - DAG(s) dict_keys(['example_skip_dag']) retrieved from /home/airflow/.local/lib/python3.6/site-packages/airflow/example_dags/example_skip_dag.py
[2021-08-18 09:32:24,460] {logging_mixin.py:104} INFO - [2021-08-18 09:32:24,460] {dag.py:1832} INFO - Sync 1 DAGs
[2021-08-18 09:32:24,477] {logging_mixin.py:104} INFO - [2021-08-18 09:32:24,476] {dag.py:2305} INFO - Setting next_dagrun for example_skip_dag to 2021-08-16 00:00:00+00:00
[2021-08-18 09:32:24,487] {scheduler_job.py:190} INFO - Processing /home/airflow/.local/lib/python3.6/site-packages/airflow/example_dags/example_skip_dag.py took 0.068 seconds
[2021-08-18 09:32:55,416] {scheduler_job.py:182} INFO - Started process (PID=2209) to work on /home/airflow/.local/lib/python3.6/site-packages/airflow/example_dags/example_skip_dag.py
[2021-08-18 09:32:55,418] {scheduler_job.py:633} INFO - Processing file /home/airflow/.local/lib/python3.6/site-packages/airflow/example_dags/example_skip_dag.py for tasks to queue
[2021-08-18 09:32:55,419] {logging_mixin.py:104} INFO - [2021-08-18 09:32:55,419] {dagbag.py:487} INFO - Filling up the DagBag from /home/airflow/.local/lib/python3.6/site-packages/airflow/example_dags/example_skip_dag.py
[2021-08-18 09:32:55,431] {scheduler_job.py:643} INFO - DAG(s) dict_keys(['example_skip_dag']) retrieved from /home/airflow/.local/lib/python3.6/site-packages/airflow/example_dags/example_skip_dag.py
[2021-08-18 09:32:55,453] {logging_mixin.py:104} INFO - [2021-08-18 09:32:55,453] {dag.py:1832} INFO - Sync 1 DAGs
[2021-08-18 09:32:55,468] {logging_mixin.py:104} INFO - [2021-08-18 09:32:55,468] {dag.py:2305} INFO - Setting next_dagrun for example_skip_dag to 2021-08-16 00:00:00+00:00
[2021-08-18 09:32:55,478] {scheduler_job.py:190} INFO - Processing /home/airflow/.local/lib/python3.6/site-packages/airflow/example_dags/example_skip_dag.py took 0.065 seconds
