[2021-08-18 09:01:54,042] {scheduler_job.py:182} INFO - Started process (PID=71) to work on /home/airflow/.local/lib/python3.6/site-packages/airflow/example_dags/example_branch_operator.py
[2021-08-18 09:01:54,049] {scheduler_job.py:633} INFO - Processing file /home/airflow/.local/lib/python3.6/site-packages/airflow/example_dags/example_branch_operator.py for tasks to queue
[2021-08-18 09:01:54,056] {logging_mixin.py:104} INFO - [2021-08-18 09:01:54,054] {dagbag.py:487} INFO - Filling up the DagBag from /home/airflow/.local/lib/python3.6/site-packages/airflow/example_dags/example_branch_operator.py
[2021-08-18 09:01:54,161] {scheduler_job.py:643} INFO - DAG(s) dict_keys(['example_branch_operator']) retrieved from /home/airflow/.local/lib/python3.6/site-packages/airflow/example_dags/example_branch_operator.py
[2021-08-18 09:01:57,512] {logging_mixin.py:104} INFO - [2021-08-18 09:01:57,511] {dag.py:1832} INFO - Sync 1 DAGs
[2021-08-18 09:01:57,526] {logging_mixin.py:104} INFO - [2021-08-18 09:01:57,525] {dag.py:1851} INFO - Creating ORM DAG for example_branch_operator
[2021-08-18 09:01:57,538] {logging_mixin.py:104} INFO - [2021-08-18 09:01:57,538] {dag.py:2305} INFO - Setting next_dagrun for example_branch_operator to 2021-08-16 00:00:00+00:00
[2021-08-18 09:01:57,553] {scheduler_job.py:190} INFO - Processing /home/airflow/.local/lib/python3.6/site-packages/airflow/example_dags/example_branch_operator.py took 3.541 seconds
[2021-08-18 09:02:45,743] {scheduler_job.py:182} INFO - Started process (PID=162) to work on /home/airflow/.local/lib/python3.6/site-packages/airflow/example_dags/example_branch_operator.py
[2021-08-18 09:02:45,745] {scheduler_job.py:633} INFO - Processing file /home/airflow/.local/lib/python3.6/site-packages/airflow/example_dags/example_branch_operator.py for tasks to queue
[2021-08-18 09:02:45,746] {logging_mixin.py:104} INFO - [2021-08-18 09:02:45,746] {dagbag.py:487} INFO - Filling up the DagBag from /home/airflow/.local/lib/python3.6/site-packages/airflow/example_dags/example_branch_operator.py
[2021-08-18 09:02:45,772] {scheduler_job.py:643} INFO - DAG(s) dict_keys(['example_branch_operator']) retrieved from /home/airflow/.local/lib/python3.6/site-packages/airflow/example_dags/example_branch_operator.py
[2021-08-18 09:02:45,833] {logging_mixin.py:104} INFO - [2021-08-18 09:02:45,833] {dag.py:1832} INFO - Sync 1 DAGs
[2021-08-18 09:02:45,857] {logging_mixin.py:104} INFO - [2021-08-18 09:02:45,857] {dag.py:2305} INFO - Setting next_dagrun for example_branch_operator to 2021-08-16 00:00:00+00:00
[2021-08-18 09:02:45,868] {scheduler_job.py:190} INFO - Processing /home/airflow/.local/lib/python3.6/site-packages/airflow/example_dags/example_branch_operator.py took 0.130 seconds
[2021-08-18 09:03:16,453] {scheduler_job.py:182} INFO - Started process (PID=241) to work on /home/airflow/.local/lib/python3.6/site-packages/airflow/example_dags/example_branch_operator.py
[2021-08-18 09:03:16,454] {scheduler_job.py:633} INFO - Processing file /home/airflow/.local/lib/python3.6/site-packages/airflow/example_dags/example_branch_operator.py for tasks to queue
[2021-08-18 09:03:16,456] {logging_mixin.py:104} INFO - [2021-08-18 09:03:16,456] {dagbag.py:487} INFO - Filling up the DagBag from /home/airflow/.local/lib/python3.6/site-packages/airflow/example_dags/example_branch_operator.py
[2021-08-18 09:03:16,477] {scheduler_job.py:643} INFO - DAG(s) dict_keys(['example_branch_operator']) retrieved from /home/airflow/.local/lib/python3.6/site-packages/airflow/example_dags/example_branch_operator.py
[2021-08-18 09:03:16,504] {logging_mixin.py:104} INFO - [2021-08-18 09:03:16,504] {dag.py:1832} INFO - Sync 1 DAGs
[2021-08-18 09:03:16,524] {logging_mixin.py:104} INFO - [2021-08-18 09:03:16,524] {dag.py:2305} INFO - Setting next_dagrun for example_branch_operator to 2021-08-16 00:00:00+00:00
[2021-08-18 09:03:16,536] {scheduler_job.py:190} INFO - Processing /home/airflow/.local/lib/python3.6/site-packages/airflow/example_dags/example_branch_operator.py took 0.089 seconds
[2021-08-18 09:03:46,977] {scheduler_job.py:182} INFO - Started process (PID=312) to work on /home/airflow/.local/lib/python3.6/site-packages/airflow/example_dags/example_branch_operator.py
[2021-08-18 09:03:46,980] {scheduler_job.py:633} INFO - Processing file /home/airflow/.local/lib/python3.6/site-packages/airflow/example_dags/example_branch_operator.py for tasks to queue
[2021-08-18 09:03:46,982] {logging_mixin.py:104} INFO - [2021-08-18 09:03:46,982] {dagbag.py:487} INFO - Filling up the DagBag from /home/airflow/.local/lib/python3.6/site-packages/airflow/example_dags/example_branch_operator.py
[2021-08-18 09:03:47,011] {scheduler_job.py:643} INFO - DAG(s) dict_keys(['example_branch_operator']) retrieved from /home/airflow/.local/lib/python3.6/site-packages/airflow/example_dags/example_branch_operator.py
[2021-08-18 09:03:47,070] {logging_mixin.py:104} INFO - [2021-08-18 09:03:47,070] {dag.py:1832} INFO - Sync 1 DAGs
[2021-08-18 09:03:47,106] {logging_mixin.py:104} INFO - [2021-08-18 09:03:47,106] {dag.py:2305} INFO - Setting next_dagrun for example_branch_operator to 2021-08-16 00:00:00+00:00
[2021-08-18 09:03:47,125] {scheduler_job.py:190} INFO - Processing /home/airflow/.local/lib/python3.6/site-packages/airflow/example_dags/example_branch_operator.py took 0.153 seconds
[2021-08-18 09:04:17,503] {scheduler_job.py:182} INFO - Started process (PID=383) to work on /home/airflow/.local/lib/python3.6/site-packages/airflow/example_dags/example_branch_operator.py
[2021-08-18 09:04:17,505] {scheduler_job.py:633} INFO - Processing file /home/airflow/.local/lib/python3.6/site-packages/airflow/example_dags/example_branch_operator.py for tasks to queue
[2021-08-18 09:04:17,506] {logging_mixin.py:104} INFO - [2021-08-18 09:04:17,506] {dagbag.py:487} INFO - Filling up the DagBag from /home/airflow/.local/lib/python3.6/site-packages/airflow/example_dags/example_branch_operator.py
[2021-08-18 09:04:17,521] {scheduler_job.py:643} INFO - DAG(s) dict_keys(['example_branch_operator']) retrieved from /home/airflow/.local/lib/python3.6/site-packages/airflow/example_dags/example_branch_operator.py
[2021-08-18 09:04:17,544] {logging_mixin.py:104} INFO - [2021-08-18 09:04:17,544] {dag.py:1832} INFO - Sync 1 DAGs
[2021-08-18 09:04:17,571] {logging_mixin.py:104} INFO - [2021-08-18 09:04:17,571] {dag.py:2305} INFO - Setting next_dagrun for example_branch_operator to 2021-08-16 00:00:00+00:00
[2021-08-18 09:04:17,585] {scheduler_job.py:190} INFO - Processing /home/airflow/.local/lib/python3.6/site-packages/airflow/example_dags/example_branch_operator.py took 0.086 seconds
[2021-08-18 09:04:48,066] {scheduler_job.py:182} INFO - Started process (PID=446) to work on /home/airflow/.local/lib/python3.6/site-packages/airflow/example_dags/example_branch_operator.py
[2021-08-18 09:04:48,069] {scheduler_job.py:633} INFO - Processing file /home/airflow/.local/lib/python3.6/site-packages/airflow/example_dags/example_branch_operator.py for tasks to queue
[2021-08-18 09:04:48,071] {logging_mixin.py:104} INFO - [2021-08-18 09:04:48,071] {dagbag.py:487} INFO - Filling up the DagBag from /home/airflow/.local/lib/python3.6/site-packages/airflow/example_dags/example_branch_operator.py
[2021-08-18 09:04:48,102] {scheduler_job.py:643} INFO - DAG(s) dict_keys(['example_branch_operator']) retrieved from /home/airflow/.local/lib/python3.6/site-packages/airflow/example_dags/example_branch_operator.py
[2021-08-18 09:04:48,141] {logging_mixin.py:104} INFO - [2021-08-18 09:04:48,141] {dag.py:1832} INFO - Sync 1 DAGs
[2021-08-18 09:04:48,169] {logging_mixin.py:104} INFO - [2021-08-18 09:04:48,168] {dag.py:2305} INFO - Setting next_dagrun for example_branch_operator to 2021-08-16 00:00:00+00:00
[2021-08-18 09:04:48,185] {scheduler_job.py:190} INFO - Processing /home/airflow/.local/lib/python3.6/site-packages/airflow/example_dags/example_branch_operator.py took 0.125 seconds
[2021-08-18 09:05:18,405] {scheduler_job.py:182} INFO - Started process (PID=506) to work on /home/airflow/.local/lib/python3.6/site-packages/airflow/example_dags/example_branch_operator.py
[2021-08-18 09:05:18,407] {scheduler_job.py:633} INFO - Processing file /home/airflow/.local/lib/python3.6/site-packages/airflow/example_dags/example_branch_operator.py for tasks to queue
[2021-08-18 09:05:18,409] {logging_mixin.py:104} INFO - [2021-08-18 09:05:18,409] {dagbag.py:487} INFO - Filling up the DagBag from /home/airflow/.local/lib/python3.6/site-packages/airflow/example_dags/example_branch_operator.py
[2021-08-18 09:05:18,428] {scheduler_job.py:643} INFO - DAG(s) dict_keys(['example_branch_operator']) retrieved from /home/airflow/.local/lib/python3.6/site-packages/airflow/example_dags/example_branch_operator.py
[2021-08-18 09:05:18,453] {logging_mixin.py:104} INFO - [2021-08-18 09:05:18,453] {dag.py:1832} INFO - Sync 1 DAGs
[2021-08-18 09:05:18,476] {logging_mixin.py:104} INFO - [2021-08-18 09:05:18,475] {dag.py:2305} INFO - Setting next_dagrun for example_branch_operator to 2021-08-16 00:00:00+00:00
[2021-08-18 09:05:18,487] {scheduler_job.py:190} INFO - Processing /home/airflow/.local/lib/python3.6/site-packages/airflow/example_dags/example_branch_operator.py took 0.086 seconds
[2021-08-18 09:05:49,259] {scheduler_job.py:182} INFO - Started process (PID=578) to work on /home/airflow/.local/lib/python3.6/site-packages/airflow/example_dags/example_branch_operator.py
[2021-08-18 09:05:49,261] {scheduler_job.py:633} INFO - Processing file /home/airflow/.local/lib/python3.6/site-packages/airflow/example_dags/example_branch_operator.py for tasks to queue
[2021-08-18 09:05:49,262] {logging_mixin.py:104} INFO - [2021-08-18 09:05:49,262] {dagbag.py:487} INFO - Filling up the DagBag from /home/airflow/.local/lib/python3.6/site-packages/airflow/example_dags/example_branch_operator.py
[2021-08-18 09:05:49,285] {scheduler_job.py:643} INFO - DAG(s) dict_keys(['example_branch_operator']) retrieved from /home/airflow/.local/lib/python3.6/site-packages/airflow/example_dags/example_branch_operator.py
[2021-08-18 09:05:49,309] {logging_mixin.py:104} INFO - [2021-08-18 09:05:49,309] {dag.py:1832} INFO - Sync 1 DAGs
[2021-08-18 09:05:49,331] {logging_mixin.py:104} INFO - [2021-08-18 09:05:49,330] {dag.py:2305} INFO - Setting next_dagrun for example_branch_operator to 2021-08-16 00:00:00+00:00
[2021-08-18 09:05:49,342] {scheduler_job.py:190} INFO - Processing /home/airflow/.local/lib/python3.6/site-packages/airflow/example_dags/example_branch_operator.py took 0.088 seconds
[2021-08-18 09:06:22,971] {scheduler_job.py:182} INFO - Started process (PID=637) to work on /home/airflow/.local/lib/python3.6/site-packages/airflow/example_dags/example_branch_operator.py
[2021-08-18 09:06:22,973] {scheduler_job.py:633} INFO - Processing file /home/airflow/.local/lib/python3.6/site-packages/airflow/example_dags/example_branch_operator.py for tasks to queue
[2021-08-18 09:06:22,975] {logging_mixin.py:104} INFO - [2021-08-18 09:06:22,975] {dagbag.py:487} INFO - Filling up the DagBag from /home/airflow/.local/lib/python3.6/site-packages/airflow/example_dags/example_branch_operator.py
[2021-08-18 09:06:23,006] {scheduler_job.py:643} INFO - DAG(s) dict_keys(['example_branch_operator']) retrieved from /home/airflow/.local/lib/python3.6/site-packages/airflow/example_dags/example_branch_operator.py
[2021-08-18 09:06:23,060] {logging_mixin.py:104} INFO - [2021-08-18 09:06:23,059] {dag.py:1832} INFO - Sync 1 DAGs
[2021-08-18 09:06:23,094] {logging_mixin.py:104} INFO - [2021-08-18 09:06:23,094] {dag.py:2305} INFO - Setting next_dagrun for example_branch_operator to 2021-08-16 00:00:00+00:00
[2021-08-18 09:06:23,111] {scheduler_job.py:190} INFO - Processing /home/airflow/.local/lib/python3.6/site-packages/airflow/example_dags/example_branch_operator.py took 0.146 seconds
[2021-08-18 09:06:53,552] {scheduler_job.py:182} INFO - Started process (PID=703) to work on /home/airflow/.local/lib/python3.6/site-packages/airflow/example_dags/example_branch_operator.py
[2021-08-18 09:06:53,554] {scheduler_job.py:633} INFO - Processing file /home/airflow/.local/lib/python3.6/site-packages/airflow/example_dags/example_branch_operator.py for tasks to queue
[2021-08-18 09:06:53,556] {logging_mixin.py:104} INFO - [2021-08-18 09:06:53,555] {dagbag.py:487} INFO - Filling up the DagBag from /home/airflow/.local/lib/python3.6/site-packages/airflow/example_dags/example_branch_operator.py
[2021-08-18 09:06:53,576] {scheduler_job.py:643} INFO - DAG(s) dict_keys(['example_branch_operator']) retrieved from /home/airflow/.local/lib/python3.6/site-packages/airflow/example_dags/example_branch_operator.py
[2021-08-18 09:06:53,600] {logging_mixin.py:104} INFO - [2021-08-18 09:06:53,600] {dag.py:1832} INFO - Sync 1 DAGs
[2021-08-18 09:06:53,620] {logging_mixin.py:104} INFO - [2021-08-18 09:06:53,620] {dag.py:2305} INFO - Setting next_dagrun for example_branch_operator to 2021-08-16 00:00:00+00:00
[2021-08-18 09:06:53,630] {scheduler_job.py:190} INFO - Processing /home/airflow/.local/lib/python3.6/site-packages/airflow/example_dags/example_branch_operator.py took 0.082 seconds
[2021-08-18 09:07:26,093] {scheduler_job.py:182} INFO - Started process (PID=764) to work on /home/airflow/.local/lib/python3.6/site-packages/airflow/example_dags/example_branch_operator.py
[2021-08-18 09:07:26,098] {scheduler_job.py:633} INFO - Processing file /home/airflow/.local/lib/python3.6/site-packages/airflow/example_dags/example_branch_operator.py for tasks to queue
[2021-08-18 09:07:26,099] {logging_mixin.py:104} INFO - [2021-08-18 09:07:26,099] {dagbag.py:487} INFO - Filling up the DagBag from /home/airflow/.local/lib/python3.6/site-packages/airflow/example_dags/example_branch_operator.py
[2021-08-18 09:07:26,135] {scheduler_job.py:643} INFO - DAG(s) dict_keys(['example_branch_operator']) retrieved from /home/airflow/.local/lib/python3.6/site-packages/airflow/example_dags/example_branch_operator.py
[2021-08-18 09:07:26,165] {logging_mixin.py:104} INFO - [2021-08-18 09:07:26,165] {dag.py:1832} INFO - Sync 1 DAGs
[2021-08-18 09:07:26,192] {logging_mixin.py:104} INFO - [2021-08-18 09:07:26,191] {dag.py:2305} INFO - Setting next_dagrun for example_branch_operator to 2021-08-16 00:00:00+00:00
[2021-08-18 09:07:26,216] {scheduler_job.py:190} INFO - Processing /home/airflow/.local/lib/python3.6/site-packages/airflow/example_dags/example_branch_operator.py took 0.128 seconds
[2021-08-18 09:07:57,105] {scheduler_job.py:182} INFO - Started process (PID=841) to work on /home/airflow/.local/lib/python3.6/site-packages/airflow/example_dags/example_branch_operator.py
[2021-08-18 09:07:57,107] {scheduler_job.py:633} INFO - Processing file /home/airflow/.local/lib/python3.6/site-packages/airflow/example_dags/example_branch_operator.py for tasks to queue
[2021-08-18 09:07:57,108] {logging_mixin.py:104} INFO - [2021-08-18 09:07:57,108] {dagbag.py:487} INFO - Filling up the DagBag from /home/airflow/.local/lib/python3.6/site-packages/airflow/example_dags/example_branch_operator.py
[2021-08-18 09:07:57,127] {scheduler_job.py:643} INFO - DAG(s) dict_keys(['example_branch_operator']) retrieved from /home/airflow/.local/lib/python3.6/site-packages/airflow/example_dags/example_branch_operator.py
[2021-08-18 09:07:57,152] {logging_mixin.py:104} INFO - [2021-08-18 09:07:57,152] {dag.py:1832} INFO - Sync 1 DAGs
[2021-08-18 09:07:57,175] {logging_mixin.py:104} INFO - [2021-08-18 09:07:57,175] {dag.py:2305} INFO - Setting next_dagrun for example_branch_operator to 2021-08-16 00:00:00+00:00
[2021-08-18 09:07:57,188] {scheduler_job.py:190} INFO - Processing /home/airflow/.local/lib/python3.6/site-packages/airflow/example_dags/example_branch_operator.py took 0.087 seconds
[2021-08-18 09:08:27,755] {scheduler_job.py:182} INFO - Started process (PID=872) to work on /home/airflow/.local/lib/python3.6/site-packages/airflow/example_dags/example_branch_operator.py
[2021-08-18 09:08:27,759] {scheduler_job.py:633} INFO - Processing file /home/airflow/.local/lib/python3.6/site-packages/airflow/example_dags/example_branch_operator.py for tasks to queue
[2021-08-18 09:08:27,761] {logging_mixin.py:104} INFO - [2021-08-18 09:08:27,761] {dagbag.py:487} INFO - Filling up the DagBag from /home/airflow/.local/lib/python3.6/site-packages/airflow/example_dags/example_branch_operator.py
[2021-08-18 09:08:27,860] {scheduler_job.py:643} INFO - DAG(s) dict_keys(['example_branch_operator']) retrieved from /home/airflow/.local/lib/python3.6/site-packages/airflow/example_dags/example_branch_operator.py
[2021-08-18 09:08:27,915] {logging_mixin.py:104} INFO - [2021-08-18 09:08:27,914] {dag.py:1832} INFO - Sync 1 DAGs
[2021-08-18 09:08:27,947] {logging_mixin.py:104} INFO - [2021-08-18 09:08:27,947] {dag.py:2305} INFO - Setting next_dagrun for example_branch_operator to 2021-08-16 00:00:00+00:00
[2021-08-18 09:08:27,967] {scheduler_job.py:190} INFO - Processing /home/airflow/.local/lib/python3.6/site-packages/airflow/example_dags/example_branch_operator.py took 0.220 seconds
[2021-08-18 09:08:58,847] {scheduler_job.py:182} INFO - Started process (PID=935) to work on /home/airflow/.local/lib/python3.6/site-packages/airflow/example_dags/example_branch_operator.py
[2021-08-18 09:08:58,849] {scheduler_job.py:633} INFO - Processing file /home/airflow/.local/lib/python3.6/site-packages/airflow/example_dags/example_branch_operator.py for tasks to queue
[2021-08-18 09:08:58,851] {logging_mixin.py:104} INFO - [2021-08-18 09:08:58,850] {dagbag.py:487} INFO - Filling up the DagBag from /home/airflow/.local/lib/python3.6/site-packages/airflow/example_dags/example_branch_operator.py
[2021-08-18 09:08:58,871] {scheduler_job.py:643} INFO - DAG(s) dict_keys(['example_branch_operator']) retrieved from /home/airflow/.local/lib/python3.6/site-packages/airflow/example_dags/example_branch_operator.py
[2021-08-18 09:08:58,898] {logging_mixin.py:104} INFO - [2021-08-18 09:08:58,898] {dag.py:1832} INFO - Sync 1 DAGs
[2021-08-18 09:08:58,923] {logging_mixin.py:104} INFO - [2021-08-18 09:08:58,923] {dag.py:2305} INFO - Setting next_dagrun for example_branch_operator to 2021-08-16 00:00:00+00:00
[2021-08-18 09:08:58,937] {scheduler_job.py:190} INFO - Processing /home/airflow/.local/lib/python3.6/site-packages/airflow/example_dags/example_branch_operator.py took 0.095 seconds
[2021-08-18 09:09:29,137] {scheduler_job.py:182} INFO - Started process (PID=1012) to work on /home/airflow/.local/lib/python3.6/site-packages/airflow/example_dags/example_branch_operator.py
[2021-08-18 09:09:29,139] {scheduler_job.py:633} INFO - Processing file /home/airflow/.local/lib/python3.6/site-packages/airflow/example_dags/example_branch_operator.py for tasks to queue
[2021-08-18 09:09:29,140] {logging_mixin.py:104} INFO - [2021-08-18 09:09:29,140] {dagbag.py:487} INFO - Filling up the DagBag from /home/airflow/.local/lib/python3.6/site-packages/airflow/example_dags/example_branch_operator.py
[2021-08-18 09:09:29,160] {scheduler_job.py:643} INFO - DAG(s) dict_keys(['example_branch_operator']) retrieved from /home/airflow/.local/lib/python3.6/site-packages/airflow/example_dags/example_branch_operator.py
[2021-08-18 09:09:29,186] {logging_mixin.py:104} INFO - [2021-08-18 09:09:29,185] {dag.py:1832} INFO - Sync 1 DAGs
[2021-08-18 09:09:29,209] {logging_mixin.py:104} INFO - [2021-08-18 09:09:29,209] {dag.py:2305} INFO - Setting next_dagrun for example_branch_operator to 2021-08-16 00:00:00+00:00
[2021-08-18 09:09:29,222] {scheduler_job.py:190} INFO - Processing /home/airflow/.local/lib/python3.6/site-packages/airflow/example_dags/example_branch_operator.py took 0.089 seconds
[2021-08-18 09:09:59,297] {scheduler_job.py:182} INFO - Started process (PID=1073) to work on /home/airflow/.local/lib/python3.6/site-packages/airflow/example_dags/example_branch_operator.py
[2021-08-18 09:09:59,299] {scheduler_job.py:633} INFO - Processing file /home/airflow/.local/lib/python3.6/site-packages/airflow/example_dags/example_branch_operator.py for tasks to queue
[2021-08-18 09:09:59,300] {logging_mixin.py:104} INFO - [2021-08-18 09:09:59,300] {dagbag.py:487} INFO - Filling up the DagBag from /home/airflow/.local/lib/python3.6/site-packages/airflow/example_dags/example_branch_operator.py
[2021-08-18 09:09:59,315] {scheduler_job.py:643} INFO - DAG(s) dict_keys(['example_branch_operator']) retrieved from /home/airflow/.local/lib/python3.6/site-packages/airflow/example_dags/example_branch_operator.py
[2021-08-18 09:09:59,335] {logging_mixin.py:104} INFO - [2021-08-18 09:09:59,334] {dag.py:1832} INFO - Sync 1 DAGs
[2021-08-18 09:09:59,351] {logging_mixin.py:104} INFO - [2021-08-18 09:09:59,351] {dag.py:2305} INFO - Setting next_dagrun for example_branch_operator to 2021-08-16 00:00:00+00:00
[2021-08-18 09:09:59,360] {scheduler_job.py:190} INFO - Processing /home/airflow/.local/lib/python3.6/site-packages/airflow/example_dags/example_branch_operator.py took 0.067 seconds
[2021-08-18 09:10:29,909] {scheduler_job.py:182} INFO - Started process (PID=1151) to work on /home/airflow/.local/lib/python3.6/site-packages/airflow/example_dags/example_branch_operator.py
[2021-08-18 09:10:29,911] {scheduler_job.py:633} INFO - Processing file /home/airflow/.local/lib/python3.6/site-packages/airflow/example_dags/example_branch_operator.py for tasks to queue
[2021-08-18 09:10:29,912] {logging_mixin.py:104} INFO - [2021-08-18 09:10:29,912] {dagbag.py:487} INFO - Filling up the DagBag from /home/airflow/.local/lib/python3.6/site-packages/airflow/example_dags/example_branch_operator.py
[2021-08-18 09:10:29,930] {scheduler_job.py:643} INFO - DAG(s) dict_keys(['example_branch_operator']) retrieved from /home/airflow/.local/lib/python3.6/site-packages/airflow/example_dags/example_branch_operator.py
[2021-08-18 09:10:29,958] {logging_mixin.py:104} INFO - [2021-08-18 09:10:29,958] {dag.py:1832} INFO - Sync 1 DAGs
[2021-08-18 09:10:29,979] {logging_mixin.py:104} INFO - [2021-08-18 09:10:29,979] {dag.py:2305} INFO - Setting next_dagrun for example_branch_operator to 2021-08-16 00:00:00+00:00
[2021-08-18 09:10:29,990] {scheduler_job.py:190} INFO - Processing /home/airflow/.local/lib/python3.6/site-packages/airflow/example_dags/example_branch_operator.py took 0.084 seconds
[2021-08-18 09:11:00,068] {scheduler_job.py:182} INFO - Started process (PID=1212) to work on /home/airflow/.local/lib/python3.6/site-packages/airflow/example_dags/example_branch_operator.py
[2021-08-18 09:11:00,070] {scheduler_job.py:633} INFO - Processing file /home/airflow/.local/lib/python3.6/site-packages/airflow/example_dags/example_branch_operator.py for tasks to queue
[2021-08-18 09:11:00,071] {logging_mixin.py:104} INFO - [2021-08-18 09:11:00,071] {dagbag.py:487} INFO - Filling up the DagBag from /home/airflow/.local/lib/python3.6/site-packages/airflow/example_dags/example_branch_operator.py
[2021-08-18 09:11:00,092] {scheduler_job.py:643} INFO - DAG(s) dict_keys(['example_branch_operator']) retrieved from /home/airflow/.local/lib/python3.6/site-packages/airflow/example_dags/example_branch_operator.py
[2021-08-18 09:11:00,116] {logging_mixin.py:104} INFO - [2021-08-18 09:11:00,116] {dag.py:1832} INFO - Sync 1 DAGs
[2021-08-18 09:11:00,138] {logging_mixin.py:104} INFO - [2021-08-18 09:11:00,137] {dag.py:2305} INFO - Setting next_dagrun for example_branch_operator to 2021-08-16 00:00:00+00:00
[2021-08-18 09:11:00,149] {scheduler_job.py:190} INFO - Processing /home/airflow/.local/lib/python3.6/site-packages/airflow/example_dags/example_branch_operator.py took 0.086 seconds
[2021-08-18 09:11:30,785] {scheduler_job.py:182} INFO - Started process (PID=1291) to work on /home/airflow/.local/lib/python3.6/site-packages/airflow/example_dags/example_branch_operator.py
[2021-08-18 09:11:30,788] {scheduler_job.py:633} INFO - Processing file /home/airflow/.local/lib/python3.6/site-packages/airflow/example_dags/example_branch_operator.py for tasks to queue
[2021-08-18 09:11:30,789] {logging_mixin.py:104} INFO - [2021-08-18 09:11:30,789] {dagbag.py:487} INFO - Filling up the DagBag from /home/airflow/.local/lib/python3.6/site-packages/airflow/example_dags/example_branch_operator.py
[2021-08-18 09:11:30,809] {scheduler_job.py:643} INFO - DAG(s) dict_keys(['example_branch_operator']) retrieved from /home/airflow/.local/lib/python3.6/site-packages/airflow/example_dags/example_branch_operator.py
[2021-08-18 09:11:30,844] {logging_mixin.py:104} INFO - [2021-08-18 09:11:30,844] {dag.py:1832} INFO - Sync 1 DAGs
[2021-08-18 09:11:30,867] {logging_mixin.py:104} INFO - [2021-08-18 09:11:30,867] {dag.py:2305} INFO - Setting next_dagrun for example_branch_operator to 2021-08-16 00:00:00+00:00
[2021-08-18 09:11:30,880] {scheduler_job.py:190} INFO - Processing /home/airflow/.local/lib/python3.6/site-packages/airflow/example_dags/example_branch_operator.py took 0.100 seconds
[2021-08-18 09:12:01,347] {scheduler_job.py:182} INFO - Started process (PID=1363) to work on /home/airflow/.local/lib/python3.6/site-packages/airflow/example_dags/example_branch_operator.py
[2021-08-18 09:12:01,348] {scheduler_job.py:633} INFO - Processing file /home/airflow/.local/lib/python3.6/site-packages/airflow/example_dags/example_branch_operator.py for tasks to queue
[2021-08-18 09:12:01,349] {logging_mixin.py:104} INFO - [2021-08-18 09:12:01,349] {dagbag.py:487} INFO - Filling up the DagBag from /home/airflow/.local/lib/python3.6/site-packages/airflow/example_dags/example_branch_operator.py
[2021-08-18 09:12:01,367] {scheduler_job.py:643} INFO - DAG(s) dict_keys(['example_branch_operator']) retrieved from /home/airflow/.local/lib/python3.6/site-packages/airflow/example_dags/example_branch_operator.py
[2021-08-18 09:12:01,390] {logging_mixin.py:104} INFO - [2021-08-18 09:12:01,390] {dag.py:1832} INFO - Sync 1 DAGs
[2021-08-18 09:12:01,410] {logging_mixin.py:104} INFO - [2021-08-18 09:12:01,410] {dag.py:2305} INFO - Setting next_dagrun for example_branch_operator to 2021-08-16 00:00:00+00:00
[2021-08-18 09:12:01,419] {scheduler_job.py:190} INFO - Processing /home/airflow/.local/lib/python3.6/site-packages/airflow/example_dags/example_branch_operator.py took 0.077 seconds
[2021-08-18 09:12:32,044] {scheduler_job.py:182} INFO - Started process (PID=1430) to work on /home/airflow/.local/lib/python3.6/site-packages/airflow/example_dags/example_branch_operator.py
[2021-08-18 09:12:32,046] {scheduler_job.py:633} INFO - Processing file /home/airflow/.local/lib/python3.6/site-packages/airflow/example_dags/example_branch_operator.py for tasks to queue
[2021-08-18 09:12:32,047] {logging_mixin.py:104} INFO - [2021-08-18 09:12:32,047] {dagbag.py:487} INFO - Filling up the DagBag from /home/airflow/.local/lib/python3.6/site-packages/airflow/example_dags/example_branch_operator.py
[2021-08-18 09:12:32,064] {scheduler_job.py:643} INFO - DAG(s) dict_keys(['example_branch_operator']) retrieved from /home/airflow/.local/lib/python3.6/site-packages/airflow/example_dags/example_branch_operator.py
[2021-08-18 09:12:32,088] {logging_mixin.py:104} INFO - [2021-08-18 09:12:32,087] {dag.py:1832} INFO - Sync 1 DAGs
[2021-08-18 09:12:32,107] {logging_mixin.py:104} INFO - [2021-08-18 09:12:32,107] {dag.py:2305} INFO - Setting next_dagrun for example_branch_operator to 2021-08-16 00:00:00+00:00
[2021-08-18 09:12:32,117] {scheduler_job.py:190} INFO - Processing /home/airflow/.local/lib/python3.6/site-packages/airflow/example_dags/example_branch_operator.py took 0.077 seconds
[2021-08-18 09:13:02,642] {scheduler_job.py:182} INFO - Started process (PID=1507) to work on /home/airflow/.local/lib/python3.6/site-packages/airflow/example_dags/example_branch_operator.py
[2021-08-18 09:13:02,644] {scheduler_job.py:633} INFO - Processing file /home/airflow/.local/lib/python3.6/site-packages/airflow/example_dags/example_branch_operator.py for tasks to queue
[2021-08-18 09:13:02,646] {logging_mixin.py:104} INFO - [2021-08-18 09:13:02,645] {dagbag.py:487} INFO - Filling up the DagBag from /home/airflow/.local/lib/python3.6/site-packages/airflow/example_dags/example_branch_operator.py
[2021-08-18 09:13:02,666] {scheduler_job.py:643} INFO - DAG(s) dict_keys(['example_branch_operator']) retrieved from /home/airflow/.local/lib/python3.6/site-packages/airflow/example_dags/example_branch_operator.py
[2021-08-18 09:13:02,690] {logging_mixin.py:104} INFO - [2021-08-18 09:13:02,690] {dag.py:1832} INFO - Sync 1 DAGs
[2021-08-18 09:13:02,711] {logging_mixin.py:104} INFO - [2021-08-18 09:13:02,710] {dag.py:2305} INFO - Setting next_dagrun for example_branch_operator to 2021-08-16 00:00:00+00:00
[2021-08-18 09:13:02,721] {scheduler_job.py:190} INFO - Processing /home/airflow/.local/lib/python3.6/site-packages/airflow/example_dags/example_branch_operator.py took 0.083 seconds
[2021-08-18 09:13:33,210] {scheduler_job.py:182} INFO - Started process (PID=1571) to work on /home/airflow/.local/lib/python3.6/site-packages/airflow/example_dags/example_branch_operator.py
[2021-08-18 09:13:33,213] {scheduler_job.py:633} INFO - Processing file /home/airflow/.local/lib/python3.6/site-packages/airflow/example_dags/example_branch_operator.py for tasks to queue
[2021-08-18 09:13:33,214] {logging_mixin.py:104} INFO - [2021-08-18 09:13:33,214] {dagbag.py:487} INFO - Filling up the DagBag from /home/airflow/.local/lib/python3.6/site-packages/airflow/example_dags/example_branch_operator.py
[2021-08-18 09:13:33,233] {scheduler_job.py:643} INFO - DAG(s) dict_keys(['example_branch_operator']) retrieved from /home/airflow/.local/lib/python3.6/site-packages/airflow/example_dags/example_branch_operator.py
[2021-08-18 09:13:33,258] {logging_mixin.py:104} INFO - [2021-08-18 09:13:33,257] {dag.py:1832} INFO - Sync 1 DAGs
[2021-08-18 09:13:33,279] {logging_mixin.py:104} INFO - [2021-08-18 09:13:33,279] {dag.py:2305} INFO - Setting next_dagrun for example_branch_operator to 2021-08-16 00:00:00+00:00
[2021-08-18 09:13:33,290] {scheduler_job.py:190} INFO - Processing /home/airflow/.local/lib/python3.6/site-packages/airflow/example_dags/example_branch_operator.py took 0.084 seconds
[2021-08-18 09:14:03,633] {scheduler_job.py:182} INFO - Started process (PID=1631) to work on /home/airflow/.local/lib/python3.6/site-packages/airflow/example_dags/example_branch_operator.py
[2021-08-18 09:14:03,636] {scheduler_job.py:633} INFO - Processing file /home/airflow/.local/lib/python3.6/site-packages/airflow/example_dags/example_branch_operator.py for tasks to queue
[2021-08-18 09:14:03,638] {logging_mixin.py:104} INFO - [2021-08-18 09:14:03,638] {dagbag.py:487} INFO - Filling up the DagBag from /home/airflow/.local/lib/python3.6/site-packages/airflow/example_dags/example_branch_operator.py
[2021-08-18 09:14:03,660] {scheduler_job.py:643} INFO - DAG(s) dict_keys(['example_branch_operator']) retrieved from /home/airflow/.local/lib/python3.6/site-packages/airflow/example_dags/example_branch_operator.py
[2021-08-18 09:14:03,690] {logging_mixin.py:104} INFO - [2021-08-18 09:14:03,690] {dag.py:1832} INFO - Sync 1 DAGs
[2021-08-18 09:14:03,714] {logging_mixin.py:104} INFO - [2021-08-18 09:14:03,714] {dag.py:2305} INFO - Setting next_dagrun for example_branch_operator to 2021-08-16 00:00:00+00:00
[2021-08-18 09:14:03,728] {scheduler_job.py:190} INFO - Processing /home/airflow/.local/lib/python3.6/site-packages/airflow/example_dags/example_branch_operator.py took 0.100 seconds
[2021-08-18 09:14:33,924] {scheduler_job.py:182} INFO - Started process (PID=1708) to work on /home/airflow/.local/lib/python3.6/site-packages/airflow/example_dags/example_branch_operator.py
[2021-08-18 09:14:33,926] {scheduler_job.py:633} INFO - Processing file /home/airflow/.local/lib/python3.6/site-packages/airflow/example_dags/example_branch_operator.py for tasks to queue
[2021-08-18 09:14:33,927] {logging_mixin.py:104} INFO - [2021-08-18 09:14:33,927] {dagbag.py:487} INFO - Filling up the DagBag from /home/airflow/.local/lib/python3.6/site-packages/airflow/example_dags/example_branch_operator.py
[2021-08-18 09:14:33,948] {scheduler_job.py:643} INFO - DAG(s) dict_keys(['example_branch_operator']) retrieved from /home/airflow/.local/lib/python3.6/site-packages/airflow/example_dags/example_branch_operator.py
[2021-08-18 09:14:33,975] {logging_mixin.py:104} INFO - [2021-08-18 09:14:33,975] {dag.py:1832} INFO - Sync 1 DAGs
[2021-08-18 09:14:34,000] {logging_mixin.py:104} INFO - [2021-08-18 09:14:33,999] {dag.py:2305} INFO - Setting next_dagrun for example_branch_operator to 2021-08-16 00:00:00+00:00
[2021-08-18 09:14:34,013] {scheduler_job.py:190} INFO - Processing /home/airflow/.local/lib/python3.6/site-packages/airflow/example_dags/example_branch_operator.py took 0.095 seconds
[2021-08-18 09:15:04,047] {scheduler_job.py:182} INFO - Started process (PID=1770) to work on /home/airflow/.local/lib/python3.6/site-packages/airflow/example_dags/example_branch_operator.py
[2021-08-18 09:15:04,049] {scheduler_job.py:633} INFO - Processing file /home/airflow/.local/lib/python3.6/site-packages/airflow/example_dags/example_branch_operator.py for tasks to queue
[2021-08-18 09:15:04,050] {logging_mixin.py:104} INFO - [2021-08-18 09:15:04,050] {dagbag.py:487} INFO - Filling up the DagBag from /home/airflow/.local/lib/python3.6/site-packages/airflow/example_dags/example_branch_operator.py
[2021-08-18 09:15:04,069] {scheduler_job.py:643} INFO - DAG(s) dict_keys(['example_branch_operator']) retrieved from /home/airflow/.local/lib/python3.6/site-packages/airflow/example_dags/example_branch_operator.py
[2021-08-18 09:15:04,095] {logging_mixin.py:104} INFO - [2021-08-18 09:15:04,095] {dag.py:1832} INFO - Sync 1 DAGs
[2021-08-18 09:15:04,116] {logging_mixin.py:104} INFO - [2021-08-18 09:15:04,116] {dag.py:2305} INFO - Setting next_dagrun for example_branch_operator to 2021-08-16 00:00:00+00:00
[2021-08-18 09:15:04,128] {scheduler_job.py:190} INFO - Processing /home/airflow/.local/lib/python3.6/site-packages/airflow/example_dags/example_branch_operator.py took 0.085 seconds
[2021-08-18 09:15:34,239] {scheduler_job.py:182} INFO - Started process (PID=1847) to work on /home/airflow/.local/lib/python3.6/site-packages/airflow/example_dags/example_branch_operator.py
[2021-08-18 09:15:34,241] {scheduler_job.py:633} INFO - Processing file /home/airflow/.local/lib/python3.6/site-packages/airflow/example_dags/example_branch_operator.py for tasks to queue
[2021-08-18 09:15:34,242] {logging_mixin.py:104} INFO - [2021-08-18 09:15:34,242] {dagbag.py:487} INFO - Filling up the DagBag from /home/airflow/.local/lib/python3.6/site-packages/airflow/example_dags/example_branch_operator.py
[2021-08-18 09:15:34,262] {scheduler_job.py:643} INFO - DAG(s) dict_keys(['example_branch_operator']) retrieved from /home/airflow/.local/lib/python3.6/site-packages/airflow/example_dags/example_branch_operator.py
[2021-08-18 09:15:34,287] {logging_mixin.py:104} INFO - [2021-08-18 09:15:34,287] {dag.py:1832} INFO - Sync 1 DAGs
[2021-08-18 09:15:34,308] {logging_mixin.py:104} INFO - [2021-08-18 09:15:34,308] {dag.py:2305} INFO - Setting next_dagrun for example_branch_operator to 2021-08-16 00:00:00+00:00
[2021-08-18 09:15:34,319] {scheduler_job.py:190} INFO - Processing /home/airflow/.local/lib/python3.6/site-packages/airflow/example_dags/example_branch_operator.py took 0.085 seconds
[2021-08-18 09:16:04,770] {scheduler_job.py:182} INFO - Started process (PID=1908) to work on /home/airflow/.local/lib/python3.6/site-packages/airflow/example_dags/example_branch_operator.py
[2021-08-18 09:16:04,772] {scheduler_job.py:633} INFO - Processing file /home/airflow/.local/lib/python3.6/site-packages/airflow/example_dags/example_branch_operator.py for tasks to queue
[2021-08-18 09:16:04,773] {logging_mixin.py:104} INFO - [2021-08-18 09:16:04,773] {dagbag.py:487} INFO - Filling up the DagBag from /home/airflow/.local/lib/python3.6/site-packages/airflow/example_dags/example_branch_operator.py
[2021-08-18 09:16:04,798] {scheduler_job.py:643} INFO - DAG(s) dict_keys(['example_branch_operator']) retrieved from /home/airflow/.local/lib/python3.6/site-packages/airflow/example_dags/example_branch_operator.py
[2021-08-18 09:16:04,824] {logging_mixin.py:104} INFO - [2021-08-18 09:16:04,824] {dag.py:1832} INFO - Sync 1 DAGs
[2021-08-18 09:16:04,847] {logging_mixin.py:104} INFO - [2021-08-18 09:16:04,847] {dag.py:2305} INFO - Setting next_dagrun for example_branch_operator to 2021-08-16 00:00:00+00:00
[2021-08-18 09:16:04,859] {scheduler_job.py:190} INFO - Processing /home/airflow/.local/lib/python3.6/site-packages/airflow/example_dags/example_branch_operator.py took 0.094 seconds
[2021-08-18 09:16:35,516] {scheduler_job.py:182} INFO - Started process (PID=1985) to work on /home/airflow/.local/lib/python3.6/site-packages/airflow/example_dags/example_branch_operator.py
[2021-08-18 09:16:35,518] {scheduler_job.py:633} INFO - Processing file /home/airflow/.local/lib/python3.6/site-packages/airflow/example_dags/example_branch_operator.py for tasks to queue
[2021-08-18 09:16:35,521] {logging_mixin.py:104} INFO - [2021-08-18 09:16:35,520] {dagbag.py:487} INFO - Filling up the DagBag from /home/airflow/.local/lib/python3.6/site-packages/airflow/example_dags/example_branch_operator.py
[2021-08-18 09:16:35,541] {scheduler_job.py:643} INFO - DAG(s) dict_keys(['example_branch_operator']) retrieved from /home/airflow/.local/lib/python3.6/site-packages/airflow/example_dags/example_branch_operator.py
[2021-08-18 09:16:35,567] {logging_mixin.py:104} INFO - [2021-08-18 09:16:35,567] {dag.py:1832} INFO - Sync 1 DAGs
[2021-08-18 09:16:35,590] {logging_mixin.py:104} INFO - [2021-08-18 09:16:35,590] {dag.py:2305} INFO - Setting next_dagrun for example_branch_operator to 2021-08-16 00:00:00+00:00
[2021-08-18 09:16:35,604] {scheduler_job.py:190} INFO - Processing /home/airflow/.local/lib/python3.6/site-packages/airflow/example_dags/example_branch_operator.py took 0.092 seconds
[2021-08-18 09:17:06,270] {scheduler_job.py:182} INFO - Started process (PID=2063) to work on /home/airflow/.local/lib/python3.6/site-packages/airflow/example_dags/example_branch_operator.py
[2021-08-18 09:17:06,272] {scheduler_job.py:633} INFO - Processing file /home/airflow/.local/lib/python3.6/site-packages/airflow/example_dags/example_branch_operator.py for tasks to queue
[2021-08-18 09:17:06,273] {logging_mixin.py:104} INFO - [2021-08-18 09:17:06,273] {dagbag.py:487} INFO - Filling up the DagBag from /home/airflow/.local/lib/python3.6/site-packages/airflow/example_dags/example_branch_operator.py
[2021-08-18 09:17:06,294] {scheduler_job.py:643} INFO - DAG(s) dict_keys(['example_branch_operator']) retrieved from /home/airflow/.local/lib/python3.6/site-packages/airflow/example_dags/example_branch_operator.py
[2021-08-18 09:17:06,319] {logging_mixin.py:104} INFO - [2021-08-18 09:17:06,319] {dag.py:1832} INFO - Sync 1 DAGs
[2021-08-18 09:17:06,340] {logging_mixin.py:104} INFO - [2021-08-18 09:17:06,340] {dag.py:2305} INFO - Setting next_dagrun for example_branch_operator to 2021-08-16 00:00:00+00:00
[2021-08-18 09:17:06,351] {scheduler_job.py:190} INFO - Processing /home/airflow/.local/lib/python3.6/site-packages/airflow/example_dags/example_branch_operator.py took 0.085 seconds
[2021-08-18 09:17:34,972] {scheduler_job.py:182} INFO - Started process (PID=35) to work on /home/airflow/.local/lib/python3.6/site-packages/airflow/example_dags/example_branch_operator.py
[2021-08-18 09:17:34,975] {scheduler_job.py:633} INFO - Processing file /home/airflow/.local/lib/python3.6/site-packages/airflow/example_dags/example_branch_operator.py for tasks to queue
[2021-08-18 09:17:34,977] {logging_mixin.py:104} INFO - [2021-08-18 09:17:34,977] {dagbag.py:487} INFO - Filling up the DagBag from /home/airflow/.local/lib/python3.6/site-packages/airflow/example_dags/example_branch_operator.py
[2021-08-18 09:17:35,002] {scheduler_job.py:643} INFO - DAG(s) dict_keys(['example_branch_operator']) retrieved from /home/airflow/.local/lib/python3.6/site-packages/airflow/example_dags/example_branch_operator.py
[2021-08-18 09:17:35,030] {logging_mixin.py:104} INFO - [2021-08-18 09:17:35,030] {dag.py:1832} INFO - Sync 1 DAGs
[2021-08-18 09:17:35,056] {logging_mixin.py:104} INFO - [2021-08-18 09:17:35,055] {dag.py:2305} INFO - Setting next_dagrun for example_branch_operator to 2021-08-16 00:00:00+00:00
[2021-08-18 09:17:35,067] {scheduler_job.py:190} INFO - Processing /home/airflow/.local/lib/python3.6/site-packages/airflow/example_dags/example_branch_operator.py took 0.100 seconds
[2021-08-18 09:18:05,908] {scheduler_job.py:182} INFO - Started process (PID=112) to work on /home/airflow/.local/lib/python3.6/site-packages/airflow/example_dags/example_branch_operator.py
[2021-08-18 09:18:05,909] {scheduler_job.py:633} INFO - Processing file /home/airflow/.local/lib/python3.6/site-packages/airflow/example_dags/example_branch_operator.py for tasks to queue
[2021-08-18 09:18:05,910] {logging_mixin.py:104} INFO - [2021-08-18 09:18:05,910] {dagbag.py:487} INFO - Filling up the DagBag from /home/airflow/.local/lib/python3.6/site-packages/airflow/example_dags/example_branch_operator.py
[2021-08-18 09:18:05,926] {scheduler_job.py:643} INFO - DAG(s) dict_keys(['example_branch_operator']) retrieved from /home/airflow/.local/lib/python3.6/site-packages/airflow/example_dags/example_branch_operator.py
[2021-08-18 09:18:05,948] {logging_mixin.py:104} INFO - [2021-08-18 09:18:05,948] {dag.py:1832} INFO - Sync 1 DAGs
[2021-08-18 09:18:05,969] {logging_mixin.py:104} INFO - [2021-08-18 09:18:05,969] {dag.py:2305} INFO - Setting next_dagrun for example_branch_operator to 2021-08-16 00:00:00+00:00
[2021-08-18 09:18:05,978] {scheduler_job.py:190} INFO - Processing /home/airflow/.local/lib/python3.6/site-packages/airflow/example_dags/example_branch_operator.py took 0.074 seconds
[2021-08-18 09:18:37,023] {scheduler_job.py:182} INFO - Started process (PID=175) to work on /home/airflow/.local/lib/python3.6/site-packages/airflow/example_dags/example_branch_operator.py
[2021-08-18 09:18:37,025] {scheduler_job.py:633} INFO - Processing file /home/airflow/.local/lib/python3.6/site-packages/airflow/example_dags/example_branch_operator.py for tasks to queue
[2021-08-18 09:18:37,026] {logging_mixin.py:104} INFO - [2021-08-18 09:18:37,026] {dagbag.py:487} INFO - Filling up the DagBag from /home/airflow/.local/lib/python3.6/site-packages/airflow/example_dags/example_branch_operator.py
[2021-08-18 09:18:37,046] {scheduler_job.py:643} INFO - DAG(s) dict_keys(['example_branch_operator']) retrieved from /home/airflow/.local/lib/python3.6/site-packages/airflow/example_dags/example_branch_operator.py
[2021-08-18 09:18:37,074] {logging_mixin.py:104} INFO - [2021-08-18 09:18:37,074] {dag.py:1832} INFO - Sync 1 DAGs
[2021-08-18 09:18:37,098] {logging_mixin.py:104} INFO - [2021-08-18 09:18:37,098] {dag.py:2305} INFO - Setting next_dagrun for example_branch_operator to 2021-08-16 00:00:00+00:00
[2021-08-18 09:18:37,110] {scheduler_job.py:190} INFO - Processing /home/airflow/.local/lib/python3.6/site-packages/airflow/example_dags/example_branch_operator.py took 0.092 seconds
[2021-08-18 09:19:07,306] {scheduler_job.py:182} INFO - Started process (PID=253) to work on /home/airflow/.local/lib/python3.6/site-packages/airflow/example_dags/example_branch_operator.py
[2021-08-18 09:19:07,309] {scheduler_job.py:633} INFO - Processing file /home/airflow/.local/lib/python3.6/site-packages/airflow/example_dags/example_branch_operator.py for tasks to queue
[2021-08-18 09:19:07,311] {logging_mixin.py:104} INFO - [2021-08-18 09:19:07,311] {dagbag.py:487} INFO - Filling up the DagBag from /home/airflow/.local/lib/python3.6/site-packages/airflow/example_dags/example_branch_operator.py
[2021-08-18 09:19:07,329] {scheduler_job.py:643} INFO - DAG(s) dict_keys(['example_branch_operator']) retrieved from /home/airflow/.local/lib/python3.6/site-packages/airflow/example_dags/example_branch_operator.py
[2021-08-18 09:19:07,355] {logging_mixin.py:104} INFO - [2021-08-18 09:19:07,355] {dag.py:1832} INFO - Sync 1 DAGs
[2021-08-18 09:19:07,380] {logging_mixin.py:104} INFO - [2021-08-18 09:19:07,380] {dag.py:2305} INFO - Setting next_dagrun for example_branch_operator to 2021-08-16 00:00:00+00:00
[2021-08-18 09:19:07,392] {scheduler_job.py:190} INFO - Processing /home/airflow/.local/lib/python3.6/site-packages/airflow/example_dags/example_branch_operator.py took 0.089 seconds
[2021-08-18 09:19:37,693] {scheduler_job.py:182} INFO - Started process (PID=315) to work on /home/airflow/.local/lib/python3.6/site-packages/airflow/example_dags/example_branch_operator.py
[2021-08-18 09:19:37,699] {scheduler_job.py:633} INFO - Processing file /home/airflow/.local/lib/python3.6/site-packages/airflow/example_dags/example_branch_operator.py for tasks to queue
[2021-08-18 09:19:37,701] {logging_mixin.py:104} INFO - [2021-08-18 09:19:37,701] {dagbag.py:487} INFO - Filling up the DagBag from /home/airflow/.local/lib/python3.6/site-packages/airflow/example_dags/example_branch_operator.py
[2021-08-18 09:19:37,721] {scheduler_job.py:643} INFO - DAG(s) dict_keys(['example_branch_operator']) retrieved from /home/airflow/.local/lib/python3.6/site-packages/airflow/example_dags/example_branch_operator.py
[2021-08-18 09:19:37,768] {logging_mixin.py:104} INFO - [2021-08-18 09:19:37,768] {dag.py:1832} INFO - Sync 1 DAGs
[2021-08-18 09:19:37,795] {logging_mixin.py:104} INFO - [2021-08-18 09:19:37,795] {dag.py:2305} INFO - Setting next_dagrun for example_branch_operator to 2021-08-16 00:00:00+00:00
[2021-08-18 09:19:37,807] {scheduler_job.py:190} INFO - Processing /home/airflow/.local/lib/python3.6/site-packages/airflow/example_dags/example_branch_operator.py took 0.120 seconds
[2021-08-18 09:20:08,051] {scheduler_job.py:182} INFO - Started process (PID=393) to work on /home/airflow/.local/lib/python3.6/site-packages/airflow/example_dags/example_branch_operator.py
[2021-08-18 09:20:08,053] {scheduler_job.py:633} INFO - Processing file /home/airflow/.local/lib/python3.6/site-packages/airflow/example_dags/example_branch_operator.py for tasks to queue
[2021-08-18 09:20:08,055] {logging_mixin.py:104} INFO - [2021-08-18 09:20:08,055] {dagbag.py:487} INFO - Filling up the DagBag from /home/airflow/.local/lib/python3.6/site-packages/airflow/example_dags/example_branch_operator.py
[2021-08-18 09:20:08,072] {scheduler_job.py:643} INFO - DAG(s) dict_keys(['example_branch_operator']) retrieved from /home/airflow/.local/lib/python3.6/site-packages/airflow/example_dags/example_branch_operator.py
[2021-08-18 09:20:08,094] {logging_mixin.py:104} INFO - [2021-08-18 09:20:08,094] {dag.py:1832} INFO - Sync 1 DAGs
[2021-08-18 09:20:08,115] {logging_mixin.py:104} INFO - [2021-08-18 09:20:08,115] {dag.py:2305} INFO - Setting next_dagrun for example_branch_operator to 2021-08-16 00:00:00+00:00
[2021-08-18 09:20:08,128] {scheduler_job.py:190} INFO - Processing /home/airflow/.local/lib/python3.6/site-packages/airflow/example_dags/example_branch_operator.py took 0.082 seconds
[2021-08-18 09:20:38,690] {scheduler_job.py:182} INFO - Started process (PID=470) to work on /home/airflow/.local/lib/python3.6/site-packages/airflow/example_dags/example_branch_operator.py
[2021-08-18 09:20:38,693] {scheduler_job.py:633} INFO - Processing file /home/airflow/.local/lib/python3.6/site-packages/airflow/example_dags/example_branch_operator.py for tasks to queue
[2021-08-18 09:20:38,694] {logging_mixin.py:104} INFO - [2021-08-18 09:20:38,694] {dagbag.py:487} INFO - Filling up the DagBag from /home/airflow/.local/lib/python3.6/site-packages/airflow/example_dags/example_branch_operator.py
[2021-08-18 09:20:38,713] {scheduler_job.py:643} INFO - DAG(s) dict_keys(['example_branch_operator']) retrieved from /home/airflow/.local/lib/python3.6/site-packages/airflow/example_dags/example_branch_operator.py
[2021-08-18 09:20:38,738] {logging_mixin.py:104} INFO - [2021-08-18 09:20:38,738] {dag.py:1832} INFO - Sync 1 DAGs
[2021-08-18 09:20:38,760] {logging_mixin.py:104} INFO - [2021-08-18 09:20:38,760] {dag.py:2305} INFO - Setting next_dagrun for example_branch_operator to 2021-08-16 00:00:00+00:00
[2021-08-18 09:20:38,771] {scheduler_job.py:190} INFO - Processing /home/airflow/.local/lib/python3.6/site-packages/airflow/example_dags/example_branch_operator.py took 0.085 seconds
[2021-08-18 09:21:08,805] {scheduler_job.py:182} INFO - Started process (PID=531) to work on /home/airflow/.local/lib/python3.6/site-packages/airflow/example_dags/example_branch_operator.py
[2021-08-18 09:21:08,806] {scheduler_job.py:633} INFO - Processing file /home/airflow/.local/lib/python3.6/site-packages/airflow/example_dags/example_branch_operator.py for tasks to queue
[2021-08-18 09:21:08,808] {logging_mixin.py:104} INFO - [2021-08-18 09:21:08,807] {dagbag.py:487} INFO - Filling up the DagBag from /home/airflow/.local/lib/python3.6/site-packages/airflow/example_dags/example_branch_operator.py
[2021-08-18 09:21:08,825] {scheduler_job.py:643} INFO - DAG(s) dict_keys(['example_branch_operator']) retrieved from /home/airflow/.local/lib/python3.6/site-packages/airflow/example_dags/example_branch_operator.py
[2021-08-18 09:21:08,849] {logging_mixin.py:104} INFO - [2021-08-18 09:21:08,849] {dag.py:1832} INFO - Sync 1 DAGs
[2021-08-18 09:21:08,870] {logging_mixin.py:104} INFO - [2021-08-18 09:21:08,870] {dag.py:2305} INFO - Setting next_dagrun for example_branch_operator to 2021-08-16 00:00:00+00:00
[2021-08-18 09:21:08,879] {scheduler_job.py:190} INFO - Processing /home/airflow/.local/lib/python3.6/site-packages/airflow/example_dags/example_branch_operator.py took 0.078 seconds
[2021-08-18 09:21:39,247] {scheduler_job.py:182} INFO - Started process (PID=610) to work on /home/airflow/.local/lib/python3.6/site-packages/airflow/example_dags/example_branch_operator.py
[2021-08-18 09:21:39,249] {scheduler_job.py:633} INFO - Processing file /home/airflow/.local/lib/python3.6/site-packages/airflow/example_dags/example_branch_operator.py for tasks to queue
[2021-08-18 09:21:39,251] {logging_mixin.py:104} INFO - [2021-08-18 09:21:39,251] {dagbag.py:487} INFO - Filling up the DagBag from /home/airflow/.local/lib/python3.6/site-packages/airflow/example_dags/example_branch_operator.py
[2021-08-18 09:21:39,269] {scheduler_job.py:643} INFO - DAG(s) dict_keys(['example_branch_operator']) retrieved from /home/airflow/.local/lib/python3.6/site-packages/airflow/example_dags/example_branch_operator.py
[2021-08-18 09:21:39,295] {logging_mixin.py:104} INFO - [2021-08-18 09:21:39,295] {dag.py:1832} INFO - Sync 1 DAGs
[2021-08-18 09:21:39,317] {logging_mixin.py:104} INFO - [2021-08-18 09:21:39,317] {dag.py:2305} INFO - Setting next_dagrun for example_branch_operator to 2021-08-16 00:00:00+00:00
[2021-08-18 09:21:39,328] {scheduler_job.py:190} INFO - Processing /home/airflow/.local/lib/python3.6/site-packages/airflow/example_dags/example_branch_operator.py took 0.085 seconds
[2021-08-18 09:22:09,639] {scheduler_job.py:182} INFO - Started process (PID=673) to work on /home/airflow/.local/lib/python3.6/site-packages/airflow/example_dags/example_branch_operator.py
[2021-08-18 09:22:09,642] {scheduler_job.py:633} INFO - Processing file /home/airflow/.local/lib/python3.6/site-packages/airflow/example_dags/example_branch_operator.py for tasks to queue
[2021-08-18 09:22:09,644] {logging_mixin.py:104} INFO - [2021-08-18 09:22:09,644] {dagbag.py:487} INFO - Filling up the DagBag from /home/airflow/.local/lib/python3.6/site-packages/airflow/example_dags/example_branch_operator.py
[2021-08-18 09:22:09,665] {scheduler_job.py:643} INFO - DAG(s) dict_keys(['example_branch_operator']) retrieved from /home/airflow/.local/lib/python3.6/site-packages/airflow/example_dags/example_branch_operator.py
[2021-08-18 09:22:09,693] {logging_mixin.py:104} INFO - [2021-08-18 09:22:09,693] {dag.py:1832} INFO - Sync 1 DAGs
[2021-08-18 09:22:09,722] {logging_mixin.py:104} INFO - [2021-08-18 09:22:09,722] {dag.py:2305} INFO - Setting next_dagrun for example_branch_operator to 2021-08-16 00:00:00+00:00
[2021-08-18 09:22:09,736] {scheduler_job.py:190} INFO - Processing /home/airflow/.local/lib/python3.6/site-packages/airflow/example_dags/example_branch_operator.py took 0.101 seconds
[2021-08-18 09:22:39,935] {scheduler_job.py:182} INFO - Started process (PID=750) to work on /home/airflow/.local/lib/python3.6/site-packages/airflow/example_dags/example_branch_operator.py
[2021-08-18 09:22:39,937] {scheduler_job.py:633} INFO - Processing file /home/airflow/.local/lib/python3.6/site-packages/airflow/example_dags/example_branch_operator.py for tasks to queue
[2021-08-18 09:22:39,938] {logging_mixin.py:104} INFO - [2021-08-18 09:22:39,938] {dagbag.py:487} INFO - Filling up the DagBag from /home/airflow/.local/lib/python3.6/site-packages/airflow/example_dags/example_branch_operator.py
[2021-08-18 09:22:39,955] {scheduler_job.py:643} INFO - DAG(s) dict_keys(['example_branch_operator']) retrieved from /home/airflow/.local/lib/python3.6/site-packages/airflow/example_dags/example_branch_operator.py
[2021-08-18 09:22:39,977] {logging_mixin.py:104} INFO - [2021-08-18 09:22:39,977] {dag.py:1832} INFO - Sync 1 DAGs
[2021-08-18 09:22:39,998] {logging_mixin.py:104} INFO - [2021-08-18 09:22:39,998] {dag.py:2305} INFO - Setting next_dagrun for example_branch_operator to 2021-08-16 00:00:00+00:00
[2021-08-18 09:22:40,008] {scheduler_job.py:190} INFO - Processing /home/airflow/.local/lib/python3.6/site-packages/airflow/example_dags/example_branch_operator.py took 0.076 seconds
[2021-08-18 09:23:10,102] {scheduler_job.py:182} INFO - Started process (PID=827) to work on /home/airflow/.local/lib/python3.6/site-packages/airflow/example_dags/example_branch_operator.py
[2021-08-18 09:23:10,103] {scheduler_job.py:633} INFO - Processing file /home/airflow/.local/lib/python3.6/site-packages/airflow/example_dags/example_branch_operator.py for tasks to queue
[2021-08-18 09:23:10,105] {logging_mixin.py:104} INFO - [2021-08-18 09:23:10,104] {dagbag.py:487} INFO - Filling up the DagBag from /home/airflow/.local/lib/python3.6/site-packages/airflow/example_dags/example_branch_operator.py
[2021-08-18 09:23:10,121] {scheduler_job.py:643} INFO - DAG(s) dict_keys(['example_branch_operator']) retrieved from /home/airflow/.local/lib/python3.6/site-packages/airflow/example_dags/example_branch_operator.py
[2021-08-18 09:23:10,143] {logging_mixin.py:104} INFO - [2021-08-18 09:23:10,143] {dag.py:1832} INFO - Sync 1 DAGs
[2021-08-18 09:23:10,163] {logging_mixin.py:104} INFO - [2021-08-18 09:23:10,163] {dag.py:2305} INFO - Setting next_dagrun for example_branch_operator to 2021-08-16 00:00:00+00:00
[2021-08-18 09:23:10,173] {scheduler_job.py:190} INFO - Processing /home/airflow/.local/lib/python3.6/site-packages/airflow/example_dags/example_branch_operator.py took 0.075 seconds
[2021-08-18 09:23:40,644] {scheduler_job.py:182} INFO - Started process (PID=901) to work on /home/airflow/.local/lib/python3.6/site-packages/airflow/example_dags/example_branch_operator.py
[2021-08-18 09:23:40,646] {scheduler_job.py:633} INFO - Processing file /home/airflow/.local/lib/python3.6/site-packages/airflow/example_dags/example_branch_operator.py for tasks to queue
[2021-08-18 09:23:40,648] {logging_mixin.py:104} INFO - [2021-08-18 09:23:40,647] {dagbag.py:487} INFO - Filling up the DagBag from /home/airflow/.local/lib/python3.6/site-packages/airflow/example_dags/example_branch_operator.py
[2021-08-18 09:23:40,667] {scheduler_job.py:643} INFO - DAG(s) dict_keys(['example_branch_operator']) retrieved from /home/airflow/.local/lib/python3.6/site-packages/airflow/example_dags/example_branch_operator.py
[2021-08-18 09:23:40,692] {logging_mixin.py:104} INFO - [2021-08-18 09:23:40,692] {dag.py:1832} INFO - Sync 1 DAGs
[2021-08-18 09:23:40,713] {logging_mixin.py:104} INFO - [2021-08-18 09:23:40,713] {dag.py:2305} INFO - Setting next_dagrun for example_branch_operator to 2021-08-16 00:00:00+00:00
[2021-08-18 09:23:40,727] {scheduler_job.py:190} INFO - Processing /home/airflow/.local/lib/python3.6/site-packages/airflow/example_dags/example_branch_operator.py took 0.086 seconds
[2021-08-18 09:24:10,839] {scheduler_job.py:182} INFO - Started process (PID=979) to work on /home/airflow/.local/lib/python3.6/site-packages/airflow/example_dags/example_branch_operator.py
[2021-08-18 09:24:10,841] {scheduler_job.py:633} INFO - Processing file /home/airflow/.local/lib/python3.6/site-packages/airflow/example_dags/example_branch_operator.py for tasks to queue
[2021-08-18 09:24:10,842] {logging_mixin.py:104} INFO - [2021-08-18 09:24:10,842] {dagbag.py:487} INFO - Filling up the DagBag from /home/airflow/.local/lib/python3.6/site-packages/airflow/example_dags/example_branch_operator.py
[2021-08-18 09:24:10,859] {scheduler_job.py:643} INFO - DAG(s) dict_keys(['example_branch_operator']) retrieved from /home/airflow/.local/lib/python3.6/site-packages/airflow/example_dags/example_branch_operator.py
[2021-08-18 09:24:10,885] {logging_mixin.py:104} INFO - [2021-08-18 09:24:10,885] {dag.py:1832} INFO - Sync 1 DAGs
[2021-08-18 09:24:10,905] {logging_mixin.py:104} INFO - [2021-08-18 09:24:10,905] {dag.py:2305} INFO - Setting next_dagrun for example_branch_operator to 2021-08-16 00:00:00+00:00
[2021-08-18 09:24:10,917] {scheduler_job.py:190} INFO - Processing /home/airflow/.local/lib/python3.6/site-packages/airflow/example_dags/example_branch_operator.py took 0.082 seconds
[2021-08-18 09:24:40,994] {scheduler_job.py:182} INFO - Started process (PID=1040) to work on /home/airflow/.local/lib/python3.6/site-packages/airflow/example_dags/example_branch_operator.py
[2021-08-18 09:24:40,997] {scheduler_job.py:633} INFO - Processing file /home/airflow/.local/lib/python3.6/site-packages/airflow/example_dags/example_branch_operator.py for tasks to queue
[2021-08-18 09:24:40,998] {logging_mixin.py:104} INFO - [2021-08-18 09:24:40,998] {dagbag.py:487} INFO - Filling up the DagBag from /home/airflow/.local/lib/python3.6/site-packages/airflow/example_dags/example_branch_operator.py
[2021-08-18 09:24:41,020] {scheduler_job.py:643} INFO - DAG(s) dict_keys(['example_branch_operator']) retrieved from /home/airflow/.local/lib/python3.6/site-packages/airflow/example_dags/example_branch_operator.py
[2021-08-18 09:24:41,047] {logging_mixin.py:104} INFO - [2021-08-18 09:24:41,047] {dag.py:1832} INFO - Sync 1 DAGs
[2021-08-18 09:24:41,071] {logging_mixin.py:104} INFO - [2021-08-18 09:24:41,071] {dag.py:2305} INFO - Setting next_dagrun for example_branch_operator to 2021-08-16 00:00:00+00:00
[2021-08-18 09:24:41,081] {scheduler_job.py:190} INFO - Processing /home/airflow/.local/lib/python3.6/site-packages/airflow/example_dags/example_branch_operator.py took 0.091 seconds
[2021-08-18 09:25:11,187] {scheduler_job.py:182} INFO - Started process (PID=1116) to work on /home/airflow/.local/lib/python3.6/site-packages/airflow/example_dags/example_branch_operator.py
[2021-08-18 09:25:11,189] {scheduler_job.py:633} INFO - Processing file /home/airflow/.local/lib/python3.6/site-packages/airflow/example_dags/example_branch_operator.py for tasks to queue
[2021-08-18 09:25:11,190] {logging_mixin.py:104} INFO - [2021-08-18 09:25:11,190] {dagbag.py:487} INFO - Filling up the DagBag from /home/airflow/.local/lib/python3.6/site-packages/airflow/example_dags/example_branch_operator.py
[2021-08-18 09:25:11,206] {scheduler_job.py:643} INFO - DAG(s) dict_keys(['example_branch_operator']) retrieved from /home/airflow/.local/lib/python3.6/site-packages/airflow/example_dags/example_branch_operator.py
[2021-08-18 09:25:11,229] {logging_mixin.py:104} INFO - [2021-08-18 09:25:11,228] {dag.py:1832} INFO - Sync 1 DAGs
[2021-08-18 09:25:11,249] {logging_mixin.py:104} INFO - [2021-08-18 09:25:11,249] {dag.py:2305} INFO - Setting next_dagrun for example_branch_operator to 2021-08-16 00:00:00+00:00
[2021-08-18 09:25:11,260] {scheduler_job.py:190} INFO - Processing /home/airflow/.local/lib/python3.6/site-packages/airflow/example_dags/example_branch_operator.py took 0.077 seconds
[2021-08-18 09:25:41,580] {scheduler_job.py:182} INFO - Started process (PID=1188) to work on /home/airflow/.local/lib/python3.6/site-packages/airflow/example_dags/example_branch_operator.py
[2021-08-18 09:25:41,582] {scheduler_job.py:633} INFO - Processing file /home/airflow/.local/lib/python3.6/site-packages/airflow/example_dags/example_branch_operator.py for tasks to queue
[2021-08-18 09:25:41,583] {logging_mixin.py:104} INFO - [2021-08-18 09:25:41,583] {dagbag.py:487} INFO - Filling up the DagBag from /home/airflow/.local/lib/python3.6/site-packages/airflow/example_dags/example_branch_operator.py
[2021-08-18 09:25:41,609] {scheduler_job.py:643} INFO - DAG(s) dict_keys(['example_branch_operator']) retrieved from /home/airflow/.local/lib/python3.6/site-packages/airflow/example_dags/example_branch_operator.py
[2021-08-18 09:25:41,639] {logging_mixin.py:104} INFO - [2021-08-18 09:25:41,639] {dag.py:1832} INFO - Sync 1 DAGs
[2021-08-18 09:25:41,670] {logging_mixin.py:104} INFO - [2021-08-18 09:25:41,670] {dag.py:2305} INFO - Setting next_dagrun for example_branch_operator to 2021-08-16 00:00:00+00:00
[2021-08-18 09:25:41,683] {scheduler_job.py:190} INFO - Processing /home/airflow/.local/lib/python3.6/site-packages/airflow/example_dags/example_branch_operator.py took 0.106 seconds
[2021-08-18 09:26:11,781] {scheduler_job.py:182} INFO - Started process (PID=1255) to work on /home/airflow/.local/lib/python3.6/site-packages/airflow/example_dags/example_branch_operator.py
[2021-08-18 09:26:11,783] {scheduler_job.py:633} INFO - Processing file /home/airflow/.local/lib/python3.6/site-packages/airflow/example_dags/example_branch_operator.py for tasks to queue
[2021-08-18 09:26:11,785] {logging_mixin.py:104} INFO - [2021-08-18 09:26:11,784] {dagbag.py:487} INFO - Filling up the DagBag from /home/airflow/.local/lib/python3.6/site-packages/airflow/example_dags/example_branch_operator.py
[2021-08-18 09:26:11,802] {scheduler_job.py:643} INFO - DAG(s) dict_keys(['example_branch_operator']) retrieved from /home/airflow/.local/lib/python3.6/site-packages/airflow/example_dags/example_branch_operator.py
[2021-08-18 09:26:11,826] {logging_mixin.py:104} INFO - [2021-08-18 09:26:11,826] {dag.py:1832} INFO - Sync 1 DAGs
[2021-08-18 09:26:11,849] {logging_mixin.py:104} INFO - [2021-08-18 09:26:11,849] {dag.py:2305} INFO - Setting next_dagrun for example_branch_operator to 2021-08-16 00:00:00+00:00
[2021-08-18 09:26:11,862] {scheduler_job.py:190} INFO - Processing /home/airflow/.local/lib/python3.6/site-packages/airflow/example_dags/example_branch_operator.py took 0.085 seconds
[2021-08-18 09:26:42,061] {scheduler_job.py:182} INFO - Started process (PID=1331) to work on /home/airflow/.local/lib/python3.6/site-packages/airflow/example_dags/example_branch_operator.py
[2021-08-18 09:26:42,063] {scheduler_job.py:633} INFO - Processing file /home/airflow/.local/lib/python3.6/site-packages/airflow/example_dags/example_branch_operator.py for tasks to queue
[2021-08-18 09:26:42,064] {logging_mixin.py:104} INFO - [2021-08-18 09:26:42,064] {dagbag.py:487} INFO - Filling up the DagBag from /home/airflow/.local/lib/python3.6/site-packages/airflow/example_dags/example_branch_operator.py
[2021-08-18 09:26:42,079] {scheduler_job.py:643} INFO - DAG(s) dict_keys(['example_branch_operator']) retrieved from /home/airflow/.local/lib/python3.6/site-packages/airflow/example_dags/example_branch_operator.py
[2021-08-18 09:26:42,100] {logging_mixin.py:104} INFO - [2021-08-18 09:26:42,100] {dag.py:1832} INFO - Sync 1 DAGs
[2021-08-18 09:26:42,118] {logging_mixin.py:104} INFO - [2021-08-18 09:26:42,118] {dag.py:2305} INFO - Setting next_dagrun for example_branch_operator to 2021-08-16 00:00:00+00:00
[2021-08-18 09:26:42,128] {scheduler_job.py:190} INFO - Processing /home/airflow/.local/lib/python3.6/site-packages/airflow/example_dags/example_branch_operator.py took 0.071 seconds
[2021-08-18 09:27:12,919] {scheduler_job.py:182} INFO - Started process (PID=1392) to work on /home/airflow/.local/lib/python3.6/site-packages/airflow/example_dags/example_branch_operator.py
[2021-08-18 09:27:12,920] {scheduler_job.py:633} INFO - Processing file /home/airflow/.local/lib/python3.6/site-packages/airflow/example_dags/example_branch_operator.py for tasks to queue
[2021-08-18 09:27:12,922] {logging_mixin.py:104} INFO - [2021-08-18 09:27:12,921] {dagbag.py:487} INFO - Filling up the DagBag from /home/airflow/.local/lib/python3.6/site-packages/airflow/example_dags/example_branch_operator.py
[2021-08-18 09:27:12,940] {scheduler_job.py:643} INFO - DAG(s) dict_keys(['example_branch_operator']) retrieved from /home/airflow/.local/lib/python3.6/site-packages/airflow/example_dags/example_branch_operator.py
[2021-08-18 09:27:12,965] {logging_mixin.py:104} INFO - [2021-08-18 09:27:12,965] {dag.py:1832} INFO - Sync 1 DAGs
[2021-08-18 09:27:12,986] {logging_mixin.py:104} INFO - [2021-08-18 09:27:12,986] {dag.py:2305} INFO - Setting next_dagrun for example_branch_operator to 2021-08-16 00:00:00+00:00
[2021-08-18 09:27:12,997] {scheduler_job.py:190} INFO - Processing /home/airflow/.local/lib/python3.6/site-packages/airflow/example_dags/example_branch_operator.py took 0.082 seconds
[2021-08-18 09:27:43,158] {scheduler_job.py:182} INFO - Started process (PID=1469) to work on /home/airflow/.local/lib/python3.6/site-packages/airflow/example_dags/example_branch_operator.py
[2021-08-18 09:27:43,160] {scheduler_job.py:633} INFO - Processing file /home/airflow/.local/lib/python3.6/site-packages/airflow/example_dags/example_branch_operator.py for tasks to queue
[2021-08-18 09:27:43,162] {logging_mixin.py:104} INFO - [2021-08-18 09:27:43,162] {dagbag.py:487} INFO - Filling up the DagBag from /home/airflow/.local/lib/python3.6/site-packages/airflow/example_dags/example_branch_operator.py
[2021-08-18 09:27:43,182] {scheduler_job.py:643} INFO - DAG(s) dict_keys(['example_branch_operator']) retrieved from /home/airflow/.local/lib/python3.6/site-packages/airflow/example_dags/example_branch_operator.py
[2021-08-18 09:27:43,212] {logging_mixin.py:104} INFO - [2021-08-18 09:27:43,212] {dag.py:1832} INFO - Sync 1 DAGs
[2021-08-18 09:27:43,237] {logging_mixin.py:104} INFO - [2021-08-18 09:27:43,236] {dag.py:2305} INFO - Setting next_dagrun for example_branch_operator to 2021-08-16 00:00:00+00:00
[2021-08-18 09:27:43,248] {scheduler_job.py:190} INFO - Processing /home/airflow/.local/lib/python3.6/site-packages/airflow/example_dags/example_branch_operator.py took 0.095 seconds
[2021-08-18 09:28:13,361] {scheduler_job.py:182} INFO - Started process (PID=1540) to work on /home/airflow/.local/lib/python3.6/site-packages/airflow/example_dags/example_branch_operator.py
[2021-08-18 09:28:13,364] {scheduler_job.py:633} INFO - Processing file /home/airflow/.local/lib/python3.6/site-packages/airflow/example_dags/example_branch_operator.py for tasks to queue
[2021-08-18 09:28:13,366] {logging_mixin.py:104} INFO - [2021-08-18 09:28:13,366] {dagbag.py:487} INFO - Filling up the DagBag from /home/airflow/.local/lib/python3.6/site-packages/airflow/example_dags/example_branch_operator.py
[2021-08-18 09:28:13,389] {scheduler_job.py:643} INFO - DAG(s) dict_keys(['example_branch_operator']) retrieved from /home/airflow/.local/lib/python3.6/site-packages/airflow/example_dags/example_branch_operator.py
[2021-08-18 09:28:13,415] {logging_mixin.py:104} INFO - [2021-08-18 09:28:13,415] {dag.py:1832} INFO - Sync 1 DAGs
[2021-08-18 09:28:13,437] {logging_mixin.py:104} INFO - [2021-08-18 09:28:13,437] {dag.py:2305} INFO - Setting next_dagrun for example_branch_operator to 2021-08-16 00:00:00+00:00
[2021-08-18 09:28:13,449] {scheduler_job.py:190} INFO - Processing /home/airflow/.local/lib/python3.6/site-packages/airflow/example_dags/example_branch_operator.py took 0.092 seconds
[2021-08-18 09:28:44,172] {scheduler_job.py:182} INFO - Started process (PID=1610) to work on /home/airflow/.local/lib/python3.6/site-packages/airflow/example_dags/example_branch_operator.py
[2021-08-18 09:28:44,174] {scheduler_job.py:633} INFO - Processing file /home/airflow/.local/lib/python3.6/site-packages/airflow/example_dags/example_branch_operator.py for tasks to queue
[2021-08-18 09:28:44,176] {logging_mixin.py:104} INFO - [2021-08-18 09:28:44,176] {dagbag.py:487} INFO - Filling up the DagBag from /home/airflow/.local/lib/python3.6/site-packages/airflow/example_dags/example_branch_operator.py
[2021-08-18 09:28:44,195] {scheduler_job.py:643} INFO - DAG(s) dict_keys(['example_branch_operator']) retrieved from /home/airflow/.local/lib/python3.6/site-packages/airflow/example_dags/example_branch_operator.py
[2021-08-18 09:28:44,218] {logging_mixin.py:104} INFO - [2021-08-18 09:28:44,218] {dag.py:1832} INFO - Sync 1 DAGs
[2021-08-18 09:28:44,239] {logging_mixin.py:104} INFO - [2021-08-18 09:28:44,239] {dag.py:2305} INFO - Setting next_dagrun for example_branch_operator to 2021-08-16 00:00:00+00:00
[2021-08-18 09:28:44,253] {scheduler_job.py:190} INFO - Processing /home/airflow/.local/lib/python3.6/site-packages/airflow/example_dags/example_branch_operator.py took 0.085 seconds
[2021-08-18 09:29:14,470] {scheduler_job.py:182} INFO - Started process (PID=1688) to work on /home/airflow/.local/lib/python3.6/site-packages/airflow/example_dags/example_branch_operator.py
[2021-08-18 09:29:14,472] {scheduler_job.py:633} INFO - Processing file /home/airflow/.local/lib/python3.6/site-packages/airflow/example_dags/example_branch_operator.py for tasks to queue
[2021-08-18 09:29:14,473] {logging_mixin.py:104} INFO - [2021-08-18 09:29:14,473] {dagbag.py:487} INFO - Filling up the DagBag from /home/airflow/.local/lib/python3.6/site-packages/airflow/example_dags/example_branch_operator.py
[2021-08-18 09:29:14,489] {scheduler_job.py:643} INFO - DAG(s) dict_keys(['example_branch_operator']) retrieved from /home/airflow/.local/lib/python3.6/site-packages/airflow/example_dags/example_branch_operator.py
[2021-08-18 09:29:14,511] {logging_mixin.py:104} INFO - [2021-08-18 09:29:14,510] {dag.py:1832} INFO - Sync 1 DAGs
[2021-08-18 09:29:14,529] {logging_mixin.py:104} INFO - [2021-08-18 09:29:14,529] {dag.py:2305} INFO - Setting next_dagrun for example_branch_operator to 2021-08-16 00:00:00+00:00
[2021-08-18 09:29:14,539] {scheduler_job.py:190} INFO - Processing /home/airflow/.local/lib/python3.6/site-packages/airflow/example_dags/example_branch_operator.py took 0.072 seconds
[2021-08-18 09:29:44,696] {scheduler_job.py:182} INFO - Started process (PID=1749) to work on /home/airflow/.local/lib/python3.6/site-packages/airflow/example_dags/example_branch_operator.py
[2021-08-18 09:29:44,698] {scheduler_job.py:633} INFO - Processing file /home/airflow/.local/lib/python3.6/site-packages/airflow/example_dags/example_branch_operator.py for tasks to queue
[2021-08-18 09:29:44,699] {logging_mixin.py:104} INFO - [2021-08-18 09:29:44,699] {dagbag.py:487} INFO - Filling up the DagBag from /home/airflow/.local/lib/python3.6/site-packages/airflow/example_dags/example_branch_operator.py
[2021-08-18 09:29:44,715] {scheduler_job.py:643} INFO - DAG(s) dict_keys(['example_branch_operator']) retrieved from /home/airflow/.local/lib/python3.6/site-packages/airflow/example_dags/example_branch_operator.py
[2021-08-18 09:29:44,737] {logging_mixin.py:104} INFO - [2021-08-18 09:29:44,737] {dag.py:1832} INFO - Sync 1 DAGs
[2021-08-18 09:29:44,757] {logging_mixin.py:104} INFO - [2021-08-18 09:29:44,757] {dag.py:2305} INFO - Setting next_dagrun for example_branch_operator to 2021-08-16 00:00:00+00:00
[2021-08-18 09:29:44,768] {scheduler_job.py:190} INFO - Processing /home/airflow/.local/lib/python3.6/site-packages/airflow/example_dags/example_branch_operator.py took 0.076 seconds
[2021-08-18 09:30:14,941] {scheduler_job.py:182} INFO - Started process (PID=1825) to work on /home/airflow/.local/lib/python3.6/site-packages/airflow/example_dags/example_branch_operator.py
[2021-08-18 09:30:14,943] {scheduler_job.py:633} INFO - Processing file /home/airflow/.local/lib/python3.6/site-packages/airflow/example_dags/example_branch_operator.py for tasks to queue
[2021-08-18 09:30:14,945] {logging_mixin.py:104} INFO - [2021-08-18 09:30:14,945] {dagbag.py:487} INFO - Filling up the DagBag from /home/airflow/.local/lib/python3.6/site-packages/airflow/example_dags/example_branch_operator.py
[2021-08-18 09:30:14,965] {scheduler_job.py:643} INFO - DAG(s) dict_keys(['example_branch_operator']) retrieved from /home/airflow/.local/lib/python3.6/site-packages/airflow/example_dags/example_branch_operator.py
[2021-08-18 09:30:14,991] {logging_mixin.py:104} INFO - [2021-08-18 09:30:14,991] {dag.py:1832} INFO - Sync 1 DAGs
[2021-08-18 09:30:15,014] {logging_mixin.py:104} INFO - [2021-08-18 09:30:15,014] {dag.py:2305} INFO - Setting next_dagrun for example_branch_operator to 2021-08-16 00:00:00+00:00
[2021-08-18 09:30:15,025] {scheduler_job.py:190} INFO - Processing /home/airflow/.local/lib/python3.6/site-packages/airflow/example_dags/example_branch_operator.py took 0.088 seconds
[2021-08-18 09:30:45,337] {scheduler_job.py:182} INFO - Started process (PID=1897) to work on /home/airflow/.local/lib/python3.6/site-packages/airflow/example_dags/example_branch_operator.py
[2021-08-18 09:30:45,338] {scheduler_job.py:633} INFO - Processing file /home/airflow/.local/lib/python3.6/site-packages/airflow/example_dags/example_branch_operator.py for tasks to queue
[2021-08-18 09:30:45,340] {logging_mixin.py:104} INFO - [2021-08-18 09:30:45,339] {dagbag.py:487} INFO - Filling up the DagBag from /home/airflow/.local/lib/python3.6/site-packages/airflow/example_dags/example_branch_operator.py
[2021-08-18 09:30:45,355] {scheduler_job.py:643} INFO - DAG(s) dict_keys(['example_branch_operator']) retrieved from /home/airflow/.local/lib/python3.6/site-packages/airflow/example_dags/example_branch_operator.py
[2021-08-18 09:30:45,377] {logging_mixin.py:104} INFO - [2021-08-18 09:30:45,377] {dag.py:1832} INFO - Sync 1 DAGs
[2021-08-18 09:30:45,396] {logging_mixin.py:104} INFO - [2021-08-18 09:30:45,396] {dag.py:2305} INFO - Setting next_dagrun for example_branch_operator to 2021-08-16 00:00:00+00:00
[2021-08-18 09:30:45,406] {scheduler_job.py:190} INFO - Processing /home/airflow/.local/lib/python3.6/site-packages/airflow/example_dags/example_branch_operator.py took 0.073 seconds
[2021-08-18 09:31:16,166] {scheduler_job.py:182} INFO - Started process (PID=1963) to work on /home/airflow/.local/lib/python3.6/site-packages/airflow/example_dags/example_branch_operator.py
[2021-08-18 09:31:16,168] {scheduler_job.py:633} INFO - Processing file /home/airflow/.local/lib/python3.6/site-packages/airflow/example_dags/example_branch_operator.py for tasks to queue
[2021-08-18 09:31:16,169] {logging_mixin.py:104} INFO - [2021-08-18 09:31:16,169] {dagbag.py:487} INFO - Filling up the DagBag from /home/airflow/.local/lib/python3.6/site-packages/airflow/example_dags/example_branch_operator.py
[2021-08-18 09:31:16,188] {scheduler_job.py:643} INFO - DAG(s) dict_keys(['example_branch_operator']) retrieved from /home/airflow/.local/lib/python3.6/site-packages/airflow/example_dags/example_branch_operator.py
[2021-08-18 09:31:16,215] {logging_mixin.py:104} INFO - [2021-08-18 09:31:16,214] {dag.py:1832} INFO - Sync 1 DAGs
[2021-08-18 09:31:16,236] {logging_mixin.py:104} INFO - [2021-08-18 09:31:16,236] {dag.py:2305} INFO - Setting next_dagrun for example_branch_operator to 2021-08-16 00:00:00+00:00
[2021-08-18 09:31:16,249] {scheduler_job.py:190} INFO - Processing /home/airflow/.local/lib/python3.6/site-packages/airflow/example_dags/example_branch_operator.py took 0.086 seconds
[2021-08-18 09:31:47,087] {scheduler_job.py:182} INFO - Started process (PID=2042) to work on /home/airflow/.local/lib/python3.6/site-packages/airflow/example_dags/example_branch_operator.py
[2021-08-18 09:31:47,089] {scheduler_job.py:633} INFO - Processing file /home/airflow/.local/lib/python3.6/site-packages/airflow/example_dags/example_branch_operator.py for tasks to queue
[2021-08-18 09:31:47,090] {logging_mixin.py:104} INFO - [2021-08-18 09:31:47,090] {dagbag.py:487} INFO - Filling up the DagBag from /home/airflow/.local/lib/python3.6/site-packages/airflow/example_dags/example_branch_operator.py
[2021-08-18 09:31:47,110] {scheduler_job.py:643} INFO - DAG(s) dict_keys(['example_branch_operator']) retrieved from /home/airflow/.local/lib/python3.6/site-packages/airflow/example_dags/example_branch_operator.py
[2021-08-18 09:31:47,139] {logging_mixin.py:104} INFO - [2021-08-18 09:31:47,138] {dag.py:1832} INFO - Sync 1 DAGs
[2021-08-18 09:31:47,162] {logging_mixin.py:104} INFO - [2021-08-18 09:31:47,161] {dag.py:2305} INFO - Setting next_dagrun for example_branch_operator to 2021-08-16 00:00:00+00:00
[2021-08-18 09:31:47,174] {scheduler_job.py:190} INFO - Processing /home/airflow/.local/lib/python3.6/site-packages/airflow/example_dags/example_branch_operator.py took 0.091 seconds
[2021-08-18 09:32:17,729] {scheduler_job.py:182} INFO - Started process (PID=2105) to work on /home/airflow/.local/lib/python3.6/site-packages/airflow/example_dags/example_branch_operator.py
[2021-08-18 09:32:17,731] {scheduler_job.py:633} INFO - Processing file /home/airflow/.local/lib/python3.6/site-packages/airflow/example_dags/example_branch_operator.py for tasks to queue
[2021-08-18 09:32:17,734] {logging_mixin.py:104} INFO - [2021-08-18 09:32:17,733] {dagbag.py:487} INFO - Filling up the DagBag from /home/airflow/.local/lib/python3.6/site-packages/airflow/example_dags/example_branch_operator.py
[2021-08-18 09:32:17,752] {scheduler_job.py:643} INFO - DAG(s) dict_keys(['example_branch_operator']) retrieved from /home/airflow/.local/lib/python3.6/site-packages/airflow/example_dags/example_branch_operator.py
[2021-08-18 09:32:17,778] {logging_mixin.py:104} INFO - [2021-08-18 09:32:17,778] {dag.py:1832} INFO - Sync 1 DAGs
[2021-08-18 09:32:17,800] {logging_mixin.py:104} INFO - [2021-08-18 09:32:17,799] {dag.py:2305} INFO - Setting next_dagrun for example_branch_operator to 2021-08-16 00:00:00+00:00
[2021-08-18 09:32:17,812] {scheduler_job.py:190} INFO - Processing /home/airflow/.local/lib/python3.6/site-packages/airflow/example_dags/example_branch_operator.py took 0.090 seconds
[2021-08-18 09:32:48,750] {scheduler_job.py:182} INFO - Started process (PID=2182) to work on /home/airflow/.local/lib/python3.6/site-packages/airflow/example_dags/example_branch_operator.py
[2021-08-18 09:32:48,753] {scheduler_job.py:633} INFO - Processing file /home/airflow/.local/lib/python3.6/site-packages/airflow/example_dags/example_branch_operator.py for tasks to queue
[2021-08-18 09:32:48,754] {logging_mixin.py:104} INFO - [2021-08-18 09:32:48,754] {dagbag.py:487} INFO - Filling up the DagBag from /home/airflow/.local/lib/python3.6/site-packages/airflow/example_dags/example_branch_operator.py
[2021-08-18 09:32:48,773] {scheduler_job.py:643} INFO - DAG(s) dict_keys(['example_branch_operator']) retrieved from /home/airflow/.local/lib/python3.6/site-packages/airflow/example_dags/example_branch_operator.py
[2021-08-18 09:32:48,800] {logging_mixin.py:104} INFO - [2021-08-18 09:32:48,800] {dag.py:1832} INFO - Sync 1 DAGs
[2021-08-18 09:32:48,821] {logging_mixin.py:104} INFO - [2021-08-18 09:32:48,821] {dag.py:2305} INFO - Setting next_dagrun for example_branch_operator to 2021-08-16 00:00:00+00:00
[2021-08-18 09:32:48,830] {scheduler_job.py:190} INFO - Processing /home/airflow/.local/lib/python3.6/site-packages/airflow/example_dags/example_branch_operator.py took 0.084 seconds
