[2021-08-18 09:02:41,136] {scheduler_job.py:182} INFO - Started process (PID=147) to work on /home/airflow/.local/lib/python3.6/site-packages/airflow/example_dags/example_branch_datetime_operator.py
[2021-08-18 09:02:41,138] {scheduler_job.py:633} INFO - Processing file /home/airflow/.local/lib/python3.6/site-packages/airflow/example_dags/example_branch_datetime_operator.py for tasks to queue
[2021-08-18 09:02:41,139] {logging_mixin.py:104} INFO - [2021-08-18 09:02:41,139] {dagbag.py:487} INFO - Filling up the DagBag from /home/airflow/.local/lib/python3.6/site-packages/airflow/example_dags/example_branch_datetime_operator.py
[2021-08-18 09:02:41,158] {scheduler_job.py:643} INFO - DAG(s) dict_keys(['example_branch_datetime_operator_2']) retrieved from /home/airflow/.local/lib/python3.6/site-packages/airflow/example_dags/example_branch_datetime_operator.py
[2021-08-18 09:02:43,059] {logging_mixin.py:104} INFO - [2021-08-18 09:02:43,058] {dag.py:1832} INFO - Sync 1 DAGs
[2021-08-18 09:02:43,069] {logging_mixin.py:104} INFO - [2021-08-18 09:02:43,068] {dag.py:1851} INFO - Creating ORM DAG for example_branch_datetime_operator_2
[2021-08-18 09:02:43,076] {logging_mixin.py:104} INFO - [2021-08-18 09:02:43,076] {dag.py:2305} INFO - Setting next_dagrun for example_branch_datetime_operator_2 to 2021-08-16 00:00:00+00:00
[2021-08-18 09:02:43,086] {scheduler_job.py:190} INFO - Processing /home/airflow/.local/lib/python3.6/site-packages/airflow/example_dags/example_branch_datetime_operator.py took 1.955 seconds
[2021-08-18 09:03:13,486] {scheduler_job.py:182} INFO - Started process (PID=230) to work on /home/airflow/.local/lib/python3.6/site-packages/airflow/example_dags/example_branch_datetime_operator.py
[2021-08-18 09:03:13,488] {scheduler_job.py:633} INFO - Processing file /home/airflow/.local/lib/python3.6/site-packages/airflow/example_dags/example_branch_datetime_operator.py for tasks to queue
[2021-08-18 09:03:13,490] {logging_mixin.py:104} INFO - [2021-08-18 09:03:13,490] {dagbag.py:487} INFO - Filling up the DagBag from /home/airflow/.local/lib/python3.6/site-packages/airflow/example_dags/example_branch_datetime_operator.py
[2021-08-18 09:03:13,514] {scheduler_job.py:643} INFO - DAG(s) dict_keys(['example_branch_datetime_operator_2']) retrieved from /home/airflow/.local/lib/python3.6/site-packages/airflow/example_dags/example_branch_datetime_operator.py
[2021-08-18 09:03:13,547] {logging_mixin.py:104} INFO - [2021-08-18 09:03:13,547] {dag.py:1832} INFO - Sync 1 DAGs
[2021-08-18 09:03:13,570] {logging_mixin.py:104} INFO - [2021-08-18 09:03:13,570] {dag.py:2305} INFO - Setting next_dagrun for example_branch_datetime_operator_2 to 2021-08-16 00:00:00+00:00
[2021-08-18 09:03:13,593] {scheduler_job.py:190} INFO - Processing /home/airflow/.local/lib/python3.6/site-packages/airflow/example_dags/example_branch_datetime_operator.py took 0.113 seconds
[2021-08-18 09:03:44,114] {scheduler_job.py:182} INFO - Started process (PID=292) to work on /home/airflow/.local/lib/python3.6/site-packages/airflow/example_dags/example_branch_datetime_operator.py
[2021-08-18 09:03:44,117] {scheduler_job.py:633} INFO - Processing file /home/airflow/.local/lib/python3.6/site-packages/airflow/example_dags/example_branch_datetime_operator.py for tasks to queue
[2021-08-18 09:03:44,119] {logging_mixin.py:104} INFO - [2021-08-18 09:03:44,119] {dagbag.py:487} INFO - Filling up the DagBag from /home/airflow/.local/lib/python3.6/site-packages/airflow/example_dags/example_branch_datetime_operator.py
[2021-08-18 09:03:44,138] {scheduler_job.py:643} INFO - DAG(s) dict_keys(['example_branch_datetime_operator_2']) retrieved from /home/airflow/.local/lib/python3.6/site-packages/airflow/example_dags/example_branch_datetime_operator.py
[2021-08-18 09:03:44,174] {logging_mixin.py:104} INFO - [2021-08-18 09:03:44,174] {dag.py:1832} INFO - Sync 1 DAGs
[2021-08-18 09:03:44,192] {logging_mixin.py:104} INFO - [2021-08-18 09:03:44,192] {dag.py:2305} INFO - Setting next_dagrun for example_branch_datetime_operator_2 to 2021-08-16 00:00:00+00:00
[2021-08-18 09:03:44,203] {scheduler_job.py:190} INFO - Processing /home/airflow/.local/lib/python3.6/site-packages/airflow/example_dags/example_branch_datetime_operator.py took 0.092 seconds
[2021-08-18 09:04:14,817] {scheduler_job.py:182} INFO - Started process (PID=357) to work on /home/airflow/.local/lib/python3.6/site-packages/airflow/example_dags/example_branch_datetime_operator.py
[2021-08-18 09:04:14,819] {scheduler_job.py:633} INFO - Processing file /home/airflow/.local/lib/python3.6/site-packages/airflow/example_dags/example_branch_datetime_operator.py for tasks to queue
[2021-08-18 09:04:14,821] {logging_mixin.py:104} INFO - [2021-08-18 09:04:14,821] {dagbag.py:487} INFO - Filling up the DagBag from /home/airflow/.local/lib/python3.6/site-packages/airflow/example_dags/example_branch_datetime_operator.py
[2021-08-18 09:04:14,839] {scheduler_job.py:643} INFO - DAG(s) dict_keys(['example_branch_datetime_operator_2']) retrieved from /home/airflow/.local/lib/python3.6/site-packages/airflow/example_dags/example_branch_datetime_operator.py
[2021-08-18 09:04:14,865] {logging_mixin.py:104} INFO - [2021-08-18 09:04:14,865] {dag.py:1832} INFO - Sync 1 DAGs
[2021-08-18 09:04:14,890] {logging_mixin.py:104} INFO - [2021-08-18 09:04:14,890] {dag.py:2305} INFO - Setting next_dagrun for example_branch_datetime_operator_2 to 2021-08-16 00:00:00+00:00
[2021-08-18 09:04:14,905] {scheduler_job.py:190} INFO - Processing /home/airflow/.local/lib/python3.6/site-packages/airflow/example_dags/example_branch_datetime_operator.py took 0.093 seconds
[2021-08-18 09:04:47,160] {scheduler_job.py:182} INFO - Started process (PID=431) to work on /home/airflow/.local/lib/python3.6/site-packages/airflow/example_dags/example_branch_datetime_operator.py
[2021-08-18 09:04:47,162] {scheduler_job.py:633} INFO - Processing file /home/airflow/.local/lib/python3.6/site-packages/airflow/example_dags/example_branch_datetime_operator.py for tasks to queue
[2021-08-18 09:04:47,165] {logging_mixin.py:104} INFO - [2021-08-18 09:04:47,165] {dagbag.py:487} INFO - Filling up the DagBag from /home/airflow/.local/lib/python3.6/site-packages/airflow/example_dags/example_branch_datetime_operator.py
[2021-08-18 09:04:47,189] {scheduler_job.py:643} INFO - DAG(s) dict_keys(['example_branch_datetime_operator_2']) retrieved from /home/airflow/.local/lib/python3.6/site-packages/airflow/example_dags/example_branch_datetime_operator.py
[2021-08-18 09:04:47,232] {logging_mixin.py:104} INFO - [2021-08-18 09:04:47,232] {dag.py:1832} INFO - Sync 1 DAGs
[2021-08-18 09:04:47,260] {logging_mixin.py:104} INFO - [2021-08-18 09:04:47,260] {dag.py:2305} INFO - Setting next_dagrun for example_branch_datetime_operator_2 to 2021-08-16 00:00:00+00:00
[2021-08-18 09:04:47,275] {scheduler_job.py:190} INFO - Processing /home/airflow/.local/lib/python3.6/site-packages/airflow/example_dags/example_branch_datetime_operator.py took 0.120 seconds
[2021-08-18 09:05:18,091] {scheduler_job.py:182} INFO - Started process (PID=502) to work on /home/airflow/.local/lib/python3.6/site-packages/airflow/example_dags/example_branch_datetime_operator.py
[2021-08-18 09:05:18,093] {scheduler_job.py:633} INFO - Processing file /home/airflow/.local/lib/python3.6/site-packages/airflow/example_dags/example_branch_datetime_operator.py for tasks to queue
[2021-08-18 09:05:18,094] {logging_mixin.py:104} INFO - [2021-08-18 09:05:18,094] {dagbag.py:487} INFO - Filling up the DagBag from /home/airflow/.local/lib/python3.6/site-packages/airflow/example_dags/example_branch_datetime_operator.py
[2021-08-18 09:05:18,111] {scheduler_job.py:643} INFO - DAG(s) dict_keys(['example_branch_datetime_operator_2']) retrieved from /home/airflow/.local/lib/python3.6/site-packages/airflow/example_dags/example_branch_datetime_operator.py
[2021-08-18 09:05:18,143] {logging_mixin.py:104} INFO - [2021-08-18 09:05:18,143] {dag.py:1832} INFO - Sync 1 DAGs
[2021-08-18 09:05:18,169] {logging_mixin.py:104} INFO - [2021-08-18 09:05:18,169] {dag.py:2305} INFO - Setting next_dagrun for example_branch_datetime_operator_2 to 2021-08-16 00:00:00+00:00
[2021-08-18 09:05:18,180] {scheduler_job.py:190} INFO - Processing /home/airflow/.local/lib/python3.6/site-packages/airflow/example_dags/example_branch_datetime_operator.py took 0.096 seconds
[2021-08-18 09:05:49,369] {scheduler_job.py:182} INFO - Started process (PID=580) to work on /home/airflow/.local/lib/python3.6/site-packages/airflow/example_dags/example_branch_datetime_operator.py
[2021-08-18 09:05:49,371] {scheduler_job.py:633} INFO - Processing file /home/airflow/.local/lib/python3.6/site-packages/airflow/example_dags/example_branch_datetime_operator.py for tasks to queue
[2021-08-18 09:05:49,373] {logging_mixin.py:104} INFO - [2021-08-18 09:05:49,373] {dagbag.py:487} INFO - Filling up the DagBag from /home/airflow/.local/lib/python3.6/site-packages/airflow/example_dags/example_branch_datetime_operator.py
[2021-08-18 09:05:49,394] {scheduler_job.py:643} INFO - DAG(s) dict_keys(['example_branch_datetime_operator_2']) retrieved from /home/airflow/.local/lib/python3.6/site-packages/airflow/example_dags/example_branch_datetime_operator.py
[2021-08-18 09:05:49,426] {logging_mixin.py:104} INFO - [2021-08-18 09:05:49,426] {dag.py:1832} INFO - Sync 1 DAGs
[2021-08-18 09:05:49,456] {logging_mixin.py:104} INFO - [2021-08-18 09:05:49,456] {dag.py:2305} INFO - Setting next_dagrun for example_branch_datetime_operator_2 to 2021-08-16 00:00:00+00:00
[2021-08-18 09:05:49,470] {scheduler_job.py:190} INFO - Processing /home/airflow/.local/lib/python3.6/site-packages/airflow/example_dags/example_branch_datetime_operator.py took 0.105 seconds
[2021-08-18 09:06:24,601] {scheduler_job.py:182} INFO - Started process (PID=659) to work on /home/airflow/.local/lib/python3.6/site-packages/airflow/example_dags/example_branch_datetime_operator.py
[2021-08-18 09:06:24,603] {scheduler_job.py:633} INFO - Processing file /home/airflow/.local/lib/python3.6/site-packages/airflow/example_dags/example_branch_datetime_operator.py for tasks to queue
[2021-08-18 09:06:24,605] {logging_mixin.py:104} INFO - [2021-08-18 09:06:24,604] {dagbag.py:487} INFO - Filling up the DagBag from /home/airflow/.local/lib/python3.6/site-packages/airflow/example_dags/example_branch_datetime_operator.py
[2021-08-18 09:06:24,624] {scheduler_job.py:643} INFO - DAG(s) dict_keys(['example_branch_datetime_operator_2']) retrieved from /home/airflow/.local/lib/python3.6/site-packages/airflow/example_dags/example_branch_datetime_operator.py
[2021-08-18 09:06:24,653] {logging_mixin.py:104} INFO - [2021-08-18 09:06:24,653] {dag.py:1832} INFO - Sync 1 DAGs
[2021-08-18 09:06:24,684] {logging_mixin.py:104} INFO - [2021-08-18 09:06:24,684] {dag.py:2305} INFO - Setting next_dagrun for example_branch_datetime_operator_2 to 2021-08-16 00:00:00+00:00
[2021-08-18 09:06:24,700] {scheduler_job.py:190} INFO - Processing /home/airflow/.local/lib/python3.6/site-packages/airflow/example_dags/example_branch_datetime_operator.py took 0.104 seconds
[2021-08-18 09:06:55,816] {scheduler_job.py:182} INFO - Started process (PID=720) to work on /home/airflow/.local/lib/python3.6/site-packages/airflow/example_dags/example_branch_datetime_operator.py
[2021-08-18 09:06:55,819] {scheduler_job.py:633} INFO - Processing file /home/airflow/.local/lib/python3.6/site-packages/airflow/example_dags/example_branch_datetime_operator.py for tasks to queue
[2021-08-18 09:06:55,820] {logging_mixin.py:104} INFO - [2021-08-18 09:06:55,820] {dagbag.py:487} INFO - Filling up the DagBag from /home/airflow/.local/lib/python3.6/site-packages/airflow/example_dags/example_branch_datetime_operator.py
[2021-08-18 09:06:55,839] {scheduler_job.py:643} INFO - DAG(s) dict_keys(['example_branch_datetime_operator_2']) retrieved from /home/airflow/.local/lib/python3.6/site-packages/airflow/example_dags/example_branch_datetime_operator.py
[2021-08-18 09:06:55,868] {logging_mixin.py:104} INFO - [2021-08-18 09:06:55,868] {dag.py:1832} INFO - Sync 1 DAGs
[2021-08-18 09:06:55,895] {logging_mixin.py:104} INFO - [2021-08-18 09:06:55,895] {dag.py:2305} INFO - Setting next_dagrun for example_branch_datetime_operator_2 to 2021-08-16 00:00:00+00:00
[2021-08-18 09:06:55,910] {scheduler_job.py:190} INFO - Processing /home/airflow/.local/lib/python3.6/site-packages/airflow/example_dags/example_branch_datetime_operator.py took 0.099 seconds
[2021-08-18 09:07:27,763] {scheduler_job.py:182} INFO - Started process (PID=784) to work on /home/airflow/.local/lib/python3.6/site-packages/airflow/example_dags/example_branch_datetime_operator.py
[2021-08-18 09:07:27,765] {scheduler_job.py:633} INFO - Processing file /home/airflow/.local/lib/python3.6/site-packages/airflow/example_dags/example_branch_datetime_operator.py for tasks to queue
[2021-08-18 09:07:27,766] {logging_mixin.py:104} INFO - [2021-08-18 09:07:27,766] {dagbag.py:487} INFO - Filling up the DagBag from /home/airflow/.local/lib/python3.6/site-packages/airflow/example_dags/example_branch_datetime_operator.py
[2021-08-18 09:07:27,782] {scheduler_job.py:643} INFO - DAG(s) dict_keys(['example_branch_datetime_operator_2']) retrieved from /home/airflow/.local/lib/python3.6/site-packages/airflow/example_dags/example_branch_datetime_operator.py
[2021-08-18 09:07:27,805] {logging_mixin.py:104} INFO - [2021-08-18 09:07:27,805] {dag.py:1832} INFO - Sync 1 DAGs
[2021-08-18 09:07:27,827] {logging_mixin.py:104} INFO - [2021-08-18 09:07:27,827] {dag.py:2305} INFO - Setting next_dagrun for example_branch_datetime_operator_2 to 2021-08-16 00:00:00+00:00
[2021-08-18 09:07:27,842] {scheduler_job.py:190} INFO - Processing /home/airflow/.local/lib/python3.6/site-packages/airflow/example_dags/example_branch_datetime_operator.py took 0.084 seconds
[2021-08-18 09:07:58,715] {scheduler_job.py:182} INFO - Started process (PID=861) to work on /home/airflow/.local/lib/python3.6/site-packages/airflow/example_dags/example_branch_datetime_operator.py
[2021-08-18 09:07:58,717] {scheduler_job.py:633} INFO - Processing file /home/airflow/.local/lib/python3.6/site-packages/airflow/example_dags/example_branch_datetime_operator.py for tasks to queue
[2021-08-18 09:07:58,719] {logging_mixin.py:104} INFO - [2021-08-18 09:07:58,718] {dagbag.py:487} INFO - Filling up the DagBag from /home/airflow/.local/lib/python3.6/site-packages/airflow/example_dags/example_branch_datetime_operator.py
[2021-08-18 09:07:58,740] {scheduler_job.py:643} INFO - DAG(s) dict_keys(['example_branch_datetime_operator_2']) retrieved from /home/airflow/.local/lib/python3.6/site-packages/airflow/example_dags/example_branch_datetime_operator.py
[2021-08-18 09:07:58,771] {logging_mixin.py:104} INFO - [2021-08-18 09:07:58,771] {dag.py:1832} INFO - Sync 1 DAGs
[2021-08-18 09:07:58,800] {logging_mixin.py:104} INFO - [2021-08-18 09:07:58,800] {dag.py:2305} INFO - Setting next_dagrun for example_branch_datetime_operator_2 to 2021-08-16 00:00:00+00:00
[2021-08-18 09:07:58,812] {scheduler_job.py:190} INFO - Processing /home/airflow/.local/lib/python3.6/site-packages/airflow/example_dags/example_branch_datetime_operator.py took 0.101 seconds
[2021-08-18 09:08:33,863] {scheduler_job.py:182} INFO - Started process (PID=904) to work on /home/airflow/.local/lib/python3.6/site-packages/airflow/example_dags/example_branch_datetime_operator.py
[2021-08-18 09:08:33,866] {scheduler_job.py:633} INFO - Processing file /home/airflow/.local/lib/python3.6/site-packages/airflow/example_dags/example_branch_datetime_operator.py for tasks to queue
[2021-08-18 09:08:33,868] {logging_mixin.py:104} INFO - [2021-08-18 09:08:33,868] {dagbag.py:487} INFO - Filling up the DagBag from /home/airflow/.local/lib/python3.6/site-packages/airflow/example_dags/example_branch_datetime_operator.py
[2021-08-18 09:08:33,890] {scheduler_job.py:643} INFO - DAG(s) dict_keys(['example_branch_datetime_operator_2']) retrieved from /home/airflow/.local/lib/python3.6/site-packages/airflow/example_dags/example_branch_datetime_operator.py
[2021-08-18 09:08:33,931] {logging_mixin.py:104} INFO - [2021-08-18 09:08:33,931] {dag.py:1832} INFO - Sync 1 DAGs
[2021-08-18 09:08:33,969] {logging_mixin.py:104} INFO - [2021-08-18 09:08:33,969] {dag.py:2305} INFO - Setting next_dagrun for example_branch_datetime_operator_2 to 2021-08-16 00:00:00+00:00
[2021-08-18 09:08:33,991] {scheduler_job.py:190} INFO - Processing /home/airflow/.local/lib/python3.6/site-packages/airflow/example_dags/example_branch_datetime_operator.py took 0.133 seconds
[2021-08-18 09:09:04,388] {scheduler_job.py:182} INFO - Started process (PID=970) to work on /home/airflow/.local/lib/python3.6/site-packages/airflow/example_dags/example_branch_datetime_operator.py
[2021-08-18 09:09:04,391] {scheduler_job.py:633} INFO - Processing file /home/airflow/.local/lib/python3.6/site-packages/airflow/example_dags/example_branch_datetime_operator.py for tasks to queue
[2021-08-18 09:09:04,393] {logging_mixin.py:104} INFO - [2021-08-18 09:09:04,393] {dagbag.py:487} INFO - Filling up the DagBag from /home/airflow/.local/lib/python3.6/site-packages/airflow/example_dags/example_branch_datetime_operator.py
[2021-08-18 09:09:04,413] {scheduler_job.py:643} INFO - DAG(s) dict_keys(['example_branch_datetime_operator_2']) retrieved from /home/airflow/.local/lib/python3.6/site-packages/airflow/example_dags/example_branch_datetime_operator.py
[2021-08-18 09:09:04,447] {logging_mixin.py:104} INFO - [2021-08-18 09:09:04,447] {dag.py:1832} INFO - Sync 1 DAGs
[2021-08-18 09:09:04,476] {logging_mixin.py:104} INFO - [2021-08-18 09:09:04,476] {dag.py:2305} INFO - Setting next_dagrun for example_branch_datetime_operator_2 to 2021-08-16 00:00:00+00:00
[2021-08-18 09:09:04,492] {scheduler_job.py:190} INFO - Processing /home/airflow/.local/lib/python3.6/site-packages/airflow/example_dags/example_branch_datetime_operator.py took 0.109 seconds
[2021-08-18 09:09:37,273] {scheduler_job.py:182} INFO - Started process (PID=1032) to work on /home/airflow/.local/lib/python3.6/site-packages/airflow/example_dags/example_branch_datetime_operator.py
[2021-08-18 09:09:37,276] {scheduler_job.py:633} INFO - Processing file /home/airflow/.local/lib/python3.6/site-packages/airflow/example_dags/example_branch_datetime_operator.py for tasks to queue
[2021-08-18 09:09:37,278] {logging_mixin.py:104} INFO - [2021-08-18 09:09:37,278] {dagbag.py:487} INFO - Filling up the DagBag from /home/airflow/.local/lib/python3.6/site-packages/airflow/example_dags/example_branch_datetime_operator.py
[2021-08-18 09:09:37,298] {scheduler_job.py:643} INFO - DAG(s) dict_keys(['example_branch_datetime_operator_2']) retrieved from /home/airflow/.local/lib/python3.6/site-packages/airflow/example_dags/example_branch_datetime_operator.py
[2021-08-18 09:09:37,333] {logging_mixin.py:104} INFO - [2021-08-18 09:09:37,333] {dag.py:1832} INFO - Sync 1 DAGs
[2021-08-18 09:09:37,360] {logging_mixin.py:104} INFO - [2021-08-18 09:09:37,360] {dag.py:2305} INFO - Setting next_dagrun for example_branch_datetime_operator_2 to 2021-08-16 00:00:00+00:00
[2021-08-18 09:09:37,375] {scheduler_job.py:190} INFO - Processing /home/airflow/.local/lib/python3.6/site-packages/airflow/example_dags/example_branch_datetime_operator.py took 0.107 seconds
[2021-08-18 09:10:07,891] {scheduler_job.py:182} INFO - Started process (PID=1109) to work on /home/airflow/.local/lib/python3.6/site-packages/airflow/example_dags/example_branch_datetime_operator.py
[2021-08-18 09:10:07,893] {scheduler_job.py:633} INFO - Processing file /home/airflow/.local/lib/python3.6/site-packages/airflow/example_dags/example_branch_datetime_operator.py for tasks to queue
[2021-08-18 09:10:07,894] {logging_mixin.py:104} INFO - [2021-08-18 09:10:07,894] {dagbag.py:487} INFO - Filling up the DagBag from /home/airflow/.local/lib/python3.6/site-packages/airflow/example_dags/example_branch_datetime_operator.py
[2021-08-18 09:10:07,911] {scheduler_job.py:643} INFO - DAG(s) dict_keys(['example_branch_datetime_operator_2']) retrieved from /home/airflow/.local/lib/python3.6/site-packages/airflow/example_dags/example_branch_datetime_operator.py
[2021-08-18 09:10:07,934] {logging_mixin.py:104} INFO - [2021-08-18 09:10:07,933] {dag.py:1832} INFO - Sync 1 DAGs
[2021-08-18 09:10:07,954] {logging_mixin.py:104} INFO - [2021-08-18 09:10:07,954] {dag.py:2305} INFO - Setting next_dagrun for example_branch_datetime_operator_2 to 2021-08-16 00:00:00+00:00
[2021-08-18 09:10:07,964] {scheduler_job.py:190} INFO - Processing /home/airflow/.local/lib/python3.6/site-packages/airflow/example_dags/example_branch_datetime_operator.py took 0.077 seconds
[2021-08-18 09:10:38,466] {scheduler_job.py:182} INFO - Started process (PID=1171) to work on /home/airflow/.local/lib/python3.6/site-packages/airflow/example_dags/example_branch_datetime_operator.py
[2021-08-18 09:10:38,468] {scheduler_job.py:633} INFO - Processing file /home/airflow/.local/lib/python3.6/site-packages/airflow/example_dags/example_branch_datetime_operator.py for tasks to queue
[2021-08-18 09:10:38,470] {logging_mixin.py:104} INFO - [2021-08-18 09:10:38,470] {dagbag.py:487} INFO - Filling up the DagBag from /home/airflow/.local/lib/python3.6/site-packages/airflow/example_dags/example_branch_datetime_operator.py
[2021-08-18 09:10:38,486] {scheduler_job.py:643} INFO - DAG(s) dict_keys(['example_branch_datetime_operator_2']) retrieved from /home/airflow/.local/lib/python3.6/site-packages/airflow/example_dags/example_branch_datetime_operator.py
[2021-08-18 09:10:38,509] {logging_mixin.py:104} INFO - [2021-08-18 09:10:38,509] {dag.py:1832} INFO - Sync 1 DAGs
[2021-08-18 09:10:38,527] {logging_mixin.py:104} INFO - [2021-08-18 09:10:38,527] {dag.py:2305} INFO - Setting next_dagrun for example_branch_datetime_operator_2 to 2021-08-16 00:00:00+00:00
[2021-08-18 09:10:38,536] {scheduler_job.py:190} INFO - Processing /home/airflow/.local/lib/python3.6/site-packages/airflow/example_dags/example_branch_datetime_operator.py took 0.074 seconds
[2021-08-18 09:11:08,919] {scheduler_job.py:182} INFO - Started process (PID=1249) to work on /home/airflow/.local/lib/python3.6/site-packages/airflow/example_dags/example_branch_datetime_operator.py
[2021-08-18 09:11:08,920] {scheduler_job.py:633} INFO - Processing file /home/airflow/.local/lib/python3.6/site-packages/airflow/example_dags/example_branch_datetime_operator.py for tasks to queue
[2021-08-18 09:11:08,922] {logging_mixin.py:104} INFO - [2021-08-18 09:11:08,922] {dagbag.py:487} INFO - Filling up the DagBag from /home/airflow/.local/lib/python3.6/site-packages/airflow/example_dags/example_branch_datetime_operator.py
[2021-08-18 09:11:08,938] {scheduler_job.py:643} INFO - DAG(s) dict_keys(['example_branch_datetime_operator_2']) retrieved from /home/airflow/.local/lib/python3.6/site-packages/airflow/example_dags/example_branch_datetime_operator.py
[2021-08-18 09:11:08,962] {logging_mixin.py:104} INFO - [2021-08-18 09:11:08,962] {dag.py:1832} INFO - Sync 1 DAGs
[2021-08-18 09:11:08,983] {logging_mixin.py:104} INFO - [2021-08-18 09:11:08,983] {dag.py:2305} INFO - Setting next_dagrun for example_branch_datetime_operator_2 to 2021-08-16 00:00:00+00:00
[2021-08-18 09:11:08,993] {scheduler_job.py:190} INFO - Processing /home/airflow/.local/lib/python3.6/site-packages/airflow/example_dags/example_branch_datetime_operator.py took 0.079 seconds
[2021-08-18 09:11:40,693] {scheduler_job.py:182} INFO - Started process (PID=1327) to work on /home/airflow/.local/lib/python3.6/site-packages/airflow/example_dags/example_branch_datetime_operator.py
[2021-08-18 09:11:40,695] {scheduler_job.py:633} INFO - Processing file /home/airflow/.local/lib/python3.6/site-packages/airflow/example_dags/example_branch_datetime_operator.py for tasks to queue
[2021-08-18 09:11:40,696] {logging_mixin.py:104} INFO - [2021-08-18 09:11:40,696] {dagbag.py:487} INFO - Filling up the DagBag from /home/airflow/.local/lib/python3.6/site-packages/airflow/example_dags/example_branch_datetime_operator.py
[2021-08-18 09:11:40,713] {scheduler_job.py:643} INFO - DAG(s) dict_keys(['example_branch_datetime_operator_2']) retrieved from /home/airflow/.local/lib/python3.6/site-packages/airflow/example_dags/example_branch_datetime_operator.py
[2021-08-18 09:11:40,740] {logging_mixin.py:104} INFO - [2021-08-18 09:11:40,740] {dag.py:1832} INFO - Sync 1 DAGs
[2021-08-18 09:11:40,763] {logging_mixin.py:104} INFO - [2021-08-18 09:11:40,763] {dag.py:2305} INFO - Setting next_dagrun for example_branch_datetime_operator_2 to 2021-08-16 00:00:00+00:00
[2021-08-18 09:11:40,773] {scheduler_job.py:190} INFO - Processing /home/airflow/.local/lib/python3.6/site-packages/airflow/example_dags/example_branch_datetime_operator.py took 0.085 seconds
[2021-08-18 09:12:11,414] {scheduler_job.py:182} INFO - Started process (PID=1389) to work on /home/airflow/.local/lib/python3.6/site-packages/airflow/example_dags/example_branch_datetime_operator.py
[2021-08-18 09:12:11,416] {scheduler_job.py:633} INFO - Processing file /home/airflow/.local/lib/python3.6/site-packages/airflow/example_dags/example_branch_datetime_operator.py for tasks to queue
[2021-08-18 09:12:11,417] {logging_mixin.py:104} INFO - [2021-08-18 09:12:11,417] {dagbag.py:487} INFO - Filling up the DagBag from /home/airflow/.local/lib/python3.6/site-packages/airflow/example_dags/example_branch_datetime_operator.py
[2021-08-18 09:12:11,434] {scheduler_job.py:643} INFO - DAG(s) dict_keys(['example_branch_datetime_operator_2']) retrieved from /home/airflow/.local/lib/python3.6/site-packages/airflow/example_dags/example_branch_datetime_operator.py
[2021-08-18 09:12:11,461] {logging_mixin.py:104} INFO - [2021-08-18 09:12:11,461] {dag.py:1832} INFO - Sync 1 DAGs
[2021-08-18 09:12:11,485] {logging_mixin.py:104} INFO - [2021-08-18 09:12:11,485] {dag.py:2305} INFO - Setting next_dagrun for example_branch_datetime_operator_2 to 2021-08-16 00:00:00+00:00
[2021-08-18 09:12:11,497] {scheduler_job.py:190} INFO - Processing /home/airflow/.local/lib/python3.6/site-packages/airflow/example_dags/example_branch_datetime_operator.py took 0.087 seconds
[2021-08-18 09:12:42,062] {scheduler_job.py:182} INFO - Started process (PID=1466) to work on /home/airflow/.local/lib/python3.6/site-packages/airflow/example_dags/example_branch_datetime_operator.py
[2021-08-18 09:12:42,064] {scheduler_job.py:633} INFO - Processing file /home/airflow/.local/lib/python3.6/site-packages/airflow/example_dags/example_branch_datetime_operator.py for tasks to queue
[2021-08-18 09:12:42,066] {logging_mixin.py:104} INFO - [2021-08-18 09:12:42,066] {dagbag.py:487} INFO - Filling up the DagBag from /home/airflow/.local/lib/python3.6/site-packages/airflow/example_dags/example_branch_datetime_operator.py
[2021-08-18 09:12:42,082] {scheduler_job.py:643} INFO - DAG(s) dict_keys(['example_branch_datetime_operator_2']) retrieved from /home/airflow/.local/lib/python3.6/site-packages/airflow/example_dags/example_branch_datetime_operator.py
[2021-08-18 09:12:42,107] {logging_mixin.py:104} INFO - [2021-08-18 09:12:42,107] {dag.py:1832} INFO - Sync 1 DAGs
[2021-08-18 09:12:42,128] {logging_mixin.py:104} INFO - [2021-08-18 09:12:42,128] {dag.py:2305} INFO - Setting next_dagrun for example_branch_datetime_operator_2 to 2021-08-16 00:00:00+00:00
[2021-08-18 09:12:42,139] {scheduler_job.py:190} INFO - Processing /home/airflow/.local/lib/python3.6/site-packages/airflow/example_dags/example_branch_datetime_operator.py took 0.081 seconds
[2021-08-18 09:13:12,654] {scheduler_job.py:182} INFO - Started process (PID=1545) to work on /home/airflow/.local/lib/python3.6/site-packages/airflow/example_dags/example_branch_datetime_operator.py
[2021-08-18 09:13:12,656] {scheduler_job.py:633} INFO - Processing file /home/airflow/.local/lib/python3.6/site-packages/airflow/example_dags/example_branch_datetime_operator.py for tasks to queue
[2021-08-18 09:13:12,657] {logging_mixin.py:104} INFO - [2021-08-18 09:13:12,657] {dagbag.py:487} INFO - Filling up the DagBag from /home/airflow/.local/lib/python3.6/site-packages/airflow/example_dags/example_branch_datetime_operator.py
[2021-08-18 09:13:12,672] {scheduler_job.py:643} INFO - DAG(s) dict_keys(['example_branch_datetime_operator_2']) retrieved from /home/airflow/.local/lib/python3.6/site-packages/airflow/example_dags/example_branch_datetime_operator.py
[2021-08-18 09:13:12,695] {logging_mixin.py:104} INFO - [2021-08-18 09:13:12,694] {dag.py:1832} INFO - Sync 1 DAGs
[2021-08-18 09:13:12,714] {logging_mixin.py:104} INFO - [2021-08-18 09:13:12,714] {dag.py:2305} INFO - Setting next_dagrun for example_branch_datetime_operator_2 to 2021-08-16 00:00:00+00:00
[2021-08-18 09:13:12,724] {scheduler_job.py:190} INFO - Processing /home/airflow/.local/lib/python3.6/site-packages/airflow/example_dags/example_branch_datetime_operator.py took 0.074 seconds
[2021-08-18 09:13:48,049] {scheduler_job.py:182} INFO - Started process (PID=1606) to work on /home/airflow/.local/lib/python3.6/site-packages/airflow/example_dags/example_branch_datetime_operator.py
[2021-08-18 09:13:48,052] {scheduler_job.py:633} INFO - Processing file /home/airflow/.local/lib/python3.6/site-packages/airflow/example_dags/example_branch_datetime_operator.py for tasks to queue
[2021-08-18 09:13:48,054] {logging_mixin.py:104} INFO - [2021-08-18 09:13:48,054] {dagbag.py:487} INFO - Filling up the DagBag from /home/airflow/.local/lib/python3.6/site-packages/airflow/example_dags/example_branch_datetime_operator.py
[2021-08-18 09:13:48,074] {scheduler_job.py:643} INFO - DAG(s) dict_keys(['example_branch_datetime_operator_2']) retrieved from /home/airflow/.local/lib/python3.6/site-packages/airflow/example_dags/example_branch_datetime_operator.py
[2021-08-18 09:13:48,114] {logging_mixin.py:104} INFO - [2021-08-18 09:13:48,114] {dag.py:1832} INFO - Sync 1 DAGs
[2021-08-18 09:13:48,156] {logging_mixin.py:104} INFO - [2021-08-18 09:13:48,155] {dag.py:2305} INFO - Setting next_dagrun for example_branch_datetime_operator_2 to 2021-08-16 00:00:00+00:00
[2021-08-18 09:13:48,173] {scheduler_job.py:190} INFO - Processing /home/airflow/.local/lib/python3.6/site-packages/airflow/example_dags/example_branch_datetime_operator.py took 0.130 seconds
[2021-08-18 09:14:18,697] {scheduler_job.py:182} INFO - Started process (PID=1668) to work on /home/airflow/.local/lib/python3.6/site-packages/airflow/example_dags/example_branch_datetime_operator.py
[2021-08-18 09:14:18,699] {scheduler_job.py:633} INFO - Processing file /home/airflow/.local/lib/python3.6/site-packages/airflow/example_dags/example_branch_datetime_operator.py for tasks to queue
[2021-08-18 09:14:18,700] {logging_mixin.py:104} INFO - [2021-08-18 09:14:18,700] {dagbag.py:487} INFO - Filling up the DagBag from /home/airflow/.local/lib/python3.6/site-packages/airflow/example_dags/example_branch_datetime_operator.py
[2021-08-18 09:14:18,717] {scheduler_job.py:643} INFO - DAG(s) dict_keys(['example_branch_datetime_operator_2']) retrieved from /home/airflow/.local/lib/python3.6/site-packages/airflow/example_dags/example_branch_datetime_operator.py
[2021-08-18 09:14:18,744] {logging_mixin.py:104} INFO - [2021-08-18 09:14:18,744] {dag.py:1832} INFO - Sync 1 DAGs
[2021-08-18 09:14:18,770] {logging_mixin.py:104} INFO - [2021-08-18 09:14:18,770] {dag.py:2305} INFO - Setting next_dagrun for example_branch_datetime_operator_2 to 2021-08-16 00:00:00+00:00
[2021-08-18 09:14:18,784] {scheduler_job.py:190} INFO - Processing /home/airflow/.local/lib/python3.6/site-packages/airflow/example_dags/example_branch_datetime_operator.py took 0.092 seconds
[2021-08-18 09:14:49,653] {scheduler_job.py:182} INFO - Started process (PID=1744) to work on /home/airflow/.local/lib/python3.6/site-packages/airflow/example_dags/example_branch_datetime_operator.py
[2021-08-18 09:14:49,654] {scheduler_job.py:633} INFO - Processing file /home/airflow/.local/lib/python3.6/site-packages/airflow/example_dags/example_branch_datetime_operator.py for tasks to queue
[2021-08-18 09:14:49,656] {logging_mixin.py:104} INFO - [2021-08-18 09:14:49,656] {dagbag.py:487} INFO - Filling up the DagBag from /home/airflow/.local/lib/python3.6/site-packages/airflow/example_dags/example_branch_datetime_operator.py
[2021-08-18 09:14:49,670] {scheduler_job.py:643} INFO - DAG(s) dict_keys(['example_branch_datetime_operator_2']) retrieved from /home/airflow/.local/lib/python3.6/site-packages/airflow/example_dags/example_branch_datetime_operator.py
[2021-08-18 09:14:49,691] {logging_mixin.py:104} INFO - [2021-08-18 09:14:49,691] {dag.py:1832} INFO - Sync 1 DAGs
[2021-08-18 09:14:49,710] {logging_mixin.py:104} INFO - [2021-08-18 09:14:49,710] {dag.py:2305} INFO - Setting next_dagrun for example_branch_datetime_operator_2 to 2021-08-16 00:00:00+00:00
[2021-08-18 09:14:49,730] {scheduler_job.py:190} INFO - Processing /home/airflow/.local/lib/python3.6/site-packages/airflow/example_dags/example_branch_datetime_operator.py took 0.082 seconds
[2021-08-18 09:15:20,586] {scheduler_job.py:182} INFO - Started process (PID=1822) to work on /home/airflow/.local/lib/python3.6/site-packages/airflow/example_dags/example_branch_datetime_operator.py
[2021-08-18 09:15:20,588] {scheduler_job.py:633} INFO - Processing file /home/airflow/.local/lib/python3.6/site-packages/airflow/example_dags/example_branch_datetime_operator.py for tasks to queue
[2021-08-18 09:15:20,589] {logging_mixin.py:104} INFO - [2021-08-18 09:15:20,589] {dagbag.py:487} INFO - Filling up the DagBag from /home/airflow/.local/lib/python3.6/site-packages/airflow/example_dags/example_branch_datetime_operator.py
[2021-08-18 09:15:20,604] {scheduler_job.py:643} INFO - DAG(s) dict_keys(['example_branch_datetime_operator_2']) retrieved from /home/airflow/.local/lib/python3.6/site-packages/airflow/example_dags/example_branch_datetime_operator.py
[2021-08-18 09:15:20,628] {logging_mixin.py:104} INFO - [2021-08-18 09:15:20,628] {dag.py:1832} INFO - Sync 1 DAGs
[2021-08-18 09:15:20,648] {logging_mixin.py:104} INFO - [2021-08-18 09:15:20,648] {dag.py:2305} INFO - Setting next_dagrun for example_branch_datetime_operator_2 to 2021-08-16 00:00:00+00:00
[2021-08-18 09:15:20,659] {scheduler_job.py:190} INFO - Processing /home/airflow/.local/lib/python3.6/site-packages/airflow/example_dags/example_branch_datetime_operator.py took 0.077 seconds
[2021-08-18 09:15:51,021] {scheduler_job.py:182} INFO - Started process (PID=1883) to work on /home/airflow/.local/lib/python3.6/site-packages/airflow/example_dags/example_branch_datetime_operator.py
[2021-08-18 09:15:51,023] {scheduler_job.py:633} INFO - Processing file /home/airflow/.local/lib/python3.6/site-packages/airflow/example_dags/example_branch_datetime_operator.py for tasks to queue
[2021-08-18 09:15:51,024] {logging_mixin.py:104} INFO - [2021-08-18 09:15:51,024] {dagbag.py:487} INFO - Filling up the DagBag from /home/airflow/.local/lib/python3.6/site-packages/airflow/example_dags/example_branch_datetime_operator.py
[2021-08-18 09:15:51,038] {scheduler_job.py:643} INFO - DAG(s) dict_keys(['example_branch_datetime_operator_2']) retrieved from /home/airflow/.local/lib/python3.6/site-packages/airflow/example_dags/example_branch_datetime_operator.py
[2021-08-18 09:15:51,060] {logging_mixin.py:104} INFO - [2021-08-18 09:15:51,060] {dag.py:1832} INFO - Sync 1 DAGs
[2021-08-18 09:15:51,080] {logging_mixin.py:104} INFO - [2021-08-18 09:15:51,080] {dag.py:2305} INFO - Setting next_dagrun for example_branch_datetime_operator_2 to 2021-08-16 00:00:00+00:00
[2021-08-18 09:15:51,090] {scheduler_job.py:190} INFO - Processing /home/airflow/.local/lib/python3.6/site-packages/airflow/example_dags/example_branch_datetime_operator.py took 0.073 seconds
[2021-08-18 09:16:21,549] {scheduler_job.py:182} INFO - Started process (PID=1959) to work on /home/airflow/.local/lib/python3.6/site-packages/airflow/example_dags/example_branch_datetime_operator.py
[2021-08-18 09:16:21,551] {scheduler_job.py:633} INFO - Processing file /home/airflow/.local/lib/python3.6/site-packages/airflow/example_dags/example_branch_datetime_operator.py for tasks to queue
[2021-08-18 09:16:21,552] {logging_mixin.py:104} INFO - [2021-08-18 09:16:21,552] {dagbag.py:487} INFO - Filling up the DagBag from /home/airflow/.local/lib/python3.6/site-packages/airflow/example_dags/example_branch_datetime_operator.py
[2021-08-18 09:16:21,566] {scheduler_job.py:643} INFO - DAG(s) dict_keys(['example_branch_datetime_operator_2']) retrieved from /home/airflow/.local/lib/python3.6/site-packages/airflow/example_dags/example_branch_datetime_operator.py
[2021-08-18 09:16:21,598] {logging_mixin.py:104} INFO - [2021-08-18 09:16:21,598] {dag.py:1832} INFO - Sync 1 DAGs
[2021-08-18 09:16:21,624] {logging_mixin.py:104} INFO - [2021-08-18 09:16:21,624] {dag.py:2305} INFO - Setting next_dagrun for example_branch_datetime_operator_2 to 2021-08-16 00:00:00+00:00
[2021-08-18 09:16:21,637] {scheduler_job.py:190} INFO - Processing /home/airflow/.local/lib/python3.6/site-packages/airflow/example_dags/example_branch_datetime_operator.py took 0.091 seconds
[2021-08-18 09:16:52,518] {scheduler_job.py:182} INFO - Started process (PID=2032) to work on /home/airflow/.local/lib/python3.6/site-packages/airflow/example_dags/example_branch_datetime_operator.py
[2021-08-18 09:16:52,520] {scheduler_job.py:633} INFO - Processing file /home/airflow/.local/lib/python3.6/site-packages/airflow/example_dags/example_branch_datetime_operator.py for tasks to queue
[2021-08-18 09:16:52,522] {logging_mixin.py:104} INFO - [2021-08-18 09:16:52,522] {dagbag.py:487} INFO - Filling up the DagBag from /home/airflow/.local/lib/python3.6/site-packages/airflow/example_dags/example_branch_datetime_operator.py
[2021-08-18 09:16:52,540] {scheduler_job.py:643} INFO - DAG(s) dict_keys(['example_branch_datetime_operator_2']) retrieved from /home/airflow/.local/lib/python3.6/site-packages/airflow/example_dags/example_branch_datetime_operator.py
[2021-08-18 09:16:52,569] {logging_mixin.py:104} INFO - [2021-08-18 09:16:52,569] {dag.py:1832} INFO - Sync 1 DAGs
[2021-08-18 09:16:52,595] {logging_mixin.py:104} INFO - [2021-08-18 09:16:52,595] {dag.py:2305} INFO - Setting next_dagrun for example_branch_datetime_operator_2 to 2021-08-16 00:00:00+00:00
[2021-08-18 09:16:52,608] {scheduler_job.py:190} INFO - Processing /home/airflow/.local/lib/python3.6/site-packages/airflow/example_dags/example_branch_datetime_operator.py took 0.097 seconds
[2021-08-18 09:17:36,165] {scheduler_job.py:182} INFO - Started process (PID=55) to work on /home/airflow/.local/lib/python3.6/site-packages/airflow/example_dags/example_branch_datetime_operator.py
[2021-08-18 09:17:36,167] {scheduler_job.py:633} INFO - Processing file /home/airflow/.local/lib/python3.6/site-packages/airflow/example_dags/example_branch_datetime_operator.py for tasks to queue
[2021-08-18 09:17:36,169] {logging_mixin.py:104} INFO - [2021-08-18 09:17:36,169] {dagbag.py:487} INFO - Filling up the DagBag from /home/airflow/.local/lib/python3.6/site-packages/airflow/example_dags/example_branch_datetime_operator.py
[2021-08-18 09:17:36,184] {scheduler_job.py:643} INFO - DAG(s) dict_keys(['example_branch_datetime_operator_2']) retrieved from /home/airflow/.local/lib/python3.6/site-packages/airflow/example_dags/example_branch_datetime_operator.py
[2021-08-18 09:17:36,211] {logging_mixin.py:104} INFO - [2021-08-18 09:17:36,211] {dag.py:1832} INFO - Sync 1 DAGs
[2021-08-18 09:17:36,231] {logging_mixin.py:104} INFO - [2021-08-18 09:17:36,230] {dag.py:2305} INFO - Setting next_dagrun for example_branch_datetime_operator_2 to 2021-08-16 00:00:00+00:00
[2021-08-18 09:17:36,240] {scheduler_job.py:190} INFO - Processing /home/airflow/.local/lib/python3.6/site-packages/airflow/example_dags/example_branch_datetime_operator.py took 0.078 seconds
[2021-08-18 09:18:07,217] {scheduler_job.py:182} INFO - Started process (PID=132) to work on /home/airflow/.local/lib/python3.6/site-packages/airflow/example_dags/example_branch_datetime_operator.py
[2021-08-18 09:18:07,218] {scheduler_job.py:633} INFO - Processing file /home/airflow/.local/lib/python3.6/site-packages/airflow/example_dags/example_branch_datetime_operator.py for tasks to queue
[2021-08-18 09:18:07,219] {logging_mixin.py:104} INFO - [2021-08-18 09:18:07,219] {dagbag.py:487} INFO - Filling up the DagBag from /home/airflow/.local/lib/python3.6/site-packages/airflow/example_dags/example_branch_datetime_operator.py
[2021-08-18 09:18:07,232] {scheduler_job.py:643} INFO - DAG(s) dict_keys(['example_branch_datetime_operator_2']) retrieved from /home/airflow/.local/lib/python3.6/site-packages/airflow/example_dags/example_branch_datetime_operator.py
[2021-08-18 09:18:07,253] {logging_mixin.py:104} INFO - [2021-08-18 09:18:07,253] {dag.py:1832} INFO - Sync 1 DAGs
[2021-08-18 09:18:07,271] {logging_mixin.py:104} INFO - [2021-08-18 09:18:07,271] {dag.py:2305} INFO - Setting next_dagrun for example_branch_datetime_operator_2 to 2021-08-16 00:00:00+00:00
[2021-08-18 09:18:07,281] {scheduler_job.py:190} INFO - Processing /home/airflow/.local/lib/python3.6/site-packages/airflow/example_dags/example_branch_datetime_operator.py took 0.067 seconds
[2021-08-18 09:18:38,486] {scheduler_job.py:182} INFO - Started process (PID=195) to work on /home/airflow/.local/lib/python3.6/site-packages/airflow/example_dags/example_branch_datetime_operator.py
[2021-08-18 09:18:38,488] {scheduler_job.py:633} INFO - Processing file /home/airflow/.local/lib/python3.6/site-packages/airflow/example_dags/example_branch_datetime_operator.py for tasks to queue
[2021-08-18 09:18:38,489] {logging_mixin.py:104} INFO - [2021-08-18 09:18:38,489] {dagbag.py:487} INFO - Filling up the DagBag from /home/airflow/.local/lib/python3.6/site-packages/airflow/example_dags/example_branch_datetime_operator.py
[2021-08-18 09:18:38,503] {scheduler_job.py:643} INFO - DAG(s) dict_keys(['example_branch_datetime_operator_2']) retrieved from /home/airflow/.local/lib/python3.6/site-packages/airflow/example_dags/example_branch_datetime_operator.py
[2021-08-18 09:18:38,527] {logging_mixin.py:104} INFO - [2021-08-18 09:18:38,526] {dag.py:1832} INFO - Sync 1 DAGs
[2021-08-18 09:18:38,550] {logging_mixin.py:104} INFO - [2021-08-18 09:18:38,550] {dag.py:2305} INFO - Setting next_dagrun for example_branch_datetime_operator_2 to 2021-08-16 00:00:00+00:00
[2021-08-18 09:18:38,561] {scheduler_job.py:190} INFO - Processing /home/airflow/.local/lib/python3.6/site-packages/airflow/example_dags/example_branch_datetime_operator.py took 0.079 seconds
[2021-08-18 09:19:08,916] {scheduler_job.py:182} INFO - Started process (PID=273) to work on /home/airflow/.local/lib/python3.6/site-packages/airflow/example_dags/example_branch_datetime_operator.py
[2021-08-18 09:19:08,919] {scheduler_job.py:633} INFO - Processing file /home/airflow/.local/lib/python3.6/site-packages/airflow/example_dags/example_branch_datetime_operator.py for tasks to queue
[2021-08-18 09:19:08,920] {logging_mixin.py:104} INFO - [2021-08-18 09:19:08,920] {dagbag.py:487} INFO - Filling up the DagBag from /home/airflow/.local/lib/python3.6/site-packages/airflow/example_dags/example_branch_datetime_operator.py
[2021-08-18 09:19:08,935] {scheduler_job.py:643} INFO - DAG(s) dict_keys(['example_branch_datetime_operator_2']) retrieved from /home/airflow/.local/lib/python3.6/site-packages/airflow/example_dags/example_branch_datetime_operator.py
[2021-08-18 09:19:08,960] {logging_mixin.py:104} INFO - [2021-08-18 09:19:08,960] {dag.py:1832} INFO - Sync 1 DAGs
[2021-08-18 09:19:08,980] {logging_mixin.py:104} INFO - [2021-08-18 09:19:08,980] {dag.py:2305} INFO - Setting next_dagrun for example_branch_datetime_operator_2 to 2021-08-16 00:00:00+00:00
[2021-08-18 09:19:08,992] {scheduler_job.py:190} INFO - Processing /home/airflow/.local/lib/python3.6/site-packages/airflow/example_dags/example_branch_datetime_operator.py took 0.080 seconds
[2021-08-18 09:19:39,320] {scheduler_job.py:182} INFO - Started process (PID=351) to work on /home/airflow/.local/lib/python3.6/site-packages/airflow/example_dags/example_branch_datetime_operator.py
[2021-08-18 09:19:39,323] {scheduler_job.py:633} INFO - Processing file /home/airflow/.local/lib/python3.6/site-packages/airflow/example_dags/example_branch_datetime_operator.py for tasks to queue
[2021-08-18 09:19:39,324] {logging_mixin.py:104} INFO - [2021-08-18 09:19:39,324] {dagbag.py:487} INFO - Filling up the DagBag from /home/airflow/.local/lib/python3.6/site-packages/airflow/example_dags/example_branch_datetime_operator.py
[2021-08-18 09:19:39,338] {scheduler_job.py:643} INFO - DAG(s) dict_keys(['example_branch_datetime_operator_2']) retrieved from /home/airflow/.local/lib/python3.6/site-packages/airflow/example_dags/example_branch_datetime_operator.py
[2021-08-18 09:19:39,362] {logging_mixin.py:104} INFO - [2021-08-18 09:19:39,362] {dag.py:1832} INFO - Sync 1 DAGs
[2021-08-18 09:19:39,383] {logging_mixin.py:104} INFO - [2021-08-18 09:19:39,383] {dag.py:2305} INFO - Setting next_dagrun for example_branch_datetime_operator_2 to 2021-08-16 00:00:00+00:00
[2021-08-18 09:19:39,395] {scheduler_job.py:190} INFO - Processing /home/airflow/.local/lib/python3.6/site-packages/airflow/example_dags/example_branch_datetime_operator.py took 0.079 seconds
[2021-08-18 09:20:09,775] {scheduler_job.py:182} INFO - Started process (PID=413) to work on /home/airflow/.local/lib/python3.6/site-packages/airflow/example_dags/example_branch_datetime_operator.py
[2021-08-18 09:20:09,779] {scheduler_job.py:633} INFO - Processing file /home/airflow/.local/lib/python3.6/site-packages/airflow/example_dags/example_branch_datetime_operator.py for tasks to queue
[2021-08-18 09:20:09,780] {logging_mixin.py:104} INFO - [2021-08-18 09:20:09,780] {dagbag.py:487} INFO - Filling up the DagBag from /home/airflow/.local/lib/python3.6/site-packages/airflow/example_dags/example_branch_datetime_operator.py
[2021-08-18 09:20:09,794] {scheduler_job.py:643} INFO - DAG(s) dict_keys(['example_branch_datetime_operator_2']) retrieved from /home/airflow/.local/lib/python3.6/site-packages/airflow/example_dags/example_branch_datetime_operator.py
[2021-08-18 09:20:09,818] {logging_mixin.py:104} INFO - [2021-08-18 09:20:09,818] {dag.py:1832} INFO - Sync 1 DAGs
[2021-08-18 09:20:09,846] {logging_mixin.py:104} INFO - [2021-08-18 09:20:09,846] {dag.py:2305} INFO - Setting next_dagrun for example_branch_datetime_operator_2 to 2021-08-16 00:00:00+00:00
[2021-08-18 09:20:09,861] {scheduler_job.py:190} INFO - Processing /home/airflow/.local/lib/python3.6/site-packages/airflow/example_dags/example_branch_datetime_operator.py took 0.089 seconds
[2021-08-18 09:20:39,968] {scheduler_job.py:182} INFO - Started process (PID=490) to work on /home/airflow/.local/lib/python3.6/site-packages/airflow/example_dags/example_branch_datetime_operator.py
[2021-08-18 09:20:39,971] {scheduler_job.py:633} INFO - Processing file /home/airflow/.local/lib/python3.6/site-packages/airflow/example_dags/example_branch_datetime_operator.py for tasks to queue
[2021-08-18 09:20:39,972] {logging_mixin.py:104} INFO - [2021-08-18 09:20:39,972] {dagbag.py:487} INFO - Filling up the DagBag from /home/airflow/.local/lib/python3.6/site-packages/airflow/example_dags/example_branch_datetime_operator.py
[2021-08-18 09:20:39,985] {scheduler_job.py:643} INFO - DAG(s) dict_keys(['example_branch_datetime_operator_2']) retrieved from /home/airflow/.local/lib/python3.6/site-packages/airflow/example_dags/example_branch_datetime_operator.py
[2021-08-18 09:20:40,010] {logging_mixin.py:104} INFO - [2021-08-18 09:20:40,010] {dag.py:1832} INFO - Sync 1 DAGs
[2021-08-18 09:20:40,030] {logging_mixin.py:104} INFO - [2021-08-18 09:20:40,030] {dag.py:2305} INFO - Setting next_dagrun for example_branch_datetime_operator_2 to 2021-08-16 00:00:00+00:00
[2021-08-18 09:20:40,042] {scheduler_job.py:190} INFO - Processing /home/airflow/.local/lib/python3.6/site-packages/airflow/example_dags/example_branch_datetime_operator.py took 0.078 seconds
[2021-08-18 09:21:10,275] {scheduler_job.py:182} INFO - Started process (PID=551) to work on /home/airflow/.local/lib/python3.6/site-packages/airflow/example_dags/example_branch_datetime_operator.py
[2021-08-18 09:21:10,276] {scheduler_job.py:633} INFO - Processing file /home/airflow/.local/lib/python3.6/site-packages/airflow/example_dags/example_branch_datetime_operator.py for tasks to queue
[2021-08-18 09:21:10,277] {logging_mixin.py:104} INFO - [2021-08-18 09:21:10,277] {dagbag.py:487} INFO - Filling up the DagBag from /home/airflow/.local/lib/python3.6/site-packages/airflow/example_dags/example_branch_datetime_operator.py
[2021-08-18 09:21:10,290] {scheduler_job.py:643} INFO - DAG(s) dict_keys(['example_branch_datetime_operator_2']) retrieved from /home/airflow/.local/lib/python3.6/site-packages/airflow/example_dags/example_branch_datetime_operator.py
[2021-08-18 09:21:10,314] {logging_mixin.py:104} INFO - [2021-08-18 09:21:10,314] {dag.py:1832} INFO - Sync 1 DAGs
[2021-08-18 09:21:10,333] {logging_mixin.py:104} INFO - [2021-08-18 09:21:10,333] {dag.py:2305} INFO - Setting next_dagrun for example_branch_datetime_operator_2 to 2021-08-16 00:00:00+00:00
[2021-08-18 09:21:10,343] {scheduler_job.py:190} INFO - Processing /home/airflow/.local/lib/python3.6/site-packages/airflow/example_dags/example_branch_datetime_operator.py took 0.072 seconds
[2021-08-18 09:21:40,556] {scheduler_job.py:182} INFO - Started process (PID=629) to work on /home/airflow/.local/lib/python3.6/site-packages/airflow/example_dags/example_branch_datetime_operator.py
[2021-08-18 09:21:40,558] {scheduler_job.py:633} INFO - Processing file /home/airflow/.local/lib/python3.6/site-packages/airflow/example_dags/example_branch_datetime_operator.py for tasks to queue
[2021-08-18 09:21:40,559] {logging_mixin.py:104} INFO - [2021-08-18 09:21:40,559] {dagbag.py:487} INFO - Filling up the DagBag from /home/airflow/.local/lib/python3.6/site-packages/airflow/example_dags/example_branch_datetime_operator.py
[2021-08-18 09:21:40,575] {scheduler_job.py:643} INFO - DAG(s) dict_keys(['example_branch_datetime_operator_2']) retrieved from /home/airflow/.local/lib/python3.6/site-packages/airflow/example_dags/example_branch_datetime_operator.py
[2021-08-18 09:21:40,601] {logging_mixin.py:104} INFO - [2021-08-18 09:21:40,601] {dag.py:1832} INFO - Sync 1 DAGs
[2021-08-18 09:21:40,624] {logging_mixin.py:104} INFO - [2021-08-18 09:21:40,624] {dag.py:2305} INFO - Setting next_dagrun for example_branch_datetime_operator_2 to 2021-08-16 00:00:00+00:00
[2021-08-18 09:21:40,635] {scheduler_job.py:190} INFO - Processing /home/airflow/.local/lib/python3.6/site-packages/airflow/example_dags/example_branch_datetime_operator.py took 0.085 seconds
[2021-08-18 09:22:11,905] {scheduler_job.py:182} INFO - Started process (PID=709) to work on /home/airflow/.local/lib/python3.6/site-packages/airflow/example_dags/example_branch_datetime_operator.py
[2021-08-18 09:22:11,908] {scheduler_job.py:633} INFO - Processing file /home/airflow/.local/lib/python3.6/site-packages/airflow/example_dags/example_branch_datetime_operator.py for tasks to queue
[2021-08-18 09:22:11,909] {logging_mixin.py:104} INFO - [2021-08-18 09:22:11,909] {dagbag.py:487} INFO - Filling up the DagBag from /home/airflow/.local/lib/python3.6/site-packages/airflow/example_dags/example_branch_datetime_operator.py
[2021-08-18 09:22:11,924] {scheduler_job.py:643} INFO - DAG(s) dict_keys(['example_branch_datetime_operator_2']) retrieved from /home/airflow/.local/lib/python3.6/site-packages/airflow/example_dags/example_branch_datetime_operator.py
[2021-08-18 09:22:11,949] {logging_mixin.py:104} INFO - [2021-08-18 09:22:11,949] {dag.py:1832} INFO - Sync 1 DAGs
[2021-08-18 09:22:11,973] {logging_mixin.py:104} INFO - [2021-08-18 09:22:11,972] {dag.py:2305} INFO - Setting next_dagrun for example_branch_datetime_operator_2 to 2021-08-16 00:00:00+00:00
[2021-08-18 09:22:11,988] {scheduler_job.py:190} INFO - Processing /home/airflow/.local/lib/python3.6/site-packages/airflow/example_dags/example_branch_datetime_operator.py took 0.091 seconds
[2021-08-18 09:22:42,155] {scheduler_job.py:182} INFO - Started process (PID=770) to work on /home/airflow/.local/lib/python3.6/site-packages/airflow/example_dags/example_branch_datetime_operator.py
[2021-08-18 09:22:42,157] {scheduler_job.py:633} INFO - Processing file /home/airflow/.local/lib/python3.6/site-packages/airflow/example_dags/example_branch_datetime_operator.py for tasks to queue
[2021-08-18 09:22:42,158] {logging_mixin.py:104} INFO - [2021-08-18 09:22:42,158] {dagbag.py:487} INFO - Filling up the DagBag from /home/airflow/.local/lib/python3.6/site-packages/airflow/example_dags/example_branch_datetime_operator.py
[2021-08-18 09:22:42,172] {scheduler_job.py:643} INFO - DAG(s) dict_keys(['example_branch_datetime_operator_2']) retrieved from /home/airflow/.local/lib/python3.6/site-packages/airflow/example_dags/example_branch_datetime_operator.py
[2021-08-18 09:22:42,197] {logging_mixin.py:104} INFO - [2021-08-18 09:22:42,197] {dag.py:1832} INFO - Sync 1 DAGs
[2021-08-18 09:22:42,220] {logging_mixin.py:104} INFO - [2021-08-18 09:22:42,220] {dag.py:2305} INFO - Setting next_dagrun for example_branch_datetime_operator_2 to 2021-08-16 00:00:00+00:00
[2021-08-18 09:22:42,232] {scheduler_job.py:190} INFO - Processing /home/airflow/.local/lib/python3.6/site-packages/airflow/example_dags/example_branch_datetime_operator.py took 0.081 seconds
[2021-08-18 09:23:13,296] {scheduler_job.py:182} INFO - Started process (PID=847) to work on /home/airflow/.local/lib/python3.6/site-packages/airflow/example_dags/example_branch_datetime_operator.py
[2021-08-18 09:23:13,298] {scheduler_job.py:633} INFO - Processing file /home/airflow/.local/lib/python3.6/site-packages/airflow/example_dags/example_branch_datetime_operator.py for tasks to queue
[2021-08-18 09:23:13,299] {logging_mixin.py:104} INFO - [2021-08-18 09:23:13,299] {dagbag.py:487} INFO - Filling up the DagBag from /home/airflow/.local/lib/python3.6/site-packages/airflow/example_dags/example_branch_datetime_operator.py
[2021-08-18 09:23:13,313] {scheduler_job.py:643} INFO - DAG(s) dict_keys(['example_branch_datetime_operator_2']) retrieved from /home/airflow/.local/lib/python3.6/site-packages/airflow/example_dags/example_branch_datetime_operator.py
[2021-08-18 09:23:13,337] {logging_mixin.py:104} INFO - [2021-08-18 09:23:13,337] {dag.py:1832} INFO - Sync 1 DAGs
[2021-08-18 09:23:13,355] {logging_mixin.py:104} INFO - [2021-08-18 09:23:13,355] {dag.py:2305} INFO - Setting next_dagrun for example_branch_datetime_operator_2 to 2021-08-16 00:00:00+00:00
[2021-08-18 09:23:13,366] {scheduler_job.py:190} INFO - Processing /home/airflow/.local/lib/python3.6/site-packages/airflow/example_dags/example_branch_datetime_operator.py took 0.074 seconds
[2021-08-18 09:23:44,039] {scheduler_job.py:182} INFO - Started process (PID=931) to work on /home/airflow/.local/lib/python3.6/site-packages/airflow/example_dags/example_branch_datetime_operator.py
[2021-08-18 09:23:44,054] {scheduler_job.py:633} INFO - Processing file /home/airflow/.local/lib/python3.6/site-packages/airflow/example_dags/example_branch_datetime_operator.py for tasks to queue
[2021-08-18 09:23:44,056] {logging_mixin.py:104} INFO - [2021-08-18 09:23:44,056] {dagbag.py:487} INFO - Filling up the DagBag from /home/airflow/.local/lib/python3.6/site-packages/airflow/example_dags/example_branch_datetime_operator.py
[2021-08-18 09:23:44,069] {scheduler_job.py:643} INFO - DAG(s) dict_keys(['example_branch_datetime_operator_2']) retrieved from /home/airflow/.local/lib/python3.6/site-packages/airflow/example_dags/example_branch_datetime_operator.py
[2021-08-18 09:23:44,110] {logging_mixin.py:104} INFO - [2021-08-18 09:23:44,109] {dag.py:1832} INFO - Sync 1 DAGs
[2021-08-18 09:23:44,135] {logging_mixin.py:104} INFO - [2021-08-18 09:23:44,135] {dag.py:2305} INFO - Setting next_dagrun for example_branch_datetime_operator_2 to 2021-08-16 00:00:00+00:00
[2021-08-18 09:23:44,146] {scheduler_job.py:190} INFO - Processing /home/airflow/.local/lib/python3.6/site-packages/airflow/example_dags/example_branch_datetime_operator.py took 0.111 seconds
[2021-08-18 09:24:15,175] {scheduler_job.py:182} INFO - Started process (PID=999) to work on /home/airflow/.local/lib/python3.6/site-packages/airflow/example_dags/example_branch_datetime_operator.py
[2021-08-18 09:24:15,177] {scheduler_job.py:633} INFO - Processing file /home/airflow/.local/lib/python3.6/site-packages/airflow/example_dags/example_branch_datetime_operator.py for tasks to queue
[2021-08-18 09:24:15,178] {logging_mixin.py:104} INFO - [2021-08-18 09:24:15,178] {dagbag.py:487} INFO - Filling up the DagBag from /home/airflow/.local/lib/python3.6/site-packages/airflow/example_dags/example_branch_datetime_operator.py
[2021-08-18 09:24:15,191] {scheduler_job.py:643} INFO - DAG(s) dict_keys(['example_branch_datetime_operator_2']) retrieved from /home/airflow/.local/lib/python3.6/site-packages/airflow/example_dags/example_branch_datetime_operator.py
[2021-08-18 09:24:15,216] {logging_mixin.py:104} INFO - [2021-08-18 09:24:15,216] {dag.py:1832} INFO - Sync 1 DAGs
[2021-08-18 09:24:15,239] {logging_mixin.py:104} INFO - [2021-08-18 09:24:15,239] {dag.py:2305} INFO - Setting next_dagrun for example_branch_datetime_operator_2 to 2021-08-16 00:00:00+00:00
[2021-08-18 09:24:15,250] {scheduler_job.py:190} INFO - Processing /home/airflow/.local/lib/python3.6/site-packages/airflow/example_dags/example_branch_datetime_operator.py took 0.079 seconds
[2021-08-18 09:24:45,629] {scheduler_job.py:182} INFO - Started process (PID=1077) to work on /home/airflow/.local/lib/python3.6/site-packages/airflow/example_dags/example_branch_datetime_operator.py
[2021-08-18 09:24:45,632] {scheduler_job.py:633} INFO - Processing file /home/airflow/.local/lib/python3.6/site-packages/airflow/example_dags/example_branch_datetime_operator.py for tasks to queue
[2021-08-18 09:24:45,633] {logging_mixin.py:104} INFO - [2021-08-18 09:24:45,633] {dagbag.py:487} INFO - Filling up the DagBag from /home/airflow/.local/lib/python3.6/site-packages/airflow/example_dags/example_branch_datetime_operator.py
[2021-08-18 09:24:45,648] {scheduler_job.py:643} INFO - DAG(s) dict_keys(['example_branch_datetime_operator_2']) retrieved from /home/airflow/.local/lib/python3.6/site-packages/airflow/example_dags/example_branch_datetime_operator.py
[2021-08-18 09:24:45,672] {logging_mixin.py:104} INFO - [2021-08-18 09:24:45,672] {dag.py:1832} INFO - Sync 1 DAGs
[2021-08-18 09:24:45,705] {logging_mixin.py:104} INFO - [2021-08-18 09:24:45,705] {dag.py:2305} INFO - Setting next_dagrun for example_branch_datetime_operator_2 to 2021-08-16 00:00:00+00:00
[2021-08-18 09:24:45,720] {scheduler_job.py:190} INFO - Processing /home/airflow/.local/lib/python3.6/site-packages/airflow/example_dags/example_branch_datetime_operator.py took 0.095 seconds
[2021-08-18 09:25:16,974] {scheduler_job.py:182} INFO - Started process (PID=1138) to work on /home/airflow/.local/lib/python3.6/site-packages/airflow/example_dags/example_branch_datetime_operator.py
[2021-08-18 09:25:16,976] {scheduler_job.py:633} INFO - Processing file /home/airflow/.local/lib/python3.6/site-packages/airflow/example_dags/example_branch_datetime_operator.py for tasks to queue
[2021-08-18 09:25:16,978] {logging_mixin.py:104} INFO - [2021-08-18 09:25:16,978] {dagbag.py:487} INFO - Filling up the DagBag from /home/airflow/.local/lib/python3.6/site-packages/airflow/example_dags/example_branch_datetime_operator.py
[2021-08-18 09:25:16,998] {scheduler_job.py:643} INFO - DAG(s) dict_keys(['example_branch_datetime_operator_2']) retrieved from /home/airflow/.local/lib/python3.6/site-packages/airflow/example_dags/example_branch_datetime_operator.py
[2021-08-18 09:25:17,029] {logging_mixin.py:104} INFO - [2021-08-18 09:25:17,029] {dag.py:1832} INFO - Sync 1 DAGs
[2021-08-18 09:25:17,059] {logging_mixin.py:104} INFO - [2021-08-18 09:25:17,059] {dag.py:2305} INFO - Setting next_dagrun for example_branch_datetime_operator_2 to 2021-08-16 00:00:00+00:00
[2021-08-18 09:25:17,073] {scheduler_job.py:190} INFO - Processing /home/airflow/.local/lib/python3.6/site-packages/airflow/example_dags/example_branch_datetime_operator.py took 0.105 seconds
[2021-08-18 09:25:47,135] {scheduler_job.py:182} INFO - Started process (PID=1216) to work on /home/airflow/.local/lib/python3.6/site-packages/airflow/example_dags/example_branch_datetime_operator.py
[2021-08-18 09:25:47,137] {scheduler_job.py:633} INFO - Processing file /home/airflow/.local/lib/python3.6/site-packages/airflow/example_dags/example_branch_datetime_operator.py for tasks to queue
[2021-08-18 09:25:47,138] {logging_mixin.py:104} INFO - [2021-08-18 09:25:47,138] {dagbag.py:487} INFO - Filling up the DagBag from /home/airflow/.local/lib/python3.6/site-packages/airflow/example_dags/example_branch_datetime_operator.py
[2021-08-18 09:25:47,153] {scheduler_job.py:643} INFO - DAG(s) dict_keys(['example_branch_datetime_operator_2']) retrieved from /home/airflow/.local/lib/python3.6/site-packages/airflow/example_dags/example_branch_datetime_operator.py
[2021-08-18 09:25:47,178] {logging_mixin.py:104} INFO - [2021-08-18 09:25:47,178] {dag.py:1832} INFO - Sync 1 DAGs
[2021-08-18 09:25:47,200] {logging_mixin.py:104} INFO - [2021-08-18 09:25:47,200] {dag.py:2305} INFO - Setting next_dagrun for example_branch_datetime_operator_2 to 2021-08-16 00:00:00+00:00
[2021-08-18 09:25:47,212] {scheduler_job.py:190} INFO - Processing /home/airflow/.local/lib/python3.6/site-packages/airflow/example_dags/example_branch_datetime_operator.py took 0.081 seconds
[2021-08-18 09:26:17,425] {scheduler_job.py:182} INFO - Started process (PID=1286) to work on /home/airflow/.local/lib/python3.6/site-packages/airflow/example_dags/example_branch_datetime_operator.py
[2021-08-18 09:26:17,427] {scheduler_job.py:633} INFO - Processing file /home/airflow/.local/lib/python3.6/site-packages/airflow/example_dags/example_branch_datetime_operator.py for tasks to queue
[2021-08-18 09:26:17,428] {logging_mixin.py:104} INFO - [2021-08-18 09:26:17,428] {dagbag.py:487} INFO - Filling up the DagBag from /home/airflow/.local/lib/python3.6/site-packages/airflow/example_dags/example_branch_datetime_operator.py
[2021-08-18 09:26:17,442] {scheduler_job.py:643} INFO - DAG(s) dict_keys(['example_branch_datetime_operator_2']) retrieved from /home/airflow/.local/lib/python3.6/site-packages/airflow/example_dags/example_branch_datetime_operator.py
[2021-08-18 09:26:17,468] {logging_mixin.py:104} INFO - [2021-08-18 09:26:17,468] {dag.py:1832} INFO - Sync 1 DAGs
[2021-08-18 09:26:17,498] {logging_mixin.py:104} INFO - [2021-08-18 09:26:17,498] {dag.py:2305} INFO - Setting next_dagrun for example_branch_datetime_operator_2 to 2021-08-16 00:00:00+00:00
[2021-08-18 09:26:17,544] {scheduler_job.py:190} INFO - Processing /home/airflow/.local/lib/python3.6/site-packages/airflow/example_dags/example_branch_datetime_operator.py took 0.122 seconds
[2021-08-18 09:26:48,436] {scheduler_job.py:182} INFO - Started process (PID=1353) to work on /home/airflow/.local/lib/python3.6/site-packages/airflow/example_dags/example_branch_datetime_operator.py
[2021-08-18 09:26:48,439] {scheduler_job.py:633} INFO - Processing file /home/airflow/.local/lib/python3.6/site-packages/airflow/example_dags/example_branch_datetime_operator.py for tasks to queue
[2021-08-18 09:26:48,440] {logging_mixin.py:104} INFO - [2021-08-18 09:26:48,440] {dagbag.py:487} INFO - Filling up the DagBag from /home/airflow/.local/lib/python3.6/site-packages/airflow/example_dags/example_branch_datetime_operator.py
[2021-08-18 09:26:48,454] {scheduler_job.py:643} INFO - DAG(s) dict_keys(['example_branch_datetime_operator_2']) retrieved from /home/airflow/.local/lib/python3.6/site-packages/airflow/example_dags/example_branch_datetime_operator.py
[2021-08-18 09:26:48,479] {logging_mixin.py:104} INFO - [2021-08-18 09:26:48,479] {dag.py:1832} INFO - Sync 1 DAGs
[2021-08-18 09:26:48,501] {logging_mixin.py:104} INFO - [2021-08-18 09:26:48,501] {dag.py:2305} INFO - Setting next_dagrun for example_branch_datetime_operator_2 to 2021-08-16 00:00:00+00:00
[2021-08-18 09:26:48,512] {scheduler_job.py:190} INFO - Processing /home/airflow/.local/lib/python3.6/site-packages/airflow/example_dags/example_branch_datetime_operator.py took 0.080 seconds
[2021-08-18 09:27:19,452] {scheduler_job.py:182} INFO - Started process (PID=1429) to work on /home/airflow/.local/lib/python3.6/site-packages/airflow/example_dags/example_branch_datetime_operator.py
[2021-08-18 09:27:19,454] {scheduler_job.py:633} INFO - Processing file /home/airflow/.local/lib/python3.6/site-packages/airflow/example_dags/example_branch_datetime_operator.py for tasks to queue
[2021-08-18 09:27:19,456] {logging_mixin.py:104} INFO - [2021-08-18 09:27:19,456] {dagbag.py:487} INFO - Filling up the DagBag from /home/airflow/.local/lib/python3.6/site-packages/airflow/example_dags/example_branch_datetime_operator.py
[2021-08-18 09:27:19,472] {scheduler_job.py:643} INFO - DAG(s) dict_keys(['example_branch_datetime_operator_2']) retrieved from /home/airflow/.local/lib/python3.6/site-packages/airflow/example_dags/example_branch_datetime_operator.py
[2021-08-18 09:27:19,501] {logging_mixin.py:104} INFO - [2021-08-18 09:27:19,501] {dag.py:1832} INFO - Sync 1 DAGs
[2021-08-18 09:27:19,527] {logging_mixin.py:104} INFO - [2021-08-18 09:27:19,527] {dag.py:2305} INFO - Setting next_dagrun for example_branch_datetime_operator_2 to 2021-08-16 00:00:00+00:00
[2021-08-18 09:27:19,542] {scheduler_job.py:190} INFO - Processing /home/airflow/.local/lib/python3.6/site-packages/airflow/example_dags/example_branch_datetime_operator.py took 0.094 seconds
[2021-08-18 09:27:49,837] {scheduler_job.py:182} INFO - Started process (PID=1499) to work on /home/airflow/.local/lib/python3.6/site-packages/airflow/example_dags/example_branch_datetime_operator.py
[2021-08-18 09:27:49,839] {scheduler_job.py:633} INFO - Processing file /home/airflow/.local/lib/python3.6/site-packages/airflow/example_dags/example_branch_datetime_operator.py for tasks to queue
[2021-08-18 09:27:49,840] {logging_mixin.py:104} INFO - [2021-08-18 09:27:49,840] {dagbag.py:487} INFO - Filling up the DagBag from /home/airflow/.local/lib/python3.6/site-packages/airflow/example_dags/example_branch_datetime_operator.py
[2021-08-18 09:27:49,855] {scheduler_job.py:643} INFO - DAG(s) dict_keys(['example_branch_datetime_operator_2']) retrieved from /home/airflow/.local/lib/python3.6/site-packages/airflow/example_dags/example_branch_datetime_operator.py
[2021-08-18 09:27:49,879] {logging_mixin.py:104} INFO - [2021-08-18 09:27:49,879] {dag.py:1832} INFO - Sync 1 DAGs
[2021-08-18 09:27:49,900] {logging_mixin.py:104} INFO - [2021-08-18 09:27:49,900] {dag.py:2305} INFO - Setting next_dagrun for example_branch_datetime_operator_2 to 2021-08-16 00:00:00+00:00
[2021-08-18 09:27:49,913] {scheduler_job.py:190} INFO - Processing /home/airflow/.local/lib/python3.6/site-packages/airflow/example_dags/example_branch_datetime_operator.py took 0.080 seconds
[2021-08-18 09:28:20,750] {scheduler_job.py:182} INFO - Started process (PID=1570) to work on /home/airflow/.local/lib/python3.6/site-packages/airflow/example_dags/example_branch_datetime_operator.py
[2021-08-18 09:28:20,752] {scheduler_job.py:633} INFO - Processing file /home/airflow/.local/lib/python3.6/site-packages/airflow/example_dags/example_branch_datetime_operator.py for tasks to queue
[2021-08-18 09:28:20,754] {logging_mixin.py:104} INFO - [2021-08-18 09:28:20,754] {dagbag.py:487} INFO - Filling up the DagBag from /home/airflow/.local/lib/python3.6/site-packages/airflow/example_dags/example_branch_datetime_operator.py
[2021-08-18 09:28:20,769] {scheduler_job.py:643} INFO - DAG(s) dict_keys(['example_branch_datetime_operator_2']) retrieved from /home/airflow/.local/lib/python3.6/site-packages/airflow/example_dags/example_branch_datetime_operator.py
[2021-08-18 09:28:20,790] {logging_mixin.py:104} INFO - [2021-08-18 09:28:20,790] {dag.py:1832} INFO - Sync 1 DAGs
[2021-08-18 09:28:20,809] {logging_mixin.py:104} INFO - [2021-08-18 09:28:20,809] {dag.py:2305} INFO - Setting next_dagrun for example_branch_datetime_operator_2 to 2021-08-16 00:00:00+00:00
[2021-08-18 09:28:20,820] {scheduler_job.py:190} INFO - Processing /home/airflow/.local/lib/python3.6/site-packages/airflow/example_dags/example_branch_datetime_operator.py took 0.074 seconds
[2021-08-18 09:28:51,865] {scheduler_job.py:182} INFO - Started process (PID=1648) to work on /home/airflow/.local/lib/python3.6/site-packages/airflow/example_dags/example_branch_datetime_operator.py
[2021-08-18 09:28:51,867] {scheduler_job.py:633} INFO - Processing file /home/airflow/.local/lib/python3.6/site-packages/airflow/example_dags/example_branch_datetime_operator.py for tasks to queue
[2021-08-18 09:28:51,868] {logging_mixin.py:104} INFO - [2021-08-18 09:28:51,868] {dagbag.py:487} INFO - Filling up the DagBag from /home/airflow/.local/lib/python3.6/site-packages/airflow/example_dags/example_branch_datetime_operator.py
[2021-08-18 09:28:51,881] {scheduler_job.py:643} INFO - DAG(s) dict_keys(['example_branch_datetime_operator_2']) retrieved from /home/airflow/.local/lib/python3.6/site-packages/airflow/example_dags/example_branch_datetime_operator.py
[2021-08-18 09:28:51,902] {logging_mixin.py:104} INFO - [2021-08-18 09:28:51,902] {dag.py:1832} INFO - Sync 1 DAGs
[2021-08-18 09:28:51,922] {logging_mixin.py:104} INFO - [2021-08-18 09:28:51,922] {dag.py:2305} INFO - Setting next_dagrun for example_branch_datetime_operator_2 to 2021-08-16 00:00:00+00:00
[2021-08-18 09:28:51,938] {scheduler_job.py:190} INFO - Processing /home/airflow/.local/lib/python3.6/site-packages/airflow/example_dags/example_branch_datetime_operator.py took 0.076 seconds
[2021-08-18 09:29:22,047] {scheduler_job.py:182} INFO - Started process (PID=1710) to work on /home/airflow/.local/lib/python3.6/site-packages/airflow/example_dags/example_branch_datetime_operator.py
[2021-08-18 09:29:22,049] {scheduler_job.py:633} INFO - Processing file /home/airflow/.local/lib/python3.6/site-packages/airflow/example_dags/example_branch_datetime_operator.py for tasks to queue
[2021-08-18 09:29:22,050] {logging_mixin.py:104} INFO - [2021-08-18 09:29:22,050] {dagbag.py:487} INFO - Filling up the DagBag from /home/airflow/.local/lib/python3.6/site-packages/airflow/example_dags/example_branch_datetime_operator.py
[2021-08-18 09:29:22,062] {scheduler_job.py:643} INFO - DAG(s) dict_keys(['example_branch_datetime_operator_2']) retrieved from /home/airflow/.local/lib/python3.6/site-packages/airflow/example_dags/example_branch_datetime_operator.py
[2021-08-18 09:29:22,081] {logging_mixin.py:104} INFO - [2021-08-18 09:29:22,081] {dag.py:1832} INFO - Sync 1 DAGs
[2021-08-18 09:29:22,097] {logging_mixin.py:104} INFO - [2021-08-18 09:29:22,097] {dag.py:2305} INFO - Setting next_dagrun for example_branch_datetime_operator_2 to 2021-08-16 00:00:00+00:00
[2021-08-18 09:29:22,107] {scheduler_job.py:190} INFO - Processing /home/airflow/.local/lib/python3.6/site-packages/airflow/example_dags/example_branch_datetime_operator.py took 0.062 seconds
[2021-08-18 09:29:52,540] {scheduler_job.py:182} INFO - Started process (PID=1786) to work on /home/airflow/.local/lib/python3.6/site-packages/airflow/example_dags/example_branch_datetime_operator.py
[2021-08-18 09:29:52,543] {scheduler_job.py:633} INFO - Processing file /home/airflow/.local/lib/python3.6/site-packages/airflow/example_dags/example_branch_datetime_operator.py for tasks to queue
[2021-08-18 09:29:52,544] {logging_mixin.py:104} INFO - [2021-08-18 09:29:52,544] {dagbag.py:487} INFO - Filling up the DagBag from /home/airflow/.local/lib/python3.6/site-packages/airflow/example_dags/example_branch_datetime_operator.py
[2021-08-18 09:29:52,556] {scheduler_job.py:643} INFO - DAG(s) dict_keys(['example_branch_datetime_operator_2']) retrieved from /home/airflow/.local/lib/python3.6/site-packages/airflow/example_dags/example_branch_datetime_operator.py
[2021-08-18 09:29:52,577] {logging_mixin.py:104} INFO - [2021-08-18 09:29:52,577] {dag.py:1832} INFO - Sync 1 DAGs
[2021-08-18 09:29:52,597] {logging_mixin.py:104} INFO - [2021-08-18 09:29:52,596] {dag.py:2305} INFO - Setting next_dagrun for example_branch_datetime_operator_2 to 2021-08-16 00:00:00+00:00
[2021-08-18 09:29:52,606] {scheduler_job.py:190} INFO - Processing /home/airflow/.local/lib/python3.6/site-packages/airflow/example_dags/example_branch_datetime_operator.py took 0.070 seconds
[2021-08-18 09:30:23,543] {scheduler_job.py:182} INFO - Started process (PID=1862) to work on /home/airflow/.local/lib/python3.6/site-packages/airflow/example_dags/example_branch_datetime_operator.py
[2021-08-18 09:30:23,546] {scheduler_job.py:633} INFO - Processing file /home/airflow/.local/lib/python3.6/site-packages/airflow/example_dags/example_branch_datetime_operator.py for tasks to queue
[2021-08-18 09:30:23,547] {logging_mixin.py:104} INFO - [2021-08-18 09:30:23,547] {dagbag.py:487} INFO - Filling up the DagBag from /home/airflow/.local/lib/python3.6/site-packages/airflow/example_dags/example_branch_datetime_operator.py
[2021-08-18 09:30:23,564] {scheduler_job.py:643} INFO - DAG(s) dict_keys(['example_branch_datetime_operator_2']) retrieved from /home/airflow/.local/lib/python3.6/site-packages/airflow/example_dags/example_branch_datetime_operator.py
[2021-08-18 09:30:23,588] {logging_mixin.py:104} INFO - [2021-08-18 09:30:23,588] {dag.py:1832} INFO - Sync 1 DAGs
[2021-08-18 09:30:23,615] {logging_mixin.py:104} INFO - [2021-08-18 09:30:23,615] {dag.py:2305} INFO - Setting next_dagrun for example_branch_datetime_operator_2 to 2021-08-16 00:00:00+00:00
[2021-08-18 09:30:23,634] {scheduler_job.py:190} INFO - Processing /home/airflow/.local/lib/python3.6/site-packages/airflow/example_dags/example_branch_datetime_operator.py took 0.095 seconds
[2021-08-18 09:30:54,655] {scheduler_job.py:182} INFO - Started process (PID=1924) to work on /home/airflow/.local/lib/python3.6/site-packages/airflow/example_dags/example_branch_datetime_operator.py
[2021-08-18 09:30:54,657] {scheduler_job.py:633} INFO - Processing file /home/airflow/.local/lib/python3.6/site-packages/airflow/example_dags/example_branch_datetime_operator.py for tasks to queue
[2021-08-18 09:30:54,658] {logging_mixin.py:104} INFO - [2021-08-18 09:30:54,658] {dagbag.py:487} INFO - Filling up the DagBag from /home/airflow/.local/lib/python3.6/site-packages/airflow/example_dags/example_branch_datetime_operator.py
[2021-08-18 09:30:54,672] {scheduler_job.py:643} INFO - DAG(s) dict_keys(['example_branch_datetime_operator_2']) retrieved from /home/airflow/.local/lib/python3.6/site-packages/airflow/example_dags/example_branch_datetime_operator.py
[2021-08-18 09:30:54,693] {logging_mixin.py:104} INFO - [2021-08-18 09:30:54,693] {dag.py:1832} INFO - Sync 1 DAGs
[2021-08-18 09:30:54,713] {logging_mixin.py:104} INFO - [2021-08-18 09:30:54,713] {dag.py:2305} INFO - Setting next_dagrun for example_branch_datetime_operator_2 to 2021-08-16 00:00:00+00:00
[2021-08-18 09:30:54,722] {scheduler_job.py:190} INFO - Processing /home/airflow/.local/lib/python3.6/site-packages/airflow/example_dags/example_branch_datetime_operator.py took 0.071 seconds
[2021-08-18 09:31:25,561] {scheduler_job.py:182} INFO - Started process (PID=2001) to work on /home/airflow/.local/lib/python3.6/site-packages/airflow/example_dags/example_branch_datetime_operator.py
[2021-08-18 09:31:25,562] {scheduler_job.py:633} INFO - Processing file /home/airflow/.local/lib/python3.6/site-packages/airflow/example_dags/example_branch_datetime_operator.py for tasks to queue
[2021-08-18 09:31:25,564] {logging_mixin.py:104} INFO - [2021-08-18 09:31:25,563] {dagbag.py:487} INFO - Filling up the DagBag from /home/airflow/.local/lib/python3.6/site-packages/airflow/example_dags/example_branch_datetime_operator.py
[2021-08-18 09:31:25,578] {scheduler_job.py:643} INFO - DAG(s) dict_keys(['example_branch_datetime_operator_2']) retrieved from /home/airflow/.local/lib/python3.6/site-packages/airflow/example_dags/example_branch_datetime_operator.py
[2021-08-18 09:31:25,604] {logging_mixin.py:104} INFO - [2021-08-18 09:31:25,604] {dag.py:1832} INFO - Sync 1 DAGs
[2021-08-18 09:31:25,626] {logging_mixin.py:104} INFO - [2021-08-18 09:31:25,626] {dag.py:2305} INFO - Setting next_dagrun for example_branch_datetime_operator_2 to 2021-08-16 00:00:00+00:00
[2021-08-18 09:31:25,638] {scheduler_job.py:190} INFO - Processing /home/airflow/.local/lib/python3.6/site-packages/airflow/example_dags/example_branch_datetime_operator.py took 0.082 seconds
[2021-08-18 09:31:56,541] {scheduler_job.py:182} INFO - Started process (PID=2080) to work on /home/airflow/.local/lib/python3.6/site-packages/airflow/example_dags/example_branch_datetime_operator.py
[2021-08-18 09:31:56,542] {scheduler_job.py:633} INFO - Processing file /home/airflow/.local/lib/python3.6/site-packages/airflow/example_dags/example_branch_datetime_operator.py for tasks to queue
[2021-08-18 09:31:56,544] {logging_mixin.py:104} INFO - [2021-08-18 09:31:56,543] {dagbag.py:487} INFO - Filling up the DagBag from /home/airflow/.local/lib/python3.6/site-packages/airflow/example_dags/example_branch_datetime_operator.py
[2021-08-18 09:31:56,556] {scheduler_job.py:643} INFO - DAG(s) dict_keys(['example_branch_datetime_operator_2']) retrieved from /home/airflow/.local/lib/python3.6/site-packages/airflow/example_dags/example_branch_datetime_operator.py
[2021-08-18 09:31:56,575] {logging_mixin.py:104} INFO - [2021-08-18 09:31:56,575] {dag.py:1832} INFO - Sync 1 DAGs
[2021-08-18 09:31:56,592] {logging_mixin.py:104} INFO - [2021-08-18 09:31:56,592] {dag.py:2305} INFO - Setting next_dagrun for example_branch_datetime_operator_2 to 2021-08-16 00:00:00+00:00
[2021-08-18 09:31:56,600] {scheduler_job.py:190} INFO - Processing /home/airflow/.local/lib/python3.6/site-packages/airflow/example_dags/example_branch_datetime_operator.py took 0.063 seconds
[2021-08-18 09:32:27,175] {scheduler_job.py:182} INFO - Started process (PID=2143) to work on /home/airflow/.local/lib/python3.6/site-packages/airflow/example_dags/example_branch_datetime_operator.py
[2021-08-18 09:32:27,176] {scheduler_job.py:633} INFO - Processing file /home/airflow/.local/lib/python3.6/site-packages/airflow/example_dags/example_branch_datetime_operator.py for tasks to queue
[2021-08-18 09:32:27,177] {logging_mixin.py:104} INFO - [2021-08-18 09:32:27,177] {dagbag.py:487} INFO - Filling up the DagBag from /home/airflow/.local/lib/python3.6/site-packages/airflow/example_dags/example_branch_datetime_operator.py
[2021-08-18 09:32:27,190] {scheduler_job.py:643} INFO - DAG(s) dict_keys(['example_branch_datetime_operator_2']) retrieved from /home/airflow/.local/lib/python3.6/site-packages/airflow/example_dags/example_branch_datetime_operator.py
[2021-08-18 09:32:27,211] {logging_mixin.py:104} INFO - [2021-08-18 09:32:27,210] {dag.py:1832} INFO - Sync 1 DAGs
[2021-08-18 09:32:27,229] {logging_mixin.py:104} INFO - [2021-08-18 09:32:27,229] {dag.py:2305} INFO - Setting next_dagrun for example_branch_datetime_operator_2 to 2021-08-16 00:00:00+00:00
[2021-08-18 09:32:27,238] {scheduler_job.py:190} INFO - Processing /home/airflow/.local/lib/python3.6/site-packages/airflow/example_dags/example_branch_datetime_operator.py took 0.067 seconds
[2021-08-18 09:32:58,199] {scheduler_job.py:182} INFO - Started process (PID=2219) to work on /home/airflow/.local/lib/python3.6/site-packages/airflow/example_dags/example_branch_datetime_operator.py
[2021-08-18 09:32:58,201] {scheduler_job.py:633} INFO - Processing file /home/airflow/.local/lib/python3.6/site-packages/airflow/example_dags/example_branch_datetime_operator.py for tasks to queue
[2021-08-18 09:32:58,202] {logging_mixin.py:104} INFO - [2021-08-18 09:32:58,202] {dagbag.py:487} INFO - Filling up the DagBag from /home/airflow/.local/lib/python3.6/site-packages/airflow/example_dags/example_branch_datetime_operator.py
[2021-08-18 09:32:58,218] {scheduler_job.py:643} INFO - DAG(s) dict_keys(['example_branch_datetime_operator_2']) retrieved from /home/airflow/.local/lib/python3.6/site-packages/airflow/example_dags/example_branch_datetime_operator.py
[2021-08-18 09:32:58,245] {logging_mixin.py:104} INFO - [2021-08-18 09:32:58,245] {dag.py:1832} INFO - Sync 1 DAGs
[2021-08-18 09:32:58,271] {logging_mixin.py:104} INFO - [2021-08-18 09:32:58,271] {dag.py:2305} INFO - Setting next_dagrun for example_branch_datetime_operator_2 to 2021-08-16 00:00:00+00:00
[2021-08-18 09:32:58,283] {scheduler_job.py:190} INFO - Processing /home/airflow/.local/lib/python3.6/site-packages/airflow/example_dags/example_branch_datetime_operator.py took 0.088 seconds
