[2021-08-18 09:02:02,471] {scheduler_job.py:182} INFO - Started process (PID=88) to work on /home/airflow/.local/lib/python3.6/site-packages/airflow/example_dags/example_python_operator.py
[2021-08-18 09:02:02,473] {scheduler_job.py:633} INFO - Processing file /home/airflow/.local/lib/python3.6/site-packages/airflow/example_dags/example_python_operator.py for tasks to queue
[2021-08-18 09:02:02,475] {logging_mixin.py:104} INFO - [2021-08-18 09:02:02,475] {dagbag.py:487} INFO - Filling up the DagBag from /home/airflow/.local/lib/python3.6/site-packages/airflow/example_dags/example_python_operator.py
[2021-08-18 09:02:02,497] {scheduler_job.py:643} INFO - DAG(s) dict_keys(['example_python_operator']) retrieved from /home/airflow/.local/lib/python3.6/site-packages/airflow/example_dags/example_python_operator.py
[2021-08-18 09:02:05,913] {logging_mixin.py:104} INFO - [2021-08-18 09:02:05,911] {dag.py:1832} INFO - Sync 1 DAGs
[2021-08-18 09:02:05,931] {logging_mixin.py:104} INFO - [2021-08-18 09:02:05,930] {dag.py:1851} INFO - Creating ORM DAG for example_python_operator
[2021-08-18 09:02:05,943] {logging_mixin.py:104} INFO - [2021-08-18 09:02:05,943] {dag.py:2305} INFO - Setting next_dagrun for example_python_operator to None
[2021-08-18 09:02:05,993] {scheduler_job.py:190} INFO - Processing /home/airflow/.local/lib/python3.6/site-packages/airflow/example_dags/example_python_operator.py took 3.527 seconds
[2021-08-18 09:02:46,096] {scheduler_job.py:182} INFO - Started process (PID=168) to work on /home/airflow/.local/lib/python3.6/site-packages/airflow/example_dags/example_python_operator.py
[2021-08-18 09:02:46,097] {scheduler_job.py:633} INFO - Processing file /home/airflow/.local/lib/python3.6/site-packages/airflow/example_dags/example_python_operator.py for tasks to queue
[2021-08-18 09:02:46,099] {logging_mixin.py:104} INFO - [2021-08-18 09:02:46,099] {dagbag.py:487} INFO - Filling up the DagBag from /home/airflow/.local/lib/python3.6/site-packages/airflow/example_dags/example_python_operator.py
[2021-08-18 09:02:46,118] {scheduler_job.py:643} INFO - DAG(s) dict_keys(['example_python_operator']) retrieved from /home/airflow/.local/lib/python3.6/site-packages/airflow/example_dags/example_python_operator.py
[2021-08-18 09:02:46,143] {logging_mixin.py:104} INFO - [2021-08-18 09:02:46,143] {dag.py:1832} INFO - Sync 1 DAGs
[2021-08-18 09:02:46,163] {logging_mixin.py:104} INFO - [2021-08-18 09:02:46,163] {dag.py:2305} INFO - Setting next_dagrun for example_python_operator to None
[2021-08-18 09:02:46,176] {scheduler_job.py:190} INFO - Processing /home/airflow/.local/lib/python3.6/site-packages/airflow/example_dags/example_python_operator.py took 0.084 seconds
[2021-08-18 09:03:16,755] {scheduler_job.py:182} INFO - Started process (PID=247) to work on /home/airflow/.local/lib/python3.6/site-packages/airflow/example_dags/example_python_operator.py
[2021-08-18 09:03:16,758] {scheduler_job.py:633} INFO - Processing file /home/airflow/.local/lib/python3.6/site-packages/airflow/example_dags/example_python_operator.py for tasks to queue
[2021-08-18 09:03:16,759] {logging_mixin.py:104} INFO - [2021-08-18 09:03:16,759] {dagbag.py:487} INFO - Filling up the DagBag from /home/airflow/.local/lib/python3.6/site-packages/airflow/example_dags/example_python_operator.py
[2021-08-18 09:03:16,779] {scheduler_job.py:643} INFO - DAG(s) dict_keys(['example_python_operator']) retrieved from /home/airflow/.local/lib/python3.6/site-packages/airflow/example_dags/example_python_operator.py
[2021-08-18 09:03:16,807] {logging_mixin.py:104} INFO - [2021-08-18 09:03:16,807] {dag.py:1832} INFO - Sync 1 DAGs
[2021-08-18 09:03:16,829] {logging_mixin.py:104} INFO - [2021-08-18 09:03:16,829] {dag.py:2305} INFO - Setting next_dagrun for example_python_operator to None
[2021-08-18 09:03:16,842] {scheduler_job.py:190} INFO - Processing /home/airflow/.local/lib/python3.6/site-packages/airflow/example_dags/example_python_operator.py took 0.091 seconds
[2021-08-18 09:03:48,025] {scheduler_job.py:182} INFO - Started process (PID=320) to work on /home/airflow/.local/lib/python3.6/site-packages/airflow/example_dags/example_python_operator.py
[2021-08-18 09:03:48,042] {scheduler_job.py:633} INFO - Processing file /home/airflow/.local/lib/python3.6/site-packages/airflow/example_dags/example_python_operator.py for tasks to queue
[2021-08-18 09:03:48,044] {logging_mixin.py:104} INFO - [2021-08-18 09:03:48,044] {dagbag.py:487} INFO - Filling up the DagBag from /home/airflow/.local/lib/python3.6/site-packages/airflow/example_dags/example_python_operator.py
[2021-08-18 09:03:48,064] {scheduler_job.py:643} INFO - DAG(s) dict_keys(['example_python_operator']) retrieved from /home/airflow/.local/lib/python3.6/site-packages/airflow/example_dags/example_python_operator.py
[2021-08-18 09:03:48,108] {logging_mixin.py:104} INFO - [2021-08-18 09:03:48,107] {dag.py:1832} INFO - Sync 1 DAGs
[2021-08-18 09:03:48,141] {logging_mixin.py:104} INFO - [2021-08-18 09:03:48,141] {dag.py:2305} INFO - Setting next_dagrun for example_python_operator to None
[2021-08-18 09:03:48,189] {scheduler_job.py:190} INFO - Processing /home/airflow/.local/lib/python3.6/site-packages/airflow/example_dags/example_python_operator.py took 0.168 seconds
[2021-08-18 09:04:18,476] {scheduler_job.py:182} INFO - Started process (PID=390) to work on /home/airflow/.local/lib/python3.6/site-packages/airflow/example_dags/example_python_operator.py
[2021-08-18 09:04:18,478] {scheduler_job.py:633} INFO - Processing file /home/airflow/.local/lib/python3.6/site-packages/airflow/example_dags/example_python_operator.py for tasks to queue
[2021-08-18 09:04:18,480] {logging_mixin.py:104} INFO - [2021-08-18 09:04:18,480] {dagbag.py:487} INFO - Filling up the DagBag from /home/airflow/.local/lib/python3.6/site-packages/airflow/example_dags/example_python_operator.py
[2021-08-18 09:04:18,499] {scheduler_job.py:643} INFO - DAG(s) dict_keys(['example_python_operator']) retrieved from /home/airflow/.local/lib/python3.6/site-packages/airflow/example_dags/example_python_operator.py
[2021-08-18 09:04:18,525] {logging_mixin.py:104} INFO - [2021-08-18 09:04:18,525] {dag.py:1832} INFO - Sync 1 DAGs
[2021-08-18 09:04:18,547] {logging_mixin.py:104} INFO - [2021-08-18 09:04:18,547] {dag.py:2305} INFO - Setting next_dagrun for example_python_operator to None
[2021-08-18 09:04:18,559] {scheduler_job.py:190} INFO - Processing /home/airflow/.local/lib/python3.6/site-packages/airflow/example_dags/example_python_operator.py took 0.087 seconds
[2021-08-18 09:04:48,630] {scheduler_job.py:182} INFO - Started process (PID=453) to work on /home/airflow/.local/lib/python3.6/site-packages/airflow/example_dags/example_python_operator.py
[2021-08-18 09:04:48,633] {scheduler_job.py:633} INFO - Processing file /home/airflow/.local/lib/python3.6/site-packages/airflow/example_dags/example_python_operator.py for tasks to queue
[2021-08-18 09:04:48,635] {logging_mixin.py:104} INFO - [2021-08-18 09:04:48,634] {dagbag.py:487} INFO - Filling up the DagBag from /home/airflow/.local/lib/python3.6/site-packages/airflow/example_dags/example_python_operator.py
[2021-08-18 09:04:48,657] {scheduler_job.py:643} INFO - DAG(s) dict_keys(['example_python_operator']) retrieved from /home/airflow/.local/lib/python3.6/site-packages/airflow/example_dags/example_python_operator.py
[2021-08-18 09:04:48,687] {logging_mixin.py:104} INFO - [2021-08-18 09:04:48,687] {dag.py:1832} INFO - Sync 1 DAGs
[2021-08-18 09:04:48,708] {logging_mixin.py:104} INFO - [2021-08-18 09:04:48,708] {dag.py:2305} INFO - Setting next_dagrun for example_python_operator to None
[2021-08-18 09:04:48,721] {scheduler_job.py:190} INFO - Processing /home/airflow/.local/lib/python3.6/site-packages/airflow/example_dags/example_python_operator.py took 0.097 seconds
[2021-08-18 09:05:18,975] {scheduler_job.py:182} INFO - Started process (PID=514) to work on /home/airflow/.local/lib/python3.6/site-packages/airflow/example_dags/example_python_operator.py
[2021-08-18 09:05:18,977] {scheduler_job.py:633} INFO - Processing file /home/airflow/.local/lib/python3.6/site-packages/airflow/example_dags/example_python_operator.py for tasks to queue
[2021-08-18 09:05:18,979] {logging_mixin.py:104} INFO - [2021-08-18 09:05:18,979] {dagbag.py:487} INFO - Filling up the DagBag from /home/airflow/.local/lib/python3.6/site-packages/airflow/example_dags/example_python_operator.py
[2021-08-18 09:05:18,996] {scheduler_job.py:643} INFO - DAG(s) dict_keys(['example_python_operator']) retrieved from /home/airflow/.local/lib/python3.6/site-packages/airflow/example_dags/example_python_operator.py
[2021-08-18 09:05:19,021] {logging_mixin.py:104} INFO - [2021-08-18 09:05:19,020] {dag.py:1832} INFO - Sync 1 DAGs
[2021-08-18 09:05:19,039] {logging_mixin.py:104} INFO - [2021-08-18 09:05:19,039] {dag.py:2305} INFO - Setting next_dagrun for example_python_operator to None
[2021-08-18 09:05:19,049] {scheduler_job.py:190} INFO - Processing /home/airflow/.local/lib/python3.6/site-packages/airflow/example_dags/example_python_operator.py took 0.077 seconds
[2021-08-18 09:05:49,894] {scheduler_job.py:182} INFO - Started process (PID=593) to work on /home/airflow/.local/lib/python3.6/site-packages/airflow/example_dags/example_python_operator.py
[2021-08-18 09:05:49,896] {scheduler_job.py:633} INFO - Processing file /home/airflow/.local/lib/python3.6/site-packages/airflow/example_dags/example_python_operator.py for tasks to queue
[2021-08-18 09:05:49,898] {logging_mixin.py:104} INFO - [2021-08-18 09:05:49,898] {dagbag.py:487} INFO - Filling up the DagBag from /home/airflow/.local/lib/python3.6/site-packages/airflow/example_dags/example_python_operator.py
[2021-08-18 09:05:49,919] {scheduler_job.py:643} INFO - DAG(s) dict_keys(['example_python_operator']) retrieved from /home/airflow/.local/lib/python3.6/site-packages/airflow/example_dags/example_python_operator.py
[2021-08-18 09:05:49,952] {logging_mixin.py:104} INFO - [2021-08-18 09:05:49,952] {dag.py:1832} INFO - Sync 1 DAGs
[2021-08-18 09:05:49,982] {logging_mixin.py:104} INFO - [2021-08-18 09:05:49,982] {dag.py:2305} INFO - Setting next_dagrun for example_python_operator to None
[2021-08-18 09:05:50,003] {scheduler_job.py:190} INFO - Processing /home/airflow/.local/lib/python3.6/site-packages/airflow/example_dags/example_python_operator.py took 0.114 seconds
[2021-08-18 09:06:23,549] {scheduler_job.py:182} INFO - Started process (PID=643) to work on /home/airflow/.local/lib/python3.6/site-packages/airflow/example_dags/example_python_operator.py
[2021-08-18 09:06:23,552] {scheduler_job.py:633} INFO - Processing file /home/airflow/.local/lib/python3.6/site-packages/airflow/example_dags/example_python_operator.py for tasks to queue
[2021-08-18 09:06:23,553] {logging_mixin.py:104} INFO - [2021-08-18 09:06:23,553] {dagbag.py:487} INFO - Filling up the DagBag from /home/airflow/.local/lib/python3.6/site-packages/airflow/example_dags/example_python_operator.py
[2021-08-18 09:06:23,570] {scheduler_job.py:643} INFO - DAG(s) dict_keys(['example_python_operator']) retrieved from /home/airflow/.local/lib/python3.6/site-packages/airflow/example_dags/example_python_operator.py
[2021-08-18 09:06:23,594] {logging_mixin.py:104} INFO - [2021-08-18 09:06:23,594] {dag.py:1832} INFO - Sync 1 DAGs
[2021-08-18 09:06:23,619] {logging_mixin.py:104} INFO - [2021-08-18 09:06:23,618] {dag.py:2305} INFO - Setting next_dagrun for example_python_operator to None
[2021-08-18 09:06:23,634] {scheduler_job.py:190} INFO - Processing /home/airflow/.local/lib/python3.6/site-packages/airflow/example_dags/example_python_operator.py took 0.089 seconds
[2021-08-18 09:06:53,864] {scheduler_job.py:182} INFO - Started process (PID=709) to work on /home/airflow/.local/lib/python3.6/site-packages/airflow/example_dags/example_python_operator.py
[2021-08-18 09:06:53,866] {scheduler_job.py:633} INFO - Processing file /home/airflow/.local/lib/python3.6/site-packages/airflow/example_dags/example_python_operator.py for tasks to queue
[2021-08-18 09:06:53,867] {logging_mixin.py:104} INFO - [2021-08-18 09:06:53,867] {dagbag.py:487} INFO - Filling up the DagBag from /home/airflow/.local/lib/python3.6/site-packages/airflow/example_dags/example_python_operator.py
[2021-08-18 09:06:53,883] {scheduler_job.py:643} INFO - DAG(s) dict_keys(['example_python_operator']) retrieved from /home/airflow/.local/lib/python3.6/site-packages/airflow/example_dags/example_python_operator.py
[2021-08-18 09:06:53,908] {logging_mixin.py:104} INFO - [2021-08-18 09:06:53,908] {dag.py:1832} INFO - Sync 1 DAGs
[2021-08-18 09:06:53,928] {logging_mixin.py:104} INFO - [2021-08-18 09:06:53,928] {dag.py:2305} INFO - Setting next_dagrun for example_python_operator to None
[2021-08-18 09:06:53,942] {scheduler_job.py:190} INFO - Processing /home/airflow/.local/lib/python3.6/site-packages/airflow/example_dags/example_python_operator.py took 0.082 seconds
[2021-08-18 09:07:26,475] {scheduler_job.py:182} INFO - Started process (PID=770) to work on /home/airflow/.local/lib/python3.6/site-packages/airflow/example_dags/example_python_operator.py
[2021-08-18 09:07:26,477] {scheduler_job.py:633} INFO - Processing file /home/airflow/.local/lib/python3.6/site-packages/airflow/example_dags/example_python_operator.py for tasks to queue
[2021-08-18 09:07:26,479] {logging_mixin.py:104} INFO - [2021-08-18 09:07:26,479] {dagbag.py:487} INFO - Filling up the DagBag from /home/airflow/.local/lib/python3.6/site-packages/airflow/example_dags/example_python_operator.py
[2021-08-18 09:07:26,499] {scheduler_job.py:643} INFO - DAG(s) dict_keys(['example_python_operator']) retrieved from /home/airflow/.local/lib/python3.6/site-packages/airflow/example_dags/example_python_operator.py
[2021-08-18 09:07:26,526] {logging_mixin.py:104} INFO - [2021-08-18 09:07:26,526] {dag.py:1832} INFO - Sync 1 DAGs
[2021-08-18 09:07:26,549] {logging_mixin.py:104} INFO - [2021-08-18 09:07:26,548] {dag.py:2305} INFO - Setting next_dagrun for example_python_operator to None
[2021-08-18 09:07:26,563] {scheduler_job.py:190} INFO - Processing /home/airflow/.local/lib/python3.6/site-packages/airflow/example_dags/example_python_operator.py took 0.093 seconds
[2021-08-18 09:07:57,408] {scheduler_job.py:182} INFO - Started process (PID=847) to work on /home/airflow/.local/lib/python3.6/site-packages/airflow/example_dags/example_python_operator.py
[2021-08-18 09:07:57,410] {scheduler_job.py:633} INFO - Processing file /home/airflow/.local/lib/python3.6/site-packages/airflow/example_dags/example_python_operator.py for tasks to queue
[2021-08-18 09:07:57,411] {logging_mixin.py:104} INFO - [2021-08-18 09:07:57,411] {dagbag.py:487} INFO - Filling up the DagBag from /home/airflow/.local/lib/python3.6/site-packages/airflow/example_dags/example_python_operator.py
[2021-08-18 09:07:57,428] {scheduler_job.py:643} INFO - DAG(s) dict_keys(['example_python_operator']) retrieved from /home/airflow/.local/lib/python3.6/site-packages/airflow/example_dags/example_python_operator.py
[2021-08-18 09:07:57,452] {logging_mixin.py:104} INFO - [2021-08-18 09:07:57,452] {dag.py:1832} INFO - Sync 1 DAGs
[2021-08-18 09:07:57,472] {logging_mixin.py:104} INFO - [2021-08-18 09:07:57,472] {dag.py:2305} INFO - Setting next_dagrun for example_python_operator to None
[2021-08-18 09:07:57,485] {scheduler_job.py:190} INFO - Processing /home/airflow/.local/lib/python3.6/site-packages/airflow/example_dags/example_python_operator.py took 0.081 seconds
[2021-08-18 09:08:28,476] {scheduler_job.py:182} INFO - Started process (PID=887) to work on /home/airflow/.local/lib/python3.6/site-packages/airflow/example_dags/example_python_operator.py
[2021-08-18 09:08:28,480] {scheduler_job.py:633} INFO - Processing file /home/airflow/.local/lib/python3.6/site-packages/airflow/example_dags/example_python_operator.py for tasks to queue
[2021-08-18 09:08:28,483] {logging_mixin.py:104} INFO - [2021-08-18 09:08:28,483] {dagbag.py:487} INFO - Filling up the DagBag from /home/airflow/.local/lib/python3.6/site-packages/airflow/example_dags/example_python_operator.py
[2021-08-18 09:08:28,506] {scheduler_job.py:643} INFO - DAG(s) dict_keys(['example_python_operator']) retrieved from /home/airflow/.local/lib/python3.6/site-packages/airflow/example_dags/example_python_operator.py
[2021-08-18 09:08:28,549] {logging_mixin.py:104} INFO - [2021-08-18 09:08:28,549] {dag.py:1832} INFO - Sync 1 DAGs
[2021-08-18 09:08:28,577] {logging_mixin.py:104} INFO - [2021-08-18 09:08:28,577] {dag.py:2305} INFO - Setting next_dagrun for example_python_operator to None
[2021-08-18 09:08:28,594] {scheduler_job.py:190} INFO - Processing /home/airflow/.local/lib/python3.6/site-packages/airflow/example_dags/example_python_operator.py took 0.122 seconds
[2021-08-18 09:08:59,183] {scheduler_job.py:182} INFO - Started process (PID=941) to work on /home/airflow/.local/lib/python3.6/site-packages/airflow/example_dags/example_python_operator.py
[2021-08-18 09:08:59,185] {scheduler_job.py:633} INFO - Processing file /home/airflow/.local/lib/python3.6/site-packages/airflow/example_dags/example_python_operator.py for tasks to queue
[2021-08-18 09:08:59,186] {logging_mixin.py:104} INFO - [2021-08-18 09:08:59,186] {dagbag.py:487} INFO - Filling up the DagBag from /home/airflow/.local/lib/python3.6/site-packages/airflow/example_dags/example_python_operator.py
[2021-08-18 09:08:59,203] {scheduler_job.py:643} INFO - DAG(s) dict_keys(['example_python_operator']) retrieved from /home/airflow/.local/lib/python3.6/site-packages/airflow/example_dags/example_python_operator.py
[2021-08-18 09:08:59,230] {logging_mixin.py:104} INFO - [2021-08-18 09:08:59,230] {dag.py:1832} INFO - Sync 1 DAGs
[2021-08-18 09:08:59,252] {logging_mixin.py:104} INFO - [2021-08-18 09:08:59,252] {dag.py:2305} INFO - Setting next_dagrun for example_python_operator to None
[2021-08-18 09:08:59,266] {scheduler_job.py:190} INFO - Processing /home/airflow/.local/lib/python3.6/site-packages/airflow/example_dags/example_python_operator.py took 0.088 seconds
[2021-08-18 09:09:29,553] {scheduler_job.py:182} INFO - Started process (PID=1018) to work on /home/airflow/.local/lib/python3.6/site-packages/airflow/example_dags/example_python_operator.py
[2021-08-18 09:09:29,555] {scheduler_job.py:633} INFO - Processing file /home/airflow/.local/lib/python3.6/site-packages/airflow/example_dags/example_python_operator.py for tasks to queue
[2021-08-18 09:09:29,557] {logging_mixin.py:104} INFO - [2021-08-18 09:09:29,556] {dagbag.py:487} INFO - Filling up the DagBag from /home/airflow/.local/lib/python3.6/site-packages/airflow/example_dags/example_python_operator.py
[2021-08-18 09:09:29,573] {scheduler_job.py:643} INFO - DAG(s) dict_keys(['example_python_operator']) retrieved from /home/airflow/.local/lib/python3.6/site-packages/airflow/example_dags/example_python_operator.py
[2021-08-18 09:09:29,603] {logging_mixin.py:104} INFO - [2021-08-18 09:09:29,603] {dag.py:1832} INFO - Sync 1 DAGs
[2021-08-18 09:09:29,622] {logging_mixin.py:104} INFO - [2021-08-18 09:09:29,621] {dag.py:2305} INFO - Setting next_dagrun for example_python_operator to None
[2021-08-18 09:09:29,633] {scheduler_job.py:190} INFO - Processing /home/airflow/.local/lib/python3.6/site-packages/airflow/example_dags/example_python_operator.py took 0.084 seconds
[2021-08-18 09:09:59,926] {scheduler_job.py:182} INFO - Started process (PID=1080) to work on /home/airflow/.local/lib/python3.6/site-packages/airflow/example_dags/example_python_operator.py
[2021-08-18 09:09:59,928] {scheduler_job.py:633} INFO - Processing file /home/airflow/.local/lib/python3.6/site-packages/airflow/example_dags/example_python_operator.py for tasks to queue
[2021-08-18 09:09:59,929] {logging_mixin.py:104} INFO - [2021-08-18 09:09:59,929] {dagbag.py:487} INFO - Filling up the DagBag from /home/airflow/.local/lib/python3.6/site-packages/airflow/example_dags/example_python_operator.py
[2021-08-18 09:09:59,946] {scheduler_job.py:643} INFO - DAG(s) dict_keys(['example_python_operator']) retrieved from /home/airflow/.local/lib/python3.6/site-packages/airflow/example_dags/example_python_operator.py
[2021-08-18 09:09:59,970] {logging_mixin.py:104} INFO - [2021-08-18 09:09:59,970] {dag.py:1832} INFO - Sync 1 DAGs
[2021-08-18 09:09:59,988] {logging_mixin.py:104} INFO - [2021-08-18 09:09:59,988] {dag.py:2305} INFO - Setting next_dagrun for example_python_operator to None
[2021-08-18 09:10:00,000] {scheduler_job.py:190} INFO - Processing /home/airflow/.local/lib/python3.6/site-packages/airflow/example_dags/example_python_operator.py took 0.078 seconds
[2021-08-18 09:10:30,524] {scheduler_job.py:182} INFO - Started process (PID=1158) to work on /home/airflow/.local/lib/python3.6/site-packages/airflow/example_dags/example_python_operator.py
[2021-08-18 09:10:30,527] {scheduler_job.py:633} INFO - Processing file /home/airflow/.local/lib/python3.6/site-packages/airflow/example_dags/example_python_operator.py for tasks to queue
[2021-08-18 09:10:30,528] {logging_mixin.py:104} INFO - [2021-08-18 09:10:30,528] {dagbag.py:487} INFO - Filling up the DagBag from /home/airflow/.local/lib/python3.6/site-packages/airflow/example_dags/example_python_operator.py
[2021-08-18 09:10:30,546] {scheduler_job.py:643} INFO - DAG(s) dict_keys(['example_python_operator']) retrieved from /home/airflow/.local/lib/python3.6/site-packages/airflow/example_dags/example_python_operator.py
[2021-08-18 09:10:30,570] {logging_mixin.py:104} INFO - [2021-08-18 09:10:30,570] {dag.py:1832} INFO - Sync 1 DAGs
[2021-08-18 09:10:30,588] {logging_mixin.py:104} INFO - [2021-08-18 09:10:30,588] {dag.py:2305} INFO - Setting next_dagrun for example_python_operator to None
[2021-08-18 09:10:30,599] {scheduler_job.py:190} INFO - Processing /home/airflow/.local/lib/python3.6/site-packages/airflow/example_dags/example_python_operator.py took 0.079 seconds
[2021-08-18 09:11:00,636] {scheduler_job.py:182} INFO - Started process (PID=1219) to work on /home/airflow/.local/lib/python3.6/site-packages/airflow/example_dags/example_python_operator.py
[2021-08-18 09:11:00,638] {scheduler_job.py:633} INFO - Processing file /home/airflow/.local/lib/python3.6/site-packages/airflow/example_dags/example_python_operator.py for tasks to queue
[2021-08-18 09:11:00,640] {logging_mixin.py:104} INFO - [2021-08-18 09:11:00,639] {dagbag.py:487} INFO - Filling up the DagBag from /home/airflow/.local/lib/python3.6/site-packages/airflow/example_dags/example_python_operator.py
[2021-08-18 09:11:00,657] {scheduler_job.py:643} INFO - DAG(s) dict_keys(['example_python_operator']) retrieved from /home/airflow/.local/lib/python3.6/site-packages/airflow/example_dags/example_python_operator.py
[2021-08-18 09:11:00,683] {logging_mixin.py:104} INFO - [2021-08-18 09:11:00,683] {dag.py:1832} INFO - Sync 1 DAGs
[2021-08-18 09:11:00,704] {logging_mixin.py:104} INFO - [2021-08-18 09:11:00,704] {dag.py:2305} INFO - Setting next_dagrun for example_python_operator to None
[2021-08-18 09:11:00,719] {scheduler_job.py:190} INFO - Processing /home/airflow/.local/lib/python3.6/site-packages/airflow/example_dags/example_python_operator.py took 0.087 seconds
[2021-08-18 09:11:31,121] {scheduler_job.py:182} INFO - Started process (PID=1298) to work on /home/airflow/.local/lib/python3.6/site-packages/airflow/example_dags/example_python_operator.py
[2021-08-18 09:11:31,123] {scheduler_job.py:633} INFO - Processing file /home/airflow/.local/lib/python3.6/site-packages/airflow/example_dags/example_python_operator.py for tasks to queue
[2021-08-18 09:11:31,124] {logging_mixin.py:104} INFO - [2021-08-18 09:11:31,124] {dagbag.py:487} INFO - Filling up the DagBag from /home/airflow/.local/lib/python3.6/site-packages/airflow/example_dags/example_python_operator.py
[2021-08-18 09:11:31,140] {scheduler_job.py:643} INFO - DAG(s) dict_keys(['example_python_operator']) retrieved from /home/airflow/.local/lib/python3.6/site-packages/airflow/example_dags/example_python_operator.py
[2021-08-18 09:11:31,161] {logging_mixin.py:104} INFO - [2021-08-18 09:11:31,161] {dag.py:1832} INFO - Sync 1 DAGs
[2021-08-18 09:11:31,179] {logging_mixin.py:104} INFO - [2021-08-18 09:11:31,179] {dag.py:2305} INFO - Setting next_dagrun for example_python_operator to None
[2021-08-18 09:11:31,189] {scheduler_job.py:190} INFO - Processing /home/airflow/.local/lib/python3.6/site-packages/airflow/example_dags/example_python_operator.py took 0.072 seconds
[2021-08-18 09:12:01,709] {scheduler_job.py:182} INFO - Started process (PID=1374) to work on /home/airflow/.local/lib/python3.6/site-packages/airflow/example_dags/example_python_operator.py
[2021-08-18 09:12:01,711] {scheduler_job.py:633} INFO - Processing file /home/airflow/.local/lib/python3.6/site-packages/airflow/example_dags/example_python_operator.py for tasks to queue
[2021-08-18 09:12:01,713] {logging_mixin.py:104} INFO - [2021-08-18 09:12:01,713] {dagbag.py:487} INFO - Filling up the DagBag from /home/airflow/.local/lib/python3.6/site-packages/airflow/example_dags/example_python_operator.py
[2021-08-18 09:12:01,729] {scheduler_job.py:643} INFO - DAG(s) dict_keys(['example_python_operator']) retrieved from /home/airflow/.local/lib/python3.6/site-packages/airflow/example_dags/example_python_operator.py
[2021-08-18 09:12:01,754] {logging_mixin.py:104} INFO - [2021-08-18 09:12:01,754] {dag.py:1832} INFO - Sync 1 DAGs
[2021-08-18 09:12:01,774] {logging_mixin.py:104} INFO - [2021-08-18 09:12:01,773] {dag.py:2305} INFO - Setting next_dagrun for example_python_operator to None
[2021-08-18 09:12:01,788] {scheduler_job.py:190} INFO - Processing /home/airflow/.local/lib/python3.6/site-packages/airflow/example_dags/example_python_operator.py took 0.084 seconds
[2021-08-18 09:12:32,412] {scheduler_job.py:182} INFO - Started process (PID=1436) to work on /home/airflow/.local/lib/python3.6/site-packages/airflow/example_dags/example_python_operator.py
[2021-08-18 09:12:32,414] {scheduler_job.py:633} INFO - Processing file /home/airflow/.local/lib/python3.6/site-packages/airflow/example_dags/example_python_operator.py for tasks to queue
[2021-08-18 09:12:32,415] {logging_mixin.py:104} INFO - [2021-08-18 09:12:32,415] {dagbag.py:487} INFO - Filling up the DagBag from /home/airflow/.local/lib/python3.6/site-packages/airflow/example_dags/example_python_operator.py
[2021-08-18 09:12:32,433] {scheduler_job.py:643} INFO - DAG(s) dict_keys(['example_python_operator']) retrieved from /home/airflow/.local/lib/python3.6/site-packages/airflow/example_dags/example_python_operator.py
[2021-08-18 09:12:32,458] {logging_mixin.py:104} INFO - [2021-08-18 09:12:32,458] {dag.py:1832} INFO - Sync 1 DAGs
[2021-08-18 09:12:32,477] {logging_mixin.py:104} INFO - [2021-08-18 09:12:32,477] {dag.py:2305} INFO - Setting next_dagrun for example_python_operator to None
[2021-08-18 09:12:32,487] {scheduler_job.py:190} INFO - Processing /home/airflow/.local/lib/python3.6/site-packages/airflow/example_dags/example_python_operator.py took 0.080 seconds
[2021-08-18 09:13:03,128] {scheduler_job.py:182} INFO - Started process (PID=1513) to work on /home/airflow/.local/lib/python3.6/site-packages/airflow/example_dags/example_python_operator.py
[2021-08-18 09:13:03,130] {scheduler_job.py:633} INFO - Processing file /home/airflow/.local/lib/python3.6/site-packages/airflow/example_dags/example_python_operator.py for tasks to queue
[2021-08-18 09:13:03,131] {logging_mixin.py:104} INFO - [2021-08-18 09:13:03,131] {dagbag.py:487} INFO - Filling up the DagBag from /home/airflow/.local/lib/python3.6/site-packages/airflow/example_dags/example_python_operator.py
[2021-08-18 09:13:03,151] {scheduler_job.py:643} INFO - DAG(s) dict_keys(['example_python_operator']) retrieved from /home/airflow/.local/lib/python3.6/site-packages/airflow/example_dags/example_python_operator.py
[2021-08-18 09:13:03,178] {logging_mixin.py:104} INFO - [2021-08-18 09:13:03,178] {dag.py:1832} INFO - Sync 1 DAGs
[2021-08-18 09:13:03,198] {logging_mixin.py:104} INFO - [2021-08-18 09:13:03,197] {dag.py:2305} INFO - Setting next_dagrun for example_python_operator to None
[2021-08-18 09:13:03,208] {scheduler_job.py:190} INFO - Processing /home/airflow/.local/lib/python3.6/site-packages/airflow/example_dags/example_python_operator.py took 0.084 seconds
[2021-08-18 09:13:34,051] {scheduler_job.py:182} INFO - Started process (PID=1586) to work on /home/airflow/.local/lib/python3.6/site-packages/airflow/example_dags/example_python_operator.py
[2021-08-18 09:13:34,054] {scheduler_job.py:633} INFO - Processing file /home/airflow/.local/lib/python3.6/site-packages/airflow/example_dags/example_python_operator.py for tasks to queue
[2021-08-18 09:13:34,055] {logging_mixin.py:104} INFO - [2021-08-18 09:13:34,055] {dagbag.py:487} INFO - Filling up the DagBag from /home/airflow/.local/lib/python3.6/site-packages/airflow/example_dags/example_python_operator.py
[2021-08-18 09:13:34,078] {scheduler_job.py:643} INFO - DAG(s) dict_keys(['example_python_operator']) retrieved from /home/airflow/.local/lib/python3.6/site-packages/airflow/example_dags/example_python_operator.py
[2021-08-18 09:13:34,168] {logging_mixin.py:104} INFO - [2021-08-18 09:13:34,168] {dag.py:1832} INFO - Sync 1 DAGs
[2021-08-18 09:13:34,202] {logging_mixin.py:104} INFO - [2021-08-18 09:13:34,202] {dag.py:2305} INFO - Setting next_dagrun for example_python_operator to None
[2021-08-18 09:13:34,222] {scheduler_job.py:190} INFO - Processing /home/airflow/.local/lib/python3.6/site-packages/airflow/example_dags/example_python_operator.py took 0.176 seconds
[2021-08-18 09:14:04,325] {scheduler_job.py:182} INFO - Started process (PID=1638) to work on /home/airflow/.local/lib/python3.6/site-packages/airflow/example_dags/example_python_operator.py
[2021-08-18 09:14:04,328] {scheduler_job.py:633} INFO - Processing file /home/airflow/.local/lib/python3.6/site-packages/airflow/example_dags/example_python_operator.py for tasks to queue
[2021-08-18 09:14:04,330] {logging_mixin.py:104} INFO - [2021-08-18 09:14:04,329] {dagbag.py:487} INFO - Filling up the DagBag from /home/airflow/.local/lib/python3.6/site-packages/airflow/example_dags/example_python_operator.py
[2021-08-18 09:14:04,347] {scheduler_job.py:643} INFO - DAG(s) dict_keys(['example_python_operator']) retrieved from /home/airflow/.local/lib/python3.6/site-packages/airflow/example_dags/example_python_operator.py
[2021-08-18 09:14:04,374] {logging_mixin.py:104} INFO - [2021-08-18 09:14:04,373] {dag.py:1832} INFO - Sync 1 DAGs
[2021-08-18 09:14:04,392] {logging_mixin.py:104} INFO - [2021-08-18 09:14:04,392] {dag.py:2305} INFO - Setting next_dagrun for example_python_operator to None
[2021-08-18 09:14:04,402] {scheduler_job.py:190} INFO - Processing /home/airflow/.local/lib/python3.6/site-packages/airflow/example_dags/example_python_operator.py took 0.082 seconds
[2021-08-18 09:14:35,616] {scheduler_job.py:182} INFO - Started process (PID=1716) to work on /home/airflow/.local/lib/python3.6/site-packages/airflow/example_dags/example_python_operator.py
[2021-08-18 09:14:35,618] {scheduler_job.py:633} INFO - Processing file /home/airflow/.local/lib/python3.6/site-packages/airflow/example_dags/example_python_operator.py for tasks to queue
[2021-08-18 09:14:35,619] {logging_mixin.py:104} INFO - [2021-08-18 09:14:35,619] {dagbag.py:487} INFO - Filling up the DagBag from /home/airflow/.local/lib/python3.6/site-packages/airflow/example_dags/example_python_operator.py
[2021-08-18 09:14:35,636] {scheduler_job.py:643} INFO - DAG(s) dict_keys(['example_python_operator']) retrieved from /home/airflow/.local/lib/python3.6/site-packages/airflow/example_dags/example_python_operator.py
[2021-08-18 09:14:35,661] {logging_mixin.py:104} INFO - [2021-08-18 09:14:35,661] {dag.py:1832} INFO - Sync 1 DAGs
[2021-08-18 09:14:35,679] {logging_mixin.py:104} INFO - [2021-08-18 09:14:35,679] {dag.py:2305} INFO - Setting next_dagrun for example_python_operator to None
[2021-08-18 09:14:35,689] {scheduler_job.py:190} INFO - Processing /home/airflow/.local/lib/python3.6/site-packages/airflow/example_dags/example_python_operator.py took 0.077 seconds
[2021-08-18 09:15:06,541] {scheduler_job.py:182} INFO - Started process (PID=1778) to work on /home/airflow/.local/lib/python3.6/site-packages/airflow/example_dags/example_python_operator.py
[2021-08-18 09:15:06,543] {scheduler_job.py:633} INFO - Processing file /home/airflow/.local/lib/python3.6/site-packages/airflow/example_dags/example_python_operator.py for tasks to queue
[2021-08-18 09:15:06,545] {logging_mixin.py:104} INFO - [2021-08-18 09:15:06,544] {dagbag.py:487} INFO - Filling up the DagBag from /home/airflow/.local/lib/python3.6/site-packages/airflow/example_dags/example_python_operator.py
[2021-08-18 09:15:06,561] {scheduler_job.py:643} INFO - DAG(s) dict_keys(['example_python_operator']) retrieved from /home/airflow/.local/lib/python3.6/site-packages/airflow/example_dags/example_python_operator.py
[2021-08-18 09:15:06,587] {logging_mixin.py:104} INFO - [2021-08-18 09:15:06,586] {dag.py:1832} INFO - Sync 1 DAGs
[2021-08-18 09:15:06,607] {logging_mixin.py:104} INFO - [2021-08-18 09:15:06,607] {dag.py:2305} INFO - Setting next_dagrun for example_python_operator to None
[2021-08-18 09:15:06,618] {scheduler_job.py:190} INFO - Processing /home/airflow/.local/lib/python3.6/site-packages/airflow/example_dags/example_python_operator.py took 0.081 seconds
[2021-08-18 09:15:36,646] {scheduler_job.py:182} INFO - Started process (PID=1854) to work on /home/airflow/.local/lib/python3.6/site-packages/airflow/example_dags/example_python_operator.py
[2021-08-18 09:15:36,648] {scheduler_job.py:633} INFO - Processing file /home/airflow/.local/lib/python3.6/site-packages/airflow/example_dags/example_python_operator.py for tasks to queue
[2021-08-18 09:15:36,649] {logging_mixin.py:104} INFO - [2021-08-18 09:15:36,649] {dagbag.py:487} INFO - Filling up the DagBag from /home/airflow/.local/lib/python3.6/site-packages/airflow/example_dags/example_python_operator.py
[2021-08-18 09:15:36,665] {scheduler_job.py:643} INFO - DAG(s) dict_keys(['example_python_operator']) retrieved from /home/airflow/.local/lib/python3.6/site-packages/airflow/example_dags/example_python_operator.py
[2021-08-18 09:15:36,688] {logging_mixin.py:104} INFO - [2021-08-18 09:15:36,688] {dag.py:1832} INFO - Sync 1 DAGs
[2021-08-18 09:15:36,709] {logging_mixin.py:104} INFO - [2021-08-18 09:15:36,709] {dag.py:2305} INFO - Setting next_dagrun for example_python_operator to None
[2021-08-18 09:15:36,719] {scheduler_job.py:190} INFO - Processing /home/airflow/.local/lib/python3.6/site-packages/airflow/example_dags/example_python_operator.py took 0.077 seconds
[2021-08-18 09:16:07,257] {scheduler_job.py:182} INFO - Started process (PID=1930) to work on /home/airflow/.local/lib/python3.6/site-packages/airflow/example_dags/example_python_operator.py
[2021-08-18 09:16:07,260] {scheduler_job.py:633} INFO - Processing file /home/airflow/.local/lib/python3.6/site-packages/airflow/example_dags/example_python_operator.py for tasks to queue
[2021-08-18 09:16:07,261] {logging_mixin.py:104} INFO - [2021-08-18 09:16:07,261] {dagbag.py:487} INFO - Filling up the DagBag from /home/airflow/.local/lib/python3.6/site-packages/airflow/example_dags/example_python_operator.py
[2021-08-18 09:16:07,278] {scheduler_job.py:643} INFO - DAG(s) dict_keys(['example_python_operator']) retrieved from /home/airflow/.local/lib/python3.6/site-packages/airflow/example_dags/example_python_operator.py
[2021-08-18 09:16:07,304] {logging_mixin.py:104} INFO - [2021-08-18 09:16:07,304] {dag.py:1832} INFO - Sync 1 DAGs
[2021-08-18 09:16:07,324] {logging_mixin.py:104} INFO - [2021-08-18 09:16:07,324] {dag.py:2305} INFO - Setting next_dagrun for example_python_operator to None
[2021-08-18 09:16:07,335] {scheduler_job.py:190} INFO - Processing /home/airflow/.local/lib/python3.6/site-packages/airflow/example_dags/example_python_operator.py took 0.082 seconds
[2021-08-18 09:16:37,976] {scheduler_job.py:182} INFO - Started process (PID=1992) to work on /home/airflow/.local/lib/python3.6/site-packages/airflow/example_dags/example_python_operator.py
[2021-08-18 09:16:37,978] {scheduler_job.py:633} INFO - Processing file /home/airflow/.local/lib/python3.6/site-packages/airflow/example_dags/example_python_operator.py for tasks to queue
[2021-08-18 09:16:37,979] {logging_mixin.py:104} INFO - [2021-08-18 09:16:37,979] {dagbag.py:487} INFO - Filling up the DagBag from /home/airflow/.local/lib/python3.6/site-packages/airflow/example_dags/example_python_operator.py
[2021-08-18 09:16:37,994] {scheduler_job.py:643} INFO - DAG(s) dict_keys(['example_python_operator']) retrieved from /home/airflow/.local/lib/python3.6/site-packages/airflow/example_dags/example_python_operator.py
[2021-08-18 09:16:38,018] {logging_mixin.py:104} INFO - [2021-08-18 09:16:38,017] {dag.py:1832} INFO - Sync 1 DAGs
[2021-08-18 09:16:38,038] {logging_mixin.py:104} INFO - [2021-08-18 09:16:38,037] {dag.py:2305} INFO - Setting next_dagrun for example_python_operator to None
[2021-08-18 09:16:38,073] {scheduler_job.py:190} INFO - Processing /home/airflow/.local/lib/python3.6/site-packages/airflow/example_dags/example_python_operator.py took 0.101 seconds
[2021-08-18 09:17:35,272] {scheduler_job.py:182} INFO - Started process (PID=41) to work on /home/airflow/.local/lib/python3.6/site-packages/airflow/example_dags/example_python_operator.py
[2021-08-18 09:17:35,274] {scheduler_job.py:633} INFO - Processing file /home/airflow/.local/lib/python3.6/site-packages/airflow/example_dags/example_python_operator.py for tasks to queue
[2021-08-18 09:17:35,275] {logging_mixin.py:104} INFO - [2021-08-18 09:17:35,275] {dagbag.py:487} INFO - Filling up the DagBag from /home/airflow/.local/lib/python3.6/site-packages/airflow/example_dags/example_python_operator.py
[2021-08-18 09:17:35,287] {scheduler_job.py:643} INFO - DAG(s) dict_keys(['example_python_operator']) retrieved from /home/airflow/.local/lib/python3.6/site-packages/airflow/example_dags/example_python_operator.py
[2021-08-18 09:17:35,309] {logging_mixin.py:104} INFO - [2021-08-18 09:17:35,309] {dag.py:1832} INFO - Sync 1 DAGs
[2021-08-18 09:17:35,323] {logging_mixin.py:104} INFO - [2021-08-18 09:17:35,322] {dag.py:2305} INFO - Setting next_dagrun for example_python_operator to None
[2021-08-18 09:17:35,330] {scheduler_job.py:190} INFO - Processing /home/airflow/.local/lib/python3.6/site-packages/airflow/example_dags/example_python_operator.py took 0.062 seconds
[2021-08-18 09:18:06,180] {scheduler_job.py:182} INFO - Started process (PID=118) to work on /home/airflow/.local/lib/python3.6/site-packages/airflow/example_dags/example_python_operator.py
[2021-08-18 09:18:06,181] {scheduler_job.py:633} INFO - Processing file /home/airflow/.local/lib/python3.6/site-packages/airflow/example_dags/example_python_operator.py for tasks to queue
[2021-08-18 09:18:06,182] {logging_mixin.py:104} INFO - [2021-08-18 09:18:06,182] {dagbag.py:487} INFO - Filling up the DagBag from /home/airflow/.local/lib/python3.6/site-packages/airflow/example_dags/example_python_operator.py
[2021-08-18 09:18:06,196] {scheduler_job.py:643} INFO - DAG(s) dict_keys(['example_python_operator']) retrieved from /home/airflow/.local/lib/python3.6/site-packages/airflow/example_dags/example_python_operator.py
[2021-08-18 09:18:06,218] {logging_mixin.py:104} INFO - [2021-08-18 09:18:06,218] {dag.py:1832} INFO - Sync 1 DAGs
[2021-08-18 09:18:06,235] {logging_mixin.py:104} INFO - [2021-08-18 09:18:06,235] {dag.py:2305} INFO - Setting next_dagrun for example_python_operator to None
[2021-08-18 09:18:06,244] {scheduler_job.py:190} INFO - Processing /home/airflow/.local/lib/python3.6/site-packages/airflow/example_dags/example_python_operator.py took 0.067 seconds
[2021-08-18 09:18:37,367] {scheduler_job.py:182} INFO - Started process (PID=181) to work on /home/airflow/.local/lib/python3.6/site-packages/airflow/example_dags/example_python_operator.py
[2021-08-18 09:18:37,370] {scheduler_job.py:633} INFO - Processing file /home/airflow/.local/lib/python3.6/site-packages/airflow/example_dags/example_python_operator.py for tasks to queue
[2021-08-18 09:18:37,372] {logging_mixin.py:104} INFO - [2021-08-18 09:18:37,372] {dagbag.py:487} INFO - Filling up the DagBag from /home/airflow/.local/lib/python3.6/site-packages/airflow/example_dags/example_python_operator.py
[2021-08-18 09:18:37,394] {scheduler_job.py:643} INFO - DAG(s) dict_keys(['example_python_operator']) retrieved from /home/airflow/.local/lib/python3.6/site-packages/airflow/example_dags/example_python_operator.py
[2021-08-18 09:18:37,428] {logging_mixin.py:104} INFO - [2021-08-18 09:18:37,428] {dag.py:1832} INFO - Sync 1 DAGs
[2021-08-18 09:18:37,460] {logging_mixin.py:104} INFO - [2021-08-18 09:18:37,460] {dag.py:2305} INFO - Setting next_dagrun for example_python_operator to None
[2021-08-18 09:18:37,471] {scheduler_job.py:190} INFO - Processing /home/airflow/.local/lib/python3.6/site-packages/airflow/example_dags/example_python_operator.py took 0.117 seconds
[2021-08-18 09:19:07,654] {scheduler_job.py:182} INFO - Started process (PID=259) to work on /home/airflow/.local/lib/python3.6/site-packages/airflow/example_dags/example_python_operator.py
[2021-08-18 09:19:07,656] {scheduler_job.py:633} INFO - Processing file /home/airflow/.local/lib/python3.6/site-packages/airflow/example_dags/example_python_operator.py for tasks to queue
[2021-08-18 09:19:07,657] {logging_mixin.py:104} INFO - [2021-08-18 09:19:07,657] {dagbag.py:487} INFO - Filling up the DagBag from /home/airflow/.local/lib/python3.6/site-packages/airflow/example_dags/example_python_operator.py
[2021-08-18 09:19:07,674] {scheduler_job.py:643} INFO - DAG(s) dict_keys(['example_python_operator']) retrieved from /home/airflow/.local/lib/python3.6/site-packages/airflow/example_dags/example_python_operator.py
[2021-08-18 09:19:07,704] {logging_mixin.py:104} INFO - [2021-08-18 09:19:07,704] {dag.py:1832} INFO - Sync 1 DAGs
[2021-08-18 09:19:07,722] {logging_mixin.py:104} INFO - [2021-08-18 09:19:07,722] {dag.py:2305} INFO - Setting next_dagrun for example_python_operator to None
[2021-08-18 09:19:07,734] {scheduler_job.py:190} INFO - Processing /home/airflow/.local/lib/python3.6/site-packages/airflow/example_dags/example_python_operator.py took 0.084 seconds
[2021-08-18 09:19:38,062] {scheduler_job.py:182} INFO - Started process (PID=331) to work on /home/airflow/.local/lib/python3.6/site-packages/airflow/example_dags/example_python_operator.py
[2021-08-18 09:19:38,064] {scheduler_job.py:633} INFO - Processing file /home/airflow/.local/lib/python3.6/site-packages/airflow/example_dags/example_python_operator.py for tasks to queue
[2021-08-18 09:19:38,065] {logging_mixin.py:104} INFO - [2021-08-18 09:19:38,065] {dagbag.py:487} INFO - Filling up the DagBag from /home/airflow/.local/lib/python3.6/site-packages/airflow/example_dags/example_python_operator.py
[2021-08-18 09:19:38,082] {scheduler_job.py:643} INFO - DAG(s) dict_keys(['example_python_operator']) retrieved from /home/airflow/.local/lib/python3.6/site-packages/airflow/example_dags/example_python_operator.py
[2021-08-18 09:19:38,114] {logging_mixin.py:104} INFO - [2021-08-18 09:19:38,114] {dag.py:1832} INFO - Sync 1 DAGs
[2021-08-18 09:19:38,137] {logging_mixin.py:104} INFO - [2021-08-18 09:19:38,137] {dag.py:2305} INFO - Setting next_dagrun for example_python_operator to None
[2021-08-18 09:19:38,151] {scheduler_job.py:190} INFO - Processing /home/airflow/.local/lib/python3.6/site-packages/airflow/example_dags/example_python_operator.py took 0.095 seconds
[2021-08-18 09:20:08,344] {scheduler_job.py:182} INFO - Started process (PID=399) to work on /home/airflow/.local/lib/python3.6/site-packages/airflow/example_dags/example_python_operator.py
[2021-08-18 09:20:08,346] {scheduler_job.py:633} INFO - Processing file /home/airflow/.local/lib/python3.6/site-packages/airflow/example_dags/example_python_operator.py for tasks to queue
[2021-08-18 09:20:08,348] {logging_mixin.py:104} INFO - [2021-08-18 09:20:08,348] {dagbag.py:487} INFO - Filling up the DagBag from /home/airflow/.local/lib/python3.6/site-packages/airflow/example_dags/example_python_operator.py
[2021-08-18 09:20:08,362] {scheduler_job.py:643} INFO - DAG(s) dict_keys(['example_python_operator']) retrieved from /home/airflow/.local/lib/python3.6/site-packages/airflow/example_dags/example_python_operator.py
[2021-08-18 09:20:08,386] {logging_mixin.py:104} INFO - [2021-08-18 09:20:08,386] {dag.py:1832} INFO - Sync 1 DAGs
[2021-08-18 09:20:08,404] {logging_mixin.py:104} INFO - [2021-08-18 09:20:08,404] {dag.py:2305} INFO - Setting next_dagrun for example_python_operator to None
[2021-08-18 09:20:08,417] {scheduler_job.py:190} INFO - Processing /home/airflow/.local/lib/python3.6/site-packages/airflow/example_dags/example_python_operator.py took 0.077 seconds
[2021-08-18 09:20:39,003] {scheduler_job.py:182} INFO - Started process (PID=476) to work on /home/airflow/.local/lib/python3.6/site-packages/airflow/example_dags/example_python_operator.py
[2021-08-18 09:20:39,006] {scheduler_job.py:633} INFO - Processing file /home/airflow/.local/lib/python3.6/site-packages/airflow/example_dags/example_python_operator.py for tasks to queue
[2021-08-18 09:20:39,008] {logging_mixin.py:104} INFO - [2021-08-18 09:20:39,008] {dagbag.py:487} INFO - Filling up the DagBag from /home/airflow/.local/lib/python3.6/site-packages/airflow/example_dags/example_python_operator.py
[2021-08-18 09:20:39,027] {scheduler_job.py:643} INFO - DAG(s) dict_keys(['example_python_operator']) retrieved from /home/airflow/.local/lib/python3.6/site-packages/airflow/example_dags/example_python_operator.py
[2021-08-18 09:20:39,053] {logging_mixin.py:104} INFO - [2021-08-18 09:20:39,053] {dag.py:1832} INFO - Sync 1 DAGs
[2021-08-18 09:20:39,074] {logging_mixin.py:104} INFO - [2021-08-18 09:20:39,074] {dag.py:2305} INFO - Setting next_dagrun for example_python_operator to None
[2021-08-18 09:20:39,087] {scheduler_job.py:190} INFO - Processing /home/airflow/.local/lib/python3.6/site-packages/airflow/example_dags/example_python_operator.py took 0.088 seconds
[2021-08-18 09:21:09,205] {scheduler_job.py:182} INFO - Started process (PID=537) to work on /home/airflow/.local/lib/python3.6/site-packages/airflow/example_dags/example_python_operator.py
[2021-08-18 09:21:09,207] {scheduler_job.py:633} INFO - Processing file /home/airflow/.local/lib/python3.6/site-packages/airflow/example_dags/example_python_operator.py for tasks to queue
[2021-08-18 09:21:09,209] {logging_mixin.py:104} INFO - [2021-08-18 09:21:09,209] {dagbag.py:487} INFO - Filling up the DagBag from /home/airflow/.local/lib/python3.6/site-packages/airflow/example_dags/example_python_operator.py
[2021-08-18 09:21:09,224] {scheduler_job.py:643} INFO - DAG(s) dict_keys(['example_python_operator']) retrieved from /home/airflow/.local/lib/python3.6/site-packages/airflow/example_dags/example_python_operator.py
[2021-08-18 09:21:09,248] {logging_mixin.py:104} INFO - [2021-08-18 09:21:09,248] {dag.py:1832} INFO - Sync 1 DAGs
[2021-08-18 09:21:09,267] {logging_mixin.py:104} INFO - [2021-08-18 09:21:09,267] {dag.py:2305} INFO - Setting next_dagrun for example_python_operator to None
[2021-08-18 09:21:09,278] {scheduler_job.py:190} INFO - Processing /home/airflow/.local/lib/python3.6/site-packages/airflow/example_dags/example_python_operator.py took 0.077 seconds
[2021-08-18 09:21:39,548] {scheduler_job.py:182} INFO - Started process (PID=616) to work on /home/airflow/.local/lib/python3.6/site-packages/airflow/example_dags/example_python_operator.py
[2021-08-18 09:21:39,550] {scheduler_job.py:633} INFO - Processing file /home/airflow/.local/lib/python3.6/site-packages/airflow/example_dags/example_python_operator.py for tasks to queue
[2021-08-18 09:21:39,551] {logging_mixin.py:104} INFO - [2021-08-18 09:21:39,551] {dagbag.py:487} INFO - Filling up the DagBag from /home/airflow/.local/lib/python3.6/site-packages/airflow/example_dags/example_python_operator.py
[2021-08-18 09:21:39,569] {scheduler_job.py:643} INFO - DAG(s) dict_keys(['example_python_operator']) retrieved from /home/airflow/.local/lib/python3.6/site-packages/airflow/example_dags/example_python_operator.py
[2021-08-18 09:21:39,593] {logging_mixin.py:104} INFO - [2021-08-18 09:21:39,593] {dag.py:1832} INFO - Sync 1 DAGs
[2021-08-18 09:21:39,612] {logging_mixin.py:104} INFO - [2021-08-18 09:21:39,612] {dag.py:2305} INFO - Setting next_dagrun for example_python_operator to None
[2021-08-18 09:21:39,624] {scheduler_job.py:190} INFO - Processing /home/airflow/.local/lib/python3.6/site-packages/airflow/example_dags/example_python_operator.py took 0.080 seconds
[2021-08-18 09:22:09,921] {scheduler_job.py:182} INFO - Started process (PID=679) to work on /home/airflow/.local/lib/python3.6/site-packages/airflow/example_dags/example_python_operator.py
[2021-08-18 09:22:09,923] {scheduler_job.py:633} INFO - Processing file /home/airflow/.local/lib/python3.6/site-packages/airflow/example_dags/example_python_operator.py for tasks to queue
[2021-08-18 09:22:09,924] {logging_mixin.py:104} INFO - [2021-08-18 09:22:09,924] {dagbag.py:487} INFO - Filling up the DagBag from /home/airflow/.local/lib/python3.6/site-packages/airflow/example_dags/example_python_operator.py
[2021-08-18 09:22:09,940] {scheduler_job.py:643} INFO - DAG(s) dict_keys(['example_python_operator']) retrieved from /home/airflow/.local/lib/python3.6/site-packages/airflow/example_dags/example_python_operator.py
[2021-08-18 09:22:09,966] {logging_mixin.py:104} INFO - [2021-08-18 09:22:09,966] {dag.py:1832} INFO - Sync 1 DAGs
[2021-08-18 09:22:09,983] {logging_mixin.py:104} INFO - [2021-08-18 09:22:09,983] {dag.py:2305} INFO - Setting next_dagrun for example_python_operator to None
[2021-08-18 09:22:09,994] {scheduler_job.py:190} INFO - Processing /home/airflow/.local/lib/python3.6/site-packages/airflow/example_dags/example_python_operator.py took 0.077 seconds
[2021-08-18 09:22:40,219] {scheduler_job.py:182} INFO - Started process (PID=756) to work on /home/airflow/.local/lib/python3.6/site-packages/airflow/example_dags/example_python_operator.py
[2021-08-18 09:22:40,221] {scheduler_job.py:633} INFO - Processing file /home/airflow/.local/lib/python3.6/site-packages/airflow/example_dags/example_python_operator.py for tasks to queue
[2021-08-18 09:22:40,222] {logging_mixin.py:104} INFO - [2021-08-18 09:22:40,222] {dagbag.py:487} INFO - Filling up the DagBag from /home/airflow/.local/lib/python3.6/site-packages/airflow/example_dags/example_python_operator.py
[2021-08-18 09:22:40,236] {scheduler_job.py:643} INFO - DAG(s) dict_keys(['example_python_operator']) retrieved from /home/airflow/.local/lib/python3.6/site-packages/airflow/example_dags/example_python_operator.py
[2021-08-18 09:22:40,258] {logging_mixin.py:104} INFO - [2021-08-18 09:22:40,258] {dag.py:1832} INFO - Sync 1 DAGs
[2021-08-18 09:22:40,274] {logging_mixin.py:104} INFO - [2021-08-18 09:22:40,274] {dag.py:2305} INFO - Setting next_dagrun for example_python_operator to None
[2021-08-18 09:22:40,283] {scheduler_job.py:190} INFO - Processing /home/airflow/.local/lib/python3.6/site-packages/airflow/example_dags/example_python_operator.py took 0.068 seconds
[2021-08-18 09:23:10,377] {scheduler_job.py:182} INFO - Started process (PID=833) to work on /home/airflow/.local/lib/python3.6/site-packages/airflow/example_dags/example_python_operator.py
[2021-08-18 09:23:10,378] {scheduler_job.py:633} INFO - Processing file /home/airflow/.local/lib/python3.6/site-packages/airflow/example_dags/example_python_operator.py for tasks to queue
[2021-08-18 09:23:10,380] {logging_mixin.py:104} INFO - [2021-08-18 09:23:10,379] {dagbag.py:487} INFO - Filling up the DagBag from /home/airflow/.local/lib/python3.6/site-packages/airflow/example_dags/example_python_operator.py
[2021-08-18 09:23:10,393] {scheduler_job.py:643} INFO - DAG(s) dict_keys(['example_python_operator']) retrieved from /home/airflow/.local/lib/python3.6/site-packages/airflow/example_dags/example_python_operator.py
[2021-08-18 09:23:10,415] {logging_mixin.py:104} INFO - [2021-08-18 09:23:10,415] {dag.py:1832} INFO - Sync 1 DAGs
[2021-08-18 09:23:10,432] {logging_mixin.py:104} INFO - [2021-08-18 09:23:10,432] {dag.py:2305} INFO - Setting next_dagrun for example_python_operator to None
[2021-08-18 09:23:10,442] {scheduler_job.py:190} INFO - Processing /home/airflow/.local/lib/python3.6/site-packages/airflow/example_dags/example_python_operator.py took 0.068 seconds
[2021-08-18 09:23:40,947] {scheduler_job.py:182} INFO - Started process (PID=907) to work on /home/airflow/.local/lib/python3.6/site-packages/airflow/example_dags/example_python_operator.py
[2021-08-18 09:23:40,949] {scheduler_job.py:633} INFO - Processing file /home/airflow/.local/lib/python3.6/site-packages/airflow/example_dags/example_python_operator.py for tasks to queue
[2021-08-18 09:23:40,951] {logging_mixin.py:104} INFO - [2021-08-18 09:23:40,950] {dagbag.py:487} INFO - Filling up the DagBag from /home/airflow/.local/lib/python3.6/site-packages/airflow/example_dags/example_python_operator.py
[2021-08-18 09:23:40,966] {scheduler_job.py:643} INFO - DAG(s) dict_keys(['example_python_operator']) retrieved from /home/airflow/.local/lib/python3.6/site-packages/airflow/example_dags/example_python_operator.py
[2021-08-18 09:23:40,990] {logging_mixin.py:104} INFO - [2021-08-18 09:23:40,990] {dag.py:1832} INFO - Sync 1 DAGs
[2021-08-18 09:23:41,007] {logging_mixin.py:104} INFO - [2021-08-18 09:23:41,007] {dag.py:2305} INFO - Setting next_dagrun for example_python_operator to None
[2021-08-18 09:23:41,017] {scheduler_job.py:190} INFO - Processing /home/airflow/.local/lib/python3.6/site-packages/airflow/example_dags/example_python_operator.py took 0.075 seconds
[2021-08-18 09:24:11,218] {scheduler_job.py:182} INFO - Started process (PID=985) to work on /home/airflow/.local/lib/python3.6/site-packages/airflow/example_dags/example_python_operator.py
[2021-08-18 09:24:11,220] {scheduler_job.py:633} INFO - Processing file /home/airflow/.local/lib/python3.6/site-packages/airflow/example_dags/example_python_operator.py for tasks to queue
[2021-08-18 09:24:11,222] {logging_mixin.py:104} INFO - [2021-08-18 09:24:11,221] {dagbag.py:487} INFO - Filling up the DagBag from /home/airflow/.local/lib/python3.6/site-packages/airflow/example_dags/example_python_operator.py
[2021-08-18 09:24:11,240] {scheduler_job.py:643} INFO - DAG(s) dict_keys(['example_python_operator']) retrieved from /home/airflow/.local/lib/python3.6/site-packages/airflow/example_dags/example_python_operator.py
[2021-08-18 09:24:11,263] {logging_mixin.py:104} INFO - [2021-08-18 09:24:11,263] {dag.py:1832} INFO - Sync 1 DAGs
[2021-08-18 09:24:11,280] {logging_mixin.py:104} INFO - [2021-08-18 09:24:11,280] {dag.py:2305} INFO - Setting next_dagrun for example_python_operator to None
[2021-08-18 09:24:11,291] {scheduler_job.py:190} INFO - Processing /home/airflow/.local/lib/python3.6/site-packages/airflow/example_dags/example_python_operator.py took 0.077 seconds
[2021-08-18 09:24:41,567] {scheduler_job.py:182} INFO - Started process (PID=1047) to work on /home/airflow/.local/lib/python3.6/site-packages/airflow/example_dags/example_python_operator.py
[2021-08-18 09:24:41,570] {scheduler_job.py:633} INFO - Processing file /home/airflow/.local/lib/python3.6/site-packages/airflow/example_dags/example_python_operator.py for tasks to queue
[2021-08-18 09:24:41,572] {logging_mixin.py:104} INFO - [2021-08-18 09:24:41,571] {dagbag.py:487} INFO - Filling up the DagBag from /home/airflow/.local/lib/python3.6/site-packages/airflow/example_dags/example_python_operator.py
[2021-08-18 09:24:41,588] {scheduler_job.py:643} INFO - DAG(s) dict_keys(['example_python_operator']) retrieved from /home/airflow/.local/lib/python3.6/site-packages/airflow/example_dags/example_python_operator.py
[2021-08-18 09:24:41,612] {logging_mixin.py:104} INFO - [2021-08-18 09:24:41,612] {dag.py:1832} INFO - Sync 1 DAGs
[2021-08-18 09:24:41,630] {logging_mixin.py:104} INFO - [2021-08-18 09:24:41,630] {dag.py:2305} INFO - Setting next_dagrun for example_python_operator to None
[2021-08-18 09:24:41,643] {scheduler_job.py:190} INFO - Processing /home/airflow/.local/lib/python3.6/site-packages/airflow/example_dags/example_python_operator.py took 0.080 seconds
[2021-08-18 09:25:11,854] {scheduler_job.py:182} INFO - Started process (PID=1124) to work on /home/airflow/.local/lib/python3.6/site-packages/airflow/example_dags/example_python_operator.py
[2021-08-18 09:25:11,856] {scheduler_job.py:633} INFO - Processing file /home/airflow/.local/lib/python3.6/site-packages/airflow/example_dags/example_python_operator.py for tasks to queue
[2021-08-18 09:25:11,858] {logging_mixin.py:104} INFO - [2021-08-18 09:25:11,858] {dagbag.py:487} INFO - Filling up the DagBag from /home/airflow/.local/lib/python3.6/site-packages/airflow/example_dags/example_python_operator.py
[2021-08-18 09:25:11,874] {scheduler_job.py:643} INFO - DAG(s) dict_keys(['example_python_operator']) retrieved from /home/airflow/.local/lib/python3.6/site-packages/airflow/example_dags/example_python_operator.py
[2021-08-18 09:25:11,900] {logging_mixin.py:104} INFO - [2021-08-18 09:25:11,900] {dag.py:1832} INFO - Sync 1 DAGs
[2021-08-18 09:25:11,917] {logging_mixin.py:104} INFO - [2021-08-18 09:25:11,917] {dag.py:2305} INFO - Setting next_dagrun for example_python_operator to None
[2021-08-18 09:25:11,928] {scheduler_job.py:190} INFO - Processing /home/airflow/.local/lib/python3.6/site-packages/airflow/example_dags/example_python_operator.py took 0.078 seconds
[2021-08-18 09:25:42,139] {scheduler_job.py:182} INFO - Started process (PID=1197) to work on /home/airflow/.local/lib/python3.6/site-packages/airflow/example_dags/example_python_operator.py
[2021-08-18 09:25:42,141] {scheduler_job.py:633} INFO - Processing file /home/airflow/.local/lib/python3.6/site-packages/airflow/example_dags/example_python_operator.py for tasks to queue
[2021-08-18 09:25:42,143] {logging_mixin.py:104} INFO - [2021-08-18 09:25:42,143] {dagbag.py:487} INFO - Filling up the DagBag from /home/airflow/.local/lib/python3.6/site-packages/airflow/example_dags/example_python_operator.py
[2021-08-18 09:25:42,159] {scheduler_job.py:643} INFO - DAG(s) dict_keys(['example_python_operator']) retrieved from /home/airflow/.local/lib/python3.6/site-packages/airflow/example_dags/example_python_operator.py
[2021-08-18 09:25:42,186] {logging_mixin.py:104} INFO - [2021-08-18 09:25:42,186] {dag.py:1832} INFO - Sync 1 DAGs
[2021-08-18 09:25:42,204] {logging_mixin.py:104} INFO - [2021-08-18 09:25:42,204] {dag.py:2305} INFO - Setting next_dagrun for example_python_operator to None
[2021-08-18 09:25:42,217] {scheduler_job.py:190} INFO - Processing /home/airflow/.local/lib/python3.6/site-packages/airflow/example_dags/example_python_operator.py took 0.082 seconds
[2021-08-18 09:26:12,517] {scheduler_job.py:182} INFO - Started process (PID=1263) to work on /home/airflow/.local/lib/python3.6/site-packages/airflow/example_dags/example_python_operator.py
[2021-08-18 09:26:12,519] {scheduler_job.py:633} INFO - Processing file /home/airflow/.local/lib/python3.6/site-packages/airflow/example_dags/example_python_operator.py for tasks to queue
[2021-08-18 09:26:12,520] {logging_mixin.py:104} INFO - [2021-08-18 09:26:12,520] {dagbag.py:487} INFO - Filling up the DagBag from /home/airflow/.local/lib/python3.6/site-packages/airflow/example_dags/example_python_operator.py
[2021-08-18 09:26:12,537] {scheduler_job.py:643} INFO - DAG(s) dict_keys(['example_python_operator']) retrieved from /home/airflow/.local/lib/python3.6/site-packages/airflow/example_dags/example_python_operator.py
[2021-08-18 09:26:12,561] {logging_mixin.py:104} INFO - [2021-08-18 09:26:12,561] {dag.py:1832} INFO - Sync 1 DAGs
[2021-08-18 09:26:12,579] {logging_mixin.py:104} INFO - [2021-08-18 09:26:12,579] {dag.py:2305} INFO - Setting next_dagrun for example_python_operator to None
[2021-08-18 09:26:12,591] {scheduler_job.py:190} INFO - Processing /home/airflow/.local/lib/python3.6/site-packages/airflow/example_dags/example_python_operator.py took 0.078 seconds
[2021-08-18 09:26:43,555] {scheduler_job.py:182} INFO - Started process (PID=1339) to work on /home/airflow/.local/lib/python3.6/site-packages/airflow/example_dags/example_python_operator.py
[2021-08-18 09:26:43,557] {scheduler_job.py:633} INFO - Processing file /home/airflow/.local/lib/python3.6/site-packages/airflow/example_dags/example_python_operator.py for tasks to queue
[2021-08-18 09:26:43,558] {logging_mixin.py:104} INFO - [2021-08-18 09:26:43,558] {dagbag.py:487} INFO - Filling up the DagBag from /home/airflow/.local/lib/python3.6/site-packages/airflow/example_dags/example_python_operator.py
[2021-08-18 09:26:43,576] {scheduler_job.py:643} INFO - DAG(s) dict_keys(['example_python_operator']) retrieved from /home/airflow/.local/lib/python3.6/site-packages/airflow/example_dags/example_python_operator.py
[2021-08-18 09:26:43,607] {logging_mixin.py:104} INFO - [2021-08-18 09:26:43,607] {dag.py:1832} INFO - Sync 1 DAGs
[2021-08-18 09:26:43,628] {logging_mixin.py:104} INFO - [2021-08-18 09:26:43,628] {dag.py:2305} INFO - Setting next_dagrun for example_python_operator to None
[2021-08-18 09:26:43,638] {scheduler_job.py:190} INFO - Processing /home/airflow/.local/lib/python3.6/site-packages/airflow/example_dags/example_python_operator.py took 0.087 seconds
[2021-08-18 09:27:14,447] {scheduler_job.py:182} INFO - Started process (PID=1400) to work on /home/airflow/.local/lib/python3.6/site-packages/airflow/example_dags/example_python_operator.py
[2021-08-18 09:27:14,449] {scheduler_job.py:633} INFO - Processing file /home/airflow/.local/lib/python3.6/site-packages/airflow/example_dags/example_python_operator.py for tasks to queue
[2021-08-18 09:27:14,450] {logging_mixin.py:104} INFO - [2021-08-18 09:27:14,450] {dagbag.py:487} INFO - Filling up the DagBag from /home/airflow/.local/lib/python3.6/site-packages/airflow/example_dags/example_python_operator.py
[2021-08-18 09:27:14,463] {scheduler_job.py:643} INFO - DAG(s) dict_keys(['example_python_operator']) retrieved from /home/airflow/.local/lib/python3.6/site-packages/airflow/example_dags/example_python_operator.py
[2021-08-18 09:27:14,484] {logging_mixin.py:104} INFO - [2021-08-18 09:27:14,484] {dag.py:1832} INFO - Sync 1 DAGs
[2021-08-18 09:27:14,499] {logging_mixin.py:104} INFO - [2021-08-18 09:27:14,499] {dag.py:2305} INFO - Setting next_dagrun for example_python_operator to None
[2021-08-18 09:27:14,507] {scheduler_job.py:190} INFO - Processing /home/airflow/.local/lib/python3.6/site-packages/airflow/example_dags/example_python_operator.py took 0.063 seconds
[2021-08-18 09:27:45,864] {scheduler_job.py:182} INFO - Started process (PID=1477) to work on /home/airflow/.local/lib/python3.6/site-packages/airflow/example_dags/example_python_operator.py
[2021-08-18 09:27:45,866] {scheduler_job.py:633} INFO - Processing file /home/airflow/.local/lib/python3.6/site-packages/airflow/example_dags/example_python_operator.py for tasks to queue
[2021-08-18 09:27:45,867] {logging_mixin.py:104} INFO - [2021-08-18 09:27:45,867] {dagbag.py:487} INFO - Filling up the DagBag from /home/airflow/.local/lib/python3.6/site-packages/airflow/example_dags/example_python_operator.py
[2021-08-18 09:27:45,881] {scheduler_job.py:643} INFO - DAG(s) dict_keys(['example_python_operator']) retrieved from /home/airflow/.local/lib/python3.6/site-packages/airflow/example_dags/example_python_operator.py
[2021-08-18 09:27:45,904] {logging_mixin.py:104} INFO - [2021-08-18 09:27:45,904] {dag.py:1832} INFO - Sync 1 DAGs
[2021-08-18 09:27:45,922] {logging_mixin.py:104} INFO - [2021-08-18 09:27:45,922] {dag.py:2305} INFO - Setting next_dagrun for example_python_operator to None
[2021-08-18 09:27:45,933] {scheduler_job.py:190} INFO - Processing /home/airflow/.local/lib/python3.6/site-packages/airflow/example_dags/example_python_operator.py took 0.073 seconds
[2021-08-18 09:28:16,928] {scheduler_job.py:182} INFO - Started process (PID=1556) to work on /home/airflow/.local/lib/python3.6/site-packages/airflow/example_dags/example_python_operator.py
[2021-08-18 09:28:16,930] {scheduler_job.py:633} INFO - Processing file /home/airflow/.local/lib/python3.6/site-packages/airflow/example_dags/example_python_operator.py for tasks to queue
[2021-08-18 09:28:16,932] {logging_mixin.py:104} INFO - [2021-08-18 09:28:16,931] {dagbag.py:487} INFO - Filling up the DagBag from /home/airflow/.local/lib/python3.6/site-packages/airflow/example_dags/example_python_operator.py
[2021-08-18 09:28:16,948] {scheduler_job.py:643} INFO - DAG(s) dict_keys(['example_python_operator']) retrieved from /home/airflow/.local/lib/python3.6/site-packages/airflow/example_dags/example_python_operator.py
[2021-08-18 09:28:16,971] {logging_mixin.py:104} INFO - [2021-08-18 09:28:16,971] {dag.py:1832} INFO - Sync 1 DAGs
[2021-08-18 09:28:16,988] {logging_mixin.py:104} INFO - [2021-08-18 09:28:16,988] {dag.py:2305} INFO - Setting next_dagrun for example_python_operator to None
[2021-08-18 09:28:17,000] {scheduler_job.py:190} INFO - Processing /home/airflow/.local/lib/python3.6/site-packages/airflow/example_dags/example_python_operator.py took 0.076 seconds
[2021-08-18 09:28:47,884] {scheduler_job.py:182} INFO - Started process (PID=1618) to work on /home/airflow/.local/lib/python3.6/site-packages/airflow/example_dags/example_python_operator.py
[2021-08-18 09:28:47,887] {scheduler_job.py:633} INFO - Processing file /home/airflow/.local/lib/python3.6/site-packages/airflow/example_dags/example_python_operator.py for tasks to queue
[2021-08-18 09:28:47,888] {logging_mixin.py:104} INFO - [2021-08-18 09:28:47,888] {dagbag.py:487} INFO - Filling up the DagBag from /home/airflow/.local/lib/python3.6/site-packages/airflow/example_dags/example_python_operator.py
[2021-08-18 09:28:47,904] {scheduler_job.py:643} INFO - DAG(s) dict_keys(['example_python_operator']) retrieved from /home/airflow/.local/lib/python3.6/site-packages/airflow/example_dags/example_python_operator.py
[2021-08-18 09:28:47,929] {logging_mixin.py:104} INFO - [2021-08-18 09:28:47,929] {dag.py:1832} INFO - Sync 1 DAGs
[2021-08-18 09:28:47,957] {logging_mixin.py:104} INFO - [2021-08-18 09:28:47,956] {dag.py:2305} INFO - Setting next_dagrun for example_python_operator to None
[2021-08-18 09:28:47,973] {scheduler_job.py:190} INFO - Processing /home/airflow/.local/lib/python3.6/site-packages/airflow/example_dags/example_python_operator.py took 0.095 seconds
[2021-08-18 09:29:19,038] {scheduler_job.py:182} INFO - Started process (PID=1696) to work on /home/airflow/.local/lib/python3.6/site-packages/airflow/example_dags/example_python_operator.py
[2021-08-18 09:29:19,040] {scheduler_job.py:633} INFO - Processing file /home/airflow/.local/lib/python3.6/site-packages/airflow/example_dags/example_python_operator.py for tasks to queue
[2021-08-18 09:29:19,041] {logging_mixin.py:104} INFO - [2021-08-18 09:29:19,041] {dagbag.py:487} INFO - Filling up the DagBag from /home/airflow/.local/lib/python3.6/site-packages/airflow/example_dags/example_python_operator.py
[2021-08-18 09:29:19,056] {scheduler_job.py:643} INFO - DAG(s) dict_keys(['example_python_operator']) retrieved from /home/airflow/.local/lib/python3.6/site-packages/airflow/example_dags/example_python_operator.py
[2021-08-18 09:29:19,082] {logging_mixin.py:104} INFO - [2021-08-18 09:29:19,082] {dag.py:1832} INFO - Sync 1 DAGs
[2021-08-18 09:29:19,101] {logging_mixin.py:104} INFO - [2021-08-18 09:29:19,101] {dag.py:2305} INFO - Setting next_dagrun for example_python_operator to None
[2021-08-18 09:29:19,114] {scheduler_job.py:190} INFO - Processing /home/airflow/.local/lib/python3.6/site-packages/airflow/example_dags/example_python_operator.py took 0.080 seconds
[2021-08-18 09:29:50,331] {scheduler_job.py:182} INFO - Started process (PID=1772) to work on /home/airflow/.local/lib/python3.6/site-packages/airflow/example_dags/example_python_operator.py
[2021-08-18 09:29:50,334] {scheduler_job.py:633} INFO - Processing file /home/airflow/.local/lib/python3.6/site-packages/airflow/example_dags/example_python_operator.py for tasks to queue
[2021-08-18 09:29:50,335] {logging_mixin.py:104} INFO - [2021-08-18 09:29:50,335] {dagbag.py:487} INFO - Filling up the DagBag from /home/airflow/.local/lib/python3.6/site-packages/airflow/example_dags/example_python_operator.py
[2021-08-18 09:29:50,349] {scheduler_job.py:643} INFO - DAG(s) dict_keys(['example_python_operator']) retrieved from /home/airflow/.local/lib/python3.6/site-packages/airflow/example_dags/example_python_operator.py
[2021-08-18 09:29:50,371] {logging_mixin.py:104} INFO - [2021-08-18 09:29:50,371] {dag.py:1832} INFO - Sync 1 DAGs
[2021-08-18 09:29:50,387] {logging_mixin.py:104} INFO - [2021-08-18 09:29:50,387] {dag.py:2305} INFO - Setting next_dagrun for example_python_operator to None
[2021-08-18 09:29:50,398] {scheduler_job.py:190} INFO - Processing /home/airflow/.local/lib/python3.6/site-packages/airflow/example_dags/example_python_operator.py took 0.070 seconds
[2021-08-18 09:30:21,503] {scheduler_job.py:182} INFO - Started process (PID=1843) to work on /home/airflow/.local/lib/python3.6/site-packages/airflow/example_dags/example_python_operator.py
[2021-08-18 09:30:21,505] {scheduler_job.py:633} INFO - Processing file /home/airflow/.local/lib/python3.6/site-packages/airflow/example_dags/example_python_operator.py for tasks to queue
[2021-08-18 09:30:21,506] {logging_mixin.py:104} INFO - [2021-08-18 09:30:21,506] {dagbag.py:487} INFO - Filling up the DagBag from /home/airflow/.local/lib/python3.6/site-packages/airflow/example_dags/example_python_operator.py
[2021-08-18 09:30:21,522] {scheduler_job.py:643} INFO - DAG(s) dict_keys(['example_python_operator']) retrieved from /home/airflow/.local/lib/python3.6/site-packages/airflow/example_dags/example_python_operator.py
[2021-08-18 09:30:21,550] {logging_mixin.py:104} INFO - [2021-08-18 09:30:21,550] {dag.py:1832} INFO - Sync 1 DAGs
[2021-08-18 09:30:21,573] {logging_mixin.py:104} INFO - [2021-08-18 09:30:21,573] {dag.py:2305} INFO - Setting next_dagrun for example_python_operator to None
[2021-08-18 09:30:21,585] {scheduler_job.py:190} INFO - Processing /home/airflow/.local/lib/python3.6/site-packages/airflow/example_dags/example_python_operator.py took 0.087 seconds
[2021-08-18 09:30:51,802] {scheduler_job.py:182} INFO - Started process (PID=1910) to work on /home/airflow/.local/lib/python3.6/site-packages/airflow/example_dags/example_python_operator.py
[2021-08-18 09:30:51,803] {scheduler_job.py:633} INFO - Processing file /home/airflow/.local/lib/python3.6/site-packages/airflow/example_dags/example_python_operator.py for tasks to queue
[2021-08-18 09:30:51,805] {logging_mixin.py:104} INFO - [2021-08-18 09:30:51,805] {dagbag.py:487} INFO - Filling up the DagBag from /home/airflow/.local/lib/python3.6/site-packages/airflow/example_dags/example_python_operator.py
[2021-08-18 09:30:51,820] {scheduler_job.py:643} INFO - DAG(s) dict_keys(['example_python_operator']) retrieved from /home/airflow/.local/lib/python3.6/site-packages/airflow/example_dags/example_python_operator.py
[2021-08-18 09:30:51,842] {logging_mixin.py:104} INFO - [2021-08-18 09:30:51,842] {dag.py:1832} INFO - Sync 1 DAGs
[2021-08-18 09:30:51,859] {logging_mixin.py:104} INFO - [2021-08-18 09:30:51,859] {dag.py:2305} INFO - Setting next_dagrun for example_python_operator to None
[2021-08-18 09:30:51,868] {scheduler_job.py:190} INFO - Processing /home/airflow/.local/lib/python3.6/site-packages/airflow/example_dags/example_python_operator.py took 0.070 seconds
[2021-08-18 09:31:22,665] {scheduler_job.py:182} INFO - Started process (PID=1987) to work on /home/airflow/.local/lib/python3.6/site-packages/airflow/example_dags/example_python_operator.py
[2021-08-18 09:31:22,667] {scheduler_job.py:633} INFO - Processing file /home/airflow/.local/lib/python3.6/site-packages/airflow/example_dags/example_python_operator.py for tasks to queue
[2021-08-18 09:31:22,669] {logging_mixin.py:104} INFO - [2021-08-18 09:31:22,669] {dagbag.py:487} INFO - Filling up the DagBag from /home/airflow/.local/lib/python3.6/site-packages/airflow/example_dags/example_python_operator.py
[2021-08-18 09:31:22,683] {scheduler_job.py:643} INFO - DAG(s) dict_keys(['example_python_operator']) retrieved from /home/airflow/.local/lib/python3.6/site-packages/airflow/example_dags/example_python_operator.py
[2021-08-18 09:31:22,704] {logging_mixin.py:104} INFO - [2021-08-18 09:31:22,704] {dag.py:1832} INFO - Sync 1 DAGs
[2021-08-18 09:31:22,728] {logging_mixin.py:104} INFO - [2021-08-18 09:31:22,728] {dag.py:2305} INFO - Setting next_dagrun for example_python_operator to None
[2021-08-18 09:31:22,741] {scheduler_job.py:190} INFO - Processing /home/airflow/.local/lib/python3.6/site-packages/airflow/example_dags/example_python_operator.py took 0.079 seconds
[2021-08-18 09:31:53,725] {scheduler_job.py:182} INFO - Started process (PID=2050) to work on /home/airflow/.local/lib/python3.6/site-packages/airflow/example_dags/example_python_operator.py
[2021-08-18 09:31:53,727] {scheduler_job.py:633} INFO - Processing file /home/airflow/.local/lib/python3.6/site-packages/airflow/example_dags/example_python_operator.py for tasks to queue
[2021-08-18 09:31:53,728] {logging_mixin.py:104} INFO - [2021-08-18 09:31:53,728] {dagbag.py:487} INFO - Filling up the DagBag from /home/airflow/.local/lib/python3.6/site-packages/airflow/example_dags/example_python_operator.py
[2021-08-18 09:31:53,744] {scheduler_job.py:643} INFO - DAG(s) dict_keys(['example_python_operator']) retrieved from /home/airflow/.local/lib/python3.6/site-packages/airflow/example_dags/example_python_operator.py
[2021-08-18 09:31:53,769] {logging_mixin.py:104} INFO - [2021-08-18 09:31:53,769] {dag.py:1832} INFO - Sync 1 DAGs
[2021-08-18 09:31:53,785] {logging_mixin.py:104} INFO - [2021-08-18 09:31:53,785] {dag.py:2305} INFO - Setting next_dagrun for example_python_operator to None
[2021-08-18 09:31:53,794] {scheduler_job.py:190} INFO - Processing /home/airflow/.local/lib/python3.6/site-packages/airflow/example_dags/example_python_operator.py took 0.073 seconds
[2021-08-18 09:32:24,245] {scheduler_job.py:182} INFO - Started process (PID=2129) to work on /home/airflow/.local/lib/python3.6/site-packages/airflow/example_dags/example_python_operator.py
[2021-08-18 09:32:24,246] {scheduler_job.py:633} INFO - Processing file /home/airflow/.local/lib/python3.6/site-packages/airflow/example_dags/example_python_operator.py for tasks to queue
[2021-08-18 09:32:24,248] {logging_mixin.py:104} INFO - [2021-08-18 09:32:24,247] {dagbag.py:487} INFO - Filling up the DagBag from /home/airflow/.local/lib/python3.6/site-packages/airflow/example_dags/example_python_operator.py
[2021-08-18 09:32:24,262] {scheduler_job.py:643} INFO - DAG(s) dict_keys(['example_python_operator']) retrieved from /home/airflow/.local/lib/python3.6/site-packages/airflow/example_dags/example_python_operator.py
[2021-08-18 09:32:24,284] {logging_mixin.py:104} INFO - [2021-08-18 09:32:24,284] {dag.py:1832} INFO - Sync 1 DAGs
[2021-08-18 09:32:24,300] {logging_mixin.py:104} INFO - [2021-08-18 09:32:24,300] {dag.py:2305} INFO - Setting next_dagrun for example_python_operator to None
[2021-08-18 09:32:24,309] {scheduler_job.py:190} INFO - Processing /home/airflow/.local/lib/python3.6/site-packages/airflow/example_dags/example_python_operator.py took 0.068 seconds
[2021-08-18 09:32:55,236] {scheduler_job.py:182} INFO - Started process (PID=2205) to work on /home/airflow/.local/lib/python3.6/site-packages/airflow/example_dags/example_python_operator.py
[2021-08-18 09:32:55,238] {scheduler_job.py:633} INFO - Processing file /home/airflow/.local/lib/python3.6/site-packages/airflow/example_dags/example_python_operator.py for tasks to queue
[2021-08-18 09:32:55,239] {logging_mixin.py:104} INFO - [2021-08-18 09:32:55,239] {dagbag.py:487} INFO - Filling up the DagBag from /home/airflow/.local/lib/python3.6/site-packages/airflow/example_dags/example_python_operator.py
[2021-08-18 09:32:55,253] {scheduler_job.py:643} INFO - DAG(s) dict_keys(['example_python_operator']) retrieved from /home/airflow/.local/lib/python3.6/site-packages/airflow/example_dags/example_python_operator.py
[2021-08-18 09:32:55,274] {logging_mixin.py:104} INFO - [2021-08-18 09:32:55,274] {dag.py:1832} INFO - Sync 1 DAGs
[2021-08-18 09:32:55,290] {logging_mixin.py:104} INFO - [2021-08-18 09:32:55,290] {dag.py:2305} INFO - Setting next_dagrun for example_python_operator to None
[2021-08-18 09:32:55,300] {scheduler_job.py:190} INFO - Processing /home/airflow/.local/lib/python3.6/site-packages/airflow/example_dags/example_python_operator.py took 0.067 seconds
