[2021-08-18 09:01:31,971] {scheduler_job.py:182} INFO - Started process (PID=30) to work on /home/airflow/.local/lib/python3.6/site-packages/airflow/example_dags/example_task_group.py
[2021-08-18 09:01:31,974] {scheduler_job.py:633} INFO - Processing file /home/airflow/.local/lib/python3.6/site-packages/airflow/example_dags/example_task_group.py for tasks to queue
[2021-08-18 09:01:31,976] {logging_mixin.py:104} INFO - [2021-08-18 09:01:31,976] {dagbag.py:487} INFO - Filling up the DagBag from /home/airflow/.local/lib/python3.6/site-packages/airflow/example_dags/example_task_group.py
[2021-08-18 09:01:32,072] {scheduler_job.py:643} INFO - DAG(s) dict_keys(['example_task_group']) retrieved from /home/airflow/.local/lib/python3.6/site-packages/airflow/example_dags/example_task_group.py
[2021-08-18 09:01:39,772] {logging_mixin.py:104} INFO - [2021-08-18 09:01:39,768] {dag.py:1832} INFO - Sync 1 DAGs
[2021-08-18 09:01:39,803] {logging_mixin.py:104} INFO - [2021-08-18 09:01:39,801] {dag.py:1851} INFO - Creating ORM DAG for example_task_group
[2021-08-18 09:01:39,815] {logging_mixin.py:104} INFO - [2021-08-18 09:01:39,815] {dag.py:2305} INFO - Setting next_dagrun for example_task_group to 2021-08-16 00:00:00+00:00
[2021-08-18 09:01:39,840] {scheduler_job.py:190} INFO - Processing /home/airflow/.local/lib/python3.6/site-packages/airflow/example_dags/example_task_group.py took 7.875 seconds
[2021-08-18 09:02:45,238] {scheduler_job.py:182} INFO - Started process (PID=156) to work on /home/airflow/.local/lib/python3.6/site-packages/airflow/example_dags/example_task_group.py
[2021-08-18 09:02:45,241] {scheduler_job.py:633} INFO - Processing file /home/airflow/.local/lib/python3.6/site-packages/airflow/example_dags/example_task_group.py for tasks to queue
[2021-08-18 09:02:45,243] {logging_mixin.py:104} INFO - [2021-08-18 09:02:45,243] {dagbag.py:487} INFO - Filling up the DagBag from /home/airflow/.local/lib/python3.6/site-packages/airflow/example_dags/example_task_group.py
[2021-08-18 09:02:45,268] {scheduler_job.py:643} INFO - DAG(s) dict_keys(['example_task_group']) retrieved from /home/airflow/.local/lib/python3.6/site-packages/airflow/example_dags/example_task_group.py
[2021-08-18 09:02:45,295] {logging_mixin.py:104} INFO - [2021-08-18 09:02:45,295] {dag.py:1832} INFO - Sync 1 DAGs
[2021-08-18 09:02:45,318] {logging_mixin.py:104} INFO - [2021-08-18 09:02:45,317] {dag.py:2305} INFO - Setting next_dagrun for example_task_group to 2021-08-16 00:00:00+00:00
[2021-08-18 09:02:45,330] {scheduler_job.py:190} INFO - Processing /home/airflow/.local/lib/python3.6/site-packages/airflow/example_dags/example_task_group.py took 0.099 seconds
[2021-08-18 09:03:15,622] {scheduler_job.py:182} INFO - Started process (PID=232) to work on /home/airflow/.local/lib/python3.6/site-packages/airflow/example_dags/example_task_group.py
[2021-08-18 09:03:15,624] {scheduler_job.py:633} INFO - Processing file /home/airflow/.local/lib/python3.6/site-packages/airflow/example_dags/example_task_group.py for tasks to queue
[2021-08-18 09:03:15,625] {logging_mixin.py:104} INFO - [2021-08-18 09:03:15,625] {dagbag.py:487} INFO - Filling up the DagBag from /home/airflow/.local/lib/python3.6/site-packages/airflow/example_dags/example_task_group.py
[2021-08-18 09:03:15,643] {scheduler_job.py:643} INFO - DAG(s) dict_keys(['example_task_group']) retrieved from /home/airflow/.local/lib/python3.6/site-packages/airflow/example_dags/example_task_group.py
[2021-08-18 09:03:15,667] {logging_mixin.py:104} INFO - [2021-08-18 09:03:15,667] {dag.py:1832} INFO - Sync 1 DAGs
[2021-08-18 09:03:15,684] {logging_mixin.py:104} INFO - [2021-08-18 09:03:15,684] {dag.py:2305} INFO - Setting next_dagrun for example_task_group to 2021-08-16 00:00:00+00:00
[2021-08-18 09:03:15,693] {scheduler_job.py:190} INFO - Processing /home/airflow/.local/lib/python3.6/site-packages/airflow/example_dags/example_task_group.py took 0.076 seconds
[2021-08-18 09:03:46,232] {scheduler_job.py:182} INFO - Started process (PID=294) to work on /home/airflow/.local/lib/python3.6/site-packages/airflow/example_dags/example_task_group.py
[2021-08-18 09:03:46,238] {scheduler_job.py:633} INFO - Processing file /home/airflow/.local/lib/python3.6/site-packages/airflow/example_dags/example_task_group.py for tasks to queue
[2021-08-18 09:03:46,239] {logging_mixin.py:104} INFO - [2021-08-18 09:03:46,239] {dagbag.py:487} INFO - Filling up the DagBag from /home/airflow/.local/lib/python3.6/site-packages/airflow/example_dags/example_task_group.py
[2021-08-18 09:03:46,258] {scheduler_job.py:643} INFO - DAG(s) dict_keys(['example_task_group']) retrieved from /home/airflow/.local/lib/python3.6/site-packages/airflow/example_dags/example_task_group.py
[2021-08-18 09:03:46,286] {logging_mixin.py:104} INFO - [2021-08-18 09:03:46,285] {dag.py:1832} INFO - Sync 1 DAGs
[2021-08-18 09:03:46,307] {logging_mixin.py:104} INFO - [2021-08-18 09:03:46,307] {dag.py:2305} INFO - Setting next_dagrun for example_task_group to 2021-08-16 00:00:00+00:00
[2021-08-18 09:03:46,333] {scheduler_job.py:190} INFO - Processing /home/airflow/.local/lib/python3.6/site-packages/airflow/example_dags/example_task_group.py took 0.105 seconds
[2021-08-18 09:04:16,930] {scheduler_job.py:182} INFO - Started process (PID=375) to work on /home/airflow/.local/lib/python3.6/site-packages/airflow/example_dags/example_task_group.py
[2021-08-18 09:04:16,932] {scheduler_job.py:633} INFO - Processing file /home/airflow/.local/lib/python3.6/site-packages/airflow/example_dags/example_task_group.py for tasks to queue
[2021-08-18 09:04:16,933] {logging_mixin.py:104} INFO - [2021-08-18 09:04:16,933] {dagbag.py:487} INFO - Filling up the DagBag from /home/airflow/.local/lib/python3.6/site-packages/airflow/example_dags/example_task_group.py
[2021-08-18 09:04:16,953] {scheduler_job.py:643} INFO - DAG(s) dict_keys(['example_task_group']) retrieved from /home/airflow/.local/lib/python3.6/site-packages/airflow/example_dags/example_task_group.py
[2021-08-18 09:04:16,980] {logging_mixin.py:104} INFO - [2021-08-18 09:04:16,980] {dag.py:1832} INFO - Sync 1 DAGs
[2021-08-18 09:04:16,999] {logging_mixin.py:104} INFO - [2021-08-18 09:04:16,999] {dag.py:2305} INFO - Setting next_dagrun for example_task_group to 2021-08-16 00:00:00+00:00
[2021-08-18 09:04:17,012] {scheduler_job.py:190} INFO - Processing /home/airflow/.local/lib/python3.6/site-packages/airflow/example_dags/example_task_group.py took 0.086 seconds
[2021-08-18 09:04:47,305] {scheduler_job.py:182} INFO - Started process (PID=433) to work on /home/airflow/.local/lib/python3.6/site-packages/airflow/example_dags/example_task_group.py
[2021-08-18 09:04:47,308] {scheduler_job.py:633} INFO - Processing file /home/airflow/.local/lib/python3.6/site-packages/airflow/example_dags/example_task_group.py for tasks to queue
[2021-08-18 09:04:47,309] {logging_mixin.py:104} INFO - [2021-08-18 09:04:47,309] {dagbag.py:487} INFO - Filling up the DagBag from /home/airflow/.local/lib/python3.6/site-packages/airflow/example_dags/example_task_group.py
[2021-08-18 09:04:47,333] {scheduler_job.py:643} INFO - DAG(s) dict_keys(['example_task_group']) retrieved from /home/airflow/.local/lib/python3.6/site-packages/airflow/example_dags/example_task_group.py
[2021-08-18 09:04:47,377] {logging_mixin.py:104} INFO - [2021-08-18 09:04:47,376] {dag.py:1832} INFO - Sync 1 DAGs
[2021-08-18 09:04:47,419] {logging_mixin.py:104} INFO - [2021-08-18 09:04:47,419] {dag.py:2305} INFO - Setting next_dagrun for example_task_group to 2021-08-16 00:00:00+00:00
[2021-08-18 09:04:47,448] {scheduler_job.py:190} INFO - Processing /home/airflow/.local/lib/python3.6/site-packages/airflow/example_dags/example_task_group.py took 0.148 seconds
[2021-08-18 09:05:17,787] {scheduler_job.py:182} INFO - Started process (PID=498) to work on /home/airflow/.local/lib/python3.6/site-packages/airflow/example_dags/example_task_group.py
[2021-08-18 09:05:17,790] {scheduler_job.py:633} INFO - Processing file /home/airflow/.local/lib/python3.6/site-packages/airflow/example_dags/example_task_group.py for tasks to queue
[2021-08-18 09:05:17,792] {logging_mixin.py:104} INFO - [2021-08-18 09:05:17,791] {dagbag.py:487} INFO - Filling up the DagBag from /home/airflow/.local/lib/python3.6/site-packages/airflow/example_dags/example_task_group.py
[2021-08-18 09:05:17,813] {scheduler_job.py:643} INFO - DAG(s) dict_keys(['example_task_group']) retrieved from /home/airflow/.local/lib/python3.6/site-packages/airflow/example_dags/example_task_group.py
[2021-08-18 09:05:17,837] {logging_mixin.py:104} INFO - [2021-08-18 09:05:17,837] {dag.py:1832} INFO - Sync 1 DAGs
[2021-08-18 09:05:17,856] {logging_mixin.py:104} INFO - [2021-08-18 09:05:17,855] {dag.py:2305} INFO - Setting next_dagrun for example_task_group to 2021-08-16 00:00:00+00:00
[2021-08-18 09:05:17,866] {scheduler_job.py:190} INFO - Processing /home/airflow/.local/lib/python3.6/site-packages/airflow/example_dags/example_task_group.py took 0.083 seconds
[2021-08-18 09:05:48,129] {scheduler_job.py:182} INFO - Started process (PID=565) to work on /home/airflow/.local/lib/python3.6/site-packages/airflow/example_dags/example_task_group.py
[2021-08-18 09:05:48,131] {scheduler_job.py:633} INFO - Processing file /home/airflow/.local/lib/python3.6/site-packages/airflow/example_dags/example_task_group.py for tasks to queue
[2021-08-18 09:05:48,132] {logging_mixin.py:104} INFO - [2021-08-18 09:05:48,132] {dagbag.py:487} INFO - Filling up the DagBag from /home/airflow/.local/lib/python3.6/site-packages/airflow/example_dags/example_task_group.py
[2021-08-18 09:05:48,150] {scheduler_job.py:643} INFO - DAG(s) dict_keys(['example_task_group']) retrieved from /home/airflow/.local/lib/python3.6/site-packages/airflow/example_dags/example_task_group.py
[2021-08-18 09:05:48,170] {logging_mixin.py:104} INFO - [2021-08-18 09:05:48,170] {dag.py:1832} INFO - Sync 1 DAGs
[2021-08-18 09:05:48,184] {logging_mixin.py:104} INFO - [2021-08-18 09:05:48,184] {dag.py:2305} INFO - Setting next_dagrun for example_task_group to 2021-08-16 00:00:00+00:00
[2021-08-18 09:05:48,193] {scheduler_job.py:190} INFO - Processing /home/airflow/.local/lib/python3.6/site-packages/airflow/example_dags/example_task_group.py took 0.068 seconds
[2021-08-18 09:06:18,383] {scheduler_job.py:182} INFO - Started process (PID=620) to work on /home/airflow/.local/lib/python3.6/site-packages/airflow/example_dags/example_task_group.py
[2021-08-18 09:06:18,390] {scheduler_job.py:633} INFO - Processing file /home/airflow/.local/lib/python3.6/site-packages/airflow/example_dags/example_task_group.py for tasks to queue
[2021-08-18 09:06:18,395] {logging_mixin.py:104} INFO - [2021-08-18 09:06:18,394] {dagbag.py:487} INFO - Filling up the DagBag from /home/airflow/.local/lib/python3.6/site-packages/airflow/example_dags/example_task_group.py
[2021-08-18 09:06:18,537] {scheduler_job.py:643} INFO - DAG(s) dict_keys(['example_task_group']) retrieved from /home/airflow/.local/lib/python3.6/site-packages/airflow/example_dags/example_task_group.py
[2021-08-18 09:06:18,648] {logging_mixin.py:104} INFO - [2021-08-18 09:06:18,648] {dag.py:1832} INFO - Sync 1 DAGs
[2021-08-18 09:06:18,777] {logging_mixin.py:104} INFO - [2021-08-18 09:06:18,774] {dag.py:2305} INFO - Setting next_dagrun for example_task_group to 2021-08-16 00:00:00+00:00
[2021-08-18 09:06:20,064] {scheduler_job.py:190} INFO - Processing /home/airflow/.local/lib/python3.6/site-packages/airflow/example_dags/example_task_group.py took 1.694 seconds
[2021-08-18 09:06:50,822] {scheduler_job.py:182} INFO - Started process (PID=697) to work on /home/airflow/.local/lib/python3.6/site-packages/airflow/example_dags/example_task_group.py
[2021-08-18 09:06:50,826] {scheduler_job.py:633} INFO - Processing file /home/airflow/.local/lib/python3.6/site-packages/airflow/example_dags/example_task_group.py for tasks to queue
[2021-08-18 09:06:50,828] {logging_mixin.py:104} INFO - [2021-08-18 09:06:50,828] {dagbag.py:487} INFO - Filling up the DagBag from /home/airflow/.local/lib/python3.6/site-packages/airflow/example_dags/example_task_group.py
[2021-08-18 09:06:50,918] {scheduler_job.py:643} INFO - DAG(s) dict_keys(['example_task_group']) retrieved from /home/airflow/.local/lib/python3.6/site-packages/airflow/example_dags/example_task_group.py
[2021-08-18 09:06:50,976] {logging_mixin.py:104} INFO - [2021-08-18 09:06:50,976] {dag.py:1832} INFO - Sync 1 DAGs
[2021-08-18 09:06:50,998] {logging_mixin.py:104} INFO - [2021-08-18 09:06:50,998] {dag.py:2305} INFO - Setting next_dagrun for example_task_group to 2021-08-16 00:00:00+00:00
[2021-08-18 09:06:51,010] {scheduler_job.py:190} INFO - Processing /home/airflow/.local/lib/python3.6/site-packages/airflow/example_dags/example_task_group.py took 0.195 seconds
[2021-08-18 09:07:21,193] {scheduler_job.py:182} INFO - Started process (PID=758) to work on /home/airflow/.local/lib/python3.6/site-packages/airflow/example_dags/example_task_group.py
[2021-08-18 09:07:21,195] {scheduler_job.py:633} INFO - Processing file /home/airflow/.local/lib/python3.6/site-packages/airflow/example_dags/example_task_group.py for tasks to queue
[2021-08-18 09:07:21,197] {logging_mixin.py:104} INFO - [2021-08-18 09:07:21,197] {dagbag.py:487} INFO - Filling up the DagBag from /home/airflow/.local/lib/python3.6/site-packages/airflow/example_dags/example_task_group.py
[2021-08-18 09:07:21,219] {scheduler_job.py:643} INFO - DAG(s) dict_keys(['example_task_group']) retrieved from /home/airflow/.local/lib/python3.6/site-packages/airflow/example_dags/example_task_group.py
[2021-08-18 09:07:21,250] {logging_mixin.py:104} INFO - [2021-08-18 09:07:21,249] {dag.py:1832} INFO - Sync 1 DAGs
[2021-08-18 09:07:21,269] {logging_mixin.py:104} INFO - [2021-08-18 09:07:21,269] {dag.py:2305} INFO - Setting next_dagrun for example_task_group to 2021-08-16 00:00:00+00:00
[2021-08-18 09:07:21,281] {scheduler_job.py:190} INFO - Processing /home/airflow/.local/lib/python3.6/site-packages/airflow/example_dags/example_task_group.py took 0.093 seconds
[2021-08-18 09:07:51,511] {scheduler_job.py:182} INFO - Started process (PID=820) to work on /home/airflow/.local/lib/python3.6/site-packages/airflow/example_dags/example_task_group.py
[2021-08-18 09:07:51,514] {scheduler_job.py:633} INFO - Processing file /home/airflow/.local/lib/python3.6/site-packages/airflow/example_dags/example_task_group.py for tasks to queue
[2021-08-18 09:07:51,516] {logging_mixin.py:104} INFO - [2021-08-18 09:07:51,515] {dagbag.py:487} INFO - Filling up the DagBag from /home/airflow/.local/lib/python3.6/site-packages/airflow/example_dags/example_task_group.py
[2021-08-18 09:07:51,543] {scheduler_job.py:643} INFO - DAG(s) dict_keys(['example_task_group']) retrieved from /home/airflow/.local/lib/python3.6/site-packages/airflow/example_dags/example_task_group.py
[2021-08-18 09:07:51,577] {logging_mixin.py:104} INFO - [2021-08-18 09:07:51,577] {dag.py:1832} INFO - Sync 1 DAGs
[2021-08-18 09:07:51,600] {logging_mixin.py:104} INFO - [2021-08-18 09:07:51,599] {dag.py:2305} INFO - Setting next_dagrun for example_task_group to 2021-08-16 00:00:00+00:00
[2021-08-18 09:07:51,613] {scheduler_job.py:190} INFO - Processing /home/airflow/.local/lib/python3.6/site-packages/airflow/example_dags/example_task_group.py took 0.108 seconds
[2021-08-18 09:08:22,237] {scheduler_job.py:182} INFO - Started process (PID=866) to work on /home/airflow/.local/lib/python3.6/site-packages/airflow/example_dags/example_task_group.py
[2021-08-18 09:08:22,239] {scheduler_job.py:633} INFO - Processing file /home/airflow/.local/lib/python3.6/site-packages/airflow/example_dags/example_task_group.py for tasks to queue
[2021-08-18 09:08:22,241] {logging_mixin.py:104} INFO - [2021-08-18 09:08:22,241] {dagbag.py:487} INFO - Filling up the DagBag from /home/airflow/.local/lib/python3.6/site-packages/airflow/example_dags/example_task_group.py
[2021-08-18 09:08:22,260] {scheduler_job.py:643} INFO - DAG(s) dict_keys(['example_task_group']) retrieved from /home/airflow/.local/lib/python3.6/site-packages/airflow/example_dags/example_task_group.py
[2021-08-18 09:08:22,282] {logging_mixin.py:104} INFO - [2021-08-18 09:08:22,282] {dag.py:1832} INFO - Sync 1 DAGs
[2021-08-18 09:08:22,300] {logging_mixin.py:104} INFO - [2021-08-18 09:08:22,300] {dag.py:2305} INFO - Setting next_dagrun for example_task_group to 2021-08-16 00:00:00+00:00
[2021-08-18 09:08:22,311] {scheduler_job.py:190} INFO - Processing /home/airflow/.local/lib/python3.6/site-packages/airflow/example_dags/example_task_group.py took 0.079 seconds
[2021-08-18 09:08:53,240] {scheduler_job.py:182} INFO - Started process (PID=929) to work on /home/airflow/.local/lib/python3.6/site-packages/airflow/example_dags/example_task_group.py
[2021-08-18 09:08:53,242] {scheduler_job.py:633} INFO - Processing file /home/airflow/.local/lib/python3.6/site-packages/airflow/example_dags/example_task_group.py for tasks to queue
[2021-08-18 09:08:53,244] {logging_mixin.py:104} INFO - [2021-08-18 09:08:53,244] {dagbag.py:487} INFO - Filling up the DagBag from /home/airflow/.local/lib/python3.6/site-packages/airflow/example_dags/example_task_group.py
[2021-08-18 09:08:53,272] {scheduler_job.py:643} INFO - DAG(s) dict_keys(['example_task_group']) retrieved from /home/airflow/.local/lib/python3.6/site-packages/airflow/example_dags/example_task_group.py
[2021-08-18 09:08:53,304] {logging_mixin.py:104} INFO - [2021-08-18 09:08:53,304] {dag.py:1832} INFO - Sync 1 DAGs
[2021-08-18 09:08:53,330] {logging_mixin.py:104} INFO - [2021-08-18 09:08:53,330] {dag.py:2305} INFO - Setting next_dagrun for example_task_group to 2021-08-16 00:00:00+00:00
[2021-08-18 09:08:53,345] {scheduler_job.py:190} INFO - Processing /home/airflow/.local/lib/python3.6/site-packages/airflow/example_dags/example_task_group.py took 0.110 seconds
[2021-08-18 09:09:23,682] {scheduler_job.py:182} INFO - Started process (PID=990) to work on /home/airflow/.local/lib/python3.6/site-packages/airflow/example_dags/example_task_group.py
[2021-08-18 09:09:23,688] {scheduler_job.py:633} INFO - Processing file /home/airflow/.local/lib/python3.6/site-packages/airflow/example_dags/example_task_group.py for tasks to queue
[2021-08-18 09:09:23,692] {logging_mixin.py:104} INFO - [2021-08-18 09:09:23,691] {dagbag.py:487} INFO - Filling up the DagBag from /home/airflow/.local/lib/python3.6/site-packages/airflow/example_dags/example_task_group.py
[2021-08-18 09:09:23,729] {scheduler_job.py:643} INFO - DAG(s) dict_keys(['example_task_group']) retrieved from /home/airflow/.local/lib/python3.6/site-packages/airflow/example_dags/example_task_group.py
[2021-08-18 09:09:23,778] {logging_mixin.py:104} INFO - [2021-08-18 09:09:23,778] {dag.py:1832} INFO - Sync 1 DAGs
[2021-08-18 09:09:23,802] {logging_mixin.py:104} INFO - [2021-08-18 09:09:23,802] {dag.py:2305} INFO - Setting next_dagrun for example_task_group to 2021-08-16 00:00:00+00:00
[2021-08-18 09:09:23,812] {scheduler_job.py:190} INFO - Processing /home/airflow/.local/lib/python3.6/site-packages/airflow/example_dags/example_task_group.py took 0.136 seconds
[2021-08-18 09:09:54,039] {scheduler_job.py:182} INFO - Started process (PID=1068) to work on /home/airflow/.local/lib/python3.6/site-packages/airflow/example_dags/example_task_group.py
[2021-08-18 09:09:54,042] {scheduler_job.py:633} INFO - Processing file /home/airflow/.local/lib/python3.6/site-packages/airflow/example_dags/example_task_group.py for tasks to queue
[2021-08-18 09:09:54,044] {logging_mixin.py:104} INFO - [2021-08-18 09:09:54,044] {dagbag.py:487} INFO - Filling up the DagBag from /home/airflow/.local/lib/python3.6/site-packages/airflow/example_dags/example_task_group.py
[2021-08-18 09:09:54,072] {scheduler_job.py:643} INFO - DAG(s) dict_keys(['example_task_group']) retrieved from /home/airflow/.local/lib/python3.6/site-packages/airflow/example_dags/example_task_group.py
[2021-08-18 09:09:54,107] {logging_mixin.py:104} INFO - [2021-08-18 09:09:54,107] {dag.py:1832} INFO - Sync 1 DAGs
[2021-08-18 09:09:54,139] {logging_mixin.py:104} INFO - [2021-08-18 09:09:54,139] {dag.py:2305} INFO - Setting next_dagrun for example_task_group to 2021-08-16 00:00:00+00:00
[2021-08-18 09:09:54,154] {scheduler_job.py:190} INFO - Processing /home/airflow/.local/lib/python3.6/site-packages/airflow/example_dags/example_task_group.py took 0.118 seconds
[2021-08-18 09:10:26,539] {scheduler_job.py:182} INFO - Started process (PID=1131) to work on /home/airflow/.local/lib/python3.6/site-packages/airflow/example_dags/example_task_group.py
[2021-08-18 09:10:26,541] {scheduler_job.py:633} INFO - Processing file /home/airflow/.local/lib/python3.6/site-packages/airflow/example_dags/example_task_group.py for tasks to queue
[2021-08-18 09:10:26,543] {logging_mixin.py:104} INFO - [2021-08-18 09:10:26,543] {dagbag.py:487} INFO - Filling up the DagBag from /home/airflow/.local/lib/python3.6/site-packages/airflow/example_dags/example_task_group.py
[2021-08-18 09:10:26,582] {scheduler_job.py:643} INFO - DAG(s) dict_keys(['example_task_group']) retrieved from /home/airflow/.local/lib/python3.6/site-packages/airflow/example_dags/example_task_group.py
[2021-08-18 09:10:26,655] {logging_mixin.py:104} INFO - [2021-08-18 09:10:26,655] {dag.py:1832} INFO - Sync 1 DAGs
[2021-08-18 09:10:26,694] {logging_mixin.py:104} INFO - [2021-08-18 09:10:26,693] {dag.py:2305} INFO - Setting next_dagrun for example_task_group to 2021-08-16 00:00:00+00:00
[2021-08-18 09:10:26,725] {scheduler_job.py:190} INFO - Processing /home/airflow/.local/lib/python3.6/site-packages/airflow/example_dags/example_task_group.py took 0.190 seconds
[2021-08-18 09:10:56,924] {scheduler_job.py:182} INFO - Started process (PID=1208) to work on /home/airflow/.local/lib/python3.6/site-packages/airflow/example_dags/example_task_group.py
[2021-08-18 09:10:56,926] {scheduler_job.py:633} INFO - Processing file /home/airflow/.local/lib/python3.6/site-packages/airflow/example_dags/example_task_group.py for tasks to queue
[2021-08-18 09:10:56,928] {logging_mixin.py:104} INFO - [2021-08-18 09:10:56,928] {dagbag.py:487} INFO - Filling up the DagBag from /home/airflow/.local/lib/python3.6/site-packages/airflow/example_dags/example_task_group.py
[2021-08-18 09:10:56,951] {scheduler_job.py:643} INFO - DAG(s) dict_keys(['example_task_group']) retrieved from /home/airflow/.local/lib/python3.6/site-packages/airflow/example_dags/example_task_group.py
[2021-08-18 09:10:56,977] {logging_mixin.py:104} INFO - [2021-08-18 09:10:56,976] {dag.py:1832} INFO - Sync 1 DAGs
[2021-08-18 09:10:56,995] {logging_mixin.py:104} INFO - [2021-08-18 09:10:56,995] {dag.py:2305} INFO - Setting next_dagrun for example_task_group to 2021-08-16 00:00:00+00:00
[2021-08-18 09:10:57,006] {scheduler_job.py:190} INFO - Processing /home/airflow/.local/lib/python3.6/site-packages/airflow/example_dags/example_task_group.py took 0.086 seconds
[2021-08-18 09:11:27,542] {scheduler_job.py:182} INFO - Started process (PID=1286) to work on /home/airflow/.local/lib/python3.6/site-packages/airflow/example_dags/example_task_group.py
[2021-08-18 09:11:27,544] {scheduler_job.py:633} INFO - Processing file /home/airflow/.local/lib/python3.6/site-packages/airflow/example_dags/example_task_group.py for tasks to queue
[2021-08-18 09:11:27,545] {logging_mixin.py:104} INFO - [2021-08-18 09:11:27,545] {dagbag.py:487} INFO - Filling up the DagBag from /home/airflow/.local/lib/python3.6/site-packages/airflow/example_dags/example_task_group.py
[2021-08-18 09:11:27,562] {scheduler_job.py:643} INFO - DAG(s) dict_keys(['example_task_group']) retrieved from /home/airflow/.local/lib/python3.6/site-packages/airflow/example_dags/example_task_group.py
[2021-08-18 09:11:27,589] {logging_mixin.py:104} INFO - [2021-08-18 09:11:27,589] {dag.py:1832} INFO - Sync 1 DAGs
[2021-08-18 09:11:27,610] {logging_mixin.py:104} INFO - [2021-08-18 09:11:27,609] {dag.py:2305} INFO - Setting next_dagrun for example_task_group to 2021-08-16 00:00:00+00:00
[2021-08-18 09:11:27,620] {scheduler_job.py:190} INFO - Processing /home/airflow/.local/lib/python3.6/site-packages/airflow/example_dags/example_task_group.py took 0.084 seconds
[2021-08-18 09:11:58,077] {scheduler_job.py:182} INFO - Started process (PID=1348) to work on /home/airflow/.local/lib/python3.6/site-packages/airflow/example_dags/example_task_group.py
[2021-08-18 09:11:58,079] {scheduler_job.py:633} INFO - Processing file /home/airflow/.local/lib/python3.6/site-packages/airflow/example_dags/example_task_group.py for tasks to queue
[2021-08-18 09:11:58,080] {logging_mixin.py:104} INFO - [2021-08-18 09:11:58,080] {dagbag.py:487} INFO - Filling up the DagBag from /home/airflow/.local/lib/python3.6/site-packages/airflow/example_dags/example_task_group.py
[2021-08-18 09:11:58,101] {scheduler_job.py:643} INFO - DAG(s) dict_keys(['example_task_group']) retrieved from /home/airflow/.local/lib/python3.6/site-packages/airflow/example_dags/example_task_group.py
[2021-08-18 09:11:58,138] {logging_mixin.py:104} INFO - [2021-08-18 09:11:58,138] {dag.py:1832} INFO - Sync 1 DAGs
[2021-08-18 09:11:58,171] {logging_mixin.py:104} INFO - [2021-08-18 09:11:58,171] {dag.py:2305} INFO - Setting next_dagrun for example_task_group to 2021-08-16 00:00:00+00:00
[2021-08-18 09:11:58,183] {scheduler_job.py:190} INFO - Processing /home/airflow/.local/lib/python3.6/site-packages/airflow/example_dags/example_task_group.py took 0.111 seconds
[2021-08-18 09:12:28,782] {scheduler_job.py:182} INFO - Started process (PID=1425) to work on /home/airflow/.local/lib/python3.6/site-packages/airflow/example_dags/example_task_group.py
[2021-08-18 09:12:28,784] {scheduler_job.py:633} INFO - Processing file /home/airflow/.local/lib/python3.6/site-packages/airflow/example_dags/example_task_group.py for tasks to queue
[2021-08-18 09:12:28,785] {logging_mixin.py:104} INFO - [2021-08-18 09:12:28,785] {dagbag.py:487} INFO - Filling up the DagBag from /home/airflow/.local/lib/python3.6/site-packages/airflow/example_dags/example_task_group.py
[2021-08-18 09:12:28,804] {scheduler_job.py:643} INFO - DAG(s) dict_keys(['example_task_group']) retrieved from /home/airflow/.local/lib/python3.6/site-packages/airflow/example_dags/example_task_group.py
[2021-08-18 09:12:28,838] {logging_mixin.py:104} INFO - [2021-08-18 09:12:28,838] {dag.py:1832} INFO - Sync 1 DAGs
[2021-08-18 09:12:28,863] {logging_mixin.py:104} INFO - [2021-08-18 09:12:28,863] {dag.py:2305} INFO - Setting next_dagrun for example_task_group to 2021-08-16 00:00:00+00:00
[2021-08-18 09:12:28,878] {scheduler_job.py:190} INFO - Processing /home/airflow/.local/lib/python3.6/site-packages/airflow/example_dags/example_task_group.py took 0.101 seconds
[2021-08-18 09:12:59,435] {scheduler_job.py:182} INFO - Started process (PID=1497) to work on /home/airflow/.local/lib/python3.6/site-packages/airflow/example_dags/example_task_group.py
[2021-08-18 09:12:59,436] {scheduler_job.py:633} INFO - Processing file /home/airflow/.local/lib/python3.6/site-packages/airflow/example_dags/example_task_group.py for tasks to queue
[2021-08-18 09:12:59,438] {logging_mixin.py:104} INFO - [2021-08-18 09:12:59,437] {dagbag.py:487} INFO - Filling up the DagBag from /home/airflow/.local/lib/python3.6/site-packages/airflow/example_dags/example_task_group.py
[2021-08-18 09:12:59,453] {scheduler_job.py:643} INFO - DAG(s) dict_keys(['example_task_group']) retrieved from /home/airflow/.local/lib/python3.6/site-packages/airflow/example_dags/example_task_group.py
[2021-08-18 09:12:59,478] {logging_mixin.py:104} INFO - [2021-08-18 09:12:59,478] {dag.py:1832} INFO - Sync 1 DAGs
[2021-08-18 09:12:59,496] {logging_mixin.py:104} INFO - [2021-08-18 09:12:59,496] {dag.py:2305} INFO - Setting next_dagrun for example_task_group to 2021-08-16 00:00:00+00:00
[2021-08-18 09:12:59,506] {scheduler_job.py:190} INFO - Processing /home/airflow/.local/lib/python3.6/site-packages/airflow/example_dags/example_task_group.py took 0.075 seconds
[2021-08-18 09:13:29,958] {scheduler_job.py:182} INFO - Started process (PID=1566) to work on /home/airflow/.local/lib/python3.6/site-packages/airflow/example_dags/example_task_group.py
[2021-08-18 09:13:29,961] {scheduler_job.py:633} INFO - Processing file /home/airflow/.local/lib/python3.6/site-packages/airflow/example_dags/example_task_group.py for tasks to queue
[2021-08-18 09:13:29,963] {logging_mixin.py:104} INFO - [2021-08-18 09:13:29,962] {dagbag.py:487} INFO - Filling up the DagBag from /home/airflow/.local/lib/python3.6/site-packages/airflow/example_dags/example_task_group.py
[2021-08-18 09:13:29,981] {scheduler_job.py:643} INFO - DAG(s) dict_keys(['example_task_group']) retrieved from /home/airflow/.local/lib/python3.6/site-packages/airflow/example_dags/example_task_group.py
[2021-08-18 09:13:30,007] {logging_mixin.py:104} INFO - [2021-08-18 09:13:30,007] {dag.py:1832} INFO - Sync 1 DAGs
[2021-08-18 09:13:30,030] {logging_mixin.py:104} INFO - [2021-08-18 09:13:30,030] {dag.py:2305} INFO - Setting next_dagrun for example_task_group to 2021-08-16 00:00:00+00:00
[2021-08-18 09:13:30,045] {scheduler_job.py:190} INFO - Processing /home/airflow/.local/lib/python3.6/site-packages/airflow/example_dags/example_task_group.py took 0.094 seconds
[2021-08-18 09:14:00,510] {scheduler_job.py:182} INFO - Started process (PID=1627) to work on /home/airflow/.local/lib/python3.6/site-packages/airflow/example_dags/example_task_group.py
[2021-08-18 09:14:00,513] {scheduler_job.py:633} INFO - Processing file /home/airflow/.local/lib/python3.6/site-packages/airflow/example_dags/example_task_group.py for tasks to queue
[2021-08-18 09:14:00,514] {logging_mixin.py:104} INFO - [2021-08-18 09:14:00,514] {dagbag.py:487} INFO - Filling up the DagBag from /home/airflow/.local/lib/python3.6/site-packages/airflow/example_dags/example_task_group.py
[2021-08-18 09:14:00,531] {scheduler_job.py:643} INFO - DAG(s) dict_keys(['example_task_group']) retrieved from /home/airflow/.local/lib/python3.6/site-packages/airflow/example_dags/example_task_group.py
[2021-08-18 09:14:00,555] {logging_mixin.py:104} INFO - [2021-08-18 09:14:00,555] {dag.py:1832} INFO - Sync 1 DAGs
[2021-08-18 09:14:00,571] {logging_mixin.py:104} INFO - [2021-08-18 09:14:00,571] {dag.py:2305} INFO - Setting next_dagrun for example_task_group to 2021-08-16 00:00:00+00:00
[2021-08-18 09:14:00,582] {scheduler_job.py:190} INFO - Processing /home/airflow/.local/lib/python3.6/site-packages/airflow/example_dags/example_task_group.py took 0.077 seconds
[2021-08-18 09:14:30,627] {scheduler_job.py:182} INFO - Started process (PID=1689) to work on /home/airflow/.local/lib/python3.6/site-packages/airflow/example_dags/example_task_group.py
[2021-08-18 09:14:30,629] {scheduler_job.py:633} INFO - Processing file /home/airflow/.local/lib/python3.6/site-packages/airflow/example_dags/example_task_group.py for tasks to queue
[2021-08-18 09:14:30,630] {logging_mixin.py:104} INFO - [2021-08-18 09:14:30,630] {dagbag.py:487} INFO - Filling up the DagBag from /home/airflow/.local/lib/python3.6/site-packages/airflow/example_dags/example_task_group.py
[2021-08-18 09:14:30,651] {scheduler_job.py:643} INFO - DAG(s) dict_keys(['example_task_group']) retrieved from /home/airflow/.local/lib/python3.6/site-packages/airflow/example_dags/example_task_group.py
[2021-08-18 09:14:30,679] {logging_mixin.py:104} INFO - [2021-08-18 09:14:30,679] {dag.py:1832} INFO - Sync 1 DAGs
[2021-08-18 09:14:30,700] {logging_mixin.py:104} INFO - [2021-08-18 09:14:30,700] {dag.py:2305} INFO - Setting next_dagrun for example_task_group to 2021-08-16 00:00:00+00:00
[2021-08-18 09:14:30,715] {scheduler_job.py:190} INFO - Processing /home/airflow/.local/lib/python3.6/site-packages/airflow/example_dags/example_task_group.py took 0.092 seconds
[2021-08-18 09:15:00,948] {scheduler_job.py:182} INFO - Started process (PID=1766) to work on /home/airflow/.local/lib/python3.6/site-packages/airflow/example_dags/example_task_group.py
[2021-08-18 09:15:00,950] {scheduler_job.py:633} INFO - Processing file /home/airflow/.local/lib/python3.6/site-packages/airflow/example_dags/example_task_group.py for tasks to queue
[2021-08-18 09:15:00,951] {logging_mixin.py:104} INFO - [2021-08-18 09:15:00,951] {dagbag.py:487} INFO - Filling up the DagBag from /home/airflow/.local/lib/python3.6/site-packages/airflow/example_dags/example_task_group.py
[2021-08-18 09:15:00,966] {scheduler_job.py:643} INFO - DAG(s) dict_keys(['example_task_group']) retrieved from /home/airflow/.local/lib/python3.6/site-packages/airflow/example_dags/example_task_group.py
[2021-08-18 09:15:00,990] {logging_mixin.py:104} INFO - [2021-08-18 09:15:00,990] {dag.py:1832} INFO - Sync 1 DAGs
[2021-08-18 09:15:01,007] {logging_mixin.py:104} INFO - [2021-08-18 09:15:01,007] {dag.py:2305} INFO - Setting next_dagrun for example_task_group to 2021-08-16 00:00:00+00:00
[2021-08-18 09:15:01,018] {scheduler_job.py:190} INFO - Processing /home/airflow/.local/lib/python3.6/site-packages/airflow/example_dags/example_task_group.py took 0.074 seconds
[2021-08-18 09:15:31,128] {scheduler_job.py:182} INFO - Started process (PID=1843) to work on /home/airflow/.local/lib/python3.6/site-packages/airflow/example_dags/example_task_group.py
[2021-08-18 09:15:31,132] {scheduler_job.py:633} INFO - Processing file /home/airflow/.local/lib/python3.6/site-packages/airflow/example_dags/example_task_group.py for tasks to queue
[2021-08-18 09:15:31,134] {logging_mixin.py:104} INFO - [2021-08-18 09:15:31,134] {dagbag.py:487} INFO - Filling up the DagBag from /home/airflow/.local/lib/python3.6/site-packages/airflow/example_dags/example_task_group.py
[2021-08-18 09:15:31,150] {scheduler_job.py:643} INFO - DAG(s) dict_keys(['example_task_group']) retrieved from /home/airflow/.local/lib/python3.6/site-packages/airflow/example_dags/example_task_group.py
[2021-08-18 09:15:31,171] {logging_mixin.py:104} INFO - [2021-08-18 09:15:31,171] {dag.py:1832} INFO - Sync 1 DAGs
[2021-08-18 09:15:31,189] {logging_mixin.py:104} INFO - [2021-08-18 09:15:31,189] {dag.py:2305} INFO - Setting next_dagrun for example_task_group to 2021-08-16 00:00:00+00:00
[2021-08-18 09:15:31,200] {scheduler_job.py:190} INFO - Processing /home/airflow/.local/lib/python3.6/site-packages/airflow/example_dags/example_task_group.py took 0.076 seconds
[2021-08-18 09:16:01,627] {scheduler_job.py:182} INFO - Started process (PID=1904) to work on /home/airflow/.local/lib/python3.6/site-packages/airflow/example_dags/example_task_group.py
[2021-08-18 09:16:01,629] {scheduler_job.py:633} INFO - Processing file /home/airflow/.local/lib/python3.6/site-packages/airflow/example_dags/example_task_group.py for tasks to queue
[2021-08-18 09:16:01,630] {logging_mixin.py:104} INFO - [2021-08-18 09:16:01,630] {dagbag.py:487} INFO - Filling up the DagBag from /home/airflow/.local/lib/python3.6/site-packages/airflow/example_dags/example_task_group.py
[2021-08-18 09:16:01,650] {scheduler_job.py:643} INFO - DAG(s) dict_keys(['example_task_group']) retrieved from /home/airflow/.local/lib/python3.6/site-packages/airflow/example_dags/example_task_group.py
[2021-08-18 09:16:01,673] {logging_mixin.py:104} INFO - [2021-08-18 09:16:01,673] {dag.py:1832} INFO - Sync 1 DAGs
[2021-08-18 09:16:01,690] {logging_mixin.py:104} INFO - [2021-08-18 09:16:01,690] {dag.py:2305} INFO - Setting next_dagrun for example_task_group to 2021-08-16 00:00:00+00:00
[2021-08-18 09:16:01,700] {scheduler_job.py:190} INFO - Processing /home/airflow/.local/lib/python3.6/site-packages/airflow/example_dags/example_task_group.py took 0.076 seconds
[2021-08-18 09:16:32,357] {scheduler_job.py:182} INFO - Started process (PID=1981) to work on /home/airflow/.local/lib/python3.6/site-packages/airflow/example_dags/example_task_group.py
[2021-08-18 09:16:32,359] {scheduler_job.py:633} INFO - Processing file /home/airflow/.local/lib/python3.6/site-packages/airflow/example_dags/example_task_group.py for tasks to queue
[2021-08-18 09:16:32,361] {logging_mixin.py:104} INFO - [2021-08-18 09:16:32,361] {dagbag.py:487} INFO - Filling up the DagBag from /home/airflow/.local/lib/python3.6/site-packages/airflow/example_dags/example_task_group.py
[2021-08-18 09:16:32,380] {scheduler_job.py:643} INFO - DAG(s) dict_keys(['example_task_group']) retrieved from /home/airflow/.local/lib/python3.6/site-packages/airflow/example_dags/example_task_group.py
[2021-08-18 09:16:32,406] {logging_mixin.py:104} INFO - [2021-08-18 09:16:32,405] {dag.py:1832} INFO - Sync 1 DAGs
[2021-08-18 09:16:32,424] {logging_mixin.py:104} INFO - [2021-08-18 09:16:32,424] {dag.py:2305} INFO - Setting next_dagrun for example_task_group to 2021-08-16 00:00:00+00:00
[2021-08-18 09:16:32,434] {scheduler_job.py:190} INFO - Processing /home/airflow/.local/lib/python3.6/site-packages/airflow/example_dags/example_task_group.py took 0.082 seconds
[2021-08-18 09:17:03,136] {scheduler_job.py:182} INFO - Started process (PID=2044) to work on /home/airflow/.local/lib/python3.6/site-packages/airflow/example_dags/example_task_group.py
[2021-08-18 09:17:03,139] {scheduler_job.py:633} INFO - Processing file /home/airflow/.local/lib/python3.6/site-packages/airflow/example_dags/example_task_group.py for tasks to queue
[2021-08-18 09:17:03,143] {logging_mixin.py:104} INFO - [2021-08-18 09:17:03,142] {dagbag.py:487} INFO - Filling up the DagBag from /home/airflow/.local/lib/python3.6/site-packages/airflow/example_dags/example_task_group.py
[2021-08-18 09:17:03,163] {scheduler_job.py:643} INFO - DAG(s) dict_keys(['example_task_group']) retrieved from /home/airflow/.local/lib/python3.6/site-packages/airflow/example_dags/example_task_group.py
[2021-08-18 09:17:03,188] {logging_mixin.py:104} INFO - [2021-08-18 09:17:03,188] {dag.py:1832} INFO - Sync 1 DAGs
[2021-08-18 09:17:03,206] {logging_mixin.py:104} INFO - [2021-08-18 09:17:03,206] {dag.py:2305} INFO - Setting next_dagrun for example_task_group to 2021-08-16 00:00:00+00:00
[2021-08-18 09:17:03,216] {scheduler_job.py:190} INFO - Processing /home/airflow/.local/lib/python3.6/site-packages/airflow/example_dags/example_task_group.py took 0.086 seconds
[2021-08-18 09:17:34,461] {scheduler_job.py:182} INFO - Started process (PID=29) to work on /home/airflow/.local/lib/python3.6/site-packages/airflow/example_dags/example_task_group.py
[2021-08-18 09:17:34,463] {scheduler_job.py:633} INFO - Processing file /home/airflow/.local/lib/python3.6/site-packages/airflow/example_dags/example_task_group.py for tasks to queue
[2021-08-18 09:17:34,464] {logging_mixin.py:104} INFO - [2021-08-18 09:17:34,464] {dagbag.py:487} INFO - Filling up the DagBag from /home/airflow/.local/lib/python3.6/site-packages/airflow/example_dags/example_task_group.py
[2021-08-18 09:17:34,503] {scheduler_job.py:643} INFO - DAG(s) dict_keys(['example_task_group']) retrieved from /home/airflow/.local/lib/python3.6/site-packages/airflow/example_dags/example_task_group.py
[2021-08-18 09:17:34,526] {logging_mixin.py:104} INFO - [2021-08-18 09:17:34,526] {dag.py:1832} INFO - Sync 1 DAGs
[2021-08-18 09:17:34,544] {logging_mixin.py:104} INFO - [2021-08-18 09:17:34,544] {dag.py:2305} INFO - Setting next_dagrun for example_task_group to 2021-08-16 00:00:00+00:00
[2021-08-18 09:17:34,554] {scheduler_job.py:190} INFO - Processing /home/airflow/.local/lib/python3.6/site-packages/airflow/example_dags/example_task_group.py took 0.097 seconds
[2021-08-18 09:18:04,637] {scheduler_job.py:182} INFO - Started process (PID=101) to work on /home/airflow/.local/lib/python3.6/site-packages/airflow/example_dags/example_task_group.py
[2021-08-18 09:18:04,638] {scheduler_job.py:633} INFO - Processing file /home/airflow/.local/lib/python3.6/site-packages/airflow/example_dags/example_task_group.py for tasks to queue
[2021-08-18 09:18:04,639] {logging_mixin.py:104} INFO - [2021-08-18 09:18:04,639] {dagbag.py:487} INFO - Filling up the DagBag from /home/airflow/.local/lib/python3.6/site-packages/airflow/example_dags/example_task_group.py
[2021-08-18 09:18:04,652] {scheduler_job.py:643} INFO - DAG(s) dict_keys(['example_task_group']) retrieved from /home/airflow/.local/lib/python3.6/site-packages/airflow/example_dags/example_task_group.py
[2021-08-18 09:18:04,669] {logging_mixin.py:104} INFO - [2021-08-18 09:18:04,669] {dag.py:1832} INFO - Sync 1 DAGs
[2021-08-18 09:18:04,682] {logging_mixin.py:104} INFO - [2021-08-18 09:18:04,682] {dag.py:2305} INFO - Setting next_dagrun for example_task_group to 2021-08-16 00:00:00+00:00
[2021-08-18 09:18:04,690] {scheduler_job.py:190} INFO - Processing /home/airflow/.local/lib/python3.6/site-packages/airflow/example_dags/example_task_group.py took 0.056 seconds
[2021-08-18 09:18:35,530] {scheduler_job.py:182} INFO - Started process (PID=169) to work on /home/airflow/.local/lib/python3.6/site-packages/airflow/example_dags/example_task_group.py
[2021-08-18 09:18:35,532] {scheduler_job.py:633} INFO - Processing file /home/airflow/.local/lib/python3.6/site-packages/airflow/example_dags/example_task_group.py for tasks to queue
[2021-08-18 09:18:35,534] {logging_mixin.py:104} INFO - [2021-08-18 09:18:35,533] {dagbag.py:487} INFO - Filling up the DagBag from /home/airflow/.local/lib/python3.6/site-packages/airflow/example_dags/example_task_group.py
[2021-08-18 09:18:35,551] {scheduler_job.py:643} INFO - DAG(s) dict_keys(['example_task_group']) retrieved from /home/airflow/.local/lib/python3.6/site-packages/airflow/example_dags/example_task_group.py
[2021-08-18 09:18:35,577] {logging_mixin.py:104} INFO - [2021-08-18 09:18:35,577] {dag.py:1832} INFO - Sync 1 DAGs
[2021-08-18 09:18:35,598] {logging_mixin.py:104} INFO - [2021-08-18 09:18:35,598] {dag.py:2305} INFO - Setting next_dagrun for example_task_group to 2021-08-16 00:00:00+00:00
[2021-08-18 09:18:35,610] {scheduler_job.py:190} INFO - Processing /home/airflow/.local/lib/python3.6/site-packages/airflow/example_dags/example_task_group.py took 0.085 seconds
[2021-08-18 09:19:05,823] {scheduler_job.py:182} INFO - Started process (PID=247) to work on /home/airflow/.local/lib/python3.6/site-packages/airflow/example_dags/example_task_group.py
[2021-08-18 09:19:05,826] {scheduler_job.py:633} INFO - Processing file /home/airflow/.local/lib/python3.6/site-packages/airflow/example_dags/example_task_group.py for tasks to queue
[2021-08-18 09:19:05,827] {logging_mixin.py:104} INFO - [2021-08-18 09:19:05,827] {dagbag.py:487} INFO - Filling up the DagBag from /home/airflow/.local/lib/python3.6/site-packages/airflow/example_dags/example_task_group.py
[2021-08-18 09:19:05,856] {scheduler_job.py:643} INFO - DAG(s) dict_keys(['example_task_group']) retrieved from /home/airflow/.local/lib/python3.6/site-packages/airflow/example_dags/example_task_group.py
[2021-08-18 09:19:05,890] {logging_mixin.py:104} INFO - [2021-08-18 09:19:05,890] {dag.py:1832} INFO - Sync 1 DAGs
[2021-08-18 09:19:05,913] {logging_mixin.py:104} INFO - [2021-08-18 09:19:05,913] {dag.py:2305} INFO - Setting next_dagrun for example_task_group to 2021-08-16 00:00:00+00:00
[2021-08-18 09:19:05,928] {scheduler_job.py:190} INFO - Processing /home/airflow/.local/lib/python3.6/site-packages/airflow/example_dags/example_task_group.py took 0.108 seconds
[2021-08-18 09:19:36,213] {scheduler_job.py:182} INFO - Started process (PID=309) to work on /home/airflow/.local/lib/python3.6/site-packages/airflow/example_dags/example_task_group.py
[2021-08-18 09:19:36,215] {scheduler_job.py:633} INFO - Processing file /home/airflow/.local/lib/python3.6/site-packages/airflow/example_dags/example_task_group.py for tasks to queue
[2021-08-18 09:19:36,217] {logging_mixin.py:104} INFO - [2021-08-18 09:19:36,216] {dagbag.py:487} INFO - Filling up the DagBag from /home/airflow/.local/lib/python3.6/site-packages/airflow/example_dags/example_task_group.py
[2021-08-18 09:19:36,233] {scheduler_job.py:643} INFO - DAG(s) dict_keys(['example_task_group']) retrieved from /home/airflow/.local/lib/python3.6/site-packages/airflow/example_dags/example_task_group.py
[2021-08-18 09:19:36,259] {logging_mixin.py:104} INFO - [2021-08-18 09:19:36,259] {dag.py:1832} INFO - Sync 1 DAGs
[2021-08-18 09:19:36,277] {logging_mixin.py:104} INFO - [2021-08-18 09:19:36,277] {dag.py:2305} INFO - Setting next_dagrun for example_task_group to 2021-08-16 00:00:00+00:00
[2021-08-18 09:19:36,288] {scheduler_job.py:190} INFO - Processing /home/airflow/.local/lib/python3.6/site-packages/airflow/example_dags/example_task_group.py took 0.079 seconds
[2021-08-18 09:20:06,636] {scheduler_job.py:182} INFO - Started process (PID=387) to work on /home/airflow/.local/lib/python3.6/site-packages/airflow/example_dags/example_task_group.py
[2021-08-18 09:20:06,638] {scheduler_job.py:633} INFO - Processing file /home/airflow/.local/lib/python3.6/site-packages/airflow/example_dags/example_task_group.py for tasks to queue
[2021-08-18 09:20:06,640] {logging_mixin.py:104} INFO - [2021-08-18 09:20:06,640] {dagbag.py:487} INFO - Filling up the DagBag from /home/airflow/.local/lib/python3.6/site-packages/airflow/example_dags/example_task_group.py
[2021-08-18 09:20:06,656] {scheduler_job.py:643} INFO - DAG(s) dict_keys(['example_task_group']) retrieved from /home/airflow/.local/lib/python3.6/site-packages/airflow/example_dags/example_task_group.py
[2021-08-18 09:20:06,684] {logging_mixin.py:104} INFO - [2021-08-18 09:20:06,684] {dag.py:1832} INFO - Sync 1 DAGs
[2021-08-18 09:20:06,703] {logging_mixin.py:104} INFO - [2021-08-18 09:20:06,703] {dag.py:2305} INFO - Setting next_dagrun for example_task_group to 2021-08-16 00:00:00+00:00
[2021-08-18 09:20:06,714] {scheduler_job.py:190} INFO - Processing /home/airflow/.local/lib/python3.6/site-packages/airflow/example_dags/example_task_group.py took 0.082 seconds
[2021-08-18 09:20:37,184] {scheduler_job.py:182} INFO - Started process (PID=459) to work on /home/airflow/.local/lib/python3.6/site-packages/airflow/example_dags/example_task_group.py
[2021-08-18 09:20:37,186] {scheduler_job.py:633} INFO - Processing file /home/airflow/.local/lib/python3.6/site-packages/airflow/example_dags/example_task_group.py for tasks to queue
[2021-08-18 09:20:37,187] {logging_mixin.py:104} INFO - [2021-08-18 09:20:37,187] {dagbag.py:487} INFO - Filling up the DagBag from /home/airflow/.local/lib/python3.6/site-packages/airflow/example_dags/example_task_group.py
[2021-08-18 09:20:37,199] {scheduler_job.py:643} INFO - DAG(s) dict_keys(['example_task_group']) retrieved from /home/airflow/.local/lib/python3.6/site-packages/airflow/example_dags/example_task_group.py
[2021-08-18 09:20:37,226] {logging_mixin.py:104} INFO - [2021-08-18 09:20:37,226] {dag.py:1832} INFO - Sync 1 DAGs
[2021-08-18 09:20:37,245] {logging_mixin.py:104} INFO - [2021-08-18 09:20:37,245] {dag.py:2305} INFO - Setting next_dagrun for example_task_group to 2021-08-16 00:00:00+00:00
[2021-08-18 09:20:37,256] {scheduler_job.py:190} INFO - Processing /home/airflow/.local/lib/python3.6/site-packages/airflow/example_dags/example_task_group.py took 0.075 seconds
[2021-08-18 09:21:07,399] {scheduler_job.py:182} INFO - Started process (PID=525) to work on /home/airflow/.local/lib/python3.6/site-packages/airflow/example_dags/example_task_group.py
[2021-08-18 09:21:07,419] {scheduler_job.py:633} INFO - Processing file /home/airflow/.local/lib/python3.6/site-packages/airflow/example_dags/example_task_group.py for tasks to queue
[2021-08-18 09:21:07,420] {logging_mixin.py:104} INFO - [2021-08-18 09:21:07,420] {dagbag.py:487} INFO - Filling up the DagBag from /home/airflow/.local/lib/python3.6/site-packages/airflow/example_dags/example_task_group.py
[2021-08-18 09:21:07,437] {scheduler_job.py:643} INFO - DAG(s) dict_keys(['example_task_group']) retrieved from /home/airflow/.local/lib/python3.6/site-packages/airflow/example_dags/example_task_group.py
[2021-08-18 09:21:07,460] {logging_mixin.py:104} INFO - [2021-08-18 09:21:07,460] {dag.py:1832} INFO - Sync 1 DAGs
[2021-08-18 09:21:07,478] {logging_mixin.py:104} INFO - [2021-08-18 09:21:07,478] {dag.py:2305} INFO - Setting next_dagrun for example_task_group to 2021-08-16 00:00:00+00:00
[2021-08-18 09:21:07,488] {scheduler_job.py:190} INFO - Processing /home/airflow/.local/lib/python3.6/site-packages/airflow/example_dags/example_task_group.py took 0.093 seconds
[2021-08-18 09:21:37,751] {scheduler_job.py:182} INFO - Started process (PID=604) to work on /home/airflow/.local/lib/python3.6/site-packages/airflow/example_dags/example_task_group.py
[2021-08-18 09:21:37,754] {scheduler_job.py:633} INFO - Processing file /home/airflow/.local/lib/python3.6/site-packages/airflow/example_dags/example_task_group.py for tasks to queue
[2021-08-18 09:21:37,755] {logging_mixin.py:104} INFO - [2021-08-18 09:21:37,755] {dagbag.py:487} INFO - Filling up the DagBag from /home/airflow/.local/lib/python3.6/site-packages/airflow/example_dags/example_task_group.py
[2021-08-18 09:21:37,781] {scheduler_job.py:643} INFO - DAG(s) dict_keys(['example_task_group']) retrieved from /home/airflow/.local/lib/python3.6/site-packages/airflow/example_dags/example_task_group.py
[2021-08-18 09:21:37,816] {logging_mixin.py:104} INFO - [2021-08-18 09:21:37,816] {dag.py:1832} INFO - Sync 1 DAGs
[2021-08-18 09:21:37,837] {logging_mixin.py:104} INFO - [2021-08-18 09:21:37,837] {dag.py:2305} INFO - Setting next_dagrun for example_task_group to 2021-08-16 00:00:00+00:00
[2021-08-18 09:21:37,848] {scheduler_job.py:190} INFO - Processing /home/airflow/.local/lib/python3.6/site-packages/airflow/example_dags/example_task_group.py took 0.101 seconds
[2021-08-18 09:22:08,194] {scheduler_job.py:182} INFO - Started process (PID=667) to work on /home/airflow/.local/lib/python3.6/site-packages/airflow/example_dags/example_task_group.py
[2021-08-18 09:22:08,196] {scheduler_job.py:633} INFO - Processing file /home/airflow/.local/lib/python3.6/site-packages/airflow/example_dags/example_task_group.py for tasks to queue
[2021-08-18 09:22:08,197] {logging_mixin.py:104} INFO - [2021-08-18 09:22:08,197] {dagbag.py:487} INFO - Filling up the DagBag from /home/airflow/.local/lib/python3.6/site-packages/airflow/example_dags/example_task_group.py
[2021-08-18 09:22:08,214] {scheduler_job.py:643} INFO - DAG(s) dict_keys(['example_task_group']) retrieved from /home/airflow/.local/lib/python3.6/site-packages/airflow/example_dags/example_task_group.py
[2021-08-18 09:22:08,238] {logging_mixin.py:104} INFO - [2021-08-18 09:22:08,238] {dag.py:1832} INFO - Sync 1 DAGs
[2021-08-18 09:22:08,255] {logging_mixin.py:104} INFO - [2021-08-18 09:22:08,254] {dag.py:2305} INFO - Setting next_dagrun for example_task_group to 2021-08-16 00:00:00+00:00
[2021-08-18 09:22:08,265] {scheduler_job.py:190} INFO - Processing /home/airflow/.local/lib/python3.6/site-packages/airflow/example_dags/example_task_group.py took 0.075 seconds
[2021-08-18 09:22:38,501] {scheduler_job.py:182} INFO - Started process (PID=744) to work on /home/airflow/.local/lib/python3.6/site-packages/airflow/example_dags/example_task_group.py
[2021-08-18 09:22:38,503] {scheduler_job.py:633} INFO - Processing file /home/airflow/.local/lib/python3.6/site-packages/airflow/example_dags/example_task_group.py for tasks to queue
[2021-08-18 09:22:38,505] {logging_mixin.py:104} INFO - [2021-08-18 09:22:38,505] {dagbag.py:487} INFO - Filling up the DagBag from /home/airflow/.local/lib/python3.6/site-packages/airflow/example_dags/example_task_group.py
[2021-08-18 09:22:38,521] {scheduler_job.py:643} INFO - DAG(s) dict_keys(['example_task_group']) retrieved from /home/airflow/.local/lib/python3.6/site-packages/airflow/example_dags/example_task_group.py
[2021-08-18 09:22:38,545] {logging_mixin.py:104} INFO - [2021-08-18 09:22:38,545] {dag.py:1832} INFO - Sync 1 DAGs
[2021-08-18 09:22:38,563] {logging_mixin.py:104} INFO - [2021-08-18 09:22:38,563] {dag.py:2305} INFO - Setting next_dagrun for example_task_group to 2021-08-16 00:00:00+00:00
[2021-08-18 09:22:38,574] {scheduler_job.py:190} INFO - Processing /home/airflow/.local/lib/python3.6/site-packages/airflow/example_dags/example_task_group.py took 0.077 seconds
[2021-08-18 09:23:08,735] {scheduler_job.py:182} INFO - Started process (PID=813) to work on /home/airflow/.local/lib/python3.6/site-packages/airflow/example_dags/example_task_group.py
[2021-08-18 09:23:08,736] {scheduler_job.py:633} INFO - Processing file /home/airflow/.local/lib/python3.6/site-packages/airflow/example_dags/example_task_group.py for tasks to queue
[2021-08-18 09:23:08,737] {logging_mixin.py:104} INFO - [2021-08-18 09:23:08,737] {dagbag.py:487} INFO - Filling up the DagBag from /home/airflow/.local/lib/python3.6/site-packages/airflow/example_dags/example_task_group.py
[2021-08-18 09:23:08,749] {scheduler_job.py:643} INFO - DAG(s) dict_keys(['example_task_group']) retrieved from /home/airflow/.local/lib/python3.6/site-packages/airflow/example_dags/example_task_group.py
[2021-08-18 09:23:08,767] {logging_mixin.py:104} INFO - [2021-08-18 09:23:08,767] {dag.py:1832} INFO - Sync 1 DAGs
[2021-08-18 09:23:08,780] {logging_mixin.py:104} INFO - [2021-08-18 09:23:08,780] {dag.py:2305} INFO - Setting next_dagrun for example_task_group to 2021-08-16 00:00:00+00:00
[2021-08-18 09:23:08,788] {scheduler_job.py:190} INFO - Processing /home/airflow/.local/lib/python3.6/site-packages/airflow/example_dags/example_task_group.py took 0.055 seconds
[2021-08-18 09:23:38,846] {scheduler_job.py:182} INFO - Started process (PID=895) to work on /home/airflow/.local/lib/python3.6/site-packages/airflow/example_dags/example_task_group.py
[2021-08-18 09:23:38,850] {scheduler_job.py:633} INFO - Processing file /home/airflow/.local/lib/python3.6/site-packages/airflow/example_dags/example_task_group.py for tasks to queue
[2021-08-18 09:23:38,851] {logging_mixin.py:104} INFO - [2021-08-18 09:23:38,851] {dagbag.py:487} INFO - Filling up the DagBag from /home/airflow/.local/lib/python3.6/site-packages/airflow/example_dags/example_task_group.py
[2021-08-18 09:23:38,879] {scheduler_job.py:643} INFO - DAG(s) dict_keys(['example_task_group']) retrieved from /home/airflow/.local/lib/python3.6/site-packages/airflow/example_dags/example_task_group.py
[2021-08-18 09:23:38,911] {logging_mixin.py:104} INFO - [2021-08-18 09:23:38,911] {dag.py:1832} INFO - Sync 1 DAGs
[2021-08-18 09:23:38,955] {logging_mixin.py:104} INFO - [2021-08-18 09:23:38,955] {dag.py:2305} INFO - Setting next_dagrun for example_task_group to 2021-08-16 00:00:00+00:00
[2021-08-18 09:23:38,973] {scheduler_job.py:190} INFO - Processing /home/airflow/.local/lib/python3.6/site-packages/airflow/example_dags/example_task_group.py took 0.131 seconds
[2021-08-18 09:24:09,408] {scheduler_job.py:182} INFO - Started process (PID=973) to work on /home/airflow/.local/lib/python3.6/site-packages/airflow/example_dags/example_task_group.py
[2021-08-18 09:24:09,410] {scheduler_job.py:633} INFO - Processing file /home/airflow/.local/lib/python3.6/site-packages/airflow/example_dags/example_task_group.py for tasks to queue
[2021-08-18 09:24:09,412] {logging_mixin.py:104} INFO - [2021-08-18 09:24:09,411] {dagbag.py:487} INFO - Filling up the DagBag from /home/airflow/.local/lib/python3.6/site-packages/airflow/example_dags/example_task_group.py
[2021-08-18 09:24:09,429] {scheduler_job.py:643} INFO - DAG(s) dict_keys(['example_task_group']) retrieved from /home/airflow/.local/lib/python3.6/site-packages/airflow/example_dags/example_task_group.py
[2021-08-18 09:24:09,458] {logging_mixin.py:104} INFO - [2021-08-18 09:24:09,458] {dag.py:1832} INFO - Sync 1 DAGs
[2021-08-18 09:24:09,479] {logging_mixin.py:104} INFO - [2021-08-18 09:24:09,479] {dag.py:2305} INFO - Setting next_dagrun for example_task_group to 2021-08-16 00:00:00+00:00
[2021-08-18 09:24:09,490] {scheduler_job.py:190} INFO - Processing /home/airflow/.local/lib/python3.6/site-packages/airflow/example_dags/example_task_group.py took 0.086 seconds
[2021-08-18 09:24:39,528] {scheduler_job.py:182} INFO - Started process (PID=1035) to work on /home/airflow/.local/lib/python3.6/site-packages/airflow/example_dags/example_task_group.py
[2021-08-18 09:24:39,530] {scheduler_job.py:633} INFO - Processing file /home/airflow/.local/lib/python3.6/site-packages/airflow/example_dags/example_task_group.py for tasks to queue
[2021-08-18 09:24:39,531] {logging_mixin.py:104} INFO - [2021-08-18 09:24:39,531] {dagbag.py:487} INFO - Filling up the DagBag from /home/airflow/.local/lib/python3.6/site-packages/airflow/example_dags/example_task_group.py
[2021-08-18 09:24:39,544] {scheduler_job.py:643} INFO - DAG(s) dict_keys(['example_task_group']) retrieved from /home/airflow/.local/lib/python3.6/site-packages/airflow/example_dags/example_task_group.py
[2021-08-18 09:24:39,566] {logging_mixin.py:104} INFO - [2021-08-18 09:24:39,565] {dag.py:1832} INFO - Sync 1 DAGs
[2021-08-18 09:24:39,583] {logging_mixin.py:104} INFO - [2021-08-18 09:24:39,583] {dag.py:2305} INFO - Setting next_dagrun for example_task_group to 2021-08-16 00:00:00+00:00
[2021-08-18 09:24:39,593] {scheduler_job.py:190} INFO - Processing /home/airflow/.local/lib/python3.6/site-packages/airflow/example_dags/example_task_group.py took 0.068 seconds
[2021-08-18 09:25:10,073] {scheduler_job.py:182} INFO - Started process (PID=1112) to work on /home/airflow/.local/lib/python3.6/site-packages/airflow/example_dags/example_task_group.py
[2021-08-18 09:25:10,075] {scheduler_job.py:633} INFO - Processing file /home/airflow/.local/lib/python3.6/site-packages/airflow/example_dags/example_task_group.py for tasks to queue
[2021-08-18 09:25:10,076] {logging_mixin.py:104} INFO - [2021-08-18 09:25:10,076] {dagbag.py:487} INFO - Filling up the DagBag from /home/airflow/.local/lib/python3.6/site-packages/airflow/example_dags/example_task_group.py
[2021-08-18 09:25:10,093] {scheduler_job.py:643} INFO - DAG(s) dict_keys(['example_task_group']) retrieved from /home/airflow/.local/lib/python3.6/site-packages/airflow/example_dags/example_task_group.py
[2021-08-18 09:25:10,118] {logging_mixin.py:104} INFO - [2021-08-18 09:25:10,118] {dag.py:1832} INFO - Sync 1 DAGs
[2021-08-18 09:25:10,136] {logging_mixin.py:104} INFO - [2021-08-18 09:25:10,136] {dag.py:2305} INFO - Setting next_dagrun for example_task_group to 2021-08-16 00:00:00+00:00
[2021-08-18 09:25:10,147] {scheduler_job.py:190} INFO - Processing /home/airflow/.local/lib/python3.6/site-packages/airflow/example_dags/example_task_group.py took 0.078 seconds
[2021-08-18 09:25:40,416] {scheduler_job.py:182} INFO - Started process (PID=1175) to work on /home/airflow/.local/lib/python3.6/site-packages/airflow/example_dags/example_task_group.py
[2021-08-18 09:25:40,419] {scheduler_job.py:633} INFO - Processing file /home/airflow/.local/lib/python3.6/site-packages/airflow/example_dags/example_task_group.py for tasks to queue
[2021-08-18 09:25:40,420] {logging_mixin.py:104} INFO - [2021-08-18 09:25:40,420] {dagbag.py:487} INFO - Filling up the DagBag from /home/airflow/.local/lib/python3.6/site-packages/airflow/example_dags/example_task_group.py
[2021-08-18 09:25:40,433] {scheduler_job.py:643} INFO - DAG(s) dict_keys(['example_task_group']) retrieved from /home/airflow/.local/lib/python3.6/site-packages/airflow/example_dags/example_task_group.py
[2021-08-18 09:25:40,452] {logging_mixin.py:104} INFO - [2021-08-18 09:25:40,452] {dag.py:1832} INFO - Sync 1 DAGs
[2021-08-18 09:25:40,468] {logging_mixin.py:104} INFO - [2021-08-18 09:25:40,468] {dag.py:2305} INFO - Setting next_dagrun for example_task_group to 2021-08-16 00:00:00+00:00
[2021-08-18 09:25:40,479] {scheduler_job.py:190} INFO - Processing /home/airflow/.local/lib/python3.6/site-packages/airflow/example_dags/example_task_group.py took 0.065 seconds
[2021-08-18 09:26:10,577] {scheduler_job.py:182} INFO - Started process (PID=1251) to work on /home/airflow/.local/lib/python3.6/site-packages/airflow/example_dags/example_task_group.py
[2021-08-18 09:26:10,579] {scheduler_job.py:633} INFO - Processing file /home/airflow/.local/lib/python3.6/site-packages/airflow/example_dags/example_task_group.py for tasks to queue
[2021-08-18 09:26:10,580] {logging_mixin.py:104} INFO - [2021-08-18 09:26:10,580] {dagbag.py:487} INFO - Filling up the DagBag from /home/airflow/.local/lib/python3.6/site-packages/airflow/example_dags/example_task_group.py
[2021-08-18 09:26:10,597] {scheduler_job.py:643} INFO - DAG(s) dict_keys(['example_task_group']) retrieved from /home/airflow/.local/lib/python3.6/site-packages/airflow/example_dags/example_task_group.py
[2021-08-18 09:26:10,620] {logging_mixin.py:104} INFO - [2021-08-18 09:26:10,620] {dag.py:1832} INFO - Sync 1 DAGs
[2021-08-18 09:26:10,636] {logging_mixin.py:104} INFO - [2021-08-18 09:26:10,636] {dag.py:2305} INFO - Setting next_dagrun for example_task_group to 2021-08-16 00:00:00+00:00
[2021-08-18 09:26:10,647] {scheduler_job.py:190} INFO - Processing /home/airflow/.local/lib/python3.6/site-packages/airflow/example_dags/example_task_group.py took 0.074 seconds
[2021-08-18 09:26:40,942] {scheduler_job.py:182} INFO - Started process (PID=1322) to work on /home/airflow/.local/lib/python3.6/site-packages/airflow/example_dags/example_task_group.py
[2021-08-18 09:26:40,944] {scheduler_job.py:633} INFO - Processing file /home/airflow/.local/lib/python3.6/site-packages/airflow/example_dags/example_task_group.py for tasks to queue
[2021-08-18 09:26:40,946] {logging_mixin.py:104} INFO - [2021-08-18 09:26:40,945] {dagbag.py:487} INFO - Filling up the DagBag from /home/airflow/.local/lib/python3.6/site-packages/airflow/example_dags/example_task_group.py
[2021-08-18 09:26:40,962] {scheduler_job.py:643} INFO - DAG(s) dict_keys(['example_task_group']) retrieved from /home/airflow/.local/lib/python3.6/site-packages/airflow/example_dags/example_task_group.py
[2021-08-18 09:26:40,986] {logging_mixin.py:104} INFO - [2021-08-18 09:26:40,986] {dag.py:1832} INFO - Sync 1 DAGs
[2021-08-18 09:26:41,003] {logging_mixin.py:104} INFO - [2021-08-18 09:26:41,003] {dag.py:2305} INFO - Setting next_dagrun for example_task_group to 2021-08-16 00:00:00+00:00
[2021-08-18 09:26:41,013] {scheduler_job.py:190} INFO - Processing /home/airflow/.local/lib/python3.6/site-packages/airflow/example_dags/example_task_group.py took 0.075 seconds
[2021-08-18 09:27:11,785] {scheduler_job.py:182} INFO - Started process (PID=1388) to work on /home/airflow/.local/lib/python3.6/site-packages/airflow/example_dags/example_task_group.py
[2021-08-18 09:27:11,787] {scheduler_job.py:633} INFO - Processing file /home/airflow/.local/lib/python3.6/site-packages/airflow/example_dags/example_task_group.py for tasks to queue
[2021-08-18 09:27:11,788] {logging_mixin.py:104} INFO - [2021-08-18 09:27:11,788] {dagbag.py:487} INFO - Filling up the DagBag from /home/airflow/.local/lib/python3.6/site-packages/airflow/example_dags/example_task_group.py
[2021-08-18 09:27:11,806] {scheduler_job.py:643} INFO - DAG(s) dict_keys(['example_task_group']) retrieved from /home/airflow/.local/lib/python3.6/site-packages/airflow/example_dags/example_task_group.py
[2021-08-18 09:27:11,833] {logging_mixin.py:104} INFO - [2021-08-18 09:27:11,833] {dag.py:1832} INFO - Sync 1 DAGs
[2021-08-18 09:27:11,852] {logging_mixin.py:104} INFO - [2021-08-18 09:27:11,852] {dag.py:2305} INFO - Setting next_dagrun for example_task_group to 2021-08-16 00:00:00+00:00
[2021-08-18 09:27:11,863] {scheduler_job.py:190} INFO - Processing /home/airflow/.local/lib/python3.6/site-packages/airflow/example_dags/example_task_group.py took 0.082 seconds
[2021-08-18 09:27:42,015] {scheduler_job.py:182} INFO - Started process (PID=1465) to work on /home/airflow/.local/lib/python3.6/site-packages/airflow/example_dags/example_task_group.py
[2021-08-18 09:27:42,019] {scheduler_job.py:633} INFO - Processing file /home/airflow/.local/lib/python3.6/site-packages/airflow/example_dags/example_task_group.py for tasks to queue
[2021-08-18 09:27:42,020] {logging_mixin.py:104} INFO - [2021-08-18 09:27:42,020] {dagbag.py:487} INFO - Filling up the DagBag from /home/airflow/.local/lib/python3.6/site-packages/airflow/example_dags/example_task_group.py
[2021-08-18 09:27:42,039] {scheduler_job.py:643} INFO - DAG(s) dict_keys(['example_task_group']) retrieved from /home/airflow/.local/lib/python3.6/site-packages/airflow/example_dags/example_task_group.py
[2021-08-18 09:27:42,066] {logging_mixin.py:104} INFO - [2021-08-18 09:27:42,066] {dag.py:1832} INFO - Sync 1 DAGs
[2021-08-18 09:27:42,088] {logging_mixin.py:104} INFO - [2021-08-18 09:27:42,088] {dag.py:2305} INFO - Setting next_dagrun for example_task_group to 2021-08-16 00:00:00+00:00
[2021-08-18 09:27:42,102] {scheduler_job.py:190} INFO - Processing /home/airflow/.local/lib/python3.6/site-packages/airflow/example_dags/example_task_group.py took 0.091 seconds
[2021-08-18 09:28:12,147] {scheduler_job.py:182} INFO - Started process (PID=1528) to work on /home/airflow/.local/lib/python3.6/site-packages/airflow/example_dags/example_task_group.py
[2021-08-18 09:28:12,149] {scheduler_job.py:633} INFO - Processing file /home/airflow/.local/lib/python3.6/site-packages/airflow/example_dags/example_task_group.py for tasks to queue
[2021-08-18 09:28:12,150] {logging_mixin.py:104} INFO - [2021-08-18 09:28:12,150] {dagbag.py:487} INFO - Filling up the DagBag from /home/airflow/.local/lib/python3.6/site-packages/airflow/example_dags/example_task_group.py
[2021-08-18 09:28:12,165] {scheduler_job.py:643} INFO - DAG(s) dict_keys(['example_task_group']) retrieved from /home/airflow/.local/lib/python3.6/site-packages/airflow/example_dags/example_task_group.py
[2021-08-18 09:28:12,187] {logging_mixin.py:104} INFO - [2021-08-18 09:28:12,187] {dag.py:1832} INFO - Sync 1 DAGs
[2021-08-18 09:28:12,206] {logging_mixin.py:104} INFO - [2021-08-18 09:28:12,206] {dag.py:2305} INFO - Setting next_dagrun for example_task_group to 2021-08-16 00:00:00+00:00
[2021-08-18 09:28:12,217] {scheduler_job.py:190} INFO - Processing /home/airflow/.local/lib/python3.6/site-packages/airflow/example_dags/example_task_group.py took 0.074 seconds
[2021-08-18 09:28:43,059] {scheduler_job.py:182} INFO - Started process (PID=1606) to work on /home/airflow/.local/lib/python3.6/site-packages/airflow/example_dags/example_task_group.py
[2021-08-18 09:28:43,061] {scheduler_job.py:633} INFO - Processing file /home/airflow/.local/lib/python3.6/site-packages/airflow/example_dags/example_task_group.py for tasks to queue
[2021-08-18 09:28:43,062] {logging_mixin.py:104} INFO - [2021-08-18 09:28:43,062] {dagbag.py:487} INFO - Filling up the DagBag from /home/airflow/.local/lib/python3.6/site-packages/airflow/example_dags/example_task_group.py
[2021-08-18 09:28:43,077] {scheduler_job.py:643} INFO - DAG(s) dict_keys(['example_task_group']) retrieved from /home/airflow/.local/lib/python3.6/site-packages/airflow/example_dags/example_task_group.py
[2021-08-18 09:28:43,096] {logging_mixin.py:104} INFO - [2021-08-18 09:28:43,096] {dag.py:1832} INFO - Sync 1 DAGs
[2021-08-18 09:28:43,111] {logging_mixin.py:104} INFO - [2021-08-18 09:28:43,111] {dag.py:2305} INFO - Setting next_dagrun for example_task_group to 2021-08-16 00:00:00+00:00
[2021-08-18 09:28:43,119] {scheduler_job.py:190} INFO - Processing /home/airflow/.local/lib/python3.6/site-packages/airflow/example_dags/example_task_group.py took 0.064 seconds
[2021-08-18 09:29:13,364] {scheduler_job.py:182} INFO - Started process (PID=1684) to work on /home/airflow/.local/lib/python3.6/site-packages/airflow/example_dags/example_task_group.py
[2021-08-18 09:29:13,365] {scheduler_job.py:633} INFO - Processing file /home/airflow/.local/lib/python3.6/site-packages/airflow/example_dags/example_task_group.py for tasks to queue
[2021-08-18 09:29:13,367] {logging_mixin.py:104} INFO - [2021-08-18 09:29:13,367] {dagbag.py:487} INFO - Filling up the DagBag from /home/airflow/.local/lib/python3.6/site-packages/airflow/example_dags/example_task_group.py
[2021-08-18 09:29:13,385] {scheduler_job.py:643} INFO - DAG(s) dict_keys(['example_task_group']) retrieved from /home/airflow/.local/lib/python3.6/site-packages/airflow/example_dags/example_task_group.py
[2021-08-18 09:29:13,410] {logging_mixin.py:104} INFO - [2021-08-18 09:29:13,410] {dag.py:1832} INFO - Sync 1 DAGs
[2021-08-18 09:29:13,429] {logging_mixin.py:104} INFO - [2021-08-18 09:29:13,429] {dag.py:2305} INFO - Setting next_dagrun for example_task_group to 2021-08-16 00:00:00+00:00
[2021-08-18 09:29:13,439] {scheduler_job.py:190} INFO - Processing /home/airflow/.local/lib/python3.6/site-packages/airflow/example_dags/example_task_group.py took 0.080 seconds
[2021-08-18 09:29:43,587] {scheduler_job.py:182} INFO - Started process (PID=1745) to work on /home/airflow/.local/lib/python3.6/site-packages/airflow/example_dags/example_task_group.py
[2021-08-18 09:29:43,590] {scheduler_job.py:633} INFO - Processing file /home/airflow/.local/lib/python3.6/site-packages/airflow/example_dags/example_task_group.py for tasks to queue
[2021-08-18 09:29:43,591] {logging_mixin.py:104} INFO - [2021-08-18 09:29:43,591] {dagbag.py:487} INFO - Filling up the DagBag from /home/airflow/.local/lib/python3.6/site-packages/airflow/example_dags/example_task_group.py
[2021-08-18 09:29:43,607] {scheduler_job.py:643} INFO - DAG(s) dict_keys(['example_task_group']) retrieved from /home/airflow/.local/lib/python3.6/site-packages/airflow/example_dags/example_task_group.py
[2021-08-18 09:29:43,630] {logging_mixin.py:104} INFO - [2021-08-18 09:29:43,630] {dag.py:1832} INFO - Sync 1 DAGs
[2021-08-18 09:29:43,647] {logging_mixin.py:104} INFO - [2021-08-18 09:29:43,647] {dag.py:2305} INFO - Setting next_dagrun for example_task_group to 2021-08-16 00:00:00+00:00
[2021-08-18 09:29:43,656] {scheduler_job.py:190} INFO - Processing /home/airflow/.local/lib/python3.6/site-packages/airflow/example_dags/example_task_group.py took 0.073 seconds
[2021-08-18 09:30:13,817] {scheduler_job.py:182} INFO - Started process (PID=1821) to work on /home/airflow/.local/lib/python3.6/site-packages/airflow/example_dags/example_task_group.py
[2021-08-18 09:30:13,820] {scheduler_job.py:633} INFO - Processing file /home/airflow/.local/lib/python3.6/site-packages/airflow/example_dags/example_task_group.py for tasks to queue
[2021-08-18 09:30:13,822] {logging_mixin.py:104} INFO - [2021-08-18 09:30:13,822] {dagbag.py:487} INFO - Filling up the DagBag from /home/airflow/.local/lib/python3.6/site-packages/airflow/example_dags/example_task_group.py
[2021-08-18 09:30:13,839] {scheduler_job.py:643} INFO - DAG(s) dict_keys(['example_task_group']) retrieved from /home/airflow/.local/lib/python3.6/site-packages/airflow/example_dags/example_task_group.py
[2021-08-18 09:30:13,866] {logging_mixin.py:104} INFO - [2021-08-18 09:30:13,866] {dag.py:1832} INFO - Sync 1 DAGs
[2021-08-18 09:30:13,886] {logging_mixin.py:104} INFO - [2021-08-18 09:30:13,885] {dag.py:2305} INFO - Setting next_dagrun for example_task_group to 2021-08-16 00:00:00+00:00
[2021-08-18 09:30:13,897] {scheduler_job.py:190} INFO - Processing /home/airflow/.local/lib/python3.6/site-packages/airflow/example_dags/example_task_group.py took 0.084 seconds
[2021-08-18 09:30:44,136] {scheduler_job.py:182} INFO - Started process (PID=1883) to work on /home/airflow/.local/lib/python3.6/site-packages/airflow/example_dags/example_task_group.py
[2021-08-18 09:30:44,138] {scheduler_job.py:633} INFO - Processing file /home/airflow/.local/lib/python3.6/site-packages/airflow/example_dags/example_task_group.py for tasks to queue
[2021-08-18 09:30:44,140] {logging_mixin.py:104} INFO - [2021-08-18 09:30:44,139] {dagbag.py:487} INFO - Filling up the DagBag from /home/airflow/.local/lib/python3.6/site-packages/airflow/example_dags/example_task_group.py
[2021-08-18 09:30:44,156] {scheduler_job.py:643} INFO - DAG(s) dict_keys(['example_task_group']) retrieved from /home/airflow/.local/lib/python3.6/site-packages/airflow/example_dags/example_task_group.py
[2021-08-18 09:30:44,180] {logging_mixin.py:104} INFO - [2021-08-18 09:30:44,180] {dag.py:1832} INFO - Sync 1 DAGs
[2021-08-18 09:30:44,202] {logging_mixin.py:104} INFO - [2021-08-18 09:30:44,202] {dag.py:2305} INFO - Setting next_dagrun for example_task_group to 2021-08-16 00:00:00+00:00
[2021-08-18 09:30:44,212] {scheduler_job.py:190} INFO - Processing /home/airflow/.local/lib/python3.6/site-packages/airflow/example_dags/example_task_group.py took 0.080 seconds
[2021-08-18 09:31:14,965] {scheduler_job.py:182} INFO - Started process (PID=1959) to work on /home/airflow/.local/lib/python3.6/site-packages/airflow/example_dags/example_task_group.py
[2021-08-18 09:31:14,967] {scheduler_job.py:633} INFO - Processing file /home/airflow/.local/lib/python3.6/site-packages/airflow/example_dags/example_task_group.py for tasks to queue
[2021-08-18 09:31:14,968] {logging_mixin.py:104} INFO - [2021-08-18 09:31:14,968] {dagbag.py:487} INFO - Filling up the DagBag from /home/airflow/.local/lib/python3.6/site-packages/airflow/example_dags/example_task_group.py
[2021-08-18 09:31:14,984] {scheduler_job.py:643} INFO - DAG(s) dict_keys(['example_task_group']) retrieved from /home/airflow/.local/lib/python3.6/site-packages/airflow/example_dags/example_task_group.py
[2021-08-18 09:31:15,016] {logging_mixin.py:104} INFO - [2021-08-18 09:31:15,015] {dag.py:1832} INFO - Sync 1 DAGs
[2021-08-18 09:31:15,029] {logging_mixin.py:104} INFO - [2021-08-18 09:31:15,029] {dag.py:2305} INFO - Setting next_dagrun for example_task_group to 2021-08-16 00:00:00+00:00
[2021-08-18 09:31:15,039] {scheduler_job.py:190} INFO - Processing /home/airflow/.local/lib/python3.6/site-packages/airflow/example_dags/example_task_group.py took 0.078 seconds
[2021-08-18 09:31:45,871] {scheduler_job.py:182} INFO - Started process (PID=2038) to work on /home/airflow/.local/lib/python3.6/site-packages/airflow/example_dags/example_task_group.py
[2021-08-18 09:31:45,873] {scheduler_job.py:633} INFO - Processing file /home/airflow/.local/lib/python3.6/site-packages/airflow/example_dags/example_task_group.py for tasks to queue
[2021-08-18 09:31:45,875] {logging_mixin.py:104} INFO - [2021-08-18 09:31:45,875] {dagbag.py:487} INFO - Filling up the DagBag from /home/airflow/.local/lib/python3.6/site-packages/airflow/example_dags/example_task_group.py
[2021-08-18 09:31:45,898] {scheduler_job.py:643} INFO - DAG(s) dict_keys(['example_task_group']) retrieved from /home/airflow/.local/lib/python3.6/site-packages/airflow/example_dags/example_task_group.py
[2021-08-18 09:31:45,930] {logging_mixin.py:104} INFO - [2021-08-18 09:31:45,930] {dag.py:1832} INFO - Sync 1 DAGs
[2021-08-18 09:31:45,955] {logging_mixin.py:104} INFO - [2021-08-18 09:31:45,955] {dag.py:2305} INFO - Setting next_dagrun for example_task_group to 2021-08-16 00:00:00+00:00
[2021-08-18 09:31:45,971] {scheduler_job.py:190} INFO - Processing /home/airflow/.local/lib/python3.6/site-packages/airflow/example_dags/example_task_group.py took 0.105 seconds
[2021-08-18 09:32:16,521] {scheduler_job.py:182} INFO - Started process (PID=2101) to work on /home/airflow/.local/lib/python3.6/site-packages/airflow/example_dags/example_task_group.py
[2021-08-18 09:32:16,523] {scheduler_job.py:633} INFO - Processing file /home/airflow/.local/lib/python3.6/site-packages/airflow/example_dags/example_task_group.py for tasks to queue
[2021-08-18 09:32:16,525] {logging_mixin.py:104} INFO - [2021-08-18 09:32:16,525] {dagbag.py:487} INFO - Filling up the DagBag from /home/airflow/.local/lib/python3.6/site-packages/airflow/example_dags/example_task_group.py
[2021-08-18 09:32:16,544] {scheduler_job.py:643} INFO - DAG(s) dict_keys(['example_task_group']) retrieved from /home/airflow/.local/lib/python3.6/site-packages/airflow/example_dags/example_task_group.py
[2021-08-18 09:32:16,570] {logging_mixin.py:104} INFO - [2021-08-18 09:32:16,570] {dag.py:1832} INFO - Sync 1 DAGs
[2021-08-18 09:32:16,588] {logging_mixin.py:104} INFO - [2021-08-18 09:32:16,588] {dag.py:2305} INFO - Setting next_dagrun for example_task_group to 2021-08-16 00:00:00+00:00
[2021-08-18 09:32:16,599] {scheduler_job.py:190} INFO - Processing /home/airflow/.local/lib/python3.6/site-packages/airflow/example_dags/example_task_group.py took 0.082 seconds
[2021-08-18 09:32:46,635] {scheduler_job.py:182} INFO - Started process (PID=2178) to work on /home/airflow/.local/lib/python3.6/site-packages/airflow/example_dags/example_task_group.py
[2021-08-18 09:32:46,638] {scheduler_job.py:633} INFO - Processing file /home/airflow/.local/lib/python3.6/site-packages/airflow/example_dags/example_task_group.py for tasks to queue
[2021-08-18 09:32:46,639] {logging_mixin.py:104} INFO - [2021-08-18 09:32:46,639] {dagbag.py:487} INFO - Filling up the DagBag from /home/airflow/.local/lib/python3.6/site-packages/airflow/example_dags/example_task_group.py
[2021-08-18 09:32:46,656] {scheduler_job.py:643} INFO - DAG(s) dict_keys(['example_task_group']) retrieved from /home/airflow/.local/lib/python3.6/site-packages/airflow/example_dags/example_task_group.py
[2021-08-18 09:32:46,679] {logging_mixin.py:104} INFO - [2021-08-18 09:32:46,679] {dag.py:1832} INFO - Sync 1 DAGs
[2021-08-18 09:32:46,695] {logging_mixin.py:104} INFO - [2021-08-18 09:32:46,695] {dag.py:2305} INFO - Setting next_dagrun for example_task_group to 2021-08-16 00:00:00+00:00
[2021-08-18 09:32:46,704] {scheduler_job.py:190} INFO - Processing /home/airflow/.local/lib/python3.6/site-packages/airflow/example_dags/example_task_group.py took 0.073 seconds
