[2021-08-18 09:02:43,142] {scheduler_job.py:182} INFO - Started process (PID=151) to work on /home/airflow/.local/lib/python3.6/site-packages/airflow/example_dags/example_complex.py
[2021-08-18 09:02:43,144] {scheduler_job.py:633} INFO - Processing file /home/airflow/.local/lib/python3.6/site-packages/airflow/example_dags/example_complex.py for tasks to queue
[2021-08-18 09:02:43,146] {logging_mixin.py:104} INFO - [2021-08-18 09:02:43,146] {dagbag.py:487} INFO - Filling up the DagBag from /home/airflow/.local/lib/python3.6/site-packages/airflow/example_dags/example_complex.py
[2021-08-18 09:02:43,174] {scheduler_job.py:643} INFO - DAG(s) dict_keys(['example_complex']) retrieved from /home/airflow/.local/lib/python3.6/site-packages/airflow/example_dags/example_complex.py
[2021-08-18 09:02:45,133] {logging_mixin.py:104} INFO - [2021-08-18 09:02:45,131] {dag.py:1832} INFO - Sync 1 DAGs
[2021-08-18 09:02:45,143] {logging_mixin.py:104} INFO - [2021-08-18 09:02:45,142] {dag.py:1851} INFO - Creating ORM DAG for example_complex
[2021-08-18 09:02:45,148] {logging_mixin.py:104} INFO - [2021-08-18 09:02:45,148] {dag.py:2305} INFO - Setting next_dagrun for example_complex to None
[2021-08-18 09:02:45,161] {scheduler_job.py:190} INFO - Processing /home/airflow/.local/lib/python3.6/site-packages/airflow/example_dags/example_complex.py took 2.023 seconds
[2021-08-18 09:03:15,797] {scheduler_job.py:182} INFO - Started process (PID=235) to work on /home/airflow/.local/lib/python3.6/site-packages/airflow/example_dags/example_complex.py
[2021-08-18 09:03:15,799] {scheduler_job.py:633} INFO - Processing file /home/airflow/.local/lib/python3.6/site-packages/airflow/example_dags/example_complex.py for tasks to queue
[2021-08-18 09:03:15,800] {logging_mixin.py:104} INFO - [2021-08-18 09:03:15,800] {dagbag.py:487} INFO - Filling up the DagBag from /home/airflow/.local/lib/python3.6/site-packages/airflow/example_dags/example_complex.py
[2021-08-18 09:03:15,824] {scheduler_job.py:643} INFO - DAG(s) dict_keys(['example_complex']) retrieved from /home/airflow/.local/lib/python3.6/site-packages/airflow/example_dags/example_complex.py
[2021-08-18 09:03:15,853] {logging_mixin.py:104} INFO - [2021-08-18 09:03:15,853] {dag.py:1832} INFO - Sync 1 DAGs
[2021-08-18 09:03:15,873] {logging_mixin.py:104} INFO - [2021-08-18 09:03:15,872] {dag.py:2305} INFO - Setting next_dagrun for example_complex to None
[2021-08-18 09:03:15,884] {scheduler_job.py:190} INFO - Processing /home/airflow/.local/lib/python3.6/site-packages/airflow/example_dags/example_complex.py took 0.091 seconds
[2021-08-18 09:03:46,483] {scheduler_job.py:182} INFO - Started process (PID=297) to work on /home/airflow/.local/lib/python3.6/site-packages/airflow/example_dags/example_complex.py
[2021-08-18 09:03:46,485] {scheduler_job.py:633} INFO - Processing file /home/airflow/.local/lib/python3.6/site-packages/airflow/example_dags/example_complex.py for tasks to queue
[2021-08-18 09:03:46,487] {logging_mixin.py:104} INFO - [2021-08-18 09:03:46,487] {dagbag.py:487} INFO - Filling up the DagBag from /home/airflow/.local/lib/python3.6/site-packages/airflow/example_dags/example_complex.py
[2021-08-18 09:03:46,513] {scheduler_job.py:643} INFO - DAG(s) dict_keys(['example_complex']) retrieved from /home/airflow/.local/lib/python3.6/site-packages/airflow/example_dags/example_complex.py
[2021-08-18 09:03:46,544] {logging_mixin.py:104} INFO - [2021-08-18 09:03:46,543] {dag.py:1832} INFO - Sync 1 DAGs
[2021-08-18 09:03:46,561] {logging_mixin.py:104} INFO - [2021-08-18 09:03:46,561] {dag.py:2305} INFO - Setting next_dagrun for example_complex to None
[2021-08-18 09:03:46,574] {scheduler_job.py:190} INFO - Processing /home/airflow/.local/lib/python3.6/site-packages/airflow/example_dags/example_complex.py took 0.096 seconds
[2021-08-18 09:04:17,261] {scheduler_job.py:182} INFO - Started process (PID=379) to work on /home/airflow/.local/lib/python3.6/site-packages/airflow/example_dags/example_complex.py
[2021-08-18 09:04:17,263] {scheduler_job.py:633} INFO - Processing file /home/airflow/.local/lib/python3.6/site-packages/airflow/example_dags/example_complex.py for tasks to queue
[2021-08-18 09:04:17,265] {logging_mixin.py:104} INFO - [2021-08-18 09:04:17,265] {dagbag.py:487} INFO - Filling up the DagBag from /home/airflow/.local/lib/python3.6/site-packages/airflow/example_dags/example_complex.py
[2021-08-18 09:04:17,292] {scheduler_job.py:643} INFO - DAG(s) dict_keys(['example_complex']) retrieved from /home/airflow/.local/lib/python3.6/site-packages/airflow/example_dags/example_complex.py
[2021-08-18 09:04:17,324] {logging_mixin.py:104} INFO - [2021-08-18 09:04:17,324] {dag.py:1832} INFO - Sync 1 DAGs
[2021-08-18 09:04:17,342] {logging_mixin.py:104} INFO - [2021-08-18 09:04:17,342] {dag.py:2305} INFO - Setting next_dagrun for example_complex to None
[2021-08-18 09:04:17,354] {scheduler_job.py:190} INFO - Processing /home/airflow/.local/lib/python3.6/site-packages/airflow/example_dags/example_complex.py took 0.097 seconds
[2021-08-18 09:04:47,721] {scheduler_job.py:182} INFO - Started process (PID=443) to work on /home/airflow/.local/lib/python3.6/site-packages/airflow/example_dags/example_complex.py
[2021-08-18 09:04:47,724] {scheduler_job.py:633} INFO - Processing file /home/airflow/.local/lib/python3.6/site-packages/airflow/example_dags/example_complex.py for tasks to queue
[2021-08-18 09:04:47,727] {logging_mixin.py:104} INFO - [2021-08-18 09:04:47,726] {dagbag.py:487} INFO - Filling up the DagBag from /home/airflow/.local/lib/python3.6/site-packages/airflow/example_dags/example_complex.py
[2021-08-18 09:04:47,764] {scheduler_job.py:643} INFO - DAG(s) dict_keys(['example_complex']) retrieved from /home/airflow/.local/lib/python3.6/site-packages/airflow/example_dags/example_complex.py
[2021-08-18 09:04:47,814] {logging_mixin.py:104} INFO - [2021-08-18 09:04:47,814] {dag.py:1832} INFO - Sync 1 DAGs
[2021-08-18 09:04:47,844] {logging_mixin.py:104} INFO - [2021-08-18 09:04:47,844] {dag.py:2305} INFO - Setting next_dagrun for example_complex to None
[2021-08-18 09:04:47,862] {scheduler_job.py:190} INFO - Processing /home/airflow/.local/lib/python3.6/site-packages/airflow/example_dags/example_complex.py took 0.148 seconds
[2021-08-18 09:05:18,618] {scheduler_job.py:182} INFO - Started process (PID=508) to work on /home/airflow/.local/lib/python3.6/site-packages/airflow/example_dags/example_complex.py
[2021-08-18 09:05:18,620] {scheduler_job.py:633} INFO - Processing file /home/airflow/.local/lib/python3.6/site-packages/airflow/example_dags/example_complex.py for tasks to queue
[2021-08-18 09:05:18,622] {logging_mixin.py:104} INFO - [2021-08-18 09:05:18,621] {dagbag.py:487} INFO - Filling up the DagBag from /home/airflow/.local/lib/python3.6/site-packages/airflow/example_dags/example_complex.py
[2021-08-18 09:05:18,649] {scheduler_job.py:643} INFO - DAG(s) dict_keys(['example_complex']) retrieved from /home/airflow/.local/lib/python3.6/site-packages/airflow/example_dags/example_complex.py
[2021-08-18 09:05:18,684] {logging_mixin.py:104} INFO - [2021-08-18 09:05:18,684] {dag.py:1832} INFO - Sync 1 DAGs
[2021-08-18 09:05:18,703] {logging_mixin.py:104} INFO - [2021-08-18 09:05:18,703] {dag.py:2305} INFO - Setting next_dagrun for example_complex to None
[2021-08-18 09:05:18,753] {scheduler_job.py:190} INFO - Processing /home/airflow/.local/lib/python3.6/site-packages/airflow/example_dags/example_complex.py took 0.139 seconds
[2021-08-18 09:05:49,511] {scheduler_job.py:182} INFO - Started process (PID=587) to work on /home/airflow/.local/lib/python3.6/site-packages/airflow/example_dags/example_complex.py
[2021-08-18 09:05:49,514] {scheduler_job.py:633} INFO - Processing file /home/airflow/.local/lib/python3.6/site-packages/airflow/example_dags/example_complex.py for tasks to queue
[2021-08-18 09:05:49,516] {logging_mixin.py:104} INFO - [2021-08-18 09:05:49,516] {dagbag.py:487} INFO - Filling up the DagBag from /home/airflow/.local/lib/python3.6/site-packages/airflow/example_dags/example_complex.py
[2021-08-18 09:05:49,556] {scheduler_job.py:643} INFO - DAG(s) dict_keys(['example_complex']) retrieved from /home/airflow/.local/lib/python3.6/site-packages/airflow/example_dags/example_complex.py
[2021-08-18 09:05:49,590] {logging_mixin.py:104} INFO - [2021-08-18 09:05:49,589] {dag.py:1832} INFO - Sync 1 DAGs
[2021-08-18 09:05:49,610] {logging_mixin.py:104} INFO - [2021-08-18 09:05:49,610] {dag.py:2305} INFO - Setting next_dagrun for example_complex to None
[2021-08-18 09:05:49,623] {scheduler_job.py:190} INFO - Processing /home/airflow/.local/lib/python3.6/site-packages/airflow/example_dags/example_complex.py took 0.120 seconds
[2021-08-18 09:06:24,730] {scheduler_job.py:182} INFO - Started process (PID=661) to work on /home/airflow/.local/lib/python3.6/site-packages/airflow/example_dags/example_complex.py
[2021-08-18 09:06:24,733] {scheduler_job.py:633} INFO - Processing file /home/airflow/.local/lib/python3.6/site-packages/airflow/example_dags/example_complex.py for tasks to queue
[2021-08-18 09:06:24,735] {logging_mixin.py:104} INFO - [2021-08-18 09:06:24,734] {dagbag.py:487} INFO - Filling up the DagBag from /home/airflow/.local/lib/python3.6/site-packages/airflow/example_dags/example_complex.py
[2021-08-18 09:06:24,776] {scheduler_job.py:643} INFO - DAG(s) dict_keys(['example_complex']) retrieved from /home/airflow/.local/lib/python3.6/site-packages/airflow/example_dags/example_complex.py
[2021-08-18 09:06:24,844] {logging_mixin.py:104} INFO - [2021-08-18 09:06:24,844] {dag.py:1832} INFO - Sync 1 DAGs
[2021-08-18 09:06:24,864] {logging_mixin.py:104} INFO - [2021-08-18 09:06:24,864] {dag.py:2305} INFO - Setting next_dagrun for example_complex to None
[2021-08-18 09:06:24,880] {scheduler_job.py:190} INFO - Processing /home/airflow/.local/lib/python3.6/site-packages/airflow/example_dags/example_complex.py took 0.154 seconds
[2021-08-18 09:06:56,040] {scheduler_job.py:182} INFO - Started process (PID=722) to work on /home/airflow/.local/lib/python3.6/site-packages/airflow/example_dags/example_complex.py
[2021-08-18 09:06:56,042] {scheduler_job.py:633} INFO - Processing file /home/airflow/.local/lib/python3.6/site-packages/airflow/example_dags/example_complex.py for tasks to queue
[2021-08-18 09:06:56,043] {logging_mixin.py:104} INFO - [2021-08-18 09:06:56,043] {dagbag.py:487} INFO - Filling up the DagBag from /home/airflow/.local/lib/python3.6/site-packages/airflow/example_dags/example_complex.py
[2021-08-18 09:06:56,068] {scheduler_job.py:643} INFO - DAG(s) dict_keys(['example_complex']) retrieved from /home/airflow/.local/lib/python3.6/site-packages/airflow/example_dags/example_complex.py
[2021-08-18 09:06:56,096] {logging_mixin.py:104} INFO - [2021-08-18 09:06:56,096] {dag.py:1832} INFO - Sync 1 DAGs
[2021-08-18 09:06:56,113] {logging_mixin.py:104} INFO - [2021-08-18 09:06:56,113] {dag.py:2305} INFO - Setting next_dagrun for example_complex to None
[2021-08-18 09:06:56,124] {scheduler_job.py:190} INFO - Processing /home/airflow/.local/lib/python3.6/site-packages/airflow/example_dags/example_complex.py took 0.088 seconds
[2021-08-18 09:07:27,866] {scheduler_job.py:182} INFO - Started process (PID=786) to work on /home/airflow/.local/lib/python3.6/site-packages/airflow/example_dags/example_complex.py
[2021-08-18 09:07:27,868] {scheduler_job.py:633} INFO - Processing file /home/airflow/.local/lib/python3.6/site-packages/airflow/example_dags/example_complex.py for tasks to queue
[2021-08-18 09:07:27,869] {logging_mixin.py:104} INFO - [2021-08-18 09:07:27,869] {dagbag.py:487} INFO - Filling up the DagBag from /home/airflow/.local/lib/python3.6/site-packages/airflow/example_dags/example_complex.py
[2021-08-18 09:07:27,894] {scheduler_job.py:643} INFO - DAG(s) dict_keys(['example_complex']) retrieved from /home/airflow/.local/lib/python3.6/site-packages/airflow/example_dags/example_complex.py
[2021-08-18 09:07:27,923] {logging_mixin.py:104} INFO - [2021-08-18 09:07:27,923] {dag.py:1832} INFO - Sync 1 DAGs
[2021-08-18 09:07:27,942] {logging_mixin.py:104} INFO - [2021-08-18 09:07:27,942] {dag.py:2305} INFO - Setting next_dagrun for example_complex to None
[2021-08-18 09:07:27,953] {scheduler_job.py:190} INFO - Processing /home/airflow/.local/lib/python3.6/site-packages/airflow/example_dags/example_complex.py took 0.092 seconds
[2021-08-18 09:07:58,836] {scheduler_job.py:182} INFO - Started process (PID=863) to work on /home/airflow/.local/lib/python3.6/site-packages/airflow/example_dags/example_complex.py
[2021-08-18 09:07:58,838] {scheduler_job.py:633} INFO - Processing file /home/airflow/.local/lib/python3.6/site-packages/airflow/example_dags/example_complex.py for tasks to queue
[2021-08-18 09:07:58,840] {logging_mixin.py:104} INFO - [2021-08-18 09:07:58,840] {dagbag.py:487} INFO - Filling up the DagBag from /home/airflow/.local/lib/python3.6/site-packages/airflow/example_dags/example_complex.py
[2021-08-18 09:07:58,864] {scheduler_job.py:643} INFO - DAG(s) dict_keys(['example_complex']) retrieved from /home/airflow/.local/lib/python3.6/site-packages/airflow/example_dags/example_complex.py
[2021-08-18 09:07:58,896] {logging_mixin.py:104} INFO - [2021-08-18 09:07:58,896] {dag.py:1832} INFO - Sync 1 DAGs
[2021-08-18 09:07:58,915] {logging_mixin.py:104} INFO - [2021-08-18 09:07:58,915] {dag.py:2305} INFO - Setting next_dagrun for example_complex to None
[2021-08-18 09:07:58,927] {scheduler_job.py:190} INFO - Processing /home/airflow/.local/lib/python3.6/site-packages/airflow/example_dags/example_complex.py took 0.095 seconds
[2021-08-18 09:08:34,033] {scheduler_job.py:182} INFO - Started process (PID=906) to work on /home/airflow/.local/lib/python3.6/site-packages/airflow/example_dags/example_complex.py
[2021-08-18 09:08:34,037] {scheduler_job.py:633} INFO - Processing file /home/airflow/.local/lib/python3.6/site-packages/airflow/example_dags/example_complex.py for tasks to queue
[2021-08-18 09:08:34,041] {logging_mixin.py:104} INFO - [2021-08-18 09:08:34,040] {dagbag.py:487} INFO - Filling up the DagBag from /home/airflow/.local/lib/python3.6/site-packages/airflow/example_dags/example_complex.py
[2021-08-18 09:08:34,081] {scheduler_job.py:643} INFO - DAG(s) dict_keys(['example_complex']) retrieved from /home/airflow/.local/lib/python3.6/site-packages/airflow/example_dags/example_complex.py
[2021-08-18 09:08:34,121] {logging_mixin.py:104} INFO - [2021-08-18 09:08:34,121] {dag.py:1832} INFO - Sync 1 DAGs
[2021-08-18 09:08:34,145] {logging_mixin.py:104} INFO - [2021-08-18 09:08:34,145] {dag.py:2305} INFO - Setting next_dagrun for example_complex to None
[2021-08-18 09:08:34,158] {scheduler_job.py:190} INFO - Processing /home/airflow/.local/lib/python3.6/site-packages/airflow/example_dags/example_complex.py took 0.130 seconds
[2021-08-18 09:09:04,657] {scheduler_job.py:182} INFO - Started process (PID=972) to work on /home/airflow/.local/lib/python3.6/site-packages/airflow/example_dags/example_complex.py
[2021-08-18 09:09:04,659] {scheduler_job.py:633} INFO - Processing file /home/airflow/.local/lib/python3.6/site-packages/airflow/example_dags/example_complex.py for tasks to queue
[2021-08-18 09:09:04,661] {logging_mixin.py:104} INFO - [2021-08-18 09:09:04,661] {dagbag.py:487} INFO - Filling up the DagBag from /home/airflow/.local/lib/python3.6/site-packages/airflow/example_dags/example_complex.py
[2021-08-18 09:09:04,692] {scheduler_job.py:643} INFO - DAG(s) dict_keys(['example_complex']) retrieved from /home/airflow/.local/lib/python3.6/site-packages/airflow/example_dags/example_complex.py
[2021-08-18 09:09:04,731] {logging_mixin.py:104} INFO - [2021-08-18 09:09:04,731] {dag.py:1832} INFO - Sync 1 DAGs
[2021-08-18 09:09:04,755] {logging_mixin.py:104} INFO - [2021-08-18 09:09:04,755] {dag.py:2305} INFO - Setting next_dagrun for example_complex to None
[2021-08-18 09:09:04,772] {scheduler_job.py:190} INFO - Processing /home/airflow/.local/lib/python3.6/site-packages/airflow/example_dags/example_complex.py took 0.120 seconds
[2021-08-18 09:09:37,477] {scheduler_job.py:182} INFO - Started process (PID=1034) to work on /home/airflow/.local/lib/python3.6/site-packages/airflow/example_dags/example_complex.py
[2021-08-18 09:09:37,479] {scheduler_job.py:633} INFO - Processing file /home/airflow/.local/lib/python3.6/site-packages/airflow/example_dags/example_complex.py for tasks to queue
[2021-08-18 09:09:37,482] {logging_mixin.py:104} INFO - [2021-08-18 09:09:37,482] {dagbag.py:487} INFO - Filling up the DagBag from /home/airflow/.local/lib/python3.6/site-packages/airflow/example_dags/example_complex.py
[2021-08-18 09:09:37,515] {scheduler_job.py:643} INFO - DAG(s) dict_keys(['example_complex']) retrieved from /home/airflow/.local/lib/python3.6/site-packages/airflow/example_dags/example_complex.py
[2021-08-18 09:09:37,557] {logging_mixin.py:104} INFO - [2021-08-18 09:09:37,557] {dag.py:1832} INFO - Sync 1 DAGs
[2021-08-18 09:09:37,584] {logging_mixin.py:104} INFO - [2021-08-18 09:09:37,583] {dag.py:2305} INFO - Setting next_dagrun for example_complex to None
[2021-08-18 09:09:37,600] {scheduler_job.py:190} INFO - Processing /home/airflow/.local/lib/python3.6/site-packages/airflow/example_dags/example_complex.py took 0.128 seconds
[2021-08-18 09:10:08,078] {scheduler_job.py:182} INFO - Started process (PID=1112) to work on /home/airflow/.local/lib/python3.6/site-packages/airflow/example_dags/example_complex.py
[2021-08-18 09:10:08,080] {scheduler_job.py:633} INFO - Processing file /home/airflow/.local/lib/python3.6/site-packages/airflow/example_dags/example_complex.py for tasks to queue
[2021-08-18 09:10:08,081] {logging_mixin.py:104} INFO - [2021-08-18 09:10:08,081] {dagbag.py:487} INFO - Filling up the DagBag from /home/airflow/.local/lib/python3.6/site-packages/airflow/example_dags/example_complex.py
[2021-08-18 09:10:08,104] {scheduler_job.py:643} INFO - DAG(s) dict_keys(['example_complex']) retrieved from /home/airflow/.local/lib/python3.6/site-packages/airflow/example_dags/example_complex.py
[2021-08-18 09:10:08,133] {logging_mixin.py:104} INFO - [2021-08-18 09:10:08,133] {dag.py:1832} INFO - Sync 1 DAGs
[2021-08-18 09:10:08,153] {logging_mixin.py:104} INFO - [2021-08-18 09:10:08,153] {dag.py:2305} INFO - Setting next_dagrun for example_complex to None
[2021-08-18 09:10:08,166] {scheduler_job.py:190} INFO - Processing /home/airflow/.local/lib/python3.6/site-packages/airflow/example_dags/example_complex.py took 0.092 seconds
[2021-08-18 09:10:38,667] {scheduler_job.py:182} INFO - Started process (PID=1174) to work on /home/airflow/.local/lib/python3.6/site-packages/airflow/example_dags/example_complex.py
[2021-08-18 09:10:38,668] {scheduler_job.py:633} INFO - Processing file /home/airflow/.local/lib/python3.6/site-packages/airflow/example_dags/example_complex.py for tasks to queue
[2021-08-18 09:10:38,670] {logging_mixin.py:104} INFO - [2021-08-18 09:10:38,670] {dagbag.py:487} INFO - Filling up the DagBag from /home/airflow/.local/lib/python3.6/site-packages/airflow/example_dags/example_complex.py
[2021-08-18 09:10:38,695] {scheduler_job.py:643} INFO - DAG(s) dict_keys(['example_complex']) retrieved from /home/airflow/.local/lib/python3.6/site-packages/airflow/example_dags/example_complex.py
[2021-08-18 09:10:38,724] {logging_mixin.py:104} INFO - [2021-08-18 09:10:38,724] {dag.py:1832} INFO - Sync 1 DAGs
[2021-08-18 09:10:38,743] {logging_mixin.py:104} INFO - [2021-08-18 09:10:38,743] {dag.py:2305} INFO - Setting next_dagrun for example_complex to None
[2021-08-18 09:10:38,756] {scheduler_job.py:190} INFO - Processing /home/airflow/.local/lib/python3.6/site-packages/airflow/example_dags/example_complex.py took 0.093 seconds
[2021-08-18 09:11:09,017] {scheduler_job.py:182} INFO - Started process (PID=1251) to work on /home/airflow/.local/lib/python3.6/site-packages/airflow/example_dags/example_complex.py
[2021-08-18 09:11:09,048] {scheduler_job.py:633} INFO - Processing file /home/airflow/.local/lib/python3.6/site-packages/airflow/example_dags/example_complex.py for tasks to queue
[2021-08-18 09:11:09,050] {logging_mixin.py:104} INFO - [2021-08-18 09:11:09,050] {dagbag.py:487} INFO - Filling up the DagBag from /home/airflow/.local/lib/python3.6/site-packages/airflow/example_dags/example_complex.py
[2021-08-18 09:11:09,076] {scheduler_job.py:643} INFO - DAG(s) dict_keys(['example_complex']) retrieved from /home/airflow/.local/lib/python3.6/site-packages/airflow/example_dags/example_complex.py
[2021-08-18 09:11:09,104] {logging_mixin.py:104} INFO - [2021-08-18 09:11:09,104] {dag.py:1832} INFO - Sync 1 DAGs
[2021-08-18 09:11:09,124] {logging_mixin.py:104} INFO - [2021-08-18 09:11:09,124] {dag.py:2305} INFO - Setting next_dagrun for example_complex to None
[2021-08-18 09:11:09,140] {scheduler_job.py:190} INFO - Processing /home/airflow/.local/lib/python3.6/site-packages/airflow/example_dags/example_complex.py took 0.128 seconds
[2021-08-18 09:11:40,799] {scheduler_job.py:182} INFO - Started process (PID=1329) to work on /home/airflow/.local/lib/python3.6/site-packages/airflow/example_dags/example_complex.py
[2021-08-18 09:11:40,831] {scheduler_job.py:633} INFO - Processing file /home/airflow/.local/lib/python3.6/site-packages/airflow/example_dags/example_complex.py for tasks to queue
[2021-08-18 09:11:40,833] {logging_mixin.py:104} INFO - [2021-08-18 09:11:40,833] {dagbag.py:487} INFO - Filling up the DagBag from /home/airflow/.local/lib/python3.6/site-packages/airflow/example_dags/example_complex.py
[2021-08-18 09:11:40,857] {scheduler_job.py:643} INFO - DAG(s) dict_keys(['example_complex']) retrieved from /home/airflow/.local/lib/python3.6/site-packages/airflow/example_dags/example_complex.py
[2021-08-18 09:11:40,888] {logging_mixin.py:104} INFO - [2021-08-18 09:11:40,888] {dag.py:1832} INFO - Sync 1 DAGs
[2021-08-18 09:11:40,908] {logging_mixin.py:104} INFO - [2021-08-18 09:11:40,908] {dag.py:2305} INFO - Setting next_dagrun for example_complex to None
[2021-08-18 09:11:40,923] {scheduler_job.py:190} INFO - Processing /home/airflow/.local/lib/python3.6/site-packages/airflow/example_dags/example_complex.py took 0.130 seconds
[2021-08-18 09:12:11,523] {scheduler_job.py:182} INFO - Started process (PID=1391) to work on /home/airflow/.local/lib/python3.6/site-packages/airflow/example_dags/example_complex.py
[2021-08-18 09:12:11,525] {scheduler_job.py:633} INFO - Processing file /home/airflow/.local/lib/python3.6/site-packages/airflow/example_dags/example_complex.py for tasks to queue
[2021-08-18 09:12:11,527] {logging_mixin.py:104} INFO - [2021-08-18 09:12:11,527] {dagbag.py:487} INFO - Filling up the DagBag from /home/airflow/.local/lib/python3.6/site-packages/airflow/example_dags/example_complex.py
[2021-08-18 09:12:11,555] {scheduler_job.py:643} INFO - DAG(s) dict_keys(['example_complex']) retrieved from /home/airflow/.local/lib/python3.6/site-packages/airflow/example_dags/example_complex.py
[2021-08-18 09:12:11,587] {logging_mixin.py:104} INFO - [2021-08-18 09:12:11,587] {dag.py:1832} INFO - Sync 1 DAGs
[2021-08-18 09:12:11,609] {logging_mixin.py:104} INFO - [2021-08-18 09:12:11,609] {dag.py:2305} INFO - Setting next_dagrun for example_complex to None
[2021-08-18 09:12:11,623] {scheduler_job.py:190} INFO - Processing /home/airflow/.local/lib/python3.6/site-packages/airflow/example_dags/example_complex.py took 0.104 seconds
[2021-08-18 09:12:42,164] {scheduler_job.py:182} INFO - Started process (PID=1468) to work on /home/airflow/.local/lib/python3.6/site-packages/airflow/example_dags/example_complex.py
[2021-08-18 09:12:42,166] {scheduler_job.py:633} INFO - Processing file /home/airflow/.local/lib/python3.6/site-packages/airflow/example_dags/example_complex.py for tasks to queue
[2021-08-18 09:12:42,167] {logging_mixin.py:104} INFO - [2021-08-18 09:12:42,167] {dagbag.py:487} INFO - Filling up the DagBag from /home/airflow/.local/lib/python3.6/site-packages/airflow/example_dags/example_complex.py
[2021-08-18 09:12:42,195] {scheduler_job.py:643} INFO - DAG(s) dict_keys(['example_complex']) retrieved from /home/airflow/.local/lib/python3.6/site-packages/airflow/example_dags/example_complex.py
[2021-08-18 09:12:42,226] {logging_mixin.py:104} INFO - [2021-08-18 09:12:42,226] {dag.py:1832} INFO - Sync 1 DAGs
[2021-08-18 09:12:42,261] {logging_mixin.py:104} INFO - [2021-08-18 09:12:42,261] {dag.py:2305} INFO - Setting next_dagrun for example_complex to None
[2021-08-18 09:12:42,277] {scheduler_job.py:190} INFO - Processing /home/airflow/.local/lib/python3.6/site-packages/airflow/example_dags/example_complex.py took 0.118 seconds
[2021-08-18 09:13:12,751] {scheduler_job.py:182} INFO - Started process (PID=1547) to work on /home/airflow/.local/lib/python3.6/site-packages/airflow/example_dags/example_complex.py
[2021-08-18 09:13:12,753] {scheduler_job.py:633} INFO - Processing file /home/airflow/.local/lib/python3.6/site-packages/airflow/example_dags/example_complex.py for tasks to queue
[2021-08-18 09:13:12,754] {logging_mixin.py:104} INFO - [2021-08-18 09:13:12,754] {dagbag.py:487} INFO - Filling up the DagBag from /home/airflow/.local/lib/python3.6/site-packages/airflow/example_dags/example_complex.py
[2021-08-18 09:13:12,779] {scheduler_job.py:643} INFO - DAG(s) dict_keys(['example_complex']) retrieved from /home/airflow/.local/lib/python3.6/site-packages/airflow/example_dags/example_complex.py
[2021-08-18 09:13:12,806] {logging_mixin.py:104} INFO - [2021-08-18 09:13:12,806] {dag.py:1832} INFO - Sync 1 DAGs
[2021-08-18 09:13:12,822] {logging_mixin.py:104} INFO - [2021-08-18 09:13:12,822] {dag.py:2305} INFO - Setting next_dagrun for example_complex to None
[2021-08-18 09:13:12,833] {scheduler_job.py:190} INFO - Processing /home/airflow/.local/lib/python3.6/site-packages/airflow/example_dags/example_complex.py took 0.085 seconds
[2021-08-18 09:13:48,208] {scheduler_job.py:182} INFO - Started process (PID=1608) to work on /home/airflow/.local/lib/python3.6/site-packages/airflow/example_dags/example_complex.py
[2021-08-18 09:13:48,212] {scheduler_job.py:633} INFO - Processing file /home/airflow/.local/lib/python3.6/site-packages/airflow/example_dags/example_complex.py for tasks to queue
[2021-08-18 09:13:48,213] {logging_mixin.py:104} INFO - [2021-08-18 09:13:48,213] {dagbag.py:487} INFO - Filling up the DagBag from /home/airflow/.local/lib/python3.6/site-packages/airflow/example_dags/example_complex.py
[2021-08-18 09:13:48,256] {scheduler_job.py:643} INFO - DAG(s) dict_keys(['example_complex']) retrieved from /home/airflow/.local/lib/python3.6/site-packages/airflow/example_dags/example_complex.py
[2021-08-18 09:13:48,314] {logging_mixin.py:104} INFO - [2021-08-18 09:13:48,314] {dag.py:1832} INFO - Sync 1 DAGs
[2021-08-18 09:13:48,349] {logging_mixin.py:104} INFO - [2021-08-18 09:13:48,349] {dag.py:2305} INFO - Setting next_dagrun for example_complex to None
[2021-08-18 09:13:48,367] {scheduler_job.py:190} INFO - Processing /home/airflow/.local/lib/python3.6/site-packages/airflow/example_dags/example_complex.py took 0.166 seconds
[2021-08-18 09:14:18,964] {scheduler_job.py:182} INFO - Started process (PID=1670) to work on /home/airflow/.local/lib/python3.6/site-packages/airflow/example_dags/example_complex.py
[2021-08-18 09:14:18,967] {scheduler_job.py:633} INFO - Processing file /home/airflow/.local/lib/python3.6/site-packages/airflow/example_dags/example_complex.py for tasks to queue
[2021-08-18 09:14:18,969] {logging_mixin.py:104} INFO - [2021-08-18 09:14:18,969] {dagbag.py:487} INFO - Filling up the DagBag from /home/airflow/.local/lib/python3.6/site-packages/airflow/example_dags/example_complex.py
[2021-08-18 09:14:18,999] {scheduler_job.py:643} INFO - DAG(s) dict_keys(['example_complex']) retrieved from /home/airflow/.local/lib/python3.6/site-packages/airflow/example_dags/example_complex.py
[2021-08-18 09:14:19,034] {logging_mixin.py:104} INFO - [2021-08-18 09:14:19,034] {dag.py:1832} INFO - Sync 1 DAGs
[2021-08-18 09:14:19,058] {logging_mixin.py:104} INFO - [2021-08-18 09:14:19,058] {dag.py:2305} INFO - Setting next_dagrun for example_complex to None
[2021-08-18 09:14:19,071] {scheduler_job.py:190} INFO - Processing /home/airflow/.local/lib/python3.6/site-packages/airflow/example_dags/example_complex.py took 0.111 seconds
[2021-08-18 09:14:49,763] {scheduler_job.py:182} INFO - Started process (PID=1746) to work on /home/airflow/.local/lib/python3.6/site-packages/airflow/example_dags/example_complex.py
[2021-08-18 09:14:49,766] {scheduler_job.py:633} INFO - Processing file /home/airflow/.local/lib/python3.6/site-packages/airflow/example_dags/example_complex.py for tasks to queue
[2021-08-18 09:14:49,770] {logging_mixin.py:104} INFO - [2021-08-18 09:14:49,770] {dagbag.py:487} INFO - Filling up the DagBag from /home/airflow/.local/lib/python3.6/site-packages/airflow/example_dags/example_complex.py
[2021-08-18 09:14:49,801] {scheduler_job.py:643} INFO - DAG(s) dict_keys(['example_complex']) retrieved from /home/airflow/.local/lib/python3.6/site-packages/airflow/example_dags/example_complex.py
[2021-08-18 09:14:49,833] {logging_mixin.py:104} INFO - [2021-08-18 09:14:49,832] {dag.py:1832} INFO - Sync 1 DAGs
[2021-08-18 09:14:49,853] {logging_mixin.py:104} INFO - [2021-08-18 09:14:49,853] {dag.py:2305} INFO - Setting next_dagrun for example_complex to None
[2021-08-18 09:14:49,866] {scheduler_job.py:190} INFO - Processing /home/airflow/.local/lib/python3.6/site-packages/airflow/example_dags/example_complex.py took 0.106 seconds
[2021-08-18 09:15:20,681] {scheduler_job.py:182} INFO - Started process (PID=1824) to work on /home/airflow/.local/lib/python3.6/site-packages/airflow/example_dags/example_complex.py
[2021-08-18 09:15:20,683] {scheduler_job.py:633} INFO - Processing file /home/airflow/.local/lib/python3.6/site-packages/airflow/example_dags/example_complex.py for tasks to queue
[2021-08-18 09:15:20,684] {logging_mixin.py:104} INFO - [2021-08-18 09:15:20,684] {dagbag.py:487} INFO - Filling up the DagBag from /home/airflow/.local/lib/python3.6/site-packages/airflow/example_dags/example_complex.py
[2021-08-18 09:15:20,710] {scheduler_job.py:643} INFO - DAG(s) dict_keys(['example_complex']) retrieved from /home/airflow/.local/lib/python3.6/site-packages/airflow/example_dags/example_complex.py
[2021-08-18 09:15:20,740] {logging_mixin.py:104} INFO - [2021-08-18 09:15:20,740] {dag.py:1832} INFO - Sync 1 DAGs
[2021-08-18 09:15:20,757] {logging_mixin.py:104} INFO - [2021-08-18 09:15:20,757] {dag.py:2305} INFO - Setting next_dagrun for example_complex to None
[2021-08-18 09:15:20,767] {scheduler_job.py:190} INFO - Processing /home/airflow/.local/lib/python3.6/site-packages/airflow/example_dags/example_complex.py took 0.091 seconds
[2021-08-18 09:15:51,197] {scheduler_job.py:182} INFO - Started process (PID=1885) to work on /home/airflow/.local/lib/python3.6/site-packages/airflow/example_dags/example_complex.py
[2021-08-18 09:15:51,198] {scheduler_job.py:633} INFO - Processing file /home/airflow/.local/lib/python3.6/site-packages/airflow/example_dags/example_complex.py for tasks to queue
[2021-08-18 09:15:51,200] {logging_mixin.py:104} INFO - [2021-08-18 09:15:51,199] {dagbag.py:487} INFO - Filling up the DagBag from /home/airflow/.local/lib/python3.6/site-packages/airflow/example_dags/example_complex.py
[2021-08-18 09:15:51,224] {scheduler_job.py:643} INFO - DAG(s) dict_keys(['example_complex']) retrieved from /home/airflow/.local/lib/python3.6/site-packages/airflow/example_dags/example_complex.py
[2021-08-18 09:15:51,254] {logging_mixin.py:104} INFO - [2021-08-18 09:15:51,254] {dag.py:1832} INFO - Sync 1 DAGs
[2021-08-18 09:15:51,271] {logging_mixin.py:104} INFO - [2021-08-18 09:15:51,271] {dag.py:2305} INFO - Setting next_dagrun for example_complex to None
[2021-08-18 09:15:51,282] {scheduler_job.py:190} INFO - Processing /home/airflow/.local/lib/python3.6/site-packages/airflow/example_dags/example_complex.py took 0.089 seconds
[2021-08-18 09:16:21,775] {scheduler_job.py:182} INFO - Started process (PID=1961) to work on /home/airflow/.local/lib/python3.6/site-packages/airflow/example_dags/example_complex.py
[2021-08-18 09:16:21,777] {scheduler_job.py:633} INFO - Processing file /home/airflow/.local/lib/python3.6/site-packages/airflow/example_dags/example_complex.py for tasks to queue
[2021-08-18 09:16:21,779] {logging_mixin.py:104} INFO - [2021-08-18 09:16:21,778] {dagbag.py:487} INFO - Filling up the DagBag from /home/airflow/.local/lib/python3.6/site-packages/airflow/example_dags/example_complex.py
[2021-08-18 09:16:21,808] {scheduler_job.py:643} INFO - DAG(s) dict_keys(['example_complex']) retrieved from /home/airflow/.local/lib/python3.6/site-packages/airflow/example_dags/example_complex.py
[2021-08-18 09:16:21,855] {logging_mixin.py:104} INFO - [2021-08-18 09:16:21,855] {dag.py:1832} INFO - Sync 1 DAGs
[2021-08-18 09:16:21,877] {logging_mixin.py:104} INFO - [2021-08-18 09:16:21,877] {dag.py:2305} INFO - Setting next_dagrun for example_complex to None
[2021-08-18 09:16:21,918] {scheduler_job.py:190} INFO - Processing /home/airflow/.local/lib/python3.6/site-packages/airflow/example_dags/example_complex.py took 0.147 seconds
[2021-08-18 09:16:52,690] {scheduler_job.py:182} INFO - Started process (PID=2037) to work on /home/airflow/.local/lib/python3.6/site-packages/airflow/example_dags/example_complex.py
[2021-08-18 09:16:52,692] {scheduler_job.py:633} INFO - Processing file /home/airflow/.local/lib/python3.6/site-packages/airflow/example_dags/example_complex.py for tasks to queue
[2021-08-18 09:16:52,693] {logging_mixin.py:104} INFO - [2021-08-18 09:16:52,693] {dagbag.py:487} INFO - Filling up the DagBag from /home/airflow/.local/lib/python3.6/site-packages/airflow/example_dags/example_complex.py
[2021-08-18 09:16:52,722] {scheduler_job.py:643} INFO - DAG(s) dict_keys(['example_complex']) retrieved from /home/airflow/.local/lib/python3.6/site-packages/airflow/example_dags/example_complex.py
[2021-08-18 09:16:52,755] {logging_mixin.py:104} INFO - [2021-08-18 09:16:52,755] {dag.py:1832} INFO - Sync 1 DAGs
[2021-08-18 09:16:52,777] {logging_mixin.py:104} INFO - [2021-08-18 09:16:52,777] {dag.py:2305} INFO - Setting next_dagrun for example_complex to None
[2021-08-18 09:16:52,791] {scheduler_job.py:190} INFO - Processing /home/airflow/.local/lib/python3.6/site-packages/airflow/example_dags/example_complex.py took 0.107 seconds
[2021-08-18 09:17:36,261] {scheduler_job.py:182} INFO - Started process (PID=57) to work on /home/airflow/.local/lib/python3.6/site-packages/airflow/example_dags/example_complex.py
[2021-08-18 09:17:36,262] {scheduler_job.py:633} INFO - Processing file /home/airflow/.local/lib/python3.6/site-packages/airflow/example_dags/example_complex.py for tasks to queue
[2021-08-18 09:17:36,264] {logging_mixin.py:104} INFO - [2021-08-18 09:17:36,263] {dagbag.py:487} INFO - Filling up the DagBag from /home/airflow/.local/lib/python3.6/site-packages/airflow/example_dags/example_complex.py
[2021-08-18 09:17:36,289] {scheduler_job.py:643} INFO - DAG(s) dict_keys(['example_complex']) retrieved from /home/airflow/.local/lib/python3.6/site-packages/airflow/example_dags/example_complex.py
[2021-08-18 09:17:36,320] {logging_mixin.py:104} INFO - [2021-08-18 09:17:36,320] {dag.py:1832} INFO - Sync 1 DAGs
[2021-08-18 09:17:36,336] {logging_mixin.py:104} INFO - [2021-08-18 09:17:36,336] {dag.py:2305} INFO - Setting next_dagrun for example_complex to None
[2021-08-18 09:17:36,355] {scheduler_job.py:190} INFO - Processing /home/airflow/.local/lib/python3.6/site-packages/airflow/example_dags/example_complex.py took 0.099 seconds
[2021-08-18 09:18:07,300] {scheduler_job.py:182} INFO - Started process (PID=134) to work on /home/airflow/.local/lib/python3.6/site-packages/airflow/example_dags/example_complex.py
[2021-08-18 09:18:07,301] {scheduler_job.py:633} INFO - Processing file /home/airflow/.local/lib/python3.6/site-packages/airflow/example_dags/example_complex.py for tasks to queue
[2021-08-18 09:18:07,302] {logging_mixin.py:104} INFO - [2021-08-18 09:18:07,302] {dagbag.py:487} INFO - Filling up the DagBag from /home/airflow/.local/lib/python3.6/site-packages/airflow/example_dags/example_complex.py
[2021-08-18 09:18:07,322] {scheduler_job.py:643} INFO - DAG(s) dict_keys(['example_complex']) retrieved from /home/airflow/.local/lib/python3.6/site-packages/airflow/example_dags/example_complex.py
[2021-08-18 09:18:07,344] {logging_mixin.py:104} INFO - [2021-08-18 09:18:07,344] {dag.py:1832} INFO - Sync 1 DAGs
[2021-08-18 09:18:07,357] {logging_mixin.py:104} INFO - [2021-08-18 09:18:07,357] {dag.py:2305} INFO - Setting next_dagrun for example_complex to None
[2021-08-18 09:18:07,365] {scheduler_job.py:190} INFO - Processing /home/airflow/.local/lib/python3.6/site-packages/airflow/example_dags/example_complex.py took 0.069 seconds
[2021-08-18 09:18:38,584] {scheduler_job.py:182} INFO - Started process (PID=198) to work on /home/airflow/.local/lib/python3.6/site-packages/airflow/example_dags/example_complex.py
[2021-08-18 09:18:38,586] {scheduler_job.py:633} INFO - Processing file /home/airflow/.local/lib/python3.6/site-packages/airflow/example_dags/example_complex.py for tasks to queue
[2021-08-18 09:18:38,587] {logging_mixin.py:104} INFO - [2021-08-18 09:18:38,587] {dagbag.py:487} INFO - Filling up the DagBag from /home/airflow/.local/lib/python3.6/site-packages/airflow/example_dags/example_complex.py
[2021-08-18 09:18:38,611] {scheduler_job.py:643} INFO - DAG(s) dict_keys(['example_complex']) retrieved from /home/airflow/.local/lib/python3.6/site-packages/airflow/example_dags/example_complex.py
[2021-08-18 09:18:38,639] {logging_mixin.py:104} INFO - [2021-08-18 09:18:38,639] {dag.py:1832} INFO - Sync 1 DAGs
[2021-08-18 09:18:38,656] {logging_mixin.py:104} INFO - [2021-08-18 09:18:38,656] {dag.py:2305} INFO - Setting next_dagrun for example_complex to None
[2021-08-18 09:18:38,667] {scheduler_job.py:190} INFO - Processing /home/airflow/.local/lib/python3.6/site-packages/airflow/example_dags/example_complex.py took 0.087 seconds
[2021-08-18 09:19:09,014] {scheduler_job.py:182} INFO - Started process (PID=275) to work on /home/airflow/.local/lib/python3.6/site-packages/airflow/example_dags/example_complex.py
[2021-08-18 09:19:09,017] {scheduler_job.py:633} INFO - Processing file /home/airflow/.local/lib/python3.6/site-packages/airflow/example_dags/example_complex.py for tasks to queue
[2021-08-18 09:19:09,018] {logging_mixin.py:104} INFO - [2021-08-18 09:19:09,018] {dagbag.py:487} INFO - Filling up the DagBag from /home/airflow/.local/lib/python3.6/site-packages/airflow/example_dags/example_complex.py
[2021-08-18 09:19:09,043] {scheduler_job.py:643} INFO - DAG(s) dict_keys(['example_complex']) retrieved from /home/airflow/.local/lib/python3.6/site-packages/airflow/example_dags/example_complex.py
[2021-08-18 09:19:09,075] {logging_mixin.py:104} INFO - [2021-08-18 09:19:09,075] {dag.py:1832} INFO - Sync 1 DAGs
[2021-08-18 09:19:09,093] {logging_mixin.py:104} INFO - [2021-08-18 09:19:09,092] {dag.py:2305} INFO - Setting next_dagrun for example_complex to None
[2021-08-18 09:19:09,104] {scheduler_job.py:190} INFO - Processing /home/airflow/.local/lib/python3.6/site-packages/airflow/example_dags/example_complex.py took 0.093 seconds
[2021-08-18 09:19:39,418] {scheduler_job.py:182} INFO - Started process (PID=353) to work on /home/airflow/.local/lib/python3.6/site-packages/airflow/example_dags/example_complex.py
[2021-08-18 09:19:39,421] {scheduler_job.py:633} INFO - Processing file /home/airflow/.local/lib/python3.6/site-packages/airflow/example_dags/example_complex.py for tasks to queue
[2021-08-18 09:19:39,422] {logging_mixin.py:104} INFO - [2021-08-18 09:19:39,422] {dagbag.py:487} INFO - Filling up the DagBag from /home/airflow/.local/lib/python3.6/site-packages/airflow/example_dags/example_complex.py
[2021-08-18 09:19:39,447] {scheduler_job.py:643} INFO - DAG(s) dict_keys(['example_complex']) retrieved from /home/airflow/.local/lib/python3.6/site-packages/airflow/example_dags/example_complex.py
[2021-08-18 09:19:39,479] {logging_mixin.py:104} INFO - [2021-08-18 09:19:39,478] {dag.py:1832} INFO - Sync 1 DAGs
[2021-08-18 09:19:39,495] {logging_mixin.py:104} INFO - [2021-08-18 09:19:39,495] {dag.py:2305} INFO - Setting next_dagrun for example_complex to None
[2021-08-18 09:19:39,505] {scheduler_job.py:190} INFO - Processing /home/airflow/.local/lib/python3.6/site-packages/airflow/example_dags/example_complex.py took 0.091 seconds
[2021-08-18 09:20:09,905] {scheduler_job.py:182} INFO - Started process (PID=415) to work on /home/airflow/.local/lib/python3.6/site-packages/airflow/example_dags/example_complex.py
[2021-08-18 09:20:09,912] {scheduler_job.py:633} INFO - Processing file /home/airflow/.local/lib/python3.6/site-packages/airflow/example_dags/example_complex.py for tasks to queue
[2021-08-18 09:20:09,914] {logging_mixin.py:104} INFO - [2021-08-18 09:20:09,914] {dagbag.py:487} INFO - Filling up the DagBag from /home/airflow/.local/lib/python3.6/site-packages/airflow/example_dags/example_complex.py
[2021-08-18 09:20:09,943] {scheduler_job.py:643} INFO - DAG(s) dict_keys(['example_complex']) retrieved from /home/airflow/.local/lib/python3.6/site-packages/airflow/example_dags/example_complex.py
[2021-08-18 09:20:09,990] {logging_mixin.py:104} INFO - [2021-08-18 09:20:09,989] {dag.py:1832} INFO - Sync 1 DAGs
[2021-08-18 09:20:10,013] {logging_mixin.py:104} INFO - [2021-08-18 09:20:10,013] {dag.py:2305} INFO - Setting next_dagrun for example_complex to None
[2021-08-18 09:20:10,031] {scheduler_job.py:190} INFO - Processing /home/airflow/.local/lib/python3.6/site-packages/airflow/example_dags/example_complex.py took 0.134 seconds
[2021-08-18 09:20:40,168] {scheduler_job.py:182} INFO - Started process (PID=492) to work on /home/airflow/.local/lib/python3.6/site-packages/airflow/example_dags/example_complex.py
[2021-08-18 09:20:40,171] {scheduler_job.py:633} INFO - Processing file /home/airflow/.local/lib/python3.6/site-packages/airflow/example_dags/example_complex.py for tasks to queue
[2021-08-18 09:20:40,172] {logging_mixin.py:104} INFO - [2021-08-18 09:20:40,172] {dagbag.py:487} INFO - Filling up the DagBag from /home/airflow/.local/lib/python3.6/site-packages/airflow/example_dags/example_complex.py
[2021-08-18 09:20:40,194] {scheduler_job.py:643} INFO - DAG(s) dict_keys(['example_complex']) retrieved from /home/airflow/.local/lib/python3.6/site-packages/airflow/example_dags/example_complex.py
[2021-08-18 09:20:40,224] {logging_mixin.py:104} INFO - [2021-08-18 09:20:40,224] {dag.py:1832} INFO - Sync 1 DAGs
[2021-08-18 09:20:40,241] {logging_mixin.py:104} INFO - [2021-08-18 09:20:40,241] {dag.py:2305} INFO - Setting next_dagrun for example_complex to None
[2021-08-18 09:20:40,254] {scheduler_job.py:190} INFO - Processing /home/airflow/.local/lib/python3.6/site-packages/airflow/example_dags/example_complex.py took 0.090 seconds
[2021-08-18 09:21:10,474] {scheduler_job.py:182} INFO - Started process (PID=553) to work on /home/airflow/.local/lib/python3.6/site-packages/airflow/example_dags/example_complex.py
[2021-08-18 09:21:10,476] {scheduler_job.py:633} INFO - Processing file /home/airflow/.local/lib/python3.6/site-packages/airflow/example_dags/example_complex.py for tasks to queue
[2021-08-18 09:21:10,478] {logging_mixin.py:104} INFO - [2021-08-18 09:21:10,477] {dagbag.py:487} INFO - Filling up the DagBag from /home/airflow/.local/lib/python3.6/site-packages/airflow/example_dags/example_complex.py
[2021-08-18 09:21:10,504] {scheduler_job.py:643} INFO - DAG(s) dict_keys(['example_complex']) retrieved from /home/airflow/.local/lib/python3.6/site-packages/airflow/example_dags/example_complex.py
[2021-08-18 09:21:10,540] {logging_mixin.py:104} INFO - [2021-08-18 09:21:10,540] {dag.py:1832} INFO - Sync 1 DAGs
[2021-08-18 09:21:10,563] {logging_mixin.py:104} INFO - [2021-08-18 09:21:10,562] {dag.py:2305} INFO - Setting next_dagrun for example_complex to None
[2021-08-18 09:21:10,577] {scheduler_job.py:190} INFO - Processing /home/airflow/.local/lib/python3.6/site-packages/airflow/example_dags/example_complex.py took 0.107 seconds
[2021-08-18 09:21:40,877] {scheduler_job.py:182} INFO - Started process (PID=632) to work on /home/airflow/.local/lib/python3.6/site-packages/airflow/example_dags/example_complex.py
[2021-08-18 09:21:40,879] {scheduler_job.py:633} INFO - Processing file /home/airflow/.local/lib/python3.6/site-packages/airflow/example_dags/example_complex.py for tasks to queue
[2021-08-18 09:21:40,880] {logging_mixin.py:104} INFO - [2021-08-18 09:21:40,880] {dagbag.py:487} INFO - Filling up the DagBag from /home/airflow/.local/lib/python3.6/site-packages/airflow/example_dags/example_complex.py
[2021-08-18 09:21:40,903] {scheduler_job.py:643} INFO - DAG(s) dict_keys(['example_complex']) retrieved from /home/airflow/.local/lib/python3.6/site-packages/airflow/example_dags/example_complex.py
[2021-08-18 09:21:40,932] {logging_mixin.py:104} INFO - [2021-08-18 09:21:40,932] {dag.py:1832} INFO - Sync 1 DAGs
[2021-08-18 09:21:40,949] {logging_mixin.py:104} INFO - [2021-08-18 09:21:40,949] {dag.py:2305} INFO - Setting next_dagrun for example_complex to None
[2021-08-18 09:21:40,961] {scheduler_job.py:190} INFO - Processing /home/airflow/.local/lib/python3.6/site-packages/airflow/example_dags/example_complex.py took 0.089 seconds
[2021-08-18 09:22:12,013] {scheduler_job.py:182} INFO - Started process (PID=711) to work on /home/airflow/.local/lib/python3.6/site-packages/airflow/example_dags/example_complex.py
[2021-08-18 09:22:12,015] {scheduler_job.py:633} INFO - Processing file /home/airflow/.local/lib/python3.6/site-packages/airflow/example_dags/example_complex.py for tasks to queue
[2021-08-18 09:22:12,017] {logging_mixin.py:104} INFO - [2021-08-18 09:22:12,016] {dagbag.py:487} INFO - Filling up the DagBag from /home/airflow/.local/lib/python3.6/site-packages/airflow/example_dags/example_complex.py
[2021-08-18 09:22:12,040] {scheduler_job.py:643} INFO - DAG(s) dict_keys(['example_complex']) retrieved from /home/airflow/.local/lib/python3.6/site-packages/airflow/example_dags/example_complex.py
[2021-08-18 09:22:12,070] {logging_mixin.py:104} INFO - [2021-08-18 09:22:12,069] {dag.py:1832} INFO - Sync 1 DAGs
[2021-08-18 09:22:12,090] {logging_mixin.py:104} INFO - [2021-08-18 09:22:12,090] {dag.py:2305} INFO - Setting next_dagrun for example_complex to None
[2021-08-18 09:22:12,105] {scheduler_job.py:190} INFO - Processing /home/airflow/.local/lib/python3.6/site-packages/airflow/example_dags/example_complex.py took 0.096 seconds
[2021-08-18 09:22:42,347] {scheduler_job.py:182} INFO - Started process (PID=772) to work on /home/airflow/.local/lib/python3.6/site-packages/airflow/example_dags/example_complex.py
[2021-08-18 09:22:42,348] {scheduler_job.py:633} INFO - Processing file /home/airflow/.local/lib/python3.6/site-packages/airflow/example_dags/example_complex.py for tasks to queue
[2021-08-18 09:22:42,350] {logging_mixin.py:104} INFO - [2021-08-18 09:22:42,349] {dagbag.py:487} INFO - Filling up the DagBag from /home/airflow/.local/lib/python3.6/site-packages/airflow/example_dags/example_complex.py
[2021-08-18 09:22:42,370] {scheduler_job.py:643} INFO - DAG(s) dict_keys(['example_complex']) retrieved from /home/airflow/.local/lib/python3.6/site-packages/airflow/example_dags/example_complex.py
[2021-08-18 09:22:42,395] {logging_mixin.py:104} INFO - [2021-08-18 09:22:42,395] {dag.py:1832} INFO - Sync 1 DAGs
[2021-08-18 09:22:42,409] {logging_mixin.py:104} INFO - [2021-08-18 09:22:42,409] {dag.py:2305} INFO - Setting next_dagrun for example_complex to None
[2021-08-18 09:22:42,419] {scheduler_job.py:190} INFO - Processing /home/airflow/.local/lib/python3.6/site-packages/airflow/example_dags/example_complex.py took 0.076 seconds
[2021-08-18 09:23:13,387] {scheduler_job.py:182} INFO - Started process (PID=849) to work on /home/airflow/.local/lib/python3.6/site-packages/airflow/example_dags/example_complex.py
[2021-08-18 09:23:13,388] {scheduler_job.py:633} INFO - Processing file /home/airflow/.local/lib/python3.6/site-packages/airflow/example_dags/example_complex.py for tasks to queue
[2021-08-18 09:23:13,390] {logging_mixin.py:104} INFO - [2021-08-18 09:23:13,389] {dagbag.py:487} INFO - Filling up the DagBag from /home/airflow/.local/lib/python3.6/site-packages/airflow/example_dags/example_complex.py
[2021-08-18 09:23:13,411] {scheduler_job.py:643} INFO - DAG(s) dict_keys(['example_complex']) retrieved from /home/airflow/.local/lib/python3.6/site-packages/airflow/example_dags/example_complex.py
[2021-08-18 09:23:13,438] {logging_mixin.py:104} INFO - [2021-08-18 09:23:13,438] {dag.py:1832} INFO - Sync 1 DAGs
[2021-08-18 09:23:13,456] {logging_mixin.py:104} INFO - [2021-08-18 09:23:13,456] {dag.py:2305} INFO - Setting next_dagrun for example_complex to None
[2021-08-18 09:23:13,470] {scheduler_job.py:190} INFO - Processing /home/airflow/.local/lib/python3.6/site-packages/airflow/example_dags/example_complex.py took 0.087 seconds
[2021-08-18 09:23:44,169] {scheduler_job.py:182} INFO - Started process (PID=933) to work on /home/airflow/.local/lib/python3.6/site-packages/airflow/example_dags/example_complex.py
[2021-08-18 09:23:44,172] {scheduler_job.py:633} INFO - Processing file /home/airflow/.local/lib/python3.6/site-packages/airflow/example_dags/example_complex.py for tasks to queue
[2021-08-18 09:23:44,173] {logging_mixin.py:104} INFO - [2021-08-18 09:23:44,173] {dagbag.py:487} INFO - Filling up the DagBag from /home/airflow/.local/lib/python3.6/site-packages/airflow/example_dags/example_complex.py
[2021-08-18 09:23:44,199] {scheduler_job.py:643} INFO - DAG(s) dict_keys(['example_complex']) retrieved from /home/airflow/.local/lib/python3.6/site-packages/airflow/example_dags/example_complex.py
[2021-08-18 09:23:44,260] {logging_mixin.py:104} INFO - [2021-08-18 09:23:44,260] {dag.py:1832} INFO - Sync 1 DAGs
[2021-08-18 09:23:44,278] {logging_mixin.py:104} INFO - [2021-08-18 09:23:44,277] {dag.py:2305} INFO - Setting next_dagrun for example_complex to None
[2021-08-18 09:23:44,292] {scheduler_job.py:190} INFO - Processing /home/airflow/.local/lib/python3.6/site-packages/airflow/example_dags/example_complex.py took 0.126 seconds
[2021-08-18 09:24:15,272] {scheduler_job.py:182} INFO - Started process (PID=1001) to work on /home/airflow/.local/lib/python3.6/site-packages/airflow/example_dags/example_complex.py
[2021-08-18 09:24:15,274] {scheduler_job.py:633} INFO - Processing file /home/airflow/.local/lib/python3.6/site-packages/airflow/example_dags/example_complex.py for tasks to queue
[2021-08-18 09:24:15,275] {logging_mixin.py:104} INFO - [2021-08-18 09:24:15,275] {dagbag.py:487} INFO - Filling up the DagBag from /home/airflow/.local/lib/python3.6/site-packages/airflow/example_dags/example_complex.py
[2021-08-18 09:24:15,298] {scheduler_job.py:643} INFO - DAG(s) dict_keys(['example_complex']) retrieved from /home/airflow/.local/lib/python3.6/site-packages/airflow/example_dags/example_complex.py
[2021-08-18 09:24:15,329] {logging_mixin.py:104} INFO - [2021-08-18 09:24:15,329] {dag.py:1832} INFO - Sync 1 DAGs
[2021-08-18 09:24:15,348] {logging_mixin.py:104} INFO - [2021-08-18 09:24:15,348] {dag.py:2305} INFO - Setting next_dagrun for example_complex to None
[2021-08-18 09:24:15,360] {scheduler_job.py:190} INFO - Processing /home/airflow/.local/lib/python3.6/site-packages/airflow/example_dags/example_complex.py took 0.092 seconds
[2021-08-18 09:24:45,872] {scheduler_job.py:182} INFO - Started process (PID=1079) to work on /home/airflow/.local/lib/python3.6/site-packages/airflow/example_dags/example_complex.py
[2021-08-18 09:24:45,875] {scheduler_job.py:633} INFO - Processing file /home/airflow/.local/lib/python3.6/site-packages/airflow/example_dags/example_complex.py for tasks to queue
[2021-08-18 09:24:45,876] {logging_mixin.py:104} INFO - [2021-08-18 09:24:45,876] {dagbag.py:487} INFO - Filling up the DagBag from /home/airflow/.local/lib/python3.6/site-packages/airflow/example_dags/example_complex.py
[2021-08-18 09:24:45,900] {scheduler_job.py:643} INFO - DAG(s) dict_keys(['example_complex']) retrieved from /home/airflow/.local/lib/python3.6/site-packages/airflow/example_dags/example_complex.py
[2021-08-18 09:24:45,934] {logging_mixin.py:104} INFO - [2021-08-18 09:24:45,934] {dag.py:1832} INFO - Sync 1 DAGs
[2021-08-18 09:24:45,954] {logging_mixin.py:104} INFO - [2021-08-18 09:24:45,954] {dag.py:2305} INFO - Setting next_dagrun for example_complex to None
[2021-08-18 09:24:45,965] {scheduler_job.py:190} INFO - Processing /home/airflow/.local/lib/python3.6/site-packages/airflow/example_dags/example_complex.py took 0.097 seconds
[2021-08-18 09:25:17,217] {scheduler_job.py:182} INFO - Started process (PID=1140) to work on /home/airflow/.local/lib/python3.6/site-packages/airflow/example_dags/example_complex.py
[2021-08-18 09:25:17,219] {scheduler_job.py:633} INFO - Processing file /home/airflow/.local/lib/python3.6/site-packages/airflow/example_dags/example_complex.py for tasks to queue
[2021-08-18 09:25:17,221] {logging_mixin.py:104} INFO - [2021-08-18 09:25:17,221] {dagbag.py:487} INFO - Filling up the DagBag from /home/airflow/.local/lib/python3.6/site-packages/airflow/example_dags/example_complex.py
[2021-08-18 09:25:17,249] {scheduler_job.py:643} INFO - DAG(s) dict_keys(['example_complex']) retrieved from /home/airflow/.local/lib/python3.6/site-packages/airflow/example_dags/example_complex.py
[2021-08-18 09:25:17,284] {logging_mixin.py:104} INFO - [2021-08-18 09:25:17,284] {dag.py:1832} INFO - Sync 1 DAGs
[2021-08-18 09:25:17,306] {logging_mixin.py:104} INFO - [2021-08-18 09:25:17,305] {dag.py:2305} INFO - Setting next_dagrun for example_complex to None
[2021-08-18 09:25:17,319] {scheduler_job.py:190} INFO - Processing /home/airflow/.local/lib/python3.6/site-packages/airflow/example_dags/example_complex.py took 0.107 seconds
[2021-08-18 09:25:47,343] {scheduler_job.py:182} INFO - Started process (PID=1218) to work on /home/airflow/.local/lib/python3.6/site-packages/airflow/example_dags/example_complex.py
[2021-08-18 09:25:47,345] {scheduler_job.py:633} INFO - Processing file /home/airflow/.local/lib/python3.6/site-packages/airflow/example_dags/example_complex.py for tasks to queue
[2021-08-18 09:25:47,347] {logging_mixin.py:104} INFO - [2021-08-18 09:25:47,347] {dagbag.py:487} INFO - Filling up the DagBag from /home/airflow/.local/lib/python3.6/site-packages/airflow/example_dags/example_complex.py
[2021-08-18 09:25:47,371] {scheduler_job.py:643} INFO - DAG(s) dict_keys(['example_complex']) retrieved from /home/airflow/.local/lib/python3.6/site-packages/airflow/example_dags/example_complex.py
[2021-08-18 09:25:47,399] {logging_mixin.py:104} INFO - [2021-08-18 09:25:47,399] {dag.py:1832} INFO - Sync 1 DAGs
[2021-08-18 09:25:47,416] {logging_mixin.py:104} INFO - [2021-08-18 09:25:47,416] {dag.py:2305} INFO - Setting next_dagrun for example_complex to None
[2021-08-18 09:25:47,428] {scheduler_job.py:190} INFO - Processing /home/airflow/.local/lib/python3.6/site-packages/airflow/example_dags/example_complex.py took 0.089 seconds
[2021-08-18 09:26:17,705] {scheduler_job.py:182} INFO - Started process (PID=1289) to work on /home/airflow/.local/lib/python3.6/site-packages/airflow/example_dags/example_complex.py
[2021-08-18 09:26:17,707] {scheduler_job.py:633} INFO - Processing file /home/airflow/.local/lib/python3.6/site-packages/airflow/example_dags/example_complex.py for tasks to queue
[2021-08-18 09:26:17,709] {logging_mixin.py:104} INFO - [2021-08-18 09:26:17,708] {dagbag.py:487} INFO - Filling up the DagBag from /home/airflow/.local/lib/python3.6/site-packages/airflow/example_dags/example_complex.py
[2021-08-18 09:26:17,734] {scheduler_job.py:643} INFO - DAG(s) dict_keys(['example_complex']) retrieved from /home/airflow/.local/lib/python3.6/site-packages/airflow/example_dags/example_complex.py
[2021-08-18 09:26:17,784] {logging_mixin.py:104} INFO - [2021-08-18 09:26:17,784] {dag.py:1832} INFO - Sync 1 DAGs
[2021-08-18 09:26:17,808] {logging_mixin.py:104} INFO - [2021-08-18 09:26:17,808] {dag.py:2305} INFO - Setting next_dagrun for example_complex to None
[2021-08-18 09:26:17,822] {scheduler_job.py:190} INFO - Processing /home/airflow/.local/lib/python3.6/site-packages/airflow/example_dags/example_complex.py took 0.121 seconds
[2021-08-18 09:26:48,618] {scheduler_job.py:182} INFO - Started process (PID=1355) to work on /home/airflow/.local/lib/python3.6/site-packages/airflow/example_dags/example_complex.py
[2021-08-18 09:26:48,620] {scheduler_job.py:633} INFO - Processing file /home/airflow/.local/lib/python3.6/site-packages/airflow/example_dags/example_complex.py for tasks to queue
[2021-08-18 09:26:48,622] {logging_mixin.py:104} INFO - [2021-08-18 09:26:48,621] {dagbag.py:487} INFO - Filling up the DagBag from /home/airflow/.local/lib/python3.6/site-packages/airflow/example_dags/example_complex.py
[2021-08-18 09:26:48,643] {scheduler_job.py:643} INFO - DAG(s) dict_keys(['example_complex']) retrieved from /home/airflow/.local/lib/python3.6/site-packages/airflow/example_dags/example_complex.py
[2021-08-18 09:26:48,669] {logging_mixin.py:104} INFO - [2021-08-18 09:26:48,668] {dag.py:1832} INFO - Sync 1 DAGs
[2021-08-18 09:26:48,684] {logging_mixin.py:104} INFO - [2021-08-18 09:26:48,684] {dag.py:2305} INFO - Setting next_dagrun for example_complex to None
[2021-08-18 09:26:48,694] {scheduler_job.py:190} INFO - Processing /home/airflow/.local/lib/python3.6/site-packages/airflow/example_dags/example_complex.py took 0.079 seconds
[2021-08-18 09:27:19,566] {scheduler_job.py:182} INFO - Started process (PID=1431) to work on /home/airflow/.local/lib/python3.6/site-packages/airflow/example_dags/example_complex.py
[2021-08-18 09:27:19,568] {scheduler_job.py:633} INFO - Processing file /home/airflow/.local/lib/python3.6/site-packages/airflow/example_dags/example_complex.py for tasks to queue
[2021-08-18 09:27:19,570] {logging_mixin.py:104} INFO - [2021-08-18 09:27:19,570] {dagbag.py:487} INFO - Filling up the DagBag from /home/airflow/.local/lib/python3.6/site-packages/airflow/example_dags/example_complex.py
[2021-08-18 09:27:19,600] {scheduler_job.py:643} INFO - DAG(s) dict_keys(['example_complex']) retrieved from /home/airflow/.local/lib/python3.6/site-packages/airflow/example_dags/example_complex.py
[2021-08-18 09:27:19,633] {logging_mixin.py:104} INFO - [2021-08-18 09:27:19,633] {dag.py:1832} INFO - Sync 1 DAGs
[2021-08-18 09:27:19,653] {logging_mixin.py:104} INFO - [2021-08-18 09:27:19,653] {dag.py:2305} INFO - Setting next_dagrun for example_complex to None
[2021-08-18 09:27:19,664] {scheduler_job.py:190} INFO - Processing /home/airflow/.local/lib/python3.6/site-packages/airflow/example_dags/example_complex.py took 0.102 seconds
[2021-08-18 09:27:49,977] {scheduler_job.py:182} INFO - Started process (PID=1503) to work on /home/airflow/.local/lib/python3.6/site-packages/airflow/example_dags/example_complex.py
[2021-08-18 09:27:49,979] {scheduler_job.py:633} INFO - Processing file /home/airflow/.local/lib/python3.6/site-packages/airflow/example_dags/example_complex.py for tasks to queue
[2021-08-18 09:27:49,981] {logging_mixin.py:104} INFO - [2021-08-18 09:27:49,980] {dagbag.py:487} INFO - Filling up the DagBag from /home/airflow/.local/lib/python3.6/site-packages/airflow/example_dags/example_complex.py
[2021-08-18 09:27:50,006] {scheduler_job.py:643} INFO - DAG(s) dict_keys(['example_complex']) retrieved from /home/airflow/.local/lib/python3.6/site-packages/airflow/example_dags/example_complex.py
[2021-08-18 09:27:50,039] {logging_mixin.py:104} INFO - [2021-08-18 09:27:50,039] {dag.py:1832} INFO - Sync 1 DAGs
[2021-08-18 09:27:50,061] {logging_mixin.py:104} INFO - [2021-08-18 09:27:50,061] {dag.py:2305} INFO - Setting next_dagrun for example_complex to None
[2021-08-18 09:27:50,072] {scheduler_job.py:190} INFO - Processing /home/airflow/.local/lib/python3.6/site-packages/airflow/example_dags/example_complex.py took 0.100 seconds
[2021-08-18 09:28:20,843] {scheduler_job.py:182} INFO - Started process (PID=1572) to work on /home/airflow/.local/lib/python3.6/site-packages/airflow/example_dags/example_complex.py
[2021-08-18 09:28:20,845] {scheduler_job.py:633} INFO - Processing file /home/airflow/.local/lib/python3.6/site-packages/airflow/example_dags/example_complex.py for tasks to queue
[2021-08-18 09:28:20,846] {logging_mixin.py:104} INFO - [2021-08-18 09:28:20,846] {dagbag.py:487} INFO - Filling up the DagBag from /home/airflow/.local/lib/python3.6/site-packages/airflow/example_dags/example_complex.py
[2021-08-18 09:28:20,869] {scheduler_job.py:643} INFO - DAG(s) dict_keys(['example_complex']) retrieved from /home/airflow/.local/lib/python3.6/site-packages/airflow/example_dags/example_complex.py
[2021-08-18 09:28:20,898] {logging_mixin.py:104} INFO - [2021-08-18 09:28:20,897] {dag.py:1832} INFO - Sync 1 DAGs
[2021-08-18 09:28:20,915] {logging_mixin.py:104} INFO - [2021-08-18 09:28:20,915] {dag.py:2305} INFO - Setting next_dagrun for example_complex to None
[2021-08-18 09:28:20,927] {scheduler_job.py:190} INFO - Processing /home/airflow/.local/lib/python3.6/site-packages/airflow/example_dags/example_complex.py took 0.088 seconds
[2021-08-18 09:28:51,965] {scheduler_job.py:182} INFO - Started process (PID=1650) to work on /home/airflow/.local/lib/python3.6/site-packages/airflow/example_dags/example_complex.py
[2021-08-18 09:28:51,967] {scheduler_job.py:633} INFO - Processing file /home/airflow/.local/lib/python3.6/site-packages/airflow/example_dags/example_complex.py for tasks to queue
[2021-08-18 09:28:51,968] {logging_mixin.py:104} INFO - [2021-08-18 09:28:51,968] {dagbag.py:487} INFO - Filling up the DagBag from /home/airflow/.local/lib/python3.6/site-packages/airflow/example_dags/example_complex.py
[2021-08-18 09:28:51,989] {scheduler_job.py:643} INFO - DAG(s) dict_keys(['example_complex']) retrieved from /home/airflow/.local/lib/python3.6/site-packages/airflow/example_dags/example_complex.py
[2021-08-18 09:28:52,015] {logging_mixin.py:104} INFO - [2021-08-18 09:28:52,015] {dag.py:1832} INFO - Sync 1 DAGs
[2021-08-18 09:28:52,031] {logging_mixin.py:104} INFO - [2021-08-18 09:28:52,031] {dag.py:2305} INFO - Setting next_dagrun for example_complex to None
[2021-08-18 09:28:52,041] {scheduler_job.py:190} INFO - Processing /home/airflow/.local/lib/python3.6/site-packages/airflow/example_dags/example_complex.py took 0.080 seconds
[2021-08-18 09:29:22,216] {scheduler_job.py:182} INFO - Started process (PID=1712) to work on /home/airflow/.local/lib/python3.6/site-packages/airflow/example_dags/example_complex.py
[2021-08-18 09:29:22,218] {scheduler_job.py:633} INFO - Processing file /home/airflow/.local/lib/python3.6/site-packages/airflow/example_dags/example_complex.py for tasks to queue
[2021-08-18 09:29:22,219] {logging_mixin.py:104} INFO - [2021-08-18 09:29:22,219] {dagbag.py:487} INFO - Filling up the DagBag from /home/airflow/.local/lib/python3.6/site-packages/airflow/example_dags/example_complex.py
[2021-08-18 09:29:22,241] {scheduler_job.py:643} INFO - DAG(s) dict_keys(['example_complex']) retrieved from /home/airflow/.local/lib/python3.6/site-packages/airflow/example_dags/example_complex.py
[2021-08-18 09:29:22,268] {logging_mixin.py:104} INFO - [2021-08-18 09:29:22,268] {dag.py:1832} INFO - Sync 1 DAGs
[2021-08-18 09:29:22,283] {logging_mixin.py:104} INFO - [2021-08-18 09:29:22,283] {dag.py:2305} INFO - Setting next_dagrun for example_complex to None
[2021-08-18 09:29:22,292] {scheduler_job.py:190} INFO - Processing /home/airflow/.local/lib/python3.6/site-packages/airflow/example_dags/example_complex.py took 0.080 seconds
[2021-08-18 09:29:52,629] {scheduler_job.py:182} INFO - Started process (PID=1788) to work on /home/airflow/.local/lib/python3.6/site-packages/airflow/example_dags/example_complex.py
[2021-08-18 09:29:52,631] {scheduler_job.py:633} INFO - Processing file /home/airflow/.local/lib/python3.6/site-packages/airflow/example_dags/example_complex.py for tasks to queue
[2021-08-18 09:29:52,632] {logging_mixin.py:104} INFO - [2021-08-18 09:29:52,632] {dagbag.py:487} INFO - Filling up the DagBag from /home/airflow/.local/lib/python3.6/site-packages/airflow/example_dags/example_complex.py
[2021-08-18 09:29:52,654] {scheduler_job.py:643} INFO - DAG(s) dict_keys(['example_complex']) retrieved from /home/airflow/.local/lib/python3.6/site-packages/airflow/example_dags/example_complex.py
[2021-08-18 09:29:52,680] {logging_mixin.py:104} INFO - [2021-08-18 09:29:52,680] {dag.py:1832} INFO - Sync 1 DAGs
[2021-08-18 09:29:52,696] {logging_mixin.py:104} INFO - [2021-08-18 09:29:52,696] {dag.py:2305} INFO - Setting next_dagrun for example_complex to None
[2021-08-18 09:29:52,708] {scheduler_job.py:190} INFO - Processing /home/airflow/.local/lib/python3.6/site-packages/airflow/example_dags/example_complex.py took 0.083 seconds
[2021-08-18 09:30:23,663] {scheduler_job.py:182} INFO - Started process (PID=1864) to work on /home/airflow/.local/lib/python3.6/site-packages/airflow/example_dags/example_complex.py
[2021-08-18 09:30:23,666] {scheduler_job.py:633} INFO - Processing file /home/airflow/.local/lib/python3.6/site-packages/airflow/example_dags/example_complex.py for tasks to queue
[2021-08-18 09:30:23,667] {logging_mixin.py:104} INFO - [2021-08-18 09:30:23,667] {dagbag.py:487} INFO - Filling up the DagBag from /home/airflow/.local/lib/python3.6/site-packages/airflow/example_dags/example_complex.py
[2021-08-18 09:30:23,694] {scheduler_job.py:643} INFO - DAG(s) dict_keys(['example_complex']) retrieved from /home/airflow/.local/lib/python3.6/site-packages/airflow/example_dags/example_complex.py
[2021-08-18 09:30:23,727] {logging_mixin.py:104} INFO - [2021-08-18 09:30:23,727] {dag.py:1832} INFO - Sync 1 DAGs
[2021-08-18 09:30:23,749] {logging_mixin.py:104} INFO - [2021-08-18 09:30:23,749] {dag.py:2305} INFO - Setting next_dagrun for example_complex to None
[2021-08-18 09:30:23,762] {scheduler_job.py:190} INFO - Processing /home/airflow/.local/lib/python3.6/site-packages/airflow/example_dags/example_complex.py took 0.104 seconds
[2021-08-18 09:30:54,747] {scheduler_job.py:182} INFO - Started process (PID=1926) to work on /home/airflow/.local/lib/python3.6/site-packages/airflow/example_dags/example_complex.py
[2021-08-18 09:30:54,749] {scheduler_job.py:633} INFO - Processing file /home/airflow/.local/lib/python3.6/site-packages/airflow/example_dags/example_complex.py for tasks to queue
[2021-08-18 09:30:54,750] {logging_mixin.py:104} INFO - [2021-08-18 09:30:54,750] {dagbag.py:487} INFO - Filling up the DagBag from /home/airflow/.local/lib/python3.6/site-packages/airflow/example_dags/example_complex.py
[2021-08-18 09:30:54,774] {scheduler_job.py:643} INFO - DAG(s) dict_keys(['example_complex']) retrieved from /home/airflow/.local/lib/python3.6/site-packages/airflow/example_dags/example_complex.py
[2021-08-18 09:30:54,801] {logging_mixin.py:104} INFO - [2021-08-18 09:30:54,801] {dag.py:1832} INFO - Sync 1 DAGs
[2021-08-18 09:30:54,819] {logging_mixin.py:104} INFO - [2021-08-18 09:30:54,819] {dag.py:2305} INFO - Setting next_dagrun for example_complex to None
[2021-08-18 09:30:54,832] {scheduler_job.py:190} INFO - Processing /home/airflow/.local/lib/python3.6/site-packages/airflow/example_dags/example_complex.py took 0.089 seconds
[2021-08-18 09:31:25,660] {scheduler_job.py:182} INFO - Started process (PID=2003) to work on /home/airflow/.local/lib/python3.6/site-packages/airflow/example_dags/example_complex.py
[2021-08-18 09:31:25,661] {scheduler_job.py:633} INFO - Processing file /home/airflow/.local/lib/python3.6/site-packages/airflow/example_dags/example_complex.py for tasks to queue
[2021-08-18 09:31:25,663] {logging_mixin.py:104} INFO - [2021-08-18 09:31:25,662] {dagbag.py:487} INFO - Filling up the DagBag from /home/airflow/.local/lib/python3.6/site-packages/airflow/example_dags/example_complex.py
[2021-08-18 09:31:25,685] {scheduler_job.py:643} INFO - DAG(s) dict_keys(['example_complex']) retrieved from /home/airflow/.local/lib/python3.6/site-packages/airflow/example_dags/example_complex.py
[2021-08-18 09:31:25,713] {logging_mixin.py:104} INFO - [2021-08-18 09:31:25,713] {dag.py:1832} INFO - Sync 1 DAGs
[2021-08-18 09:31:25,731] {logging_mixin.py:104} INFO - [2021-08-18 09:31:25,730] {dag.py:2305} INFO - Setting next_dagrun for example_complex to None
[2021-08-18 09:31:25,742] {scheduler_job.py:190} INFO - Processing /home/airflow/.local/lib/python3.6/site-packages/airflow/example_dags/example_complex.py took 0.086 seconds
[2021-08-18 09:31:56,698] {scheduler_job.py:182} INFO - Started process (PID=2082) to work on /home/airflow/.local/lib/python3.6/site-packages/airflow/example_dags/example_complex.py
[2021-08-18 09:31:56,700] {scheduler_job.py:633} INFO - Processing file /home/airflow/.local/lib/python3.6/site-packages/airflow/example_dags/example_complex.py for tasks to queue
[2021-08-18 09:31:56,701] {logging_mixin.py:104} INFO - [2021-08-18 09:31:56,701] {dagbag.py:487} INFO - Filling up the DagBag from /home/airflow/.local/lib/python3.6/site-packages/airflow/example_dags/example_complex.py
[2021-08-18 09:31:56,721] {scheduler_job.py:643} INFO - DAG(s) dict_keys(['example_complex']) retrieved from /home/airflow/.local/lib/python3.6/site-packages/airflow/example_dags/example_complex.py
[2021-08-18 09:31:56,744] {logging_mixin.py:104} INFO - [2021-08-18 09:31:56,744] {dag.py:1832} INFO - Sync 1 DAGs
[2021-08-18 09:31:56,761] {logging_mixin.py:104} INFO - [2021-08-18 09:31:56,761] {dag.py:2305} INFO - Setting next_dagrun for example_complex to None
[2021-08-18 09:31:56,774] {scheduler_job.py:190} INFO - Processing /home/airflow/.local/lib/python3.6/site-packages/airflow/example_dags/example_complex.py took 0.079 seconds
[2021-08-18 09:32:27,257] {scheduler_job.py:182} INFO - Started process (PID=2145) to work on /home/airflow/.local/lib/python3.6/site-packages/airflow/example_dags/example_complex.py
[2021-08-18 09:32:27,259] {scheduler_job.py:633} INFO - Processing file /home/airflow/.local/lib/python3.6/site-packages/airflow/example_dags/example_complex.py for tasks to queue
[2021-08-18 09:32:27,260] {logging_mixin.py:104} INFO - [2021-08-18 09:32:27,260] {dagbag.py:487} INFO - Filling up the DagBag from /home/airflow/.local/lib/python3.6/site-packages/airflow/example_dags/example_complex.py
[2021-08-18 09:32:27,280] {scheduler_job.py:643} INFO - DAG(s) dict_keys(['example_complex']) retrieved from /home/airflow/.local/lib/python3.6/site-packages/airflow/example_dags/example_complex.py
[2021-08-18 09:32:27,302] {logging_mixin.py:104} INFO - [2021-08-18 09:32:27,302] {dag.py:1832} INFO - Sync 1 DAGs
[2021-08-18 09:32:27,315] {logging_mixin.py:104} INFO - [2021-08-18 09:32:27,314] {dag.py:2305} INFO - Setting next_dagrun for example_complex to None
[2021-08-18 09:32:27,323] {scheduler_job.py:190} INFO - Processing /home/airflow/.local/lib/python3.6/site-packages/airflow/example_dags/example_complex.py took 0.069 seconds
[2021-08-18 09:32:58,308] {scheduler_job.py:182} INFO - Started process (PID=2221) to work on /home/airflow/.local/lib/python3.6/site-packages/airflow/example_dags/example_complex.py
[2021-08-18 09:32:58,311] {scheduler_job.py:633} INFO - Processing file /home/airflow/.local/lib/python3.6/site-packages/airflow/example_dags/example_complex.py for tasks to queue
[2021-08-18 09:32:58,313] {logging_mixin.py:104} INFO - [2021-08-18 09:32:58,312] {dagbag.py:487} INFO - Filling up the DagBag from /home/airflow/.local/lib/python3.6/site-packages/airflow/example_dags/example_complex.py
[2021-08-18 09:32:58,339] {scheduler_job.py:643} INFO - DAG(s) dict_keys(['example_complex']) retrieved from /home/airflow/.local/lib/python3.6/site-packages/airflow/example_dags/example_complex.py
[2021-08-18 09:32:58,375] {logging_mixin.py:104} INFO - [2021-08-18 09:32:58,375] {dag.py:1832} INFO - Sync 1 DAGs
[2021-08-18 09:32:58,399] {logging_mixin.py:104} INFO - [2021-08-18 09:32:58,398] {dag.py:2305} INFO - Setting next_dagrun for example_complex to None
[2021-08-18 09:32:58,420] {scheduler_job.py:190} INFO - Processing /home/airflow/.local/lib/python3.6/site-packages/airflow/example_dags/example_complex.py took 0.115 seconds
