[2021-08-18 09:02:02,622] {scheduler_job.py:182} INFO - Started process (PID=89) to work on /home/airflow/.local/lib/python3.6/site-packages/airflow/example_dags/example_latest_only.py
[2021-08-18 09:02:02,625] {scheduler_job.py:633} INFO - Processing file /home/airflow/.local/lib/python3.6/site-packages/airflow/example_dags/example_latest_only.py for tasks to queue
[2021-08-18 09:02:02,627] {logging_mixin.py:104} INFO - [2021-08-18 09:02:02,627] {dagbag.py:487} INFO - Filling up the DagBag from /home/airflow/.local/lib/python3.6/site-packages/airflow/example_dags/example_latest_only.py
[2021-08-18 09:02:02,651] {scheduler_job.py:643} INFO - DAG(s) dict_keys(['latest_only']) retrieved from /home/airflow/.local/lib/python3.6/site-packages/airflow/example_dags/example_latest_only.py
[2021-08-18 09:02:05,919] {logging_mixin.py:104} INFO - [2021-08-18 09:02:05,917] {dag.py:1832} INFO - Sync 1 DAGs
[2021-08-18 09:02:05,948] {logging_mixin.py:104} INFO - [2021-08-18 09:02:05,946] {dag.py:1851} INFO - Creating ORM DAG for latest_only
[2021-08-18 09:02:05,959] {logging_mixin.py:104} INFO - [2021-08-18 09:02:05,958] {dag.py:2305} INFO - Setting next_dagrun for latest_only to 2021-08-16 00:00:00+00:00
[2021-08-18 09:02:06,000] {scheduler_job.py:190} INFO - Processing /home/airflow/.local/lib/python3.6/site-packages/airflow/example_dags/example_latest_only.py took 3.383 seconds
[2021-08-18 09:02:46,180] {scheduler_job.py:182} INFO - Started process (PID=169) to work on /home/airflow/.local/lib/python3.6/site-packages/airflow/example_dags/example_latest_only.py
[2021-08-18 09:02:46,183] {scheduler_job.py:633} INFO - Processing file /home/airflow/.local/lib/python3.6/site-packages/airflow/example_dags/example_latest_only.py for tasks to queue
[2021-08-18 09:02:46,185] {logging_mixin.py:104} INFO - [2021-08-18 09:02:46,184] {dagbag.py:487} INFO - Filling up the DagBag from /home/airflow/.local/lib/python3.6/site-packages/airflow/example_dags/example_latest_only.py
[2021-08-18 09:02:46,201] {scheduler_job.py:643} INFO - DAG(s) dict_keys(['latest_only']) retrieved from /home/airflow/.local/lib/python3.6/site-packages/airflow/example_dags/example_latest_only.py
[2021-08-18 09:02:46,226] {logging_mixin.py:104} INFO - [2021-08-18 09:02:46,226] {dag.py:1832} INFO - Sync 1 DAGs
[2021-08-18 09:02:46,246] {logging_mixin.py:104} INFO - [2021-08-18 09:02:46,246] {dag.py:2305} INFO - Setting next_dagrun for latest_only to 2021-08-16 00:00:00+00:00
[2021-08-18 09:02:46,258] {scheduler_job.py:190} INFO - Processing /home/airflow/.local/lib/python3.6/site-packages/airflow/example_dags/example_latest_only.py took 0.083 seconds
[2021-08-18 09:03:16,863] {scheduler_job.py:182} INFO - Started process (PID=248) to work on /home/airflow/.local/lib/python3.6/site-packages/airflow/example_dags/example_latest_only.py
[2021-08-18 09:03:16,865] {scheduler_job.py:633} INFO - Processing file /home/airflow/.local/lib/python3.6/site-packages/airflow/example_dags/example_latest_only.py for tasks to queue
[2021-08-18 09:03:16,867] {logging_mixin.py:104} INFO - [2021-08-18 09:03:16,866] {dagbag.py:487} INFO - Filling up the DagBag from /home/airflow/.local/lib/python3.6/site-packages/airflow/example_dags/example_latest_only.py
[2021-08-18 09:03:16,884] {scheduler_job.py:643} INFO - DAG(s) dict_keys(['latest_only']) retrieved from /home/airflow/.local/lib/python3.6/site-packages/airflow/example_dags/example_latest_only.py
[2021-08-18 09:03:16,913] {logging_mixin.py:104} INFO - [2021-08-18 09:03:16,913] {dag.py:1832} INFO - Sync 1 DAGs
[2021-08-18 09:03:16,934] {logging_mixin.py:104} INFO - [2021-08-18 09:03:16,934] {dag.py:2305} INFO - Setting next_dagrun for latest_only to 2021-08-16 00:00:00+00:00
[2021-08-18 09:03:16,947] {scheduler_job.py:190} INFO - Processing /home/airflow/.local/lib/python3.6/site-packages/airflow/example_dags/example_latest_only.py took 0.088 seconds
[2021-08-18 09:03:48,085] {scheduler_job.py:182} INFO - Started process (PID=321) to work on /home/airflow/.local/lib/python3.6/site-packages/airflow/example_dags/example_latest_only.py
[2021-08-18 09:03:48,089] {scheduler_job.py:633} INFO - Processing file /home/airflow/.local/lib/python3.6/site-packages/airflow/example_dags/example_latest_only.py for tasks to queue
[2021-08-18 09:03:48,092] {logging_mixin.py:104} INFO - [2021-08-18 09:03:48,092] {dagbag.py:487} INFO - Filling up the DagBag from /home/airflow/.local/lib/python3.6/site-packages/airflow/example_dags/example_latest_only.py
[2021-08-18 09:03:48,111] {scheduler_job.py:643} INFO - DAG(s) dict_keys(['latest_only']) retrieved from /home/airflow/.local/lib/python3.6/site-packages/airflow/example_dags/example_latest_only.py
[2021-08-18 09:03:48,151] {logging_mixin.py:104} INFO - [2021-08-18 09:03:48,151] {dag.py:1832} INFO - Sync 1 DAGs
[2021-08-18 09:03:48,175] {logging_mixin.py:104} INFO - [2021-08-18 09:03:48,175] {dag.py:2305} INFO - Setting next_dagrun for latest_only to 2021-08-16 00:00:00+00:00
[2021-08-18 09:03:48,199] {scheduler_job.py:190} INFO - Processing /home/airflow/.local/lib/python3.6/site-packages/airflow/example_dags/example_latest_only.py took 0.120 seconds
[2021-08-18 09:04:18,485] {scheduler_job.py:182} INFO - Started process (PID=391) to work on /home/airflow/.local/lib/python3.6/site-packages/airflow/example_dags/example_latest_only.py
[2021-08-18 09:04:18,488] {scheduler_job.py:633} INFO - Processing file /home/airflow/.local/lib/python3.6/site-packages/airflow/example_dags/example_latest_only.py for tasks to queue
[2021-08-18 09:04:18,490] {logging_mixin.py:104} INFO - [2021-08-18 09:04:18,489] {dagbag.py:487} INFO - Filling up the DagBag from /home/airflow/.local/lib/python3.6/site-packages/airflow/example_dags/example_latest_only.py
[2021-08-18 09:04:18,505] {scheduler_job.py:643} INFO - DAG(s) dict_keys(['latest_only']) retrieved from /home/airflow/.local/lib/python3.6/site-packages/airflow/example_dags/example_latest_only.py
[2021-08-18 09:04:18,533] {logging_mixin.py:104} INFO - [2021-08-18 09:04:18,533] {dag.py:1832} INFO - Sync 1 DAGs
[2021-08-18 09:04:18,555] {logging_mixin.py:104} INFO - [2021-08-18 09:04:18,555] {dag.py:2305} INFO - Setting next_dagrun for latest_only to 2021-08-16 00:00:00+00:00
[2021-08-18 09:04:18,569] {scheduler_job.py:190} INFO - Processing /home/airflow/.local/lib/python3.6/site-packages/airflow/example_dags/example_latest_only.py took 0.089 seconds
[2021-08-18 09:04:48,636] {scheduler_job.py:182} INFO - Started process (PID=454) to work on /home/airflow/.local/lib/python3.6/site-packages/airflow/example_dags/example_latest_only.py
[2021-08-18 09:04:48,639] {scheduler_job.py:633} INFO - Processing file /home/airflow/.local/lib/python3.6/site-packages/airflow/example_dags/example_latest_only.py for tasks to queue
[2021-08-18 09:04:48,641] {logging_mixin.py:104} INFO - [2021-08-18 09:04:48,640] {dagbag.py:487} INFO - Filling up the DagBag from /home/airflow/.local/lib/python3.6/site-packages/airflow/example_dags/example_latest_only.py
[2021-08-18 09:04:48,659] {scheduler_job.py:643} INFO - DAG(s) dict_keys(['latest_only']) retrieved from /home/airflow/.local/lib/python3.6/site-packages/airflow/example_dags/example_latest_only.py
[2021-08-18 09:04:48,688] {logging_mixin.py:104} INFO - [2021-08-18 09:04:48,688] {dag.py:1832} INFO - Sync 1 DAGs
[2021-08-18 09:04:48,708] {logging_mixin.py:104} INFO - [2021-08-18 09:04:48,708] {dag.py:2305} INFO - Setting next_dagrun for latest_only to 2021-08-16 00:00:00+00:00
[2021-08-18 09:04:48,721] {scheduler_job.py:190} INFO - Processing /home/airflow/.local/lib/python3.6/site-packages/airflow/example_dags/example_latest_only.py took 0.091 seconds
[2021-08-18 09:05:19,007] {scheduler_job.py:182} INFO - Started process (PID=515) to work on /home/airflow/.local/lib/python3.6/site-packages/airflow/example_dags/example_latest_only.py
[2021-08-18 09:05:19,009] {scheduler_job.py:633} INFO - Processing file /home/airflow/.local/lib/python3.6/site-packages/airflow/example_dags/example_latest_only.py for tasks to queue
[2021-08-18 09:05:19,010] {logging_mixin.py:104} INFO - [2021-08-18 09:05:19,010] {dagbag.py:487} INFO - Filling up the DagBag from /home/airflow/.local/lib/python3.6/site-packages/airflow/example_dags/example_latest_only.py
[2021-08-18 09:05:19,028] {scheduler_job.py:643} INFO - DAG(s) dict_keys(['latest_only']) retrieved from /home/airflow/.local/lib/python3.6/site-packages/airflow/example_dags/example_latest_only.py
[2021-08-18 09:05:19,052] {logging_mixin.py:104} INFO - [2021-08-18 09:05:19,052] {dag.py:1832} INFO - Sync 1 DAGs
[2021-08-18 09:05:19,073] {logging_mixin.py:104} INFO - [2021-08-18 09:05:19,073] {dag.py:2305} INFO - Setting next_dagrun for latest_only to 2021-08-16 00:00:00+00:00
[2021-08-18 09:05:19,084] {scheduler_job.py:190} INFO - Processing /home/airflow/.local/lib/python3.6/site-packages/airflow/example_dags/example_latest_only.py took 0.081 seconds
[2021-08-18 09:05:50,005] {scheduler_job.py:182} INFO - Started process (PID=594) to work on /home/airflow/.local/lib/python3.6/site-packages/airflow/example_dags/example_latest_only.py
[2021-08-18 09:05:50,008] {scheduler_job.py:633} INFO - Processing file /home/airflow/.local/lib/python3.6/site-packages/airflow/example_dags/example_latest_only.py for tasks to queue
[2021-08-18 09:05:50,011] {logging_mixin.py:104} INFO - [2021-08-18 09:05:50,010] {dagbag.py:487} INFO - Filling up the DagBag from /home/airflow/.local/lib/python3.6/site-packages/airflow/example_dags/example_latest_only.py
[2021-08-18 09:05:50,031] {scheduler_job.py:643} INFO - DAG(s) dict_keys(['latest_only']) retrieved from /home/airflow/.local/lib/python3.6/site-packages/airflow/example_dags/example_latest_only.py
[2021-08-18 09:05:50,061] {logging_mixin.py:104} INFO - [2021-08-18 09:05:50,061] {dag.py:1832} INFO - Sync 1 DAGs
[2021-08-18 09:05:50,084] {logging_mixin.py:104} INFO - [2021-08-18 09:05:50,083] {dag.py:2305} INFO - Setting next_dagrun for latest_only to 2021-08-16 00:00:00+00:00
[2021-08-18 09:05:50,103] {scheduler_job.py:190} INFO - Processing /home/airflow/.local/lib/python3.6/site-packages/airflow/example_dags/example_latest_only.py took 0.103 seconds
[2021-08-18 09:06:23,661] {scheduler_job.py:182} INFO - Started process (PID=644) to work on /home/airflow/.local/lib/python3.6/site-packages/airflow/example_dags/example_latest_only.py
[2021-08-18 09:06:23,663] {scheduler_job.py:633} INFO - Processing file /home/airflow/.local/lib/python3.6/site-packages/airflow/example_dags/example_latest_only.py for tasks to queue
[2021-08-18 09:06:23,666] {logging_mixin.py:104} INFO - [2021-08-18 09:06:23,665] {dagbag.py:487} INFO - Filling up the DagBag from /home/airflow/.local/lib/python3.6/site-packages/airflow/example_dags/example_latest_only.py
[2021-08-18 09:06:23,683] {scheduler_job.py:643} INFO - DAG(s) dict_keys(['latest_only']) retrieved from /home/airflow/.local/lib/python3.6/site-packages/airflow/example_dags/example_latest_only.py
[2021-08-18 09:06:23,705] {logging_mixin.py:104} INFO - [2021-08-18 09:06:23,705] {dag.py:1832} INFO - Sync 1 DAGs
[2021-08-18 09:06:23,723] {logging_mixin.py:104} INFO - [2021-08-18 09:06:23,723] {dag.py:2305} INFO - Setting next_dagrun for latest_only to 2021-08-16 00:00:00+00:00
[2021-08-18 09:06:23,734] {scheduler_job.py:190} INFO - Processing /home/airflow/.local/lib/python3.6/site-packages/airflow/example_dags/example_latest_only.py took 0.077 seconds
[2021-08-18 09:06:53,936] {scheduler_job.py:182} INFO - Started process (PID=710) to work on /home/airflow/.local/lib/python3.6/site-packages/airflow/example_dags/example_latest_only.py
[2021-08-18 09:06:53,938] {scheduler_job.py:633} INFO - Processing file /home/airflow/.local/lib/python3.6/site-packages/airflow/example_dags/example_latest_only.py for tasks to queue
[2021-08-18 09:06:53,940] {logging_mixin.py:104} INFO - [2021-08-18 09:06:53,940] {dagbag.py:487} INFO - Filling up the DagBag from /home/airflow/.local/lib/python3.6/site-packages/airflow/example_dags/example_latest_only.py
[2021-08-18 09:06:53,960] {scheduler_job.py:643} INFO - DAG(s) dict_keys(['latest_only']) retrieved from /home/airflow/.local/lib/python3.6/site-packages/airflow/example_dags/example_latest_only.py
[2021-08-18 09:06:53,985] {logging_mixin.py:104} INFO - [2021-08-18 09:06:53,985] {dag.py:1832} INFO - Sync 1 DAGs
[2021-08-18 09:06:54,003] {logging_mixin.py:104} INFO - [2021-08-18 09:06:54,003] {dag.py:2305} INFO - Setting next_dagrun for latest_only to 2021-08-16 00:00:00+00:00
[2021-08-18 09:06:54,014] {scheduler_job.py:190} INFO - Processing /home/airflow/.local/lib/python3.6/site-packages/airflow/example_dags/example_latest_only.py took 0.085 seconds
[2021-08-18 09:07:26,560] {scheduler_job.py:182} INFO - Started process (PID=771) to work on /home/airflow/.local/lib/python3.6/site-packages/airflow/example_dags/example_latest_only.py
[2021-08-18 09:07:26,562] {scheduler_job.py:633} INFO - Processing file /home/airflow/.local/lib/python3.6/site-packages/airflow/example_dags/example_latest_only.py for tasks to queue
[2021-08-18 09:07:26,564] {logging_mixin.py:104} INFO - [2021-08-18 09:07:26,564] {dagbag.py:487} INFO - Filling up the DagBag from /home/airflow/.local/lib/python3.6/site-packages/airflow/example_dags/example_latest_only.py
[2021-08-18 09:07:26,584] {scheduler_job.py:643} INFO - DAG(s) dict_keys(['latest_only']) retrieved from /home/airflow/.local/lib/python3.6/site-packages/airflow/example_dags/example_latest_only.py
[2021-08-18 09:07:26,616] {logging_mixin.py:104} INFO - [2021-08-18 09:07:26,615] {dag.py:1832} INFO - Sync 1 DAGs
[2021-08-18 09:07:26,636] {logging_mixin.py:104} INFO - [2021-08-18 09:07:26,636] {dag.py:2305} INFO - Setting next_dagrun for latest_only to 2021-08-16 00:00:00+00:00
[2021-08-18 09:07:26,650] {scheduler_job.py:190} INFO - Processing /home/airflow/.local/lib/python3.6/site-packages/airflow/example_dags/example_latest_only.py took 0.094 seconds
[2021-08-18 09:07:57,502] {scheduler_job.py:182} INFO - Started process (PID=848) to work on /home/airflow/.local/lib/python3.6/site-packages/airflow/example_dags/example_latest_only.py
[2021-08-18 09:07:57,504] {scheduler_job.py:633} INFO - Processing file /home/airflow/.local/lib/python3.6/site-packages/airflow/example_dags/example_latest_only.py for tasks to queue
[2021-08-18 09:07:57,505] {logging_mixin.py:104} INFO - [2021-08-18 09:07:57,505] {dagbag.py:487} INFO - Filling up the DagBag from /home/airflow/.local/lib/python3.6/site-packages/airflow/example_dags/example_latest_only.py
[2021-08-18 09:07:57,523] {scheduler_job.py:643} INFO - DAG(s) dict_keys(['latest_only']) retrieved from /home/airflow/.local/lib/python3.6/site-packages/airflow/example_dags/example_latest_only.py
[2021-08-18 09:07:57,548] {logging_mixin.py:104} INFO - [2021-08-18 09:07:57,548] {dag.py:1832} INFO - Sync 1 DAGs
[2021-08-18 09:07:57,567] {logging_mixin.py:104} INFO - [2021-08-18 09:07:57,567] {dag.py:2305} INFO - Setting next_dagrun for latest_only to 2021-08-16 00:00:00+00:00
[2021-08-18 09:07:57,577] {scheduler_job.py:190} INFO - Processing /home/airflow/.local/lib/python3.6/site-packages/airflow/example_dags/example_latest_only.py took 0.078 seconds
[2021-08-18 09:08:28,588] {scheduler_job.py:182} INFO - Started process (PID=888) to work on /home/airflow/.local/lib/python3.6/site-packages/airflow/example_dags/example_latest_only.py
[2021-08-18 09:08:28,593] {scheduler_job.py:633} INFO - Processing file /home/airflow/.local/lib/python3.6/site-packages/airflow/example_dags/example_latest_only.py for tasks to queue
[2021-08-18 09:08:28,598] {logging_mixin.py:104} INFO - [2021-08-18 09:08:28,598] {dagbag.py:487} INFO - Filling up the DagBag from /home/airflow/.local/lib/python3.6/site-packages/airflow/example_dags/example_latest_only.py
[2021-08-18 09:08:28,637] {scheduler_job.py:643} INFO - DAG(s) dict_keys(['latest_only']) retrieved from /home/airflow/.local/lib/python3.6/site-packages/airflow/example_dags/example_latest_only.py
[2021-08-18 09:08:28,734] {logging_mixin.py:104} INFO - [2021-08-18 09:08:28,734] {dag.py:1832} INFO - Sync 1 DAGs
[2021-08-18 09:08:28,789] {logging_mixin.py:104} INFO - [2021-08-18 09:08:28,789] {dag.py:2305} INFO - Setting next_dagrun for latest_only to 2021-08-16 00:00:00+00:00
[2021-08-18 09:08:28,818] {scheduler_job.py:190} INFO - Processing /home/airflow/.local/lib/python3.6/site-packages/airflow/example_dags/example_latest_only.py took 0.239 seconds
[2021-08-18 09:08:59,264] {scheduler_job.py:182} INFO - Started process (PID=942) to work on /home/airflow/.local/lib/python3.6/site-packages/airflow/example_dags/example_latest_only.py
[2021-08-18 09:08:59,266] {scheduler_job.py:633} INFO - Processing file /home/airflow/.local/lib/python3.6/site-packages/airflow/example_dags/example_latest_only.py for tasks to queue
[2021-08-18 09:08:59,268] {logging_mixin.py:104} INFO - [2021-08-18 09:08:59,268] {dagbag.py:487} INFO - Filling up the DagBag from /home/airflow/.local/lib/python3.6/site-packages/airflow/example_dags/example_latest_only.py
[2021-08-18 09:08:59,285] {scheduler_job.py:643} INFO - DAG(s) dict_keys(['latest_only']) retrieved from /home/airflow/.local/lib/python3.6/site-packages/airflow/example_dags/example_latest_only.py
[2021-08-18 09:08:59,313] {logging_mixin.py:104} INFO - [2021-08-18 09:08:59,313] {dag.py:1832} INFO - Sync 1 DAGs
[2021-08-18 09:08:59,332] {logging_mixin.py:104} INFO - [2021-08-18 09:08:59,332] {dag.py:2305} INFO - Setting next_dagrun for latest_only to 2021-08-16 00:00:00+00:00
[2021-08-18 09:08:59,345] {scheduler_job.py:190} INFO - Processing /home/airflow/.local/lib/python3.6/site-packages/airflow/example_dags/example_latest_only.py took 0.085 seconds
[2021-08-18 09:09:29,598] {scheduler_job.py:182} INFO - Started process (PID=1019) to work on /home/airflow/.local/lib/python3.6/site-packages/airflow/example_dags/example_latest_only.py
[2021-08-18 09:09:29,600] {scheduler_job.py:633} INFO - Processing file /home/airflow/.local/lib/python3.6/site-packages/airflow/example_dags/example_latest_only.py for tasks to queue
[2021-08-18 09:09:29,601] {logging_mixin.py:104} INFO - [2021-08-18 09:09:29,601] {dagbag.py:487} INFO - Filling up the DagBag from /home/airflow/.local/lib/python3.6/site-packages/airflow/example_dags/example_latest_only.py
[2021-08-18 09:09:29,616] {scheduler_job.py:643} INFO - DAG(s) dict_keys(['latest_only']) retrieved from /home/airflow/.local/lib/python3.6/site-packages/airflow/example_dags/example_latest_only.py
[2021-08-18 09:09:29,647] {logging_mixin.py:104} INFO - [2021-08-18 09:09:29,647] {dag.py:1832} INFO - Sync 1 DAGs
[2021-08-18 09:09:29,667] {logging_mixin.py:104} INFO - [2021-08-18 09:09:29,666] {dag.py:2305} INFO - Setting next_dagrun for latest_only to 2021-08-16 00:00:00+00:00
[2021-08-18 09:09:29,677] {scheduler_job.py:190} INFO - Processing /home/airflow/.local/lib/python3.6/site-packages/airflow/example_dags/example_latest_only.py took 0.083 seconds
[2021-08-18 09:10:00,001] {scheduler_job.py:182} INFO - Started process (PID=1081) to work on /home/airflow/.local/lib/python3.6/site-packages/airflow/example_dags/example_latest_only.py
[2021-08-18 09:10:00,003] {scheduler_job.py:633} INFO - Processing file /home/airflow/.local/lib/python3.6/site-packages/airflow/example_dags/example_latest_only.py for tasks to queue
[2021-08-18 09:10:00,004] {logging_mixin.py:104} INFO - [2021-08-18 09:10:00,004] {dagbag.py:487} INFO - Filling up the DagBag from /home/airflow/.local/lib/python3.6/site-packages/airflow/example_dags/example_latest_only.py
[2021-08-18 09:10:00,020] {scheduler_job.py:643} INFO - DAG(s) dict_keys(['latest_only']) retrieved from /home/airflow/.local/lib/python3.6/site-packages/airflow/example_dags/example_latest_only.py
[2021-08-18 09:10:00,048] {logging_mixin.py:104} INFO - [2021-08-18 09:10:00,048] {dag.py:1832} INFO - Sync 1 DAGs
[2021-08-18 09:10:00,066] {logging_mixin.py:104} INFO - [2021-08-18 09:10:00,066] {dag.py:2305} INFO - Setting next_dagrun for latest_only to 2021-08-16 00:00:00+00:00
[2021-08-18 09:10:00,077] {scheduler_job.py:190} INFO - Processing /home/airflow/.local/lib/python3.6/site-packages/airflow/example_dags/example_latest_only.py took 0.080 seconds
[2021-08-18 09:10:30,625] {scheduler_job.py:182} INFO - Started process (PID=1159) to work on /home/airflow/.local/lib/python3.6/site-packages/airflow/example_dags/example_latest_only.py
[2021-08-18 09:10:30,627] {scheduler_job.py:633} INFO - Processing file /home/airflow/.local/lib/python3.6/site-packages/airflow/example_dags/example_latest_only.py for tasks to queue
[2021-08-18 09:10:30,629] {logging_mixin.py:104} INFO - [2021-08-18 09:10:30,628] {dagbag.py:487} INFO - Filling up the DagBag from /home/airflow/.local/lib/python3.6/site-packages/airflow/example_dags/example_latest_only.py
[2021-08-18 09:10:30,646] {scheduler_job.py:643} INFO - DAG(s) dict_keys(['latest_only']) retrieved from /home/airflow/.local/lib/python3.6/site-packages/airflow/example_dags/example_latest_only.py
[2021-08-18 09:10:30,668] {logging_mixin.py:104} INFO - [2021-08-18 09:10:30,668] {dag.py:1832} INFO - Sync 1 DAGs
[2021-08-18 09:10:30,687] {logging_mixin.py:104} INFO - [2021-08-18 09:10:30,687] {dag.py:2305} INFO - Setting next_dagrun for latest_only to 2021-08-16 00:00:00+00:00
[2021-08-18 09:10:30,697] {scheduler_job.py:190} INFO - Processing /home/airflow/.local/lib/python3.6/site-packages/airflow/example_dags/example_latest_only.py took 0.076 seconds
[2021-08-18 09:11:00,746] {scheduler_job.py:182} INFO - Started process (PID=1221) to work on /home/airflow/.local/lib/python3.6/site-packages/airflow/example_dags/example_latest_only.py
[2021-08-18 09:11:00,748] {scheduler_job.py:633} INFO - Processing file /home/airflow/.local/lib/python3.6/site-packages/airflow/example_dags/example_latest_only.py for tasks to queue
[2021-08-18 09:11:00,750] {logging_mixin.py:104} INFO - [2021-08-18 09:11:00,749] {dagbag.py:487} INFO - Filling up the DagBag from /home/airflow/.local/lib/python3.6/site-packages/airflow/example_dags/example_latest_only.py
[2021-08-18 09:11:00,767] {scheduler_job.py:643} INFO - DAG(s) dict_keys(['latest_only']) retrieved from /home/airflow/.local/lib/python3.6/site-packages/airflow/example_dags/example_latest_only.py
[2021-08-18 09:11:00,797] {logging_mixin.py:104} INFO - [2021-08-18 09:11:00,796] {dag.py:1832} INFO - Sync 1 DAGs
[2021-08-18 09:11:00,816] {logging_mixin.py:104} INFO - [2021-08-18 09:11:00,816] {dag.py:2305} INFO - Setting next_dagrun for latest_only to 2021-08-16 00:00:00+00:00
[2021-08-18 09:11:00,827] {scheduler_job.py:190} INFO - Processing /home/airflow/.local/lib/python3.6/site-packages/airflow/example_dags/example_latest_only.py took 0.086 seconds
[2021-08-18 09:11:31,211] {scheduler_job.py:182} INFO - Started process (PID=1299) to work on /home/airflow/.local/lib/python3.6/site-packages/airflow/example_dags/example_latest_only.py
[2021-08-18 09:11:31,213] {scheduler_job.py:633} INFO - Processing file /home/airflow/.local/lib/python3.6/site-packages/airflow/example_dags/example_latest_only.py for tasks to queue
[2021-08-18 09:11:31,214] {logging_mixin.py:104} INFO - [2021-08-18 09:11:31,214] {dagbag.py:487} INFO - Filling up the DagBag from /home/airflow/.local/lib/python3.6/site-packages/airflow/example_dags/example_latest_only.py
[2021-08-18 09:11:31,227] {scheduler_job.py:643} INFO - DAG(s) dict_keys(['latest_only']) retrieved from /home/airflow/.local/lib/python3.6/site-packages/airflow/example_dags/example_latest_only.py
[2021-08-18 09:11:31,252] {logging_mixin.py:104} INFO - [2021-08-18 09:11:31,252] {dag.py:1832} INFO - Sync 1 DAGs
[2021-08-18 09:11:31,270] {logging_mixin.py:104} INFO - [2021-08-18 09:11:31,270] {dag.py:2305} INFO - Setting next_dagrun for latest_only to 2021-08-16 00:00:00+00:00
[2021-08-18 09:11:31,281] {scheduler_job.py:190} INFO - Processing /home/airflow/.local/lib/python3.6/site-packages/airflow/example_dags/example_latest_only.py took 0.074 seconds
[2021-08-18 09:12:01,812] {scheduler_job.py:182} INFO - Started process (PID=1376) to work on /home/airflow/.local/lib/python3.6/site-packages/airflow/example_dags/example_latest_only.py
[2021-08-18 09:12:01,814] {scheduler_job.py:633} INFO - Processing file /home/airflow/.local/lib/python3.6/site-packages/airflow/example_dags/example_latest_only.py for tasks to queue
[2021-08-18 09:12:01,815] {logging_mixin.py:104} INFO - [2021-08-18 09:12:01,815] {dagbag.py:487} INFO - Filling up the DagBag from /home/airflow/.local/lib/python3.6/site-packages/airflow/example_dags/example_latest_only.py
[2021-08-18 09:12:01,830] {scheduler_job.py:643} INFO - DAG(s) dict_keys(['latest_only']) retrieved from /home/airflow/.local/lib/python3.6/site-packages/airflow/example_dags/example_latest_only.py
[2021-08-18 09:12:01,857] {logging_mixin.py:104} INFO - [2021-08-18 09:12:01,857] {dag.py:1832} INFO - Sync 1 DAGs
[2021-08-18 09:12:01,877] {logging_mixin.py:104} INFO - [2021-08-18 09:12:01,877] {dag.py:2305} INFO - Setting next_dagrun for latest_only to 2021-08-16 00:00:00+00:00
[2021-08-18 09:12:01,889] {scheduler_job.py:190} INFO - Processing /home/airflow/.local/lib/python3.6/site-packages/airflow/example_dags/example_latest_only.py took 0.081 seconds
[2021-08-18 09:12:32,423] {scheduler_job.py:182} INFO - Started process (PID=1437) to work on /home/airflow/.local/lib/python3.6/site-packages/airflow/example_dags/example_latest_only.py
[2021-08-18 09:12:32,425] {scheduler_job.py:633} INFO - Processing file /home/airflow/.local/lib/python3.6/site-packages/airflow/example_dags/example_latest_only.py for tasks to queue
[2021-08-18 09:12:32,426] {logging_mixin.py:104} INFO - [2021-08-18 09:12:32,426] {dagbag.py:487} INFO - Filling up the DagBag from /home/airflow/.local/lib/python3.6/site-packages/airflow/example_dags/example_latest_only.py
[2021-08-18 09:12:32,441] {scheduler_job.py:643} INFO - DAG(s) dict_keys(['latest_only']) retrieved from /home/airflow/.local/lib/python3.6/site-packages/airflow/example_dags/example_latest_only.py
[2021-08-18 09:12:32,466] {logging_mixin.py:104} INFO - [2021-08-18 09:12:32,466] {dag.py:1832} INFO - Sync 1 DAGs
[2021-08-18 09:12:32,486] {logging_mixin.py:104} INFO - [2021-08-18 09:12:32,486] {dag.py:2305} INFO - Setting next_dagrun for latest_only to 2021-08-16 00:00:00+00:00
[2021-08-18 09:12:32,499] {scheduler_job.py:190} INFO - Processing /home/airflow/.local/lib/python3.6/site-packages/airflow/example_dags/example_latest_only.py took 0.080 seconds
[2021-08-18 09:13:03,159] {scheduler_job.py:182} INFO - Started process (PID=1514) to work on /home/airflow/.local/lib/python3.6/site-packages/airflow/example_dags/example_latest_only.py
[2021-08-18 09:13:03,162] {scheduler_job.py:633} INFO - Processing file /home/airflow/.local/lib/python3.6/site-packages/airflow/example_dags/example_latest_only.py for tasks to queue
[2021-08-18 09:13:03,164] {logging_mixin.py:104} INFO - [2021-08-18 09:13:03,163] {dagbag.py:487} INFO - Filling up the DagBag from /home/airflow/.local/lib/python3.6/site-packages/airflow/example_dags/example_latest_only.py
[2021-08-18 09:13:03,179] {scheduler_job.py:643} INFO - DAG(s) dict_keys(['latest_only']) retrieved from /home/airflow/.local/lib/python3.6/site-packages/airflow/example_dags/example_latest_only.py
[2021-08-18 09:13:03,204] {logging_mixin.py:104} INFO - [2021-08-18 09:13:03,204] {dag.py:1832} INFO - Sync 1 DAGs
[2021-08-18 09:13:03,226] {logging_mixin.py:104} INFO - [2021-08-18 09:13:03,225] {dag.py:2305} INFO - Setting next_dagrun for latest_only to 2021-08-16 00:00:00+00:00
[2021-08-18 09:13:03,238] {scheduler_job.py:190} INFO - Processing /home/airflow/.local/lib/python3.6/site-packages/airflow/example_dags/example_latest_only.py took 0.084 seconds
[2021-08-18 09:13:34,255] {scheduler_job.py:182} INFO - Started process (PID=1587) to work on /home/airflow/.local/lib/python3.6/site-packages/airflow/example_dags/example_latest_only.py
[2021-08-18 09:13:34,259] {scheduler_job.py:633} INFO - Processing file /home/airflow/.local/lib/python3.6/site-packages/airflow/example_dags/example_latest_only.py for tasks to queue
[2021-08-18 09:13:34,261] {logging_mixin.py:104} INFO - [2021-08-18 09:13:34,261] {dagbag.py:487} INFO - Filling up the DagBag from /home/airflow/.local/lib/python3.6/site-packages/airflow/example_dags/example_latest_only.py
[2021-08-18 09:13:34,287] {scheduler_job.py:643} INFO - DAG(s) dict_keys(['latest_only']) retrieved from /home/airflow/.local/lib/python3.6/site-packages/airflow/example_dags/example_latest_only.py
[2021-08-18 09:13:34,349] {logging_mixin.py:104} INFO - [2021-08-18 09:13:34,349] {dag.py:1832} INFO - Sync 1 DAGs
[2021-08-18 09:13:34,372] {logging_mixin.py:104} INFO - [2021-08-18 09:13:34,371] {dag.py:2305} INFO - Setting next_dagrun for latest_only to 2021-08-16 00:00:00+00:00
[2021-08-18 09:13:34,384] {scheduler_job.py:190} INFO - Processing /home/airflow/.local/lib/python3.6/site-packages/airflow/example_dags/example_latest_only.py took 0.134 seconds
[2021-08-18 09:14:04,426] {scheduler_job.py:182} INFO - Started process (PID=1640) to work on /home/airflow/.local/lib/python3.6/site-packages/airflow/example_dags/example_latest_only.py
[2021-08-18 09:14:04,428] {scheduler_job.py:633} INFO - Processing file /home/airflow/.local/lib/python3.6/site-packages/airflow/example_dags/example_latest_only.py for tasks to queue
[2021-08-18 09:14:04,430] {logging_mixin.py:104} INFO - [2021-08-18 09:14:04,430] {dagbag.py:487} INFO - Filling up the DagBag from /home/airflow/.local/lib/python3.6/site-packages/airflow/example_dags/example_latest_only.py
[2021-08-18 09:14:04,444] {scheduler_job.py:643} INFO - DAG(s) dict_keys(['latest_only']) retrieved from /home/airflow/.local/lib/python3.6/site-packages/airflow/example_dags/example_latest_only.py
[2021-08-18 09:14:04,469] {logging_mixin.py:104} INFO - [2021-08-18 09:14:04,469] {dag.py:1832} INFO - Sync 1 DAGs
[2021-08-18 09:14:04,487] {logging_mixin.py:104} INFO - [2021-08-18 09:14:04,487] {dag.py:2305} INFO - Setting next_dagrun for latest_only to 2021-08-16 00:00:00+00:00
[2021-08-18 09:14:04,498] {scheduler_job.py:190} INFO - Processing /home/airflow/.local/lib/python3.6/site-packages/airflow/example_dags/example_latest_only.py took 0.076 seconds
[2021-08-18 09:14:35,706] {scheduler_job.py:182} INFO - Started process (PID=1717) to work on /home/airflow/.local/lib/python3.6/site-packages/airflow/example_dags/example_latest_only.py
[2021-08-18 09:14:35,708] {scheduler_job.py:633} INFO - Processing file /home/airflow/.local/lib/python3.6/site-packages/airflow/example_dags/example_latest_only.py for tasks to queue
[2021-08-18 09:14:35,710] {logging_mixin.py:104} INFO - [2021-08-18 09:14:35,709] {dagbag.py:487} INFO - Filling up the DagBag from /home/airflow/.local/lib/python3.6/site-packages/airflow/example_dags/example_latest_only.py
[2021-08-18 09:14:35,724] {scheduler_job.py:643} INFO - DAG(s) dict_keys(['latest_only']) retrieved from /home/airflow/.local/lib/python3.6/site-packages/airflow/example_dags/example_latest_only.py
[2021-08-18 09:14:35,749] {logging_mixin.py:104} INFO - [2021-08-18 09:14:35,749] {dag.py:1832} INFO - Sync 1 DAGs
[2021-08-18 09:14:35,768] {logging_mixin.py:104} INFO - [2021-08-18 09:14:35,768] {dag.py:2305} INFO - Setting next_dagrun for latest_only to 2021-08-16 00:00:00+00:00
[2021-08-18 09:14:35,778] {scheduler_job.py:190} INFO - Processing /home/airflow/.local/lib/python3.6/site-packages/airflow/example_dags/example_latest_only.py took 0.075 seconds
[2021-08-18 09:15:06,641] {scheduler_job.py:182} INFO - Started process (PID=1779) to work on /home/airflow/.local/lib/python3.6/site-packages/airflow/example_dags/example_latest_only.py
[2021-08-18 09:15:06,643] {scheduler_job.py:633} INFO - Processing file /home/airflow/.local/lib/python3.6/site-packages/airflow/example_dags/example_latest_only.py for tasks to queue
[2021-08-18 09:15:06,644] {logging_mixin.py:104} INFO - [2021-08-18 09:15:06,644] {dagbag.py:487} INFO - Filling up the DagBag from /home/airflow/.local/lib/python3.6/site-packages/airflow/example_dags/example_latest_only.py
[2021-08-18 09:15:06,658] {scheduler_job.py:643} INFO - DAG(s) dict_keys(['latest_only']) retrieved from /home/airflow/.local/lib/python3.6/site-packages/airflow/example_dags/example_latest_only.py
[2021-08-18 09:15:06,683] {logging_mixin.py:104} INFO - [2021-08-18 09:15:06,683] {dag.py:1832} INFO - Sync 1 DAGs
[2021-08-18 09:15:06,703] {logging_mixin.py:104} INFO - [2021-08-18 09:15:06,703] {dag.py:2305} INFO - Setting next_dagrun for latest_only to 2021-08-16 00:00:00+00:00
[2021-08-18 09:15:06,717] {scheduler_job.py:190} INFO - Processing /home/airflow/.local/lib/python3.6/site-packages/airflow/example_dags/example_latest_only.py took 0.081 seconds
[2021-08-18 09:15:36,916] {scheduler_job.py:182} INFO - Started process (PID=1856) to work on /home/airflow/.local/lib/python3.6/site-packages/airflow/example_dags/example_latest_only.py
[2021-08-18 09:15:36,918] {scheduler_job.py:633} INFO - Processing file /home/airflow/.local/lib/python3.6/site-packages/airflow/example_dags/example_latest_only.py for tasks to queue
[2021-08-18 09:15:36,920] {logging_mixin.py:104} INFO - [2021-08-18 09:15:36,919] {dagbag.py:487} INFO - Filling up the DagBag from /home/airflow/.local/lib/python3.6/site-packages/airflow/example_dags/example_latest_only.py
[2021-08-18 09:15:36,935] {scheduler_job.py:643} INFO - DAG(s) dict_keys(['latest_only']) retrieved from /home/airflow/.local/lib/python3.6/site-packages/airflow/example_dags/example_latest_only.py
[2021-08-18 09:15:36,962] {logging_mixin.py:104} INFO - [2021-08-18 09:15:36,962] {dag.py:1832} INFO - Sync 1 DAGs
[2021-08-18 09:15:36,982] {logging_mixin.py:104} INFO - [2021-08-18 09:15:36,982] {dag.py:2305} INFO - Setting next_dagrun for latest_only to 2021-08-16 00:00:00+00:00
[2021-08-18 09:15:36,995] {scheduler_job.py:190} INFO - Processing /home/airflow/.local/lib/python3.6/site-packages/airflow/example_dags/example_latest_only.py took 0.083 seconds
[2021-08-18 09:16:07,358] {scheduler_job.py:182} INFO - Started process (PID=1931) to work on /home/airflow/.local/lib/python3.6/site-packages/airflow/example_dags/example_latest_only.py
[2021-08-18 09:16:07,360] {scheduler_job.py:633} INFO - Processing file /home/airflow/.local/lib/python3.6/site-packages/airflow/example_dags/example_latest_only.py for tasks to queue
[2021-08-18 09:16:07,362] {logging_mixin.py:104} INFO - [2021-08-18 09:16:07,361] {dagbag.py:487} INFO - Filling up the DagBag from /home/airflow/.local/lib/python3.6/site-packages/airflow/example_dags/example_latest_only.py
[2021-08-18 09:16:07,376] {scheduler_job.py:643} INFO - DAG(s) dict_keys(['latest_only']) retrieved from /home/airflow/.local/lib/python3.6/site-packages/airflow/example_dags/example_latest_only.py
[2021-08-18 09:16:07,401] {logging_mixin.py:104} INFO - [2021-08-18 09:16:07,401] {dag.py:1832} INFO - Sync 1 DAGs
[2021-08-18 09:16:07,421] {logging_mixin.py:104} INFO - [2021-08-18 09:16:07,420] {dag.py:2305} INFO - Setting next_dagrun for latest_only to 2021-08-16 00:00:00+00:00
[2021-08-18 09:16:07,432] {scheduler_job.py:190} INFO - Processing /home/airflow/.local/lib/python3.6/site-packages/airflow/example_dags/example_latest_only.py took 0.078 seconds
[2021-08-18 09:16:38,097] {scheduler_job.py:182} INFO - Started process (PID=1993) to work on /home/airflow/.local/lib/python3.6/site-packages/airflow/example_dags/example_latest_only.py
[2021-08-18 09:16:38,100] {scheduler_job.py:633} INFO - Processing file /home/airflow/.local/lib/python3.6/site-packages/airflow/example_dags/example_latest_only.py for tasks to queue
[2021-08-18 09:16:38,102] {logging_mixin.py:104} INFO - [2021-08-18 09:16:38,102] {dagbag.py:487} INFO - Filling up the DagBag from /home/airflow/.local/lib/python3.6/site-packages/airflow/example_dags/example_latest_only.py
[2021-08-18 09:16:38,117] {scheduler_job.py:643} INFO - DAG(s) dict_keys(['latest_only']) retrieved from /home/airflow/.local/lib/python3.6/site-packages/airflow/example_dags/example_latest_only.py
[2021-08-18 09:16:38,143] {logging_mixin.py:104} INFO - [2021-08-18 09:16:38,142] {dag.py:1832} INFO - Sync 1 DAGs
[2021-08-18 09:16:38,174] {logging_mixin.py:104} INFO - [2021-08-18 09:16:38,174] {dag.py:2305} INFO - Setting next_dagrun for latest_only to 2021-08-16 00:00:00+00:00
[2021-08-18 09:16:38,187] {scheduler_job.py:190} INFO - Processing /home/airflow/.local/lib/python3.6/site-packages/airflow/example_dags/example_latest_only.py took 0.094 seconds
[2021-08-18 09:17:35,351] {scheduler_job.py:182} INFO - Started process (PID=42) to work on /home/airflow/.local/lib/python3.6/site-packages/airflow/example_dags/example_latest_only.py
[2021-08-18 09:17:35,353] {scheduler_job.py:633} INFO - Processing file /home/airflow/.local/lib/python3.6/site-packages/airflow/example_dags/example_latest_only.py for tasks to queue
[2021-08-18 09:17:35,354] {logging_mixin.py:104} INFO - [2021-08-18 09:17:35,354] {dagbag.py:487} INFO - Filling up the DagBag from /home/airflow/.local/lib/python3.6/site-packages/airflow/example_dags/example_latest_only.py
[2021-08-18 09:17:35,366] {scheduler_job.py:643} INFO - DAG(s) dict_keys(['latest_only']) retrieved from /home/airflow/.local/lib/python3.6/site-packages/airflow/example_dags/example_latest_only.py
[2021-08-18 09:17:35,385] {logging_mixin.py:104} INFO - [2021-08-18 09:17:35,385] {dag.py:1832} INFO - Sync 1 DAGs
[2021-08-18 09:17:35,400] {logging_mixin.py:104} INFO - [2021-08-18 09:17:35,400] {dag.py:2305} INFO - Setting next_dagrun for latest_only to 2021-08-16 00:00:00+00:00
[2021-08-18 09:17:35,409] {scheduler_job.py:190} INFO - Processing /home/airflow/.local/lib/python3.6/site-packages/airflow/example_dags/example_latest_only.py took 0.061 seconds
[2021-08-18 09:18:06,231] {scheduler_job.py:182} INFO - Started process (PID=119) to work on /home/airflow/.local/lib/python3.6/site-packages/airflow/example_dags/example_latest_only.py
[2021-08-18 09:18:06,233] {scheduler_job.py:633} INFO - Processing file /home/airflow/.local/lib/python3.6/site-packages/airflow/example_dags/example_latest_only.py for tasks to queue
[2021-08-18 09:18:06,235] {logging_mixin.py:104} INFO - [2021-08-18 09:18:06,234] {dagbag.py:487} INFO - Filling up the DagBag from /home/airflow/.local/lib/python3.6/site-packages/airflow/example_dags/example_latest_only.py
[2021-08-18 09:18:06,247] {scheduler_job.py:643} INFO - DAG(s) dict_keys(['latest_only']) retrieved from /home/airflow/.local/lib/python3.6/site-packages/airflow/example_dags/example_latest_only.py
[2021-08-18 09:18:06,273] {logging_mixin.py:104} INFO - [2021-08-18 09:18:06,273] {dag.py:1832} INFO - Sync 1 DAGs
[2021-08-18 09:18:06,289] {logging_mixin.py:104} INFO - [2021-08-18 09:18:06,288] {dag.py:2305} INFO - Setting next_dagrun for latest_only to 2021-08-16 00:00:00+00:00
[2021-08-18 09:18:06,299] {scheduler_job.py:190} INFO - Processing /home/airflow/.local/lib/python3.6/site-packages/airflow/example_dags/example_latest_only.py took 0.071 seconds
[2021-08-18 09:18:37,452] {scheduler_job.py:182} INFO - Started process (PID=182) to work on /home/airflow/.local/lib/python3.6/site-packages/airflow/example_dags/example_latest_only.py
[2021-08-18 09:18:37,454] {scheduler_job.py:633} INFO - Processing file /home/airflow/.local/lib/python3.6/site-packages/airflow/example_dags/example_latest_only.py for tasks to queue
[2021-08-18 09:18:37,455] {logging_mixin.py:104} INFO - [2021-08-18 09:18:37,455] {dagbag.py:487} INFO - Filling up the DagBag from /home/airflow/.local/lib/python3.6/site-packages/airflow/example_dags/example_latest_only.py
[2021-08-18 09:18:37,471] {scheduler_job.py:643} INFO - DAG(s) dict_keys(['latest_only']) retrieved from /home/airflow/.local/lib/python3.6/site-packages/airflow/example_dags/example_latest_only.py
[2021-08-18 09:18:37,504] {logging_mixin.py:104} INFO - [2021-08-18 09:18:37,503] {dag.py:1832} INFO - Sync 1 DAGs
[2021-08-18 09:18:37,524] {logging_mixin.py:104} INFO - [2021-08-18 09:18:37,524] {dag.py:2305} INFO - Setting next_dagrun for latest_only to 2021-08-16 00:00:00+00:00
[2021-08-18 09:18:37,538] {scheduler_job.py:190} INFO - Processing /home/airflow/.local/lib/python3.6/site-packages/airflow/example_dags/example_latest_only.py took 0.090 seconds
[2021-08-18 09:19:07,699] {scheduler_job.py:182} INFO - Started process (PID=260) to work on /home/airflow/.local/lib/python3.6/site-packages/airflow/example_dags/example_latest_only.py
[2021-08-18 09:19:07,701] {scheduler_job.py:633} INFO - Processing file /home/airflow/.local/lib/python3.6/site-packages/airflow/example_dags/example_latest_only.py for tasks to queue
[2021-08-18 09:19:07,702] {logging_mixin.py:104} INFO - [2021-08-18 09:19:07,702] {dagbag.py:487} INFO - Filling up the DagBag from /home/airflow/.local/lib/python3.6/site-packages/airflow/example_dags/example_latest_only.py
[2021-08-18 09:19:07,717] {scheduler_job.py:643} INFO - DAG(s) dict_keys(['latest_only']) retrieved from /home/airflow/.local/lib/python3.6/site-packages/airflow/example_dags/example_latest_only.py
[2021-08-18 09:19:07,745] {logging_mixin.py:104} INFO - [2021-08-18 09:19:07,745] {dag.py:1832} INFO - Sync 1 DAGs
[2021-08-18 09:19:07,767] {logging_mixin.py:104} INFO - [2021-08-18 09:19:07,767] {dag.py:2305} INFO - Setting next_dagrun for latest_only to 2021-08-16 00:00:00+00:00
[2021-08-18 09:19:07,780] {scheduler_job.py:190} INFO - Processing /home/airflow/.local/lib/python3.6/site-packages/airflow/example_dags/example_latest_only.py took 0.085 seconds
[2021-08-18 09:19:38,126] {scheduler_job.py:182} INFO - Started process (PID=332) to work on /home/airflow/.local/lib/python3.6/site-packages/airflow/example_dags/example_latest_only.py
[2021-08-18 09:19:38,128] {scheduler_job.py:633} INFO - Processing file /home/airflow/.local/lib/python3.6/site-packages/airflow/example_dags/example_latest_only.py for tasks to queue
[2021-08-18 09:19:38,130] {logging_mixin.py:104} INFO - [2021-08-18 09:19:38,129] {dagbag.py:487} INFO - Filling up the DagBag from /home/airflow/.local/lib/python3.6/site-packages/airflow/example_dags/example_latest_only.py
[2021-08-18 09:19:38,145] {scheduler_job.py:643} INFO - DAG(s) dict_keys(['latest_only']) retrieved from /home/airflow/.local/lib/python3.6/site-packages/airflow/example_dags/example_latest_only.py
[2021-08-18 09:19:38,173] {logging_mixin.py:104} INFO - [2021-08-18 09:19:38,173] {dag.py:1832} INFO - Sync 1 DAGs
[2021-08-18 09:19:38,194] {logging_mixin.py:104} INFO - [2021-08-18 09:19:38,194] {dag.py:2305} INFO - Setting next_dagrun for latest_only to 2021-08-16 00:00:00+00:00
[2021-08-18 09:19:38,208] {scheduler_job.py:190} INFO - Processing /home/airflow/.local/lib/python3.6/site-packages/airflow/example_dags/example_latest_only.py took 0.087 seconds
[2021-08-18 09:20:08,421] {scheduler_job.py:182} INFO - Started process (PID=400) to work on /home/airflow/.local/lib/python3.6/site-packages/airflow/example_dags/example_latest_only.py
[2021-08-18 09:20:08,424] {scheduler_job.py:633} INFO - Processing file /home/airflow/.local/lib/python3.6/site-packages/airflow/example_dags/example_latest_only.py for tasks to queue
[2021-08-18 09:20:08,425] {logging_mixin.py:104} INFO - [2021-08-18 09:20:08,425] {dagbag.py:487} INFO - Filling up the DagBag from /home/airflow/.local/lib/python3.6/site-packages/airflow/example_dags/example_latest_only.py
[2021-08-18 09:20:08,439] {scheduler_job.py:643} INFO - DAG(s) dict_keys(['latest_only']) retrieved from /home/airflow/.local/lib/python3.6/site-packages/airflow/example_dags/example_latest_only.py
[2021-08-18 09:20:08,463] {logging_mixin.py:104} INFO - [2021-08-18 09:20:08,463] {dag.py:1832} INFO - Sync 1 DAGs
[2021-08-18 09:20:08,480] {logging_mixin.py:104} INFO - [2021-08-18 09:20:08,480] {dag.py:2305} INFO - Setting next_dagrun for latest_only to 2021-08-16 00:00:00+00:00
[2021-08-18 09:20:08,491] {scheduler_job.py:190} INFO - Processing /home/airflow/.local/lib/python3.6/site-packages/airflow/example_dags/example_latest_only.py took 0.074 seconds
[2021-08-18 09:20:39,013] {scheduler_job.py:182} INFO - Started process (PID=477) to work on /home/airflow/.local/lib/python3.6/site-packages/airflow/example_dags/example_latest_only.py
[2021-08-18 09:20:39,015] {scheduler_job.py:633} INFO - Processing file /home/airflow/.local/lib/python3.6/site-packages/airflow/example_dags/example_latest_only.py for tasks to queue
[2021-08-18 09:20:39,016] {logging_mixin.py:104} INFO - [2021-08-18 09:20:39,016] {dagbag.py:487} INFO - Filling up the DagBag from /home/airflow/.local/lib/python3.6/site-packages/airflow/example_dags/example_latest_only.py
[2021-08-18 09:20:39,030] {scheduler_job.py:643} INFO - DAG(s) dict_keys(['latest_only']) retrieved from /home/airflow/.local/lib/python3.6/site-packages/airflow/example_dags/example_latest_only.py
[2021-08-18 09:20:39,055] {logging_mixin.py:104} INFO - [2021-08-18 09:20:39,055] {dag.py:1832} INFO - Sync 1 DAGs
[2021-08-18 09:20:39,074] {logging_mixin.py:104} INFO - [2021-08-18 09:20:39,074] {dag.py:2305} INFO - Setting next_dagrun for latest_only to 2021-08-16 00:00:00+00:00
[2021-08-18 09:20:39,086] {scheduler_job.py:190} INFO - Processing /home/airflow/.local/lib/python3.6/site-packages/airflow/example_dags/example_latest_only.py took 0.078 seconds
[2021-08-18 09:21:09,300] {scheduler_job.py:182} INFO - Started process (PID=538) to work on /home/airflow/.local/lib/python3.6/site-packages/airflow/example_dags/example_latest_only.py
[2021-08-18 09:21:09,302] {scheduler_job.py:633} INFO - Processing file /home/airflow/.local/lib/python3.6/site-packages/airflow/example_dags/example_latest_only.py for tasks to queue
[2021-08-18 09:21:09,304] {logging_mixin.py:104} INFO - [2021-08-18 09:21:09,303] {dagbag.py:487} INFO - Filling up the DagBag from /home/airflow/.local/lib/python3.6/site-packages/airflow/example_dags/example_latest_only.py
[2021-08-18 09:21:09,320] {scheduler_job.py:643} INFO - DAG(s) dict_keys(['latest_only']) retrieved from /home/airflow/.local/lib/python3.6/site-packages/airflow/example_dags/example_latest_only.py
[2021-08-18 09:21:09,348] {logging_mixin.py:104} INFO - [2021-08-18 09:21:09,348] {dag.py:1832} INFO - Sync 1 DAGs
[2021-08-18 09:21:09,367] {logging_mixin.py:104} INFO - [2021-08-18 09:21:09,367] {dag.py:2305} INFO - Setting next_dagrun for latest_only to 2021-08-16 00:00:00+00:00
[2021-08-18 09:21:09,379] {scheduler_job.py:190} INFO - Processing /home/airflow/.local/lib/python3.6/site-packages/airflow/example_dags/example_latest_only.py took 0.083 seconds
[2021-08-18 09:21:39,647] {scheduler_job.py:182} INFO - Started process (PID=617) to work on /home/airflow/.local/lib/python3.6/site-packages/airflow/example_dags/example_latest_only.py
[2021-08-18 09:21:39,649] {scheduler_job.py:633} INFO - Processing file /home/airflow/.local/lib/python3.6/site-packages/airflow/example_dags/example_latest_only.py for tasks to queue
[2021-08-18 09:21:39,650] {logging_mixin.py:104} INFO - [2021-08-18 09:21:39,650] {dagbag.py:487} INFO - Filling up the DagBag from /home/airflow/.local/lib/python3.6/site-packages/airflow/example_dags/example_latest_only.py
[2021-08-18 09:21:39,665] {scheduler_job.py:643} INFO - DAG(s) dict_keys(['latest_only']) retrieved from /home/airflow/.local/lib/python3.6/site-packages/airflow/example_dags/example_latest_only.py
[2021-08-18 09:21:39,690] {logging_mixin.py:104} INFO - [2021-08-18 09:21:39,690] {dag.py:1832} INFO - Sync 1 DAGs
[2021-08-18 09:21:39,710] {logging_mixin.py:104} INFO - [2021-08-18 09:21:39,710] {dag.py:2305} INFO - Setting next_dagrun for latest_only to 2021-08-16 00:00:00+00:00
[2021-08-18 09:21:39,721] {scheduler_job.py:190} INFO - Processing /home/airflow/.local/lib/python3.6/site-packages/airflow/example_dags/example_latest_only.py took 0.078 seconds
[2021-08-18 09:22:09,953] {scheduler_job.py:182} INFO - Started process (PID=680) to work on /home/airflow/.local/lib/python3.6/site-packages/airflow/example_dags/example_latest_only.py
[2021-08-18 09:22:09,955] {scheduler_job.py:633} INFO - Processing file /home/airflow/.local/lib/python3.6/site-packages/airflow/example_dags/example_latest_only.py for tasks to queue
[2021-08-18 09:22:09,956] {logging_mixin.py:104} INFO - [2021-08-18 09:22:09,956] {dagbag.py:487} INFO - Filling up the DagBag from /home/airflow/.local/lib/python3.6/site-packages/airflow/example_dags/example_latest_only.py
[2021-08-18 09:22:09,969] {scheduler_job.py:643} INFO - DAG(s) dict_keys(['latest_only']) retrieved from /home/airflow/.local/lib/python3.6/site-packages/airflow/example_dags/example_latest_only.py
[2021-08-18 09:22:09,992] {logging_mixin.py:104} INFO - [2021-08-18 09:22:09,992] {dag.py:1832} INFO - Sync 1 DAGs
[2021-08-18 09:22:10,011] {logging_mixin.py:104} INFO - [2021-08-18 09:22:10,011] {dag.py:2305} INFO - Setting next_dagrun for latest_only to 2021-08-16 00:00:00+00:00
[2021-08-18 09:22:10,022] {scheduler_job.py:190} INFO - Processing /home/airflow/.local/lib/python3.6/site-packages/airflow/example_dags/example_latest_only.py took 0.073 seconds
[2021-08-18 09:22:40,305] {scheduler_job.py:182} INFO - Started process (PID=757) to work on /home/airflow/.local/lib/python3.6/site-packages/airflow/example_dags/example_latest_only.py
[2021-08-18 09:22:40,307] {scheduler_job.py:633} INFO - Processing file /home/airflow/.local/lib/python3.6/site-packages/airflow/example_dags/example_latest_only.py for tasks to queue
[2021-08-18 09:22:40,308] {logging_mixin.py:104} INFO - [2021-08-18 09:22:40,308] {dagbag.py:487} INFO - Filling up the DagBag from /home/airflow/.local/lib/python3.6/site-packages/airflow/example_dags/example_latest_only.py
[2021-08-18 09:22:40,321] {scheduler_job.py:643} INFO - DAG(s) dict_keys(['latest_only']) retrieved from /home/airflow/.local/lib/python3.6/site-packages/airflow/example_dags/example_latest_only.py
[2021-08-18 09:22:40,342] {logging_mixin.py:104} INFO - [2021-08-18 09:22:40,342] {dag.py:1832} INFO - Sync 1 DAGs
[2021-08-18 09:22:40,358] {logging_mixin.py:104} INFO - [2021-08-18 09:22:40,358] {dag.py:2305} INFO - Setting next_dagrun for latest_only to 2021-08-16 00:00:00+00:00
[2021-08-18 09:22:40,368] {scheduler_job.py:190} INFO - Processing /home/airflow/.local/lib/python3.6/site-packages/airflow/example_dags/example_latest_only.py took 0.067 seconds
[2021-08-18 09:23:10,438] {scheduler_job.py:182} INFO - Started process (PID=834) to work on /home/airflow/.local/lib/python3.6/site-packages/airflow/example_dags/example_latest_only.py
[2021-08-18 09:23:10,439] {scheduler_job.py:633} INFO - Processing file /home/airflow/.local/lib/python3.6/site-packages/airflow/example_dags/example_latest_only.py for tasks to queue
[2021-08-18 09:23:10,440] {logging_mixin.py:104} INFO - [2021-08-18 09:23:10,440] {dagbag.py:487} INFO - Filling up the DagBag from /home/airflow/.local/lib/python3.6/site-packages/airflow/example_dags/example_latest_only.py
[2021-08-18 09:23:10,453] {scheduler_job.py:643} INFO - DAG(s) dict_keys(['latest_only']) retrieved from /home/airflow/.local/lib/python3.6/site-packages/airflow/example_dags/example_latest_only.py
[2021-08-18 09:23:10,474] {logging_mixin.py:104} INFO - [2021-08-18 09:23:10,474] {dag.py:1832} INFO - Sync 1 DAGs
[2021-08-18 09:23:10,489] {logging_mixin.py:104} INFO - [2021-08-18 09:23:10,489] {dag.py:2305} INFO - Setting next_dagrun for latest_only to 2021-08-16 00:00:00+00:00
[2021-08-18 09:23:10,498] {scheduler_job.py:190} INFO - Processing /home/airflow/.local/lib/python3.6/site-packages/airflow/example_dags/example_latest_only.py took 0.064 seconds
[2021-08-18 09:23:41,039] {scheduler_job.py:182} INFO - Started process (PID=908) to work on /home/airflow/.local/lib/python3.6/site-packages/airflow/example_dags/example_latest_only.py
[2021-08-18 09:23:41,042] {scheduler_job.py:633} INFO - Processing file /home/airflow/.local/lib/python3.6/site-packages/airflow/example_dags/example_latest_only.py for tasks to queue
[2021-08-18 09:23:41,043] {logging_mixin.py:104} INFO - [2021-08-18 09:23:41,043] {dagbag.py:487} INFO - Filling up the DagBag from /home/airflow/.local/lib/python3.6/site-packages/airflow/example_dags/example_latest_only.py
[2021-08-18 09:23:41,056] {scheduler_job.py:643} INFO - DAG(s) dict_keys(['latest_only']) retrieved from /home/airflow/.local/lib/python3.6/site-packages/airflow/example_dags/example_latest_only.py
[2021-08-18 09:23:41,078] {logging_mixin.py:104} INFO - [2021-08-18 09:23:41,078] {dag.py:1832} INFO - Sync 1 DAGs
[2021-08-18 09:23:41,094] {logging_mixin.py:104} INFO - [2021-08-18 09:23:41,094] {dag.py:2305} INFO - Setting next_dagrun for latest_only to 2021-08-16 00:00:00+00:00
[2021-08-18 09:23:41,105] {scheduler_job.py:190} INFO - Processing /home/airflow/.local/lib/python3.6/site-packages/airflow/example_dags/example_latest_only.py took 0.070 seconds
[2021-08-18 09:24:11,243] {scheduler_job.py:182} INFO - Started process (PID=986) to work on /home/airflow/.local/lib/python3.6/site-packages/airflow/example_dags/example_latest_only.py
[2021-08-18 09:24:11,245] {scheduler_job.py:633} INFO - Processing file /home/airflow/.local/lib/python3.6/site-packages/airflow/example_dags/example_latest_only.py for tasks to queue
[2021-08-18 09:24:11,246] {logging_mixin.py:104} INFO - [2021-08-18 09:24:11,246] {dagbag.py:487} INFO - Filling up the DagBag from /home/airflow/.local/lib/python3.6/site-packages/airflow/example_dags/example_latest_only.py
[2021-08-18 09:24:11,259] {scheduler_job.py:643} INFO - DAG(s) dict_keys(['latest_only']) retrieved from /home/airflow/.local/lib/python3.6/site-packages/airflow/example_dags/example_latest_only.py
[2021-08-18 09:24:11,281] {logging_mixin.py:104} INFO - [2021-08-18 09:24:11,281] {dag.py:1832} INFO - Sync 1 DAGs
[2021-08-18 09:24:11,302] {logging_mixin.py:104} INFO - [2021-08-18 09:24:11,301] {dag.py:2305} INFO - Setting next_dagrun for latest_only to 2021-08-16 00:00:00+00:00
[2021-08-18 09:24:11,317] {scheduler_job.py:190} INFO - Processing /home/airflow/.local/lib/python3.6/site-packages/airflow/example_dags/example_latest_only.py took 0.079 seconds
[2021-08-18 09:24:41,669] {scheduler_job.py:182} INFO - Started process (PID=1048) to work on /home/airflow/.local/lib/python3.6/site-packages/airflow/example_dags/example_latest_only.py
[2021-08-18 09:24:41,673] {scheduler_job.py:633} INFO - Processing file /home/airflow/.local/lib/python3.6/site-packages/airflow/example_dags/example_latest_only.py for tasks to queue
[2021-08-18 09:24:41,675] {logging_mixin.py:104} INFO - [2021-08-18 09:24:41,674] {dagbag.py:487} INFO - Filling up the DagBag from /home/airflow/.local/lib/python3.6/site-packages/airflow/example_dags/example_latest_only.py
[2021-08-18 09:24:41,689] {scheduler_job.py:643} INFO - DAG(s) dict_keys(['latest_only']) retrieved from /home/airflow/.local/lib/python3.6/site-packages/airflow/example_dags/example_latest_only.py
[2021-08-18 09:24:41,713] {logging_mixin.py:104} INFO - [2021-08-18 09:24:41,713] {dag.py:1832} INFO - Sync 1 DAGs
[2021-08-18 09:24:41,733] {logging_mixin.py:104} INFO - [2021-08-18 09:24:41,733] {dag.py:2305} INFO - Setting next_dagrun for latest_only to 2021-08-16 00:00:00+00:00
[2021-08-18 09:24:41,745] {scheduler_job.py:190} INFO - Processing /home/airflow/.local/lib/python3.6/site-packages/airflow/example_dags/example_latest_only.py took 0.081 seconds
[2021-08-18 09:25:11,951] {scheduler_job.py:182} INFO - Started process (PID=1125) to work on /home/airflow/.local/lib/python3.6/site-packages/airflow/example_dags/example_latest_only.py
[2021-08-18 09:25:11,953] {scheduler_job.py:633} INFO - Processing file /home/airflow/.local/lib/python3.6/site-packages/airflow/example_dags/example_latest_only.py for tasks to queue
[2021-08-18 09:25:11,954] {logging_mixin.py:104} INFO - [2021-08-18 09:25:11,954] {dagbag.py:487} INFO - Filling up the DagBag from /home/airflow/.local/lib/python3.6/site-packages/airflow/example_dags/example_latest_only.py
[2021-08-18 09:25:11,968] {scheduler_job.py:643} INFO - DAG(s) dict_keys(['latest_only']) retrieved from /home/airflow/.local/lib/python3.6/site-packages/airflow/example_dags/example_latest_only.py
[2021-08-18 09:25:11,993] {logging_mixin.py:104} INFO - [2021-08-18 09:25:11,993] {dag.py:1832} INFO - Sync 1 DAGs
[2021-08-18 09:25:12,011] {logging_mixin.py:104} INFO - [2021-08-18 09:25:12,011] {dag.py:2305} INFO - Setting next_dagrun for latest_only to 2021-08-16 00:00:00+00:00
[2021-08-18 09:25:12,022] {scheduler_job.py:190} INFO - Processing /home/airflow/.local/lib/python3.6/site-packages/airflow/example_dags/example_latest_only.py took 0.075 seconds
[2021-08-18 09:25:42,245] {scheduler_job.py:182} INFO - Started process (PID=1198) to work on /home/airflow/.local/lib/python3.6/site-packages/airflow/example_dags/example_latest_only.py
[2021-08-18 09:25:42,247] {scheduler_job.py:633} INFO - Processing file /home/airflow/.local/lib/python3.6/site-packages/airflow/example_dags/example_latest_only.py for tasks to queue
[2021-08-18 09:25:42,249] {logging_mixin.py:104} INFO - [2021-08-18 09:25:42,249] {dagbag.py:487} INFO - Filling up the DagBag from /home/airflow/.local/lib/python3.6/site-packages/airflow/example_dags/example_latest_only.py
[2021-08-18 09:25:42,263] {scheduler_job.py:643} INFO - DAG(s) dict_keys(['latest_only']) retrieved from /home/airflow/.local/lib/python3.6/site-packages/airflow/example_dags/example_latest_only.py
[2021-08-18 09:25:42,288] {logging_mixin.py:104} INFO - [2021-08-18 09:25:42,288] {dag.py:1832} INFO - Sync 1 DAGs
[2021-08-18 09:25:42,307] {logging_mixin.py:104} INFO - [2021-08-18 09:25:42,307] {dag.py:2305} INFO - Setting next_dagrun for latest_only to 2021-08-16 00:00:00+00:00
[2021-08-18 09:25:42,318] {scheduler_job.py:190} INFO - Processing /home/airflow/.local/lib/python3.6/site-packages/airflow/example_dags/example_latest_only.py took 0.076 seconds
[2021-08-18 09:26:12,602] {scheduler_job.py:182} INFO - Started process (PID=1264) to work on /home/airflow/.local/lib/python3.6/site-packages/airflow/example_dags/example_latest_only.py
[2021-08-18 09:26:12,604] {scheduler_job.py:633} INFO - Processing file /home/airflow/.local/lib/python3.6/site-packages/airflow/example_dags/example_latest_only.py for tasks to queue
[2021-08-18 09:26:12,606] {logging_mixin.py:104} INFO - [2021-08-18 09:26:12,606] {dagbag.py:487} INFO - Filling up the DagBag from /home/airflow/.local/lib/python3.6/site-packages/airflow/example_dags/example_latest_only.py
[2021-08-18 09:26:12,620] {scheduler_job.py:643} INFO - DAG(s) dict_keys(['latest_only']) retrieved from /home/airflow/.local/lib/python3.6/site-packages/airflow/example_dags/example_latest_only.py
[2021-08-18 09:26:12,648] {logging_mixin.py:104} INFO - [2021-08-18 09:26:12,647] {dag.py:1832} INFO - Sync 1 DAGs
[2021-08-18 09:26:12,666] {logging_mixin.py:104} INFO - [2021-08-18 09:26:12,666] {dag.py:2305} INFO - Setting next_dagrun for latest_only to 2021-08-16 00:00:00+00:00
[2021-08-18 09:26:12,677] {scheduler_job.py:190} INFO - Processing /home/airflow/.local/lib/python3.6/site-packages/airflow/example_dags/example_latest_only.py took 0.079 seconds
[2021-08-18 09:26:43,625] {scheduler_job.py:182} INFO - Started process (PID=1340) to work on /home/airflow/.local/lib/python3.6/site-packages/airflow/example_dags/example_latest_only.py
[2021-08-18 09:26:43,627] {scheduler_job.py:633} INFO - Processing file /home/airflow/.local/lib/python3.6/site-packages/airflow/example_dags/example_latest_only.py for tasks to queue
[2021-08-18 09:26:43,628] {logging_mixin.py:104} INFO - [2021-08-18 09:26:43,628] {dagbag.py:487} INFO - Filling up the DagBag from /home/airflow/.local/lib/python3.6/site-packages/airflow/example_dags/example_latest_only.py
[2021-08-18 09:26:43,642] {scheduler_job.py:643} INFO - DAG(s) dict_keys(['latest_only']) retrieved from /home/airflow/.local/lib/python3.6/site-packages/airflow/example_dags/example_latest_only.py
[2021-08-18 09:26:43,667] {logging_mixin.py:104} INFO - [2021-08-18 09:26:43,667] {dag.py:1832} INFO - Sync 1 DAGs
[2021-08-18 09:26:43,683] {logging_mixin.py:104} INFO - [2021-08-18 09:26:43,683] {dag.py:2305} INFO - Setting next_dagrun for latest_only to 2021-08-16 00:00:00+00:00
[2021-08-18 09:26:43,693] {scheduler_job.py:190} INFO - Processing /home/airflow/.local/lib/python3.6/site-packages/airflow/example_dags/example_latest_only.py took 0.072 seconds
[2021-08-18 09:27:14,525] {scheduler_job.py:182} INFO - Started process (PID=1401) to work on /home/airflow/.local/lib/python3.6/site-packages/airflow/example_dags/example_latest_only.py
[2021-08-18 09:27:14,526] {scheduler_job.py:633} INFO - Processing file /home/airflow/.local/lib/python3.6/site-packages/airflow/example_dags/example_latest_only.py for tasks to queue
[2021-08-18 09:27:14,528] {logging_mixin.py:104} INFO - [2021-08-18 09:27:14,527] {dagbag.py:487} INFO - Filling up the DagBag from /home/airflow/.local/lib/python3.6/site-packages/airflow/example_dags/example_latest_only.py
[2021-08-18 09:27:14,540] {scheduler_job.py:643} INFO - DAG(s) dict_keys(['latest_only']) retrieved from /home/airflow/.local/lib/python3.6/site-packages/airflow/example_dags/example_latest_only.py
[2021-08-18 09:27:14,561] {logging_mixin.py:104} INFO - [2021-08-18 09:27:14,561] {dag.py:1832} INFO - Sync 1 DAGs
[2021-08-18 09:27:14,576] {logging_mixin.py:104} INFO - [2021-08-18 09:27:14,576] {dag.py:2305} INFO - Setting next_dagrun for latest_only to 2021-08-16 00:00:00+00:00
[2021-08-18 09:27:14,586] {scheduler_job.py:190} INFO - Processing /home/airflow/.local/lib/python3.6/site-packages/airflow/example_dags/example_latest_only.py took 0.065 seconds
[2021-08-18 09:27:45,955] {scheduler_job.py:182} INFO - Started process (PID=1478) to work on /home/airflow/.local/lib/python3.6/site-packages/airflow/example_dags/example_latest_only.py
[2021-08-18 09:27:45,958] {scheduler_job.py:633} INFO - Processing file /home/airflow/.local/lib/python3.6/site-packages/airflow/example_dags/example_latest_only.py for tasks to queue
[2021-08-18 09:27:45,959] {logging_mixin.py:104} INFO - [2021-08-18 09:27:45,959] {dagbag.py:487} INFO - Filling up the DagBag from /home/airflow/.local/lib/python3.6/site-packages/airflow/example_dags/example_latest_only.py
[2021-08-18 09:27:45,971] {scheduler_job.py:643} INFO - DAG(s) dict_keys(['latest_only']) retrieved from /home/airflow/.local/lib/python3.6/site-packages/airflow/example_dags/example_latest_only.py
[2021-08-18 09:27:45,991] {logging_mixin.py:104} INFO - [2021-08-18 09:27:45,991] {dag.py:1832} INFO - Sync 1 DAGs
[2021-08-18 09:27:46,007] {logging_mixin.py:104} INFO - [2021-08-18 09:27:46,007] {dag.py:2305} INFO - Setting next_dagrun for latest_only to 2021-08-16 00:00:00+00:00
[2021-08-18 09:27:46,016] {scheduler_job.py:190} INFO - Processing /home/airflow/.local/lib/python3.6/site-packages/airflow/example_dags/example_latest_only.py took 0.064 seconds
[2021-08-18 09:28:16,940] {scheduler_job.py:182} INFO - Started process (PID=1557) to work on /home/airflow/.local/lib/python3.6/site-packages/airflow/example_dags/example_latest_only.py
[2021-08-18 09:28:16,943] {scheduler_job.py:633} INFO - Processing file /home/airflow/.local/lib/python3.6/site-packages/airflow/example_dags/example_latest_only.py for tasks to queue
[2021-08-18 09:28:16,944] {logging_mixin.py:104} INFO - [2021-08-18 09:28:16,944] {dagbag.py:487} INFO - Filling up the DagBag from /home/airflow/.local/lib/python3.6/site-packages/airflow/example_dags/example_latest_only.py
[2021-08-18 09:28:16,958] {scheduler_job.py:643} INFO - DAG(s) dict_keys(['latest_only']) retrieved from /home/airflow/.local/lib/python3.6/site-packages/airflow/example_dags/example_latest_only.py
[2021-08-18 09:28:16,979] {logging_mixin.py:104} INFO - [2021-08-18 09:28:16,979] {dag.py:1832} INFO - Sync 1 DAGs
[2021-08-18 09:28:16,997] {logging_mixin.py:104} INFO - [2021-08-18 09:28:16,997] {dag.py:2305} INFO - Setting next_dagrun for latest_only to 2021-08-16 00:00:00+00:00
[2021-08-18 09:28:17,015] {scheduler_job.py:190} INFO - Processing /home/airflow/.local/lib/python3.6/site-packages/airflow/example_dags/example_latest_only.py took 0.079 seconds
[2021-08-18 09:28:47,991] {scheduler_job.py:182} INFO - Started process (PID=1619) to work on /home/airflow/.local/lib/python3.6/site-packages/airflow/example_dags/example_latest_only.py
[2021-08-18 09:28:47,995] {scheduler_job.py:633} INFO - Processing file /home/airflow/.local/lib/python3.6/site-packages/airflow/example_dags/example_latest_only.py for tasks to queue
[2021-08-18 09:28:48,000] {logging_mixin.py:104} INFO - [2021-08-18 09:28:48,000] {dagbag.py:487} INFO - Filling up the DagBag from /home/airflow/.local/lib/python3.6/site-packages/airflow/example_dags/example_latest_only.py
[2021-08-18 09:28:48,014] {scheduler_job.py:643} INFO - DAG(s) dict_keys(['latest_only']) retrieved from /home/airflow/.local/lib/python3.6/site-packages/airflow/example_dags/example_latest_only.py
[2021-08-18 09:28:48,055] {logging_mixin.py:104} INFO - [2021-08-18 09:28:48,055] {dag.py:1832} INFO - Sync 1 DAGs
[2021-08-18 09:28:48,077] {logging_mixin.py:104} INFO - [2021-08-18 09:28:48,077] {dag.py:2305} INFO - Setting next_dagrun for latest_only to 2021-08-16 00:00:00+00:00
[2021-08-18 09:28:48,090] {scheduler_job.py:190} INFO - Processing /home/airflow/.local/lib/python3.6/site-packages/airflow/example_dags/example_latest_only.py took 0.102 seconds
[2021-08-18 09:29:19,119] {scheduler_job.py:182} INFO - Started process (PID=1697) to work on /home/airflow/.local/lib/python3.6/site-packages/airflow/example_dags/example_latest_only.py
[2021-08-18 09:29:19,122] {scheduler_job.py:633} INFO - Processing file /home/airflow/.local/lib/python3.6/site-packages/airflow/example_dags/example_latest_only.py for tasks to queue
[2021-08-18 09:29:19,124] {logging_mixin.py:104} INFO - [2021-08-18 09:29:19,124] {dagbag.py:487} INFO - Filling up the DagBag from /home/airflow/.local/lib/python3.6/site-packages/airflow/example_dags/example_latest_only.py
[2021-08-18 09:29:19,150] {scheduler_job.py:643} INFO - DAG(s) dict_keys(['latest_only']) retrieved from /home/airflow/.local/lib/python3.6/site-packages/airflow/example_dags/example_latest_only.py
[2021-08-18 09:29:19,179] {logging_mixin.py:104} INFO - [2021-08-18 09:29:19,179] {dag.py:1832} INFO - Sync 1 DAGs
[2021-08-18 09:29:19,198] {logging_mixin.py:104} INFO - [2021-08-18 09:29:19,197] {dag.py:2305} INFO - Setting next_dagrun for latest_only to 2021-08-16 00:00:00+00:00
[2021-08-18 09:29:19,210] {scheduler_job.py:190} INFO - Processing /home/airflow/.local/lib/python3.6/site-packages/airflow/example_dags/example_latest_only.py took 0.094 seconds
[2021-08-18 09:29:50,420] {scheduler_job.py:182} INFO - Started process (PID=1773) to work on /home/airflow/.local/lib/python3.6/site-packages/airflow/example_dags/example_latest_only.py
[2021-08-18 09:29:50,422] {scheduler_job.py:633} INFO - Processing file /home/airflow/.local/lib/python3.6/site-packages/airflow/example_dags/example_latest_only.py for tasks to queue
[2021-08-18 09:29:50,424] {logging_mixin.py:104} INFO - [2021-08-18 09:29:50,423] {dagbag.py:487} INFO - Filling up the DagBag from /home/airflow/.local/lib/python3.6/site-packages/airflow/example_dags/example_latest_only.py
[2021-08-18 09:29:50,438] {scheduler_job.py:643} INFO - DAG(s) dict_keys(['latest_only']) retrieved from /home/airflow/.local/lib/python3.6/site-packages/airflow/example_dags/example_latest_only.py
[2021-08-18 09:29:50,461] {logging_mixin.py:104} INFO - [2021-08-18 09:29:50,461] {dag.py:1832} INFO - Sync 1 DAGs
[2021-08-18 09:29:50,480] {logging_mixin.py:104} INFO - [2021-08-18 09:29:50,480] {dag.py:2305} INFO - Setting next_dagrun for latest_only to 2021-08-16 00:00:00+00:00
[2021-08-18 09:29:50,492] {scheduler_job.py:190} INFO - Processing /home/airflow/.local/lib/python3.6/site-packages/airflow/example_dags/example_latest_only.py took 0.076 seconds
[2021-08-18 09:30:21,541] {scheduler_job.py:182} INFO - Started process (PID=1844) to work on /home/airflow/.local/lib/python3.6/site-packages/airflow/example_dags/example_latest_only.py
[2021-08-18 09:30:21,543] {scheduler_job.py:633} INFO - Processing file /home/airflow/.local/lib/python3.6/site-packages/airflow/example_dags/example_latest_only.py for tasks to queue
[2021-08-18 09:30:21,544] {logging_mixin.py:104} INFO - [2021-08-18 09:30:21,544] {dagbag.py:487} INFO - Filling up the DagBag from /home/airflow/.local/lib/python3.6/site-packages/airflow/example_dags/example_latest_only.py
[2021-08-18 09:30:21,560] {scheduler_job.py:643} INFO - DAG(s) dict_keys(['latest_only']) retrieved from /home/airflow/.local/lib/python3.6/site-packages/airflow/example_dags/example_latest_only.py
[2021-08-18 09:30:21,589] {logging_mixin.py:104} INFO - [2021-08-18 09:30:21,589] {dag.py:1832} INFO - Sync 1 DAGs
[2021-08-18 09:30:21,610] {logging_mixin.py:104} INFO - [2021-08-18 09:30:21,609] {dag.py:2305} INFO - Setting next_dagrun for latest_only to 2021-08-16 00:00:00+00:00
[2021-08-18 09:30:21,621] {scheduler_job.py:190} INFO - Processing /home/airflow/.local/lib/python3.6/site-packages/airflow/example_dags/example_latest_only.py took 0.084 seconds
[2021-08-18 09:30:51,810] {scheduler_job.py:182} INFO - Started process (PID=1911) to work on /home/airflow/.local/lib/python3.6/site-packages/airflow/example_dags/example_latest_only.py
[2021-08-18 09:30:51,812] {scheduler_job.py:633} INFO - Processing file /home/airflow/.local/lib/python3.6/site-packages/airflow/example_dags/example_latest_only.py for tasks to queue
[2021-08-18 09:30:51,813] {logging_mixin.py:104} INFO - [2021-08-18 09:30:51,813] {dagbag.py:487} INFO - Filling up the DagBag from /home/airflow/.local/lib/python3.6/site-packages/airflow/example_dags/example_latest_only.py
[2021-08-18 09:30:51,826] {scheduler_job.py:643} INFO - DAG(s) dict_keys(['latest_only']) retrieved from /home/airflow/.local/lib/python3.6/site-packages/airflow/example_dags/example_latest_only.py
[2021-08-18 09:30:51,847] {logging_mixin.py:104} INFO - [2021-08-18 09:30:51,847] {dag.py:1832} INFO - Sync 1 DAGs
[2021-08-18 09:30:51,863] {logging_mixin.py:104} INFO - [2021-08-18 09:30:51,863] {dag.py:2305} INFO - Setting next_dagrun for latest_only to 2021-08-16 00:00:00+00:00
[2021-08-18 09:30:51,873] {scheduler_job.py:190} INFO - Processing /home/airflow/.local/lib/python3.6/site-packages/airflow/example_dags/example_latest_only.py took 0.066 seconds
[2021-08-18 09:31:22,737] {scheduler_job.py:182} INFO - Started process (PID=1988) to work on /home/airflow/.local/lib/python3.6/site-packages/airflow/example_dags/example_latest_only.py
[2021-08-18 09:31:22,739] {scheduler_job.py:633} INFO - Processing file /home/airflow/.local/lib/python3.6/site-packages/airflow/example_dags/example_latest_only.py for tasks to queue
[2021-08-18 09:31:22,741] {logging_mixin.py:104} INFO - [2021-08-18 09:31:22,740] {dagbag.py:487} INFO - Filling up the DagBag from /home/airflow/.local/lib/python3.6/site-packages/airflow/example_dags/example_latest_only.py
[2021-08-18 09:31:22,756] {scheduler_job.py:643} INFO - DAG(s) dict_keys(['latest_only']) retrieved from /home/airflow/.local/lib/python3.6/site-packages/airflow/example_dags/example_latest_only.py
[2021-08-18 09:31:22,782] {logging_mixin.py:104} INFO - [2021-08-18 09:31:22,782] {dag.py:1832} INFO - Sync 1 DAGs
[2021-08-18 09:31:22,801] {logging_mixin.py:104} INFO - [2021-08-18 09:31:22,801] {dag.py:2305} INFO - Setting next_dagrun for latest_only to 2021-08-16 00:00:00+00:00
[2021-08-18 09:31:22,812] {scheduler_job.py:190} INFO - Processing /home/airflow/.local/lib/python3.6/site-packages/airflow/example_dags/example_latest_only.py took 0.078 seconds
[2021-08-18 09:31:53,739] {scheduler_job.py:182} INFO - Started process (PID=2051) to work on /home/airflow/.local/lib/python3.6/site-packages/airflow/example_dags/example_latest_only.py
[2021-08-18 09:31:53,741] {scheduler_job.py:633} INFO - Processing file /home/airflow/.local/lib/python3.6/site-packages/airflow/example_dags/example_latest_only.py for tasks to queue
[2021-08-18 09:31:53,742] {logging_mixin.py:104} INFO - [2021-08-18 09:31:53,742] {dagbag.py:487} INFO - Filling up the DagBag from /home/airflow/.local/lib/python3.6/site-packages/airflow/example_dags/example_latest_only.py
[2021-08-18 09:31:53,755] {scheduler_job.py:643} INFO - DAG(s) dict_keys(['latest_only']) retrieved from /home/airflow/.local/lib/python3.6/site-packages/airflow/example_dags/example_latest_only.py
[2021-08-18 09:31:53,778] {logging_mixin.py:104} INFO - [2021-08-18 09:31:53,778] {dag.py:1832} INFO - Sync 1 DAGs
[2021-08-18 09:31:53,795] {logging_mixin.py:104} INFO - [2021-08-18 09:31:53,795] {dag.py:2305} INFO - Setting next_dagrun for latest_only to 2021-08-16 00:00:00+00:00
[2021-08-18 09:31:53,807] {scheduler_job.py:190} INFO - Processing /home/airflow/.local/lib/python3.6/site-packages/airflow/example_dags/example_latest_only.py took 0.072 seconds
[2021-08-18 09:32:24,254] {scheduler_job.py:182} INFO - Started process (PID=2130) to work on /home/airflow/.local/lib/python3.6/site-packages/airflow/example_dags/example_latest_only.py
[2021-08-18 09:32:24,256] {scheduler_job.py:633} INFO - Processing file /home/airflow/.local/lib/python3.6/site-packages/airflow/example_dags/example_latest_only.py for tasks to queue
[2021-08-18 09:32:24,257] {logging_mixin.py:104} INFO - [2021-08-18 09:32:24,257] {dagbag.py:487} INFO - Filling up the DagBag from /home/airflow/.local/lib/python3.6/site-packages/airflow/example_dags/example_latest_only.py
[2021-08-18 09:32:24,269] {scheduler_job.py:643} INFO - DAG(s) dict_keys(['latest_only']) retrieved from /home/airflow/.local/lib/python3.6/site-packages/airflow/example_dags/example_latest_only.py
[2021-08-18 09:32:24,290] {logging_mixin.py:104} INFO - [2021-08-18 09:32:24,290] {dag.py:1832} INFO - Sync 1 DAGs
[2021-08-18 09:32:24,307] {logging_mixin.py:104} INFO - [2021-08-18 09:32:24,307] {dag.py:2305} INFO - Setting next_dagrun for latest_only to 2021-08-16 00:00:00+00:00
[2021-08-18 09:32:24,317] {scheduler_job.py:190} INFO - Processing /home/airflow/.local/lib/python3.6/site-packages/airflow/example_dags/example_latest_only.py took 0.067 seconds
[2021-08-18 09:32:55,302] {scheduler_job.py:182} INFO - Started process (PID=2206) to work on /home/airflow/.local/lib/python3.6/site-packages/airflow/example_dags/example_latest_only.py
[2021-08-18 09:32:55,304] {scheduler_job.py:633} INFO - Processing file /home/airflow/.local/lib/python3.6/site-packages/airflow/example_dags/example_latest_only.py for tasks to queue
[2021-08-18 09:32:55,305] {logging_mixin.py:104} INFO - [2021-08-18 09:32:55,305] {dagbag.py:487} INFO - Filling up the DagBag from /home/airflow/.local/lib/python3.6/site-packages/airflow/example_dags/example_latest_only.py
[2021-08-18 09:32:55,319] {scheduler_job.py:643} INFO - DAG(s) dict_keys(['latest_only']) retrieved from /home/airflow/.local/lib/python3.6/site-packages/airflow/example_dags/example_latest_only.py
[2021-08-18 09:32:55,341] {logging_mixin.py:104} INFO - [2021-08-18 09:32:55,341] {dag.py:1832} INFO - Sync 1 DAGs
[2021-08-18 09:32:55,356] {logging_mixin.py:104} INFO - [2021-08-18 09:32:55,356] {dag.py:2305} INFO - Setting next_dagrun for latest_only to 2021-08-16 00:00:00+00:00
[2021-08-18 09:32:55,365] {scheduler_job.py:190} INFO - Processing /home/airflow/.local/lib/python3.6/site-packages/airflow/example_dags/example_latest_only.py took 0.067 seconds
