[2021-08-18 09:02:41,154] {scheduler_job.py:182} INFO - Started process (PID=148) to work on /home/airflow/.local/lib/python3.6/site-packages/airflow/example_dags/example_branch_day_of_week_operator.py
[2021-08-18 09:02:41,156] {scheduler_job.py:633} INFO - Processing file /home/airflow/.local/lib/python3.6/site-packages/airflow/example_dags/example_branch_day_of_week_operator.py for tasks to queue
[2021-08-18 09:02:41,157] {logging_mixin.py:104} INFO - [2021-08-18 09:02:41,157] {dagbag.py:487} INFO - Filling up the DagBag from /home/airflow/.local/lib/python3.6/site-packages/airflow/example_dags/example_branch_day_of_week_operator.py
[2021-08-18 09:02:41,176] {scheduler_job.py:643} INFO - DAG(s) dict_keys(['example_weekday_branch_operator']) retrieved from /home/airflow/.local/lib/python3.6/site-packages/airflow/example_dags/example_branch_day_of_week_operator.py
[2021-08-18 09:02:43,062] {logging_mixin.py:104} INFO - [2021-08-18 09:02:43,061] {dag.py:1832} INFO - Sync 1 DAGs
[2021-08-18 09:02:43,072] {logging_mixin.py:104} INFO - [2021-08-18 09:02:43,071] {dag.py:1851} INFO - Creating ORM DAG for example_weekday_branch_operator
[2021-08-18 09:02:43,079] {logging_mixin.py:104} INFO - [2021-08-18 09:02:43,079] {dag.py:2305} INFO - Setting next_dagrun for example_weekday_branch_operator to 2021-08-16 00:00:00+00:00
[2021-08-18 09:02:43,094] {scheduler_job.py:190} INFO - Processing /home/airflow/.local/lib/python3.6/site-packages/airflow/example_dags/example_branch_day_of_week_operator.py took 1.945 seconds
[2021-08-18 09:03:13,502] {scheduler_job.py:182} INFO - Started process (PID=231) to work on /home/airflow/.local/lib/python3.6/site-packages/airflow/example_dags/example_branch_day_of_week_operator.py
[2021-08-18 09:03:13,516] {scheduler_job.py:633} INFO - Processing file /home/airflow/.local/lib/python3.6/site-packages/airflow/example_dags/example_branch_day_of_week_operator.py for tasks to queue
[2021-08-18 09:03:13,518] {logging_mixin.py:104} INFO - [2021-08-18 09:03:13,517] {dagbag.py:487} INFO - Filling up the DagBag from /home/airflow/.local/lib/python3.6/site-packages/airflow/example_dags/example_branch_day_of_week_operator.py
[2021-08-18 09:03:13,535] {scheduler_job.py:643} INFO - DAG(s) dict_keys(['example_weekday_branch_operator']) retrieved from /home/airflow/.local/lib/python3.6/site-packages/airflow/example_dags/example_branch_day_of_week_operator.py
[2021-08-18 09:03:13,558] {logging_mixin.py:104} INFO - [2021-08-18 09:03:13,558] {dag.py:1832} INFO - Sync 1 DAGs
[2021-08-18 09:03:13,585] {logging_mixin.py:104} INFO - [2021-08-18 09:03:13,585] {dag.py:2305} INFO - Setting next_dagrun for example_weekday_branch_operator to 2021-08-16 00:00:00+00:00
[2021-08-18 09:03:13,597] {scheduler_job.py:190} INFO - Processing /home/airflow/.local/lib/python3.6/site-packages/airflow/example_dags/example_branch_day_of_week_operator.py took 0.099 seconds
[2021-08-18 09:03:44,125] {scheduler_job.py:182} INFO - Started process (PID=293) to work on /home/airflow/.local/lib/python3.6/site-packages/airflow/example_dags/example_branch_day_of_week_operator.py
[2021-08-18 09:03:44,129] {scheduler_job.py:633} INFO - Processing file /home/airflow/.local/lib/python3.6/site-packages/airflow/example_dags/example_branch_day_of_week_operator.py for tasks to queue
[2021-08-18 09:03:44,149] {logging_mixin.py:104} INFO - [2021-08-18 09:03:44,149] {dagbag.py:487} INFO - Filling up the DagBag from /home/airflow/.local/lib/python3.6/site-packages/airflow/example_dags/example_branch_day_of_week_operator.py
[2021-08-18 09:03:44,167] {scheduler_job.py:643} INFO - DAG(s) dict_keys(['example_weekday_branch_operator']) retrieved from /home/airflow/.local/lib/python3.6/site-packages/airflow/example_dags/example_branch_day_of_week_operator.py
[2021-08-18 09:03:44,194] {logging_mixin.py:104} INFO - [2021-08-18 09:03:44,194] {dag.py:1832} INFO - Sync 1 DAGs
[2021-08-18 09:03:44,227] {logging_mixin.py:104} INFO - [2021-08-18 09:03:44,227] {dag.py:2305} INFO - Setting next_dagrun for example_weekday_branch_operator to 2021-08-16 00:00:00+00:00
[2021-08-18 09:03:44,240] {scheduler_job.py:190} INFO - Processing /home/airflow/.local/lib/python3.6/site-packages/airflow/example_dags/example_branch_day_of_week_operator.py took 0.119 seconds
[2021-08-18 09:04:14,821] {scheduler_job.py:182} INFO - Started process (PID=358) to work on /home/airflow/.local/lib/python3.6/site-packages/airflow/example_dags/example_branch_day_of_week_operator.py
[2021-08-18 09:04:14,822] {scheduler_job.py:633} INFO - Processing file /home/airflow/.local/lib/python3.6/site-packages/airflow/example_dags/example_branch_day_of_week_operator.py for tasks to queue
[2021-08-18 09:04:14,824] {logging_mixin.py:104} INFO - [2021-08-18 09:04:14,824] {dagbag.py:487} INFO - Filling up the DagBag from /home/airflow/.local/lib/python3.6/site-packages/airflow/example_dags/example_branch_day_of_week_operator.py
[2021-08-18 09:04:14,840] {scheduler_job.py:643} INFO - DAG(s) dict_keys(['example_weekday_branch_operator']) retrieved from /home/airflow/.local/lib/python3.6/site-packages/airflow/example_dags/example_branch_day_of_week_operator.py
[2021-08-18 09:04:14,863] {logging_mixin.py:104} INFO - [2021-08-18 09:04:14,862] {dag.py:1832} INFO - Sync 1 DAGs
[2021-08-18 09:04:14,885] {logging_mixin.py:104} INFO - [2021-08-18 09:04:14,885] {dag.py:2305} INFO - Setting next_dagrun for example_weekday_branch_operator to 2021-08-16 00:00:00+00:00
[2021-08-18 09:04:14,896] {scheduler_job.py:190} INFO - Processing /home/airflow/.local/lib/python3.6/site-packages/airflow/example_dags/example_branch_day_of_week_operator.py took 0.080 seconds
[2021-08-18 09:04:47,193] {scheduler_job.py:182} INFO - Started process (PID=432) to work on /home/airflow/.local/lib/python3.6/site-packages/airflow/example_dags/example_branch_day_of_week_operator.py
[2021-08-18 09:04:47,195] {scheduler_job.py:633} INFO - Processing file /home/airflow/.local/lib/python3.6/site-packages/airflow/example_dags/example_branch_day_of_week_operator.py for tasks to queue
[2021-08-18 09:04:47,197] {logging_mixin.py:104} INFO - [2021-08-18 09:04:47,197] {dagbag.py:487} INFO - Filling up the DagBag from /home/airflow/.local/lib/python3.6/site-packages/airflow/example_dags/example_branch_day_of_week_operator.py
[2021-08-18 09:04:47,220] {scheduler_job.py:643} INFO - DAG(s) dict_keys(['example_weekday_branch_operator']) retrieved from /home/airflow/.local/lib/python3.6/site-packages/airflow/example_dags/example_branch_day_of_week_operator.py
[2021-08-18 09:04:47,266] {logging_mixin.py:104} INFO - [2021-08-18 09:04:47,266] {dag.py:1832} INFO - Sync 1 DAGs
[2021-08-18 09:04:47,307] {logging_mixin.py:104} INFO - [2021-08-18 09:04:47,307] {dag.py:2305} INFO - Setting next_dagrun for example_weekday_branch_operator to 2021-08-16 00:00:00+00:00
[2021-08-18 09:04:47,327] {scheduler_job.py:190} INFO - Processing /home/airflow/.local/lib/python3.6/site-packages/airflow/example_dags/example_branch_day_of_week_operator.py took 0.141 seconds
[2021-08-18 09:05:18,205] {scheduler_job.py:182} INFO - Started process (PID=503) to work on /home/airflow/.local/lib/python3.6/site-packages/airflow/example_dags/example_branch_day_of_week_operator.py
[2021-08-18 09:05:18,207] {scheduler_job.py:633} INFO - Processing file /home/airflow/.local/lib/python3.6/site-packages/airflow/example_dags/example_branch_day_of_week_operator.py for tasks to queue
[2021-08-18 09:05:18,209] {logging_mixin.py:104} INFO - [2021-08-18 09:05:18,208] {dagbag.py:487} INFO - Filling up the DagBag from /home/airflow/.local/lib/python3.6/site-packages/airflow/example_dags/example_branch_day_of_week_operator.py
[2021-08-18 09:05:18,224] {scheduler_job.py:643} INFO - DAG(s) dict_keys(['example_weekday_branch_operator']) retrieved from /home/airflow/.local/lib/python3.6/site-packages/airflow/example_dags/example_branch_day_of_week_operator.py
[2021-08-18 09:05:18,247] {logging_mixin.py:104} INFO - [2021-08-18 09:05:18,247] {dag.py:1832} INFO - Sync 1 DAGs
[2021-08-18 09:05:18,268] {logging_mixin.py:104} INFO - [2021-08-18 09:05:18,268] {dag.py:2305} INFO - Setting next_dagrun for example_weekday_branch_operator to 2021-08-16 00:00:00+00:00
[2021-08-18 09:05:18,279] {scheduler_job.py:190} INFO - Processing /home/airflow/.local/lib/python3.6/site-packages/airflow/example_dags/example_branch_day_of_week_operator.py took 0.078 seconds
[2021-08-18 09:05:49,498] {scheduler_job.py:182} INFO - Started process (PID=586) to work on /home/airflow/.local/lib/python3.6/site-packages/airflow/example_dags/example_branch_day_of_week_operator.py
[2021-08-18 09:05:49,500] {scheduler_job.py:633} INFO - Processing file /home/airflow/.local/lib/python3.6/site-packages/airflow/example_dags/example_branch_day_of_week_operator.py for tasks to queue
[2021-08-18 09:05:49,504] {logging_mixin.py:104} INFO - [2021-08-18 09:05:49,504] {dagbag.py:487} INFO - Filling up the DagBag from /home/airflow/.local/lib/python3.6/site-packages/airflow/example_dags/example_branch_day_of_week_operator.py
[2021-08-18 09:05:49,547] {scheduler_job.py:643} INFO - DAG(s) dict_keys(['example_weekday_branch_operator']) retrieved from /home/airflow/.local/lib/python3.6/site-packages/airflow/example_dags/example_branch_day_of_week_operator.py
[2021-08-18 09:05:49,576] {logging_mixin.py:104} INFO - [2021-08-18 09:05:49,576] {dag.py:1832} INFO - Sync 1 DAGs
[2021-08-18 09:05:49,604] {logging_mixin.py:104} INFO - [2021-08-18 09:05:49,603] {dag.py:2305} INFO - Setting next_dagrun for example_weekday_branch_operator to 2021-08-16 00:00:00+00:00
[2021-08-18 09:05:49,616] {scheduler_job.py:190} INFO - Processing /home/airflow/.local/lib/python3.6/site-packages/airflow/example_dags/example_branch_day_of_week_operator.py took 0.144 seconds
[2021-08-18 09:06:24,697] {scheduler_job.py:182} INFO - Started process (PID=660) to work on /home/airflow/.local/lib/python3.6/site-packages/airflow/example_dags/example_branch_day_of_week_operator.py
[2021-08-18 09:06:24,701] {scheduler_job.py:633} INFO - Processing file /home/airflow/.local/lib/python3.6/site-packages/airflow/example_dags/example_branch_day_of_week_operator.py for tasks to queue
[2021-08-18 09:06:24,706] {logging_mixin.py:104} INFO - [2021-08-18 09:06:24,706] {dagbag.py:487} INFO - Filling up the DagBag from /home/airflow/.local/lib/python3.6/site-packages/airflow/example_dags/example_branch_day_of_week_operator.py
[2021-08-18 09:06:24,736] {scheduler_job.py:643} INFO - DAG(s) dict_keys(['example_weekday_branch_operator']) retrieved from /home/airflow/.local/lib/python3.6/site-packages/airflow/example_dags/example_branch_day_of_week_operator.py
[2021-08-18 09:06:24,766] {logging_mixin.py:104} INFO - [2021-08-18 09:06:24,766] {dag.py:1832} INFO - Sync 1 DAGs
[2021-08-18 09:06:24,793] {logging_mixin.py:104} INFO - [2021-08-18 09:06:24,793] {dag.py:2305} INFO - Setting next_dagrun for example_weekday_branch_operator to 2021-08-16 00:00:00+00:00
[2021-08-18 09:06:24,806] {scheduler_job.py:190} INFO - Processing /home/airflow/.local/lib/python3.6/site-packages/airflow/example_dags/example_branch_day_of_week_operator.py took 0.116 seconds
[2021-08-18 09:06:55,932] {scheduler_job.py:182} INFO - Started process (PID=721) to work on /home/airflow/.local/lib/python3.6/site-packages/airflow/example_dags/example_branch_day_of_week_operator.py
[2021-08-18 09:06:55,935] {scheduler_job.py:633} INFO - Processing file /home/airflow/.local/lib/python3.6/site-packages/airflow/example_dags/example_branch_day_of_week_operator.py for tasks to queue
[2021-08-18 09:06:55,937] {logging_mixin.py:104} INFO - [2021-08-18 09:06:55,936] {dagbag.py:487} INFO - Filling up the DagBag from /home/airflow/.local/lib/python3.6/site-packages/airflow/example_dags/example_branch_day_of_week_operator.py
[2021-08-18 09:06:55,954] {scheduler_job.py:643} INFO - DAG(s) dict_keys(['example_weekday_branch_operator']) retrieved from /home/airflow/.local/lib/python3.6/site-packages/airflow/example_dags/example_branch_day_of_week_operator.py
[2021-08-18 09:06:55,981] {logging_mixin.py:104} INFO - [2021-08-18 09:06:55,981] {dag.py:1832} INFO - Sync 1 DAGs
[2021-08-18 09:06:56,005] {logging_mixin.py:104} INFO - [2021-08-18 09:06:56,005] {dag.py:2305} INFO - Setting next_dagrun for example_weekday_branch_operator to 2021-08-16 00:00:00+00:00
[2021-08-18 09:06:56,017] {scheduler_job.py:190} INFO - Processing /home/airflow/.local/lib/python3.6/site-packages/airflow/example_dags/example_branch_day_of_week_operator.py took 0.090 seconds
[2021-08-18 09:07:27,848] {scheduler_job.py:182} INFO - Started process (PID=785) to work on /home/airflow/.local/lib/python3.6/site-packages/airflow/example_dags/example_branch_day_of_week_operator.py
[2021-08-18 09:07:27,850] {scheduler_job.py:633} INFO - Processing file /home/airflow/.local/lib/python3.6/site-packages/airflow/example_dags/example_branch_day_of_week_operator.py for tasks to queue
[2021-08-18 09:07:27,852] {logging_mixin.py:104} INFO - [2021-08-18 09:07:27,851] {dagbag.py:487} INFO - Filling up the DagBag from /home/airflow/.local/lib/python3.6/site-packages/airflow/example_dags/example_branch_day_of_week_operator.py
[2021-08-18 09:07:27,869] {scheduler_job.py:643} INFO - DAG(s) dict_keys(['example_weekday_branch_operator']) retrieved from /home/airflow/.local/lib/python3.6/site-packages/airflow/example_dags/example_branch_day_of_week_operator.py
[2021-08-18 09:07:27,893] {logging_mixin.py:104} INFO - [2021-08-18 09:07:27,893] {dag.py:1832} INFO - Sync 1 DAGs
[2021-08-18 09:07:27,915] {logging_mixin.py:104} INFO - [2021-08-18 09:07:27,914] {dag.py:2305} INFO - Setting next_dagrun for example_weekday_branch_operator to 2021-08-16 00:00:00+00:00
[2021-08-18 09:07:27,925] {scheduler_job.py:190} INFO - Processing /home/airflow/.local/lib/python3.6/site-packages/airflow/example_dags/example_branch_day_of_week_operator.py took 0.082 seconds
[2021-08-18 09:07:58,793] {scheduler_job.py:182} INFO - Started process (PID=862) to work on /home/airflow/.local/lib/python3.6/site-packages/airflow/example_dags/example_branch_day_of_week_operator.py
[2021-08-18 09:07:58,795] {scheduler_job.py:633} INFO - Processing file /home/airflow/.local/lib/python3.6/site-packages/airflow/example_dags/example_branch_day_of_week_operator.py for tasks to queue
[2021-08-18 09:07:58,797] {logging_mixin.py:104} INFO - [2021-08-18 09:07:58,796] {dagbag.py:487} INFO - Filling up the DagBag from /home/airflow/.local/lib/python3.6/site-packages/airflow/example_dags/example_branch_day_of_week_operator.py
[2021-08-18 09:07:58,814] {scheduler_job.py:643} INFO - DAG(s) dict_keys(['example_weekday_branch_operator']) retrieved from /home/airflow/.local/lib/python3.6/site-packages/airflow/example_dags/example_branch_day_of_week_operator.py
[2021-08-18 09:07:58,842] {logging_mixin.py:104} INFO - [2021-08-18 09:07:58,842] {dag.py:1832} INFO - Sync 1 DAGs
[2021-08-18 09:07:58,864] {logging_mixin.py:104} INFO - [2021-08-18 09:07:58,864] {dag.py:2305} INFO - Setting next_dagrun for example_weekday_branch_operator to 2021-08-16 00:00:00+00:00
[2021-08-18 09:07:58,876] {scheduler_job.py:190} INFO - Processing /home/airflow/.local/lib/python3.6/site-packages/airflow/example_dags/example_branch_day_of_week_operator.py took 0.088 seconds
[2021-08-18 09:08:34,020] {scheduler_job.py:182} INFO - Started process (PID=905) to work on /home/airflow/.local/lib/python3.6/site-packages/airflow/example_dags/example_branch_day_of_week_operator.py
[2021-08-18 09:08:34,023] {scheduler_job.py:633} INFO - Processing file /home/airflow/.local/lib/python3.6/site-packages/airflow/example_dags/example_branch_day_of_week_operator.py for tasks to queue
[2021-08-18 09:08:34,026] {logging_mixin.py:104} INFO - [2021-08-18 09:08:34,026] {dagbag.py:487} INFO - Filling up the DagBag from /home/airflow/.local/lib/python3.6/site-packages/airflow/example_dags/example_branch_day_of_week_operator.py
[2021-08-18 09:08:34,050] {scheduler_job.py:643} INFO - DAG(s) dict_keys(['example_weekday_branch_operator']) retrieved from /home/airflow/.local/lib/python3.6/site-packages/airflow/example_dags/example_branch_day_of_week_operator.py
[2021-08-18 09:08:34,095] {logging_mixin.py:104} INFO - [2021-08-18 09:08:34,095] {dag.py:1832} INFO - Sync 1 DAGs
[2021-08-18 09:08:34,133] {logging_mixin.py:104} INFO - [2021-08-18 09:08:34,133] {dag.py:2305} INFO - Setting next_dagrun for example_weekday_branch_operator to 2021-08-16 00:00:00+00:00
[2021-08-18 09:08:34,150] {scheduler_job.py:190} INFO - Processing /home/airflow/.local/lib/python3.6/site-packages/airflow/example_dags/example_branch_day_of_week_operator.py took 0.137 seconds
[2021-08-18 09:09:04,523] {scheduler_job.py:182} INFO - Started process (PID=971) to work on /home/airflow/.local/lib/python3.6/site-packages/airflow/example_dags/example_branch_day_of_week_operator.py
[2021-08-18 09:09:04,526] {scheduler_job.py:633} INFO - Processing file /home/airflow/.local/lib/python3.6/site-packages/airflow/example_dags/example_branch_day_of_week_operator.py for tasks to queue
[2021-08-18 09:09:04,528] {logging_mixin.py:104} INFO - [2021-08-18 09:09:04,528] {dagbag.py:487} INFO - Filling up the DagBag from /home/airflow/.local/lib/python3.6/site-packages/airflow/example_dags/example_branch_day_of_week_operator.py
[2021-08-18 09:09:04,548] {scheduler_job.py:643} INFO - DAG(s) dict_keys(['example_weekday_branch_operator']) retrieved from /home/airflow/.local/lib/python3.6/site-packages/airflow/example_dags/example_branch_day_of_week_operator.py
[2021-08-18 09:09:04,581] {logging_mixin.py:104} INFO - [2021-08-18 09:09:04,581] {dag.py:1832} INFO - Sync 1 DAGs
[2021-08-18 09:09:04,612] {logging_mixin.py:104} INFO - [2021-08-18 09:09:04,612] {dag.py:2305} INFO - Setting next_dagrun for example_weekday_branch_operator to 2021-08-16 00:00:00+00:00
[2021-08-18 09:09:04,627] {scheduler_job.py:190} INFO - Processing /home/airflow/.local/lib/python3.6/site-packages/airflow/example_dags/example_branch_day_of_week_operator.py took 0.109 seconds
[2021-08-18 09:09:37,401] {scheduler_job.py:182} INFO - Started process (PID=1033) to work on /home/airflow/.local/lib/python3.6/site-packages/airflow/example_dags/example_branch_day_of_week_operator.py
[2021-08-18 09:09:37,403] {scheduler_job.py:633} INFO - Processing file /home/airflow/.local/lib/python3.6/site-packages/airflow/example_dags/example_branch_day_of_week_operator.py for tasks to queue
[2021-08-18 09:09:37,404] {logging_mixin.py:104} INFO - [2021-08-18 09:09:37,404] {dagbag.py:487} INFO - Filling up the DagBag from /home/airflow/.local/lib/python3.6/site-packages/airflow/example_dags/example_branch_day_of_week_operator.py
[2021-08-18 09:09:37,426] {scheduler_job.py:643} INFO - DAG(s) dict_keys(['example_weekday_branch_operator']) retrieved from /home/airflow/.local/lib/python3.6/site-packages/airflow/example_dags/example_branch_day_of_week_operator.py
[2021-08-18 09:09:37,461] {logging_mixin.py:104} INFO - [2021-08-18 09:09:37,461] {dag.py:1832} INFO - Sync 1 DAGs
[2021-08-18 09:09:37,499] {logging_mixin.py:104} INFO - [2021-08-18 09:09:37,498] {dag.py:2305} INFO - Setting next_dagrun for example_weekday_branch_operator to 2021-08-16 00:00:00+00:00
[2021-08-18 09:09:37,514] {scheduler_job.py:190} INFO - Processing /home/airflow/.local/lib/python3.6/site-packages/airflow/example_dags/example_branch_day_of_week_operator.py took 0.118 seconds
[2021-08-18 09:10:07,986] {scheduler_job.py:182} INFO - Started process (PID=1111) to work on /home/airflow/.local/lib/python3.6/site-packages/airflow/example_dags/example_branch_day_of_week_operator.py
[2021-08-18 09:10:07,988] {scheduler_job.py:633} INFO - Processing file /home/airflow/.local/lib/python3.6/site-packages/airflow/example_dags/example_branch_day_of_week_operator.py for tasks to queue
[2021-08-18 09:10:07,989] {logging_mixin.py:104} INFO - [2021-08-18 09:10:07,989] {dagbag.py:487} INFO - Filling up the DagBag from /home/airflow/.local/lib/python3.6/site-packages/airflow/example_dags/example_branch_day_of_week_operator.py
[2021-08-18 09:10:08,004] {scheduler_job.py:643} INFO - DAG(s) dict_keys(['example_weekday_branch_operator']) retrieved from /home/airflow/.local/lib/python3.6/site-packages/airflow/example_dags/example_branch_day_of_week_operator.py
[2021-08-18 09:10:08,026] {logging_mixin.py:104} INFO - [2021-08-18 09:10:08,026] {dag.py:1832} INFO - Sync 1 DAGs
[2021-08-18 09:10:08,046] {logging_mixin.py:104} INFO - [2021-08-18 09:10:08,046] {dag.py:2305} INFO - Setting next_dagrun for example_weekday_branch_operator to 2021-08-16 00:00:00+00:00
[2021-08-18 09:10:08,057] {scheduler_job.py:190} INFO - Processing /home/airflow/.local/lib/python3.6/site-packages/airflow/example_dags/example_branch_day_of_week_operator.py took 0.074 seconds
[2021-08-18 09:10:38,558] {scheduler_job.py:182} INFO - Started process (PID=1173) to work on /home/airflow/.local/lib/python3.6/site-packages/airflow/example_dags/example_branch_day_of_week_operator.py
[2021-08-18 09:10:38,561] {scheduler_job.py:633} INFO - Processing file /home/airflow/.local/lib/python3.6/site-packages/airflow/example_dags/example_branch_day_of_week_operator.py for tasks to queue
[2021-08-18 09:10:38,562] {logging_mixin.py:104} INFO - [2021-08-18 09:10:38,562] {dagbag.py:487} INFO - Filling up the DagBag from /home/airflow/.local/lib/python3.6/site-packages/airflow/example_dags/example_branch_day_of_week_operator.py
[2021-08-18 09:10:38,580] {scheduler_job.py:643} INFO - DAG(s) dict_keys(['example_weekday_branch_operator']) retrieved from /home/airflow/.local/lib/python3.6/site-packages/airflow/example_dags/example_branch_day_of_week_operator.py
[2021-08-18 09:10:38,607] {logging_mixin.py:104} INFO - [2021-08-18 09:10:38,607] {dag.py:1832} INFO - Sync 1 DAGs
[2021-08-18 09:10:38,631] {logging_mixin.py:104} INFO - [2021-08-18 09:10:38,631] {dag.py:2305} INFO - Setting next_dagrun for example_weekday_branch_operator to 2021-08-16 00:00:00+00:00
[2021-08-18 09:10:38,643] {scheduler_job.py:190} INFO - Processing /home/airflow/.local/lib/python3.6/site-packages/airflow/example_dags/example_branch_day_of_week_operator.py took 0.089 seconds
[2021-08-18 09:11:08,932] {scheduler_job.py:182} INFO - Started process (PID=1250) to work on /home/airflow/.local/lib/python3.6/site-packages/airflow/example_dags/example_branch_day_of_week_operator.py
[2021-08-18 09:11:08,934] {scheduler_job.py:633} INFO - Processing file /home/airflow/.local/lib/python3.6/site-packages/airflow/example_dags/example_branch_day_of_week_operator.py for tasks to queue
[2021-08-18 09:11:08,935] {logging_mixin.py:104} INFO - [2021-08-18 09:11:08,935] {dagbag.py:487} INFO - Filling up the DagBag from /home/airflow/.local/lib/python3.6/site-packages/airflow/example_dags/example_branch_day_of_week_operator.py
[2021-08-18 09:11:08,951] {scheduler_job.py:643} INFO - DAG(s) dict_keys(['example_weekday_branch_operator']) retrieved from /home/airflow/.local/lib/python3.6/site-packages/airflow/example_dags/example_branch_day_of_week_operator.py
[2021-08-18 09:11:08,976] {logging_mixin.py:104} INFO - [2021-08-18 09:11:08,976] {dag.py:1832} INFO - Sync 1 DAGs
[2021-08-18 09:11:08,999] {logging_mixin.py:104} INFO - [2021-08-18 09:11:08,999] {dag.py:2305} INFO - Setting next_dagrun for example_weekday_branch_operator to 2021-08-16 00:00:00+00:00
[2021-08-18 09:11:09,011] {scheduler_job.py:190} INFO - Processing /home/airflow/.local/lib/python3.6/site-packages/airflow/example_dags/example_branch_day_of_week_operator.py took 0.083 seconds
[2021-08-18 09:11:40,707] {scheduler_job.py:182} INFO - Started process (PID=1328) to work on /home/airflow/.local/lib/python3.6/site-packages/airflow/example_dags/example_branch_day_of_week_operator.py
[2021-08-18 09:11:40,709] {scheduler_job.py:633} INFO - Processing file /home/airflow/.local/lib/python3.6/site-packages/airflow/example_dags/example_branch_day_of_week_operator.py for tasks to queue
[2021-08-18 09:11:40,710] {logging_mixin.py:104} INFO - [2021-08-18 09:11:40,710] {dagbag.py:487} INFO - Filling up the DagBag from /home/airflow/.local/lib/python3.6/site-packages/airflow/example_dags/example_branch_day_of_week_operator.py
[2021-08-18 09:11:40,726] {scheduler_job.py:643} INFO - DAG(s) dict_keys(['example_weekday_branch_operator']) retrieved from /home/airflow/.local/lib/python3.6/site-packages/airflow/example_dags/example_branch_day_of_week_operator.py
[2021-08-18 09:11:40,754] {logging_mixin.py:104} INFO - [2021-08-18 09:11:40,754] {dag.py:1832} INFO - Sync 1 DAGs
[2021-08-18 09:11:40,776] {logging_mixin.py:104} INFO - [2021-08-18 09:11:40,776] {dag.py:2305} INFO - Setting next_dagrun for example_weekday_branch_operator to 2021-08-16 00:00:00+00:00
[2021-08-18 09:11:40,793] {scheduler_job.py:190} INFO - Processing /home/airflow/.local/lib/python3.6/site-packages/airflow/example_dags/example_branch_day_of_week_operator.py took 0.090 seconds
[2021-08-18 09:12:11,423] {scheduler_job.py:182} INFO - Started process (PID=1390) to work on /home/airflow/.local/lib/python3.6/site-packages/airflow/example_dags/example_branch_day_of_week_operator.py
[2021-08-18 09:12:11,425] {scheduler_job.py:633} INFO - Processing file /home/airflow/.local/lib/python3.6/site-packages/airflow/example_dags/example_branch_day_of_week_operator.py for tasks to queue
[2021-08-18 09:12:11,427] {logging_mixin.py:104} INFO - [2021-08-18 09:12:11,426] {dagbag.py:487} INFO - Filling up the DagBag from /home/airflow/.local/lib/python3.6/site-packages/airflow/example_dags/example_branch_day_of_week_operator.py
[2021-08-18 09:12:11,444] {scheduler_job.py:643} INFO - DAG(s) dict_keys(['example_weekday_branch_operator']) retrieved from /home/airflow/.local/lib/python3.6/site-packages/airflow/example_dags/example_branch_day_of_week_operator.py
[2021-08-18 09:12:11,471] {logging_mixin.py:104} INFO - [2021-08-18 09:12:11,471] {dag.py:1832} INFO - Sync 1 DAGs
[2021-08-18 09:12:11,494] {logging_mixin.py:104} INFO - [2021-08-18 09:12:11,494] {dag.py:2305} INFO - Setting next_dagrun for example_weekday_branch_operator to 2021-08-16 00:00:00+00:00
[2021-08-18 09:12:11,507] {scheduler_job.py:190} INFO - Processing /home/airflow/.local/lib/python3.6/site-packages/airflow/example_dags/example_branch_day_of_week_operator.py took 0.088 seconds
[2021-08-18 09:12:42,071] {scheduler_job.py:182} INFO - Started process (PID=1467) to work on /home/airflow/.local/lib/python3.6/site-packages/airflow/example_dags/example_branch_day_of_week_operator.py
[2021-08-18 09:12:42,073] {scheduler_job.py:633} INFO - Processing file /home/airflow/.local/lib/python3.6/site-packages/airflow/example_dags/example_branch_day_of_week_operator.py for tasks to queue
[2021-08-18 09:12:42,074] {logging_mixin.py:104} INFO - [2021-08-18 09:12:42,074] {dagbag.py:487} INFO - Filling up the DagBag from /home/airflow/.local/lib/python3.6/site-packages/airflow/example_dags/example_branch_day_of_week_operator.py
[2021-08-18 09:12:42,089] {scheduler_job.py:643} INFO - DAG(s) dict_keys(['example_weekday_branch_operator']) retrieved from /home/airflow/.local/lib/python3.6/site-packages/airflow/example_dags/example_branch_day_of_week_operator.py
[2021-08-18 09:12:42,114] {logging_mixin.py:104} INFO - [2021-08-18 09:12:42,114] {dag.py:1832} INFO - Sync 1 DAGs
[2021-08-18 09:12:42,136] {logging_mixin.py:104} INFO - [2021-08-18 09:12:42,136] {dag.py:2305} INFO - Setting next_dagrun for example_weekday_branch_operator to 2021-08-16 00:00:00+00:00
[2021-08-18 09:12:42,148] {scheduler_job.py:190} INFO - Processing /home/airflow/.local/lib/python3.6/site-packages/airflow/example_dags/example_branch_day_of_week_operator.py took 0.081 seconds
[2021-08-18 09:13:12,660] {scheduler_job.py:182} INFO - Started process (PID=1546) to work on /home/airflow/.local/lib/python3.6/site-packages/airflow/example_dags/example_branch_day_of_week_operator.py
[2021-08-18 09:13:12,662] {scheduler_job.py:633} INFO - Processing file /home/airflow/.local/lib/python3.6/site-packages/airflow/example_dags/example_branch_day_of_week_operator.py for tasks to queue
[2021-08-18 09:13:12,663] {logging_mixin.py:104} INFO - [2021-08-18 09:13:12,663] {dagbag.py:487} INFO - Filling up the DagBag from /home/airflow/.local/lib/python3.6/site-packages/airflow/example_dags/example_branch_day_of_week_operator.py
[2021-08-18 09:13:12,677] {scheduler_job.py:643} INFO - DAG(s) dict_keys(['example_weekday_branch_operator']) retrieved from /home/airflow/.local/lib/python3.6/site-packages/airflow/example_dags/example_branch_day_of_week_operator.py
[2021-08-18 09:13:12,699] {logging_mixin.py:104} INFO - [2021-08-18 09:13:12,699] {dag.py:1832} INFO - Sync 1 DAGs
[2021-08-18 09:13:12,718] {logging_mixin.py:104} INFO - [2021-08-18 09:13:12,718] {dag.py:2305} INFO - Setting next_dagrun for example_weekday_branch_operator to 2021-08-16 00:00:00+00:00
[2021-08-18 09:13:12,728] {scheduler_job.py:190} INFO - Processing /home/airflow/.local/lib/python3.6/site-packages/airflow/example_dags/example_branch_day_of_week_operator.py took 0.072 seconds
[2021-08-18 09:13:48,178] {scheduler_job.py:182} INFO - Started process (PID=1607) to work on /home/airflow/.local/lib/python3.6/site-packages/airflow/example_dags/example_branch_day_of_week_operator.py
[2021-08-18 09:13:48,182] {scheduler_job.py:633} INFO - Processing file /home/airflow/.local/lib/python3.6/site-packages/airflow/example_dags/example_branch_day_of_week_operator.py for tasks to queue
[2021-08-18 09:13:48,186] {logging_mixin.py:104} INFO - [2021-08-18 09:13:48,185] {dagbag.py:487} INFO - Filling up the DagBag from /home/airflow/.local/lib/python3.6/site-packages/airflow/example_dags/example_branch_day_of_week_operator.py
[2021-08-18 09:13:48,208] {scheduler_job.py:643} INFO - DAG(s) dict_keys(['example_weekday_branch_operator']) retrieved from /home/airflow/.local/lib/python3.6/site-packages/airflow/example_dags/example_branch_day_of_week_operator.py
[2021-08-18 09:13:48,246] {logging_mixin.py:104} INFO - [2021-08-18 09:13:48,246] {dag.py:1832} INFO - Sync 1 DAGs
[2021-08-18 09:13:48,281] {logging_mixin.py:104} INFO - [2021-08-18 09:13:48,280] {dag.py:2305} INFO - Setting next_dagrun for example_weekday_branch_operator to 2021-08-16 00:00:00+00:00
[2021-08-18 09:13:48,297] {scheduler_job.py:190} INFO - Processing /home/airflow/.local/lib/python3.6/site-packages/airflow/example_dags/example_branch_day_of_week_operator.py took 0.126 seconds
[2021-08-18 09:14:18,818] {scheduler_job.py:182} INFO - Started process (PID=1669) to work on /home/airflow/.local/lib/python3.6/site-packages/airflow/example_dags/example_branch_day_of_week_operator.py
[2021-08-18 09:14:18,821] {scheduler_job.py:633} INFO - Processing file /home/airflow/.local/lib/python3.6/site-packages/airflow/example_dags/example_branch_day_of_week_operator.py for tasks to queue
[2021-08-18 09:14:18,823] {logging_mixin.py:104} INFO - [2021-08-18 09:14:18,823] {dagbag.py:487} INFO - Filling up the DagBag from /home/airflow/.local/lib/python3.6/site-packages/airflow/example_dags/example_branch_day_of_week_operator.py
[2021-08-18 09:14:18,845] {scheduler_job.py:643} INFO - DAG(s) dict_keys(['example_weekday_branch_operator']) retrieved from /home/airflow/.local/lib/python3.6/site-packages/airflow/example_dags/example_branch_day_of_week_operator.py
[2021-08-18 09:14:18,880] {logging_mixin.py:104} INFO - [2021-08-18 09:14:18,879] {dag.py:1832} INFO - Sync 1 DAGs
[2021-08-18 09:14:18,915] {logging_mixin.py:104} INFO - [2021-08-18 09:14:18,915] {dag.py:2305} INFO - Setting next_dagrun for example_weekday_branch_operator to 2021-08-16 00:00:00+00:00
[2021-08-18 09:14:18,931] {scheduler_job.py:190} INFO - Processing /home/airflow/.local/lib/python3.6/site-packages/airflow/example_dags/example_branch_day_of_week_operator.py took 0.119 seconds
[2021-08-18 09:14:49,745] {scheduler_job.py:182} INFO - Started process (PID=1745) to work on /home/airflow/.local/lib/python3.6/site-packages/airflow/example_dags/example_branch_day_of_week_operator.py
[2021-08-18 09:14:49,746] {scheduler_job.py:633} INFO - Processing file /home/airflow/.local/lib/python3.6/site-packages/airflow/example_dags/example_branch_day_of_week_operator.py for tasks to queue
[2021-08-18 09:14:49,747] {logging_mixin.py:104} INFO - [2021-08-18 09:14:49,747] {dagbag.py:487} INFO - Filling up the DagBag from /home/airflow/.local/lib/python3.6/site-packages/airflow/example_dags/example_branch_day_of_week_operator.py
[2021-08-18 09:14:49,765] {scheduler_job.py:643} INFO - DAG(s) dict_keys(['example_weekday_branch_operator']) retrieved from /home/airflow/.local/lib/python3.6/site-packages/airflow/example_dags/example_branch_day_of_week_operator.py
[2021-08-18 09:14:49,796] {logging_mixin.py:104} INFO - [2021-08-18 09:14:49,795] {dag.py:1832} INFO - Sync 1 DAGs
[2021-08-18 09:14:49,818] {logging_mixin.py:104} INFO - [2021-08-18 09:14:49,818] {dag.py:2305} INFO - Setting next_dagrun for example_weekday_branch_operator to 2021-08-16 00:00:00+00:00
[2021-08-18 09:14:49,828] {scheduler_job.py:190} INFO - Processing /home/airflow/.local/lib/python3.6/site-packages/airflow/example_dags/example_branch_day_of_week_operator.py took 0.087 seconds
[2021-08-18 09:15:20,602] {scheduler_job.py:182} INFO - Started process (PID=1823) to work on /home/airflow/.local/lib/python3.6/site-packages/airflow/example_dags/example_branch_day_of_week_operator.py
[2021-08-18 09:15:20,603] {scheduler_job.py:633} INFO - Processing file /home/airflow/.local/lib/python3.6/site-packages/airflow/example_dags/example_branch_day_of_week_operator.py for tasks to queue
[2021-08-18 09:15:20,605] {logging_mixin.py:104} INFO - [2021-08-18 09:15:20,604] {dagbag.py:487} INFO - Filling up the DagBag from /home/airflow/.local/lib/python3.6/site-packages/airflow/example_dags/example_branch_day_of_week_operator.py
[2021-08-18 09:15:20,619] {scheduler_job.py:643} INFO - DAG(s) dict_keys(['example_weekday_branch_operator']) retrieved from /home/airflow/.local/lib/python3.6/site-packages/airflow/example_dags/example_branch_day_of_week_operator.py
[2021-08-18 09:15:20,642] {logging_mixin.py:104} INFO - [2021-08-18 09:15:20,642] {dag.py:1832} INFO - Sync 1 DAGs
[2021-08-18 09:15:20,663] {logging_mixin.py:104} INFO - [2021-08-18 09:15:20,663] {dag.py:2305} INFO - Setting next_dagrun for example_weekday_branch_operator to 2021-08-16 00:00:00+00:00
[2021-08-18 09:15:20,673] {scheduler_job.py:190} INFO - Processing /home/airflow/.local/lib/python3.6/site-packages/airflow/example_dags/example_branch_day_of_week_operator.py took 0.075 seconds
[2021-08-18 09:15:51,108] {scheduler_job.py:182} INFO - Started process (PID=1884) to work on /home/airflow/.local/lib/python3.6/site-packages/airflow/example_dags/example_branch_day_of_week_operator.py
[2021-08-18 09:15:51,110] {scheduler_job.py:633} INFO - Processing file /home/airflow/.local/lib/python3.6/site-packages/airflow/example_dags/example_branch_day_of_week_operator.py for tasks to queue
[2021-08-18 09:15:51,111] {logging_mixin.py:104} INFO - [2021-08-18 09:15:51,111] {dagbag.py:487} INFO - Filling up the DagBag from /home/airflow/.local/lib/python3.6/site-packages/airflow/example_dags/example_branch_day_of_week_operator.py
[2021-08-18 09:15:51,125] {scheduler_job.py:643} INFO - DAG(s) dict_keys(['example_weekday_branch_operator']) retrieved from /home/airflow/.local/lib/python3.6/site-packages/airflow/example_dags/example_branch_day_of_week_operator.py
[2021-08-18 09:15:51,147] {logging_mixin.py:104} INFO - [2021-08-18 09:15:51,147] {dag.py:1832} INFO - Sync 1 DAGs
[2021-08-18 09:15:51,167] {logging_mixin.py:104} INFO - [2021-08-18 09:15:51,167] {dag.py:2305} INFO - Setting next_dagrun for example_weekday_branch_operator to 2021-08-16 00:00:00+00:00
[2021-08-18 09:15:51,176] {scheduler_job.py:190} INFO - Processing /home/airflow/.local/lib/python3.6/site-packages/airflow/example_dags/example_branch_day_of_week_operator.py took 0.072 seconds
[2021-08-18 09:16:21,657] {scheduler_job.py:182} INFO - Started process (PID=1960) to work on /home/airflow/.local/lib/python3.6/site-packages/airflow/example_dags/example_branch_day_of_week_operator.py
[2021-08-18 09:16:21,659] {scheduler_job.py:633} INFO - Processing file /home/airflow/.local/lib/python3.6/site-packages/airflow/example_dags/example_branch_day_of_week_operator.py for tasks to queue
[2021-08-18 09:16:21,660] {logging_mixin.py:104} INFO - [2021-08-18 09:16:21,660] {dagbag.py:487} INFO - Filling up the DagBag from /home/airflow/.local/lib/python3.6/site-packages/airflow/example_dags/example_branch_day_of_week_operator.py
[2021-08-18 09:16:21,676] {scheduler_job.py:643} INFO - DAG(s) dict_keys(['example_weekday_branch_operator']) retrieved from /home/airflow/.local/lib/python3.6/site-packages/airflow/example_dags/example_branch_day_of_week_operator.py
[2021-08-18 09:16:21,712] {logging_mixin.py:104} INFO - [2021-08-18 09:16:21,712] {dag.py:1832} INFO - Sync 1 DAGs
[2021-08-18 09:16:21,738] {logging_mixin.py:104} INFO - [2021-08-18 09:16:21,738] {dag.py:2305} INFO - Setting next_dagrun for example_weekday_branch_operator to 2021-08-16 00:00:00+00:00
[2021-08-18 09:16:21,749] {scheduler_job.py:190} INFO - Processing /home/airflow/.local/lib/python3.6/site-packages/airflow/example_dags/example_branch_day_of_week_operator.py took 0.096 seconds
[2021-08-18 09:16:52,520] {scheduler_job.py:182} INFO - Started process (PID=2033) to work on /home/airflow/.local/lib/python3.6/site-packages/airflow/example_dags/example_branch_day_of_week_operator.py
[2021-08-18 09:16:52,523] {scheduler_job.py:633} INFO - Processing file /home/airflow/.local/lib/python3.6/site-packages/airflow/example_dags/example_branch_day_of_week_operator.py for tasks to queue
[2021-08-18 09:16:52,524] {logging_mixin.py:104} INFO - [2021-08-18 09:16:52,524] {dagbag.py:487} INFO - Filling up the DagBag from /home/airflow/.local/lib/python3.6/site-packages/airflow/example_dags/example_branch_day_of_week_operator.py
[2021-08-18 09:16:52,541] {scheduler_job.py:643} INFO - DAG(s) dict_keys(['example_weekday_branch_operator']) retrieved from /home/airflow/.local/lib/python3.6/site-packages/airflow/example_dags/example_branch_day_of_week_operator.py
[2021-08-18 09:16:52,571] {logging_mixin.py:104} INFO - [2021-08-18 09:16:52,571] {dag.py:1832} INFO - Sync 1 DAGs
[2021-08-18 09:16:52,596] {logging_mixin.py:104} INFO - [2021-08-18 09:16:52,596] {dag.py:2305} INFO - Setting next_dagrun for example_weekday_branch_operator to 2021-08-16 00:00:00+00:00
[2021-08-18 09:16:52,610] {scheduler_job.py:190} INFO - Processing /home/airflow/.local/lib/python3.6/site-packages/airflow/example_dags/example_branch_day_of_week_operator.py took 0.095 seconds
[2021-08-18 09:17:36,210] {scheduler_job.py:182} INFO - Started process (PID=56) to work on /home/airflow/.local/lib/python3.6/site-packages/airflow/example_dags/example_branch_day_of_week_operator.py
[2021-08-18 09:17:36,213] {scheduler_job.py:633} INFO - Processing file /home/airflow/.local/lib/python3.6/site-packages/airflow/example_dags/example_branch_day_of_week_operator.py for tasks to queue
[2021-08-18 09:17:36,215] {logging_mixin.py:104} INFO - [2021-08-18 09:17:36,214] {dagbag.py:487} INFO - Filling up the DagBag from /home/airflow/.local/lib/python3.6/site-packages/airflow/example_dags/example_branch_day_of_week_operator.py
[2021-08-18 09:17:36,229] {scheduler_job.py:643} INFO - DAG(s) dict_keys(['example_weekday_branch_operator']) retrieved from /home/airflow/.local/lib/python3.6/site-packages/airflow/example_dags/example_branch_day_of_week_operator.py
[2021-08-18 09:17:36,260] {logging_mixin.py:104} INFO - [2021-08-18 09:17:36,260] {dag.py:1832} INFO - Sync 1 DAGs
[2021-08-18 09:17:36,280] {logging_mixin.py:104} INFO - [2021-08-18 09:17:36,280] {dag.py:2305} INFO - Setting next_dagrun for example_weekday_branch_operator to 2021-08-16 00:00:00+00:00
[2021-08-18 09:17:36,292] {scheduler_job.py:190} INFO - Processing /home/airflow/.local/lib/python3.6/site-packages/airflow/example_dags/example_branch_day_of_week_operator.py took 0.086 seconds
[2021-08-18 09:18:07,220] {scheduler_job.py:182} INFO - Started process (PID=133) to work on /home/airflow/.local/lib/python3.6/site-packages/airflow/example_dags/example_branch_day_of_week_operator.py
[2021-08-18 09:18:07,222] {scheduler_job.py:633} INFO - Processing file /home/airflow/.local/lib/python3.6/site-packages/airflow/example_dags/example_branch_day_of_week_operator.py for tasks to queue
[2021-08-18 09:18:07,223] {logging_mixin.py:104} INFO - [2021-08-18 09:18:07,223] {dagbag.py:487} INFO - Filling up the DagBag from /home/airflow/.local/lib/python3.6/site-packages/airflow/example_dags/example_branch_day_of_week_operator.py
[2021-08-18 09:18:07,235] {scheduler_job.py:643} INFO - DAG(s) dict_keys(['example_weekday_branch_operator']) retrieved from /home/airflow/.local/lib/python3.6/site-packages/airflow/example_dags/example_branch_day_of_week_operator.py
[2021-08-18 09:18:07,256] {logging_mixin.py:104} INFO - [2021-08-18 09:18:07,256] {dag.py:1832} INFO - Sync 1 DAGs
[2021-08-18 09:18:07,274] {logging_mixin.py:104} INFO - [2021-08-18 09:18:07,274] {dag.py:2305} INFO - Setting next_dagrun for example_weekday_branch_operator to 2021-08-16 00:00:00+00:00
[2021-08-18 09:18:07,282] {scheduler_job.py:190} INFO - Processing /home/airflow/.local/lib/python3.6/site-packages/airflow/example_dags/example_branch_day_of_week_operator.py took 0.066 seconds
[2021-08-18 09:18:38,563] {scheduler_job.py:182} INFO - Started process (PID=196) to work on /home/airflow/.local/lib/python3.6/site-packages/airflow/example_dags/example_branch_day_of_week_operator.py
[2021-08-18 09:18:38,564] {scheduler_job.py:633} INFO - Processing file /home/airflow/.local/lib/python3.6/site-packages/airflow/example_dags/example_branch_day_of_week_operator.py for tasks to queue
[2021-08-18 09:18:38,566] {logging_mixin.py:104} INFO - [2021-08-18 09:18:38,566] {dagbag.py:487} INFO - Filling up the DagBag from /home/airflow/.local/lib/python3.6/site-packages/airflow/example_dags/example_branch_day_of_week_operator.py
[2021-08-18 09:18:38,581] {scheduler_job.py:643} INFO - DAG(s) dict_keys(['example_weekday_branch_operator']) retrieved from /home/airflow/.local/lib/python3.6/site-packages/airflow/example_dags/example_branch_day_of_week_operator.py
[2021-08-18 09:18:38,605] {logging_mixin.py:104} INFO - [2021-08-18 09:18:38,605] {dag.py:1832} INFO - Sync 1 DAGs
[2021-08-18 09:18:38,630] {logging_mixin.py:104} INFO - [2021-08-18 09:18:38,630] {dag.py:2305} INFO - Setting next_dagrun for example_weekday_branch_operator to 2021-08-16 00:00:00+00:00
[2021-08-18 09:18:38,639] {scheduler_job.py:190} INFO - Processing /home/airflow/.local/lib/python3.6/site-packages/airflow/example_dags/example_branch_day_of_week_operator.py took 0.081 seconds
[2021-08-18 09:19:08,935] {scheduler_job.py:182} INFO - Started process (PID=274) to work on /home/airflow/.local/lib/python3.6/site-packages/airflow/example_dags/example_branch_day_of_week_operator.py
[2021-08-18 09:19:08,938] {scheduler_job.py:633} INFO - Processing file /home/airflow/.local/lib/python3.6/site-packages/airflow/example_dags/example_branch_day_of_week_operator.py for tasks to queue
[2021-08-18 09:19:08,939] {logging_mixin.py:104} INFO - [2021-08-18 09:19:08,939] {dagbag.py:487} INFO - Filling up the DagBag from /home/airflow/.local/lib/python3.6/site-packages/airflow/example_dags/example_branch_day_of_week_operator.py
[2021-08-18 09:19:08,954] {scheduler_job.py:643} INFO - DAG(s) dict_keys(['example_weekday_branch_operator']) retrieved from /home/airflow/.local/lib/python3.6/site-packages/airflow/example_dags/example_branch_day_of_week_operator.py
[2021-08-18 09:19:08,977] {logging_mixin.py:104} INFO - [2021-08-18 09:19:08,977] {dag.py:1832} INFO - Sync 1 DAGs
[2021-08-18 09:19:08,996] {logging_mixin.py:104} INFO - [2021-08-18 09:19:08,996] {dag.py:2305} INFO - Setting next_dagrun for example_weekday_branch_operator to 2021-08-16 00:00:00+00:00
[2021-08-18 09:19:09,009] {scheduler_job.py:190} INFO - Processing /home/airflow/.local/lib/python3.6/site-packages/airflow/example_dags/example_branch_day_of_week_operator.py took 0.077 seconds
[2021-08-18 09:19:39,329] {scheduler_job.py:182} INFO - Started process (PID=352) to work on /home/airflow/.local/lib/python3.6/site-packages/airflow/example_dags/example_branch_day_of_week_operator.py
[2021-08-18 09:19:39,331] {scheduler_job.py:633} INFO - Processing file /home/airflow/.local/lib/python3.6/site-packages/airflow/example_dags/example_branch_day_of_week_operator.py for tasks to queue
[2021-08-18 09:19:39,333] {logging_mixin.py:104} INFO - [2021-08-18 09:19:39,333] {dagbag.py:487} INFO - Filling up the DagBag from /home/airflow/.local/lib/python3.6/site-packages/airflow/example_dags/example_branch_day_of_week_operator.py
[2021-08-18 09:19:39,347] {scheduler_job.py:643} INFO - DAG(s) dict_keys(['example_weekday_branch_operator']) retrieved from /home/airflow/.local/lib/python3.6/site-packages/airflow/example_dags/example_branch_day_of_week_operator.py
[2021-08-18 09:19:39,371] {logging_mixin.py:104} INFO - [2021-08-18 09:19:39,371] {dag.py:1832} INFO - Sync 1 DAGs
[2021-08-18 09:19:39,393] {logging_mixin.py:104} INFO - [2021-08-18 09:19:39,392] {dag.py:2305} INFO - Setting next_dagrun for example_weekday_branch_operator to 2021-08-16 00:00:00+00:00
[2021-08-18 09:19:39,404] {scheduler_job.py:190} INFO - Processing /home/airflow/.local/lib/python3.6/site-packages/airflow/example_dags/example_branch_day_of_week_operator.py took 0.079 seconds
[2021-08-18 09:20:09,896] {scheduler_job.py:182} INFO - Started process (PID=414) to work on /home/airflow/.local/lib/python3.6/site-packages/airflow/example_dags/example_branch_day_of_week_operator.py
[2021-08-18 09:20:09,899] {scheduler_job.py:633} INFO - Processing file /home/airflow/.local/lib/python3.6/site-packages/airflow/example_dags/example_branch_day_of_week_operator.py for tasks to queue
[2021-08-18 09:20:09,900] {logging_mixin.py:104} INFO - [2021-08-18 09:20:09,900] {dagbag.py:487} INFO - Filling up the DagBag from /home/airflow/.local/lib/python3.6/site-packages/airflow/example_dags/example_branch_day_of_week_operator.py
[2021-08-18 09:20:09,924] {scheduler_job.py:643} INFO - DAG(s) dict_keys(['example_weekday_branch_operator']) retrieved from /home/airflow/.local/lib/python3.6/site-packages/airflow/example_dags/example_branch_day_of_week_operator.py
[2021-08-18 09:20:09,975] {logging_mixin.py:104} INFO - [2021-08-18 09:20:09,975] {dag.py:1832} INFO - Sync 1 DAGs
[2021-08-18 09:20:10,000] {logging_mixin.py:104} INFO - [2021-08-18 09:20:10,000] {dag.py:2305} INFO - Setting next_dagrun for example_weekday_branch_operator to 2021-08-16 00:00:00+00:00
[2021-08-18 09:20:10,013] {scheduler_job.py:190} INFO - Processing /home/airflow/.local/lib/python3.6/site-packages/airflow/example_dags/example_branch_day_of_week_operator.py took 0.121 seconds
[2021-08-18 09:20:40,066] {scheduler_job.py:182} INFO - Started process (PID=491) to work on /home/airflow/.local/lib/python3.6/site-packages/airflow/example_dags/example_branch_day_of_week_operator.py
[2021-08-18 09:20:40,069] {scheduler_job.py:633} INFO - Processing file /home/airflow/.local/lib/python3.6/site-packages/airflow/example_dags/example_branch_day_of_week_operator.py for tasks to queue
[2021-08-18 09:20:40,070] {logging_mixin.py:104} INFO - [2021-08-18 09:20:40,070] {dagbag.py:487} INFO - Filling up the DagBag from /home/airflow/.local/lib/python3.6/site-packages/airflow/example_dags/example_branch_day_of_week_operator.py
[2021-08-18 09:20:40,084] {scheduler_job.py:643} INFO - DAG(s) dict_keys(['example_weekday_branch_operator']) retrieved from /home/airflow/.local/lib/python3.6/site-packages/airflow/example_dags/example_branch_day_of_week_operator.py
[2021-08-18 09:20:40,112] {logging_mixin.py:104} INFO - [2021-08-18 09:20:40,112] {dag.py:1832} INFO - Sync 1 DAGs
[2021-08-18 09:20:40,134] {logging_mixin.py:104} INFO - [2021-08-18 09:20:40,134] {dag.py:2305} INFO - Setting next_dagrun for example_weekday_branch_operator to 2021-08-16 00:00:00+00:00
[2021-08-18 09:20:40,145] {scheduler_job.py:190} INFO - Processing /home/airflow/.local/lib/python3.6/site-packages/airflow/example_dags/example_branch_day_of_week_operator.py took 0.082 seconds
[2021-08-18 09:21:10,373] {scheduler_job.py:182} INFO - Started process (PID=552) to work on /home/airflow/.local/lib/python3.6/site-packages/airflow/example_dags/example_branch_day_of_week_operator.py
[2021-08-18 09:21:10,375] {scheduler_job.py:633} INFO - Processing file /home/airflow/.local/lib/python3.6/site-packages/airflow/example_dags/example_branch_day_of_week_operator.py for tasks to queue
[2021-08-18 09:21:10,376] {logging_mixin.py:104} INFO - [2021-08-18 09:21:10,376] {dagbag.py:487} INFO - Filling up the DagBag from /home/airflow/.local/lib/python3.6/site-packages/airflow/example_dags/example_branch_day_of_week_operator.py
[2021-08-18 09:21:10,388] {scheduler_job.py:643} INFO - DAG(s) dict_keys(['example_weekday_branch_operator']) retrieved from /home/airflow/.local/lib/python3.6/site-packages/airflow/example_dags/example_branch_day_of_week_operator.py
[2021-08-18 09:21:10,419] {logging_mixin.py:104} INFO - [2021-08-18 09:21:10,419] {dag.py:1832} INFO - Sync 1 DAGs
[2021-08-18 09:21:10,439] {logging_mixin.py:104} INFO - [2021-08-18 09:21:10,439] {dag.py:2305} INFO - Setting next_dagrun for example_weekday_branch_operator to 2021-08-16 00:00:00+00:00
[2021-08-18 09:21:10,450] {scheduler_job.py:190} INFO - Processing /home/airflow/.local/lib/python3.6/site-packages/airflow/example_dags/example_branch_day_of_week_operator.py took 0.080 seconds
[2021-08-18 09:21:40,658] {scheduler_job.py:182} INFO - Started process (PID=630) to work on /home/airflow/.local/lib/python3.6/site-packages/airflow/example_dags/example_branch_day_of_week_operator.py
[2021-08-18 09:21:40,661] {scheduler_job.py:633} INFO - Processing file /home/airflow/.local/lib/python3.6/site-packages/airflow/example_dags/example_branch_day_of_week_operator.py for tasks to queue
[2021-08-18 09:21:40,662] {logging_mixin.py:104} INFO - [2021-08-18 09:21:40,662] {dagbag.py:487} INFO - Filling up the DagBag from /home/airflow/.local/lib/python3.6/site-packages/airflow/example_dags/example_branch_day_of_week_operator.py
[2021-08-18 09:21:40,677] {scheduler_job.py:643} INFO - DAG(s) dict_keys(['example_weekday_branch_operator']) retrieved from /home/airflow/.local/lib/python3.6/site-packages/airflow/example_dags/example_branch_day_of_week_operator.py
[2021-08-18 09:21:40,702] {logging_mixin.py:104} INFO - [2021-08-18 09:21:40,702] {dag.py:1832} INFO - Sync 1 DAGs
[2021-08-18 09:21:40,725] {logging_mixin.py:104} INFO - [2021-08-18 09:21:40,725] {dag.py:2305} INFO - Setting next_dagrun for example_weekday_branch_operator to 2021-08-16 00:00:00+00:00
[2021-08-18 09:21:40,737] {scheduler_job.py:190} INFO - Processing /home/airflow/.local/lib/python3.6/site-packages/airflow/example_dags/example_branch_day_of_week_operator.py took 0.083 seconds
[2021-08-18 09:22:12,002] {scheduler_job.py:182} INFO - Started process (PID=710) to work on /home/airflow/.local/lib/python3.6/site-packages/airflow/example_dags/example_branch_day_of_week_operator.py
[2021-08-18 09:22:12,004] {scheduler_job.py:633} INFO - Processing file /home/airflow/.local/lib/python3.6/site-packages/airflow/example_dags/example_branch_day_of_week_operator.py for tasks to queue
[2021-08-18 09:22:12,005] {logging_mixin.py:104} INFO - [2021-08-18 09:22:12,005] {dagbag.py:487} INFO - Filling up the DagBag from /home/airflow/.local/lib/python3.6/site-packages/airflow/example_dags/example_branch_day_of_week_operator.py
[2021-08-18 09:22:12,020] {scheduler_job.py:643} INFO - DAG(s) dict_keys(['example_weekday_branch_operator']) retrieved from /home/airflow/.local/lib/python3.6/site-packages/airflow/example_dags/example_branch_day_of_week_operator.py
[2021-08-18 09:22:12,043] {logging_mixin.py:104} INFO - [2021-08-18 09:22:12,043] {dag.py:1832} INFO - Sync 1 DAGs
[2021-08-18 09:22:12,065] {logging_mixin.py:104} INFO - [2021-08-18 09:22:12,065] {dag.py:2305} INFO - Setting next_dagrun for example_weekday_branch_operator to 2021-08-16 00:00:00+00:00
[2021-08-18 09:22:12,076] {scheduler_job.py:190} INFO - Processing /home/airflow/.local/lib/python3.6/site-packages/airflow/example_dags/example_branch_day_of_week_operator.py took 0.078 seconds
[2021-08-18 09:22:42,255] {scheduler_job.py:182} INFO - Started process (PID=771) to work on /home/airflow/.local/lib/python3.6/site-packages/airflow/example_dags/example_branch_day_of_week_operator.py
[2021-08-18 09:22:42,257] {scheduler_job.py:633} INFO - Processing file /home/airflow/.local/lib/python3.6/site-packages/airflow/example_dags/example_branch_day_of_week_operator.py for tasks to queue
[2021-08-18 09:22:42,258] {logging_mixin.py:104} INFO - [2021-08-18 09:22:42,258] {dagbag.py:487} INFO - Filling up the DagBag from /home/airflow/.local/lib/python3.6/site-packages/airflow/example_dags/example_branch_day_of_week_operator.py
[2021-08-18 09:22:42,272] {scheduler_job.py:643} INFO - DAG(s) dict_keys(['example_weekday_branch_operator']) retrieved from /home/airflow/.local/lib/python3.6/site-packages/airflow/example_dags/example_branch_day_of_week_operator.py
[2021-08-18 09:22:42,296] {logging_mixin.py:104} INFO - [2021-08-18 09:22:42,296] {dag.py:1832} INFO - Sync 1 DAGs
[2021-08-18 09:22:42,316] {logging_mixin.py:104} INFO - [2021-08-18 09:22:42,315] {dag.py:2305} INFO - Setting next_dagrun for example_weekday_branch_operator to 2021-08-16 00:00:00+00:00
[2021-08-18 09:22:42,326] {scheduler_job.py:190} INFO - Processing /home/airflow/.local/lib/python3.6/site-packages/airflow/example_dags/example_branch_day_of_week_operator.py took 0.076 seconds
[2021-08-18 09:23:13,379] {scheduler_job.py:182} INFO - Started process (PID=848) to work on /home/airflow/.local/lib/python3.6/site-packages/airflow/example_dags/example_branch_day_of_week_operator.py
[2021-08-18 09:23:13,381] {scheduler_job.py:633} INFO - Processing file /home/airflow/.local/lib/python3.6/site-packages/airflow/example_dags/example_branch_day_of_week_operator.py for tasks to queue
[2021-08-18 09:23:13,382] {logging_mixin.py:104} INFO - [2021-08-18 09:23:13,382] {dagbag.py:487} INFO - Filling up the DagBag from /home/airflow/.local/lib/python3.6/site-packages/airflow/example_dags/example_branch_day_of_week_operator.py
[2021-08-18 09:23:13,396] {scheduler_job.py:643} INFO - DAG(s) dict_keys(['example_weekday_branch_operator']) retrieved from /home/airflow/.local/lib/python3.6/site-packages/airflow/example_dags/example_branch_day_of_week_operator.py
[2021-08-18 09:23:13,417] {logging_mixin.py:104} INFO - [2021-08-18 09:23:13,417] {dag.py:1832} INFO - Sync 1 DAGs
[2021-08-18 09:23:13,435] {logging_mixin.py:104} INFO - [2021-08-18 09:23:13,435] {dag.py:2305} INFO - Setting next_dagrun for example_weekday_branch_operator to 2021-08-16 00:00:00+00:00
[2021-08-18 09:23:13,444] {scheduler_job.py:190} INFO - Processing /home/airflow/.local/lib/python3.6/site-packages/airflow/example_dags/example_branch_day_of_week_operator.py took 0.068 seconds
[2021-08-18 09:23:44,117] {scheduler_job.py:182} INFO - Started process (PID=932) to work on /home/airflow/.local/lib/python3.6/site-packages/airflow/example_dags/example_branch_day_of_week_operator.py
[2021-08-18 09:23:44,119] {scheduler_job.py:633} INFO - Processing file /home/airflow/.local/lib/python3.6/site-packages/airflow/example_dags/example_branch_day_of_week_operator.py for tasks to queue
[2021-08-18 09:23:44,121] {logging_mixin.py:104} INFO - [2021-08-18 09:23:44,121] {dagbag.py:487} INFO - Filling up the DagBag from /home/airflow/.local/lib/python3.6/site-packages/airflow/example_dags/example_branch_day_of_week_operator.py
[2021-08-18 09:23:44,135] {scheduler_job.py:643} INFO - DAG(s) dict_keys(['example_weekday_branch_operator']) retrieved from /home/airflow/.local/lib/python3.6/site-packages/airflow/example_dags/example_branch_day_of_week_operator.py
[2021-08-18 09:23:44,167] {logging_mixin.py:104} INFO - [2021-08-18 09:23:44,167] {dag.py:1832} INFO - Sync 1 DAGs
[2021-08-18 09:23:44,190] {logging_mixin.py:104} INFO - [2021-08-18 09:23:44,190] {dag.py:2305} INFO - Setting next_dagrun for example_weekday_branch_operator to 2021-08-16 00:00:00+00:00
[2021-08-18 09:23:44,232] {scheduler_job.py:190} INFO - Processing /home/airflow/.local/lib/python3.6/site-packages/airflow/example_dags/example_branch_day_of_week_operator.py took 0.119 seconds
[2021-08-18 09:24:15,221] {scheduler_job.py:182} INFO - Started process (PID=1000) to work on /home/airflow/.local/lib/python3.6/site-packages/airflow/example_dags/example_branch_day_of_week_operator.py
[2021-08-18 09:24:15,223] {scheduler_job.py:633} INFO - Processing file /home/airflow/.local/lib/python3.6/site-packages/airflow/example_dags/example_branch_day_of_week_operator.py for tasks to queue
[2021-08-18 09:24:15,225] {logging_mixin.py:104} INFO - [2021-08-18 09:24:15,224] {dagbag.py:487} INFO - Filling up the DagBag from /home/airflow/.local/lib/python3.6/site-packages/airflow/example_dags/example_branch_day_of_week_operator.py
[2021-08-18 09:24:15,239] {scheduler_job.py:643} INFO - DAG(s) dict_keys(['example_weekday_branch_operator']) retrieved from /home/airflow/.local/lib/python3.6/site-packages/airflow/example_dags/example_branch_day_of_week_operator.py
[2021-08-18 09:24:15,264] {logging_mixin.py:104} INFO - [2021-08-18 09:24:15,264] {dag.py:1832} INFO - Sync 1 DAGs
[2021-08-18 09:24:15,286] {logging_mixin.py:104} INFO - [2021-08-18 09:24:15,286] {dag.py:2305} INFO - Setting next_dagrun for example_weekday_branch_operator to 2021-08-16 00:00:00+00:00
[2021-08-18 09:24:15,296] {scheduler_job.py:190} INFO - Processing /home/airflow/.local/lib/python3.6/site-packages/airflow/example_dags/example_branch_day_of_week_operator.py took 0.079 seconds
[2021-08-18 09:24:45,751] {scheduler_job.py:182} INFO - Started process (PID=1078) to work on /home/airflow/.local/lib/python3.6/site-packages/airflow/example_dags/example_branch_day_of_week_operator.py
[2021-08-18 09:24:45,754] {scheduler_job.py:633} INFO - Processing file /home/airflow/.local/lib/python3.6/site-packages/airflow/example_dags/example_branch_day_of_week_operator.py for tasks to queue
[2021-08-18 09:24:45,756] {logging_mixin.py:104} INFO - [2021-08-18 09:24:45,756] {dagbag.py:487} INFO - Filling up the DagBag from /home/airflow/.local/lib/python3.6/site-packages/airflow/example_dags/example_branch_day_of_week_operator.py
[2021-08-18 09:24:45,772] {scheduler_job.py:643} INFO - DAG(s) dict_keys(['example_weekday_branch_operator']) retrieved from /home/airflow/.local/lib/python3.6/site-packages/airflow/example_dags/example_branch_day_of_week_operator.py
[2021-08-18 09:24:45,806] {logging_mixin.py:104} INFO - [2021-08-18 09:24:45,806] {dag.py:1832} INFO - Sync 1 DAGs
[2021-08-18 09:24:45,838] {logging_mixin.py:104} INFO - [2021-08-18 09:24:45,838] {dag.py:2305} INFO - Setting next_dagrun for example_weekday_branch_operator to 2021-08-16 00:00:00+00:00
[2021-08-18 09:24:45,850] {scheduler_job.py:190} INFO - Processing /home/airflow/.local/lib/python3.6/site-packages/airflow/example_dags/example_branch_day_of_week_operator.py took 0.104 seconds
[2021-08-18 09:25:17,100] {scheduler_job.py:182} INFO - Started process (PID=1139) to work on /home/airflow/.local/lib/python3.6/site-packages/airflow/example_dags/example_branch_day_of_week_operator.py
[2021-08-18 09:25:17,102] {scheduler_job.py:633} INFO - Processing file /home/airflow/.local/lib/python3.6/site-packages/airflow/example_dags/example_branch_day_of_week_operator.py for tasks to queue
[2021-08-18 09:25:17,104] {logging_mixin.py:104} INFO - [2021-08-18 09:25:17,104] {dagbag.py:487} INFO - Filling up the DagBag from /home/airflow/.local/lib/python3.6/site-packages/airflow/example_dags/example_branch_day_of_week_operator.py
[2021-08-18 09:25:17,121] {scheduler_job.py:643} INFO - DAG(s) dict_keys(['example_weekday_branch_operator']) retrieved from /home/airflow/.local/lib/python3.6/site-packages/airflow/example_dags/example_branch_day_of_week_operator.py
[2021-08-18 09:25:17,150] {logging_mixin.py:104} INFO - [2021-08-18 09:25:17,150] {dag.py:1832} INFO - Sync 1 DAGs
[2021-08-18 09:25:17,176] {logging_mixin.py:104} INFO - [2021-08-18 09:25:17,176] {dag.py:2305} INFO - Setting next_dagrun for example_weekday_branch_operator to 2021-08-16 00:00:00+00:00
[2021-08-18 09:25:17,189] {scheduler_job.py:190} INFO - Processing /home/airflow/.local/lib/python3.6/site-packages/airflow/example_dags/example_branch_day_of_week_operator.py took 0.094 seconds
[2021-08-18 09:25:47,236] {scheduler_job.py:182} INFO - Started process (PID=1217) to work on /home/airflow/.local/lib/python3.6/site-packages/airflow/example_dags/example_branch_day_of_week_operator.py
[2021-08-18 09:25:47,239] {scheduler_job.py:633} INFO - Processing file /home/airflow/.local/lib/python3.6/site-packages/airflow/example_dags/example_branch_day_of_week_operator.py for tasks to queue
[2021-08-18 09:25:47,241] {logging_mixin.py:104} INFO - [2021-08-18 09:25:47,241] {dagbag.py:487} INFO - Filling up the DagBag from /home/airflow/.local/lib/python3.6/site-packages/airflow/example_dags/example_branch_day_of_week_operator.py
[2021-08-18 09:25:47,258] {scheduler_job.py:643} INFO - DAG(s) dict_keys(['example_weekday_branch_operator']) retrieved from /home/airflow/.local/lib/python3.6/site-packages/airflow/example_dags/example_branch_day_of_week_operator.py
[2021-08-18 09:25:47,283] {logging_mixin.py:104} INFO - [2021-08-18 09:25:47,283] {dag.py:1832} INFO - Sync 1 DAGs
[2021-08-18 09:25:47,307] {logging_mixin.py:104} INFO - [2021-08-18 09:25:47,307] {dag.py:2305} INFO - Setting next_dagrun for example_weekday_branch_operator to 2021-08-16 00:00:00+00:00
[2021-08-18 09:25:47,320] {scheduler_job.py:190} INFO - Processing /home/airflow/.local/lib/python3.6/site-packages/airflow/example_dags/example_branch_day_of_week_operator.py took 0.088 seconds
[2021-08-18 09:26:17,429] {scheduler_job.py:182} INFO - Started process (PID=1287) to work on /home/airflow/.local/lib/python3.6/site-packages/airflow/example_dags/example_branch_day_of_week_operator.py
[2021-08-18 09:26:17,431] {scheduler_job.py:633} INFO - Processing file /home/airflow/.local/lib/python3.6/site-packages/airflow/example_dags/example_branch_day_of_week_operator.py for tasks to queue
[2021-08-18 09:26:17,432] {logging_mixin.py:104} INFO - [2021-08-18 09:26:17,432] {dagbag.py:487} INFO - Filling up the DagBag from /home/airflow/.local/lib/python3.6/site-packages/airflow/example_dags/example_branch_day_of_week_operator.py
[2021-08-18 09:26:17,446] {scheduler_job.py:643} INFO - DAG(s) dict_keys(['example_weekday_branch_operator']) retrieved from /home/airflow/.local/lib/python3.6/site-packages/airflow/example_dags/example_branch_day_of_week_operator.py
[2021-08-18 09:26:17,472] {logging_mixin.py:104} INFO - [2021-08-18 09:26:17,472] {dag.py:1832} INFO - Sync 1 DAGs
[2021-08-18 09:26:17,500] {logging_mixin.py:104} INFO - [2021-08-18 09:26:17,500] {dag.py:2305} INFO - Setting next_dagrun for example_weekday_branch_operator to 2021-08-16 00:00:00+00:00
[2021-08-18 09:26:17,545] {scheduler_job.py:190} INFO - Processing /home/airflow/.local/lib/python3.6/site-packages/airflow/example_dags/example_branch_day_of_week_operator.py took 0.119 seconds
[2021-08-18 09:26:48,535] {scheduler_job.py:182} INFO - Started process (PID=1354) to work on /home/airflow/.local/lib/python3.6/site-packages/airflow/example_dags/example_branch_day_of_week_operator.py
[2021-08-18 09:26:48,537] {scheduler_job.py:633} INFO - Processing file /home/airflow/.local/lib/python3.6/site-packages/airflow/example_dags/example_branch_day_of_week_operator.py for tasks to queue
[2021-08-18 09:26:48,539] {logging_mixin.py:104} INFO - [2021-08-18 09:26:48,538] {dagbag.py:487} INFO - Filling up the DagBag from /home/airflow/.local/lib/python3.6/site-packages/airflow/example_dags/example_branch_day_of_week_operator.py
[2021-08-18 09:26:48,552] {scheduler_job.py:643} INFO - DAG(s) dict_keys(['example_weekday_branch_operator']) retrieved from /home/airflow/.local/lib/python3.6/site-packages/airflow/example_dags/example_branch_day_of_week_operator.py
[2021-08-18 09:26:48,573] {logging_mixin.py:104} INFO - [2021-08-18 09:26:48,573] {dag.py:1832} INFO - Sync 1 DAGs
[2021-08-18 09:26:48,591] {logging_mixin.py:104} INFO - [2021-08-18 09:26:48,591] {dag.py:2305} INFO - Setting next_dagrun for example_weekday_branch_operator to 2021-08-16 00:00:00+00:00
[2021-08-18 09:26:48,600] {scheduler_job.py:190} INFO - Processing /home/airflow/.local/lib/python3.6/site-packages/airflow/example_dags/example_branch_day_of_week_operator.py took 0.069 seconds
[2021-08-18 09:27:19,508] {scheduler_job.py:182} INFO - Started process (PID=1430) to work on /home/airflow/.local/lib/python3.6/site-packages/airflow/example_dags/example_branch_day_of_week_operator.py
[2021-08-18 09:27:19,510] {scheduler_job.py:633} INFO - Processing file /home/airflow/.local/lib/python3.6/site-packages/airflow/example_dags/example_branch_day_of_week_operator.py for tasks to queue
[2021-08-18 09:27:19,512] {logging_mixin.py:104} INFO - [2021-08-18 09:27:19,512] {dagbag.py:487} INFO - Filling up the DagBag from /home/airflow/.local/lib/python3.6/site-packages/airflow/example_dags/example_branch_day_of_week_operator.py
[2021-08-18 09:27:19,528] {scheduler_job.py:643} INFO - DAG(s) dict_keys(['example_weekday_branch_operator']) retrieved from /home/airflow/.local/lib/python3.6/site-packages/airflow/example_dags/example_branch_day_of_week_operator.py
[2021-08-18 09:27:19,556] {logging_mixin.py:104} INFO - [2021-08-18 09:27:19,556] {dag.py:1832} INFO - Sync 1 DAGs
[2021-08-18 09:27:19,580] {logging_mixin.py:104} INFO - [2021-08-18 09:27:19,580] {dag.py:2305} INFO - Setting next_dagrun for example_weekday_branch_operator to 2021-08-16 00:00:00+00:00
[2021-08-18 09:27:19,594] {scheduler_job.py:190} INFO - Processing /home/airflow/.local/lib/python3.6/site-packages/airflow/example_dags/example_branch_day_of_week_operator.py took 0.090 seconds
[2021-08-18 09:27:49,939] {scheduler_job.py:182} INFO - Started process (PID=1502) to work on /home/airflow/.local/lib/python3.6/site-packages/airflow/example_dags/example_branch_day_of_week_operator.py
[2021-08-18 09:27:49,942] {scheduler_job.py:633} INFO - Processing file /home/airflow/.local/lib/python3.6/site-packages/airflow/example_dags/example_branch_day_of_week_operator.py for tasks to queue
[2021-08-18 09:27:49,943] {logging_mixin.py:104} INFO - [2021-08-18 09:27:49,943] {dagbag.py:487} INFO - Filling up the DagBag from /home/airflow/.local/lib/python3.6/site-packages/airflow/example_dags/example_branch_day_of_week_operator.py
[2021-08-18 09:27:49,962] {scheduler_job.py:643} INFO - DAG(s) dict_keys(['example_weekday_branch_operator']) retrieved from /home/airflow/.local/lib/python3.6/site-packages/airflow/example_dags/example_branch_day_of_week_operator.py
[2021-08-18 09:27:49,989] {logging_mixin.py:104} INFO - [2021-08-18 09:27:49,989] {dag.py:1832} INFO - Sync 1 DAGs
[2021-08-18 09:27:50,012] {logging_mixin.py:104} INFO - [2021-08-18 09:27:50,012] {dag.py:2305} INFO - Setting next_dagrun for example_weekday_branch_operator to 2021-08-16 00:00:00+00:00
[2021-08-18 09:27:50,024] {scheduler_job.py:190} INFO - Processing /home/airflow/.local/lib/python3.6/site-packages/airflow/example_dags/example_branch_day_of_week_operator.py took 0.091 seconds
[2021-08-18 09:28:20,834] {scheduler_job.py:182} INFO - Started process (PID=1571) to work on /home/airflow/.local/lib/python3.6/site-packages/airflow/example_dags/example_branch_day_of_week_operator.py
[2021-08-18 09:28:20,837] {scheduler_job.py:633} INFO - Processing file /home/airflow/.local/lib/python3.6/site-packages/airflow/example_dags/example_branch_day_of_week_operator.py for tasks to queue
[2021-08-18 09:28:20,839] {logging_mixin.py:104} INFO - [2021-08-18 09:28:20,839] {dagbag.py:487} INFO - Filling up the DagBag from /home/airflow/.local/lib/python3.6/site-packages/airflow/example_dags/example_branch_day_of_week_operator.py
[2021-08-18 09:28:20,854] {scheduler_job.py:643} INFO - DAG(s) dict_keys(['example_weekday_branch_operator']) retrieved from /home/airflow/.local/lib/python3.6/site-packages/airflow/example_dags/example_branch_day_of_week_operator.py
[2021-08-18 09:28:20,878] {logging_mixin.py:104} INFO - [2021-08-18 09:28:20,878] {dag.py:1832} INFO - Sync 1 DAGs
[2021-08-18 09:28:20,897] {logging_mixin.py:104} INFO - [2021-08-18 09:28:20,897] {dag.py:2305} INFO - Setting next_dagrun for example_weekday_branch_operator to 2021-08-16 00:00:00+00:00
[2021-08-18 09:28:20,908] {scheduler_job.py:190} INFO - Processing /home/airflow/.local/lib/python3.6/site-packages/airflow/example_dags/example_branch_day_of_week_operator.py took 0.077 seconds
[2021-08-18 09:28:51,953] {scheduler_job.py:182} INFO - Started process (PID=1649) to work on /home/airflow/.local/lib/python3.6/site-packages/airflow/example_dags/example_branch_day_of_week_operator.py
[2021-08-18 09:28:51,955] {scheduler_job.py:633} INFO - Processing file /home/airflow/.local/lib/python3.6/site-packages/airflow/example_dags/example_branch_day_of_week_operator.py for tasks to queue
[2021-08-18 09:28:51,956] {logging_mixin.py:104} INFO - [2021-08-18 09:28:51,956] {dagbag.py:487} INFO - Filling up the DagBag from /home/airflow/.local/lib/python3.6/site-packages/airflow/example_dags/example_branch_day_of_week_operator.py
[2021-08-18 09:28:51,969] {scheduler_job.py:643} INFO - DAG(s) dict_keys(['example_weekday_branch_operator']) retrieved from /home/airflow/.local/lib/python3.6/site-packages/airflow/example_dags/example_branch_day_of_week_operator.py
[2021-08-18 09:28:51,989] {logging_mixin.py:104} INFO - [2021-08-18 09:28:51,989] {dag.py:1832} INFO - Sync 1 DAGs
[2021-08-18 09:28:52,007] {logging_mixin.py:104} INFO - [2021-08-18 09:28:52,007] {dag.py:2305} INFO - Setting next_dagrun for example_weekday_branch_operator to 2021-08-16 00:00:00+00:00
[2021-08-18 09:28:52,016] {scheduler_job.py:190} INFO - Processing /home/airflow/.local/lib/python3.6/site-packages/airflow/example_dags/example_branch_day_of_week_operator.py took 0.067 seconds
[2021-08-18 09:29:22,127] {scheduler_job.py:182} INFO - Started process (PID=1711) to work on /home/airflow/.local/lib/python3.6/site-packages/airflow/example_dags/example_branch_day_of_week_operator.py
[2021-08-18 09:29:22,129] {scheduler_job.py:633} INFO - Processing file /home/airflow/.local/lib/python3.6/site-packages/airflow/example_dags/example_branch_day_of_week_operator.py for tasks to queue
[2021-08-18 09:29:22,130] {logging_mixin.py:104} INFO - [2021-08-18 09:29:22,130] {dagbag.py:487} INFO - Filling up the DagBag from /home/airflow/.local/lib/python3.6/site-packages/airflow/example_dags/example_branch_day_of_week_operator.py
[2021-08-18 09:29:22,143] {scheduler_job.py:643} INFO - DAG(s) dict_keys(['example_weekday_branch_operator']) retrieved from /home/airflow/.local/lib/python3.6/site-packages/airflow/example_dags/example_branch_day_of_week_operator.py
[2021-08-18 09:29:22,164] {logging_mixin.py:104} INFO - [2021-08-18 09:29:22,164] {dag.py:1832} INFO - Sync 1 DAGs
[2021-08-18 09:29:22,188] {logging_mixin.py:104} INFO - [2021-08-18 09:29:22,188] {dag.py:2305} INFO - Setting next_dagrun for example_weekday_branch_operator to 2021-08-16 00:00:00+00:00
[2021-08-18 09:29:22,197] {scheduler_job.py:190} INFO - Processing /home/airflow/.local/lib/python3.6/site-packages/airflow/example_dags/example_branch_day_of_week_operator.py took 0.073 seconds
[2021-08-18 09:29:52,626] {scheduler_job.py:182} INFO - Started process (PID=1787) to work on /home/airflow/.local/lib/python3.6/site-packages/airflow/example_dags/example_branch_day_of_week_operator.py
[2021-08-18 09:29:52,628] {scheduler_job.py:633} INFO - Processing file /home/airflow/.local/lib/python3.6/site-packages/airflow/example_dags/example_branch_day_of_week_operator.py for tasks to queue
[2021-08-18 09:29:52,630] {logging_mixin.py:104} INFO - [2021-08-18 09:29:52,629] {dagbag.py:487} INFO - Filling up the DagBag from /home/airflow/.local/lib/python3.6/site-packages/airflow/example_dags/example_branch_day_of_week_operator.py
[2021-08-18 09:29:52,642] {scheduler_job.py:643} INFO - DAG(s) dict_keys(['example_weekday_branch_operator']) retrieved from /home/airflow/.local/lib/python3.6/site-packages/airflow/example_dags/example_branch_day_of_week_operator.py
[2021-08-18 09:29:52,665] {logging_mixin.py:104} INFO - [2021-08-18 09:29:52,665] {dag.py:1832} INFO - Sync 1 DAGs
[2021-08-18 09:29:52,684] {logging_mixin.py:104} INFO - [2021-08-18 09:29:52,684] {dag.py:2305} INFO - Setting next_dagrun for example_weekday_branch_operator to 2021-08-16 00:00:00+00:00
[2021-08-18 09:29:52,694] {scheduler_job.py:190} INFO - Processing /home/airflow/.local/lib/python3.6/site-packages/airflow/example_dags/example_branch_day_of_week_operator.py took 0.072 seconds
[2021-08-18 09:30:23,653] {scheduler_job.py:182} INFO - Started process (PID=1863) to work on /home/airflow/.local/lib/python3.6/site-packages/airflow/example_dags/example_branch_day_of_week_operator.py
[2021-08-18 09:30:23,656] {scheduler_job.py:633} INFO - Processing file /home/airflow/.local/lib/python3.6/site-packages/airflow/example_dags/example_branch_day_of_week_operator.py for tasks to queue
[2021-08-18 09:30:23,658] {logging_mixin.py:104} INFO - [2021-08-18 09:30:23,658] {dagbag.py:487} INFO - Filling up the DagBag from /home/airflow/.local/lib/python3.6/site-packages/airflow/example_dags/example_branch_day_of_week_operator.py
[2021-08-18 09:30:23,674] {scheduler_job.py:643} INFO - DAG(s) dict_keys(['example_weekday_branch_operator']) retrieved from /home/airflow/.local/lib/python3.6/site-packages/airflow/example_dags/example_branch_day_of_week_operator.py
[2021-08-18 09:30:23,704] {logging_mixin.py:104} INFO - [2021-08-18 09:30:23,703] {dag.py:1832} INFO - Sync 1 DAGs
[2021-08-18 09:30:23,726] {logging_mixin.py:104} INFO - [2021-08-18 09:30:23,726] {dag.py:2305} INFO - Setting next_dagrun for example_weekday_branch_operator to 2021-08-16 00:00:00+00:00
[2021-08-18 09:30:23,739] {scheduler_job.py:190} INFO - Processing /home/airflow/.local/lib/python3.6/site-packages/airflow/example_dags/example_branch_day_of_week_operator.py took 0.090 seconds
[2021-08-18 09:30:54,743] {scheduler_job.py:182} INFO - Started process (PID=1925) to work on /home/airflow/.local/lib/python3.6/site-packages/airflow/example_dags/example_branch_day_of_week_operator.py
[2021-08-18 09:30:54,745] {scheduler_job.py:633} INFO - Processing file /home/airflow/.local/lib/python3.6/site-packages/airflow/example_dags/example_branch_day_of_week_operator.py for tasks to queue
[2021-08-18 09:30:54,746] {logging_mixin.py:104} INFO - [2021-08-18 09:30:54,746] {dagbag.py:487} INFO - Filling up the DagBag from /home/airflow/.local/lib/python3.6/site-packages/airflow/example_dags/example_branch_day_of_week_operator.py
[2021-08-18 09:30:54,759] {scheduler_job.py:643} INFO - DAG(s) dict_keys(['example_weekday_branch_operator']) retrieved from /home/airflow/.local/lib/python3.6/site-packages/airflow/example_dags/example_branch_day_of_week_operator.py
[2021-08-18 09:30:54,782] {logging_mixin.py:104} INFO - [2021-08-18 09:30:54,782] {dag.py:1832} INFO - Sync 1 DAGs
[2021-08-18 09:30:54,803] {logging_mixin.py:104} INFO - [2021-08-18 09:30:54,803] {dag.py:2305} INFO - Setting next_dagrun for example_weekday_branch_operator to 2021-08-16 00:00:00+00:00
[2021-08-18 09:30:54,813] {scheduler_job.py:190} INFO - Processing /home/airflow/.local/lib/python3.6/site-packages/airflow/example_dags/example_branch_day_of_week_operator.py took 0.073 seconds
[2021-08-18 09:31:25,609] {scheduler_job.py:182} INFO - Started process (PID=2002) to work on /home/airflow/.local/lib/python3.6/site-packages/airflow/example_dags/example_branch_day_of_week_operator.py
[2021-08-18 09:31:25,611] {scheduler_job.py:633} INFO - Processing file /home/airflow/.local/lib/python3.6/site-packages/airflow/example_dags/example_branch_day_of_week_operator.py for tasks to queue
[2021-08-18 09:31:25,612] {logging_mixin.py:104} INFO - [2021-08-18 09:31:25,612] {dagbag.py:487} INFO - Filling up the DagBag from /home/airflow/.local/lib/python3.6/site-packages/airflow/example_dags/example_branch_day_of_week_operator.py
[2021-08-18 09:31:25,627] {scheduler_job.py:643} INFO - DAG(s) dict_keys(['example_weekday_branch_operator']) retrieved from /home/airflow/.local/lib/python3.6/site-packages/airflow/example_dags/example_branch_day_of_week_operator.py
[2021-08-18 09:31:25,653] {logging_mixin.py:104} INFO - [2021-08-18 09:31:25,653] {dag.py:1832} INFO - Sync 1 DAGs
[2021-08-18 09:31:25,674] {logging_mixin.py:104} INFO - [2021-08-18 09:31:25,674] {dag.py:2305} INFO - Setting next_dagrun for example_weekday_branch_operator to 2021-08-16 00:00:00+00:00
[2021-08-18 09:31:25,684] {scheduler_job.py:190} INFO - Processing /home/airflow/.local/lib/python3.6/site-packages/airflow/example_dags/example_branch_day_of_week_operator.py took 0.079 seconds
[2021-08-18 09:31:56,619] {scheduler_job.py:182} INFO - Started process (PID=2081) to work on /home/airflow/.local/lib/python3.6/site-packages/airflow/example_dags/example_branch_day_of_week_operator.py
[2021-08-18 09:31:56,621] {scheduler_job.py:633} INFO - Processing file /home/airflow/.local/lib/python3.6/site-packages/airflow/example_dags/example_branch_day_of_week_operator.py for tasks to queue
[2021-08-18 09:31:56,622] {logging_mixin.py:104} INFO - [2021-08-18 09:31:56,622] {dagbag.py:487} INFO - Filling up the DagBag from /home/airflow/.local/lib/python3.6/site-packages/airflow/example_dags/example_branch_day_of_week_operator.py
[2021-08-18 09:31:56,635] {scheduler_job.py:643} INFO - DAG(s) dict_keys(['example_weekday_branch_operator']) retrieved from /home/airflow/.local/lib/python3.6/site-packages/airflow/example_dags/example_branch_day_of_week_operator.py
[2021-08-18 09:31:56,656] {logging_mixin.py:104} INFO - [2021-08-18 09:31:56,656] {dag.py:1832} INFO - Sync 1 DAGs
[2021-08-18 09:31:56,673] {logging_mixin.py:104} INFO - [2021-08-18 09:31:56,673] {dag.py:2305} INFO - Setting next_dagrun for example_weekday_branch_operator to 2021-08-16 00:00:00+00:00
[2021-08-18 09:31:56,681] {scheduler_job.py:190} INFO - Processing /home/airflow/.local/lib/python3.6/site-packages/airflow/example_dags/example_branch_day_of_week_operator.py took 0.065 seconds
[2021-08-18 09:32:27,178] {scheduler_job.py:182} INFO - Started process (PID=2144) to work on /home/airflow/.local/lib/python3.6/site-packages/airflow/example_dags/example_branch_day_of_week_operator.py
[2021-08-18 09:32:27,180] {scheduler_job.py:633} INFO - Processing file /home/airflow/.local/lib/python3.6/site-packages/airflow/example_dags/example_branch_day_of_week_operator.py for tasks to queue
[2021-08-18 09:32:27,181] {logging_mixin.py:104} INFO - [2021-08-18 09:32:27,181] {dagbag.py:487} INFO - Filling up the DagBag from /home/airflow/.local/lib/python3.6/site-packages/airflow/example_dags/example_branch_day_of_week_operator.py
[2021-08-18 09:32:27,193] {scheduler_job.py:643} INFO - DAG(s) dict_keys(['example_weekday_branch_operator']) retrieved from /home/airflow/.local/lib/python3.6/site-packages/airflow/example_dags/example_branch_day_of_week_operator.py
[2021-08-18 09:32:27,213] {logging_mixin.py:104} INFO - [2021-08-18 09:32:27,213] {dag.py:1832} INFO - Sync 1 DAGs
[2021-08-18 09:32:27,232] {logging_mixin.py:104} INFO - [2021-08-18 09:32:27,232] {dag.py:2305} INFO - Setting next_dagrun for example_weekday_branch_operator to 2021-08-16 00:00:00+00:00
[2021-08-18 09:32:27,240] {scheduler_job.py:190} INFO - Processing /home/airflow/.local/lib/python3.6/site-packages/airflow/example_dags/example_branch_day_of_week_operator.py took 0.066 seconds
[2021-08-18 09:32:58,254] {scheduler_job.py:182} INFO - Started process (PID=2220) to work on /home/airflow/.local/lib/python3.6/site-packages/airflow/example_dags/example_branch_day_of_week_operator.py
[2021-08-18 09:32:58,257] {scheduler_job.py:633} INFO - Processing file /home/airflow/.local/lib/python3.6/site-packages/airflow/example_dags/example_branch_day_of_week_operator.py for tasks to queue
[2021-08-18 09:32:58,259] {logging_mixin.py:104} INFO - [2021-08-18 09:32:58,259] {dagbag.py:487} INFO - Filling up the DagBag from /home/airflow/.local/lib/python3.6/site-packages/airflow/example_dags/example_branch_day_of_week_operator.py
[2021-08-18 09:32:58,284] {scheduler_job.py:643} INFO - DAG(s) dict_keys(['example_weekday_branch_operator']) retrieved from /home/airflow/.local/lib/python3.6/site-packages/airflow/example_dags/example_branch_day_of_week_operator.py
[2021-08-18 09:32:58,325] {logging_mixin.py:104} INFO - [2021-08-18 09:32:58,325] {dag.py:1832} INFO - Sync 1 DAGs
[2021-08-18 09:32:58,353] {logging_mixin.py:104} INFO - [2021-08-18 09:32:58,352] {dag.py:2305} INFO - Setting next_dagrun for example_weekday_branch_operator to 2021-08-16 00:00:00+00:00
[2021-08-18 09:32:58,363] {scheduler_job.py:190} INFO - Processing /home/airflow/.local/lib/python3.6/site-packages/airflow/example_dags/example_branch_day_of_week_operator.py took 0.113 seconds
