[2021-08-18 09:02:38,449] {scheduler_job.py:182} INFO - Started process (PID=139) to work on /home/airflow/.local/lib/python3.6/site-packages/airflow/example_dags/example_kubernetes_executor_config.py
[2021-08-18 09:02:38,453] {scheduler_job.py:633} INFO - Processing file /home/airflow/.local/lib/python3.6/site-packages/airflow/example_dags/example_kubernetes_executor_config.py for tasks to queue
[2021-08-18 09:02:38,458] {logging_mixin.py:104} INFO - [2021-08-18 09:02:38,457] {dagbag.py:487} INFO - Filling up the DagBag from /home/airflow/.local/lib/python3.6/site-packages/airflow/example_dags/example_kubernetes_executor_config.py
[2021-08-18 09:02:38,506] {scheduler_job.py:643} INFO - DAG(s) dict_keys(['example_kubernetes_executor_config']) retrieved from /home/airflow/.local/lib/python3.6/site-packages/airflow/example_dags/example_kubernetes_executor_config.py
[2021-08-18 09:02:41,057] {logging_mixin.py:104} INFO - [2021-08-18 09:02:41,056] {dag.py:1832} INFO - Sync 1 DAGs
[2021-08-18 09:02:41,067] {logging_mixin.py:104} INFO - [2021-08-18 09:02:41,066] {dag.py:1851} INFO - Creating ORM DAG for example_kubernetes_executor_config
[2021-08-18 09:02:41,072] {logging_mixin.py:104} INFO - [2021-08-18 09:02:41,072] {dag.py:2305} INFO - Setting next_dagrun for example_kubernetes_executor_config to None
[2021-08-18 09:02:41,084] {scheduler_job.py:190} INFO - Processing /home/airflow/.local/lib/python3.6/site-packages/airflow/example_dags/example_kubernetes_executor_config.py took 2.645 seconds
[2021-08-18 09:03:11,363] {scheduler_job.py:182} INFO - Started process (PID=221) to work on /home/airflow/.local/lib/python3.6/site-packages/airflow/example_dags/example_kubernetes_executor_config.py
[2021-08-18 09:03:11,365] {scheduler_job.py:633} INFO - Processing file /home/airflow/.local/lib/python3.6/site-packages/airflow/example_dags/example_kubernetes_executor_config.py for tasks to queue
[2021-08-18 09:03:11,366] {logging_mixin.py:104} INFO - [2021-08-18 09:03:11,366] {dagbag.py:487} INFO - Filling up the DagBag from /home/airflow/.local/lib/python3.6/site-packages/airflow/example_dags/example_kubernetes_executor_config.py
[2021-08-18 09:03:11,386] {scheduler_job.py:643} INFO - DAG(s) dict_keys(['example_kubernetes_executor_config']) retrieved from /home/airflow/.local/lib/python3.6/site-packages/airflow/example_dags/example_kubernetes_executor_config.py
[2021-08-18 09:03:11,427] {logging_mixin.py:104} INFO - [2021-08-18 09:03:11,427] {dag.py:1832} INFO - Sync 1 DAGs
[2021-08-18 09:03:11,450] {logging_mixin.py:104} INFO - [2021-08-18 09:03:11,450] {dag.py:2305} INFO - Setting next_dagrun for example_kubernetes_executor_config to None
[2021-08-18 09:03:11,467] {scheduler_job.py:190} INFO - Processing /home/airflow/.local/lib/python3.6/site-packages/airflow/example_dags/example_kubernetes_executor_config.py took 0.109 seconds
[2021-08-18 09:03:43,010] {scheduler_job.py:182} INFO - Started process (PID=291) to work on /home/airflow/.local/lib/python3.6/site-packages/airflow/example_dags/example_kubernetes_executor_config.py
[2021-08-18 09:03:43,018] {scheduler_job.py:633} INFO - Processing file /home/airflow/.local/lib/python3.6/site-packages/airflow/example_dags/example_kubernetes_executor_config.py for tasks to queue
[2021-08-18 09:03:43,020] {logging_mixin.py:104} INFO - [2021-08-18 09:03:43,019] {dagbag.py:487} INFO - Filling up the DagBag from /home/airflow/.local/lib/python3.6/site-packages/airflow/example_dags/example_kubernetes_executor_config.py
[2021-08-18 09:03:43,042] {scheduler_job.py:643} INFO - DAG(s) dict_keys(['example_kubernetes_executor_config']) retrieved from /home/airflow/.local/lib/python3.6/site-packages/airflow/example_dags/example_kubernetes_executor_config.py
[2021-08-18 09:03:43,073] {logging_mixin.py:104} INFO - [2021-08-18 09:03:43,073] {dag.py:1832} INFO - Sync 1 DAGs
[2021-08-18 09:03:43,093] {logging_mixin.py:104} INFO - [2021-08-18 09:03:43,093] {dag.py:2305} INFO - Setting next_dagrun for example_kubernetes_executor_config to None
[2021-08-18 09:03:43,104] {scheduler_job.py:190} INFO - Processing /home/airflow/.local/lib/python3.6/site-packages/airflow/example_dags/example_kubernetes_executor_config.py took 0.099 seconds
[2021-08-18 09:04:13,713] {scheduler_job.py:182} INFO - Started process (PID=356) to work on /home/airflow/.local/lib/python3.6/site-packages/airflow/example_dags/example_kubernetes_executor_config.py
[2021-08-18 09:04:13,715] {scheduler_job.py:633} INFO - Processing file /home/airflow/.local/lib/python3.6/site-packages/airflow/example_dags/example_kubernetes_executor_config.py for tasks to queue
[2021-08-18 09:04:13,717] {logging_mixin.py:104} INFO - [2021-08-18 09:04:13,717] {dagbag.py:487} INFO - Filling up the DagBag from /home/airflow/.local/lib/python3.6/site-packages/airflow/example_dags/example_kubernetes_executor_config.py
[2021-08-18 09:04:13,734] {scheduler_job.py:643} INFO - DAG(s) dict_keys(['example_kubernetes_executor_config']) retrieved from /home/airflow/.local/lib/python3.6/site-packages/airflow/example_dags/example_kubernetes_executor_config.py
[2021-08-18 09:04:13,760] {logging_mixin.py:104} INFO - [2021-08-18 09:04:13,760] {dag.py:1832} INFO - Sync 1 DAGs
[2021-08-18 09:04:13,778] {logging_mixin.py:104} INFO - [2021-08-18 09:04:13,778] {dag.py:2305} INFO - Setting next_dagrun for example_kubernetes_executor_config to None
[2021-08-18 09:04:13,789] {scheduler_job.py:190} INFO - Processing /home/airflow/.local/lib/python3.6/site-packages/airflow/example_dags/example_kubernetes_executor_config.py took 0.079 seconds
[2021-08-18 09:04:47,016] {scheduler_job.py:182} INFO - Started process (PID=430) to work on /home/airflow/.local/lib/python3.6/site-packages/airflow/example_dags/example_kubernetes_executor_config.py
[2021-08-18 09:04:47,018] {scheduler_job.py:633} INFO - Processing file /home/airflow/.local/lib/python3.6/site-packages/airflow/example_dags/example_kubernetes_executor_config.py for tasks to queue
[2021-08-18 09:04:47,020] {logging_mixin.py:104} INFO - [2021-08-18 09:04:47,019] {dagbag.py:487} INFO - Filling up the DagBag from /home/airflow/.local/lib/python3.6/site-packages/airflow/example_dags/example_kubernetes_executor_config.py
[2021-08-18 09:04:47,045] {scheduler_job.py:643} INFO - DAG(s) dict_keys(['example_kubernetes_executor_config']) retrieved from /home/airflow/.local/lib/python3.6/site-packages/airflow/example_dags/example_kubernetes_executor_config.py
[2021-08-18 09:04:47,088] {logging_mixin.py:104} INFO - [2021-08-18 09:04:47,088] {dag.py:1832} INFO - Sync 1 DAGs
[2021-08-18 09:04:47,115] {logging_mixin.py:104} INFO - [2021-08-18 09:04:47,115] {dag.py:2305} INFO - Setting next_dagrun for example_kubernetes_executor_config to None
[2021-08-18 09:04:47,129] {scheduler_job.py:190} INFO - Processing /home/airflow/.local/lib/python3.6/site-packages/airflow/example_dags/example_kubernetes_executor_config.py took 0.118 seconds
[2021-08-18 09:05:17,680] {scheduler_job.py:182} INFO - Started process (PID=497) to work on /home/airflow/.local/lib/python3.6/site-packages/airflow/example_dags/example_kubernetes_executor_config.py
[2021-08-18 09:05:17,682] {scheduler_job.py:633} INFO - Processing file /home/airflow/.local/lib/python3.6/site-packages/airflow/example_dags/example_kubernetes_executor_config.py for tasks to queue
[2021-08-18 09:05:17,683] {logging_mixin.py:104} INFO - [2021-08-18 09:05:17,683] {dagbag.py:487} INFO - Filling up the DagBag from /home/airflow/.local/lib/python3.6/site-packages/airflow/example_dags/example_kubernetes_executor_config.py
[2021-08-18 09:05:17,707] {scheduler_job.py:643} INFO - DAG(s) dict_keys(['example_kubernetes_executor_config']) retrieved from /home/airflow/.local/lib/python3.6/site-packages/airflow/example_dags/example_kubernetes_executor_config.py
[2021-08-18 09:05:17,737] {logging_mixin.py:104} INFO - [2021-08-18 09:05:17,737] {dag.py:1832} INFO - Sync 1 DAGs
[2021-08-18 09:05:17,762] {logging_mixin.py:104} INFO - [2021-08-18 09:05:17,762] {dag.py:2305} INFO - Setting next_dagrun for example_kubernetes_executor_config to None
[2021-08-18 09:05:17,779] {scheduler_job.py:190} INFO - Processing /home/airflow/.local/lib/python3.6/site-packages/airflow/example_dags/example_kubernetes_executor_config.py took 0.104 seconds
[2021-08-18 09:05:48,756] {scheduler_job.py:182} INFO - Started process (PID=574) to work on /home/airflow/.local/lib/python3.6/site-packages/airflow/example_dags/example_kubernetes_executor_config.py
[2021-08-18 09:05:48,758] {scheduler_job.py:633} INFO - Processing file /home/airflow/.local/lib/python3.6/site-packages/airflow/example_dags/example_kubernetes_executor_config.py for tasks to queue
[2021-08-18 09:05:48,760] {logging_mixin.py:104} INFO - [2021-08-18 09:05:48,760] {dagbag.py:487} INFO - Filling up the DagBag from /home/airflow/.local/lib/python3.6/site-packages/airflow/example_dags/example_kubernetes_executor_config.py
[2021-08-18 09:05:48,779] {scheduler_job.py:643} INFO - DAG(s) dict_keys(['example_kubernetes_executor_config']) retrieved from /home/airflow/.local/lib/python3.6/site-packages/airflow/example_dags/example_kubernetes_executor_config.py
[2021-08-18 09:05:48,805] {logging_mixin.py:104} INFO - [2021-08-18 09:05:48,805] {dag.py:1832} INFO - Sync 1 DAGs
[2021-08-18 09:05:48,835] {logging_mixin.py:104} INFO - [2021-08-18 09:05:48,834] {dag.py:2305} INFO - Setting next_dagrun for example_kubernetes_executor_config to None
[2021-08-18 09:05:48,846] {scheduler_job.py:190} INFO - Processing /home/airflow/.local/lib/python3.6/site-packages/airflow/example_dags/example_kubernetes_executor_config.py took 0.094 seconds
[2021-08-18 09:06:24,513] {scheduler_job.py:182} INFO - Started process (PID=658) to work on /home/airflow/.local/lib/python3.6/site-packages/airflow/example_dags/example_kubernetes_executor_config.py
[2021-08-18 09:06:24,517] {scheduler_job.py:633} INFO - Processing file /home/airflow/.local/lib/python3.6/site-packages/airflow/example_dags/example_kubernetes_executor_config.py for tasks to queue
[2021-08-18 09:06:24,519] {logging_mixin.py:104} INFO - [2021-08-18 09:06:24,519] {dagbag.py:487} INFO - Filling up the DagBag from /home/airflow/.local/lib/python3.6/site-packages/airflow/example_dags/example_kubernetes_executor_config.py
[2021-08-18 09:06:24,553] {scheduler_job.py:643} INFO - DAG(s) dict_keys(['example_kubernetes_executor_config']) retrieved from /home/airflow/.local/lib/python3.6/site-packages/airflow/example_dags/example_kubernetes_executor_config.py
[2021-08-18 09:06:24,603] {logging_mixin.py:104} INFO - [2021-08-18 09:06:24,603] {dag.py:1832} INFO - Sync 1 DAGs
[2021-08-18 09:06:24,636] {logging_mixin.py:104} INFO - [2021-08-18 09:06:24,636] {dag.py:2305} INFO - Setting next_dagrun for example_kubernetes_executor_config to None
[2021-08-18 09:06:24,656] {scheduler_job.py:190} INFO - Processing /home/airflow/.local/lib/python3.6/site-packages/airflow/example_dags/example_kubernetes_executor_config.py took 0.151 seconds
[2021-08-18 09:06:55,809] {scheduler_job.py:182} INFO - Started process (PID=719) to work on /home/airflow/.local/lib/python3.6/site-packages/airflow/example_dags/example_kubernetes_executor_config.py
[2021-08-18 09:06:55,811] {scheduler_job.py:633} INFO - Processing file /home/airflow/.local/lib/python3.6/site-packages/airflow/example_dags/example_kubernetes_executor_config.py for tasks to queue
[2021-08-18 09:06:55,812] {logging_mixin.py:104} INFO - [2021-08-18 09:06:55,812] {dagbag.py:487} INFO - Filling up the DagBag from /home/airflow/.local/lib/python3.6/site-packages/airflow/example_dags/example_kubernetes_executor_config.py
[2021-08-18 09:06:55,833] {scheduler_job.py:643} INFO - DAG(s) dict_keys(['example_kubernetes_executor_config']) retrieved from /home/airflow/.local/lib/python3.6/site-packages/airflow/example_dags/example_kubernetes_executor_config.py
[2021-08-18 09:06:55,864] {logging_mixin.py:104} INFO - [2021-08-18 09:06:55,863] {dag.py:1832} INFO - Sync 1 DAGs
[2021-08-18 09:06:55,887] {logging_mixin.py:104} INFO - [2021-08-18 09:06:55,887] {dag.py:2305} INFO - Setting next_dagrun for example_kubernetes_executor_config to None
[2021-08-18 09:06:55,901] {scheduler_job.py:190} INFO - Processing /home/airflow/.local/lib/python3.6/site-packages/airflow/example_dags/example_kubernetes_executor_config.py took 0.097 seconds
[2021-08-18 09:07:27,746] {scheduler_job.py:182} INFO - Started process (PID=783) to work on /home/airflow/.local/lib/python3.6/site-packages/airflow/example_dags/example_kubernetes_executor_config.py
[2021-08-18 09:07:27,748] {scheduler_job.py:633} INFO - Processing file /home/airflow/.local/lib/python3.6/site-packages/airflow/example_dags/example_kubernetes_executor_config.py for tasks to queue
[2021-08-18 09:07:27,749] {logging_mixin.py:104} INFO - [2021-08-18 09:07:27,749] {dagbag.py:487} INFO - Filling up the DagBag from /home/airflow/.local/lib/python3.6/site-packages/airflow/example_dags/example_kubernetes_executor_config.py
[2021-08-18 09:07:27,768] {scheduler_job.py:643} INFO - DAG(s) dict_keys(['example_kubernetes_executor_config']) retrieved from /home/airflow/.local/lib/python3.6/site-packages/airflow/example_dags/example_kubernetes_executor_config.py
[2021-08-18 09:07:27,794] {logging_mixin.py:104} INFO - [2021-08-18 09:07:27,794] {dag.py:1832} INFO - Sync 1 DAGs
[2021-08-18 09:07:27,812] {logging_mixin.py:104} INFO - [2021-08-18 09:07:27,812] {dag.py:2305} INFO - Setting next_dagrun for example_kubernetes_executor_config to None
[2021-08-18 09:07:27,823] {scheduler_job.py:190} INFO - Processing /home/airflow/.local/lib/python3.6/site-packages/airflow/example_dags/example_kubernetes_executor_config.py took 0.082 seconds
[2021-08-18 09:07:58,663] {scheduler_job.py:182} INFO - Started process (PID=860) to work on /home/airflow/.local/lib/python3.6/site-packages/airflow/example_dags/example_kubernetes_executor_config.py
[2021-08-18 09:07:58,665] {scheduler_job.py:633} INFO - Processing file /home/airflow/.local/lib/python3.6/site-packages/airflow/example_dags/example_kubernetes_executor_config.py for tasks to queue
[2021-08-18 09:07:58,667] {logging_mixin.py:104} INFO - [2021-08-18 09:07:58,667] {dagbag.py:487} INFO - Filling up the DagBag from /home/airflow/.local/lib/python3.6/site-packages/airflow/example_dags/example_kubernetes_executor_config.py
[2021-08-18 09:07:58,689] {scheduler_job.py:643} INFO - DAG(s) dict_keys(['example_kubernetes_executor_config']) retrieved from /home/airflow/.local/lib/python3.6/site-packages/airflow/example_dags/example_kubernetes_executor_config.py
[2021-08-18 09:07:58,725] {logging_mixin.py:104} INFO - [2021-08-18 09:07:58,725] {dag.py:1832} INFO - Sync 1 DAGs
[2021-08-18 09:07:58,748] {logging_mixin.py:104} INFO - [2021-08-18 09:07:58,748] {dag.py:2305} INFO - Setting next_dagrun for example_kubernetes_executor_config to None
[2021-08-18 09:07:58,766] {scheduler_job.py:190} INFO - Processing /home/airflow/.local/lib/python3.6/site-packages/airflow/example_dags/example_kubernetes_executor_config.py took 0.108 seconds
[2021-08-18 09:08:33,727] {scheduler_job.py:182} INFO - Started process (PID=903) to work on /home/airflow/.local/lib/python3.6/site-packages/airflow/example_dags/example_kubernetes_executor_config.py
[2021-08-18 09:08:33,730] {scheduler_job.py:633} INFO - Processing file /home/airflow/.local/lib/python3.6/site-packages/airflow/example_dags/example_kubernetes_executor_config.py for tasks to queue
[2021-08-18 09:08:33,731] {logging_mixin.py:104} INFO - [2021-08-18 09:08:33,731] {dagbag.py:487} INFO - Filling up the DagBag from /home/airflow/.local/lib/python3.6/site-packages/airflow/example_dags/example_kubernetes_executor_config.py
[2021-08-18 09:08:33,754] {scheduler_job.py:643} INFO - DAG(s) dict_keys(['example_kubernetes_executor_config']) retrieved from /home/airflow/.local/lib/python3.6/site-packages/airflow/example_dags/example_kubernetes_executor_config.py
[2021-08-18 09:08:33,786] {logging_mixin.py:104} INFO - [2021-08-18 09:08:33,786] {dag.py:1832} INFO - Sync 1 DAGs
[2021-08-18 09:08:33,820] {logging_mixin.py:104} INFO - [2021-08-18 09:08:33,820] {dag.py:2305} INFO - Setting next_dagrun for example_kubernetes_executor_config to None
[2021-08-18 09:08:33,834] {scheduler_job.py:190} INFO - Processing /home/airflow/.local/lib/python3.6/site-packages/airflow/example_dags/example_kubernetes_executor_config.py took 0.112 seconds
[2021-08-18 09:09:04,264] {scheduler_job.py:182} INFO - Started process (PID=969) to work on /home/airflow/.local/lib/python3.6/site-packages/airflow/example_dags/example_kubernetes_executor_config.py
[2021-08-18 09:09:04,269] {scheduler_job.py:633} INFO - Processing file /home/airflow/.local/lib/python3.6/site-packages/airflow/example_dags/example_kubernetes_executor_config.py for tasks to queue
[2021-08-18 09:09:04,272] {logging_mixin.py:104} INFO - [2021-08-18 09:09:04,271] {dagbag.py:487} INFO - Filling up the DagBag from /home/airflow/.local/lib/python3.6/site-packages/airflow/example_dags/example_kubernetes_executor_config.py
[2021-08-18 09:09:04,306] {scheduler_job.py:643} INFO - DAG(s) dict_keys(['example_kubernetes_executor_config']) retrieved from /home/airflow/.local/lib/python3.6/site-packages/airflow/example_dags/example_kubernetes_executor_config.py
[2021-08-18 09:09:04,333] {logging_mixin.py:104} INFO - [2021-08-18 09:09:04,333] {dag.py:1832} INFO - Sync 1 DAGs
[2021-08-18 09:09:04,351] {logging_mixin.py:104} INFO - [2021-08-18 09:09:04,350] {dag.py:2305} INFO - Setting next_dagrun for example_kubernetes_executor_config to None
[2021-08-18 09:09:04,363] {scheduler_job.py:190} INFO - Processing /home/airflow/.local/lib/python3.6/site-packages/airflow/example_dags/example_kubernetes_executor_config.py took 0.102 seconds
[2021-08-18 09:09:37,147] {scheduler_job.py:182} INFO - Started process (PID=1031) to work on /home/airflow/.local/lib/python3.6/site-packages/airflow/example_dags/example_kubernetes_executor_config.py
[2021-08-18 09:09:37,150] {scheduler_job.py:633} INFO - Processing file /home/airflow/.local/lib/python3.6/site-packages/airflow/example_dags/example_kubernetes_executor_config.py for tasks to queue
[2021-08-18 09:09:37,151] {logging_mixin.py:104} INFO - [2021-08-18 09:09:37,151] {dagbag.py:487} INFO - Filling up the DagBag from /home/airflow/.local/lib/python3.6/site-packages/airflow/example_dags/example_kubernetes_executor_config.py
[2021-08-18 09:09:37,180] {scheduler_job.py:643} INFO - DAG(s) dict_keys(['example_kubernetes_executor_config']) retrieved from /home/airflow/.local/lib/python3.6/site-packages/airflow/example_dags/example_kubernetes_executor_config.py
[2021-08-18 09:09:37,212] {logging_mixin.py:104} INFO - [2021-08-18 09:09:37,212] {dag.py:1832} INFO - Sync 1 DAGs
[2021-08-18 09:09:37,234] {logging_mixin.py:104} INFO - [2021-08-18 09:09:37,234] {dag.py:2305} INFO - Setting next_dagrun for example_kubernetes_executor_config to None
[2021-08-18 09:09:37,246] {scheduler_job.py:190} INFO - Processing /home/airflow/.local/lib/python3.6/site-packages/airflow/example_dags/example_kubernetes_executor_config.py took 0.103 seconds
[2021-08-18 09:10:07,805] {scheduler_job.py:182} INFO - Started process (PID=1108) to work on /home/airflow/.local/lib/python3.6/site-packages/airflow/example_dags/example_kubernetes_executor_config.py
[2021-08-18 09:10:07,807] {scheduler_job.py:633} INFO - Processing file /home/airflow/.local/lib/python3.6/site-packages/airflow/example_dags/example_kubernetes_executor_config.py for tasks to queue
[2021-08-18 09:10:07,808] {logging_mixin.py:104} INFO - [2021-08-18 09:10:07,808] {dagbag.py:487} INFO - Filling up the DagBag from /home/airflow/.local/lib/python3.6/site-packages/airflow/example_dags/example_kubernetes_executor_config.py
[2021-08-18 09:10:07,826] {scheduler_job.py:643} INFO - DAG(s) dict_keys(['example_kubernetes_executor_config']) retrieved from /home/airflow/.local/lib/python3.6/site-packages/airflow/example_dags/example_kubernetes_executor_config.py
[2021-08-18 09:10:07,850] {logging_mixin.py:104} INFO - [2021-08-18 09:10:07,849] {dag.py:1832} INFO - Sync 1 DAGs
[2021-08-18 09:10:07,869] {logging_mixin.py:104} INFO - [2021-08-18 09:10:07,868] {dag.py:2305} INFO - Setting next_dagrun for example_kubernetes_executor_config to None
[2021-08-18 09:10:07,880] {scheduler_job.py:190} INFO - Processing /home/airflow/.local/lib/python3.6/site-packages/airflow/example_dags/example_kubernetes_executor_config.py took 0.079 seconds
[2021-08-18 09:10:38,364] {scheduler_job.py:182} INFO - Started process (PID=1170) to work on /home/airflow/.local/lib/python3.6/site-packages/airflow/example_dags/example_kubernetes_executor_config.py
[2021-08-18 09:10:38,367] {scheduler_job.py:633} INFO - Processing file /home/airflow/.local/lib/python3.6/site-packages/airflow/example_dags/example_kubernetes_executor_config.py for tasks to queue
[2021-08-18 09:10:38,368] {logging_mixin.py:104} INFO - [2021-08-18 09:10:38,368] {dagbag.py:487} INFO - Filling up the DagBag from /home/airflow/.local/lib/python3.6/site-packages/airflow/example_dags/example_kubernetes_executor_config.py
[2021-08-18 09:10:38,386] {scheduler_job.py:643} INFO - DAG(s) dict_keys(['example_kubernetes_executor_config']) retrieved from /home/airflow/.local/lib/python3.6/site-packages/airflow/example_dags/example_kubernetes_executor_config.py
[2021-08-18 09:10:38,411] {logging_mixin.py:104} INFO - [2021-08-18 09:10:38,411] {dag.py:1832} INFO - Sync 1 DAGs
[2021-08-18 09:10:38,429] {logging_mixin.py:104} INFO - [2021-08-18 09:10:38,429] {dag.py:2305} INFO - Setting next_dagrun for example_kubernetes_executor_config to None
[2021-08-18 09:10:38,440] {scheduler_job.py:190} INFO - Processing /home/airflow/.local/lib/python3.6/site-packages/airflow/example_dags/example_kubernetes_executor_config.py took 0.079 seconds
[2021-08-18 09:11:08,813] {scheduler_job.py:182} INFO - Started process (PID=1248) to work on /home/airflow/.local/lib/python3.6/site-packages/airflow/example_dags/example_kubernetes_executor_config.py
[2021-08-18 09:11:08,832] {scheduler_job.py:633} INFO - Processing file /home/airflow/.local/lib/python3.6/site-packages/airflow/example_dags/example_kubernetes_executor_config.py for tasks to queue
[2021-08-18 09:11:08,834] {logging_mixin.py:104} INFO - [2021-08-18 09:11:08,833] {dagbag.py:487} INFO - Filling up the DagBag from /home/airflow/.local/lib/python3.6/site-packages/airflow/example_dags/example_kubernetes_executor_config.py
[2021-08-18 09:11:08,853] {scheduler_job.py:643} INFO - DAG(s) dict_keys(['example_kubernetes_executor_config']) retrieved from /home/airflow/.local/lib/python3.6/site-packages/airflow/example_dags/example_kubernetes_executor_config.py
[2021-08-18 09:11:08,880] {logging_mixin.py:104} INFO - [2021-08-18 09:11:08,879] {dag.py:1832} INFO - Sync 1 DAGs
[2021-08-18 09:11:08,897] {logging_mixin.py:104} INFO - [2021-08-18 09:11:08,897] {dag.py:2305} INFO - Setting next_dagrun for example_kubernetes_executor_config to None
[2021-08-18 09:11:08,908] {scheduler_job.py:190} INFO - Processing /home/airflow/.local/lib/python3.6/site-packages/airflow/example_dags/example_kubernetes_executor_config.py took 0.099 seconds
[2021-08-18 09:11:40,593] {scheduler_job.py:182} INFO - Started process (PID=1326) to work on /home/airflow/.local/lib/python3.6/site-packages/airflow/example_dags/example_kubernetes_executor_config.py
[2021-08-18 09:11:40,595] {scheduler_job.py:633} INFO - Processing file /home/airflow/.local/lib/python3.6/site-packages/airflow/example_dags/example_kubernetes_executor_config.py for tasks to queue
[2021-08-18 09:11:40,596] {logging_mixin.py:104} INFO - [2021-08-18 09:11:40,596] {dagbag.py:487} INFO - Filling up the DagBag from /home/airflow/.local/lib/python3.6/site-packages/airflow/example_dags/example_kubernetes_executor_config.py
[2021-08-18 09:11:40,614] {scheduler_job.py:643} INFO - DAG(s) dict_keys(['example_kubernetes_executor_config']) retrieved from /home/airflow/.local/lib/python3.6/site-packages/airflow/example_dags/example_kubernetes_executor_config.py
[2021-08-18 09:11:40,640] {logging_mixin.py:104} INFO - [2021-08-18 09:11:40,640] {dag.py:1832} INFO - Sync 1 DAGs
[2021-08-18 09:11:40,657] {logging_mixin.py:104} INFO - [2021-08-18 09:11:40,657] {dag.py:2305} INFO - Setting next_dagrun for example_kubernetes_executor_config to None
[2021-08-18 09:11:40,668] {scheduler_job.py:190} INFO - Processing /home/airflow/.local/lib/python3.6/site-packages/airflow/example_dags/example_kubernetes_executor_config.py took 0.080 seconds
[2021-08-18 09:12:11,285] {scheduler_job.py:182} INFO - Started process (PID=1388) to work on /home/airflow/.local/lib/python3.6/site-packages/airflow/example_dags/example_kubernetes_executor_config.py
[2021-08-18 09:12:11,288] {scheduler_job.py:633} INFO - Processing file /home/airflow/.local/lib/python3.6/site-packages/airflow/example_dags/example_kubernetes_executor_config.py for tasks to queue
[2021-08-18 09:12:11,290] {logging_mixin.py:104} INFO - [2021-08-18 09:12:11,290] {dagbag.py:487} INFO - Filling up the DagBag from /home/airflow/.local/lib/python3.6/site-packages/airflow/example_dags/example_kubernetes_executor_config.py
[2021-08-18 09:12:11,309] {scheduler_job.py:643} INFO - DAG(s) dict_keys(['example_kubernetes_executor_config']) retrieved from /home/airflow/.local/lib/python3.6/site-packages/airflow/example_dags/example_kubernetes_executor_config.py
[2021-08-18 09:12:11,345] {logging_mixin.py:104} INFO - [2021-08-18 09:12:11,345] {dag.py:1832} INFO - Sync 1 DAGs
[2021-08-18 09:12:11,376] {logging_mixin.py:104} INFO - [2021-08-18 09:12:11,376] {dag.py:2305} INFO - Setting next_dagrun for example_kubernetes_executor_config to None
[2021-08-18 09:12:11,389] {scheduler_job.py:190} INFO - Processing /home/airflow/.local/lib/python3.6/site-packages/airflow/example_dags/example_kubernetes_executor_config.py took 0.110 seconds
[2021-08-18 09:12:41,960] {scheduler_job.py:182} INFO - Started process (PID=1465) to work on /home/airflow/.local/lib/python3.6/site-packages/airflow/example_dags/example_kubernetes_executor_config.py
[2021-08-18 09:12:41,962] {scheduler_job.py:633} INFO - Processing file /home/airflow/.local/lib/python3.6/site-packages/airflow/example_dags/example_kubernetes_executor_config.py for tasks to queue
[2021-08-18 09:12:41,964] {logging_mixin.py:104} INFO - [2021-08-18 09:12:41,964] {dagbag.py:487} INFO - Filling up the DagBag from /home/airflow/.local/lib/python3.6/site-packages/airflow/example_dags/example_kubernetes_executor_config.py
[2021-08-18 09:12:41,983] {scheduler_job.py:643} INFO - DAG(s) dict_keys(['example_kubernetes_executor_config']) retrieved from /home/airflow/.local/lib/python3.6/site-packages/airflow/example_dags/example_kubernetes_executor_config.py
[2021-08-18 09:12:42,010] {logging_mixin.py:104} INFO - [2021-08-18 09:12:42,010] {dag.py:1832} INFO - Sync 1 DAGs
[2021-08-18 09:12:42,028] {logging_mixin.py:104} INFO - [2021-08-18 09:12:42,028] {dag.py:2305} INFO - Setting next_dagrun for example_kubernetes_executor_config to None
[2021-08-18 09:12:42,039] {scheduler_job.py:190} INFO - Processing /home/airflow/.local/lib/python3.6/site-packages/airflow/example_dags/example_kubernetes_executor_config.py took 0.084 seconds
[2021-08-18 09:13:12,561] {scheduler_job.py:182} INFO - Started process (PID=1544) to work on /home/airflow/.local/lib/python3.6/site-packages/airflow/example_dags/example_kubernetes_executor_config.py
[2021-08-18 09:13:12,562] {scheduler_job.py:633} INFO - Processing file /home/airflow/.local/lib/python3.6/site-packages/airflow/example_dags/example_kubernetes_executor_config.py for tasks to queue
[2021-08-18 09:13:12,563] {logging_mixin.py:104} INFO - [2021-08-18 09:13:12,563] {dagbag.py:487} INFO - Filling up the DagBag from /home/airflow/.local/lib/python3.6/site-packages/airflow/example_dags/example_kubernetes_executor_config.py
[2021-08-18 09:13:12,580] {scheduler_job.py:643} INFO - DAG(s) dict_keys(['example_kubernetes_executor_config']) retrieved from /home/airflow/.local/lib/python3.6/site-packages/airflow/example_dags/example_kubernetes_executor_config.py
[2021-08-18 09:13:12,606] {logging_mixin.py:104} INFO - [2021-08-18 09:13:12,606] {dag.py:1832} INFO - Sync 1 DAGs
[2021-08-18 09:13:12,622] {logging_mixin.py:104} INFO - [2021-08-18 09:13:12,622] {dag.py:2305} INFO - Setting next_dagrun for example_kubernetes_executor_config to None
[2021-08-18 09:13:12,632] {scheduler_job.py:190} INFO - Processing /home/airflow/.local/lib/python3.6/site-packages/airflow/example_dags/example_kubernetes_executor_config.py took 0.075 seconds
[2021-08-18 09:13:47,910] {scheduler_job.py:182} INFO - Started process (PID=1605) to work on /home/airflow/.local/lib/python3.6/site-packages/airflow/example_dags/example_kubernetes_executor_config.py
[2021-08-18 09:13:47,914] {scheduler_job.py:633} INFO - Processing file /home/airflow/.local/lib/python3.6/site-packages/airflow/example_dags/example_kubernetes_executor_config.py for tasks to queue
[2021-08-18 09:13:47,915] {logging_mixin.py:104} INFO - [2021-08-18 09:13:47,915] {dagbag.py:487} INFO - Filling up the DagBag from /home/airflow/.local/lib/python3.6/site-packages/airflow/example_dags/example_kubernetes_executor_config.py
[2021-08-18 09:13:47,938] {scheduler_job.py:643} INFO - DAG(s) dict_keys(['example_kubernetes_executor_config']) retrieved from /home/airflow/.local/lib/python3.6/site-packages/airflow/example_dags/example_kubernetes_executor_config.py
[2021-08-18 09:13:47,970] {logging_mixin.py:104} INFO - [2021-08-18 09:13:47,970] {dag.py:1832} INFO - Sync 1 DAGs
[2021-08-18 09:13:47,995] {logging_mixin.py:104} INFO - [2021-08-18 09:13:47,994] {dag.py:2305} INFO - Setting next_dagrun for example_kubernetes_executor_config to None
[2021-08-18 09:13:48,012] {scheduler_job.py:190} INFO - Processing /home/airflow/.local/lib/python3.6/site-packages/airflow/example_dags/example_kubernetes_executor_config.py took 0.107 seconds
[2021-08-18 09:14:18,578] {scheduler_job.py:182} INFO - Started process (PID=1666) to work on /home/airflow/.local/lib/python3.6/site-packages/airflow/example_dags/example_kubernetes_executor_config.py
[2021-08-18 09:14:18,581] {scheduler_job.py:633} INFO - Processing file /home/airflow/.local/lib/python3.6/site-packages/airflow/example_dags/example_kubernetes_executor_config.py for tasks to queue
[2021-08-18 09:14:18,583] {logging_mixin.py:104} INFO - [2021-08-18 09:14:18,583] {dagbag.py:487} INFO - Filling up the DagBag from /home/airflow/.local/lib/python3.6/site-packages/airflow/example_dags/example_kubernetes_executor_config.py
[2021-08-18 09:14:18,603] {scheduler_job.py:643} INFO - DAG(s) dict_keys(['example_kubernetes_executor_config']) retrieved from /home/airflow/.local/lib/python3.6/site-packages/airflow/example_dags/example_kubernetes_executor_config.py
[2021-08-18 09:14:18,633] {logging_mixin.py:104} INFO - [2021-08-18 09:14:18,633] {dag.py:1832} INFO - Sync 1 DAGs
[2021-08-18 09:14:18,655] {logging_mixin.py:104} INFO - [2021-08-18 09:14:18,655] {dag.py:2305} INFO - Setting next_dagrun for example_kubernetes_executor_config to None
[2021-08-18 09:14:18,667] {scheduler_job.py:190} INFO - Processing /home/airflow/.local/lib/python3.6/site-packages/airflow/example_dags/example_kubernetes_executor_config.py took 0.094 seconds
[2021-08-18 09:14:49,647] {scheduler_job.py:182} INFO - Started process (PID=1743) to work on /home/airflow/.local/lib/python3.6/site-packages/airflow/example_dags/example_kubernetes_executor_config.py
[2021-08-18 09:14:49,649] {scheduler_job.py:633} INFO - Processing file /home/airflow/.local/lib/python3.6/site-packages/airflow/example_dags/example_kubernetes_executor_config.py for tasks to queue
[2021-08-18 09:14:49,650] {logging_mixin.py:104} INFO - [2021-08-18 09:14:49,650] {dagbag.py:487} INFO - Filling up the DagBag from /home/airflow/.local/lib/python3.6/site-packages/airflow/example_dags/example_kubernetes_executor_config.py
[2021-08-18 09:14:49,667] {scheduler_job.py:643} INFO - DAG(s) dict_keys(['example_kubernetes_executor_config']) retrieved from /home/airflow/.local/lib/python3.6/site-packages/airflow/example_dags/example_kubernetes_executor_config.py
[2021-08-18 09:14:49,689] {logging_mixin.py:104} INFO - [2021-08-18 09:14:49,689] {dag.py:1832} INFO - Sync 1 DAGs
[2021-08-18 09:14:49,703] {logging_mixin.py:104} INFO - [2021-08-18 09:14:49,703] {dag.py:2305} INFO - Setting next_dagrun for example_kubernetes_executor_config to None
[2021-08-18 09:14:49,717] {scheduler_job.py:190} INFO - Processing /home/airflow/.local/lib/python3.6/site-packages/airflow/example_dags/example_kubernetes_executor_config.py took 0.073 seconds
[2021-08-18 09:15:20,491] {scheduler_job.py:182} INFO - Started process (PID=1821) to work on /home/airflow/.local/lib/python3.6/site-packages/airflow/example_dags/example_kubernetes_executor_config.py
[2021-08-18 09:15:20,493] {scheduler_job.py:633} INFO - Processing file /home/airflow/.local/lib/python3.6/site-packages/airflow/example_dags/example_kubernetes_executor_config.py for tasks to queue
[2021-08-18 09:15:20,494] {logging_mixin.py:104} INFO - [2021-08-18 09:15:20,494] {dagbag.py:487} INFO - Filling up the DagBag from /home/airflow/.local/lib/python3.6/site-packages/airflow/example_dags/example_kubernetes_executor_config.py
[2021-08-18 09:15:20,512] {scheduler_job.py:643} INFO - DAG(s) dict_keys(['example_kubernetes_executor_config']) retrieved from /home/airflow/.local/lib/python3.6/site-packages/airflow/example_dags/example_kubernetes_executor_config.py
[2021-08-18 09:15:20,536] {logging_mixin.py:104} INFO - [2021-08-18 09:15:20,536] {dag.py:1832} INFO - Sync 1 DAGs
[2021-08-18 09:15:20,553] {logging_mixin.py:104} INFO - [2021-08-18 09:15:20,553] {dag.py:2305} INFO - Setting next_dagrun for example_kubernetes_executor_config to None
[2021-08-18 09:15:20,563] {scheduler_job.py:190} INFO - Processing /home/airflow/.local/lib/python3.6/site-packages/airflow/example_dags/example_kubernetes_executor_config.py took 0.077 seconds
[2021-08-18 09:15:51,017] {scheduler_job.py:182} INFO - Started process (PID=1882) to work on /home/airflow/.local/lib/python3.6/site-packages/airflow/example_dags/example_kubernetes_executor_config.py
[2021-08-18 09:15:51,018] {scheduler_job.py:633} INFO - Processing file /home/airflow/.local/lib/python3.6/site-packages/airflow/example_dags/example_kubernetes_executor_config.py for tasks to queue
[2021-08-18 09:15:51,019] {logging_mixin.py:104} INFO - [2021-08-18 09:15:51,019] {dagbag.py:487} INFO - Filling up the DagBag from /home/airflow/.local/lib/python3.6/site-packages/airflow/example_dags/example_kubernetes_executor_config.py
[2021-08-18 09:15:51,036] {scheduler_job.py:643} INFO - DAG(s) dict_keys(['example_kubernetes_executor_config']) retrieved from /home/airflow/.local/lib/python3.6/site-packages/airflow/example_dags/example_kubernetes_executor_config.py
[2021-08-18 09:15:51,060] {logging_mixin.py:104} INFO - [2021-08-18 09:15:51,060] {dag.py:1832} INFO - Sync 1 DAGs
[2021-08-18 09:15:51,077] {logging_mixin.py:104} INFO - [2021-08-18 09:15:51,077] {dag.py:2305} INFO - Setting next_dagrun for example_kubernetes_executor_config to None
[2021-08-18 09:15:51,086] {scheduler_job.py:190} INFO - Processing /home/airflow/.local/lib/python3.6/site-packages/airflow/example_dags/example_kubernetes_executor_config.py took 0.074 seconds
[2021-08-18 09:16:21,546] {scheduler_job.py:182} INFO - Started process (PID=1958) to work on /home/airflow/.local/lib/python3.6/site-packages/airflow/example_dags/example_kubernetes_executor_config.py
[2021-08-18 09:16:21,548] {scheduler_job.py:633} INFO - Processing file /home/airflow/.local/lib/python3.6/site-packages/airflow/example_dags/example_kubernetes_executor_config.py for tasks to queue
[2021-08-18 09:16:21,549] {logging_mixin.py:104} INFO - [2021-08-18 09:16:21,549] {dagbag.py:487} INFO - Filling up the DagBag from /home/airflow/.local/lib/python3.6/site-packages/airflow/example_dags/example_kubernetes_executor_config.py
[2021-08-18 09:16:21,566] {scheduler_job.py:643} INFO - DAG(s) dict_keys(['example_kubernetes_executor_config']) retrieved from /home/airflow/.local/lib/python3.6/site-packages/airflow/example_dags/example_kubernetes_executor_config.py
[2021-08-18 09:16:21,600] {logging_mixin.py:104} INFO - [2021-08-18 09:16:21,600] {dag.py:1832} INFO - Sync 1 DAGs
[2021-08-18 09:16:21,620] {logging_mixin.py:104} INFO - [2021-08-18 09:16:21,620] {dag.py:2305} INFO - Setting next_dagrun for example_kubernetes_executor_config to None
[2021-08-18 09:16:21,633] {scheduler_job.py:190} INFO - Processing /home/airflow/.local/lib/python3.6/site-packages/airflow/example_dags/example_kubernetes_executor_config.py took 0.091 seconds
[2021-08-18 09:16:52,379] {scheduler_job.py:182} INFO - Started process (PID=2031) to work on /home/airflow/.local/lib/python3.6/site-packages/airflow/example_dags/example_kubernetes_executor_config.py
[2021-08-18 09:16:52,382] {scheduler_job.py:633} INFO - Processing file /home/airflow/.local/lib/python3.6/site-packages/airflow/example_dags/example_kubernetes_executor_config.py for tasks to queue
[2021-08-18 09:16:52,384] {logging_mixin.py:104} INFO - [2021-08-18 09:16:52,384] {dagbag.py:487} INFO - Filling up the DagBag from /home/airflow/.local/lib/python3.6/site-packages/airflow/example_dags/example_kubernetes_executor_config.py
[2021-08-18 09:16:52,408] {scheduler_job.py:643} INFO - DAG(s) dict_keys(['example_kubernetes_executor_config']) retrieved from /home/airflow/.local/lib/python3.6/site-packages/airflow/example_dags/example_kubernetes_executor_config.py
[2021-08-18 09:16:52,441] {logging_mixin.py:104} INFO - [2021-08-18 09:16:52,441] {dag.py:1832} INFO - Sync 1 DAGs
[2021-08-18 09:16:52,468] {logging_mixin.py:104} INFO - [2021-08-18 09:16:52,468] {dag.py:2305} INFO - Setting next_dagrun for example_kubernetes_executor_config to None
[2021-08-18 09:16:52,488] {scheduler_job.py:190} INFO - Processing /home/airflow/.local/lib/python3.6/site-packages/airflow/example_dags/example_kubernetes_executor_config.py took 0.114 seconds
[2021-08-18 09:17:36,103] {scheduler_job.py:182} INFO - Started process (PID=54) to work on /home/airflow/.local/lib/python3.6/site-packages/airflow/example_dags/example_kubernetes_executor_config.py
[2021-08-18 09:17:36,105] {scheduler_job.py:633} INFO - Processing file /home/airflow/.local/lib/python3.6/site-packages/airflow/example_dags/example_kubernetes_executor_config.py for tasks to queue
[2021-08-18 09:17:36,106] {logging_mixin.py:104} INFO - [2021-08-18 09:17:36,106] {dagbag.py:487} INFO - Filling up the DagBag from /home/airflow/.local/lib/python3.6/site-packages/airflow/example_dags/example_kubernetes_executor_config.py
[2021-08-18 09:17:36,119] {scheduler_job.py:643} INFO - DAG(s) dict_keys(['example_kubernetes_executor_config']) retrieved from /home/airflow/.local/lib/python3.6/site-packages/airflow/example_dags/example_kubernetes_executor_config.py
[2021-08-18 09:17:36,152] {logging_mixin.py:104} INFO - [2021-08-18 09:17:36,151] {dag.py:1832} INFO - Sync 1 DAGs
[2021-08-18 09:17:36,174] {logging_mixin.py:104} INFO - [2021-08-18 09:17:36,173] {dag.py:2305} INFO - Setting next_dagrun for example_kubernetes_executor_config to None
[2021-08-18 09:17:36,184] {scheduler_job.py:190} INFO - Processing /home/airflow/.local/lib/python3.6/site-packages/airflow/example_dags/example_kubernetes_executor_config.py took 0.085 seconds
[2021-08-18 09:18:07,102] {scheduler_job.py:182} INFO - Started process (PID=131) to work on /home/airflow/.local/lib/python3.6/site-packages/airflow/example_dags/example_kubernetes_executor_config.py
[2021-08-18 09:18:07,104] {scheduler_job.py:633} INFO - Processing file /home/airflow/.local/lib/python3.6/site-packages/airflow/example_dags/example_kubernetes_executor_config.py for tasks to queue
[2021-08-18 09:18:07,105] {logging_mixin.py:104} INFO - [2021-08-18 09:18:07,105] {dagbag.py:487} INFO - Filling up the DagBag from /home/airflow/.local/lib/python3.6/site-packages/airflow/example_dags/example_kubernetes_executor_config.py
[2021-08-18 09:18:07,126] {scheduler_job.py:643} INFO - DAG(s) dict_keys(['example_kubernetes_executor_config']) retrieved from /home/airflow/.local/lib/python3.6/site-packages/airflow/example_dags/example_kubernetes_executor_config.py
[2021-08-18 09:18:07,155] {logging_mixin.py:104} INFO - [2021-08-18 09:18:07,155] {dag.py:1832} INFO - Sync 1 DAGs
[2021-08-18 09:18:07,183] {logging_mixin.py:104} INFO - [2021-08-18 09:18:07,183] {dag.py:2305} INFO - Setting next_dagrun for example_kubernetes_executor_config to None
[2021-08-18 09:18:07,196] {scheduler_job.py:190} INFO - Processing /home/airflow/.local/lib/python3.6/site-packages/airflow/example_dags/example_kubernetes_executor_config.py took 0.101 seconds
[2021-08-18 09:18:38,460] {scheduler_job.py:182} INFO - Started process (PID=194) to work on /home/airflow/.local/lib/python3.6/site-packages/airflow/example_dags/example_kubernetes_executor_config.py
[2021-08-18 09:18:38,462] {scheduler_job.py:633} INFO - Processing file /home/airflow/.local/lib/python3.6/site-packages/airflow/example_dags/example_kubernetes_executor_config.py for tasks to queue
[2021-08-18 09:18:38,463] {logging_mixin.py:104} INFO - [2021-08-18 09:18:38,463] {dagbag.py:487} INFO - Filling up the DagBag from /home/airflow/.local/lib/python3.6/site-packages/airflow/example_dags/example_kubernetes_executor_config.py
[2021-08-18 09:18:38,480] {scheduler_job.py:643} INFO - DAG(s) dict_keys(['example_kubernetes_executor_config']) retrieved from /home/airflow/.local/lib/python3.6/site-packages/airflow/example_dags/example_kubernetes_executor_config.py
[2021-08-18 09:18:38,506] {logging_mixin.py:104} INFO - [2021-08-18 09:18:38,506] {dag.py:1832} INFO - Sync 1 DAGs
[2021-08-18 09:18:38,522] {logging_mixin.py:104} INFO - [2021-08-18 09:18:38,522] {dag.py:2305} INFO - Setting next_dagrun for example_kubernetes_executor_config to None
[2021-08-18 09:18:38,536] {scheduler_job.py:190} INFO - Processing /home/airflow/.local/lib/python3.6/site-packages/airflow/example_dags/example_kubernetes_executor_config.py took 0.080 seconds
[2021-08-18 09:19:08,822] {scheduler_job.py:182} INFO - Started process (PID=272) to work on /home/airflow/.local/lib/python3.6/site-packages/airflow/example_dags/example_kubernetes_executor_config.py
[2021-08-18 09:19:08,824] {scheduler_job.py:633} INFO - Processing file /home/airflow/.local/lib/python3.6/site-packages/airflow/example_dags/example_kubernetes_executor_config.py for tasks to queue
[2021-08-18 09:19:08,826] {logging_mixin.py:104} INFO - [2021-08-18 09:19:08,826] {dagbag.py:487} INFO - Filling up the DagBag from /home/airflow/.local/lib/python3.6/site-packages/airflow/example_dags/example_kubernetes_executor_config.py
[2021-08-18 09:19:08,842] {scheduler_job.py:643} INFO - DAG(s) dict_keys(['example_kubernetes_executor_config']) retrieved from /home/airflow/.local/lib/python3.6/site-packages/airflow/example_dags/example_kubernetes_executor_config.py
[2021-08-18 09:19:08,868] {logging_mixin.py:104} INFO - [2021-08-18 09:19:08,867] {dag.py:1832} INFO - Sync 1 DAGs
[2021-08-18 09:19:08,883] {logging_mixin.py:104} INFO - [2021-08-18 09:19:08,883] {dag.py:2305} INFO - Setting next_dagrun for example_kubernetes_executor_config to None
[2021-08-18 09:19:08,893] {scheduler_job.py:190} INFO - Processing /home/airflow/.local/lib/python3.6/site-packages/airflow/example_dags/example_kubernetes_executor_config.py took 0.074 seconds
[2021-08-18 09:19:39,202] {scheduler_job.py:182} INFO - Started process (PID=350) to work on /home/airflow/.local/lib/python3.6/site-packages/airflow/example_dags/example_kubernetes_executor_config.py
[2021-08-18 09:19:39,206] {scheduler_job.py:633} INFO - Processing file /home/airflow/.local/lib/python3.6/site-packages/airflow/example_dags/example_kubernetes_executor_config.py for tasks to queue
[2021-08-18 09:19:39,208] {logging_mixin.py:104} INFO - [2021-08-18 09:19:39,208] {dagbag.py:487} INFO - Filling up the DagBag from /home/airflow/.local/lib/python3.6/site-packages/airflow/example_dags/example_kubernetes_executor_config.py
[2021-08-18 09:19:39,248] {scheduler_job.py:643} INFO - DAG(s) dict_keys(['example_kubernetes_executor_config']) retrieved from /home/airflow/.local/lib/python3.6/site-packages/airflow/example_dags/example_kubernetes_executor_config.py
[2021-08-18 09:19:39,280] {logging_mixin.py:104} INFO - [2021-08-18 09:19:39,280] {dag.py:1832} INFO - Sync 1 DAGs
[2021-08-18 09:19:39,294] {logging_mixin.py:104} INFO - [2021-08-18 09:19:39,294] {dag.py:2305} INFO - Setting next_dagrun for example_kubernetes_executor_config to None
[2021-08-18 09:19:39,304] {scheduler_job.py:190} INFO - Processing /home/airflow/.local/lib/python3.6/site-packages/airflow/example_dags/example_kubernetes_executor_config.py took 0.105 seconds
[2021-08-18 09:20:09,665] {scheduler_job.py:182} INFO - Started process (PID=412) to work on /home/airflow/.local/lib/python3.6/site-packages/airflow/example_dags/example_kubernetes_executor_config.py
[2021-08-18 09:20:09,668] {scheduler_job.py:633} INFO - Processing file /home/airflow/.local/lib/python3.6/site-packages/airflow/example_dags/example_kubernetes_executor_config.py for tasks to queue
[2021-08-18 09:20:09,670] {logging_mixin.py:104} INFO - [2021-08-18 09:20:09,670] {dagbag.py:487} INFO - Filling up the DagBag from /home/airflow/.local/lib/python3.6/site-packages/airflow/example_dags/example_kubernetes_executor_config.py
[2021-08-18 09:20:09,687] {scheduler_job.py:643} INFO - DAG(s) dict_keys(['example_kubernetes_executor_config']) retrieved from /home/airflow/.local/lib/python3.6/site-packages/airflow/example_dags/example_kubernetes_executor_config.py
[2021-08-18 09:20:09,716] {logging_mixin.py:104} INFO - [2021-08-18 09:20:09,716] {dag.py:1832} INFO - Sync 1 DAGs
[2021-08-18 09:20:09,735] {logging_mixin.py:104} INFO - [2021-08-18 09:20:09,735] {dag.py:2305} INFO - Setting next_dagrun for example_kubernetes_executor_config to None
[2021-08-18 09:20:09,751] {scheduler_job.py:190} INFO - Processing /home/airflow/.local/lib/python3.6/site-packages/airflow/example_dags/example_kubernetes_executor_config.py took 0.091 seconds
[2021-08-18 09:20:39,818] {scheduler_job.py:182} INFO - Started process (PID=488) to work on /home/airflow/.local/lib/python3.6/site-packages/airflow/example_dags/example_kubernetes_executor_config.py
[2021-08-18 09:20:39,820] {scheduler_job.py:633} INFO - Processing file /home/airflow/.local/lib/python3.6/site-packages/airflow/example_dags/example_kubernetes_executor_config.py for tasks to queue
[2021-08-18 09:20:39,821] {logging_mixin.py:104} INFO - [2021-08-18 09:20:39,821] {dagbag.py:487} INFO - Filling up the DagBag from /home/airflow/.local/lib/python3.6/site-packages/airflow/example_dags/example_kubernetes_executor_config.py
[2021-08-18 09:20:39,836] {scheduler_job.py:643} INFO - DAG(s) dict_keys(['example_kubernetes_executor_config']) retrieved from /home/airflow/.local/lib/python3.6/site-packages/airflow/example_dags/example_kubernetes_executor_config.py
[2021-08-18 09:20:39,877] {logging_mixin.py:104} INFO - [2021-08-18 09:20:39,877] {dag.py:1832} INFO - Sync 1 DAGs
[2021-08-18 09:20:39,893] {logging_mixin.py:104} INFO - [2021-08-18 09:20:39,893] {dag.py:2305} INFO - Setting next_dagrun for example_kubernetes_executor_config to None
[2021-08-18 09:20:39,905] {scheduler_job.py:190} INFO - Processing /home/airflow/.local/lib/python3.6/site-packages/airflow/example_dags/example_kubernetes_executor_config.py took 0.091 seconds
[2021-08-18 09:21:09,946] {scheduler_job.py:182} INFO - Started process (PID=548) to work on /home/airflow/.local/lib/python3.6/site-packages/airflow/example_dags/example_kubernetes_executor_config.py
[2021-08-18 09:21:09,954] {scheduler_job.py:633} INFO - Processing file /home/airflow/.local/lib/python3.6/site-packages/airflow/example_dags/example_kubernetes_executor_config.py for tasks to queue
[2021-08-18 09:21:09,956] {logging_mixin.py:104} INFO - [2021-08-18 09:21:09,955] {dagbag.py:487} INFO - Filling up the DagBag from /home/airflow/.local/lib/python3.6/site-packages/airflow/example_dags/example_kubernetes_executor_config.py
[2021-08-18 09:21:09,972] {scheduler_job.py:643} INFO - DAG(s) dict_keys(['example_kubernetes_executor_config']) retrieved from /home/airflow/.local/lib/python3.6/site-packages/airflow/example_dags/example_kubernetes_executor_config.py
[2021-08-18 09:21:09,996] {logging_mixin.py:104} INFO - [2021-08-18 09:21:09,996] {dag.py:1832} INFO - Sync 1 DAGs
[2021-08-18 09:21:10,016] {logging_mixin.py:104} INFO - [2021-08-18 09:21:10,016] {dag.py:2305} INFO - Setting next_dagrun for example_kubernetes_executor_config to None
[2021-08-18 09:21:10,027] {scheduler_job.py:190} INFO - Processing /home/airflow/.local/lib/python3.6/site-packages/airflow/example_dags/example_kubernetes_executor_config.py took 0.085 seconds
[2021-08-18 09:21:40,430] {scheduler_job.py:182} INFO - Started process (PID=627) to work on /home/airflow/.local/lib/python3.6/site-packages/airflow/example_dags/example_kubernetes_executor_config.py
[2021-08-18 09:21:40,433] {scheduler_job.py:633} INFO - Processing file /home/airflow/.local/lib/python3.6/site-packages/airflow/example_dags/example_kubernetes_executor_config.py for tasks to queue
[2021-08-18 09:21:40,434] {logging_mixin.py:104} INFO - [2021-08-18 09:21:40,434] {dagbag.py:487} INFO - Filling up the DagBag from /home/airflow/.local/lib/python3.6/site-packages/airflow/example_dags/example_kubernetes_executor_config.py
[2021-08-18 09:21:40,462] {scheduler_job.py:643} INFO - DAG(s) dict_keys(['example_kubernetes_executor_config']) retrieved from /home/airflow/.local/lib/python3.6/site-packages/airflow/example_dags/example_kubernetes_executor_config.py
[2021-08-18 09:21:40,492] {logging_mixin.py:104} INFO - [2021-08-18 09:21:40,492] {dag.py:1832} INFO - Sync 1 DAGs
[2021-08-18 09:21:40,518] {logging_mixin.py:104} INFO - [2021-08-18 09:21:40,518] {dag.py:2305} INFO - Setting next_dagrun for example_kubernetes_executor_config to None
[2021-08-18 09:21:40,530] {scheduler_job.py:190} INFO - Processing /home/airflow/.local/lib/python3.6/site-packages/airflow/example_dags/example_kubernetes_executor_config.py took 0.105 seconds
[2021-08-18 09:22:11,799] {scheduler_job.py:182} INFO - Started process (PID=708) to work on /home/airflow/.local/lib/python3.6/site-packages/airflow/example_dags/example_kubernetes_executor_config.py
[2021-08-18 09:22:11,800] {scheduler_job.py:633} INFO - Processing file /home/airflow/.local/lib/python3.6/site-packages/airflow/example_dags/example_kubernetes_executor_config.py for tasks to queue
[2021-08-18 09:22:11,801] {logging_mixin.py:104} INFO - [2021-08-18 09:22:11,801] {dagbag.py:487} INFO - Filling up the DagBag from /home/airflow/.local/lib/python3.6/site-packages/airflow/example_dags/example_kubernetes_executor_config.py
[2021-08-18 09:22:11,821] {scheduler_job.py:643} INFO - DAG(s) dict_keys(['example_kubernetes_executor_config']) retrieved from /home/airflow/.local/lib/python3.6/site-packages/airflow/example_dags/example_kubernetes_executor_config.py
[2021-08-18 09:22:11,845] {logging_mixin.py:104} INFO - [2021-08-18 09:22:11,845] {dag.py:1832} INFO - Sync 1 DAGs
[2021-08-18 09:22:11,863] {logging_mixin.py:104} INFO - [2021-08-18 09:22:11,863] {dag.py:2305} INFO - Setting next_dagrun for example_kubernetes_executor_config to None
[2021-08-18 09:22:11,874] {scheduler_job.py:190} INFO - Processing /home/airflow/.local/lib/python3.6/site-packages/airflow/example_dags/example_kubernetes_executor_config.py took 0.079 seconds
[2021-08-18 09:22:42,057] {scheduler_job.py:182} INFO - Started process (PID=768) to work on /home/airflow/.local/lib/python3.6/site-packages/airflow/example_dags/example_kubernetes_executor_config.py
[2021-08-18 09:22:42,059] {scheduler_job.py:633} INFO - Processing file /home/airflow/.local/lib/python3.6/site-packages/airflow/example_dags/example_kubernetes_executor_config.py for tasks to queue
[2021-08-18 09:22:42,061] {logging_mixin.py:104} INFO - [2021-08-18 09:22:42,060] {dagbag.py:487} INFO - Filling up the DagBag from /home/airflow/.local/lib/python3.6/site-packages/airflow/example_dags/example_kubernetes_executor_config.py
[2021-08-18 09:22:42,077] {scheduler_job.py:643} INFO - DAG(s) dict_keys(['example_kubernetes_executor_config']) retrieved from /home/airflow/.local/lib/python3.6/site-packages/airflow/example_dags/example_kubernetes_executor_config.py
[2021-08-18 09:22:42,101] {logging_mixin.py:104} INFO - [2021-08-18 09:22:42,101] {dag.py:1832} INFO - Sync 1 DAGs
[2021-08-18 09:22:42,119] {logging_mixin.py:104} INFO - [2021-08-18 09:22:42,119] {dag.py:2305} INFO - Setting next_dagrun for example_kubernetes_executor_config to None
[2021-08-18 09:22:42,129] {scheduler_job.py:190} INFO - Processing /home/airflow/.local/lib/python3.6/site-packages/airflow/example_dags/example_kubernetes_executor_config.py took 0.077 seconds
[2021-08-18 09:23:13,284] {scheduler_job.py:182} INFO - Started process (PID=846) to work on /home/airflow/.local/lib/python3.6/site-packages/airflow/example_dags/example_kubernetes_executor_config.py
[2021-08-18 09:23:13,286] {scheduler_job.py:633} INFO - Processing file /home/airflow/.local/lib/python3.6/site-packages/airflow/example_dags/example_kubernetes_executor_config.py for tasks to queue
[2021-08-18 09:23:13,288] {logging_mixin.py:104} INFO - [2021-08-18 09:23:13,288] {dagbag.py:487} INFO - Filling up the DagBag from /home/airflow/.local/lib/python3.6/site-packages/airflow/example_dags/example_kubernetes_executor_config.py
[2021-08-18 09:23:13,306] {scheduler_job.py:643} INFO - DAG(s) dict_keys(['example_kubernetes_executor_config']) retrieved from /home/airflow/.local/lib/python3.6/site-packages/airflow/example_dags/example_kubernetes_executor_config.py
[2021-08-18 09:23:13,333] {logging_mixin.py:104} INFO - [2021-08-18 09:23:13,333] {dag.py:1832} INFO - Sync 1 DAGs
[2021-08-18 09:23:13,349] {logging_mixin.py:104} INFO - [2021-08-18 09:23:13,349] {dag.py:2305} INFO - Setting next_dagrun for example_kubernetes_executor_config to None
[2021-08-18 09:23:13,359] {scheduler_job.py:190} INFO - Processing /home/airflow/.local/lib/python3.6/site-packages/airflow/example_dags/example_kubernetes_executor_config.py took 0.079 seconds
[2021-08-18 09:23:43,937] {scheduler_job.py:182} INFO - Started process (PID=930) to work on /home/airflow/.local/lib/python3.6/site-packages/airflow/example_dags/example_kubernetes_executor_config.py
[2021-08-18 09:23:43,947] {scheduler_job.py:633} INFO - Processing file /home/airflow/.local/lib/python3.6/site-packages/airflow/example_dags/example_kubernetes_executor_config.py for tasks to queue
[2021-08-18 09:23:43,949] {logging_mixin.py:104} INFO - [2021-08-18 09:23:43,948] {dagbag.py:487} INFO - Filling up the DagBag from /home/airflow/.local/lib/python3.6/site-packages/airflow/example_dags/example_kubernetes_executor_config.py
[2021-08-18 09:23:43,964] {scheduler_job.py:643} INFO - DAG(s) dict_keys(['example_kubernetes_executor_config']) retrieved from /home/airflow/.local/lib/python3.6/site-packages/airflow/example_dags/example_kubernetes_executor_config.py
[2021-08-18 09:23:43,987] {logging_mixin.py:104} INFO - [2021-08-18 09:23:43,986] {dag.py:1832} INFO - Sync 1 DAGs
[2021-08-18 09:23:44,004] {logging_mixin.py:104} INFO - [2021-08-18 09:23:44,004] {dag.py:2305} INFO - Setting next_dagrun for example_kubernetes_executor_config to None
[2021-08-18 09:23:44,016] {scheduler_job.py:190} INFO - Processing /home/airflow/.local/lib/python3.6/site-packages/airflow/example_dags/example_kubernetes_executor_config.py took 0.083 seconds
[2021-08-18 09:24:15,020] {scheduler_job.py:182} INFO - Started process (PID=998) to work on /home/airflow/.local/lib/python3.6/site-packages/airflow/example_dags/example_kubernetes_executor_config.py
[2021-08-18 09:24:15,022] {scheduler_job.py:633} INFO - Processing file /home/airflow/.local/lib/python3.6/site-packages/airflow/example_dags/example_kubernetes_executor_config.py for tasks to queue
[2021-08-18 09:24:15,024] {logging_mixin.py:104} INFO - [2021-08-18 09:24:15,023] {dagbag.py:487} INFO - Filling up the DagBag from /home/airflow/.local/lib/python3.6/site-packages/airflow/example_dags/example_kubernetes_executor_config.py
[2021-08-18 09:24:15,040] {scheduler_job.py:643} INFO - DAG(s) dict_keys(['example_kubernetes_executor_config']) retrieved from /home/airflow/.local/lib/python3.6/site-packages/airflow/example_dags/example_kubernetes_executor_config.py
[2021-08-18 09:24:15,074] {logging_mixin.py:104} INFO - [2021-08-18 09:24:15,074] {dag.py:1832} INFO - Sync 1 DAGs
[2021-08-18 09:24:15,095] {logging_mixin.py:104} INFO - [2021-08-18 09:24:15,095] {dag.py:2305} INFO - Setting next_dagrun for example_kubernetes_executor_config to None
[2021-08-18 09:24:15,129] {scheduler_job.py:190} INFO - Processing /home/airflow/.local/lib/python3.6/site-packages/airflow/example_dags/example_kubernetes_executor_config.py took 0.113 seconds
[2021-08-18 09:24:45,524] {scheduler_job.py:182} INFO - Started process (PID=1075) to work on /home/airflow/.local/lib/python3.6/site-packages/airflow/example_dags/example_kubernetes_executor_config.py
[2021-08-18 09:24:45,528] {scheduler_job.py:633} INFO - Processing file /home/airflow/.local/lib/python3.6/site-packages/airflow/example_dags/example_kubernetes_executor_config.py for tasks to queue
[2021-08-18 09:24:45,530] {logging_mixin.py:104} INFO - [2021-08-18 09:24:45,530] {dagbag.py:487} INFO - Filling up the DagBag from /home/airflow/.local/lib/python3.6/site-packages/airflow/example_dags/example_kubernetes_executor_config.py
[2021-08-18 09:24:45,547] {scheduler_job.py:643} INFO - DAG(s) dict_keys(['example_kubernetes_executor_config']) retrieved from /home/airflow/.local/lib/python3.6/site-packages/airflow/example_dags/example_kubernetes_executor_config.py
[2021-08-18 09:24:45,574] {logging_mixin.py:104} INFO - [2021-08-18 09:24:45,573] {dag.py:1832} INFO - Sync 1 DAGs
[2021-08-18 09:24:45,593] {logging_mixin.py:104} INFO - [2021-08-18 09:24:45,593] {dag.py:2305} INFO - Setting next_dagrun for example_kubernetes_executor_config to None
[2021-08-18 09:24:45,606] {scheduler_job.py:190} INFO - Processing /home/airflow/.local/lib/python3.6/site-packages/airflow/example_dags/example_kubernetes_executor_config.py took 0.086 seconds
[2021-08-18 09:25:16,854] {scheduler_job.py:182} INFO - Started process (PID=1137) to work on /home/airflow/.local/lib/python3.6/site-packages/airflow/example_dags/example_kubernetes_executor_config.py
[2021-08-18 09:25:16,856] {scheduler_job.py:633} INFO - Processing file /home/airflow/.local/lib/python3.6/site-packages/airflow/example_dags/example_kubernetes_executor_config.py for tasks to queue
[2021-08-18 09:25:16,858] {logging_mixin.py:104} INFO - [2021-08-18 09:25:16,858] {dagbag.py:487} INFO - Filling up the DagBag from /home/airflow/.local/lib/python3.6/site-packages/airflow/example_dags/example_kubernetes_executor_config.py
[2021-08-18 09:25:16,875] {scheduler_job.py:643} INFO - DAG(s) dict_keys(['example_kubernetes_executor_config']) retrieved from /home/airflow/.local/lib/python3.6/site-packages/airflow/example_dags/example_kubernetes_executor_config.py
[2021-08-18 09:25:16,910] {logging_mixin.py:104} INFO - [2021-08-18 09:25:16,910] {dag.py:1832} INFO - Sync 1 DAGs
[2021-08-18 09:25:16,930] {logging_mixin.py:104} INFO - [2021-08-18 09:25:16,930] {dag.py:2305} INFO - Setting next_dagrun for example_kubernetes_executor_config to None
[2021-08-18 09:25:16,944] {scheduler_job.py:190} INFO - Processing /home/airflow/.local/lib/python3.6/site-packages/airflow/example_dags/example_kubernetes_executor_config.py took 0.095 seconds
[2021-08-18 09:25:47,014] {scheduler_job.py:182} INFO - Started process (PID=1214) to work on /home/airflow/.local/lib/python3.6/site-packages/airflow/example_dags/example_kubernetes_executor_config.py
[2021-08-18 09:25:47,016] {scheduler_job.py:633} INFO - Processing file /home/airflow/.local/lib/python3.6/site-packages/airflow/example_dags/example_kubernetes_executor_config.py for tasks to queue
[2021-08-18 09:25:47,017] {logging_mixin.py:104} INFO - [2021-08-18 09:25:47,017] {dagbag.py:487} INFO - Filling up the DagBag from /home/airflow/.local/lib/python3.6/site-packages/airflow/example_dags/example_kubernetes_executor_config.py
[2021-08-18 09:25:47,037] {scheduler_job.py:643} INFO - DAG(s) dict_keys(['example_kubernetes_executor_config']) retrieved from /home/airflow/.local/lib/python3.6/site-packages/airflow/example_dags/example_kubernetes_executor_config.py
[2021-08-18 09:25:47,066] {logging_mixin.py:104} INFO - [2021-08-18 09:25:47,066] {dag.py:1832} INFO - Sync 1 DAGs
[2021-08-18 09:25:47,086] {logging_mixin.py:104} INFO - [2021-08-18 09:25:47,086] {dag.py:2305} INFO - Setting next_dagrun for example_kubernetes_executor_config to None
[2021-08-18 09:25:47,097] {scheduler_job.py:190} INFO - Processing /home/airflow/.local/lib/python3.6/site-packages/airflow/example_dags/example_kubernetes_executor_config.py took 0.088 seconds
[2021-08-18 09:26:17,285] {scheduler_job.py:182} INFO - Started process (PID=1284) to work on /home/airflow/.local/lib/python3.6/site-packages/airflow/example_dags/example_kubernetes_executor_config.py
[2021-08-18 09:26:17,287] {scheduler_job.py:633} INFO - Processing file /home/airflow/.local/lib/python3.6/site-packages/airflow/example_dags/example_kubernetes_executor_config.py for tasks to queue
[2021-08-18 09:26:17,289] {logging_mixin.py:104} INFO - [2021-08-18 09:26:17,289] {dagbag.py:487} INFO - Filling up the DagBag from /home/airflow/.local/lib/python3.6/site-packages/airflow/example_dags/example_kubernetes_executor_config.py
[2021-08-18 09:26:17,309] {scheduler_job.py:643} INFO - DAG(s) dict_keys(['example_kubernetes_executor_config']) retrieved from /home/airflow/.local/lib/python3.6/site-packages/airflow/example_dags/example_kubernetes_executor_config.py
[2021-08-18 09:26:17,352] {logging_mixin.py:104} INFO - [2021-08-18 09:26:17,352] {dag.py:1832} INFO - Sync 1 DAGs
[2021-08-18 09:26:17,368] {logging_mixin.py:104} INFO - [2021-08-18 09:26:17,368] {dag.py:2305} INFO - Setting next_dagrun for example_kubernetes_executor_config to None
[2021-08-18 09:26:17,383] {scheduler_job.py:190} INFO - Processing /home/airflow/.local/lib/python3.6/site-packages/airflow/example_dags/example_kubernetes_executor_config.py took 0.101 seconds
[2021-08-18 09:26:48,356] {scheduler_job.py:182} INFO - Started process (PID=1352) to work on /home/airflow/.local/lib/python3.6/site-packages/airflow/example_dags/example_kubernetes_executor_config.py
[2021-08-18 09:26:48,358] {scheduler_job.py:633} INFO - Processing file /home/airflow/.local/lib/python3.6/site-packages/airflow/example_dags/example_kubernetes_executor_config.py for tasks to queue
[2021-08-18 09:26:48,360] {logging_mixin.py:104} INFO - [2021-08-18 09:26:48,360] {dagbag.py:487} INFO - Filling up the DagBag from /home/airflow/.local/lib/python3.6/site-packages/airflow/example_dags/example_kubernetes_executor_config.py
[2021-08-18 09:26:48,372] {scheduler_job.py:643} INFO - DAG(s) dict_keys(['example_kubernetes_executor_config']) retrieved from /home/airflow/.local/lib/python3.6/site-packages/airflow/example_dags/example_kubernetes_executor_config.py
[2021-08-18 09:26:48,391] {logging_mixin.py:104} INFO - [2021-08-18 09:26:48,391] {dag.py:1832} INFO - Sync 1 DAGs
[2021-08-18 09:26:48,406] {logging_mixin.py:104} INFO - [2021-08-18 09:26:48,406] {dag.py:2305} INFO - Setting next_dagrun for example_kubernetes_executor_config to None
[2021-08-18 09:26:48,415] {scheduler_job.py:190} INFO - Processing /home/airflow/.local/lib/python3.6/site-packages/airflow/example_dags/example_kubernetes_executor_config.py took 0.061 seconds
[2021-08-18 09:27:19,345] {scheduler_job.py:182} INFO - Started process (PID=1428) to work on /home/airflow/.local/lib/python3.6/site-packages/airflow/example_dags/example_kubernetes_executor_config.py
[2021-08-18 09:27:19,348] {scheduler_job.py:633} INFO - Processing file /home/airflow/.local/lib/python3.6/site-packages/airflow/example_dags/example_kubernetes_executor_config.py for tasks to queue
[2021-08-18 09:27:19,350] {logging_mixin.py:104} INFO - [2021-08-18 09:27:19,349] {dagbag.py:487} INFO - Filling up the DagBag from /home/airflow/.local/lib/python3.6/site-packages/airflow/example_dags/example_kubernetes_executor_config.py
[2021-08-18 09:27:19,366] {scheduler_job.py:643} INFO - DAG(s) dict_keys(['example_kubernetes_executor_config']) retrieved from /home/airflow/.local/lib/python3.6/site-packages/airflow/example_dags/example_kubernetes_executor_config.py
[2021-08-18 09:27:19,392] {logging_mixin.py:104} INFO - [2021-08-18 09:27:19,392] {dag.py:1832} INFO - Sync 1 DAGs
[2021-08-18 09:27:19,412] {logging_mixin.py:104} INFO - [2021-08-18 09:27:19,412] {dag.py:2305} INFO - Setting next_dagrun for example_kubernetes_executor_config to None
[2021-08-18 09:27:19,426] {scheduler_job.py:190} INFO - Processing /home/airflow/.local/lib/python3.6/site-packages/airflow/example_dags/example_kubernetes_executor_config.py took 0.086 seconds
[2021-08-18 09:27:49,731] {scheduler_job.py:182} INFO - Started process (PID=1490) to work on /home/airflow/.local/lib/python3.6/site-packages/airflow/example_dags/example_kubernetes_executor_config.py
[2021-08-18 09:27:49,734] {scheduler_job.py:633} INFO - Processing file /home/airflow/.local/lib/python3.6/site-packages/airflow/example_dags/example_kubernetes_executor_config.py for tasks to queue
[2021-08-18 09:27:49,736] {logging_mixin.py:104} INFO - [2021-08-18 09:27:49,736] {dagbag.py:487} INFO - Filling up the DagBag from /home/airflow/.local/lib/python3.6/site-packages/airflow/example_dags/example_kubernetes_executor_config.py
[2021-08-18 09:27:49,756] {scheduler_job.py:643} INFO - DAG(s) dict_keys(['example_kubernetes_executor_config']) retrieved from /home/airflow/.local/lib/python3.6/site-packages/airflow/example_dags/example_kubernetes_executor_config.py
[2021-08-18 09:27:49,782] {logging_mixin.py:104} INFO - [2021-08-18 09:27:49,782] {dag.py:1832} INFO - Sync 1 DAGs
[2021-08-18 09:27:49,804] {logging_mixin.py:104} INFO - [2021-08-18 09:27:49,804] {dag.py:2305} INFO - Setting next_dagrun for example_kubernetes_executor_config to None
[2021-08-18 09:27:49,815] {scheduler_job.py:190} INFO - Processing /home/airflow/.local/lib/python3.6/site-packages/airflow/example_dags/example_kubernetes_executor_config.py took 0.089 seconds
[2021-08-18 09:28:20,740] {scheduler_job.py:182} INFO - Started process (PID=1569) to work on /home/airflow/.local/lib/python3.6/site-packages/airflow/example_dags/example_kubernetes_executor_config.py
[2021-08-18 09:28:20,742] {scheduler_job.py:633} INFO - Processing file /home/airflow/.local/lib/python3.6/site-packages/airflow/example_dags/example_kubernetes_executor_config.py for tasks to queue
[2021-08-18 09:28:20,744] {logging_mixin.py:104} INFO - [2021-08-18 09:28:20,743] {dagbag.py:487} INFO - Filling up the DagBag from /home/airflow/.local/lib/python3.6/site-packages/airflow/example_dags/example_kubernetes_executor_config.py
[2021-08-18 09:28:20,761] {scheduler_job.py:643} INFO - DAG(s) dict_keys(['example_kubernetes_executor_config']) retrieved from /home/airflow/.local/lib/python3.6/site-packages/airflow/example_dags/example_kubernetes_executor_config.py
[2021-08-18 09:28:20,785] {logging_mixin.py:104} INFO - [2021-08-18 09:28:20,785] {dag.py:1832} INFO - Sync 1 DAGs
[2021-08-18 09:28:20,802] {logging_mixin.py:104} INFO - [2021-08-18 09:28:20,802] {dag.py:2305} INFO - Setting next_dagrun for example_kubernetes_executor_config to None
[2021-08-18 09:28:20,812] {scheduler_job.py:190} INFO - Processing /home/airflow/.local/lib/python3.6/site-packages/airflow/example_dags/example_kubernetes_executor_config.py took 0.077 seconds
[2021-08-18 09:28:51,856] {scheduler_job.py:182} INFO - Started process (PID=1647) to work on /home/airflow/.local/lib/python3.6/site-packages/airflow/example_dags/example_kubernetes_executor_config.py
[2021-08-18 09:28:51,859] {scheduler_job.py:633} INFO - Processing file /home/airflow/.local/lib/python3.6/site-packages/airflow/example_dags/example_kubernetes_executor_config.py for tasks to queue
[2021-08-18 09:28:51,861] {logging_mixin.py:104} INFO - [2021-08-18 09:28:51,861] {dagbag.py:487} INFO - Filling up the DagBag from /home/airflow/.local/lib/python3.6/site-packages/airflow/example_dags/example_kubernetes_executor_config.py
[2021-08-18 09:28:51,877] {scheduler_job.py:643} INFO - DAG(s) dict_keys(['example_kubernetes_executor_config']) retrieved from /home/airflow/.local/lib/python3.6/site-packages/airflow/example_dags/example_kubernetes_executor_config.py
[2021-08-18 09:28:51,903] {logging_mixin.py:104} INFO - [2021-08-18 09:28:51,903] {dag.py:1832} INFO - Sync 1 DAGs
[2021-08-18 09:28:51,918] {logging_mixin.py:104} INFO - [2021-08-18 09:28:51,918] {dag.py:2305} INFO - Setting next_dagrun for example_kubernetes_executor_config to None
[2021-08-18 09:28:51,929] {scheduler_job.py:190} INFO - Processing /home/airflow/.local/lib/python3.6/site-packages/airflow/example_dags/example_kubernetes_executor_config.py took 0.077 seconds
[2021-08-18 09:29:21,975] {scheduler_job.py:182} INFO - Started process (PID=1709) to work on /home/airflow/.local/lib/python3.6/site-packages/airflow/example_dags/example_kubernetes_executor_config.py
[2021-08-18 09:29:21,976] {scheduler_job.py:633} INFO - Processing file /home/airflow/.local/lib/python3.6/site-packages/airflow/example_dags/example_kubernetes_executor_config.py for tasks to queue
[2021-08-18 09:29:21,978] {logging_mixin.py:104} INFO - [2021-08-18 09:29:21,977] {dagbag.py:487} INFO - Filling up the DagBag from /home/airflow/.local/lib/python3.6/site-packages/airflow/example_dags/example_kubernetes_executor_config.py
[2021-08-18 09:29:21,990] {scheduler_job.py:643} INFO - DAG(s) dict_keys(['example_kubernetes_executor_config']) retrieved from /home/airflow/.local/lib/python3.6/site-packages/airflow/example_dags/example_kubernetes_executor_config.py
[2021-08-18 09:29:22,008] {logging_mixin.py:104} INFO - [2021-08-18 09:29:22,008] {dag.py:1832} INFO - Sync 1 DAGs
[2021-08-18 09:29:22,021] {logging_mixin.py:104} INFO - [2021-08-18 09:29:22,021] {dag.py:2305} INFO - Setting next_dagrun for example_kubernetes_executor_config to None
[2021-08-18 09:29:22,029] {scheduler_job.py:190} INFO - Processing /home/airflow/.local/lib/python3.6/site-packages/airflow/example_dags/example_kubernetes_executor_config.py took 0.058 seconds
[2021-08-18 09:29:52,437] {scheduler_job.py:182} INFO - Started process (PID=1785) to work on /home/airflow/.local/lib/python3.6/site-packages/airflow/example_dags/example_kubernetes_executor_config.py
[2021-08-18 09:29:52,440] {scheduler_job.py:633} INFO - Processing file /home/airflow/.local/lib/python3.6/site-packages/airflow/example_dags/example_kubernetes_executor_config.py for tasks to queue
[2021-08-18 09:29:52,441] {logging_mixin.py:104} INFO - [2021-08-18 09:29:52,441] {dagbag.py:487} INFO - Filling up the DagBag from /home/airflow/.local/lib/python3.6/site-packages/airflow/example_dags/example_kubernetes_executor_config.py
[2021-08-18 09:29:52,457] {scheduler_job.py:643} INFO - DAG(s) dict_keys(['example_kubernetes_executor_config']) retrieved from /home/airflow/.local/lib/python3.6/site-packages/airflow/example_dags/example_kubernetes_executor_config.py
[2021-08-18 09:29:52,486] {logging_mixin.py:104} INFO - [2021-08-18 09:29:52,485] {dag.py:1832} INFO - Sync 1 DAGs
[2021-08-18 09:29:52,505] {logging_mixin.py:104} INFO - [2021-08-18 09:29:52,505] {dag.py:2305} INFO - Setting next_dagrun for example_kubernetes_executor_config to None
[2021-08-18 09:29:52,516] {scheduler_job.py:190} INFO - Processing /home/airflow/.local/lib/python3.6/site-packages/airflow/example_dags/example_kubernetes_executor_config.py took 0.083 seconds
[2021-08-18 09:30:23,433] {scheduler_job.py:182} INFO - Started process (PID=1861) to work on /home/airflow/.local/lib/python3.6/site-packages/airflow/example_dags/example_kubernetes_executor_config.py
[2021-08-18 09:30:23,435] {scheduler_job.py:633} INFO - Processing file /home/airflow/.local/lib/python3.6/site-packages/airflow/example_dags/example_kubernetes_executor_config.py for tasks to queue
[2021-08-18 09:30:23,436] {logging_mixin.py:104} INFO - [2021-08-18 09:30:23,436] {dagbag.py:487} INFO - Filling up the DagBag from /home/airflow/.local/lib/python3.6/site-packages/airflow/example_dags/example_kubernetes_executor_config.py
[2021-08-18 09:30:23,455] {scheduler_job.py:643} INFO - DAG(s) dict_keys(['example_kubernetes_executor_config']) retrieved from /home/airflow/.local/lib/python3.6/site-packages/airflow/example_dags/example_kubernetes_executor_config.py
[2021-08-18 09:30:23,484] {logging_mixin.py:104} INFO - [2021-08-18 09:30:23,483] {dag.py:1832} INFO - Sync 1 DAGs
[2021-08-18 09:30:23,504] {logging_mixin.py:104} INFO - [2021-08-18 09:30:23,503] {dag.py:2305} INFO - Setting next_dagrun for example_kubernetes_executor_config to None
[2021-08-18 09:30:23,519] {scheduler_job.py:190} INFO - Processing /home/airflow/.local/lib/python3.6/site-packages/airflow/example_dags/example_kubernetes_executor_config.py took 0.091 seconds
[2021-08-18 09:30:54,565] {scheduler_job.py:182} INFO - Started process (PID=1923) to work on /home/airflow/.local/lib/python3.6/site-packages/airflow/example_dags/example_kubernetes_executor_config.py
[2021-08-18 09:30:54,567] {scheduler_job.py:633} INFO - Processing file /home/airflow/.local/lib/python3.6/site-packages/airflow/example_dags/example_kubernetes_executor_config.py for tasks to queue
[2021-08-18 09:30:54,569] {logging_mixin.py:104} INFO - [2021-08-18 09:30:54,569] {dagbag.py:487} INFO - Filling up the DagBag from /home/airflow/.local/lib/python3.6/site-packages/airflow/example_dags/example_kubernetes_executor_config.py
[2021-08-18 09:30:54,583] {scheduler_job.py:643} INFO - DAG(s) dict_keys(['example_kubernetes_executor_config']) retrieved from /home/airflow/.local/lib/python3.6/site-packages/airflow/example_dags/example_kubernetes_executor_config.py
[2021-08-18 09:30:54,608] {logging_mixin.py:104} INFO - [2021-08-18 09:30:54,608] {dag.py:1832} INFO - Sync 1 DAGs
[2021-08-18 09:30:54,624] {logging_mixin.py:104} INFO - [2021-08-18 09:30:54,623] {dag.py:2305} INFO - Setting next_dagrun for example_kubernetes_executor_config to None
[2021-08-18 09:30:54,633] {scheduler_job.py:190} INFO - Processing /home/airflow/.local/lib/python3.6/site-packages/airflow/example_dags/example_kubernetes_executor_config.py took 0.072 seconds
[2021-08-18 09:31:25,512] {scheduler_job.py:182} INFO - Started process (PID=2000) to work on /home/airflow/.local/lib/python3.6/site-packages/airflow/example_dags/example_kubernetes_executor_config.py
[2021-08-18 09:31:25,514] {scheduler_job.py:633} INFO - Processing file /home/airflow/.local/lib/python3.6/site-packages/airflow/example_dags/example_kubernetes_executor_config.py for tasks to queue
[2021-08-18 09:31:25,515] {logging_mixin.py:104} INFO - [2021-08-18 09:31:25,515] {dagbag.py:487} INFO - Filling up the DagBag from /home/airflow/.local/lib/python3.6/site-packages/airflow/example_dags/example_kubernetes_executor_config.py
[2021-08-18 09:31:25,532] {scheduler_job.py:643} INFO - DAG(s) dict_keys(['example_kubernetes_executor_config']) retrieved from /home/airflow/.local/lib/python3.6/site-packages/airflow/example_dags/example_kubernetes_executor_config.py
[2021-08-18 09:31:25,559] {logging_mixin.py:104} INFO - [2021-08-18 09:31:25,558] {dag.py:1832} INFO - Sync 1 DAGs
[2021-08-18 09:31:25,576] {logging_mixin.py:104} INFO - [2021-08-18 09:31:25,576] {dag.py:2305} INFO - Setting next_dagrun for example_kubernetes_executor_config to None
[2021-08-18 09:31:25,587] {scheduler_job.py:190} INFO - Processing /home/airflow/.local/lib/python3.6/site-packages/airflow/example_dags/example_kubernetes_executor_config.py took 0.080 seconds
[2021-08-18 09:31:56,457] {scheduler_job.py:182} INFO - Started process (PID=2079) to work on /home/airflow/.local/lib/python3.6/site-packages/airflow/example_dags/example_kubernetes_executor_config.py
[2021-08-18 09:31:56,459] {scheduler_job.py:633} INFO - Processing file /home/airflow/.local/lib/python3.6/site-packages/airflow/example_dags/example_kubernetes_executor_config.py for tasks to queue
[2021-08-18 09:31:56,460] {logging_mixin.py:104} INFO - [2021-08-18 09:31:56,460] {dagbag.py:487} INFO - Filling up the DagBag from /home/airflow/.local/lib/python3.6/site-packages/airflow/example_dags/example_kubernetes_executor_config.py
[2021-08-18 09:31:56,474] {scheduler_job.py:643} INFO - DAG(s) dict_keys(['example_kubernetes_executor_config']) retrieved from /home/airflow/.local/lib/python3.6/site-packages/airflow/example_dags/example_kubernetes_executor_config.py
[2021-08-18 09:31:56,495] {logging_mixin.py:104} INFO - [2021-08-18 09:31:56,495] {dag.py:1832} INFO - Sync 1 DAGs
[2021-08-18 09:31:56,510] {logging_mixin.py:104} INFO - [2021-08-18 09:31:56,510] {dag.py:2305} INFO - Setting next_dagrun for example_kubernetes_executor_config to None
[2021-08-18 09:31:56,521] {scheduler_job.py:190} INFO - Processing /home/airflow/.local/lib/python3.6/site-packages/airflow/example_dags/example_kubernetes_executor_config.py took 0.067 seconds
[2021-08-18 09:32:26,858] {scheduler_job.py:182} INFO - Started process (PID=2141) to work on /home/airflow/.local/lib/python3.6/site-packages/airflow/example_dags/example_kubernetes_executor_config.py
[2021-08-18 09:32:26,859] {scheduler_job.py:633} INFO - Processing file /home/airflow/.local/lib/python3.6/site-packages/airflow/example_dags/example_kubernetes_executor_config.py for tasks to queue
[2021-08-18 09:32:26,861] {logging_mixin.py:104} INFO - [2021-08-18 09:32:26,860] {dagbag.py:487} INFO - Filling up the DagBag from /home/airflow/.local/lib/python3.6/site-packages/airflow/example_dags/example_kubernetes_executor_config.py
[2021-08-18 09:32:26,875] {scheduler_job.py:643} INFO - DAG(s) dict_keys(['example_kubernetes_executor_config']) retrieved from /home/airflow/.local/lib/python3.6/site-packages/airflow/example_dags/example_kubernetes_executor_config.py
[2021-08-18 09:32:26,899] {logging_mixin.py:104} INFO - [2021-08-18 09:32:26,899] {dag.py:1832} INFO - Sync 1 DAGs
[2021-08-18 09:32:26,914] {logging_mixin.py:104} INFO - [2021-08-18 09:32:26,914] {dag.py:2305} INFO - Setting next_dagrun for example_kubernetes_executor_config to None
[2021-08-18 09:32:26,924] {scheduler_job.py:190} INFO - Processing /home/airflow/.local/lib/python3.6/site-packages/airflow/example_dags/example_kubernetes_executor_config.py took 0.070 seconds
[2021-08-18 09:32:58,095] {scheduler_job.py:182} INFO - Started process (PID=2218) to work on /home/airflow/.local/lib/python3.6/site-packages/airflow/example_dags/example_kubernetes_executor_config.py
[2021-08-18 09:32:58,097] {scheduler_job.py:633} INFO - Processing file /home/airflow/.local/lib/python3.6/site-packages/airflow/example_dags/example_kubernetes_executor_config.py for tasks to queue
[2021-08-18 09:32:58,098] {logging_mixin.py:104} INFO - [2021-08-18 09:32:58,098] {dagbag.py:487} INFO - Filling up the DagBag from /home/airflow/.local/lib/python3.6/site-packages/airflow/example_dags/example_kubernetes_executor_config.py
[2021-08-18 09:32:58,116] {scheduler_job.py:643} INFO - DAG(s) dict_keys(['example_kubernetes_executor_config']) retrieved from /home/airflow/.local/lib/python3.6/site-packages/airflow/example_dags/example_kubernetes_executor_config.py
[2021-08-18 09:32:58,142] {logging_mixin.py:104} INFO - [2021-08-18 09:32:58,142] {dag.py:1832} INFO - Sync 1 DAGs
[2021-08-18 09:32:58,161] {logging_mixin.py:104} INFO - [2021-08-18 09:32:58,161] {dag.py:2305} INFO - Setting next_dagrun for example_kubernetes_executor_config to None
[2021-08-18 09:32:58,173] {scheduler_job.py:190} INFO - Processing /home/airflow/.local/lib/python3.6/site-packages/airflow/example_dags/example_kubernetes_executor_config.py took 0.085 seconds
