[2021-08-18 09:01:54,043] {scheduler_job.py:182} INFO - Started process (PID=72) to work on /home/airflow/.local/lib/python3.6/site-packages/airflow/example_dags/example_kubernetes_executor.py
[2021-08-18 09:01:54,049] {scheduler_job.py:633} INFO - Processing file /home/airflow/.local/lib/python3.6/site-packages/airflow/example_dags/example_kubernetes_executor.py for tasks to queue
[2021-08-18 09:01:54,055] {logging_mixin.py:104} INFO - [2021-08-18 09:01:54,054] {dagbag.py:487} INFO - Filling up the DagBag from /home/airflow/.local/lib/python3.6/site-packages/airflow/example_dags/example_kubernetes_executor.py
[2021-08-18 09:01:54,161] {scheduler_job.py:643} INFO - DAG(s) dict_keys(['example_kubernetes_executor']) retrieved from /home/airflow/.local/lib/python3.6/site-packages/airflow/example_dags/example_kubernetes_executor.py
[2021-08-18 09:01:57,501] {logging_mixin.py:104} INFO - [2021-08-18 09:01:57,499] {dag.py:1832} INFO - Sync 1 DAGs
[2021-08-18 09:01:57,518] {logging_mixin.py:104} INFO - [2021-08-18 09:01:57,517] {dag.py:1851} INFO - Creating ORM DAG for example_kubernetes_executor
[2021-08-18 09:01:57,528] {logging_mixin.py:104} INFO - [2021-08-18 09:01:57,528] {dag.py:2305} INFO - Setting next_dagrun for example_kubernetes_executor to None
[2021-08-18 09:01:57,549] {scheduler_job.py:190} INFO - Processing /home/airflow/.local/lib/python3.6/site-packages/airflow/example_dags/example_kubernetes_executor.py took 3.529 seconds
[2021-08-18 09:02:45,864] {scheduler_job.py:182} INFO - Started process (PID=163) to work on /home/airflow/.local/lib/python3.6/site-packages/airflow/example_dags/example_kubernetes_executor.py
[2021-08-18 09:02:45,866] {scheduler_job.py:633} INFO - Processing file /home/airflow/.local/lib/python3.6/site-packages/airflow/example_dags/example_kubernetes_executor.py for tasks to queue
[2021-08-18 09:02:45,868] {logging_mixin.py:104} INFO - [2021-08-18 09:02:45,867] {dagbag.py:487} INFO - Filling up the DagBag from /home/airflow/.local/lib/python3.6/site-packages/airflow/example_dags/example_kubernetes_executor.py
[2021-08-18 09:02:45,886] {scheduler_job.py:643} INFO - DAG(s) dict_keys(['example_kubernetes_executor']) retrieved from /home/airflow/.local/lib/python3.6/site-packages/airflow/example_dags/example_kubernetes_executor.py
[2021-08-18 09:02:45,911] {logging_mixin.py:104} INFO - [2021-08-18 09:02:45,911] {dag.py:1832} INFO - Sync 1 DAGs
[2021-08-18 09:02:45,930] {logging_mixin.py:104} INFO - [2021-08-18 09:02:45,930] {dag.py:2305} INFO - Setting next_dagrun for example_kubernetes_executor to None
[2021-08-18 09:02:45,941] {scheduler_job.py:190} INFO - Processing /home/airflow/.local/lib/python3.6/site-packages/airflow/example_dags/example_kubernetes_executor.py took 0.081 seconds
[2021-08-18 09:03:16,458] {scheduler_job.py:182} INFO - Started process (PID=242) to work on /home/airflow/.local/lib/python3.6/site-packages/airflow/example_dags/example_kubernetes_executor.py
[2021-08-18 09:03:16,460] {scheduler_job.py:633} INFO - Processing file /home/airflow/.local/lib/python3.6/site-packages/airflow/example_dags/example_kubernetes_executor.py for tasks to queue
[2021-08-18 09:03:16,461] {logging_mixin.py:104} INFO - [2021-08-18 09:03:16,461] {dagbag.py:487} INFO - Filling up the DagBag from /home/airflow/.local/lib/python3.6/site-packages/airflow/example_dags/example_kubernetes_executor.py
[2021-08-18 09:03:16,482] {scheduler_job.py:643} INFO - DAG(s) dict_keys(['example_kubernetes_executor']) retrieved from /home/airflow/.local/lib/python3.6/site-packages/airflow/example_dags/example_kubernetes_executor.py
[2021-08-18 09:03:16,508] {logging_mixin.py:104} INFO - [2021-08-18 09:03:16,508] {dag.py:1832} INFO - Sync 1 DAGs
[2021-08-18 09:03:16,525] {logging_mixin.py:104} INFO - [2021-08-18 09:03:16,525] {dag.py:2305} INFO - Setting next_dagrun for example_kubernetes_executor to None
[2021-08-18 09:03:16,535] {scheduler_job.py:190} INFO - Processing /home/airflow/.local/lib/python3.6/site-packages/airflow/example_dags/example_kubernetes_executor.py took 0.083 seconds
[2021-08-18 09:03:47,155] {scheduler_job.py:182} INFO - Started process (PID=313) to work on /home/airflow/.local/lib/python3.6/site-packages/airflow/example_dags/example_kubernetes_executor.py
[2021-08-18 09:03:47,158] {scheduler_job.py:633} INFO - Processing file /home/airflow/.local/lib/python3.6/site-packages/airflow/example_dags/example_kubernetes_executor.py for tasks to queue
[2021-08-18 09:03:47,160] {logging_mixin.py:104} INFO - [2021-08-18 09:03:47,160] {dagbag.py:487} INFO - Filling up the DagBag from /home/airflow/.local/lib/python3.6/site-packages/airflow/example_dags/example_kubernetes_executor.py
[2021-08-18 09:03:47,177] {scheduler_job.py:643} INFO - DAG(s) dict_keys(['example_kubernetes_executor']) retrieved from /home/airflow/.local/lib/python3.6/site-packages/airflow/example_dags/example_kubernetes_executor.py
[2021-08-18 09:03:47,203] {logging_mixin.py:104} INFO - [2021-08-18 09:03:47,203] {dag.py:1832} INFO - Sync 1 DAGs
[2021-08-18 09:03:47,222] {logging_mixin.py:104} INFO - [2021-08-18 09:03:47,221] {dag.py:2305} INFO - Setting next_dagrun for example_kubernetes_executor to None
[2021-08-18 09:03:47,234] {scheduler_job.py:190} INFO - Processing /home/airflow/.local/lib/python3.6/site-packages/airflow/example_dags/example_kubernetes_executor.py took 0.084 seconds
[2021-08-18 09:04:17,610] {scheduler_job.py:182} INFO - Started process (PID=384) to work on /home/airflow/.local/lib/python3.6/site-packages/airflow/example_dags/example_kubernetes_executor.py
[2021-08-18 09:04:17,612] {scheduler_job.py:633} INFO - Processing file /home/airflow/.local/lib/python3.6/site-packages/airflow/example_dags/example_kubernetes_executor.py for tasks to queue
[2021-08-18 09:04:17,614] {logging_mixin.py:104} INFO - [2021-08-18 09:04:17,614] {dagbag.py:487} INFO - Filling up the DagBag from /home/airflow/.local/lib/python3.6/site-packages/airflow/example_dags/example_kubernetes_executor.py
[2021-08-18 09:04:17,630] {scheduler_job.py:643} INFO - DAG(s) dict_keys(['example_kubernetes_executor']) retrieved from /home/airflow/.local/lib/python3.6/site-packages/airflow/example_dags/example_kubernetes_executor.py
[2021-08-18 09:04:17,661] {logging_mixin.py:104} INFO - [2021-08-18 09:04:17,661] {dag.py:1832} INFO - Sync 1 DAGs
[2021-08-18 09:04:17,684] {logging_mixin.py:104} INFO - [2021-08-18 09:04:17,684] {dag.py:2305} INFO - Setting next_dagrun for example_kubernetes_executor to None
[2021-08-18 09:04:17,698] {scheduler_job.py:190} INFO - Processing /home/airflow/.local/lib/python3.6/site-packages/airflow/example_dags/example_kubernetes_executor.py took 0.093 seconds
[2021-08-18 09:04:48,081] {scheduler_job.py:182} INFO - Started process (PID=447) to work on /home/airflow/.local/lib/python3.6/site-packages/airflow/example_dags/example_kubernetes_executor.py
[2021-08-18 09:04:48,084] {scheduler_job.py:633} INFO - Processing file /home/airflow/.local/lib/python3.6/site-packages/airflow/example_dags/example_kubernetes_executor.py for tasks to queue
[2021-08-18 09:04:48,086] {logging_mixin.py:104} INFO - [2021-08-18 09:04:48,085] {dagbag.py:487} INFO - Filling up the DagBag from /home/airflow/.local/lib/python3.6/site-packages/airflow/example_dags/example_kubernetes_executor.py
[2021-08-18 09:04:48,117] {scheduler_job.py:643} INFO - DAG(s) dict_keys(['example_kubernetes_executor']) retrieved from /home/airflow/.local/lib/python3.6/site-packages/airflow/example_dags/example_kubernetes_executor.py
[2021-08-18 09:04:48,157] {logging_mixin.py:104} INFO - [2021-08-18 09:04:48,157] {dag.py:1832} INFO - Sync 1 DAGs
[2021-08-18 09:04:48,194] {logging_mixin.py:104} INFO - [2021-08-18 09:04:48,194] {dag.py:2305} INFO - Setting next_dagrun for example_kubernetes_executor to None
[2021-08-18 09:04:48,217] {scheduler_job.py:190} INFO - Processing /home/airflow/.local/lib/python3.6/site-packages/airflow/example_dags/example_kubernetes_executor.py took 0.142 seconds
[2021-08-18 09:05:18,510] {scheduler_job.py:182} INFO - Started process (PID=507) to work on /home/airflow/.local/lib/python3.6/site-packages/airflow/example_dags/example_kubernetes_executor.py
[2021-08-18 09:05:18,512] {scheduler_job.py:633} INFO - Processing file /home/airflow/.local/lib/python3.6/site-packages/airflow/example_dags/example_kubernetes_executor.py for tasks to queue
[2021-08-18 09:05:18,515] {logging_mixin.py:104} INFO - [2021-08-18 09:05:18,515] {dagbag.py:487} INFO - Filling up the DagBag from /home/airflow/.local/lib/python3.6/site-packages/airflow/example_dags/example_kubernetes_executor.py
[2021-08-18 09:05:18,537] {scheduler_job.py:643} INFO - DAG(s) dict_keys(['example_kubernetes_executor']) retrieved from /home/airflow/.local/lib/python3.6/site-packages/airflow/example_dags/example_kubernetes_executor.py
[2021-08-18 09:05:18,562] {logging_mixin.py:104} INFO - [2021-08-18 09:05:18,562] {dag.py:1832} INFO - Sync 1 DAGs
[2021-08-18 09:05:18,583] {logging_mixin.py:104} INFO - [2021-08-18 09:05:18,583] {dag.py:2305} INFO - Setting next_dagrun for example_kubernetes_executor to None
[2021-08-18 09:05:18,595] {scheduler_job.py:190} INFO - Processing /home/airflow/.local/lib/python3.6/site-packages/airflow/example_dags/example_kubernetes_executor.py took 0.089 seconds
[2021-08-18 09:05:49,356] {scheduler_job.py:182} INFO - Started process (PID=579) to work on /home/airflow/.local/lib/python3.6/site-packages/airflow/example_dags/example_kubernetes_executor.py
[2021-08-18 09:05:49,358] {scheduler_job.py:633} INFO - Processing file /home/airflow/.local/lib/python3.6/site-packages/airflow/example_dags/example_kubernetes_executor.py for tasks to queue
[2021-08-18 09:05:49,360] {logging_mixin.py:104} INFO - [2021-08-18 09:05:49,359] {dagbag.py:487} INFO - Filling up the DagBag from /home/airflow/.local/lib/python3.6/site-packages/airflow/example_dags/example_kubernetes_executor.py
[2021-08-18 09:05:49,380] {scheduler_job.py:643} INFO - DAG(s) dict_keys(['example_kubernetes_executor']) retrieved from /home/airflow/.local/lib/python3.6/site-packages/airflow/example_dags/example_kubernetes_executor.py
[2021-08-18 09:05:49,406] {logging_mixin.py:104} INFO - [2021-08-18 09:05:49,405] {dag.py:1832} INFO - Sync 1 DAGs
[2021-08-18 09:05:49,424] {logging_mixin.py:104} INFO - [2021-08-18 09:05:49,423] {dag.py:2305} INFO - Setting next_dagrun for example_kubernetes_executor to None
[2021-08-18 09:05:49,437] {scheduler_job.py:190} INFO - Processing /home/airflow/.local/lib/python3.6/site-packages/airflow/example_dags/example_kubernetes_executor.py took 0.086 seconds
[2021-08-18 09:06:23,139] {scheduler_job.py:182} INFO - Started process (PID=638) to work on /home/airflow/.local/lib/python3.6/site-packages/airflow/example_dags/example_kubernetes_executor.py
[2021-08-18 09:06:23,142] {scheduler_job.py:633} INFO - Processing file /home/airflow/.local/lib/python3.6/site-packages/airflow/example_dags/example_kubernetes_executor.py for tasks to queue
[2021-08-18 09:06:23,144] {logging_mixin.py:104} INFO - [2021-08-18 09:06:23,144] {dagbag.py:487} INFO - Filling up the DagBag from /home/airflow/.local/lib/python3.6/site-packages/airflow/example_dags/example_kubernetes_executor.py
[2021-08-18 09:06:23,171] {scheduler_job.py:643} INFO - DAG(s) dict_keys(['example_kubernetes_executor']) retrieved from /home/airflow/.local/lib/python3.6/site-packages/airflow/example_dags/example_kubernetes_executor.py
[2021-08-18 09:06:23,203] {logging_mixin.py:104} INFO - [2021-08-18 09:06:23,203] {dag.py:1832} INFO - Sync 1 DAGs
[2021-08-18 09:06:23,231] {logging_mixin.py:104} INFO - [2021-08-18 09:06:23,231] {dag.py:2305} INFO - Setting next_dagrun for example_kubernetes_executor to None
[2021-08-18 09:06:23,245] {scheduler_job.py:190} INFO - Processing /home/airflow/.local/lib/python3.6/site-packages/airflow/example_dags/example_kubernetes_executor.py took 0.113 seconds
[2021-08-18 09:06:53,644] {scheduler_job.py:182} INFO - Started process (PID=704) to work on /home/airflow/.local/lib/python3.6/site-packages/airflow/example_dags/example_kubernetes_executor.py
[2021-08-18 09:06:53,646] {scheduler_job.py:633} INFO - Processing file /home/airflow/.local/lib/python3.6/site-packages/airflow/example_dags/example_kubernetes_executor.py for tasks to queue
[2021-08-18 09:06:53,648] {logging_mixin.py:104} INFO - [2021-08-18 09:06:53,647] {dagbag.py:487} INFO - Filling up the DagBag from /home/airflow/.local/lib/python3.6/site-packages/airflow/example_dags/example_kubernetes_executor.py
[2021-08-18 09:06:53,664] {scheduler_job.py:643} INFO - DAG(s) dict_keys(['example_kubernetes_executor']) retrieved from /home/airflow/.local/lib/python3.6/site-packages/airflow/example_dags/example_kubernetes_executor.py
[2021-08-18 09:06:53,685] {logging_mixin.py:104} INFO - [2021-08-18 09:06:53,685] {dag.py:1832} INFO - Sync 1 DAGs
[2021-08-18 09:06:53,702] {logging_mixin.py:104} INFO - [2021-08-18 09:06:53,702] {dag.py:2305} INFO - Setting next_dagrun for example_kubernetes_executor to None
[2021-08-18 09:06:53,712] {scheduler_job.py:190} INFO - Processing /home/airflow/.local/lib/python3.6/site-packages/airflow/example_dags/example_kubernetes_executor.py took 0.072 seconds
[2021-08-18 09:07:26,214] {scheduler_job.py:182} INFO - Started process (PID=765) to work on /home/airflow/.local/lib/python3.6/site-packages/airflow/example_dags/example_kubernetes_executor.py
[2021-08-18 09:07:26,216] {scheduler_job.py:633} INFO - Processing file /home/airflow/.local/lib/python3.6/site-packages/airflow/example_dags/example_kubernetes_executor.py for tasks to queue
[2021-08-18 09:07:26,218] {logging_mixin.py:104} INFO - [2021-08-18 09:07:26,217] {dagbag.py:487} INFO - Filling up the DagBag from /home/airflow/.local/lib/python3.6/site-packages/airflow/example_dags/example_kubernetes_executor.py
[2021-08-18 09:07:26,240] {scheduler_job.py:643} INFO - DAG(s) dict_keys(['example_kubernetes_executor']) retrieved from /home/airflow/.local/lib/python3.6/site-packages/airflow/example_dags/example_kubernetes_executor.py
[2021-08-18 09:07:26,268] {logging_mixin.py:104} INFO - [2021-08-18 09:07:26,267] {dag.py:1832} INFO - Sync 1 DAGs
[2021-08-18 09:07:26,287] {logging_mixin.py:104} INFO - [2021-08-18 09:07:26,287] {dag.py:2305} INFO - Setting next_dagrun for example_kubernetes_executor to None
[2021-08-18 09:07:26,299] {scheduler_job.py:190} INFO - Processing /home/airflow/.local/lib/python3.6/site-packages/airflow/example_dags/example_kubernetes_executor.py took 0.089 seconds
[2021-08-18 09:07:57,186] {scheduler_job.py:182} INFO - Started process (PID=842) to work on /home/airflow/.local/lib/python3.6/site-packages/airflow/example_dags/example_kubernetes_executor.py
[2021-08-18 09:07:57,188] {scheduler_job.py:633} INFO - Processing file /home/airflow/.local/lib/python3.6/site-packages/airflow/example_dags/example_kubernetes_executor.py for tasks to queue
[2021-08-18 09:07:57,189] {logging_mixin.py:104} INFO - [2021-08-18 09:07:57,189] {dagbag.py:487} INFO - Filling up the DagBag from /home/airflow/.local/lib/python3.6/site-packages/airflow/example_dags/example_kubernetes_executor.py
[2021-08-18 09:07:57,205] {scheduler_job.py:643} INFO - DAG(s) dict_keys(['example_kubernetes_executor']) retrieved from /home/airflow/.local/lib/python3.6/site-packages/airflow/example_dags/example_kubernetes_executor.py
[2021-08-18 09:07:57,229] {logging_mixin.py:104} INFO - [2021-08-18 09:07:57,229] {dag.py:1832} INFO - Sync 1 DAGs
[2021-08-18 09:07:57,246] {logging_mixin.py:104} INFO - [2021-08-18 09:07:57,246] {dag.py:2305} INFO - Setting next_dagrun for example_kubernetes_executor to None
[2021-08-18 09:07:57,257] {scheduler_job.py:190} INFO - Processing /home/airflow/.local/lib/python3.6/site-packages/airflow/example_dags/example_kubernetes_executor.py took 0.074 seconds
[2021-08-18 09:08:28,001] {scheduler_job.py:182} INFO - Started process (PID=873) to work on /home/airflow/.local/lib/python3.6/site-packages/airflow/example_dags/example_kubernetes_executor.py
[2021-08-18 09:08:28,005] {scheduler_job.py:633} INFO - Processing file /home/airflow/.local/lib/python3.6/site-packages/airflow/example_dags/example_kubernetes_executor.py for tasks to queue
[2021-08-18 09:08:28,007] {logging_mixin.py:104} INFO - [2021-08-18 09:08:28,007] {dagbag.py:487} INFO - Filling up the DagBag from /home/airflow/.local/lib/python3.6/site-packages/airflow/example_dags/example_kubernetes_executor.py
[2021-08-18 09:08:28,044] {scheduler_job.py:643} INFO - DAG(s) dict_keys(['example_kubernetes_executor']) retrieved from /home/airflow/.local/lib/python3.6/site-packages/airflow/example_dags/example_kubernetes_executor.py
[2021-08-18 09:08:28,081] {logging_mixin.py:104} INFO - [2021-08-18 09:08:28,081] {dag.py:1832} INFO - Sync 1 DAGs
[2021-08-18 09:08:28,109] {logging_mixin.py:104} INFO - [2021-08-18 09:08:28,109] {dag.py:2305} INFO - Setting next_dagrun for example_kubernetes_executor to None
[2021-08-18 09:08:28,128] {scheduler_job.py:190} INFO - Processing /home/airflow/.local/lib/python3.6/site-packages/airflow/example_dags/example_kubernetes_executor.py took 0.132 seconds
[2021-08-18 09:08:58,943] {scheduler_job.py:182} INFO - Started process (PID=936) to work on /home/airflow/.local/lib/python3.6/site-packages/airflow/example_dags/example_kubernetes_executor.py
[2021-08-18 09:08:58,947] {scheduler_job.py:633} INFO - Processing file /home/airflow/.local/lib/python3.6/site-packages/airflow/example_dags/example_kubernetes_executor.py for tasks to queue
[2021-08-18 09:08:58,948] {logging_mixin.py:104} INFO - [2021-08-18 09:08:58,948] {dagbag.py:487} INFO - Filling up the DagBag from /home/airflow/.local/lib/python3.6/site-packages/airflow/example_dags/example_kubernetes_executor.py
[2021-08-18 09:08:58,967] {scheduler_job.py:643} INFO - DAG(s) dict_keys(['example_kubernetes_executor']) retrieved from /home/airflow/.local/lib/python3.6/site-packages/airflow/example_dags/example_kubernetes_executor.py
[2021-08-18 09:08:58,996] {logging_mixin.py:104} INFO - [2021-08-18 09:08:58,996] {dag.py:1832} INFO - Sync 1 DAGs
[2021-08-18 09:08:59,015] {logging_mixin.py:104} INFO - [2021-08-18 09:08:59,015] {dag.py:2305} INFO - Setting next_dagrun for example_kubernetes_executor to None
[2021-08-18 09:08:59,027] {scheduler_job.py:190} INFO - Processing /home/airflow/.local/lib/python3.6/site-packages/airflow/example_dags/example_kubernetes_executor.py took 0.089 seconds
[2021-08-18 09:09:29,248] {scheduler_job.py:182} INFO - Started process (PID=1013) to work on /home/airflow/.local/lib/python3.6/site-packages/airflow/example_dags/example_kubernetes_executor.py
[2021-08-18 09:09:29,250] {scheduler_job.py:633} INFO - Processing file /home/airflow/.local/lib/python3.6/site-packages/airflow/example_dags/example_kubernetes_executor.py for tasks to queue
[2021-08-18 09:09:29,251] {logging_mixin.py:104} INFO - [2021-08-18 09:09:29,251] {dagbag.py:487} INFO - Filling up the DagBag from /home/airflow/.local/lib/python3.6/site-packages/airflow/example_dags/example_kubernetes_executor.py
[2021-08-18 09:09:29,274] {scheduler_job.py:643} INFO - DAG(s) dict_keys(['example_kubernetes_executor']) retrieved from /home/airflow/.local/lib/python3.6/site-packages/airflow/example_dags/example_kubernetes_executor.py
[2021-08-18 09:09:29,304] {logging_mixin.py:104} INFO - [2021-08-18 09:09:29,304] {dag.py:1832} INFO - Sync 1 DAGs
[2021-08-18 09:09:29,324] {logging_mixin.py:104} INFO - [2021-08-18 09:09:29,324] {dag.py:2305} INFO - Setting next_dagrun for example_kubernetes_executor to None
[2021-08-18 09:09:29,335] {scheduler_job.py:190} INFO - Processing /home/airflow/.local/lib/python3.6/site-packages/airflow/example_dags/example_kubernetes_executor.py took 0.092 seconds
[2021-08-18 09:09:59,379] {scheduler_job.py:182} INFO - Started process (PID=1074) to work on /home/airflow/.local/lib/python3.6/site-packages/airflow/example_dags/example_kubernetes_executor.py
[2021-08-18 09:09:59,381] {scheduler_job.py:633} INFO - Processing file /home/airflow/.local/lib/python3.6/site-packages/airflow/example_dags/example_kubernetes_executor.py for tasks to queue
[2021-08-18 09:09:59,382] {logging_mixin.py:104} INFO - [2021-08-18 09:09:59,382] {dagbag.py:487} INFO - Filling up the DagBag from /home/airflow/.local/lib/python3.6/site-packages/airflow/example_dags/example_kubernetes_executor.py
[2021-08-18 09:09:59,397] {scheduler_job.py:643} INFO - DAG(s) dict_keys(['example_kubernetes_executor']) retrieved from /home/airflow/.local/lib/python3.6/site-packages/airflow/example_dags/example_kubernetes_executor.py
[2021-08-18 09:09:59,421] {logging_mixin.py:104} INFO - [2021-08-18 09:09:59,421] {dag.py:1832} INFO - Sync 1 DAGs
[2021-08-18 09:09:59,442] {logging_mixin.py:104} INFO - [2021-08-18 09:09:59,442] {dag.py:2305} INFO - Setting next_dagrun for example_kubernetes_executor to None
[2021-08-18 09:09:59,455] {scheduler_job.py:190} INFO - Processing /home/airflow/.local/lib/python3.6/site-packages/airflow/example_dags/example_kubernetes_executor.py took 0.079 seconds
[2021-08-18 09:10:30,012] {scheduler_job.py:182} INFO - Started process (PID=1152) to work on /home/airflow/.local/lib/python3.6/site-packages/airflow/example_dags/example_kubernetes_executor.py
[2021-08-18 09:10:30,014] {scheduler_job.py:633} INFO - Processing file /home/airflow/.local/lib/python3.6/site-packages/airflow/example_dags/example_kubernetes_executor.py for tasks to queue
[2021-08-18 09:10:30,015] {logging_mixin.py:104} INFO - [2021-08-18 09:10:30,015] {dagbag.py:487} INFO - Filling up the DagBag from /home/airflow/.local/lib/python3.6/site-packages/airflow/example_dags/example_kubernetes_executor.py
[2021-08-18 09:10:30,031] {scheduler_job.py:643} INFO - DAG(s) dict_keys(['example_kubernetes_executor']) retrieved from /home/airflow/.local/lib/python3.6/site-packages/airflow/example_dags/example_kubernetes_executor.py
[2021-08-18 09:10:30,055] {logging_mixin.py:104} INFO - [2021-08-18 09:10:30,055] {dag.py:1832} INFO - Sync 1 DAGs
[2021-08-18 09:10:30,073] {logging_mixin.py:104} INFO - [2021-08-18 09:10:30,073] {dag.py:2305} INFO - Setting next_dagrun for example_kubernetes_executor to None
[2021-08-18 09:10:30,083] {scheduler_job.py:190} INFO - Processing /home/airflow/.local/lib/python3.6/site-packages/airflow/example_dags/example_kubernetes_executor.py took 0.075 seconds
[2021-08-18 09:11:00,160] {scheduler_job.py:182} INFO - Started process (PID=1213) to work on /home/airflow/.local/lib/python3.6/site-packages/airflow/example_dags/example_kubernetes_executor.py
[2021-08-18 09:11:00,162] {scheduler_job.py:633} INFO - Processing file /home/airflow/.local/lib/python3.6/site-packages/airflow/example_dags/example_kubernetes_executor.py for tasks to queue
[2021-08-18 09:11:00,164] {logging_mixin.py:104} INFO - [2021-08-18 09:11:00,163] {dagbag.py:487} INFO - Filling up the DagBag from /home/airflow/.local/lib/python3.6/site-packages/airflow/example_dags/example_kubernetes_executor.py
[2021-08-18 09:11:00,179] {scheduler_job.py:643} INFO - DAG(s) dict_keys(['example_kubernetes_executor']) retrieved from /home/airflow/.local/lib/python3.6/site-packages/airflow/example_dags/example_kubernetes_executor.py
[2021-08-18 09:11:00,203] {logging_mixin.py:104} INFO - [2021-08-18 09:11:00,203] {dag.py:1832} INFO - Sync 1 DAGs
[2021-08-18 09:11:00,221] {logging_mixin.py:104} INFO - [2021-08-18 09:11:00,221] {dag.py:2305} INFO - Setting next_dagrun for example_kubernetes_executor to None
[2021-08-18 09:11:00,232] {scheduler_job.py:190} INFO - Processing /home/airflow/.local/lib/python3.6/site-packages/airflow/example_dags/example_kubernetes_executor.py took 0.076 seconds
[2021-08-18 09:11:30,793] {scheduler_job.py:182} INFO - Started process (PID=1292) to work on /home/airflow/.local/lib/python3.6/site-packages/airflow/example_dags/example_kubernetes_executor.py
[2021-08-18 09:11:30,796] {scheduler_job.py:633} INFO - Processing file /home/airflow/.local/lib/python3.6/site-packages/airflow/example_dags/example_kubernetes_executor.py for tasks to queue
[2021-08-18 09:11:30,797] {logging_mixin.py:104} INFO - [2021-08-18 09:11:30,797] {dagbag.py:487} INFO - Filling up the DagBag from /home/airflow/.local/lib/python3.6/site-packages/airflow/example_dags/example_kubernetes_executor.py
[2021-08-18 09:11:30,814] {scheduler_job.py:643} INFO - DAG(s) dict_keys(['example_kubernetes_executor']) retrieved from /home/airflow/.local/lib/python3.6/site-packages/airflow/example_dags/example_kubernetes_executor.py
[2021-08-18 09:11:30,853] {logging_mixin.py:104} INFO - [2021-08-18 09:11:30,853] {dag.py:1832} INFO - Sync 1 DAGs
[2021-08-18 09:11:30,877] {logging_mixin.py:104} INFO - [2021-08-18 09:11:30,877] {dag.py:2305} INFO - Setting next_dagrun for example_kubernetes_executor to None
[2021-08-18 09:11:30,891] {scheduler_job.py:190} INFO - Processing /home/airflow/.local/lib/python3.6/site-packages/airflow/example_dags/example_kubernetes_executor.py took 0.102 seconds
[2021-08-18 09:12:01,440] {scheduler_job.py:182} INFO - Started process (PID=1364) to work on /home/airflow/.local/lib/python3.6/site-packages/airflow/example_dags/example_kubernetes_executor.py
[2021-08-18 09:12:01,442] {scheduler_job.py:633} INFO - Processing file /home/airflow/.local/lib/python3.6/site-packages/airflow/example_dags/example_kubernetes_executor.py for tasks to queue
[2021-08-18 09:12:01,443] {logging_mixin.py:104} INFO - [2021-08-18 09:12:01,443] {dagbag.py:487} INFO - Filling up the DagBag from /home/airflow/.local/lib/python3.6/site-packages/airflow/example_dags/example_kubernetes_executor.py
[2021-08-18 09:12:01,458] {scheduler_job.py:643} INFO - DAG(s) dict_keys(['example_kubernetes_executor']) retrieved from /home/airflow/.local/lib/python3.6/site-packages/airflow/example_dags/example_kubernetes_executor.py
[2021-08-18 09:12:01,485] {logging_mixin.py:104} INFO - [2021-08-18 09:12:01,484] {dag.py:1832} INFO - Sync 1 DAGs
[2021-08-18 09:12:01,505] {logging_mixin.py:104} INFO - [2021-08-18 09:12:01,505] {dag.py:2305} INFO - Setting next_dagrun for example_kubernetes_executor to None
[2021-08-18 09:12:01,517] {scheduler_job.py:190} INFO - Processing /home/airflow/.local/lib/python3.6/site-packages/airflow/example_dags/example_kubernetes_executor.py took 0.081 seconds
[2021-08-18 09:12:32,136] {scheduler_job.py:182} INFO - Started process (PID=1431) to work on /home/airflow/.local/lib/python3.6/site-packages/airflow/example_dags/example_kubernetes_executor.py
[2021-08-18 09:12:32,138] {scheduler_job.py:633} INFO - Processing file /home/airflow/.local/lib/python3.6/site-packages/airflow/example_dags/example_kubernetes_executor.py for tasks to queue
[2021-08-18 09:12:32,139] {logging_mixin.py:104} INFO - [2021-08-18 09:12:32,139] {dagbag.py:487} INFO - Filling up the DagBag from /home/airflow/.local/lib/python3.6/site-packages/airflow/example_dags/example_kubernetes_executor.py
[2021-08-18 09:12:32,154] {scheduler_job.py:643} INFO - DAG(s) dict_keys(['example_kubernetes_executor']) retrieved from /home/airflow/.local/lib/python3.6/site-packages/airflow/example_dags/example_kubernetes_executor.py
[2021-08-18 09:12:32,178] {logging_mixin.py:104} INFO - [2021-08-18 09:12:32,178] {dag.py:1832} INFO - Sync 1 DAGs
[2021-08-18 09:12:32,196] {logging_mixin.py:104} INFO - [2021-08-18 09:12:32,196] {dag.py:2305} INFO - Setting next_dagrun for example_kubernetes_executor to None
[2021-08-18 09:12:32,206] {scheduler_job.py:190} INFO - Processing /home/airflow/.local/lib/python3.6/site-packages/airflow/example_dags/example_kubernetes_executor.py took 0.074 seconds
[2021-08-18 09:13:02,742] {scheduler_job.py:182} INFO - Started process (PID=1508) to work on /home/airflow/.local/lib/python3.6/site-packages/airflow/example_dags/example_kubernetes_executor.py
[2021-08-18 09:13:02,744] {scheduler_job.py:633} INFO - Processing file /home/airflow/.local/lib/python3.6/site-packages/airflow/example_dags/example_kubernetes_executor.py for tasks to queue
[2021-08-18 09:13:02,745] {logging_mixin.py:104} INFO - [2021-08-18 09:13:02,745] {dagbag.py:487} INFO - Filling up the DagBag from /home/airflow/.local/lib/python3.6/site-packages/airflow/example_dags/example_kubernetes_executor.py
[2021-08-18 09:13:02,760] {scheduler_job.py:643} INFO - DAG(s) dict_keys(['example_kubernetes_executor']) retrieved from /home/airflow/.local/lib/python3.6/site-packages/airflow/example_dags/example_kubernetes_executor.py
[2021-08-18 09:13:02,784] {logging_mixin.py:104} INFO - [2021-08-18 09:13:02,784] {dag.py:1832} INFO - Sync 1 DAGs
[2021-08-18 09:13:02,803] {logging_mixin.py:104} INFO - [2021-08-18 09:13:02,803] {dag.py:2305} INFO - Setting next_dagrun for example_kubernetes_executor to None
[2021-08-18 09:13:02,816] {scheduler_job.py:190} INFO - Processing /home/airflow/.local/lib/python3.6/site-packages/airflow/example_dags/example_kubernetes_executor.py took 0.077 seconds
[2021-08-18 09:13:33,317] {scheduler_job.py:182} INFO - Started process (PID=1572) to work on /home/airflow/.local/lib/python3.6/site-packages/airflow/example_dags/example_kubernetes_executor.py
[2021-08-18 09:13:33,320] {scheduler_job.py:633} INFO - Processing file /home/airflow/.local/lib/python3.6/site-packages/airflow/example_dags/example_kubernetes_executor.py for tasks to queue
[2021-08-18 09:13:33,321] {logging_mixin.py:104} INFO - [2021-08-18 09:13:33,321] {dagbag.py:487} INFO - Filling up the DagBag from /home/airflow/.local/lib/python3.6/site-packages/airflow/example_dags/example_kubernetes_executor.py
[2021-08-18 09:13:33,343] {scheduler_job.py:643} INFO - DAG(s) dict_keys(['example_kubernetes_executor']) retrieved from /home/airflow/.local/lib/python3.6/site-packages/airflow/example_dags/example_kubernetes_executor.py
[2021-08-18 09:13:33,371] {logging_mixin.py:104} INFO - [2021-08-18 09:13:33,371] {dag.py:1832} INFO - Sync 1 DAGs
[2021-08-18 09:13:33,399] {logging_mixin.py:104} INFO - [2021-08-18 09:13:33,399] {dag.py:2305} INFO - Setting next_dagrun for example_kubernetes_executor to None
[2021-08-18 09:13:33,418] {scheduler_job.py:190} INFO - Processing /home/airflow/.local/lib/python3.6/site-packages/airflow/example_dags/example_kubernetes_executor.py took 0.105 seconds
[2021-08-18 09:14:03,756] {scheduler_job.py:182} INFO - Started process (PID=1632) to work on /home/airflow/.local/lib/python3.6/site-packages/airflow/example_dags/example_kubernetes_executor.py
[2021-08-18 09:14:03,759] {scheduler_job.py:633} INFO - Processing file /home/airflow/.local/lib/python3.6/site-packages/airflow/example_dags/example_kubernetes_executor.py for tasks to queue
[2021-08-18 09:14:03,761] {logging_mixin.py:104} INFO - [2021-08-18 09:14:03,761] {dagbag.py:487} INFO - Filling up the DagBag from /home/airflow/.local/lib/python3.6/site-packages/airflow/example_dags/example_kubernetes_executor.py
[2021-08-18 09:14:03,780] {scheduler_job.py:643} INFO - DAG(s) dict_keys(['example_kubernetes_executor']) retrieved from /home/airflow/.local/lib/python3.6/site-packages/airflow/example_dags/example_kubernetes_executor.py
[2021-08-18 09:14:03,807] {logging_mixin.py:104} INFO - [2021-08-18 09:14:03,807] {dag.py:1832} INFO - Sync 1 DAGs
[2021-08-18 09:14:03,828] {logging_mixin.py:104} INFO - [2021-08-18 09:14:03,828] {dag.py:2305} INFO - Setting next_dagrun for example_kubernetes_executor to None
[2021-08-18 09:14:03,843] {scheduler_job.py:190} INFO - Processing /home/airflow/.local/lib/python3.6/site-packages/airflow/example_dags/example_kubernetes_executor.py took 0.092 seconds
[2021-08-18 09:14:34,023] {scheduler_job.py:182} INFO - Started process (PID=1709) to work on /home/airflow/.local/lib/python3.6/site-packages/airflow/example_dags/example_kubernetes_executor.py
[2021-08-18 09:14:34,026] {scheduler_job.py:633} INFO - Processing file /home/airflow/.local/lib/python3.6/site-packages/airflow/example_dags/example_kubernetes_executor.py for tasks to queue
[2021-08-18 09:14:34,027] {logging_mixin.py:104} INFO - [2021-08-18 09:14:34,027] {dagbag.py:487} INFO - Filling up the DagBag from /home/airflow/.local/lib/python3.6/site-packages/airflow/example_dags/example_kubernetes_executor.py
[2021-08-18 09:14:34,046] {scheduler_job.py:643} INFO - DAG(s) dict_keys(['example_kubernetes_executor']) retrieved from /home/airflow/.local/lib/python3.6/site-packages/airflow/example_dags/example_kubernetes_executor.py
[2021-08-18 09:14:34,073] {logging_mixin.py:104} INFO - [2021-08-18 09:14:34,073] {dag.py:1832} INFO - Sync 1 DAGs
[2021-08-18 09:14:34,092] {logging_mixin.py:104} INFO - [2021-08-18 09:14:34,092] {dag.py:2305} INFO - Setting next_dagrun for example_kubernetes_executor to None
[2021-08-18 09:14:34,103] {scheduler_job.py:190} INFO - Processing /home/airflow/.local/lib/python3.6/site-packages/airflow/example_dags/example_kubernetes_executor.py took 0.084 seconds
[2021-08-18 09:15:04,137] {scheduler_job.py:182} INFO - Started process (PID=1771) to work on /home/airflow/.local/lib/python3.6/site-packages/airflow/example_dags/example_kubernetes_executor.py
[2021-08-18 09:15:04,139] {scheduler_job.py:633} INFO - Processing file /home/airflow/.local/lib/python3.6/site-packages/airflow/example_dags/example_kubernetes_executor.py for tasks to queue
[2021-08-18 09:15:04,140] {logging_mixin.py:104} INFO - [2021-08-18 09:15:04,140] {dagbag.py:487} INFO - Filling up the DagBag from /home/airflow/.local/lib/python3.6/site-packages/airflow/example_dags/example_kubernetes_executor.py
[2021-08-18 09:15:04,158] {scheduler_job.py:643} INFO - DAG(s) dict_keys(['example_kubernetes_executor']) retrieved from /home/airflow/.local/lib/python3.6/site-packages/airflow/example_dags/example_kubernetes_executor.py
[2021-08-18 09:15:04,182] {logging_mixin.py:104} INFO - [2021-08-18 09:15:04,182] {dag.py:1832} INFO - Sync 1 DAGs
[2021-08-18 09:15:04,199] {logging_mixin.py:104} INFO - [2021-08-18 09:15:04,199] {dag.py:2305} INFO - Setting next_dagrun for example_kubernetes_executor to None
[2021-08-18 09:15:04,209] {scheduler_job.py:190} INFO - Processing /home/airflow/.local/lib/python3.6/site-packages/airflow/example_dags/example_kubernetes_executor.py took 0.076 seconds
[2021-08-18 09:15:34,331] {scheduler_job.py:182} INFO - Started process (PID=1848) to work on /home/airflow/.local/lib/python3.6/site-packages/airflow/example_dags/example_kubernetes_executor.py
[2021-08-18 09:15:34,333] {scheduler_job.py:633} INFO - Processing file /home/airflow/.local/lib/python3.6/site-packages/airflow/example_dags/example_kubernetes_executor.py for tasks to queue
[2021-08-18 09:15:34,334] {logging_mixin.py:104} INFO - [2021-08-18 09:15:34,334] {dagbag.py:487} INFO - Filling up the DagBag from /home/airflow/.local/lib/python3.6/site-packages/airflow/example_dags/example_kubernetes_executor.py
[2021-08-18 09:15:34,350] {scheduler_job.py:643} INFO - DAG(s) dict_keys(['example_kubernetes_executor']) retrieved from /home/airflow/.local/lib/python3.6/site-packages/airflow/example_dags/example_kubernetes_executor.py
[2021-08-18 09:15:34,373] {logging_mixin.py:104} INFO - [2021-08-18 09:15:34,373] {dag.py:1832} INFO - Sync 1 DAGs
[2021-08-18 09:15:34,391] {logging_mixin.py:104} INFO - [2021-08-18 09:15:34,390] {dag.py:2305} INFO - Setting next_dagrun for example_kubernetes_executor to None
[2021-08-18 09:15:34,401] {scheduler_job.py:190} INFO - Processing /home/airflow/.local/lib/python3.6/site-packages/airflow/example_dags/example_kubernetes_executor.py took 0.074 seconds
[2021-08-18 09:16:04,872] {scheduler_job.py:182} INFO - Started process (PID=1915) to work on /home/airflow/.local/lib/python3.6/site-packages/airflow/example_dags/example_kubernetes_executor.py
[2021-08-18 09:16:04,876] {scheduler_job.py:633} INFO - Processing file /home/airflow/.local/lib/python3.6/site-packages/airflow/example_dags/example_kubernetes_executor.py for tasks to queue
[2021-08-18 09:16:04,878] {logging_mixin.py:104} INFO - [2021-08-18 09:16:04,878] {dagbag.py:487} INFO - Filling up the DagBag from /home/airflow/.local/lib/python3.6/site-packages/airflow/example_dags/example_kubernetes_executor.py
[2021-08-18 09:16:04,896] {scheduler_job.py:643} INFO - DAG(s) dict_keys(['example_kubernetes_executor']) retrieved from /home/airflow/.local/lib/python3.6/site-packages/airflow/example_dags/example_kubernetes_executor.py
[2021-08-18 09:16:04,923] {logging_mixin.py:104} INFO - [2021-08-18 09:16:04,923] {dag.py:1832} INFO - Sync 1 DAGs
[2021-08-18 09:16:04,957] {logging_mixin.py:104} INFO - [2021-08-18 09:16:04,957] {dag.py:2305} INFO - Setting next_dagrun for example_kubernetes_executor to None
[2021-08-18 09:16:04,975] {scheduler_job.py:190} INFO - Processing /home/airflow/.local/lib/python3.6/site-packages/airflow/example_dags/example_kubernetes_executor.py took 0.108 seconds
[2021-08-18 09:16:35,621] {scheduler_job.py:182} INFO - Started process (PID=1986) to work on /home/airflow/.local/lib/python3.6/site-packages/airflow/example_dags/example_kubernetes_executor.py
[2021-08-18 09:16:35,624] {scheduler_job.py:633} INFO - Processing file /home/airflow/.local/lib/python3.6/site-packages/airflow/example_dags/example_kubernetes_executor.py for tasks to queue
[2021-08-18 09:16:35,625] {logging_mixin.py:104} INFO - [2021-08-18 09:16:35,625] {dagbag.py:487} INFO - Filling up the DagBag from /home/airflow/.local/lib/python3.6/site-packages/airflow/example_dags/example_kubernetes_executor.py
[2021-08-18 09:16:35,643] {scheduler_job.py:643} INFO - DAG(s) dict_keys(['example_kubernetes_executor']) retrieved from /home/airflow/.local/lib/python3.6/site-packages/airflow/example_dags/example_kubernetes_executor.py
[2021-08-18 09:16:35,670] {logging_mixin.py:104} INFO - [2021-08-18 09:16:35,669] {dag.py:1832} INFO - Sync 1 DAGs
[2021-08-18 09:16:35,689] {logging_mixin.py:104} INFO - [2021-08-18 09:16:35,689] {dag.py:2305} INFO - Setting next_dagrun for example_kubernetes_executor to None
[2021-08-18 09:16:35,701] {scheduler_job.py:190} INFO - Processing /home/airflow/.local/lib/python3.6/site-packages/airflow/example_dags/example_kubernetes_executor.py took 0.085 seconds
[2021-08-18 09:17:06,359] {scheduler_job.py:182} INFO - Started process (PID=2064) to work on /home/airflow/.local/lib/python3.6/site-packages/airflow/example_dags/example_kubernetes_executor.py
[2021-08-18 09:17:06,361] {scheduler_job.py:633} INFO - Processing file /home/airflow/.local/lib/python3.6/site-packages/airflow/example_dags/example_kubernetes_executor.py for tasks to queue
[2021-08-18 09:17:06,362] {logging_mixin.py:104} INFO - [2021-08-18 09:17:06,362] {dagbag.py:487} INFO - Filling up the DagBag from /home/airflow/.local/lib/python3.6/site-packages/airflow/example_dags/example_kubernetes_executor.py
[2021-08-18 09:17:06,378] {scheduler_job.py:643} INFO - DAG(s) dict_keys(['example_kubernetes_executor']) retrieved from /home/airflow/.local/lib/python3.6/site-packages/airflow/example_dags/example_kubernetes_executor.py
[2021-08-18 09:17:06,401] {logging_mixin.py:104} INFO - [2021-08-18 09:17:06,401] {dag.py:1832} INFO - Sync 1 DAGs
[2021-08-18 09:17:06,418] {logging_mixin.py:104} INFO - [2021-08-18 09:17:06,418] {dag.py:2305} INFO - Setting next_dagrun for example_kubernetes_executor to None
[2021-08-18 09:17:06,430] {scheduler_job.py:190} INFO - Processing /home/airflow/.local/lib/python3.6/site-packages/airflow/example_dags/example_kubernetes_executor.py took 0.075 seconds
[2021-08-18 09:17:35,001] {scheduler_job.py:182} INFO - Started process (PID=36) to work on /home/airflow/.local/lib/python3.6/site-packages/airflow/example_dags/example_kubernetes_executor.py
[2021-08-18 09:17:35,002] {scheduler_job.py:633} INFO - Processing file /home/airflow/.local/lib/python3.6/site-packages/airflow/example_dags/example_kubernetes_executor.py for tasks to queue
[2021-08-18 09:17:35,004] {logging_mixin.py:104} INFO - [2021-08-18 09:17:35,004] {dagbag.py:487} INFO - Filling up the DagBag from /home/airflow/.local/lib/python3.6/site-packages/airflow/example_dags/example_kubernetes_executor.py
[2021-08-18 09:17:35,018] {scheduler_job.py:643} INFO - DAG(s) dict_keys(['example_kubernetes_executor']) retrieved from /home/airflow/.local/lib/python3.6/site-packages/airflow/example_dags/example_kubernetes_executor.py
[2021-08-18 09:17:35,036] {logging_mixin.py:104} INFO - [2021-08-18 09:17:35,036] {dag.py:1832} INFO - Sync 1 DAGs
[2021-08-18 09:17:35,053] {logging_mixin.py:104} INFO - [2021-08-18 09:17:35,053] {dag.py:2305} INFO - Setting next_dagrun for example_kubernetes_executor to None
[2021-08-18 09:17:35,063] {scheduler_job.py:190} INFO - Processing /home/airflow/.local/lib/python3.6/site-packages/airflow/example_dags/example_kubernetes_executor.py took 0.065 seconds
[2021-08-18 09:18:05,963] {scheduler_job.py:182} INFO - Started process (PID=113) to work on /home/airflow/.local/lib/python3.6/site-packages/airflow/example_dags/example_kubernetes_executor.py
[2021-08-18 09:18:05,965] {scheduler_job.py:633} INFO - Processing file /home/airflow/.local/lib/python3.6/site-packages/airflow/example_dags/example_kubernetes_executor.py for tasks to queue
[2021-08-18 09:18:05,966] {logging_mixin.py:104} INFO - [2021-08-18 09:18:05,966] {dagbag.py:487} INFO - Filling up the DagBag from /home/airflow/.local/lib/python3.6/site-packages/airflow/example_dags/example_kubernetes_executor.py
[2021-08-18 09:18:05,980] {scheduler_job.py:643} INFO - DAG(s) dict_keys(['example_kubernetes_executor']) retrieved from /home/airflow/.local/lib/python3.6/site-packages/airflow/example_dags/example_kubernetes_executor.py
[2021-08-18 09:18:06,005] {logging_mixin.py:104} INFO - [2021-08-18 09:18:06,005] {dag.py:1832} INFO - Sync 1 DAGs
[2021-08-18 09:18:06,021] {logging_mixin.py:104} INFO - [2021-08-18 09:18:06,020] {dag.py:2305} INFO - Setting next_dagrun for example_kubernetes_executor to None
[2021-08-18 09:18:06,031] {scheduler_job.py:190} INFO - Processing /home/airflow/.local/lib/python3.6/site-packages/airflow/example_dags/example_kubernetes_executor.py took 0.071 seconds
[2021-08-18 09:18:37,109] {scheduler_job.py:182} INFO - Started process (PID=176) to work on /home/airflow/.local/lib/python3.6/site-packages/airflow/example_dags/example_kubernetes_executor.py
[2021-08-18 09:18:37,111] {scheduler_job.py:633} INFO - Processing file /home/airflow/.local/lib/python3.6/site-packages/airflow/example_dags/example_kubernetes_executor.py for tasks to queue
[2021-08-18 09:18:37,113] {logging_mixin.py:104} INFO - [2021-08-18 09:18:37,112] {dagbag.py:487} INFO - Filling up the DagBag from /home/airflow/.local/lib/python3.6/site-packages/airflow/example_dags/example_kubernetes_executor.py
[2021-08-18 09:18:37,128] {scheduler_job.py:643} INFO - DAG(s) dict_keys(['example_kubernetes_executor']) retrieved from /home/airflow/.local/lib/python3.6/site-packages/airflow/example_dags/example_kubernetes_executor.py
[2021-08-18 09:18:37,174] {logging_mixin.py:104} INFO - [2021-08-18 09:18:37,174] {dag.py:1832} INFO - Sync 1 DAGs
[2021-08-18 09:18:37,192] {logging_mixin.py:104} INFO - [2021-08-18 09:18:37,192] {dag.py:2305} INFO - Setting next_dagrun for example_kubernetes_executor to None
[2021-08-18 09:18:37,203] {scheduler_job.py:190} INFO - Processing /home/airflow/.local/lib/python3.6/site-packages/airflow/example_dags/example_kubernetes_executor.py took 0.098 seconds
[2021-08-18 09:19:07,375] {scheduler_job.py:182} INFO - Started process (PID=254) to work on /home/airflow/.local/lib/python3.6/site-packages/airflow/example_dags/example_kubernetes_executor.py
[2021-08-18 09:19:07,378] {scheduler_job.py:633} INFO - Processing file /home/airflow/.local/lib/python3.6/site-packages/airflow/example_dags/example_kubernetes_executor.py for tasks to queue
[2021-08-18 09:19:07,379] {logging_mixin.py:104} INFO - [2021-08-18 09:19:07,379] {dagbag.py:487} INFO - Filling up the DagBag from /home/airflow/.local/lib/python3.6/site-packages/airflow/example_dags/example_kubernetes_executor.py
[2021-08-18 09:19:07,395] {scheduler_job.py:643} INFO - DAG(s) dict_keys(['example_kubernetes_executor']) retrieved from /home/airflow/.local/lib/python3.6/site-packages/airflow/example_dags/example_kubernetes_executor.py
[2021-08-18 09:19:07,423] {logging_mixin.py:104} INFO - [2021-08-18 09:19:07,422] {dag.py:1832} INFO - Sync 1 DAGs
[2021-08-18 09:19:07,441] {logging_mixin.py:104} INFO - [2021-08-18 09:19:07,441] {dag.py:2305} INFO - Setting next_dagrun for example_kubernetes_executor to None
[2021-08-18 09:19:07,453] {scheduler_job.py:190} INFO - Processing /home/airflow/.local/lib/python3.6/site-packages/airflow/example_dags/example_kubernetes_executor.py took 0.082 seconds
[2021-08-18 09:19:37,777] {scheduler_job.py:182} INFO - Started process (PID=323) to work on /home/airflow/.local/lib/python3.6/site-packages/airflow/example_dags/example_kubernetes_executor.py
[2021-08-18 09:19:37,780] {scheduler_job.py:633} INFO - Processing file /home/airflow/.local/lib/python3.6/site-packages/airflow/example_dags/example_kubernetes_executor.py for tasks to queue
[2021-08-18 09:19:37,781] {logging_mixin.py:104} INFO - [2021-08-18 09:19:37,781] {dagbag.py:487} INFO - Filling up the DagBag from /home/airflow/.local/lib/python3.6/site-packages/airflow/example_dags/example_kubernetes_executor.py
[2021-08-18 09:19:37,798] {scheduler_job.py:643} INFO - DAG(s) dict_keys(['example_kubernetes_executor']) retrieved from /home/airflow/.local/lib/python3.6/site-packages/airflow/example_dags/example_kubernetes_executor.py
[2021-08-18 09:19:37,829] {logging_mixin.py:104} INFO - [2021-08-18 09:19:37,829] {dag.py:1832} INFO - Sync 1 DAGs
[2021-08-18 09:19:37,849] {logging_mixin.py:104} INFO - [2021-08-18 09:19:37,849] {dag.py:2305} INFO - Setting next_dagrun for example_kubernetes_executor to None
[2021-08-18 09:19:37,861] {scheduler_job.py:190} INFO - Processing /home/airflow/.local/lib/python3.6/site-packages/airflow/example_dags/example_kubernetes_executor.py took 0.090 seconds
[2021-08-18 09:20:08,129] {scheduler_job.py:182} INFO - Started process (PID=394) to work on /home/airflow/.local/lib/python3.6/site-packages/airflow/example_dags/example_kubernetes_executor.py
[2021-08-18 09:20:08,131] {scheduler_job.py:633} INFO - Processing file /home/airflow/.local/lib/python3.6/site-packages/airflow/example_dags/example_kubernetes_executor.py for tasks to queue
[2021-08-18 09:20:08,133] {logging_mixin.py:104} INFO - [2021-08-18 09:20:08,133] {dagbag.py:487} INFO - Filling up the DagBag from /home/airflow/.local/lib/python3.6/site-packages/airflow/example_dags/example_kubernetes_executor.py
[2021-08-18 09:20:08,148] {scheduler_job.py:643} INFO - DAG(s) dict_keys(['example_kubernetes_executor']) retrieved from /home/airflow/.local/lib/python3.6/site-packages/airflow/example_dags/example_kubernetes_executor.py
[2021-08-18 09:20:08,173] {logging_mixin.py:104} INFO - [2021-08-18 09:20:08,173] {dag.py:1832} INFO - Sync 1 DAGs
[2021-08-18 09:20:08,190] {logging_mixin.py:104} INFO - [2021-08-18 09:20:08,190] {dag.py:2305} INFO - Setting next_dagrun for example_kubernetes_executor to None
[2021-08-18 09:20:08,200] {scheduler_job.py:190} INFO - Processing /home/airflow/.local/lib/python3.6/site-packages/airflow/example_dags/example_kubernetes_executor.py took 0.076 seconds
[2021-08-18 09:20:38,700] {scheduler_job.py:182} INFO - Started process (PID=471) to work on /home/airflow/.local/lib/python3.6/site-packages/airflow/example_dags/example_kubernetes_executor.py
[2021-08-18 09:20:38,702] {scheduler_job.py:633} INFO - Processing file /home/airflow/.local/lib/python3.6/site-packages/airflow/example_dags/example_kubernetes_executor.py for tasks to queue
[2021-08-18 09:20:38,704] {logging_mixin.py:104} INFO - [2021-08-18 09:20:38,704] {dagbag.py:487} INFO - Filling up the DagBag from /home/airflow/.local/lib/python3.6/site-packages/airflow/example_dags/example_kubernetes_executor.py
[2021-08-18 09:20:38,720] {scheduler_job.py:643} INFO - DAG(s) dict_keys(['example_kubernetes_executor']) retrieved from /home/airflow/.local/lib/python3.6/site-packages/airflow/example_dags/example_kubernetes_executor.py
[2021-08-18 09:20:38,743] {logging_mixin.py:104} INFO - [2021-08-18 09:20:38,743] {dag.py:1832} INFO - Sync 1 DAGs
[2021-08-18 09:20:38,760] {logging_mixin.py:104} INFO - [2021-08-18 09:20:38,760] {dag.py:2305} INFO - Setting next_dagrun for example_kubernetes_executor to None
[2021-08-18 09:20:38,771] {scheduler_job.py:190} INFO - Processing /home/airflow/.local/lib/python3.6/site-packages/airflow/example_dags/example_kubernetes_executor.py took 0.075 seconds
[2021-08-18 09:21:08,812] {scheduler_job.py:182} INFO - Started process (PID=532) to work on /home/airflow/.local/lib/python3.6/site-packages/airflow/example_dags/example_kubernetes_executor.py
[2021-08-18 09:21:08,814] {scheduler_job.py:633} INFO - Processing file /home/airflow/.local/lib/python3.6/site-packages/airflow/example_dags/example_kubernetes_executor.py for tasks to queue
[2021-08-18 09:21:08,815] {logging_mixin.py:104} INFO - [2021-08-18 09:21:08,815] {dagbag.py:487} INFO - Filling up the DagBag from /home/airflow/.local/lib/python3.6/site-packages/airflow/example_dags/example_kubernetes_executor.py
[2021-08-18 09:21:08,829] {scheduler_job.py:643} INFO - DAG(s) dict_keys(['example_kubernetes_executor']) retrieved from /home/airflow/.local/lib/python3.6/site-packages/airflow/example_dags/example_kubernetes_executor.py
[2021-08-18 09:21:08,853] {logging_mixin.py:104} INFO - [2021-08-18 09:21:08,853] {dag.py:1832} INFO - Sync 1 DAGs
[2021-08-18 09:21:08,869] {logging_mixin.py:104} INFO - [2021-08-18 09:21:08,868] {dag.py:2305} INFO - Setting next_dagrun for example_kubernetes_executor to None
[2021-08-18 09:21:08,879] {scheduler_job.py:190} INFO - Processing /home/airflow/.local/lib/python3.6/site-packages/airflow/example_dags/example_kubernetes_executor.py took 0.071 seconds
[2021-08-18 09:21:39,352] {scheduler_job.py:182} INFO - Started process (PID=611) to work on /home/airflow/.local/lib/python3.6/site-packages/airflow/example_dags/example_kubernetes_executor.py
[2021-08-18 09:21:39,354] {scheduler_job.py:633} INFO - Processing file /home/airflow/.local/lib/python3.6/site-packages/airflow/example_dags/example_kubernetes_executor.py for tasks to queue
[2021-08-18 09:21:39,356] {logging_mixin.py:104} INFO - [2021-08-18 09:21:39,355] {dagbag.py:487} INFO - Filling up the DagBag from /home/airflow/.local/lib/python3.6/site-packages/airflow/example_dags/example_kubernetes_executor.py
[2021-08-18 09:21:39,370] {scheduler_job.py:643} INFO - DAG(s) dict_keys(['example_kubernetes_executor']) retrieved from /home/airflow/.local/lib/python3.6/site-packages/airflow/example_dags/example_kubernetes_executor.py
[2021-08-18 09:21:39,393] {logging_mixin.py:104} INFO - [2021-08-18 09:21:39,393] {dag.py:1832} INFO - Sync 1 DAGs
[2021-08-18 09:21:39,411] {logging_mixin.py:104} INFO - [2021-08-18 09:21:39,411] {dag.py:2305} INFO - Setting next_dagrun for example_kubernetes_executor to None
[2021-08-18 09:21:39,422] {scheduler_job.py:190} INFO - Processing /home/airflow/.local/lib/python3.6/site-packages/airflow/example_dags/example_kubernetes_executor.py took 0.073 seconds
[2021-08-18 09:22:09,645] {scheduler_job.py:182} INFO - Started process (PID=674) to work on /home/airflow/.local/lib/python3.6/site-packages/airflow/example_dags/example_kubernetes_executor.py
[2021-08-18 09:22:09,647] {scheduler_job.py:633} INFO - Processing file /home/airflow/.local/lib/python3.6/site-packages/airflow/example_dags/example_kubernetes_executor.py for tasks to queue
[2021-08-18 09:22:09,648] {logging_mixin.py:104} INFO - [2021-08-18 09:22:09,648] {dagbag.py:487} INFO - Filling up the DagBag from /home/airflow/.local/lib/python3.6/site-packages/airflow/example_dags/example_kubernetes_executor.py
[2021-08-18 09:22:09,662] {scheduler_job.py:643} INFO - DAG(s) dict_keys(['example_kubernetes_executor']) retrieved from /home/airflow/.local/lib/python3.6/site-packages/airflow/example_dags/example_kubernetes_executor.py
[2021-08-18 09:22:09,686] {logging_mixin.py:104} INFO - [2021-08-18 09:22:09,686] {dag.py:1832} INFO - Sync 1 DAGs
[2021-08-18 09:22:09,703] {logging_mixin.py:104} INFO - [2021-08-18 09:22:09,702] {dag.py:2305} INFO - Setting next_dagrun for example_kubernetes_executor to None
[2021-08-18 09:22:09,713] {scheduler_job.py:190} INFO - Processing /home/airflow/.local/lib/python3.6/site-packages/airflow/example_dags/example_kubernetes_executor.py took 0.072 seconds
[2021-08-18 09:22:39,940] {scheduler_job.py:182} INFO - Started process (PID=751) to work on /home/airflow/.local/lib/python3.6/site-packages/airflow/example_dags/example_kubernetes_executor.py
[2021-08-18 09:22:39,942] {scheduler_job.py:633} INFO - Processing file /home/airflow/.local/lib/python3.6/site-packages/airflow/example_dags/example_kubernetes_executor.py for tasks to queue
[2021-08-18 09:22:39,943] {logging_mixin.py:104} INFO - [2021-08-18 09:22:39,942] {dagbag.py:487} INFO - Filling up the DagBag from /home/airflow/.local/lib/python3.6/site-packages/airflow/example_dags/example_kubernetes_executor.py
[2021-08-18 09:22:39,956] {scheduler_job.py:643} INFO - DAG(s) dict_keys(['example_kubernetes_executor']) retrieved from /home/airflow/.local/lib/python3.6/site-packages/airflow/example_dags/example_kubernetes_executor.py
[2021-08-18 09:22:39,977] {logging_mixin.py:104} INFO - [2021-08-18 09:22:39,977] {dag.py:1832} INFO - Sync 1 DAGs
[2021-08-18 09:22:39,994] {logging_mixin.py:104} INFO - [2021-08-18 09:22:39,994] {dag.py:2305} INFO - Setting next_dagrun for example_kubernetes_executor to None
[2021-08-18 09:22:40,006] {scheduler_job.py:190} INFO - Processing /home/airflow/.local/lib/python3.6/site-packages/airflow/example_dags/example_kubernetes_executor.py took 0.071 seconds
[2021-08-18 09:23:10,177] {scheduler_job.py:182} INFO - Started process (PID=828) to work on /home/airflow/.local/lib/python3.6/site-packages/airflow/example_dags/example_kubernetes_executor.py
[2021-08-18 09:23:10,179] {scheduler_job.py:633} INFO - Processing file /home/airflow/.local/lib/python3.6/site-packages/airflow/example_dags/example_kubernetes_executor.py for tasks to queue
[2021-08-18 09:23:10,180] {logging_mixin.py:104} INFO - [2021-08-18 09:23:10,180] {dagbag.py:487} INFO - Filling up the DagBag from /home/airflow/.local/lib/python3.6/site-packages/airflow/example_dags/example_kubernetes_executor.py
[2021-08-18 09:23:10,194] {scheduler_job.py:643} INFO - DAG(s) dict_keys(['example_kubernetes_executor']) retrieved from /home/airflow/.local/lib/python3.6/site-packages/airflow/example_dags/example_kubernetes_executor.py
[2021-08-18 09:23:10,215] {logging_mixin.py:104} INFO - [2021-08-18 09:23:10,215] {dag.py:1832} INFO - Sync 1 DAGs
[2021-08-18 09:23:10,230] {logging_mixin.py:104} INFO - [2021-08-18 09:23:10,230] {dag.py:2305} INFO - Setting next_dagrun for example_kubernetes_executor to None
[2021-08-18 09:23:10,240] {scheduler_job.py:190} INFO - Processing /home/airflow/.local/lib/python3.6/site-packages/airflow/example_dags/example_kubernetes_executor.py took 0.067 seconds
[2021-08-18 09:23:40,657] {scheduler_job.py:182} INFO - Started process (PID=902) to work on /home/airflow/.local/lib/python3.6/site-packages/airflow/example_dags/example_kubernetes_executor.py
[2021-08-18 09:23:40,659] {scheduler_job.py:633} INFO - Processing file /home/airflow/.local/lib/python3.6/site-packages/airflow/example_dags/example_kubernetes_executor.py for tasks to queue
[2021-08-18 09:23:40,660] {logging_mixin.py:104} INFO - [2021-08-18 09:23:40,660] {dagbag.py:487} INFO - Filling up the DagBag from /home/airflow/.local/lib/python3.6/site-packages/airflow/example_dags/example_kubernetes_executor.py
[2021-08-18 09:23:40,676] {scheduler_job.py:643} INFO - DAG(s) dict_keys(['example_kubernetes_executor']) retrieved from /home/airflow/.local/lib/python3.6/site-packages/airflow/example_dags/example_kubernetes_executor.py
[2021-08-18 09:23:40,700] {logging_mixin.py:104} INFO - [2021-08-18 09:23:40,700] {dag.py:1832} INFO - Sync 1 DAGs
[2021-08-18 09:23:40,719] {logging_mixin.py:104} INFO - [2021-08-18 09:23:40,718] {dag.py:2305} INFO - Setting next_dagrun for example_kubernetes_executor to None
[2021-08-18 09:23:40,730] {scheduler_job.py:190} INFO - Processing /home/airflow/.local/lib/python3.6/site-packages/airflow/example_dags/example_kubernetes_executor.py took 0.077 seconds
[2021-08-18 09:24:10,939] {scheduler_job.py:182} INFO - Started process (PID=980) to work on /home/airflow/.local/lib/python3.6/site-packages/airflow/example_dags/example_kubernetes_executor.py
[2021-08-18 09:24:10,940] {scheduler_job.py:633} INFO - Processing file /home/airflow/.local/lib/python3.6/site-packages/airflow/example_dags/example_kubernetes_executor.py for tasks to queue
[2021-08-18 09:24:10,942] {logging_mixin.py:104} INFO - [2021-08-18 09:24:10,942] {dagbag.py:487} INFO - Filling up the DagBag from /home/airflow/.local/lib/python3.6/site-packages/airflow/example_dags/example_kubernetes_executor.py
[2021-08-18 09:24:10,956] {scheduler_job.py:643} INFO - DAG(s) dict_keys(['example_kubernetes_executor']) retrieved from /home/airflow/.local/lib/python3.6/site-packages/airflow/example_dags/example_kubernetes_executor.py
[2021-08-18 09:24:10,983] {logging_mixin.py:104} INFO - [2021-08-18 09:24:10,983] {dag.py:1832} INFO - Sync 1 DAGs
[2021-08-18 09:24:11,006] {logging_mixin.py:104} INFO - [2021-08-18 09:24:11,006] {dag.py:2305} INFO - Setting next_dagrun for example_kubernetes_executor to None
[2021-08-18 09:24:11,020] {scheduler_job.py:190} INFO - Processing /home/airflow/.local/lib/python3.6/site-packages/airflow/example_dags/example_kubernetes_executor.py took 0.085 seconds
[2021-08-18 09:24:41,227] {scheduler_job.py:182} INFO - Started process (PID=1042) to work on /home/airflow/.local/lib/python3.6/site-packages/airflow/example_dags/example_kubernetes_executor.py
[2021-08-18 09:24:41,230] {scheduler_job.py:633} INFO - Processing file /home/airflow/.local/lib/python3.6/site-packages/airflow/example_dags/example_kubernetes_executor.py for tasks to queue
[2021-08-18 09:24:41,231] {logging_mixin.py:104} INFO - [2021-08-18 09:24:41,231] {dagbag.py:487} INFO - Filling up the DagBag from /home/airflow/.local/lib/python3.6/site-packages/airflow/example_dags/example_kubernetes_executor.py
[2021-08-18 09:24:41,246] {scheduler_job.py:643} INFO - DAG(s) dict_keys(['example_kubernetes_executor']) retrieved from /home/airflow/.local/lib/python3.6/site-packages/airflow/example_dags/example_kubernetes_executor.py
[2021-08-18 09:24:41,273] {logging_mixin.py:104} INFO - [2021-08-18 09:24:41,272] {dag.py:1832} INFO - Sync 1 DAGs
[2021-08-18 09:24:41,292] {logging_mixin.py:104} INFO - [2021-08-18 09:24:41,292] {dag.py:2305} INFO - Setting next_dagrun for example_kubernetes_executor to None
[2021-08-18 09:24:41,306] {scheduler_job.py:190} INFO - Processing /home/airflow/.local/lib/python3.6/site-packages/airflow/example_dags/example_kubernetes_executor.py took 0.083 seconds
[2021-08-18 09:25:11,539] {scheduler_job.py:182} INFO - Started process (PID=1119) to work on /home/airflow/.local/lib/python3.6/site-packages/airflow/example_dags/example_kubernetes_executor.py
[2021-08-18 09:25:11,542] {scheduler_job.py:633} INFO - Processing file /home/airflow/.local/lib/python3.6/site-packages/airflow/example_dags/example_kubernetes_executor.py for tasks to queue
[2021-08-18 09:25:11,543] {logging_mixin.py:104} INFO - [2021-08-18 09:25:11,543] {dagbag.py:487} INFO - Filling up the DagBag from /home/airflow/.local/lib/python3.6/site-packages/airflow/example_dags/example_kubernetes_executor.py
[2021-08-18 09:25:11,559] {scheduler_job.py:643} INFO - DAG(s) dict_keys(['example_kubernetes_executor']) retrieved from /home/airflow/.local/lib/python3.6/site-packages/airflow/example_dags/example_kubernetes_executor.py
[2021-08-18 09:25:11,584] {logging_mixin.py:104} INFO - [2021-08-18 09:25:11,584] {dag.py:1832} INFO - Sync 1 DAGs
[2021-08-18 09:25:11,603] {logging_mixin.py:104} INFO - [2021-08-18 09:25:11,603] {dag.py:2305} INFO - Setting next_dagrun for example_kubernetes_executor to None
[2021-08-18 09:25:11,613] {scheduler_job.py:190} INFO - Processing /home/airflow/.local/lib/python3.6/site-packages/airflow/example_dags/example_kubernetes_executor.py took 0.079 seconds
[2021-08-18 09:25:41,800] {scheduler_job.py:182} INFO - Started process (PID=1192) to work on /home/airflow/.local/lib/python3.6/site-packages/airflow/example_dags/example_kubernetes_executor.py
[2021-08-18 09:25:41,802] {scheduler_job.py:633} INFO - Processing file /home/airflow/.local/lib/python3.6/site-packages/airflow/example_dags/example_kubernetes_executor.py for tasks to queue
[2021-08-18 09:25:41,804] {logging_mixin.py:104} INFO - [2021-08-18 09:25:41,804] {dagbag.py:487} INFO - Filling up the DagBag from /home/airflow/.local/lib/python3.6/site-packages/airflow/example_dags/example_kubernetes_executor.py
[2021-08-18 09:25:41,818] {scheduler_job.py:643} INFO - DAG(s) dict_keys(['example_kubernetes_executor']) retrieved from /home/airflow/.local/lib/python3.6/site-packages/airflow/example_dags/example_kubernetes_executor.py
[2021-08-18 09:25:41,844] {logging_mixin.py:104} INFO - [2021-08-18 09:25:41,844] {dag.py:1832} INFO - Sync 1 DAGs
[2021-08-18 09:25:41,864] {logging_mixin.py:104} INFO - [2021-08-18 09:25:41,864] {dag.py:2305} INFO - Setting next_dagrun for example_kubernetes_executor to None
[2021-08-18 09:25:41,877] {scheduler_job.py:190} INFO - Processing /home/airflow/.local/lib/python3.6/site-packages/airflow/example_dags/example_kubernetes_executor.py took 0.081 seconds
[2021-08-18 09:26:12,182] {scheduler_job.py:182} INFO - Started process (PID=1258) to work on /home/airflow/.local/lib/python3.6/site-packages/airflow/example_dags/example_kubernetes_executor.py
[2021-08-18 09:26:12,183] {scheduler_job.py:633} INFO - Processing file /home/airflow/.local/lib/python3.6/site-packages/airflow/example_dags/example_kubernetes_executor.py for tasks to queue
[2021-08-18 09:26:12,185] {logging_mixin.py:104} INFO - [2021-08-18 09:26:12,184] {dagbag.py:487} INFO - Filling up the DagBag from /home/airflow/.local/lib/python3.6/site-packages/airflow/example_dags/example_kubernetes_executor.py
[2021-08-18 09:26:12,198] {scheduler_job.py:643} INFO - DAG(s) dict_keys(['example_kubernetes_executor']) retrieved from /home/airflow/.local/lib/python3.6/site-packages/airflow/example_dags/example_kubernetes_executor.py
[2021-08-18 09:26:12,221] {logging_mixin.py:104} INFO - [2021-08-18 09:26:12,221] {dag.py:1832} INFO - Sync 1 DAGs
[2021-08-18 09:26:12,237] {logging_mixin.py:104} INFO - [2021-08-18 09:26:12,237] {dag.py:2305} INFO - Setting next_dagrun for example_kubernetes_executor to None
[2021-08-18 09:26:12,247] {scheduler_job.py:190} INFO - Processing /home/airflow/.local/lib/python3.6/site-packages/airflow/example_dags/example_kubernetes_executor.py took 0.069 seconds
[2021-08-18 09:26:43,245] {scheduler_job.py:182} INFO - Started process (PID=1334) to work on /home/airflow/.local/lib/python3.6/site-packages/airflow/example_dags/example_kubernetes_executor.py
[2021-08-18 09:26:43,247] {scheduler_job.py:633} INFO - Processing file /home/airflow/.local/lib/python3.6/site-packages/airflow/example_dags/example_kubernetes_executor.py for tasks to queue
[2021-08-18 09:26:43,248] {logging_mixin.py:104} INFO - [2021-08-18 09:26:43,248] {dagbag.py:487} INFO - Filling up the DagBag from /home/airflow/.local/lib/python3.6/site-packages/airflow/example_dags/example_kubernetes_executor.py
[2021-08-18 09:26:43,261] {scheduler_job.py:643} INFO - DAG(s) dict_keys(['example_kubernetes_executor']) retrieved from /home/airflow/.local/lib/python3.6/site-packages/airflow/example_dags/example_kubernetes_executor.py
[2021-08-18 09:26:43,281] {logging_mixin.py:104} INFO - [2021-08-18 09:26:43,281] {dag.py:1832} INFO - Sync 1 DAGs
[2021-08-18 09:26:43,296] {logging_mixin.py:104} INFO - [2021-08-18 09:26:43,296] {dag.py:2305} INFO - Setting next_dagrun for example_kubernetes_executor to None
[2021-08-18 09:26:43,304] {scheduler_job.py:190} INFO - Processing /home/airflow/.local/lib/python3.6/site-packages/airflow/example_dags/example_kubernetes_executor.py took 0.063 seconds
[2021-08-18 09:27:14,272] {scheduler_job.py:182} INFO - Started process (PID=1395) to work on /home/airflow/.local/lib/python3.6/site-packages/airflow/example_dags/example_kubernetes_executor.py
[2021-08-18 09:27:14,274] {scheduler_job.py:633} INFO - Processing file /home/airflow/.local/lib/python3.6/site-packages/airflow/example_dags/example_kubernetes_executor.py for tasks to queue
[2021-08-18 09:27:14,275] {logging_mixin.py:104} INFO - [2021-08-18 09:27:14,275] {dagbag.py:487} INFO - Filling up the DagBag from /home/airflow/.local/lib/python3.6/site-packages/airflow/example_dags/example_kubernetes_executor.py
[2021-08-18 09:27:14,288] {scheduler_job.py:643} INFO - DAG(s) dict_keys(['example_kubernetes_executor']) retrieved from /home/airflow/.local/lib/python3.6/site-packages/airflow/example_dags/example_kubernetes_executor.py
[2021-08-18 09:27:14,310] {logging_mixin.py:104} INFO - [2021-08-18 09:27:14,310] {dag.py:1832} INFO - Sync 1 DAGs
[2021-08-18 09:27:14,327] {logging_mixin.py:104} INFO - [2021-08-18 09:27:14,327] {dag.py:2305} INFO - Setting next_dagrun for example_kubernetes_executor to None
[2021-08-18 09:27:14,337] {scheduler_job.py:190} INFO - Processing /home/airflow/.local/lib/python3.6/site-packages/airflow/example_dags/example_kubernetes_executor.py took 0.069 seconds
[2021-08-18 09:27:45,581] {scheduler_job.py:182} INFO - Started process (PID=1472) to work on /home/airflow/.local/lib/python3.6/site-packages/airflow/example_dags/example_kubernetes_executor.py
[2021-08-18 09:27:45,584] {scheduler_job.py:633} INFO - Processing file /home/airflow/.local/lib/python3.6/site-packages/airflow/example_dags/example_kubernetes_executor.py for tasks to queue
[2021-08-18 09:27:45,585] {logging_mixin.py:104} INFO - [2021-08-18 09:27:45,585] {dagbag.py:487} INFO - Filling up the DagBag from /home/airflow/.local/lib/python3.6/site-packages/airflow/example_dags/example_kubernetes_executor.py
[2021-08-18 09:27:45,599] {scheduler_job.py:643} INFO - DAG(s) dict_keys(['example_kubernetes_executor']) retrieved from /home/airflow/.local/lib/python3.6/site-packages/airflow/example_dags/example_kubernetes_executor.py
[2021-08-18 09:27:45,620] {logging_mixin.py:104} INFO - [2021-08-18 09:27:45,620] {dag.py:1832} INFO - Sync 1 DAGs
[2021-08-18 09:27:45,636] {logging_mixin.py:104} INFO - [2021-08-18 09:27:45,636] {dag.py:2305} INFO - Setting next_dagrun for example_kubernetes_executor to None
[2021-08-18 09:27:45,646] {scheduler_job.py:190} INFO - Processing /home/airflow/.local/lib/python3.6/site-packages/airflow/example_dags/example_kubernetes_executor.py took 0.074 seconds
[2021-08-18 09:28:16,527] {scheduler_job.py:182} INFO - Started process (PID=1551) to work on /home/airflow/.local/lib/python3.6/site-packages/airflow/example_dags/example_kubernetes_executor.py
[2021-08-18 09:28:16,529] {scheduler_job.py:633} INFO - Processing file /home/airflow/.local/lib/python3.6/site-packages/airflow/example_dags/example_kubernetes_executor.py for tasks to queue
[2021-08-18 09:28:16,531] {logging_mixin.py:104} INFO - [2021-08-18 09:28:16,530] {dagbag.py:487} INFO - Filling up the DagBag from /home/airflow/.local/lib/python3.6/site-packages/airflow/example_dags/example_kubernetes_executor.py
[2021-08-18 09:28:16,546] {scheduler_job.py:643} INFO - DAG(s) dict_keys(['example_kubernetes_executor']) retrieved from /home/airflow/.local/lib/python3.6/site-packages/airflow/example_dags/example_kubernetes_executor.py
[2021-08-18 09:28:16,572] {logging_mixin.py:104} INFO - [2021-08-18 09:28:16,572] {dag.py:1832} INFO - Sync 1 DAGs
[2021-08-18 09:28:16,592] {logging_mixin.py:104} INFO - [2021-08-18 09:28:16,592] {dag.py:2305} INFO - Setting next_dagrun for example_kubernetes_executor to None
[2021-08-18 09:28:16,606] {scheduler_job.py:190} INFO - Processing /home/airflow/.local/lib/python3.6/site-packages/airflow/example_dags/example_kubernetes_executor.py took 0.083 seconds
[2021-08-18 09:28:47,651] {scheduler_job.py:182} INFO - Started process (PID=1613) to work on /home/airflow/.local/lib/python3.6/site-packages/airflow/example_dags/example_kubernetes_executor.py
[2021-08-18 09:28:47,654] {scheduler_job.py:633} INFO - Processing file /home/airflow/.local/lib/python3.6/site-packages/airflow/example_dags/example_kubernetes_executor.py for tasks to queue
[2021-08-18 09:28:47,656] {logging_mixin.py:104} INFO - [2021-08-18 09:28:47,655] {dagbag.py:487} INFO - Filling up the DagBag from /home/airflow/.local/lib/python3.6/site-packages/airflow/example_dags/example_kubernetes_executor.py
[2021-08-18 09:28:47,674] {scheduler_job.py:643} INFO - DAG(s) dict_keys(['example_kubernetes_executor']) retrieved from /home/airflow/.local/lib/python3.6/site-packages/airflow/example_dags/example_kubernetes_executor.py
[2021-08-18 09:28:47,698] {logging_mixin.py:104} INFO - [2021-08-18 09:28:47,698] {dag.py:1832} INFO - Sync 1 DAGs
[2021-08-18 09:28:47,717] {logging_mixin.py:104} INFO - [2021-08-18 09:28:47,717] {dag.py:2305} INFO - Setting next_dagrun for example_kubernetes_executor to None
[2021-08-18 09:28:47,729] {scheduler_job.py:190} INFO - Processing /home/airflow/.local/lib/python3.6/site-packages/airflow/example_dags/example_kubernetes_executor.py took 0.082 seconds
[2021-08-18 09:29:18,845] {scheduler_job.py:182} INFO - Started process (PID=1691) to work on /home/airflow/.local/lib/python3.6/site-packages/airflow/example_dags/example_kubernetes_executor.py
[2021-08-18 09:29:18,847] {scheduler_job.py:633} INFO - Processing file /home/airflow/.local/lib/python3.6/site-packages/airflow/example_dags/example_kubernetes_executor.py for tasks to queue
[2021-08-18 09:29:18,849] {logging_mixin.py:104} INFO - [2021-08-18 09:29:18,848] {dagbag.py:487} INFO - Filling up the DagBag from /home/airflow/.local/lib/python3.6/site-packages/airflow/example_dags/example_kubernetes_executor.py
[2021-08-18 09:29:18,863] {scheduler_job.py:643} INFO - DAG(s) dict_keys(['example_kubernetes_executor']) retrieved from /home/airflow/.local/lib/python3.6/site-packages/airflow/example_dags/example_kubernetes_executor.py
[2021-08-18 09:29:18,884] {logging_mixin.py:104} INFO - [2021-08-18 09:29:18,884] {dag.py:1832} INFO - Sync 1 DAGs
[2021-08-18 09:29:18,900] {logging_mixin.py:104} INFO - [2021-08-18 09:29:18,900] {dag.py:2305} INFO - Setting next_dagrun for example_kubernetes_executor to None
[2021-08-18 09:29:18,909] {scheduler_job.py:190} INFO - Processing /home/airflow/.local/lib/python3.6/site-packages/airflow/example_dags/example_kubernetes_executor.py took 0.068 seconds
[2021-08-18 09:29:50,072] {scheduler_job.py:182} INFO - Started process (PID=1767) to work on /home/airflow/.local/lib/python3.6/site-packages/airflow/example_dags/example_kubernetes_executor.py
[2021-08-18 09:29:50,075] {scheduler_job.py:633} INFO - Processing file /home/airflow/.local/lib/python3.6/site-packages/airflow/example_dags/example_kubernetes_executor.py for tasks to queue
[2021-08-18 09:29:50,077] {logging_mixin.py:104} INFO - [2021-08-18 09:29:50,077] {dagbag.py:487} INFO - Filling up the DagBag from /home/airflow/.local/lib/python3.6/site-packages/airflow/example_dags/example_kubernetes_executor.py
[2021-08-18 09:29:50,091] {scheduler_job.py:643} INFO - DAG(s) dict_keys(['example_kubernetes_executor']) retrieved from /home/airflow/.local/lib/python3.6/site-packages/airflow/example_dags/example_kubernetes_executor.py
[2021-08-18 09:29:50,114] {logging_mixin.py:104} INFO - [2021-08-18 09:29:50,114] {dag.py:1832} INFO - Sync 1 DAGs
[2021-08-18 09:29:50,132] {logging_mixin.py:104} INFO - [2021-08-18 09:29:50,131] {dag.py:2305} INFO - Setting next_dagrun for example_kubernetes_executor to None
[2021-08-18 09:29:50,143] {scheduler_job.py:190} INFO - Processing /home/airflow/.local/lib/python3.6/site-packages/airflow/example_dags/example_kubernetes_executor.py took 0.074 seconds
[2021-08-18 09:30:21,163] {scheduler_job.py:182} INFO - Started process (PID=1837) to work on /home/airflow/.local/lib/python3.6/site-packages/airflow/example_dags/example_kubernetes_executor.py
[2021-08-18 09:30:21,166] {scheduler_job.py:633} INFO - Processing file /home/airflow/.local/lib/python3.6/site-packages/airflow/example_dags/example_kubernetes_executor.py for tasks to queue
[2021-08-18 09:30:21,168] {logging_mixin.py:104} INFO - [2021-08-18 09:30:21,167] {dagbag.py:487} INFO - Filling up the DagBag from /home/airflow/.local/lib/python3.6/site-packages/airflow/example_dags/example_kubernetes_executor.py
[2021-08-18 09:30:21,184] {scheduler_job.py:643} INFO - DAG(s) dict_keys(['example_kubernetes_executor']) retrieved from /home/airflow/.local/lib/python3.6/site-packages/airflow/example_dags/example_kubernetes_executor.py
[2021-08-18 09:30:21,209] {logging_mixin.py:104} INFO - [2021-08-18 09:30:21,209] {dag.py:1832} INFO - Sync 1 DAGs
[2021-08-18 09:30:21,233] {logging_mixin.py:104} INFO - [2021-08-18 09:30:21,233] {dag.py:2305} INFO - Setting next_dagrun for example_kubernetes_executor to None
[2021-08-18 09:30:21,249] {scheduler_job.py:190} INFO - Processing /home/airflow/.local/lib/python3.6/site-packages/airflow/example_dags/example_kubernetes_executor.py took 0.091 seconds
[2021-08-18 09:30:51,475] {scheduler_job.py:182} INFO - Started process (PID=1905) to work on /home/airflow/.local/lib/python3.6/site-packages/airflow/example_dags/example_kubernetes_executor.py
[2021-08-18 09:30:51,477] {scheduler_job.py:633} INFO - Processing file /home/airflow/.local/lib/python3.6/site-packages/airflow/example_dags/example_kubernetes_executor.py for tasks to queue
[2021-08-18 09:30:51,478] {logging_mixin.py:104} INFO - [2021-08-18 09:30:51,478] {dagbag.py:487} INFO - Filling up the DagBag from /home/airflow/.local/lib/python3.6/site-packages/airflow/example_dags/example_kubernetes_executor.py
[2021-08-18 09:30:51,491] {scheduler_job.py:643} INFO - DAG(s) dict_keys(['example_kubernetes_executor']) retrieved from /home/airflow/.local/lib/python3.6/site-packages/airflow/example_dags/example_kubernetes_executor.py
[2021-08-18 09:30:51,512] {logging_mixin.py:104} INFO - [2021-08-18 09:30:51,512] {dag.py:1832} INFO - Sync 1 DAGs
[2021-08-18 09:30:51,527] {logging_mixin.py:104} INFO - [2021-08-18 09:30:51,527] {dag.py:2305} INFO - Setting next_dagrun for example_kubernetes_executor to None
[2021-08-18 09:30:51,536] {scheduler_job.py:190} INFO - Processing /home/airflow/.local/lib/python3.6/site-packages/airflow/example_dags/example_kubernetes_executor.py took 0.064 seconds
[2021-08-18 09:31:22,451] {scheduler_job.py:182} INFO - Started process (PID=1982) to work on /home/airflow/.local/lib/python3.6/site-packages/airflow/example_dags/example_kubernetes_executor.py
[2021-08-18 09:31:22,453] {scheduler_job.py:633} INFO - Processing file /home/airflow/.local/lib/python3.6/site-packages/airflow/example_dags/example_kubernetes_executor.py for tasks to queue
[2021-08-18 09:31:22,455] {logging_mixin.py:104} INFO - [2021-08-18 09:31:22,455] {dagbag.py:487} INFO - Filling up the DagBag from /home/airflow/.local/lib/python3.6/site-packages/airflow/example_dags/example_kubernetes_executor.py
[2021-08-18 09:31:22,471] {scheduler_job.py:643} INFO - DAG(s) dict_keys(['example_kubernetes_executor']) retrieved from /home/airflow/.local/lib/python3.6/site-packages/airflow/example_dags/example_kubernetes_executor.py
[2021-08-18 09:31:22,497] {logging_mixin.py:104} INFO - [2021-08-18 09:31:22,497] {dag.py:1832} INFO - Sync 1 DAGs
[2021-08-18 09:31:22,517] {logging_mixin.py:104} INFO - [2021-08-18 09:31:22,517] {dag.py:2305} INFO - Setting next_dagrun for example_kubernetes_executor to None
[2021-08-18 09:31:22,530] {scheduler_job.py:190} INFO - Processing /home/airflow/.local/lib/python3.6/site-packages/airflow/example_dags/example_kubernetes_executor.py took 0.082 seconds
[2021-08-18 09:31:53,462] {scheduler_job.py:182} INFO - Started process (PID=2045) to work on /home/airflow/.local/lib/python3.6/site-packages/airflow/example_dags/example_kubernetes_executor.py
[2021-08-18 09:31:53,463] {scheduler_job.py:633} INFO - Processing file /home/airflow/.local/lib/python3.6/site-packages/airflow/example_dags/example_kubernetes_executor.py for tasks to queue
[2021-08-18 09:31:53,465] {logging_mixin.py:104} INFO - [2021-08-18 09:31:53,464] {dagbag.py:487} INFO - Filling up the DagBag from /home/airflow/.local/lib/python3.6/site-packages/airflow/example_dags/example_kubernetes_executor.py
[2021-08-18 09:31:53,477] {scheduler_job.py:643} INFO - DAG(s) dict_keys(['example_kubernetes_executor']) retrieved from /home/airflow/.local/lib/python3.6/site-packages/airflow/example_dags/example_kubernetes_executor.py
[2021-08-18 09:31:53,499] {logging_mixin.py:104} INFO - [2021-08-18 09:31:53,499] {dag.py:1832} INFO - Sync 1 DAGs
[2021-08-18 09:31:53,514] {logging_mixin.py:104} INFO - [2021-08-18 09:31:53,514] {dag.py:2305} INFO - Setting next_dagrun for example_kubernetes_executor to None
[2021-08-18 09:31:53,524] {scheduler_job.py:190} INFO - Processing /home/airflow/.local/lib/python3.6/site-packages/airflow/example_dags/example_kubernetes_executor.py took 0.066 seconds
[2021-08-18 09:32:24,009] {scheduler_job.py:182} INFO - Started process (PID=2124) to work on /home/airflow/.local/lib/python3.6/site-packages/airflow/example_dags/example_kubernetes_executor.py
[2021-08-18 09:32:24,010] {scheduler_job.py:633} INFO - Processing file /home/airflow/.local/lib/python3.6/site-packages/airflow/example_dags/example_kubernetes_executor.py for tasks to queue
[2021-08-18 09:32:24,011] {logging_mixin.py:104} INFO - [2021-08-18 09:32:24,011] {dagbag.py:487} INFO - Filling up the DagBag from /home/airflow/.local/lib/python3.6/site-packages/airflow/example_dags/example_kubernetes_executor.py
[2021-08-18 09:32:24,024] {scheduler_job.py:643} INFO - DAG(s) dict_keys(['example_kubernetes_executor']) retrieved from /home/airflow/.local/lib/python3.6/site-packages/airflow/example_dags/example_kubernetes_executor.py
[2021-08-18 09:32:24,045] {logging_mixin.py:104} INFO - [2021-08-18 09:32:24,045] {dag.py:1832} INFO - Sync 1 DAGs
[2021-08-18 09:32:24,059] {logging_mixin.py:104} INFO - [2021-08-18 09:32:24,059] {dag.py:2305} INFO - Setting next_dagrun for example_kubernetes_executor to None
[2021-08-18 09:32:24,066] {scheduler_job.py:190} INFO - Processing /home/airflow/.local/lib/python3.6/site-packages/airflow/example_dags/example_kubernetes_executor.py took 0.061 seconds
[2021-08-18 09:32:54,961] {scheduler_job.py:182} INFO - Started process (PID=2200) to work on /home/airflow/.local/lib/python3.6/site-packages/airflow/example_dags/example_kubernetes_executor.py
[2021-08-18 09:32:54,962] {scheduler_job.py:633} INFO - Processing file /home/airflow/.local/lib/python3.6/site-packages/airflow/example_dags/example_kubernetes_executor.py for tasks to queue
[2021-08-18 09:32:54,963] {logging_mixin.py:104} INFO - [2021-08-18 09:32:54,963] {dagbag.py:487} INFO - Filling up the DagBag from /home/airflow/.local/lib/python3.6/site-packages/airflow/example_dags/example_kubernetes_executor.py
[2021-08-18 09:32:54,976] {scheduler_job.py:643} INFO - DAG(s) dict_keys(['example_kubernetes_executor']) retrieved from /home/airflow/.local/lib/python3.6/site-packages/airflow/example_dags/example_kubernetes_executor.py
[2021-08-18 09:32:54,996] {logging_mixin.py:104} INFO - [2021-08-18 09:32:54,996] {dag.py:1832} INFO - Sync 1 DAGs
[2021-08-18 09:32:55,011] {logging_mixin.py:104} INFO - [2021-08-18 09:32:55,011] {dag.py:2305} INFO - Setting next_dagrun for example_kubernetes_executor to None
[2021-08-18 09:32:55,021] {scheduler_job.py:190} INFO - Processing /home/airflow/.local/lib/python3.6/site-packages/airflow/example_dags/example_kubernetes_executor.py took 0.064 seconds
