[2021-08-18 09:02:14,288] {scheduler_job.py:182} INFO - Started process (PID=113) to work on /home/airflow/.local/lib/python3.6/site-packages/airflow/example_dags/tutorial_taskflow_api_etl_virtualenv.py
[2021-08-18 09:02:14,289] {scheduler_job.py:633} INFO - Processing file /home/airflow/.local/lib/python3.6/site-packages/airflow/example_dags/tutorial_taskflow_api_etl_virtualenv.py for tasks to queue
[2021-08-18 09:02:14,291] {logging_mixin.py:104} INFO - [2021-08-18 09:02:14,291] {dagbag.py:487} INFO - Filling up the DagBag from /home/airflow/.local/lib/python3.6/site-packages/airflow/example_dags/tutorial_taskflow_api_etl_virtualenv.py
[2021-08-18 09:02:14,313] {scheduler_job.py:643} INFO - DAG(s) dict_keys(['tutorial_taskflow_api_etl_virtualenv']) retrieved from /home/airflow/.local/lib/python3.6/site-packages/airflow/example_dags/tutorial_taskflow_api_etl_virtualenv.py
[2021-08-18 09:02:16,379] {logging_mixin.py:104} INFO - [2021-08-18 09:02:16,378] {dag.py:1832} INFO - Sync 1 DAGs
[2021-08-18 09:02:16,391] {logging_mixin.py:104} INFO - [2021-08-18 09:02:16,390] {dag.py:1851} INFO - Creating ORM DAG for tutorial_taskflow_api_etl_virtualenv
[2021-08-18 09:02:16,396] {logging_mixin.py:104} INFO - [2021-08-18 09:02:16,396] {dag.py:2305} INFO - Setting next_dagrun for tutorial_taskflow_api_etl_virtualenv to None
[2021-08-18 09:02:16,409] {scheduler_job.py:190} INFO - Processing /home/airflow/.local/lib/python3.6/site-packages/airflow/example_dags/tutorial_taskflow_api_etl_virtualenv.py took 2.125 seconds
[2021-08-18 09:02:47,424] {scheduler_job.py:182} INFO - Started process (PID=173) to work on /home/airflow/.local/lib/python3.6/site-packages/airflow/example_dags/tutorial_taskflow_api_etl_virtualenv.py
[2021-08-18 09:02:47,426] {scheduler_job.py:633} INFO - Processing file /home/airflow/.local/lib/python3.6/site-packages/airflow/example_dags/tutorial_taskflow_api_etl_virtualenv.py for tasks to queue
[2021-08-18 09:02:47,427] {logging_mixin.py:104} INFO - [2021-08-18 09:02:47,427] {dagbag.py:487} INFO - Filling up the DagBag from /home/airflow/.local/lib/python3.6/site-packages/airflow/example_dags/tutorial_taskflow_api_etl_virtualenv.py
[2021-08-18 09:02:47,449] {scheduler_job.py:643} INFO - DAG(s) dict_keys(['tutorial_taskflow_api_etl_virtualenv']) retrieved from /home/airflow/.local/lib/python3.6/site-packages/airflow/example_dags/tutorial_taskflow_api_etl_virtualenv.py
[2021-08-18 09:02:47,770] {logging_mixin.py:104} INFO - [2021-08-18 09:02:47,770] {dag.py:1832} INFO - Sync 1 DAGs
[2021-08-18 09:02:47,786] {logging_mixin.py:104} INFO - [2021-08-18 09:02:47,786] {dag.py:2305} INFO - Setting next_dagrun for tutorial_taskflow_api_etl_virtualenv to None
[2021-08-18 09:02:47,805] {scheduler_job.py:190} INFO - Processing /home/airflow/.local/lib/python3.6/site-packages/airflow/example_dags/tutorial_taskflow_api_etl_virtualenv.py took 0.386 seconds
[2021-08-18 09:03:18,110] {scheduler_job.py:182} INFO - Started process (PID=252) to work on /home/airflow/.local/lib/python3.6/site-packages/airflow/example_dags/tutorial_taskflow_api_etl_virtualenv.py
[2021-08-18 09:03:18,111] {scheduler_job.py:633} INFO - Processing file /home/airflow/.local/lib/python3.6/site-packages/airflow/example_dags/tutorial_taskflow_api_etl_virtualenv.py for tasks to queue
[2021-08-18 09:03:18,113] {logging_mixin.py:104} INFO - [2021-08-18 09:03:18,112] {dagbag.py:487} INFO - Filling up the DagBag from /home/airflow/.local/lib/python3.6/site-packages/airflow/example_dags/tutorial_taskflow_api_etl_virtualenv.py
[2021-08-18 09:03:18,130] {scheduler_job.py:643} INFO - DAG(s) dict_keys(['tutorial_taskflow_api_etl_virtualenv']) retrieved from /home/airflow/.local/lib/python3.6/site-packages/airflow/example_dags/tutorial_taskflow_api_etl_virtualenv.py
[2021-08-18 09:03:18,402] {logging_mixin.py:104} INFO - [2021-08-18 09:03:18,402] {dag.py:1832} INFO - Sync 1 DAGs
[2021-08-18 09:03:18,414] {logging_mixin.py:104} INFO - [2021-08-18 09:03:18,414] {dag.py:2305} INFO - Setting next_dagrun for tutorial_taskflow_api_etl_virtualenv to None
[2021-08-18 09:03:18,425] {scheduler_job.py:190} INFO - Processing /home/airflow/.local/lib/python3.6/site-packages/airflow/example_dags/tutorial_taskflow_api_etl_virtualenv.py took 0.319 seconds
[2021-08-18 09:03:48,472] {scheduler_job.py:182} INFO - Started process (PID=325) to work on /home/airflow/.local/lib/python3.6/site-packages/airflow/example_dags/tutorial_taskflow_api_etl_virtualenv.py
[2021-08-18 09:03:48,477] {scheduler_job.py:633} INFO - Processing file /home/airflow/.local/lib/python3.6/site-packages/airflow/example_dags/tutorial_taskflow_api_etl_virtualenv.py for tasks to queue
[2021-08-18 09:03:48,479] {logging_mixin.py:104} INFO - [2021-08-18 09:03:48,479] {dagbag.py:487} INFO - Filling up the DagBag from /home/airflow/.local/lib/python3.6/site-packages/airflow/example_dags/tutorial_taskflow_api_etl_virtualenv.py
[2021-08-18 09:03:48,555] {scheduler_job.py:643} INFO - DAG(s) dict_keys(['tutorial_taskflow_api_etl_virtualenv']) retrieved from /home/airflow/.local/lib/python3.6/site-packages/airflow/example_dags/tutorial_taskflow_api_etl_virtualenv.py
[2021-08-18 09:03:48,862] {logging_mixin.py:104} INFO - [2021-08-18 09:03:48,862] {dag.py:1832} INFO - Sync 1 DAGs
[2021-08-18 09:03:48,873] {logging_mixin.py:104} INFO - [2021-08-18 09:03:48,873] {dag.py:2305} INFO - Setting next_dagrun for tutorial_taskflow_api_etl_virtualenv to None
[2021-08-18 09:03:48,884] {scheduler_job.py:190} INFO - Processing /home/airflow/.local/lib/python3.6/site-packages/airflow/example_dags/tutorial_taskflow_api_etl_virtualenv.py took 0.419 seconds
[2021-08-18 09:04:19,738] {scheduler_job.py:182} INFO - Started process (PID=395) to work on /home/airflow/.local/lib/python3.6/site-packages/airflow/example_dags/tutorial_taskflow_api_etl_virtualenv.py
[2021-08-18 09:04:19,740] {scheduler_job.py:633} INFO - Processing file /home/airflow/.local/lib/python3.6/site-packages/airflow/example_dags/tutorial_taskflow_api_etl_virtualenv.py for tasks to queue
[2021-08-18 09:04:19,741] {logging_mixin.py:104} INFO - [2021-08-18 09:04:19,741] {dagbag.py:487} INFO - Filling up the DagBag from /home/airflow/.local/lib/python3.6/site-packages/airflow/example_dags/tutorial_taskflow_api_etl_virtualenv.py
[2021-08-18 09:04:19,766] {scheduler_job.py:643} INFO - DAG(s) dict_keys(['tutorial_taskflow_api_etl_virtualenv']) retrieved from /home/airflow/.local/lib/python3.6/site-packages/airflow/example_dags/tutorial_taskflow_api_etl_virtualenv.py
[2021-08-18 09:04:20,119] {logging_mixin.py:104} INFO - [2021-08-18 09:04:20,118] {dag.py:1832} INFO - Sync 1 DAGs
[2021-08-18 09:04:20,134] {logging_mixin.py:104} INFO - [2021-08-18 09:04:20,134] {dag.py:2305} INFO - Setting next_dagrun for tutorial_taskflow_api_etl_virtualenv to None
[2021-08-18 09:04:20,148] {scheduler_job.py:190} INFO - Processing /home/airflow/.local/lib/python3.6/site-packages/airflow/example_dags/tutorial_taskflow_api_etl_virtualenv.py took 0.415 seconds
[2021-08-18 09:04:51,026] {scheduler_job.py:182} INFO - Started process (PID=460) to work on /home/airflow/.local/lib/python3.6/site-packages/airflow/example_dags/tutorial_taskflow_api_etl_virtualenv.py
[2021-08-18 09:04:51,027] {scheduler_job.py:633} INFO - Processing file /home/airflow/.local/lib/python3.6/site-packages/airflow/example_dags/tutorial_taskflow_api_etl_virtualenv.py for tasks to queue
[2021-08-18 09:04:51,029] {logging_mixin.py:104} INFO - [2021-08-18 09:04:51,029] {dagbag.py:487} INFO - Filling up the DagBag from /home/airflow/.local/lib/python3.6/site-packages/airflow/example_dags/tutorial_taskflow_api_etl_virtualenv.py
[2021-08-18 09:04:51,046] {scheduler_job.py:643} INFO - DAG(s) dict_keys(['tutorial_taskflow_api_etl_virtualenv']) retrieved from /home/airflow/.local/lib/python3.6/site-packages/airflow/example_dags/tutorial_taskflow_api_etl_virtualenv.py
[2021-08-18 09:04:51,065] {logging_mixin.py:104} INFO - [2021-08-18 09:04:51,065] {dag.py:1832} INFO - Sync 1 DAGs
[2021-08-18 09:04:51,080] {logging_mixin.py:104} INFO - [2021-08-18 09:04:51,080] {dag.py:2305} INFO - Setting next_dagrun for tutorial_taskflow_api_etl_virtualenv to None
[2021-08-18 09:04:51,088] {scheduler_job.py:190} INFO - Processing /home/airflow/.local/lib/python3.6/site-packages/airflow/example_dags/tutorial_taskflow_api_etl_virtualenv.py took 0.066 seconds
[2021-08-18 09:05:21,518] {scheduler_job.py:182} INFO - Started process (PID=522) to work on /home/airflow/.local/lib/python3.6/site-packages/airflow/example_dags/tutorial_taskflow_api_etl_virtualenv.py
[2021-08-18 09:05:21,520] {scheduler_job.py:633} INFO - Processing file /home/airflow/.local/lib/python3.6/site-packages/airflow/example_dags/tutorial_taskflow_api_etl_virtualenv.py for tasks to queue
[2021-08-18 09:05:21,521] {logging_mixin.py:104} INFO - [2021-08-18 09:05:21,520] {dagbag.py:487} INFO - Filling up the DagBag from /home/airflow/.local/lib/python3.6/site-packages/airflow/example_dags/tutorial_taskflow_api_etl_virtualenv.py
[2021-08-18 09:05:21,547] {scheduler_job.py:643} INFO - DAG(s) dict_keys(['tutorial_taskflow_api_etl_virtualenv']) retrieved from /home/airflow/.local/lib/python3.6/site-packages/airflow/example_dags/tutorial_taskflow_api_etl_virtualenv.py
[2021-08-18 09:05:21,990] {logging_mixin.py:104} INFO - [2021-08-18 09:05:21,990] {dag.py:1832} INFO - Sync 1 DAGs
[2021-08-18 09:05:22,002] {logging_mixin.py:104} INFO - [2021-08-18 09:05:22,002] {dag.py:2305} INFO - Setting next_dagrun for tutorial_taskflow_api_etl_virtualenv to None
[2021-08-18 09:05:22,012] {scheduler_job.py:190} INFO - Processing /home/airflow/.local/lib/python3.6/site-packages/airflow/example_dags/tutorial_taskflow_api_etl_virtualenv.py took 0.498 seconds
[2021-08-18 09:05:52,762] {scheduler_job.py:182} INFO - Started process (PID=601) to work on /home/airflow/.local/lib/python3.6/site-packages/airflow/example_dags/tutorial_taskflow_api_etl_virtualenv.py
[2021-08-18 09:05:52,764] {scheduler_job.py:633} INFO - Processing file /home/airflow/.local/lib/python3.6/site-packages/airflow/example_dags/tutorial_taskflow_api_etl_virtualenv.py for tasks to queue
[2021-08-18 09:05:52,765] {logging_mixin.py:104} INFO - [2021-08-18 09:05:52,765] {dagbag.py:487} INFO - Filling up the DagBag from /home/airflow/.local/lib/python3.6/site-packages/airflow/example_dags/tutorial_taskflow_api_etl_virtualenv.py
[2021-08-18 09:05:52,782] {scheduler_job.py:643} INFO - DAG(s) dict_keys(['tutorial_taskflow_api_etl_virtualenv']) retrieved from /home/airflow/.local/lib/python3.6/site-packages/airflow/example_dags/tutorial_taskflow_api_etl_virtualenv.py
[2021-08-18 09:05:53,048] {logging_mixin.py:104} INFO - [2021-08-18 09:05:53,048] {dag.py:1832} INFO - Sync 1 DAGs
[2021-08-18 09:05:53,060] {logging_mixin.py:104} INFO - [2021-08-18 09:05:53,060] {dag.py:2305} INFO - Setting next_dagrun for tutorial_taskflow_api_etl_virtualenv to None
[2021-08-18 09:05:53,071] {scheduler_job.py:190} INFO - Processing /home/airflow/.local/lib/python3.6/site-packages/airflow/example_dags/tutorial_taskflow_api_etl_virtualenv.py took 0.312 seconds
[2021-08-18 09:06:24,989] {scheduler_job.py:182} INFO - Started process (PID=664) to work on /home/airflow/.local/lib/python3.6/site-packages/airflow/example_dags/tutorial_taskflow_api_etl_virtualenv.py
[2021-08-18 09:06:24,992] {scheduler_job.py:633} INFO - Processing file /home/airflow/.local/lib/python3.6/site-packages/airflow/example_dags/tutorial_taskflow_api_etl_virtualenv.py for tasks to queue
[2021-08-18 09:06:24,994] {logging_mixin.py:104} INFO - [2021-08-18 09:06:24,993] {dagbag.py:487} INFO - Filling up the DagBag from /home/airflow/.local/lib/python3.6/site-packages/airflow/example_dags/tutorial_taskflow_api_etl_virtualenv.py
[2021-08-18 09:06:25,026] {scheduler_job.py:643} INFO - DAG(s) dict_keys(['tutorial_taskflow_api_etl_virtualenv']) retrieved from /home/airflow/.local/lib/python3.6/site-packages/airflow/example_dags/tutorial_taskflow_api_etl_virtualenv.py
[2021-08-18 09:06:25,385] {logging_mixin.py:104} INFO - [2021-08-18 09:06:25,385] {dag.py:1832} INFO - Sync 1 DAGs
[2021-08-18 09:06:25,399] {logging_mixin.py:104} INFO - [2021-08-18 09:06:25,399] {dag.py:2305} INFO - Setting next_dagrun for tutorial_taskflow_api_etl_virtualenv to None
[2021-08-18 09:06:25,412] {scheduler_job.py:190} INFO - Processing /home/airflow/.local/lib/python3.6/site-packages/airflow/example_dags/tutorial_taskflow_api_etl_virtualenv.py took 0.430 seconds
[2021-08-18 09:06:56,216] {scheduler_job.py:182} INFO - Started process (PID=725) to work on /home/airflow/.local/lib/python3.6/site-packages/airflow/example_dags/tutorial_taskflow_api_etl_virtualenv.py
[2021-08-18 09:06:56,218] {scheduler_job.py:633} INFO - Processing file /home/airflow/.local/lib/python3.6/site-packages/airflow/example_dags/tutorial_taskflow_api_etl_virtualenv.py for tasks to queue
[2021-08-18 09:06:56,222] {logging_mixin.py:104} INFO - [2021-08-18 09:06:56,222] {dagbag.py:487} INFO - Filling up the DagBag from /home/airflow/.local/lib/python3.6/site-packages/airflow/example_dags/tutorial_taskflow_api_etl_virtualenv.py
[2021-08-18 09:06:56,252] {scheduler_job.py:643} INFO - DAG(s) dict_keys(['tutorial_taskflow_api_etl_virtualenv']) retrieved from /home/airflow/.local/lib/python3.6/site-packages/airflow/example_dags/tutorial_taskflow_api_etl_virtualenv.py
[2021-08-18 09:06:56,591] {logging_mixin.py:104} INFO - [2021-08-18 09:06:56,591] {dag.py:1832} INFO - Sync 1 DAGs
[2021-08-18 09:06:56,606] {logging_mixin.py:104} INFO - [2021-08-18 09:06:56,606] {dag.py:2305} INFO - Setting next_dagrun for tutorial_taskflow_api_etl_virtualenv to None
[2021-08-18 09:06:56,618] {scheduler_job.py:190} INFO - Processing /home/airflow/.local/lib/python3.6/site-packages/airflow/example_dags/tutorial_taskflow_api_etl_virtualenv.py took 0.406 seconds
[2021-08-18 09:07:26,947] {scheduler_job.py:182} INFO - Started process (PID=777) to work on /home/airflow/.local/lib/python3.6/site-packages/airflow/example_dags/tutorial_taskflow_api_etl_virtualenv.py
[2021-08-18 09:07:26,948] {scheduler_job.py:633} INFO - Processing file /home/airflow/.local/lib/python3.6/site-packages/airflow/example_dags/tutorial_taskflow_api_etl_virtualenv.py for tasks to queue
[2021-08-18 09:07:26,950] {logging_mixin.py:104} INFO - [2021-08-18 09:07:26,950] {dagbag.py:487} INFO - Filling up the DagBag from /home/airflow/.local/lib/python3.6/site-packages/airflow/example_dags/tutorial_taskflow_api_etl_virtualenv.py
[2021-08-18 09:07:26,978] {scheduler_job.py:643} INFO - DAG(s) dict_keys(['tutorial_taskflow_api_etl_virtualenv']) retrieved from /home/airflow/.local/lib/python3.6/site-packages/airflow/example_dags/tutorial_taskflow_api_etl_virtualenv.py
[2021-08-18 09:07:27,295] {logging_mixin.py:104} INFO - [2021-08-18 09:07:27,295] {dag.py:1832} INFO - Sync 1 DAGs
[2021-08-18 09:07:27,309] {logging_mixin.py:104} INFO - [2021-08-18 09:07:27,309] {dag.py:2305} INFO - Setting next_dagrun for tutorial_taskflow_api_etl_virtualenv to None
[2021-08-18 09:07:27,320] {scheduler_job.py:190} INFO - Processing /home/airflow/.local/lib/python3.6/site-packages/airflow/example_dags/tutorial_taskflow_api_etl_virtualenv.py took 0.378 seconds
[2021-08-18 09:07:57,750] {scheduler_job.py:182} INFO - Started process (PID=852) to work on /home/airflow/.local/lib/python3.6/site-packages/airflow/example_dags/tutorial_taskflow_api_etl_virtualenv.py
[2021-08-18 09:07:57,753] {scheduler_job.py:633} INFO - Processing file /home/airflow/.local/lib/python3.6/site-packages/airflow/example_dags/tutorial_taskflow_api_etl_virtualenv.py for tasks to queue
[2021-08-18 09:07:57,755] {logging_mixin.py:104} INFO - [2021-08-18 09:07:57,755] {dagbag.py:487} INFO - Filling up the DagBag from /home/airflow/.local/lib/python3.6/site-packages/airflow/example_dags/tutorial_taskflow_api_etl_virtualenv.py
[2021-08-18 09:07:57,781] {scheduler_job.py:643} INFO - DAG(s) dict_keys(['tutorial_taskflow_api_etl_virtualenv']) retrieved from /home/airflow/.local/lib/python3.6/site-packages/airflow/example_dags/tutorial_taskflow_api_etl_virtualenv.py
[2021-08-18 09:07:58,127] {logging_mixin.py:104} INFO - [2021-08-18 09:07:58,127] {dag.py:1832} INFO - Sync 1 DAGs
[2021-08-18 09:07:58,144] {logging_mixin.py:104} INFO - [2021-08-18 09:07:58,144] {dag.py:2305} INFO - Setting next_dagrun for tutorial_taskflow_api_etl_virtualenv to None
[2021-08-18 09:07:58,156] {scheduler_job.py:190} INFO - Processing /home/airflow/.local/lib/python3.6/site-packages/airflow/example_dags/tutorial_taskflow_api_etl_virtualenv.py took 0.410 seconds
[2021-08-18 09:08:29,400] {scheduler_job.py:182} INFO - Started process (PID=897) to work on /home/airflow/.local/lib/python3.6/site-packages/airflow/example_dags/tutorial_taskflow_api_etl_virtualenv.py
[2021-08-18 09:08:29,410] {scheduler_job.py:633} INFO - Processing file /home/airflow/.local/lib/python3.6/site-packages/airflow/example_dags/tutorial_taskflow_api_etl_virtualenv.py for tasks to queue
[2021-08-18 09:08:29,415] {logging_mixin.py:104} INFO - [2021-08-18 09:08:29,414] {dagbag.py:487} INFO - Filling up the DagBag from /home/airflow/.local/lib/python3.6/site-packages/airflow/example_dags/tutorial_taskflow_api_etl_virtualenv.py
[2021-08-18 09:08:29,461] {scheduler_job.py:643} INFO - DAG(s) dict_keys(['tutorial_taskflow_api_etl_virtualenv']) retrieved from /home/airflow/.local/lib/python3.6/site-packages/airflow/example_dags/tutorial_taskflow_api_etl_virtualenv.py
[2021-08-18 09:08:30,847] {logging_mixin.py:104} INFO - [2021-08-18 09:08:30,837] {dag.py:1832} INFO - Sync 1 DAGs
[2021-08-18 09:08:33,247] {logging_mixin.py:104} INFO - [2021-08-18 09:08:33,246] {dag.py:2305} INFO - Setting next_dagrun for tutorial_taskflow_api_etl_virtualenv to None
[2021-08-18 09:08:33,272] {scheduler_job.py:190} INFO - Processing /home/airflow/.local/lib/python3.6/site-packages/airflow/example_dags/tutorial_taskflow_api_etl_virtualenv.py took 3.900 seconds
[2021-08-18 09:09:03,737] {scheduler_job.py:182} INFO - Started process (PID=960) to work on /home/airflow/.local/lib/python3.6/site-packages/airflow/example_dags/tutorial_taskflow_api_etl_virtualenv.py
[2021-08-18 09:09:03,739] {scheduler_job.py:633} INFO - Processing file /home/airflow/.local/lib/python3.6/site-packages/airflow/example_dags/tutorial_taskflow_api_etl_virtualenv.py for tasks to queue
[2021-08-18 09:09:03,741] {logging_mixin.py:104} INFO - [2021-08-18 09:09:03,741] {dagbag.py:487} INFO - Filling up the DagBag from /home/airflow/.local/lib/python3.6/site-packages/airflow/example_dags/tutorial_taskflow_api_etl_virtualenv.py
[2021-08-18 09:09:03,763] {scheduler_job.py:643} INFO - DAG(s) dict_keys(['tutorial_taskflow_api_etl_virtualenv']) retrieved from /home/airflow/.local/lib/python3.6/site-packages/airflow/example_dags/tutorial_taskflow_api_etl_virtualenv.py
[2021-08-18 09:09:04,063] {logging_mixin.py:104} INFO - [2021-08-18 09:09:04,063] {dag.py:1832} INFO - Sync 1 DAGs
[2021-08-18 09:09:04,077] {logging_mixin.py:104} INFO - [2021-08-18 09:09:04,077] {dag.py:2305} INFO - Setting next_dagrun for tutorial_taskflow_api_etl_virtualenv to None
[2021-08-18 09:09:04,090] {scheduler_job.py:190} INFO - Processing /home/airflow/.local/lib/python3.6/site-packages/airflow/example_dags/tutorial_taskflow_api_etl_virtualenv.py took 0.357 seconds
[2021-08-18 09:09:35,100] {scheduler_job.py:182} INFO - Started process (PID=1027) to work on /home/airflow/.local/lib/python3.6/site-packages/airflow/example_dags/tutorial_taskflow_api_etl_virtualenv.py
[2021-08-18 09:09:35,104] {scheduler_job.py:633} INFO - Processing file /home/airflow/.local/lib/python3.6/site-packages/airflow/example_dags/tutorial_taskflow_api_etl_virtualenv.py for tasks to queue
[2021-08-18 09:09:35,105] {logging_mixin.py:104} INFO - [2021-08-18 09:09:35,105] {dagbag.py:487} INFO - Filling up the DagBag from /home/airflow/.local/lib/python3.6/site-packages/airflow/example_dags/tutorial_taskflow_api_etl_virtualenv.py
[2021-08-18 09:09:36,441] {scheduler_job.py:643} INFO - DAG(s) dict_keys(['tutorial_taskflow_api_etl_virtualenv']) retrieved from /home/airflow/.local/lib/python3.6/site-packages/airflow/example_dags/tutorial_taskflow_api_etl_virtualenv.py
[2021-08-18 09:09:36,939] {logging_mixin.py:104} INFO - [2021-08-18 09:09:36,939] {dag.py:1832} INFO - Sync 1 DAGs
[2021-08-18 09:09:36,959] {logging_mixin.py:104} INFO - [2021-08-18 09:09:36,959] {dag.py:2305} INFO - Setting next_dagrun for tutorial_taskflow_api_etl_virtualenv to None
[2021-08-18 09:09:36,983] {scheduler_job.py:190} INFO - Processing /home/airflow/.local/lib/python3.6/site-packages/airflow/example_dags/tutorial_taskflow_api_etl_virtualenv.py took 1.888 seconds
[2021-08-18 09:10:07,420] {scheduler_job.py:182} INFO - Started process (PID=1105) to work on /home/airflow/.local/lib/python3.6/site-packages/airflow/example_dags/tutorial_taskflow_api_etl_virtualenv.py
[2021-08-18 09:10:07,422] {scheduler_job.py:633} INFO - Processing file /home/airflow/.local/lib/python3.6/site-packages/airflow/example_dags/tutorial_taskflow_api_etl_virtualenv.py for tasks to queue
[2021-08-18 09:10:07,423] {logging_mixin.py:104} INFO - [2021-08-18 09:10:07,423] {dagbag.py:487} INFO - Filling up the DagBag from /home/airflow/.local/lib/python3.6/site-packages/airflow/example_dags/tutorial_taskflow_api_etl_virtualenv.py
[2021-08-18 09:10:07,443] {scheduler_job.py:643} INFO - DAG(s) dict_keys(['tutorial_taskflow_api_etl_virtualenv']) retrieved from /home/airflow/.local/lib/python3.6/site-packages/airflow/example_dags/tutorial_taskflow_api_etl_virtualenv.py
[2021-08-18 09:10:07,737] {logging_mixin.py:104} INFO - [2021-08-18 09:10:07,737] {dag.py:1832} INFO - Sync 1 DAGs
[2021-08-18 09:10:07,758] {logging_mixin.py:104} INFO - [2021-08-18 09:10:07,758] {dag.py:2305} INFO - Setting next_dagrun for tutorial_taskflow_api_etl_virtualenv to None
[2021-08-18 09:10:07,775] {scheduler_job.py:190} INFO - Processing /home/airflow/.local/lib/python3.6/site-packages/airflow/example_dags/tutorial_taskflow_api_etl_virtualenv.py took 0.359 seconds
[2021-08-18 09:10:38,031] {scheduler_job.py:182} INFO - Started process (PID=1167) to work on /home/airflow/.local/lib/python3.6/site-packages/airflow/example_dags/tutorial_taskflow_api_etl_virtualenv.py
[2021-08-18 09:10:38,032] {scheduler_job.py:633} INFO - Processing file /home/airflow/.local/lib/python3.6/site-packages/airflow/example_dags/tutorial_taskflow_api_etl_virtualenv.py for tasks to queue
[2021-08-18 09:10:38,033] {logging_mixin.py:104} INFO - [2021-08-18 09:10:38,033] {dagbag.py:487} INFO - Filling up the DagBag from /home/airflow/.local/lib/python3.6/site-packages/airflow/example_dags/tutorial_taskflow_api_etl_virtualenv.py
[2021-08-18 09:10:38,049] {scheduler_job.py:643} INFO - DAG(s) dict_keys(['tutorial_taskflow_api_etl_virtualenv']) retrieved from /home/airflow/.local/lib/python3.6/site-packages/airflow/example_dags/tutorial_taskflow_api_etl_virtualenv.py
[2021-08-18 09:10:38,306] {logging_mixin.py:104} INFO - [2021-08-18 09:10:38,306] {dag.py:1832} INFO - Sync 1 DAGs
[2021-08-18 09:10:38,319] {logging_mixin.py:104} INFO - [2021-08-18 09:10:38,319] {dag.py:2305} INFO - Setting next_dagrun for tutorial_taskflow_api_etl_virtualenv to None
[2021-08-18 09:10:38,330] {scheduler_job.py:190} INFO - Processing /home/airflow/.local/lib/python3.6/site-packages/airflow/example_dags/tutorial_taskflow_api_etl_virtualenv.py took 0.302 seconds
[2021-08-18 09:11:08,396] {scheduler_job.py:182} INFO - Started process (PID=1245) to work on /home/airflow/.local/lib/python3.6/site-packages/airflow/example_dags/tutorial_taskflow_api_etl_virtualenv.py
[2021-08-18 09:11:08,398] {scheduler_job.py:633} INFO - Processing file /home/airflow/.local/lib/python3.6/site-packages/airflow/example_dags/tutorial_taskflow_api_etl_virtualenv.py for tasks to queue
[2021-08-18 09:11:08,400] {logging_mixin.py:104} INFO - [2021-08-18 09:11:08,400] {dagbag.py:487} INFO - Filling up the DagBag from /home/airflow/.local/lib/python3.6/site-packages/airflow/example_dags/tutorial_taskflow_api_etl_virtualenv.py
[2021-08-18 09:11:08,422] {scheduler_job.py:643} INFO - DAG(s) dict_keys(['tutorial_taskflow_api_etl_virtualenv']) retrieved from /home/airflow/.local/lib/python3.6/site-packages/airflow/example_dags/tutorial_taskflow_api_etl_virtualenv.py
[2021-08-18 09:11:08,739] {logging_mixin.py:104} INFO - [2021-08-18 09:11:08,738] {dag.py:1832} INFO - Sync 1 DAGs
[2021-08-18 09:11:08,758] {logging_mixin.py:104} INFO - [2021-08-18 09:11:08,758] {dag.py:2305} INFO - Setting next_dagrun for tutorial_taskflow_api_etl_virtualenv to None
[2021-08-18 09:11:08,776] {scheduler_job.py:190} INFO - Processing /home/airflow/.local/lib/python3.6/site-packages/airflow/example_dags/tutorial_taskflow_api_etl_virtualenv.py took 0.384 seconds
[2021-08-18 09:11:39,784] {scheduler_job.py:182} INFO - Started process (PID=1322) to work on /home/airflow/.local/lib/python3.6/site-packages/airflow/example_dags/tutorial_taskflow_api_etl_virtualenv.py
[2021-08-18 09:11:39,786] {scheduler_job.py:633} INFO - Processing file /home/airflow/.local/lib/python3.6/site-packages/airflow/example_dags/tutorial_taskflow_api_etl_virtualenv.py for tasks to queue
[2021-08-18 09:11:39,787] {logging_mixin.py:104} INFO - [2021-08-18 09:11:39,787] {dagbag.py:487} INFO - Filling up the DagBag from /home/airflow/.local/lib/python3.6/site-packages/airflow/example_dags/tutorial_taskflow_api_etl_virtualenv.py
[2021-08-18 09:11:39,808] {scheduler_job.py:643} INFO - DAG(s) dict_keys(['tutorial_taskflow_api_etl_virtualenv']) retrieved from /home/airflow/.local/lib/python3.6/site-packages/airflow/example_dags/tutorial_taskflow_api_etl_virtualenv.py
[2021-08-18 09:11:40,102] {logging_mixin.py:104} INFO - [2021-08-18 09:11:40,102] {dag.py:1832} INFO - Sync 1 DAGs
[2021-08-18 09:11:40,121] {logging_mixin.py:104} INFO - [2021-08-18 09:11:40,121] {dag.py:2305} INFO - Setting next_dagrun for tutorial_taskflow_api_etl_virtualenv to None
[2021-08-18 09:11:40,131] {scheduler_job.py:190} INFO - Processing /home/airflow/.local/lib/python3.6/site-packages/airflow/example_dags/tutorial_taskflow_api_etl_virtualenv.py took 0.352 seconds
[2021-08-18 09:12:10,505] {scheduler_job.py:182} INFO - Started process (PID=1384) to work on /home/airflow/.local/lib/python3.6/site-packages/airflow/example_dags/tutorial_taskflow_api_etl_virtualenv.py
[2021-08-18 09:12:10,507] {scheduler_job.py:633} INFO - Processing file /home/airflow/.local/lib/python3.6/site-packages/airflow/example_dags/tutorial_taskflow_api_etl_virtualenv.py for tasks to queue
[2021-08-18 09:12:10,509] {logging_mixin.py:104} INFO - [2021-08-18 09:12:10,508] {dagbag.py:487} INFO - Filling up the DagBag from /home/airflow/.local/lib/python3.6/site-packages/airflow/example_dags/tutorial_taskflow_api_etl_virtualenv.py
[2021-08-18 09:12:10,531] {scheduler_job.py:643} INFO - DAG(s) dict_keys(['tutorial_taskflow_api_etl_virtualenv']) retrieved from /home/airflow/.local/lib/python3.6/site-packages/airflow/example_dags/tutorial_taskflow_api_etl_virtualenv.py
[2021-08-18 09:12:10,805] {logging_mixin.py:104} INFO - [2021-08-18 09:12:10,804] {dag.py:1832} INFO - Sync 1 DAGs
[2021-08-18 09:12:10,816] {logging_mixin.py:104} INFO - [2021-08-18 09:12:10,816] {dag.py:2305} INFO - Setting next_dagrun for tutorial_taskflow_api_etl_virtualenv to None
[2021-08-18 09:12:10,826] {scheduler_job.py:190} INFO - Processing /home/airflow/.local/lib/python3.6/site-packages/airflow/example_dags/tutorial_taskflow_api_etl_virtualenv.py took 0.325 seconds
[2021-08-18 09:12:41,144] {scheduler_job.py:182} INFO - Started process (PID=1461) to work on /home/airflow/.local/lib/python3.6/site-packages/airflow/example_dags/tutorial_taskflow_api_etl_virtualenv.py
[2021-08-18 09:12:41,146] {scheduler_job.py:633} INFO - Processing file /home/airflow/.local/lib/python3.6/site-packages/airflow/example_dags/tutorial_taskflow_api_etl_virtualenv.py for tasks to queue
[2021-08-18 09:12:41,147] {logging_mixin.py:104} INFO - [2021-08-18 09:12:41,147] {dagbag.py:487} INFO - Filling up the DagBag from /home/airflow/.local/lib/python3.6/site-packages/airflow/example_dags/tutorial_taskflow_api_etl_virtualenv.py
[2021-08-18 09:12:41,163] {scheduler_job.py:643} INFO - DAG(s) dict_keys(['tutorial_taskflow_api_etl_virtualenv']) retrieved from /home/airflow/.local/lib/python3.6/site-packages/airflow/example_dags/tutorial_taskflow_api_etl_virtualenv.py
[2021-08-18 09:12:41,475] {logging_mixin.py:104} INFO - [2021-08-18 09:12:41,474] {dag.py:1832} INFO - Sync 1 DAGs
[2021-08-18 09:12:41,492] {logging_mixin.py:104} INFO - [2021-08-18 09:12:41,492] {dag.py:2305} INFO - Setting next_dagrun for tutorial_taskflow_api_etl_virtualenv to None
[2021-08-18 09:12:41,507] {scheduler_job.py:190} INFO - Processing /home/airflow/.local/lib/python3.6/site-packages/airflow/example_dags/tutorial_taskflow_api_etl_virtualenv.py took 0.369 seconds
[2021-08-18 09:13:11,827] {scheduler_job.py:182} INFO - Started process (PID=1540) to work on /home/airflow/.local/lib/python3.6/site-packages/airflow/example_dags/tutorial_taskflow_api_etl_virtualenv.py
[2021-08-18 09:13:11,830] {scheduler_job.py:633} INFO - Processing file /home/airflow/.local/lib/python3.6/site-packages/airflow/example_dags/tutorial_taskflow_api_etl_virtualenv.py for tasks to queue
[2021-08-18 09:13:11,831] {logging_mixin.py:104} INFO - [2021-08-18 09:13:11,831] {dagbag.py:487} INFO - Filling up the DagBag from /home/airflow/.local/lib/python3.6/site-packages/airflow/example_dags/tutorial_taskflow_api_etl_virtualenv.py
[2021-08-18 09:13:11,853] {scheduler_job.py:643} INFO - DAG(s) dict_keys(['tutorial_taskflow_api_etl_virtualenv']) retrieved from /home/airflow/.local/lib/python3.6/site-packages/airflow/example_dags/tutorial_taskflow_api_etl_virtualenv.py
[2021-08-18 09:13:12,160] {logging_mixin.py:104} INFO - [2021-08-18 09:13:12,160] {dag.py:1832} INFO - Sync 1 DAGs
[2021-08-18 09:13:12,173] {logging_mixin.py:104} INFO - [2021-08-18 09:13:12,173] {dag.py:2305} INFO - Setting next_dagrun for tutorial_taskflow_api_etl_virtualenv to None
[2021-08-18 09:13:12,185] {scheduler_job.py:190} INFO - Processing /home/airflow/.local/lib/python3.6/site-packages/airflow/example_dags/tutorial_taskflow_api_etl_virtualenv.py took 0.366 seconds
[2021-08-18 09:13:47,013] {scheduler_job.py:182} INFO - Started process (PID=1596) to work on /home/airflow/.local/lib/python3.6/site-packages/airflow/example_dags/tutorial_taskflow_api_etl_virtualenv.py
[2021-08-18 09:13:47,018] {scheduler_job.py:633} INFO - Processing file /home/airflow/.local/lib/python3.6/site-packages/airflow/example_dags/tutorial_taskflow_api_etl_virtualenv.py for tasks to queue
[2021-08-18 09:13:47,020] {logging_mixin.py:104} INFO - [2021-08-18 09:13:47,019] {dagbag.py:487} INFO - Filling up the DagBag from /home/airflow/.local/lib/python3.6/site-packages/airflow/example_dags/tutorial_taskflow_api_etl_virtualenv.py
[2021-08-18 09:13:47,082] {scheduler_job.py:643} INFO - DAG(s) dict_keys(['tutorial_taskflow_api_etl_virtualenv']) retrieved from /home/airflow/.local/lib/python3.6/site-packages/airflow/example_dags/tutorial_taskflow_api_etl_virtualenv.py
[2021-08-18 09:13:47,611] {logging_mixin.py:104} INFO - [2021-08-18 09:13:47,611] {dag.py:1832} INFO - Sync 1 DAGs
[2021-08-18 09:13:47,624] {logging_mixin.py:104} INFO - [2021-08-18 09:13:47,624] {dag.py:2305} INFO - Setting next_dagrun for tutorial_taskflow_api_etl_virtualenv to None
[2021-08-18 09:13:47,640] {scheduler_job.py:190} INFO - Processing /home/airflow/.local/lib/python3.6/site-packages/airflow/example_dags/tutorial_taskflow_api_etl_virtualenv.py took 0.634 seconds
[2021-08-18 09:14:18,064] {scheduler_job.py:182} INFO - Started process (PID=1663) to work on /home/airflow/.local/lib/python3.6/site-packages/airflow/example_dags/tutorial_taskflow_api_etl_virtualenv.py
[2021-08-18 09:14:18,066] {scheduler_job.py:633} INFO - Processing file /home/airflow/.local/lib/python3.6/site-packages/airflow/example_dags/tutorial_taskflow_api_etl_virtualenv.py for tasks to queue
[2021-08-18 09:14:18,067] {logging_mixin.py:104} INFO - [2021-08-18 09:14:18,067] {dagbag.py:487} INFO - Filling up the DagBag from /home/airflow/.local/lib/python3.6/site-packages/airflow/example_dags/tutorial_taskflow_api_etl_virtualenv.py
[2021-08-18 09:14:18,090] {scheduler_job.py:643} INFO - DAG(s) dict_keys(['tutorial_taskflow_api_etl_virtualenv']) retrieved from /home/airflow/.local/lib/python3.6/site-packages/airflow/example_dags/tutorial_taskflow_api_etl_virtualenv.py
[2021-08-18 09:14:18,505] {logging_mixin.py:104} INFO - [2021-08-18 09:14:18,505] {dag.py:1832} INFO - Sync 1 DAGs
[2021-08-18 09:14:18,519] {logging_mixin.py:104} INFO - [2021-08-18 09:14:18,519] {dag.py:2305} INFO - Setting next_dagrun for tutorial_taskflow_api_etl_virtualenv to None
[2021-08-18 09:14:18,533] {scheduler_job.py:190} INFO - Processing /home/airflow/.local/lib/python3.6/site-packages/airflow/example_dags/tutorial_taskflow_api_etl_virtualenv.py took 0.473 seconds
[2021-08-18 09:14:49,168] {scheduler_job.py:182} INFO - Started process (PID=1740) to work on /home/airflow/.local/lib/python3.6/site-packages/airflow/example_dags/tutorial_taskflow_api_etl_virtualenv.py
[2021-08-18 09:14:49,169] {scheduler_job.py:633} INFO - Processing file /home/airflow/.local/lib/python3.6/site-packages/airflow/example_dags/tutorial_taskflow_api_etl_virtualenv.py for tasks to queue
[2021-08-18 09:14:49,171] {logging_mixin.py:104} INFO - [2021-08-18 09:14:49,171] {dagbag.py:487} INFO - Filling up the DagBag from /home/airflow/.local/lib/python3.6/site-packages/airflow/example_dags/tutorial_taskflow_api_etl_virtualenv.py
[2021-08-18 09:14:49,193] {scheduler_job.py:643} INFO - DAG(s) dict_keys(['tutorial_taskflow_api_etl_virtualenv']) retrieved from /home/airflow/.local/lib/python3.6/site-packages/airflow/example_dags/tutorial_taskflow_api_etl_virtualenv.py
[2021-08-18 09:14:49,483] {logging_mixin.py:104} INFO - [2021-08-18 09:14:49,483] {dag.py:1832} INFO - Sync 1 DAGs
[2021-08-18 09:14:49,496] {logging_mixin.py:104} INFO - [2021-08-18 09:14:49,495] {dag.py:2305} INFO - Setting next_dagrun for tutorial_taskflow_api_etl_virtualenv to None
[2021-08-18 09:14:49,507] {scheduler_job.py:190} INFO - Processing /home/airflow/.local/lib/python3.6/site-packages/airflow/example_dags/tutorial_taskflow_api_etl_virtualenv.py took 0.345 seconds
[2021-08-18 09:15:20,130] {scheduler_job.py:182} INFO - Started process (PID=1818) to work on /home/airflow/.local/lib/python3.6/site-packages/airflow/example_dags/tutorial_taskflow_api_etl_virtualenv.py
[2021-08-18 09:15:20,131] {scheduler_job.py:633} INFO - Processing file /home/airflow/.local/lib/python3.6/site-packages/airflow/example_dags/tutorial_taskflow_api_etl_virtualenv.py for tasks to queue
[2021-08-18 09:15:20,133] {logging_mixin.py:104} INFO - [2021-08-18 09:15:20,132] {dagbag.py:487} INFO - Filling up the DagBag from /home/airflow/.local/lib/python3.6/site-packages/airflow/example_dags/tutorial_taskflow_api_etl_virtualenv.py
[2021-08-18 09:15:20,153] {scheduler_job.py:643} INFO - DAG(s) dict_keys(['tutorial_taskflow_api_etl_virtualenv']) retrieved from /home/airflow/.local/lib/python3.6/site-packages/airflow/example_dags/tutorial_taskflow_api_etl_virtualenv.py
[2021-08-18 09:15:20,433] {logging_mixin.py:104} INFO - [2021-08-18 09:15:20,432] {dag.py:1832} INFO - Sync 1 DAGs
[2021-08-18 09:15:20,446] {logging_mixin.py:104} INFO - [2021-08-18 09:15:20,446] {dag.py:2305} INFO - Setting next_dagrun for tutorial_taskflow_api_etl_virtualenv to None
[2021-08-18 09:15:20,458] {scheduler_job.py:190} INFO - Processing /home/airflow/.local/lib/python3.6/site-packages/airflow/example_dags/tutorial_taskflow_api_etl_virtualenv.py took 0.332 seconds
[2021-08-18 09:15:50,556] {scheduler_job.py:182} INFO - Started process (PID=1879) to work on /home/airflow/.local/lib/python3.6/site-packages/airflow/example_dags/tutorial_taskflow_api_etl_virtualenv.py
[2021-08-18 09:15:50,558] {scheduler_job.py:633} INFO - Processing file /home/airflow/.local/lib/python3.6/site-packages/airflow/example_dags/tutorial_taskflow_api_etl_virtualenv.py for tasks to queue
[2021-08-18 09:15:50,559] {logging_mixin.py:104} INFO - [2021-08-18 09:15:50,559] {dagbag.py:487} INFO - Filling up the DagBag from /home/airflow/.local/lib/python3.6/site-packages/airflow/example_dags/tutorial_taskflow_api_etl_virtualenv.py
[2021-08-18 09:15:50,585] {scheduler_job.py:643} INFO - DAG(s) dict_keys(['tutorial_taskflow_api_etl_virtualenv']) retrieved from /home/airflow/.local/lib/python3.6/site-packages/airflow/example_dags/tutorial_taskflow_api_etl_virtualenv.py
[2021-08-18 09:15:50,865] {logging_mixin.py:104} INFO - [2021-08-18 09:15:50,865] {dag.py:1832} INFO - Sync 1 DAGs
[2021-08-18 09:15:50,876] {logging_mixin.py:104} INFO - [2021-08-18 09:15:50,876] {dag.py:2305} INFO - Setting next_dagrun for tutorial_taskflow_api_etl_virtualenv to None
[2021-08-18 09:15:50,886] {scheduler_job.py:190} INFO - Processing /home/airflow/.local/lib/python3.6/site-packages/airflow/example_dags/tutorial_taskflow_api_etl_virtualenv.py took 0.335 seconds
[2021-08-18 09:16:21,075] {scheduler_job.py:182} INFO - Started process (PID=1955) to work on /home/airflow/.local/lib/python3.6/site-packages/airflow/example_dags/tutorial_taskflow_api_etl_virtualenv.py
[2021-08-18 09:16:21,077] {scheduler_job.py:633} INFO - Processing file /home/airflow/.local/lib/python3.6/site-packages/airflow/example_dags/tutorial_taskflow_api_etl_virtualenv.py for tasks to queue
[2021-08-18 09:16:21,078] {logging_mixin.py:104} INFO - [2021-08-18 09:16:21,078] {dagbag.py:487} INFO - Filling up the DagBag from /home/airflow/.local/lib/python3.6/site-packages/airflow/example_dags/tutorial_taskflow_api_etl_virtualenv.py
[2021-08-18 09:16:21,099] {scheduler_job.py:643} INFO - DAG(s) dict_keys(['tutorial_taskflow_api_etl_virtualenv']) retrieved from /home/airflow/.local/lib/python3.6/site-packages/airflow/example_dags/tutorial_taskflow_api_etl_virtualenv.py
[2021-08-18 09:16:21,371] {logging_mixin.py:104} INFO - [2021-08-18 09:16:21,371] {dag.py:1832} INFO - Sync 1 DAGs
[2021-08-18 09:16:21,383] {logging_mixin.py:104} INFO - [2021-08-18 09:16:21,383] {dag.py:2305} INFO - Setting next_dagrun for tutorial_taskflow_api_etl_virtualenv to None
[2021-08-18 09:16:21,393] {scheduler_job.py:190} INFO - Processing /home/airflow/.local/lib/python3.6/site-packages/airflow/example_dags/tutorial_taskflow_api_etl_virtualenv.py took 0.323 seconds
[2021-08-18 09:16:51,923] {scheduler_job.py:182} INFO - Started process (PID=2017) to work on /home/airflow/.local/lib/python3.6/site-packages/airflow/example_dags/tutorial_taskflow_api_etl_virtualenv.py
[2021-08-18 09:16:51,925] {scheduler_job.py:633} INFO - Processing file /home/airflow/.local/lib/python3.6/site-packages/airflow/example_dags/tutorial_taskflow_api_etl_virtualenv.py for tasks to queue
[2021-08-18 09:16:51,927] {logging_mixin.py:104} INFO - [2021-08-18 09:16:51,927] {dagbag.py:487} INFO - Filling up the DagBag from /home/airflow/.local/lib/python3.6/site-packages/airflow/example_dags/tutorial_taskflow_api_etl_virtualenv.py
[2021-08-18 09:16:51,954] {scheduler_job.py:643} INFO - DAG(s) dict_keys(['tutorial_taskflow_api_etl_virtualenv']) retrieved from /home/airflow/.local/lib/python3.6/site-packages/airflow/example_dags/tutorial_taskflow_api_etl_virtualenv.py
[2021-08-18 09:16:52,301] {logging_mixin.py:104} INFO - [2021-08-18 09:16:52,301] {dag.py:1832} INFO - Sync 1 DAGs
[2021-08-18 09:16:52,316] {logging_mixin.py:104} INFO - [2021-08-18 09:16:52,316] {dag.py:2305} INFO - Setting next_dagrun for tutorial_taskflow_api_etl_virtualenv to None
[2021-08-18 09:16:52,331] {scheduler_job.py:190} INFO - Processing /home/airflow/.local/lib/python3.6/site-packages/airflow/example_dags/tutorial_taskflow_api_etl_virtualenv.py took 0.414 seconds
[2021-08-18 09:17:35,538] {scheduler_job.py:182} INFO - Started process (PID=46) to work on /home/airflow/.local/lib/python3.6/site-packages/airflow/example_dags/tutorial_taskflow_api_etl_virtualenv.py
[2021-08-18 09:17:35,540] {scheduler_job.py:633} INFO - Processing file /home/airflow/.local/lib/python3.6/site-packages/airflow/example_dags/tutorial_taskflow_api_etl_virtualenv.py for tasks to queue
[2021-08-18 09:17:35,541] {logging_mixin.py:104} INFO - [2021-08-18 09:17:35,541] {dagbag.py:487} INFO - Filling up the DagBag from /home/airflow/.local/lib/python3.6/site-packages/airflow/example_dags/tutorial_taskflow_api_etl_virtualenv.py
[2021-08-18 09:17:35,557] {scheduler_job.py:643} INFO - DAG(s) dict_keys(['tutorial_taskflow_api_etl_virtualenv']) retrieved from /home/airflow/.local/lib/python3.6/site-packages/airflow/example_dags/tutorial_taskflow_api_etl_virtualenv.py
[2021-08-18 09:17:35,735] {logging_mixin.py:104} INFO - [2021-08-18 09:17:35,735] {dag.py:1832} INFO - Sync 1 DAGs
[2021-08-18 09:17:35,749] {logging_mixin.py:104} INFO - [2021-08-18 09:17:35,749] {dag.py:2305} INFO - Setting next_dagrun for tutorial_taskflow_api_etl_virtualenv to None
[2021-08-18 09:17:35,760] {scheduler_job.py:190} INFO - Processing /home/airflow/.local/lib/python3.6/site-packages/airflow/example_dags/tutorial_taskflow_api_etl_virtualenv.py took 0.225 seconds
[2021-08-18 09:18:06,427] {scheduler_job.py:182} INFO - Started process (PID=123) to work on /home/airflow/.local/lib/python3.6/site-packages/airflow/example_dags/tutorial_taskflow_api_etl_virtualenv.py
[2021-08-18 09:18:06,429] {scheduler_job.py:633} INFO - Processing file /home/airflow/.local/lib/python3.6/site-packages/airflow/example_dags/tutorial_taskflow_api_etl_virtualenv.py for tasks to queue
[2021-08-18 09:18:06,430] {logging_mixin.py:104} INFO - [2021-08-18 09:18:06,430] {dagbag.py:487} INFO - Filling up the DagBag from /home/airflow/.local/lib/python3.6/site-packages/airflow/example_dags/tutorial_taskflow_api_etl_virtualenv.py
[2021-08-18 09:18:06,448] {scheduler_job.py:643} INFO - DAG(s) dict_keys(['tutorial_taskflow_api_etl_virtualenv']) retrieved from /home/airflow/.local/lib/python3.6/site-packages/airflow/example_dags/tutorial_taskflow_api_etl_virtualenv.py
[2021-08-18 09:18:06,653] {logging_mixin.py:104} INFO - [2021-08-18 09:18:06,653] {dag.py:1832} INFO - Sync 1 DAGs
[2021-08-18 09:18:06,665] {logging_mixin.py:104} INFO - [2021-08-18 09:18:06,665] {dag.py:2305} INFO - Setting next_dagrun for tutorial_taskflow_api_etl_virtualenv to None
[2021-08-18 09:18:06,674] {scheduler_job.py:190} INFO - Processing /home/airflow/.local/lib/python3.6/site-packages/airflow/example_dags/tutorial_taskflow_api_etl_virtualenv.py took 0.250 seconds
[2021-08-18 09:18:37,712] {scheduler_job.py:182} INFO - Started process (PID=186) to work on /home/airflow/.local/lib/python3.6/site-packages/airflow/example_dags/tutorial_taskflow_api_etl_virtualenv.py
[2021-08-18 09:18:37,715] {scheduler_job.py:633} INFO - Processing file /home/airflow/.local/lib/python3.6/site-packages/airflow/example_dags/tutorial_taskflow_api_etl_virtualenv.py for tasks to queue
[2021-08-18 09:18:37,718] {logging_mixin.py:104} INFO - [2021-08-18 09:18:37,718] {dagbag.py:487} INFO - Filling up the DagBag from /home/airflow/.local/lib/python3.6/site-packages/airflow/example_dags/tutorial_taskflow_api_etl_virtualenv.py
[2021-08-18 09:18:37,744] {scheduler_job.py:643} INFO - DAG(s) dict_keys(['tutorial_taskflow_api_etl_virtualenv']) retrieved from /home/airflow/.local/lib/python3.6/site-packages/airflow/example_dags/tutorial_taskflow_api_etl_virtualenv.py
[2021-08-18 09:18:38,016] {logging_mixin.py:104} INFO - [2021-08-18 09:18:38,016] {dag.py:1832} INFO - Sync 1 DAGs
[2021-08-18 09:18:38,034] {logging_mixin.py:104} INFO - [2021-08-18 09:18:38,034] {dag.py:2305} INFO - Setting next_dagrun for tutorial_taskflow_api_etl_virtualenv to None
[2021-08-18 09:18:38,049] {scheduler_job.py:190} INFO - Processing /home/airflow/.local/lib/python3.6/site-packages/airflow/example_dags/tutorial_taskflow_api_etl_virtualenv.py took 0.343 seconds
[2021-08-18 09:19:08,102] {scheduler_job.py:182} INFO - Started process (PID=267) to work on /home/airflow/.local/lib/python3.6/site-packages/airflow/example_dags/tutorial_taskflow_api_etl_virtualenv.py
[2021-08-18 09:19:08,105] {scheduler_job.py:633} INFO - Processing file /home/airflow/.local/lib/python3.6/site-packages/airflow/example_dags/tutorial_taskflow_api_etl_virtualenv.py for tasks to queue
[2021-08-18 09:19:08,106] {logging_mixin.py:104} INFO - [2021-08-18 09:19:08,106] {dagbag.py:487} INFO - Filling up the DagBag from /home/airflow/.local/lib/python3.6/site-packages/airflow/example_dags/tutorial_taskflow_api_etl_virtualenv.py
[2021-08-18 09:19:08,127] {scheduler_job.py:643} INFO - DAG(s) dict_keys(['tutorial_taskflow_api_etl_virtualenv']) retrieved from /home/airflow/.local/lib/python3.6/site-packages/airflow/example_dags/tutorial_taskflow_api_etl_virtualenv.py
[2021-08-18 09:19:08,417] {logging_mixin.py:104} INFO - [2021-08-18 09:19:08,417] {dag.py:1832} INFO - Sync 1 DAGs
[2021-08-18 09:19:08,439] {logging_mixin.py:104} INFO - [2021-08-18 09:19:08,439] {dag.py:2305} INFO - Setting next_dagrun for tutorial_taskflow_api_etl_virtualenv to None
[2021-08-18 09:19:08,454] {scheduler_job.py:190} INFO - Processing /home/airflow/.local/lib/python3.6/site-packages/airflow/example_dags/tutorial_taskflow_api_etl_virtualenv.py took 0.356 seconds
[2021-08-18 09:19:38,568] {scheduler_job.py:182} INFO - Started process (PID=340) to work on /home/airflow/.local/lib/python3.6/site-packages/airflow/example_dags/tutorial_taskflow_api_etl_virtualenv.py
[2021-08-18 09:19:38,570] {scheduler_job.py:633} INFO - Processing file /home/airflow/.local/lib/python3.6/site-packages/airflow/example_dags/tutorial_taskflow_api_etl_virtualenv.py for tasks to queue
[2021-08-18 09:19:38,571] {logging_mixin.py:104} INFO - [2021-08-18 09:19:38,571] {dagbag.py:487} INFO - Filling up the DagBag from /home/airflow/.local/lib/python3.6/site-packages/airflow/example_dags/tutorial_taskflow_api_etl_virtualenv.py
[2021-08-18 09:19:38,591] {scheduler_job.py:643} INFO - DAG(s) dict_keys(['tutorial_taskflow_api_etl_virtualenv']) retrieved from /home/airflow/.local/lib/python3.6/site-packages/airflow/example_dags/tutorial_taskflow_api_etl_virtualenv.py
[2021-08-18 09:19:38,829] {logging_mixin.py:104} INFO - [2021-08-18 09:19:38,829] {dag.py:1832} INFO - Sync 1 DAGs
[2021-08-18 09:19:38,844] {logging_mixin.py:104} INFO - [2021-08-18 09:19:38,844] {dag.py:2305} INFO - Setting next_dagrun for tutorial_taskflow_api_etl_virtualenv to None
[2021-08-18 09:19:38,855] {scheduler_job.py:190} INFO - Processing /home/airflow/.local/lib/python3.6/site-packages/airflow/example_dags/tutorial_taskflow_api_etl_virtualenv.py took 0.292 seconds
[2021-08-18 09:20:08,887] {scheduler_job.py:182} INFO - Started process (PID=408) to work on /home/airflow/.local/lib/python3.6/site-packages/airflow/example_dags/tutorial_taskflow_api_etl_virtualenv.py
[2021-08-18 09:20:08,890] {scheduler_job.py:633} INFO - Processing file /home/airflow/.local/lib/python3.6/site-packages/airflow/example_dags/tutorial_taskflow_api_etl_virtualenv.py for tasks to queue
[2021-08-18 09:20:08,893] {logging_mixin.py:104} INFO - [2021-08-18 09:20:08,892] {dagbag.py:487} INFO - Filling up the DagBag from /home/airflow/.local/lib/python3.6/site-packages/airflow/example_dags/tutorial_taskflow_api_etl_virtualenv.py
[2021-08-18 09:20:08,915] {scheduler_job.py:643} INFO - DAG(s) dict_keys(['tutorial_taskflow_api_etl_virtualenv']) retrieved from /home/airflow/.local/lib/python3.6/site-packages/airflow/example_dags/tutorial_taskflow_api_etl_virtualenv.py
[2021-08-18 09:20:09,136] {logging_mixin.py:104} INFO - [2021-08-18 09:20:09,136] {dag.py:1832} INFO - Sync 1 DAGs
[2021-08-18 09:20:09,151] {logging_mixin.py:104} INFO - [2021-08-18 09:20:09,151] {dag.py:2305} INFO - Setting next_dagrun for tutorial_taskflow_api_etl_virtualenv to None
[2021-08-18 09:20:09,163] {scheduler_job.py:190} INFO - Processing /home/airflow/.local/lib/python3.6/site-packages/airflow/example_dags/tutorial_taskflow_api_etl_virtualenv.py took 0.281 seconds
[2021-08-18 09:20:39,247] {scheduler_job.py:182} INFO - Started process (PID=481) to work on /home/airflow/.local/lib/python3.6/site-packages/airflow/example_dags/tutorial_taskflow_api_etl_virtualenv.py
[2021-08-18 09:20:39,250] {scheduler_job.py:633} INFO - Processing file /home/airflow/.local/lib/python3.6/site-packages/airflow/example_dags/tutorial_taskflow_api_etl_virtualenv.py for tasks to queue
[2021-08-18 09:20:39,252] {logging_mixin.py:104} INFO - [2021-08-18 09:20:39,251] {dagbag.py:487} INFO - Filling up the DagBag from /home/airflow/.local/lib/python3.6/site-packages/airflow/example_dags/tutorial_taskflow_api_etl_virtualenv.py
[2021-08-18 09:20:39,272] {scheduler_job.py:643} INFO - DAG(s) dict_keys(['tutorial_taskflow_api_etl_virtualenv']) retrieved from /home/airflow/.local/lib/python3.6/site-packages/airflow/example_dags/tutorial_taskflow_api_etl_virtualenv.py
[2021-08-18 09:20:39,526] {logging_mixin.py:104} INFO - [2021-08-18 09:20:39,525] {dag.py:1832} INFO - Sync 1 DAGs
[2021-08-18 09:20:39,542] {logging_mixin.py:104} INFO - [2021-08-18 09:20:39,542] {dag.py:2305} INFO - Setting next_dagrun for tutorial_taskflow_api_etl_virtualenv to None
[2021-08-18 09:20:39,557] {scheduler_job.py:190} INFO - Processing /home/airflow/.local/lib/python3.6/site-packages/airflow/example_dags/tutorial_taskflow_api_etl_virtualenv.py took 0.314 seconds
[2021-08-18 09:21:09,646] {scheduler_job.py:182} INFO - Started process (PID=544) to work on /home/airflow/.local/lib/python3.6/site-packages/airflow/example_dags/tutorial_taskflow_api_etl_virtualenv.py
[2021-08-18 09:21:09,648] {scheduler_job.py:633} INFO - Processing file /home/airflow/.local/lib/python3.6/site-packages/airflow/example_dags/tutorial_taskflow_api_etl_virtualenv.py for tasks to queue
[2021-08-18 09:21:09,649] {logging_mixin.py:104} INFO - [2021-08-18 09:21:09,649] {dagbag.py:487} INFO - Filling up the DagBag from /home/airflow/.local/lib/python3.6/site-packages/airflow/example_dags/tutorial_taskflow_api_etl_virtualenv.py
[2021-08-18 09:21:09,668] {scheduler_job.py:643} INFO - DAG(s) dict_keys(['tutorial_taskflow_api_etl_virtualenv']) retrieved from /home/airflow/.local/lib/python3.6/site-packages/airflow/example_dags/tutorial_taskflow_api_etl_virtualenv.py
[2021-08-18 09:21:09,882] {logging_mixin.py:104} INFO - [2021-08-18 09:21:09,882] {dag.py:1832} INFO - Sync 1 DAGs
[2021-08-18 09:21:09,898] {logging_mixin.py:104} INFO - [2021-08-18 09:21:09,897] {dag.py:2305} INFO - Setting next_dagrun for tutorial_taskflow_api_etl_virtualenv to None
[2021-08-18 09:21:09,911] {scheduler_job.py:190} INFO - Processing /home/airflow/.local/lib/python3.6/site-packages/airflow/example_dags/tutorial_taskflow_api_etl_virtualenv.py took 0.269 seconds
[2021-08-18 09:21:40,119] {scheduler_job.py:182} INFO - Started process (PID=625) to work on /home/airflow/.local/lib/python3.6/site-packages/airflow/example_dags/tutorial_taskflow_api_etl_virtualenv.py
[2021-08-18 09:21:40,121] {scheduler_job.py:633} INFO - Processing file /home/airflow/.local/lib/python3.6/site-packages/airflow/example_dags/tutorial_taskflow_api_etl_virtualenv.py for tasks to queue
[2021-08-18 09:21:40,123] {logging_mixin.py:104} INFO - [2021-08-18 09:21:40,123] {dagbag.py:487} INFO - Filling up the DagBag from /home/airflow/.local/lib/python3.6/site-packages/airflow/example_dags/tutorial_taskflow_api_etl_virtualenv.py
[2021-08-18 09:21:40,142] {scheduler_job.py:643} INFO - DAG(s) dict_keys(['tutorial_taskflow_api_etl_virtualenv']) retrieved from /home/airflow/.local/lib/python3.6/site-packages/airflow/example_dags/tutorial_taskflow_api_etl_virtualenv.py
[2021-08-18 09:21:40,362] {logging_mixin.py:104} INFO - [2021-08-18 09:21:40,362] {dag.py:1832} INFO - Sync 1 DAGs
[2021-08-18 09:21:40,383] {logging_mixin.py:104} INFO - [2021-08-18 09:21:40,382] {dag.py:2305} INFO - Setting next_dagrun for tutorial_taskflow_api_etl_virtualenv to None
[2021-08-18 09:21:40,395] {scheduler_job.py:190} INFO - Processing /home/airflow/.local/lib/python3.6/site-packages/airflow/example_dags/tutorial_taskflow_api_etl_virtualenv.py took 0.280 seconds
[2021-08-18 09:22:11,366] {scheduler_job.py:182} INFO - Started process (PID=699) to work on /home/airflow/.local/lib/python3.6/site-packages/airflow/example_dags/tutorial_taskflow_api_etl_virtualenv.py
[2021-08-18 09:22:11,368] {scheduler_job.py:633} INFO - Processing file /home/airflow/.local/lib/python3.6/site-packages/airflow/example_dags/tutorial_taskflow_api_etl_virtualenv.py for tasks to queue
[2021-08-18 09:22:11,369] {logging_mixin.py:104} INFO - [2021-08-18 09:22:11,369] {dagbag.py:487} INFO - Filling up the DagBag from /home/airflow/.local/lib/python3.6/site-packages/airflow/example_dags/tutorial_taskflow_api_etl_virtualenv.py
[2021-08-18 09:22:11,385] {scheduler_job.py:643} INFO - DAG(s) dict_keys(['tutorial_taskflow_api_etl_virtualenv']) retrieved from /home/airflow/.local/lib/python3.6/site-packages/airflow/example_dags/tutorial_taskflow_api_etl_virtualenv.py
[2021-08-18 09:22:11,594] {logging_mixin.py:104} INFO - [2021-08-18 09:22:11,594] {dag.py:1832} INFO - Sync 1 DAGs
[2021-08-18 09:22:11,611] {logging_mixin.py:104} INFO - [2021-08-18 09:22:11,611] {dag.py:2305} INFO - Setting next_dagrun for tutorial_taskflow_api_etl_virtualenv to None
[2021-08-18 09:22:11,625] {scheduler_job.py:190} INFO - Processing /home/airflow/.local/lib/python3.6/site-packages/airflow/example_dags/tutorial_taskflow_api_etl_virtualenv.py took 0.263 seconds
[2021-08-18 09:22:41,695] {scheduler_job.py:182} INFO - Started process (PID=765) to work on /home/airflow/.local/lib/python3.6/site-packages/airflow/example_dags/tutorial_taskflow_api_etl_virtualenv.py
[2021-08-18 09:22:41,697] {scheduler_job.py:633} INFO - Processing file /home/airflow/.local/lib/python3.6/site-packages/airflow/example_dags/tutorial_taskflow_api_etl_virtualenv.py for tasks to queue
[2021-08-18 09:22:41,698] {logging_mixin.py:104} INFO - [2021-08-18 09:22:41,698] {dagbag.py:487} INFO - Filling up the DagBag from /home/airflow/.local/lib/python3.6/site-packages/airflow/example_dags/tutorial_taskflow_api_etl_virtualenv.py
[2021-08-18 09:22:41,717] {scheduler_job.py:643} INFO - DAG(s) dict_keys(['tutorial_taskflow_api_etl_virtualenv']) retrieved from /home/airflow/.local/lib/python3.6/site-packages/airflow/example_dags/tutorial_taskflow_api_etl_virtualenv.py
[2021-08-18 09:22:41,893] {logging_mixin.py:104} INFO - [2021-08-18 09:22:41,893] {dag.py:1832} INFO - Sync 1 DAGs
[2021-08-18 09:22:41,908] {logging_mixin.py:104} INFO - [2021-08-18 09:22:41,907] {dag.py:2305} INFO - Setting next_dagrun for tutorial_taskflow_api_etl_virtualenv to None
[2021-08-18 09:22:41,919] {scheduler_job.py:190} INFO - Processing /home/airflow/.local/lib/python3.6/site-packages/airflow/example_dags/tutorial_taskflow_api_etl_virtualenv.py took 0.228 seconds
[2021-08-18 09:23:12,839] {scheduler_job.py:182} INFO - Started process (PID=842) to work on /home/airflow/.local/lib/python3.6/site-packages/airflow/example_dags/tutorial_taskflow_api_etl_virtualenv.py
[2021-08-18 09:23:12,841] {scheduler_job.py:633} INFO - Processing file /home/airflow/.local/lib/python3.6/site-packages/airflow/example_dags/tutorial_taskflow_api_etl_virtualenv.py for tasks to queue
[2021-08-18 09:23:12,843] {logging_mixin.py:104} INFO - [2021-08-18 09:23:12,843] {dagbag.py:487} INFO - Filling up the DagBag from /home/airflow/.local/lib/python3.6/site-packages/airflow/example_dags/tutorial_taskflow_api_etl_virtualenv.py
[2021-08-18 09:23:12,866] {scheduler_job.py:643} INFO - DAG(s) dict_keys(['tutorial_taskflow_api_etl_virtualenv']) retrieved from /home/airflow/.local/lib/python3.6/site-packages/airflow/example_dags/tutorial_taskflow_api_etl_virtualenv.py
[2021-08-18 09:23:13,123] {logging_mixin.py:104} INFO - [2021-08-18 09:23:13,123] {dag.py:1832} INFO - Sync 1 DAGs
[2021-08-18 09:23:13,138] {logging_mixin.py:104} INFO - [2021-08-18 09:23:13,138] {dag.py:2305} INFO - Setting next_dagrun for tutorial_taskflow_api_etl_virtualenv to None
[2021-08-18 09:23:13,149] {scheduler_job.py:190} INFO - Processing /home/airflow/.local/lib/python3.6/site-packages/airflow/example_dags/tutorial_taskflow_api_etl_virtualenv.py took 0.314 seconds
[2021-08-18 09:23:43,448] {scheduler_job.py:182} INFO - Started process (PID=923) to work on /home/airflow/.local/lib/python3.6/site-packages/airflow/example_dags/tutorial_taskflow_api_etl_virtualenv.py
[2021-08-18 09:23:43,470] {scheduler_job.py:633} INFO - Processing file /home/airflow/.local/lib/python3.6/site-packages/airflow/example_dags/tutorial_taskflow_api_etl_virtualenv.py for tasks to queue
[2021-08-18 09:23:43,471] {logging_mixin.py:104} INFO - [2021-08-18 09:23:43,471] {dagbag.py:487} INFO - Filling up the DagBag from /home/airflow/.local/lib/python3.6/site-packages/airflow/example_dags/tutorial_taskflow_api_etl_virtualenv.py
[2021-08-18 09:23:43,490] {scheduler_job.py:643} INFO - DAG(s) dict_keys(['tutorial_taskflow_api_etl_virtualenv']) retrieved from /home/airflow/.local/lib/python3.6/site-packages/airflow/example_dags/tutorial_taskflow_api_etl_virtualenv.py
[2021-08-18 09:23:43,721] {logging_mixin.py:104} INFO - [2021-08-18 09:23:43,720] {dag.py:1832} INFO - Sync 1 DAGs
[2021-08-18 09:23:43,738] {logging_mixin.py:104} INFO - [2021-08-18 09:23:43,738] {dag.py:2305} INFO - Setting next_dagrun for tutorial_taskflow_api_etl_virtualenv to None
[2021-08-18 09:23:43,768] {scheduler_job.py:190} INFO - Processing /home/airflow/.local/lib/python3.6/site-packages/airflow/example_dags/tutorial_taskflow_api_etl_virtualenv.py took 0.327 seconds
[2021-08-18 09:24:14,645] {scheduler_job.py:182} INFO - Started process (PID=994) to work on /home/airflow/.local/lib/python3.6/site-packages/airflow/example_dags/tutorial_taskflow_api_etl_virtualenv.py
[2021-08-18 09:24:14,646] {scheduler_job.py:633} INFO - Processing file /home/airflow/.local/lib/python3.6/site-packages/airflow/example_dags/tutorial_taskflow_api_etl_virtualenv.py for tasks to queue
[2021-08-18 09:24:14,647] {logging_mixin.py:104} INFO - [2021-08-18 09:24:14,647] {dagbag.py:487} INFO - Filling up the DagBag from /home/airflow/.local/lib/python3.6/site-packages/airflow/example_dags/tutorial_taskflow_api_etl_virtualenv.py
[2021-08-18 09:24:14,661] {scheduler_job.py:643} INFO - DAG(s) dict_keys(['tutorial_taskflow_api_etl_virtualenv']) retrieved from /home/airflow/.local/lib/python3.6/site-packages/airflow/example_dags/tutorial_taskflow_api_etl_virtualenv.py
[2021-08-18 09:24:14,877] {logging_mixin.py:104} INFO - [2021-08-18 09:24:14,877] {dag.py:1832} INFO - Sync 1 DAGs
[2021-08-18 09:24:14,889] {logging_mixin.py:104} INFO - [2021-08-18 09:24:14,889] {dag.py:2305} INFO - Setting next_dagrun for tutorial_taskflow_api_etl_virtualenv to None
[2021-08-18 09:24:14,898] {scheduler_job.py:190} INFO - Processing /home/airflow/.local/lib/python3.6/site-packages/airflow/example_dags/tutorial_taskflow_api_etl_virtualenv.py took 0.257 seconds
[2021-08-18 09:24:45,193] {scheduler_job.py:182} INFO - Started process (PID=1072) to work on /home/airflow/.local/lib/python3.6/site-packages/airflow/example_dags/tutorial_taskflow_api_etl_virtualenv.py
[2021-08-18 09:24:45,196] {scheduler_job.py:633} INFO - Processing file /home/airflow/.local/lib/python3.6/site-packages/airflow/example_dags/tutorial_taskflow_api_etl_virtualenv.py for tasks to queue
[2021-08-18 09:24:45,197] {logging_mixin.py:104} INFO - [2021-08-18 09:24:45,197] {dagbag.py:487} INFO - Filling up the DagBag from /home/airflow/.local/lib/python3.6/site-packages/airflow/example_dags/tutorial_taskflow_api_etl_virtualenv.py
[2021-08-18 09:24:45,216] {scheduler_job.py:643} INFO - DAG(s) dict_keys(['tutorial_taskflow_api_etl_virtualenv']) retrieved from /home/airflow/.local/lib/python3.6/site-packages/airflow/example_dags/tutorial_taskflow_api_etl_virtualenv.py
[2021-08-18 09:24:45,440] {logging_mixin.py:104} INFO - [2021-08-18 09:24:45,440] {dag.py:1832} INFO - Sync 1 DAGs
[2021-08-18 09:24:45,456] {logging_mixin.py:104} INFO - [2021-08-18 09:24:45,456] {dag.py:2305} INFO - Setting next_dagrun for tutorial_taskflow_api_etl_virtualenv to None
[2021-08-18 09:24:45,469] {scheduler_job.py:190} INFO - Processing /home/airflow/.local/lib/python3.6/site-packages/airflow/example_dags/tutorial_taskflow_api_etl_virtualenv.py took 0.279 seconds
[2021-08-18 09:25:16,401] {scheduler_job.py:182} INFO - Started process (PID=1133) to work on /home/airflow/.local/lib/python3.6/site-packages/airflow/example_dags/tutorial_taskflow_api_etl_virtualenv.py
[2021-08-18 09:25:16,403] {scheduler_job.py:633} INFO - Processing file /home/airflow/.local/lib/python3.6/site-packages/airflow/example_dags/tutorial_taskflow_api_etl_virtualenv.py for tasks to queue
[2021-08-18 09:25:16,405] {logging_mixin.py:104} INFO - [2021-08-18 09:25:16,404] {dagbag.py:487} INFO - Filling up the DagBag from /home/airflow/.local/lib/python3.6/site-packages/airflow/example_dags/tutorial_taskflow_api_etl_virtualenv.py
[2021-08-18 09:25:16,423] {scheduler_job.py:643} INFO - DAG(s) dict_keys(['tutorial_taskflow_api_etl_virtualenv']) retrieved from /home/airflow/.local/lib/python3.6/site-packages/airflow/example_dags/tutorial_taskflow_api_etl_virtualenv.py
[2021-08-18 09:25:16,660] {logging_mixin.py:104} INFO - [2021-08-18 09:25:16,660] {dag.py:1832} INFO - Sync 1 DAGs
[2021-08-18 09:25:16,678] {logging_mixin.py:104} INFO - [2021-08-18 09:25:16,677] {dag.py:2305} INFO - Setting next_dagrun for tutorial_taskflow_api_etl_virtualenv to None
[2021-08-18 09:25:16,693] {scheduler_job.py:190} INFO - Processing /home/airflow/.local/lib/python3.6/site-packages/airflow/example_dags/tutorial_taskflow_api_etl_virtualenv.py took 0.296 seconds
[2021-08-18 09:25:46,781] {scheduler_job.py:182} INFO - Started process (PID=1211) to work on /home/airflow/.local/lib/python3.6/site-packages/airflow/example_dags/tutorial_taskflow_api_etl_virtualenv.py
[2021-08-18 09:25:46,783] {scheduler_job.py:633} INFO - Processing file /home/airflow/.local/lib/python3.6/site-packages/airflow/example_dags/tutorial_taskflow_api_etl_virtualenv.py for tasks to queue
[2021-08-18 09:25:46,785] {logging_mixin.py:104} INFO - [2021-08-18 09:25:46,784] {dagbag.py:487} INFO - Filling up the DagBag from /home/airflow/.local/lib/python3.6/site-packages/airflow/example_dags/tutorial_taskflow_api_etl_virtualenv.py
[2021-08-18 09:25:46,804] {scheduler_job.py:643} INFO - DAG(s) dict_keys(['tutorial_taskflow_api_etl_virtualenv']) retrieved from /home/airflow/.local/lib/python3.6/site-packages/airflow/example_dags/tutorial_taskflow_api_etl_virtualenv.py
[2021-08-18 09:25:46,832] {logging_mixin.py:104} INFO - [2021-08-18 09:25:46,832] {dag.py:1832} INFO - Sync 1 DAGs
[2021-08-18 09:25:46,850] {logging_mixin.py:104} INFO - [2021-08-18 09:25:46,850] {dag.py:2305} INFO - Setting next_dagrun for tutorial_taskflow_api_etl_virtualenv to None
[2021-08-18 09:25:46,865] {scheduler_job.py:190} INFO - Processing /home/airflow/.local/lib/python3.6/site-packages/airflow/example_dags/tutorial_taskflow_api_etl_virtualenv.py took 0.089 seconds
[2021-08-18 09:26:17,098] {scheduler_job.py:182} INFO - Started process (PID=1281) to work on /home/airflow/.local/lib/python3.6/site-packages/airflow/example_dags/tutorial_taskflow_api_etl_virtualenv.py
[2021-08-18 09:26:17,108] {scheduler_job.py:633} INFO - Processing file /home/airflow/.local/lib/python3.6/site-packages/airflow/example_dags/tutorial_taskflow_api_etl_virtualenv.py for tasks to queue
[2021-08-18 09:26:17,110] {logging_mixin.py:104} INFO - [2021-08-18 09:26:17,109] {dagbag.py:487} INFO - Filling up the DagBag from /home/airflow/.local/lib/python3.6/site-packages/airflow/example_dags/tutorial_taskflow_api_etl_virtualenv.py
[2021-08-18 09:26:17,124] {scheduler_job.py:643} INFO - DAG(s) dict_keys(['tutorial_taskflow_api_etl_virtualenv']) retrieved from /home/airflow/.local/lib/python3.6/site-packages/airflow/example_dags/tutorial_taskflow_api_etl_virtualenv.py
[2021-08-18 09:26:17,143] {logging_mixin.py:104} INFO - [2021-08-18 09:26:17,143] {dag.py:1832} INFO - Sync 1 DAGs
[2021-08-18 09:26:17,159] {logging_mixin.py:104} INFO - [2021-08-18 09:26:17,159] {dag.py:2305} INFO - Setting next_dagrun for tutorial_taskflow_api_etl_virtualenv to None
[2021-08-18 09:26:17,173] {scheduler_job.py:190} INFO - Processing /home/airflow/.local/lib/python3.6/site-packages/airflow/example_dags/tutorial_taskflow_api_etl_virtualenv.py took 0.078 seconds
[2021-08-18 09:26:48,027] {scheduler_job.py:182} INFO - Started process (PID=1348) to work on /home/airflow/.local/lib/python3.6/site-packages/airflow/example_dags/tutorial_taskflow_api_etl_virtualenv.py
[2021-08-18 09:26:48,030] {scheduler_job.py:633} INFO - Processing file /home/airflow/.local/lib/python3.6/site-packages/airflow/example_dags/tutorial_taskflow_api_etl_virtualenv.py for tasks to queue
[2021-08-18 09:26:48,031] {logging_mixin.py:104} INFO - [2021-08-18 09:26:48,031] {dagbag.py:487} INFO - Filling up the DagBag from /home/airflow/.local/lib/python3.6/site-packages/airflow/example_dags/tutorial_taskflow_api_etl_virtualenv.py
[2021-08-18 09:26:48,050] {scheduler_job.py:643} INFO - DAG(s) dict_keys(['tutorial_taskflow_api_etl_virtualenv']) retrieved from /home/airflow/.local/lib/python3.6/site-packages/airflow/example_dags/tutorial_taskflow_api_etl_virtualenv.py
[2021-08-18 09:26:48,223] {logging_mixin.py:104} INFO - [2021-08-18 09:26:48,223] {dag.py:1832} INFO - Sync 1 DAGs
[2021-08-18 09:26:48,235] {logging_mixin.py:104} INFO - [2021-08-18 09:26:48,235] {dag.py:2305} INFO - Setting next_dagrun for tutorial_taskflow_api_etl_virtualenv to None
[2021-08-18 09:26:48,244] {scheduler_job.py:190} INFO - Processing /home/airflow/.local/lib/python3.6/site-packages/airflow/example_dags/tutorial_taskflow_api_etl_virtualenv.py took 0.222 seconds
[2021-08-18 09:27:18,909] {scheduler_job.py:182} INFO - Started process (PID=1424) to work on /home/airflow/.local/lib/python3.6/site-packages/airflow/example_dags/tutorial_taskflow_api_etl_virtualenv.py
[2021-08-18 09:27:18,911] {scheduler_job.py:633} INFO - Processing file /home/airflow/.local/lib/python3.6/site-packages/airflow/example_dags/tutorial_taskflow_api_etl_virtualenv.py for tasks to queue
[2021-08-18 09:27:18,913] {logging_mixin.py:104} INFO - [2021-08-18 09:27:18,913] {dagbag.py:487} INFO - Filling up the DagBag from /home/airflow/.local/lib/python3.6/site-packages/airflow/example_dags/tutorial_taskflow_api_etl_virtualenv.py
[2021-08-18 09:27:18,934] {scheduler_job.py:643} INFO - DAG(s) dict_keys(['tutorial_taskflow_api_etl_virtualenv']) retrieved from /home/airflow/.local/lib/python3.6/site-packages/airflow/example_dags/tutorial_taskflow_api_etl_virtualenv.py
[2021-08-18 09:27:19,128] {logging_mixin.py:104} INFO - [2021-08-18 09:27:19,128] {dag.py:1832} INFO - Sync 1 DAGs
[2021-08-18 09:27:19,142] {logging_mixin.py:104} INFO - [2021-08-18 09:27:19,141] {dag.py:2305} INFO - Setting next_dagrun for tutorial_taskflow_api_etl_virtualenv to None
[2021-08-18 09:27:19,156] {scheduler_job.py:190} INFO - Processing /home/airflow/.local/lib/python3.6/site-packages/airflow/example_dags/tutorial_taskflow_api_etl_virtualenv.py took 0.251 seconds
[2021-08-18 09:27:49,362] {scheduler_job.py:182} INFO - Started process (PID=1486) to work on /home/airflow/.local/lib/python3.6/site-packages/airflow/example_dags/tutorial_taskflow_api_etl_virtualenv.py
[2021-08-18 09:27:49,364] {scheduler_job.py:633} INFO - Processing file /home/airflow/.local/lib/python3.6/site-packages/airflow/example_dags/tutorial_taskflow_api_etl_virtualenv.py for tasks to queue
[2021-08-18 09:27:49,366] {logging_mixin.py:104} INFO - [2021-08-18 09:27:49,365] {dagbag.py:487} INFO - Filling up the DagBag from /home/airflow/.local/lib/python3.6/site-packages/airflow/example_dags/tutorial_taskflow_api_etl_virtualenv.py
[2021-08-18 09:27:49,384] {scheduler_job.py:643} INFO - DAG(s) dict_keys(['tutorial_taskflow_api_etl_virtualenv']) retrieved from /home/airflow/.local/lib/python3.6/site-packages/airflow/example_dags/tutorial_taskflow_api_etl_virtualenv.py
[2021-08-18 09:27:49,566] {logging_mixin.py:104} INFO - [2021-08-18 09:27:49,566] {dag.py:1832} INFO - Sync 1 DAGs
[2021-08-18 09:27:49,578] {logging_mixin.py:104} INFO - [2021-08-18 09:27:49,578] {dag.py:2305} INFO - Setting next_dagrun for tutorial_taskflow_api_etl_virtualenv to None
[2021-08-18 09:27:49,589] {scheduler_job.py:190} INFO - Processing /home/airflow/.local/lib/python3.6/site-packages/airflow/example_dags/tutorial_taskflow_api_etl_virtualenv.py took 0.231 seconds
[2021-08-18 09:28:20,398] {scheduler_job.py:182} INFO - Started process (PID=1565) to work on /home/airflow/.local/lib/python3.6/site-packages/airflow/example_dags/tutorial_taskflow_api_etl_virtualenv.py
[2021-08-18 09:28:20,401] {scheduler_job.py:633} INFO - Processing file /home/airflow/.local/lib/python3.6/site-packages/airflow/example_dags/tutorial_taskflow_api_etl_virtualenv.py for tasks to queue
[2021-08-18 09:28:20,402] {logging_mixin.py:104} INFO - [2021-08-18 09:28:20,402] {dagbag.py:487} INFO - Filling up the DagBag from /home/airflow/.local/lib/python3.6/site-packages/airflow/example_dags/tutorial_taskflow_api_etl_virtualenv.py
[2021-08-18 09:28:20,421] {scheduler_job.py:643} INFO - DAG(s) dict_keys(['tutorial_taskflow_api_etl_virtualenv']) retrieved from /home/airflow/.local/lib/python3.6/site-packages/airflow/example_dags/tutorial_taskflow_api_etl_virtualenv.py
[2021-08-18 09:28:20,444] {logging_mixin.py:104} INFO - [2021-08-18 09:28:20,444] {dag.py:1832} INFO - Sync 1 DAGs
[2021-08-18 09:28:20,461] {logging_mixin.py:104} INFO - [2021-08-18 09:28:20,461] {dag.py:2305} INFO - Setting next_dagrun for tutorial_taskflow_api_etl_virtualenv to None
[2021-08-18 09:28:20,470] {scheduler_job.py:190} INFO - Processing /home/airflow/.local/lib/python3.6/site-packages/airflow/example_dags/tutorial_taskflow_api_etl_virtualenv.py took 0.077 seconds
[2021-08-18 09:28:51,435] {scheduler_job.py:182} INFO - Started process (PID=1643) to work on /home/airflow/.local/lib/python3.6/site-packages/airflow/example_dags/tutorial_taskflow_api_etl_virtualenv.py
[2021-08-18 09:28:51,439] {scheduler_job.py:633} INFO - Processing file /home/airflow/.local/lib/python3.6/site-packages/airflow/example_dags/tutorial_taskflow_api_etl_virtualenv.py for tasks to queue
[2021-08-18 09:28:51,441] {logging_mixin.py:104} INFO - [2021-08-18 09:28:51,441] {dagbag.py:487} INFO - Filling up the DagBag from /home/airflow/.local/lib/python3.6/site-packages/airflow/example_dags/tutorial_taskflow_api_etl_virtualenv.py
[2021-08-18 09:28:51,460] {scheduler_job.py:643} INFO - DAG(s) dict_keys(['tutorial_taskflow_api_etl_virtualenv']) retrieved from /home/airflow/.local/lib/python3.6/site-packages/airflow/example_dags/tutorial_taskflow_api_etl_virtualenv.py
[2021-08-18 09:28:51,701] {logging_mixin.py:104} INFO - [2021-08-18 09:28:51,701] {dag.py:1832} INFO - Sync 1 DAGs
[2021-08-18 09:28:51,714] {logging_mixin.py:104} INFO - [2021-08-18 09:28:51,714] {dag.py:2305} INFO - Setting next_dagrun for tutorial_taskflow_api_etl_virtualenv to None
[2021-08-18 09:28:51,725] {scheduler_job.py:190} INFO - Processing /home/airflow/.local/lib/python3.6/site-packages/airflow/example_dags/tutorial_taskflow_api_etl_virtualenv.py took 0.294 seconds
[2021-08-18 09:29:21,814] {scheduler_job.py:182} INFO - Started process (PID=1706) to work on /home/airflow/.local/lib/python3.6/site-packages/airflow/example_dags/tutorial_taskflow_api_etl_virtualenv.py
[2021-08-18 09:29:21,817] {scheduler_job.py:633} INFO - Processing file /home/airflow/.local/lib/python3.6/site-packages/airflow/example_dags/tutorial_taskflow_api_etl_virtualenv.py for tasks to queue
[2021-08-18 09:29:21,818] {logging_mixin.py:104} INFO - [2021-08-18 09:29:21,818] {dagbag.py:487} INFO - Filling up the DagBag from /home/airflow/.local/lib/python3.6/site-packages/airflow/example_dags/tutorial_taskflow_api_etl_virtualenv.py
[2021-08-18 09:29:21,834] {scheduler_job.py:643} INFO - DAG(s) dict_keys(['tutorial_taskflow_api_etl_virtualenv']) retrieved from /home/airflow/.local/lib/python3.6/site-packages/airflow/example_dags/tutorial_taskflow_api_etl_virtualenv.py
[2021-08-18 09:29:21,851] {logging_mixin.py:104} INFO - [2021-08-18 09:29:21,851] {dag.py:1832} INFO - Sync 1 DAGs
[2021-08-18 09:29:21,864] {logging_mixin.py:104} INFO - [2021-08-18 09:29:21,864] {dag.py:2305} INFO - Setting next_dagrun for tutorial_taskflow_api_etl_virtualenv to None
[2021-08-18 09:29:21,871] {scheduler_job.py:190} INFO - Processing /home/airflow/.local/lib/python3.6/site-packages/airflow/example_dags/tutorial_taskflow_api_etl_virtualenv.py took 0.062 seconds
[2021-08-18 09:29:51,971] {scheduler_job.py:182} INFO - Started process (PID=1782) to work on /home/airflow/.local/lib/python3.6/site-packages/airflow/example_dags/tutorial_taskflow_api_etl_virtualenv.py
[2021-08-18 09:29:51,974] {scheduler_job.py:633} INFO - Processing file /home/airflow/.local/lib/python3.6/site-packages/airflow/example_dags/tutorial_taskflow_api_etl_virtualenv.py for tasks to queue
[2021-08-18 09:29:51,975] {logging_mixin.py:104} INFO - [2021-08-18 09:29:51,975] {dagbag.py:487} INFO - Filling up the DagBag from /home/airflow/.local/lib/python3.6/site-packages/airflow/example_dags/tutorial_taskflow_api_etl_virtualenv.py
[2021-08-18 09:29:51,994] {scheduler_job.py:643} INFO - DAG(s) dict_keys(['tutorial_taskflow_api_etl_virtualenv']) retrieved from /home/airflow/.local/lib/python3.6/site-packages/airflow/example_dags/tutorial_taskflow_api_etl_virtualenv.py
[2021-08-18 09:29:52,236] {logging_mixin.py:104} INFO - [2021-08-18 09:29:52,236] {dag.py:1832} INFO - Sync 1 DAGs
[2021-08-18 09:29:52,256] {logging_mixin.py:104} INFO - [2021-08-18 09:29:52,256] {dag.py:2305} INFO - Setting next_dagrun for tutorial_taskflow_api_etl_virtualenv to None
[2021-08-18 09:29:52,271] {scheduler_job.py:190} INFO - Processing /home/airflow/.local/lib/python3.6/site-packages/airflow/example_dags/tutorial_taskflow_api_etl_virtualenv.py took 0.304 seconds
[2021-08-18 09:30:23,008] {scheduler_job.py:182} INFO - Started process (PID=1857) to work on /home/airflow/.local/lib/python3.6/site-packages/airflow/example_dags/tutorial_taskflow_api_etl_virtualenv.py
[2021-08-18 09:30:23,010] {scheduler_job.py:633} INFO - Processing file /home/airflow/.local/lib/python3.6/site-packages/airflow/example_dags/tutorial_taskflow_api_etl_virtualenv.py for tasks to queue
[2021-08-18 09:30:23,011] {logging_mixin.py:104} INFO - [2021-08-18 09:30:23,011] {dagbag.py:487} INFO - Filling up the DagBag from /home/airflow/.local/lib/python3.6/site-packages/airflow/example_dags/tutorial_taskflow_api_etl_virtualenv.py
[2021-08-18 09:30:23,030] {scheduler_job.py:643} INFO - DAG(s) dict_keys(['tutorial_taskflow_api_etl_virtualenv']) retrieved from /home/airflow/.local/lib/python3.6/site-packages/airflow/example_dags/tutorial_taskflow_api_etl_virtualenv.py
[2021-08-18 09:30:23,262] {logging_mixin.py:104} INFO - [2021-08-18 09:30:23,262] {dag.py:1832} INFO - Sync 1 DAGs
[2021-08-18 09:30:23,276] {logging_mixin.py:104} INFO - [2021-08-18 09:30:23,276] {dag.py:2305} INFO - Setting next_dagrun for tutorial_taskflow_api_etl_virtualenv to None
[2021-08-18 09:30:23,288] {scheduler_job.py:190} INFO - Processing /home/airflow/.local/lib/python3.6/site-packages/airflow/example_dags/tutorial_taskflow_api_etl_virtualenv.py took 0.285 seconds
[2021-08-18 09:30:54,191] {scheduler_job.py:182} INFO - Started process (PID=1919) to work on /home/airflow/.local/lib/python3.6/site-packages/airflow/example_dags/tutorial_taskflow_api_etl_virtualenv.py
[2021-08-18 09:30:54,193] {scheduler_job.py:633} INFO - Processing file /home/airflow/.local/lib/python3.6/site-packages/airflow/example_dags/tutorial_taskflow_api_etl_virtualenv.py for tasks to queue
[2021-08-18 09:30:54,194] {logging_mixin.py:104} INFO - [2021-08-18 09:30:54,194] {dagbag.py:487} INFO - Filling up the DagBag from /home/airflow/.local/lib/python3.6/site-packages/airflow/example_dags/tutorial_taskflow_api_etl_virtualenv.py
[2021-08-18 09:30:54,213] {scheduler_job.py:643} INFO - DAG(s) dict_keys(['tutorial_taskflow_api_etl_virtualenv']) retrieved from /home/airflow/.local/lib/python3.6/site-packages/airflow/example_dags/tutorial_taskflow_api_etl_virtualenv.py
[2021-08-18 09:30:54,406] {logging_mixin.py:104} INFO - [2021-08-18 09:30:54,406] {dag.py:1832} INFO - Sync 1 DAGs
[2021-08-18 09:30:54,420] {logging_mixin.py:104} INFO - [2021-08-18 09:30:54,420] {dag.py:2305} INFO - Setting next_dagrun for tutorial_taskflow_api_etl_virtualenv to None
[2021-08-18 09:30:54,432] {scheduler_job.py:190} INFO - Processing /home/airflow/.local/lib/python3.6/site-packages/airflow/example_dags/tutorial_taskflow_api_etl_virtualenv.py took 0.244 seconds
[2021-08-18 09:31:25,128] {scheduler_job.py:182} INFO - Started process (PID=1996) to work on /home/airflow/.local/lib/python3.6/site-packages/airflow/example_dags/tutorial_taskflow_api_etl_virtualenv.py
[2021-08-18 09:31:25,130] {scheduler_job.py:633} INFO - Processing file /home/airflow/.local/lib/python3.6/site-packages/airflow/example_dags/tutorial_taskflow_api_etl_virtualenv.py for tasks to queue
[2021-08-18 09:31:25,132] {logging_mixin.py:104} INFO - [2021-08-18 09:31:25,132] {dagbag.py:487} INFO - Filling up the DagBag from /home/airflow/.local/lib/python3.6/site-packages/airflow/example_dags/tutorial_taskflow_api_etl_virtualenv.py
[2021-08-18 09:31:25,154] {scheduler_job.py:643} INFO - DAG(s) dict_keys(['tutorial_taskflow_api_etl_virtualenv']) retrieved from /home/airflow/.local/lib/python3.6/site-packages/airflow/example_dags/tutorial_taskflow_api_etl_virtualenv.py
[2021-08-18 09:31:25,183] {logging_mixin.py:104} INFO - [2021-08-18 09:31:25,182] {dag.py:1832} INFO - Sync 1 DAGs
[2021-08-18 09:31:25,203] {logging_mixin.py:104} INFO - [2021-08-18 09:31:25,202] {dag.py:2305} INFO - Setting next_dagrun for tutorial_taskflow_api_etl_virtualenv to None
[2021-08-18 09:31:25,215] {scheduler_job.py:190} INFO - Processing /home/airflow/.local/lib/python3.6/site-packages/airflow/example_dags/tutorial_taskflow_api_etl_virtualenv.py took 0.091 seconds
[2021-08-18 09:31:56,122] {scheduler_job.py:182} INFO - Started process (PID=2075) to work on /home/airflow/.local/lib/python3.6/site-packages/airflow/example_dags/tutorial_taskflow_api_etl_virtualenv.py
[2021-08-18 09:31:56,123] {scheduler_job.py:633} INFO - Processing file /home/airflow/.local/lib/python3.6/site-packages/airflow/example_dags/tutorial_taskflow_api_etl_virtualenv.py for tasks to queue
[2021-08-18 09:31:56,125] {logging_mixin.py:104} INFO - [2021-08-18 09:31:56,125] {dagbag.py:487} INFO - Filling up the DagBag from /home/airflow/.local/lib/python3.6/site-packages/airflow/example_dags/tutorial_taskflow_api_etl_virtualenv.py
[2021-08-18 09:31:56,142] {scheduler_job.py:643} INFO - DAG(s) dict_keys(['tutorial_taskflow_api_etl_virtualenv']) retrieved from /home/airflow/.local/lib/python3.6/site-packages/airflow/example_dags/tutorial_taskflow_api_etl_virtualenv.py
[2021-08-18 09:31:56,319] {logging_mixin.py:104} INFO - [2021-08-18 09:31:56,319] {dag.py:1832} INFO - Sync 1 DAGs
[2021-08-18 09:31:56,331] {logging_mixin.py:104} INFO - [2021-08-18 09:31:56,330] {dag.py:2305} INFO - Setting next_dagrun for tutorial_taskflow_api_etl_virtualenv to None
[2021-08-18 09:31:56,339] {scheduler_job.py:190} INFO - Processing /home/airflow/.local/lib/python3.6/site-packages/airflow/example_dags/tutorial_taskflow_api_etl_virtualenv.py took 0.221 seconds
[2021-08-18 09:32:26,618] {scheduler_job.py:182} INFO - Started process (PID=2138) to work on /home/airflow/.local/lib/python3.6/site-packages/airflow/example_dags/tutorial_taskflow_api_etl_virtualenv.py
[2021-08-18 09:32:26,621] {scheduler_job.py:633} INFO - Processing file /home/airflow/.local/lib/python3.6/site-packages/airflow/example_dags/tutorial_taskflow_api_etl_virtualenv.py for tasks to queue
[2021-08-18 09:32:26,622] {logging_mixin.py:104} INFO - [2021-08-18 09:32:26,622] {dagbag.py:487} INFO - Filling up the DagBag from /home/airflow/.local/lib/python3.6/site-packages/airflow/example_dags/tutorial_taskflow_api_etl_virtualenv.py
[2021-08-18 09:32:26,636] {scheduler_job.py:643} INFO - DAG(s) dict_keys(['tutorial_taskflow_api_etl_virtualenv']) retrieved from /home/airflow/.local/lib/python3.6/site-packages/airflow/example_dags/tutorial_taskflow_api_etl_virtualenv.py
[2021-08-18 09:32:26,806] {logging_mixin.py:104} INFO - [2021-08-18 09:32:26,806] {dag.py:1832} INFO - Sync 1 DAGs
[2021-08-18 09:32:26,819] {logging_mixin.py:104} INFO - [2021-08-18 09:32:26,819] {dag.py:2305} INFO - Setting next_dagrun for tutorial_taskflow_api_etl_virtualenv to None
[2021-08-18 09:32:26,828] {scheduler_job.py:190} INFO - Processing /home/airflow/.local/lib/python3.6/site-packages/airflow/example_dags/tutorial_taskflow_api_etl_virtualenv.py took 0.215 seconds
[2021-08-18 09:32:57,666] {scheduler_job.py:182} INFO - Started process (PID=2214) to work on /home/airflow/.local/lib/python3.6/site-packages/airflow/example_dags/tutorial_taskflow_api_etl_virtualenv.py
[2021-08-18 09:32:57,668] {scheduler_job.py:633} INFO - Processing file /home/airflow/.local/lib/python3.6/site-packages/airflow/example_dags/tutorial_taskflow_api_etl_virtualenv.py for tasks to queue
[2021-08-18 09:32:57,669] {logging_mixin.py:104} INFO - [2021-08-18 09:32:57,669] {dagbag.py:487} INFO - Filling up the DagBag from /home/airflow/.local/lib/python3.6/site-packages/airflow/example_dags/tutorial_taskflow_api_etl_virtualenv.py
[2021-08-18 09:32:57,689] {scheduler_job.py:643} INFO - DAG(s) dict_keys(['tutorial_taskflow_api_etl_virtualenv']) retrieved from /home/airflow/.local/lib/python3.6/site-packages/airflow/example_dags/tutorial_taskflow_api_etl_virtualenv.py
[2021-08-18 09:32:57,885] {logging_mixin.py:104} INFO - [2021-08-18 09:32:57,885] {dag.py:1832} INFO - Sync 1 DAGs
[2021-08-18 09:32:57,902] {logging_mixin.py:104} INFO - [2021-08-18 09:32:57,902] {dag.py:2305} INFO - Setting next_dagrun for tutorial_taskflow_api_etl_virtualenv to None
[2021-08-18 09:32:57,915] {scheduler_job.py:190} INFO - Processing /home/airflow/.local/lib/python3.6/site-packages/airflow/example_dags/tutorial_taskflow_api_etl_virtualenv.py took 0.254 seconds
