[2021-08-18 09:02:18,952] {scheduler_job.py:182} INFO - Started process (PID=121) to work on /home/airflow/.local/lib/python3.6/site-packages/airflow/example_dags/tutorial.py
[2021-08-18 09:02:18,954] {scheduler_job.py:633} INFO - Processing file /home/airflow/.local/lib/python3.6/site-packages/airflow/example_dags/tutorial.py for tasks to queue
[2021-08-18 09:02:18,955] {logging_mixin.py:104} INFO - [2021-08-18 09:02:18,955] {dagbag.py:487} INFO - Filling up the DagBag from /home/airflow/.local/lib/python3.6/site-packages/airflow/example_dags/tutorial.py
[2021-08-18 09:02:18,974] {scheduler_job.py:643} INFO - DAG(s) dict_keys(['tutorial']) retrieved from /home/airflow/.local/lib/python3.6/site-packages/airflow/example_dags/tutorial.py
[2021-08-18 09:02:21,074] {logging_mixin.py:104} INFO - [2021-08-18 09:02:21,072] {dag.py:1832} INFO - Sync 1 DAGs
[2021-08-18 09:02:21,086] {logging_mixin.py:104} INFO - [2021-08-18 09:02:21,085] {dag.py:1851} INFO - Creating ORM DAG for tutorial
[2021-08-18 09:02:21,092] {logging_mixin.py:104} INFO - [2021-08-18 09:02:21,091] {dag.py:2305} INFO - Setting next_dagrun for tutorial to 2021-08-16 00:00:00+00:00
[2021-08-18 09:02:21,103] {scheduler_job.py:190} INFO - Processing /home/airflow/.local/lib/python3.6/site-packages/airflow/example_dags/tutorial.py took 2.156 seconds
[2021-08-18 09:02:51,962] {scheduler_job.py:182} INFO - Started process (PID=194) to work on /home/airflow/.local/lib/python3.6/site-packages/airflow/example_dags/tutorial.py
[2021-08-18 09:02:51,964] {scheduler_job.py:633} INFO - Processing file /home/airflow/.local/lib/python3.6/site-packages/airflow/example_dags/tutorial.py for tasks to queue
[2021-08-18 09:02:51,965] {logging_mixin.py:104} INFO - [2021-08-18 09:02:51,965] {dagbag.py:487} INFO - Filling up the DagBag from /home/airflow/.local/lib/python3.6/site-packages/airflow/example_dags/tutorial.py
[2021-08-18 09:02:51,983] {scheduler_job.py:643} INFO - DAG(s) dict_keys(['tutorial']) retrieved from /home/airflow/.local/lib/python3.6/site-packages/airflow/example_dags/tutorial.py
[2021-08-18 09:02:52,009] {logging_mixin.py:104} INFO - [2021-08-18 09:02:52,009] {dag.py:1832} INFO - Sync 1 DAGs
[2021-08-18 09:02:52,028] {logging_mixin.py:104} INFO - [2021-08-18 09:02:52,028] {dag.py:2305} INFO - Setting next_dagrun for tutorial to 2021-08-16 00:00:00+00:00
[2021-08-18 09:02:52,040] {scheduler_job.py:190} INFO - Processing /home/airflow/.local/lib/python3.6/site-packages/airflow/example_dags/tutorial.py took 0.082 seconds
[2021-08-18 09:03:22,217] {scheduler_job.py:182} INFO - Started process (PID=256) to work on /home/airflow/.local/lib/python3.6/site-packages/airflow/example_dags/tutorial.py
[2021-08-18 09:03:22,219] {scheduler_job.py:633} INFO - Processing file /home/airflow/.local/lib/python3.6/site-packages/airflow/example_dags/tutorial.py for tasks to queue
[2021-08-18 09:03:22,221] {logging_mixin.py:104} INFO - [2021-08-18 09:03:22,221] {dagbag.py:487} INFO - Filling up the DagBag from /home/airflow/.local/lib/python3.6/site-packages/airflow/example_dags/tutorial.py
[2021-08-18 09:03:22,235] {scheduler_job.py:643} INFO - DAG(s) dict_keys(['tutorial']) retrieved from /home/airflow/.local/lib/python3.6/site-packages/airflow/example_dags/tutorial.py
[2021-08-18 09:03:22,256] {logging_mixin.py:104} INFO - [2021-08-18 09:03:22,256] {dag.py:1832} INFO - Sync 1 DAGs
[2021-08-18 09:03:22,270] {logging_mixin.py:104} INFO - [2021-08-18 09:03:22,270] {dag.py:2305} INFO - Setting next_dagrun for tutorial to 2021-08-16 00:00:00+00:00
[2021-08-18 09:03:22,280] {scheduler_job.py:190} INFO - Processing /home/airflow/.local/lib/python3.6/site-packages/airflow/example_dags/tutorial.py took 0.065 seconds
[2021-08-18 09:03:52,732] {scheduler_job.py:182} INFO - Started process (PID=334) to work on /home/airflow/.local/lib/python3.6/site-packages/airflow/example_dags/tutorial.py
[2021-08-18 09:03:52,748] {scheduler_job.py:633} INFO - Processing file /home/airflow/.local/lib/python3.6/site-packages/airflow/example_dags/tutorial.py for tasks to queue
[2021-08-18 09:03:52,750] {logging_mixin.py:104} INFO - [2021-08-18 09:03:52,749] {dagbag.py:487} INFO - Filling up the DagBag from /home/airflow/.local/lib/python3.6/site-packages/airflow/example_dags/tutorial.py
[2021-08-18 09:03:52,765] {scheduler_job.py:643} INFO - DAG(s) dict_keys(['tutorial']) retrieved from /home/airflow/.local/lib/python3.6/site-packages/airflow/example_dags/tutorial.py
[2021-08-18 09:03:52,789] {logging_mixin.py:104} INFO - [2021-08-18 09:03:52,789] {dag.py:1832} INFO - Sync 1 DAGs
[2021-08-18 09:03:52,807] {logging_mixin.py:104} INFO - [2021-08-18 09:03:52,807] {dag.py:2305} INFO - Setting next_dagrun for tutorial to 2021-08-16 00:00:00+00:00
[2021-08-18 09:03:52,818] {scheduler_job.py:190} INFO - Processing /home/airflow/.local/lib/python3.6/site-packages/airflow/example_dags/tutorial.py took 0.090 seconds
[2021-08-18 09:04:22,990] {scheduler_job.py:182} INFO - Started process (PID=399) to work on /home/airflow/.local/lib/python3.6/site-packages/airflow/example_dags/tutorial.py
[2021-08-18 09:04:22,994] {scheduler_job.py:633} INFO - Processing file /home/airflow/.local/lib/python3.6/site-packages/airflow/example_dags/tutorial.py for tasks to queue
[2021-08-18 09:04:22,996] {logging_mixin.py:104} INFO - [2021-08-18 09:04:22,995] {dagbag.py:487} INFO - Filling up the DagBag from /home/airflow/.local/lib/python3.6/site-packages/airflow/example_dags/tutorial.py
[2021-08-18 09:04:23,017] {scheduler_job.py:643} INFO - DAG(s) dict_keys(['tutorial']) retrieved from /home/airflow/.local/lib/python3.6/site-packages/airflow/example_dags/tutorial.py
[2021-08-18 09:04:23,054] {logging_mixin.py:104} INFO - [2021-08-18 09:04:23,054] {dag.py:1832} INFO - Sync 1 DAGs
[2021-08-18 09:04:23,081] {logging_mixin.py:104} INFO - [2021-08-18 09:04:23,081] {dag.py:2305} INFO - Setting next_dagrun for tutorial to 2021-08-16 00:00:00+00:00
[2021-08-18 09:04:23,093] {scheduler_job.py:190} INFO - Processing /home/airflow/.local/lib/python3.6/site-packages/airflow/example_dags/tutorial.py took 0.109 seconds
[2021-08-18 09:04:53,218] {scheduler_job.py:182} INFO - Started process (PID=462) to work on /home/airflow/.local/lib/python3.6/site-packages/airflow/example_dags/tutorial.py
[2021-08-18 09:04:53,220] {scheduler_job.py:633} INFO - Processing file /home/airflow/.local/lib/python3.6/site-packages/airflow/example_dags/tutorial.py for tasks to queue
[2021-08-18 09:04:53,221] {logging_mixin.py:104} INFO - [2021-08-18 09:04:53,221] {dagbag.py:487} INFO - Filling up the DagBag from /home/airflow/.local/lib/python3.6/site-packages/airflow/example_dags/tutorial.py
[2021-08-18 09:04:53,236] {scheduler_job.py:643} INFO - DAG(s) dict_keys(['tutorial']) retrieved from /home/airflow/.local/lib/python3.6/site-packages/airflow/example_dags/tutorial.py
[2021-08-18 09:04:53,260] {logging_mixin.py:104} INFO - [2021-08-18 09:04:53,260] {dag.py:1832} INFO - Sync 1 DAGs
[2021-08-18 09:04:53,278] {logging_mixin.py:104} INFO - [2021-08-18 09:04:53,278] {dag.py:2305} INFO - Setting next_dagrun for tutorial to 2021-08-16 00:00:00+00:00
[2021-08-18 09:04:53,289] {scheduler_job.py:190} INFO - Processing /home/airflow/.local/lib/python3.6/site-packages/airflow/example_dags/tutorial.py took 0.077 seconds
[2021-08-18 09:05:24,994] {scheduler_job.py:182} INFO - Started process (PID=535) to work on /home/airflow/.local/lib/python3.6/site-packages/airflow/example_dags/tutorial.py
[2021-08-18 09:05:24,996] {scheduler_job.py:633} INFO - Processing file /home/airflow/.local/lib/python3.6/site-packages/airflow/example_dags/tutorial.py for tasks to queue
[2021-08-18 09:05:24,997] {logging_mixin.py:104} INFO - [2021-08-18 09:05:24,997] {dagbag.py:487} INFO - Filling up the DagBag from /home/airflow/.local/lib/python3.6/site-packages/airflow/example_dags/tutorial.py
[2021-08-18 09:05:25,089] {scheduler_job.py:643} INFO - DAG(s) dict_keys(['tutorial']) retrieved from /home/airflow/.local/lib/python3.6/site-packages/airflow/example_dags/tutorial.py
[2021-08-18 09:05:25,127] {logging_mixin.py:104} INFO - [2021-08-18 09:05:25,127] {dag.py:1832} INFO - Sync 1 DAGs
[2021-08-18 09:05:25,146] {logging_mixin.py:104} INFO - [2021-08-18 09:05:25,146] {dag.py:2305} INFO - Setting next_dagrun for tutorial to 2021-08-16 00:00:00+00:00
[2021-08-18 09:05:25,159] {scheduler_job.py:190} INFO - Processing /home/airflow/.local/lib/python3.6/site-packages/airflow/example_dags/tutorial.py took 0.171 seconds
[2021-08-18 09:05:55,857] {scheduler_job.py:182} INFO - Started process (PID=603) to work on /home/airflow/.local/lib/python3.6/site-packages/airflow/example_dags/tutorial.py
[2021-08-18 09:05:55,858] {scheduler_job.py:633} INFO - Processing file /home/airflow/.local/lib/python3.6/site-packages/airflow/example_dags/tutorial.py for tasks to queue
[2021-08-18 09:05:55,860] {logging_mixin.py:104} INFO - [2021-08-18 09:05:55,860] {dagbag.py:487} INFO - Filling up the DagBag from /home/airflow/.local/lib/python3.6/site-packages/airflow/example_dags/tutorial.py
[2021-08-18 09:05:55,873] {scheduler_job.py:643} INFO - DAG(s) dict_keys(['tutorial']) retrieved from /home/airflow/.local/lib/python3.6/site-packages/airflow/example_dags/tutorial.py
[2021-08-18 09:05:55,894] {logging_mixin.py:104} INFO - [2021-08-18 09:05:55,894] {dag.py:1832} INFO - Sync 1 DAGs
[2021-08-18 09:05:55,909] {logging_mixin.py:104} INFO - [2021-08-18 09:05:55,909] {dag.py:2305} INFO - Setting next_dagrun for tutorial to 2021-08-16 00:00:00+00:00
[2021-08-18 09:05:55,919] {scheduler_job.py:190} INFO - Processing /home/airflow/.local/lib/python3.6/site-packages/airflow/example_dags/tutorial.py took 0.066 seconds
[2021-08-18 09:06:26,451] {scheduler_job.py:182} INFO - Started process (PID=666) to work on /home/airflow/.local/lib/python3.6/site-packages/airflow/example_dags/tutorial.py
[2021-08-18 09:06:26,454] {scheduler_job.py:633} INFO - Processing file /home/airflow/.local/lib/python3.6/site-packages/airflow/example_dags/tutorial.py for tasks to queue
[2021-08-18 09:06:26,455] {logging_mixin.py:104} INFO - [2021-08-18 09:06:26,455] {dagbag.py:487} INFO - Filling up the DagBag from /home/airflow/.local/lib/python3.6/site-packages/airflow/example_dags/tutorial.py
[2021-08-18 09:06:26,472] {scheduler_job.py:643} INFO - DAG(s) dict_keys(['tutorial']) retrieved from /home/airflow/.local/lib/python3.6/site-packages/airflow/example_dags/tutorial.py
[2021-08-18 09:06:26,500] {logging_mixin.py:104} INFO - [2021-08-18 09:06:26,500] {dag.py:1832} INFO - Sync 1 DAGs
[2021-08-18 09:06:26,520] {logging_mixin.py:104} INFO - [2021-08-18 09:06:26,520] {dag.py:2305} INFO - Setting next_dagrun for tutorial to 2021-08-16 00:00:00+00:00
[2021-08-18 09:06:26,532] {scheduler_job.py:190} INFO - Processing /home/airflow/.local/lib/python3.6/site-packages/airflow/example_dags/tutorial.py took 0.085 seconds
[2021-08-18 09:06:56,648] {scheduler_job.py:182} INFO - Started process (PID=727) to work on /home/airflow/.local/lib/python3.6/site-packages/airflow/example_dags/tutorial.py
[2021-08-18 09:06:56,650] {scheduler_job.py:633} INFO - Processing file /home/airflow/.local/lib/python3.6/site-packages/airflow/example_dags/tutorial.py for tasks to queue
[2021-08-18 09:06:56,651] {logging_mixin.py:104} INFO - [2021-08-18 09:06:56,651] {dagbag.py:487} INFO - Filling up the DagBag from /home/airflow/.local/lib/python3.6/site-packages/airflow/example_dags/tutorial.py
[2021-08-18 09:06:56,667] {scheduler_job.py:643} INFO - DAG(s) dict_keys(['tutorial']) retrieved from /home/airflow/.local/lib/python3.6/site-packages/airflow/example_dags/tutorial.py
[2021-08-18 09:06:56,693] {logging_mixin.py:104} INFO - [2021-08-18 09:06:56,693] {dag.py:1832} INFO - Sync 1 DAGs
[2021-08-18 09:06:56,711] {logging_mixin.py:104} INFO - [2021-08-18 09:06:56,711] {dag.py:2305} INFO - Setting next_dagrun for tutorial to 2021-08-16 00:00:00+00:00
[2021-08-18 09:06:56,722] {scheduler_job.py:190} INFO - Processing /home/airflow/.local/lib/python3.6/site-packages/airflow/example_dags/tutorial.py took 0.079 seconds
[2021-08-18 09:07:27,091] {scheduler_job.py:182} INFO - Started process (PID=779) to work on /home/airflow/.local/lib/python3.6/site-packages/airflow/example_dags/tutorial.py
[2021-08-18 09:07:27,092] {scheduler_job.py:633} INFO - Processing file /home/airflow/.local/lib/python3.6/site-packages/airflow/example_dags/tutorial.py for tasks to queue
[2021-08-18 09:07:27,095] {logging_mixin.py:104} INFO - [2021-08-18 09:07:27,094] {dagbag.py:487} INFO - Filling up the DagBag from /home/airflow/.local/lib/python3.6/site-packages/airflow/example_dags/tutorial.py
[2021-08-18 09:07:27,113] {scheduler_job.py:643} INFO - DAG(s) dict_keys(['tutorial']) retrieved from /home/airflow/.local/lib/python3.6/site-packages/airflow/example_dags/tutorial.py
[2021-08-18 09:07:27,149] {logging_mixin.py:104} INFO - [2021-08-18 09:07:27,149] {dag.py:1832} INFO - Sync 1 DAGs
[2021-08-18 09:07:27,172] {logging_mixin.py:104} INFO - [2021-08-18 09:07:27,172] {dag.py:2305} INFO - Setting next_dagrun for tutorial to 2021-08-16 00:00:00+00:00
[2021-08-18 09:07:27,183] {scheduler_job.py:190} INFO - Processing /home/airflow/.local/lib/python3.6/site-packages/airflow/example_dags/tutorial.py took 0.097 seconds
[2021-08-18 09:07:58,159] {scheduler_job.py:182} INFO - Started process (PID=856) to work on /home/airflow/.local/lib/python3.6/site-packages/airflow/example_dags/tutorial.py
[2021-08-18 09:07:58,162] {scheduler_job.py:633} INFO - Processing file /home/airflow/.local/lib/python3.6/site-packages/airflow/example_dags/tutorial.py for tasks to queue
[2021-08-18 09:07:58,163] {logging_mixin.py:104} INFO - [2021-08-18 09:07:58,163] {dagbag.py:487} INFO - Filling up the DagBag from /home/airflow/.local/lib/python3.6/site-packages/airflow/example_dags/tutorial.py
[2021-08-18 09:07:58,187] {scheduler_job.py:643} INFO - DAG(s) dict_keys(['tutorial']) retrieved from /home/airflow/.local/lib/python3.6/site-packages/airflow/example_dags/tutorial.py
[2021-08-18 09:07:58,220] {logging_mixin.py:104} INFO - [2021-08-18 09:07:58,220] {dag.py:1832} INFO - Sync 1 DAGs
[2021-08-18 09:07:58,249] {logging_mixin.py:104} INFO - [2021-08-18 09:07:58,249] {dag.py:2305} INFO - Setting next_dagrun for tutorial to 2021-08-16 00:00:00+00:00
[2021-08-18 09:07:58,262] {scheduler_job.py:190} INFO - Processing /home/airflow/.local/lib/python3.6/site-packages/airflow/example_dags/tutorial.py took 0.108 seconds
[2021-08-18 09:08:29,477] {scheduler_job.py:182} INFO - Started process (PID=898) to work on /home/airflow/.local/lib/python3.6/site-packages/airflow/example_dags/tutorial.py
[2021-08-18 09:08:29,483] {scheduler_job.py:633} INFO - Processing file /home/airflow/.local/lib/python3.6/site-packages/airflow/example_dags/tutorial.py for tasks to queue
[2021-08-18 09:08:29,485] {logging_mixin.py:104} INFO - [2021-08-18 09:08:29,485] {dagbag.py:487} INFO - Filling up the DagBag from /home/airflow/.local/lib/python3.6/site-packages/airflow/example_dags/tutorial.py
[2021-08-18 09:08:29,510] {scheduler_job.py:643} INFO - DAG(s) dict_keys(['tutorial']) retrieved from /home/airflow/.local/lib/python3.6/site-packages/airflow/example_dags/tutorial.py
[2021-08-18 09:08:29,542] {logging_mixin.py:104} INFO - [2021-08-18 09:08:29,542] {dag.py:1832} INFO - Sync 1 DAGs
[2021-08-18 09:08:29,579] {logging_mixin.py:104} INFO - [2021-08-18 09:08:29,579] {dag.py:2305} INFO - Setting next_dagrun for tutorial to 2021-08-16 00:00:00+00:00
[2021-08-18 09:08:29,594] {scheduler_job.py:190} INFO - Processing /home/airflow/.local/lib/python3.6/site-packages/airflow/example_dags/tutorial.py took 0.121 seconds
[2021-08-18 09:08:59,739] {scheduler_job.py:182} INFO - Started process (PID=949) to work on /home/airflow/.local/lib/python3.6/site-packages/airflow/example_dags/tutorial.py
[2021-08-18 09:08:59,742] {scheduler_job.py:633} INFO - Processing file /home/airflow/.local/lib/python3.6/site-packages/airflow/example_dags/tutorial.py for tasks to queue
[2021-08-18 09:08:59,744] {logging_mixin.py:104} INFO - [2021-08-18 09:08:59,743] {dagbag.py:487} INFO - Filling up the DagBag from /home/airflow/.local/lib/python3.6/site-packages/airflow/example_dags/tutorial.py
[2021-08-18 09:08:59,762] {scheduler_job.py:643} INFO - DAG(s) dict_keys(['tutorial']) retrieved from /home/airflow/.local/lib/python3.6/site-packages/airflow/example_dags/tutorial.py
[2021-08-18 09:08:59,791] {logging_mixin.py:104} INFO - [2021-08-18 09:08:59,791] {dag.py:1832} INFO - Sync 1 DAGs
[2021-08-18 09:08:59,813] {logging_mixin.py:104} INFO - [2021-08-18 09:08:59,813] {dag.py:2305} INFO - Setting next_dagrun for tutorial to 2021-08-16 00:00:00+00:00
[2021-08-18 09:08:59,878] {scheduler_job.py:190} INFO - Processing /home/airflow/.local/lib/python3.6/site-packages/airflow/example_dags/tutorial.py took 0.144 seconds
[2021-08-18 09:09:29,967] {scheduler_job.py:182} INFO - Started process (PID=1026) to work on /home/airflow/.local/lib/python3.6/site-packages/airflow/example_dags/tutorial.py
[2021-08-18 09:09:29,970] {scheduler_job.py:633} INFO - Processing file /home/airflow/.local/lib/python3.6/site-packages/airflow/example_dags/tutorial.py for tasks to queue
[2021-08-18 09:09:29,971] {logging_mixin.py:104} INFO - [2021-08-18 09:09:29,971] {dagbag.py:487} INFO - Filling up the DagBag from /home/airflow/.local/lib/python3.6/site-packages/airflow/example_dags/tutorial.py
[2021-08-18 09:09:29,988] {scheduler_job.py:643} INFO - DAG(s) dict_keys(['tutorial']) retrieved from /home/airflow/.local/lib/python3.6/site-packages/airflow/example_dags/tutorial.py
[2021-08-18 09:09:30,012] {logging_mixin.py:104} INFO - [2021-08-18 09:09:30,012] {dag.py:1832} INFO - Sync 1 DAGs
[2021-08-18 09:09:30,032] {logging_mixin.py:104} INFO - [2021-08-18 09:09:30,032] {dag.py:2305} INFO - Setting next_dagrun for tutorial to 2021-08-16 00:00:00+00:00
[2021-08-18 09:09:30,043] {scheduler_job.py:190} INFO - Processing /home/airflow/.local/lib/python3.6/site-packages/airflow/example_dags/tutorial.py took 0.082 seconds
[2021-08-18 09:10:00,341] {scheduler_job.py:182} INFO - Started process (PID=1088) to work on /home/airflow/.local/lib/python3.6/site-packages/airflow/example_dags/tutorial.py
[2021-08-18 09:10:00,343] {scheduler_job.py:633} INFO - Processing file /home/airflow/.local/lib/python3.6/site-packages/airflow/example_dags/tutorial.py for tasks to queue
[2021-08-18 09:10:00,344] {logging_mixin.py:104} INFO - [2021-08-18 09:10:00,344] {dagbag.py:487} INFO - Filling up the DagBag from /home/airflow/.local/lib/python3.6/site-packages/airflow/example_dags/tutorial.py
[2021-08-18 09:10:00,360] {scheduler_job.py:643} INFO - DAG(s) dict_keys(['tutorial']) retrieved from /home/airflow/.local/lib/python3.6/site-packages/airflow/example_dags/tutorial.py
[2021-08-18 09:10:00,384] {logging_mixin.py:104} INFO - [2021-08-18 09:10:00,384] {dag.py:1832} INFO - Sync 1 DAGs
[2021-08-18 09:10:00,402] {logging_mixin.py:104} INFO - [2021-08-18 09:10:00,402] {dag.py:2305} INFO - Setting next_dagrun for tutorial to 2021-08-16 00:00:00+00:00
[2021-08-18 09:10:00,412] {scheduler_job.py:190} INFO - Processing /home/airflow/.local/lib/python3.6/site-packages/airflow/example_dags/tutorial.py took 0.076 seconds
[2021-08-18 09:10:30,948] {scheduler_job.py:182} INFO - Started process (PID=1166) to work on /home/airflow/.local/lib/python3.6/site-packages/airflow/example_dags/tutorial.py
[2021-08-18 09:10:30,950] {scheduler_job.py:633} INFO - Processing file /home/airflow/.local/lib/python3.6/site-packages/airflow/example_dags/tutorial.py for tasks to queue
[2021-08-18 09:10:30,951] {logging_mixin.py:104} INFO - [2021-08-18 09:10:30,951] {dagbag.py:487} INFO - Filling up the DagBag from /home/airflow/.local/lib/python3.6/site-packages/airflow/example_dags/tutorial.py
[2021-08-18 09:10:30,968] {scheduler_job.py:643} INFO - DAG(s) dict_keys(['tutorial']) retrieved from /home/airflow/.local/lib/python3.6/site-packages/airflow/example_dags/tutorial.py
[2021-08-18 09:10:30,995] {logging_mixin.py:104} INFO - [2021-08-18 09:10:30,995] {dag.py:1832} INFO - Sync 1 DAGs
[2021-08-18 09:10:31,016] {logging_mixin.py:104} INFO - [2021-08-18 09:10:31,016] {dag.py:2305} INFO - Setting next_dagrun for tutorial to 2021-08-16 00:00:00+00:00
[2021-08-18 09:10:31,026] {scheduler_job.py:190} INFO - Processing /home/airflow/.local/lib/python3.6/site-packages/airflow/example_dags/tutorial.py took 0.083 seconds
[2021-08-18 09:11:01,306] {scheduler_job.py:182} INFO - Started process (PID=1228) to work on /home/airflow/.local/lib/python3.6/site-packages/airflow/example_dags/tutorial.py
[2021-08-18 09:11:01,308] {scheduler_job.py:633} INFO - Processing file /home/airflow/.local/lib/python3.6/site-packages/airflow/example_dags/tutorial.py for tasks to queue
[2021-08-18 09:11:01,309] {logging_mixin.py:104} INFO - [2021-08-18 09:11:01,309] {dagbag.py:487} INFO - Filling up the DagBag from /home/airflow/.local/lib/python3.6/site-packages/airflow/example_dags/tutorial.py
[2021-08-18 09:11:01,325] {scheduler_job.py:643} INFO - DAG(s) dict_keys(['tutorial']) retrieved from /home/airflow/.local/lib/python3.6/site-packages/airflow/example_dags/tutorial.py
[2021-08-18 09:11:01,349] {logging_mixin.py:104} INFO - [2021-08-18 09:11:01,349] {dag.py:1832} INFO - Sync 1 DAGs
[2021-08-18 09:11:01,367] {logging_mixin.py:104} INFO - [2021-08-18 09:11:01,367] {dag.py:2305} INFO - Setting next_dagrun for tutorial to 2021-08-16 00:00:00+00:00
[2021-08-18 09:11:01,377] {scheduler_job.py:190} INFO - Processing /home/airflow/.local/lib/python3.6/site-packages/airflow/example_dags/tutorial.py took 0.076 seconds
[2021-08-18 09:11:31,674] {scheduler_job.py:182} INFO - Started process (PID=1306) to work on /home/airflow/.local/lib/python3.6/site-packages/airflow/example_dags/tutorial.py
[2021-08-18 09:11:31,676] {scheduler_job.py:633} INFO - Processing file /home/airflow/.local/lib/python3.6/site-packages/airflow/example_dags/tutorial.py for tasks to queue
[2021-08-18 09:11:31,677] {logging_mixin.py:104} INFO - [2021-08-18 09:11:31,677] {dagbag.py:487} INFO - Filling up the DagBag from /home/airflow/.local/lib/python3.6/site-packages/airflow/example_dags/tutorial.py
[2021-08-18 09:11:31,694] {scheduler_job.py:643} INFO - DAG(s) dict_keys(['tutorial']) retrieved from /home/airflow/.local/lib/python3.6/site-packages/airflow/example_dags/tutorial.py
[2021-08-18 09:11:31,721] {logging_mixin.py:104} INFO - [2021-08-18 09:11:31,721] {dag.py:1832} INFO - Sync 1 DAGs
[2021-08-18 09:11:31,741] {logging_mixin.py:104} INFO - [2021-08-18 09:11:31,741] {dag.py:2305} INFO - Setting next_dagrun for tutorial to 2021-08-16 00:00:00+00:00
[2021-08-18 09:11:31,753] {scheduler_job.py:190} INFO - Processing /home/airflow/.local/lib/python3.6/site-packages/airflow/example_dags/tutorial.py took 0.083 seconds
[2021-08-18 09:12:02,460] {scheduler_job.py:182} INFO - Started process (PID=1383) to work on /home/airflow/.local/lib/python3.6/site-packages/airflow/example_dags/tutorial.py
[2021-08-18 09:12:02,462] {scheduler_job.py:633} INFO - Processing file /home/airflow/.local/lib/python3.6/site-packages/airflow/example_dags/tutorial.py for tasks to queue
[2021-08-18 09:12:02,463] {logging_mixin.py:104} INFO - [2021-08-18 09:12:02,463] {dagbag.py:487} INFO - Filling up the DagBag from /home/airflow/.local/lib/python3.6/site-packages/airflow/example_dags/tutorial.py
[2021-08-18 09:12:02,477] {scheduler_job.py:643} INFO - DAG(s) dict_keys(['tutorial']) retrieved from /home/airflow/.local/lib/python3.6/site-packages/airflow/example_dags/tutorial.py
[2021-08-18 09:12:02,499] {logging_mixin.py:104} INFO - [2021-08-18 09:12:02,499] {dag.py:1832} INFO - Sync 1 DAGs
[2021-08-18 09:12:02,516] {logging_mixin.py:104} INFO - [2021-08-18 09:12:02,516] {dag.py:2305} INFO - Setting next_dagrun for tutorial to 2021-08-16 00:00:00+00:00
[2021-08-18 09:12:02,526] {scheduler_job.py:190} INFO - Processing /home/airflow/.local/lib/python3.6/site-packages/airflow/example_dags/tutorial.py took 0.070 seconds
[2021-08-18 09:12:33,070] {scheduler_job.py:182} INFO - Started process (PID=1445) to work on /home/airflow/.local/lib/python3.6/site-packages/airflow/example_dags/tutorial.py
[2021-08-18 09:12:33,072] {scheduler_job.py:633} INFO - Processing file /home/airflow/.local/lib/python3.6/site-packages/airflow/example_dags/tutorial.py for tasks to queue
[2021-08-18 09:12:33,074] {logging_mixin.py:104} INFO - [2021-08-18 09:12:33,074] {dagbag.py:487} INFO - Filling up the DagBag from /home/airflow/.local/lib/python3.6/site-packages/airflow/example_dags/tutorial.py
[2021-08-18 09:12:33,094] {scheduler_job.py:643} INFO - DAG(s) dict_keys(['tutorial']) retrieved from /home/airflow/.local/lib/python3.6/site-packages/airflow/example_dags/tutorial.py
[2021-08-18 09:12:33,119] {logging_mixin.py:104} INFO - [2021-08-18 09:12:33,119] {dag.py:1832} INFO - Sync 1 DAGs
[2021-08-18 09:12:33,137] {logging_mixin.py:104} INFO - [2021-08-18 09:12:33,137] {dag.py:2305} INFO - Setting next_dagrun for tutorial to 2021-08-16 00:00:00+00:00
[2021-08-18 09:12:33,147] {scheduler_job.py:190} INFO - Processing /home/airflow/.local/lib/python3.6/site-packages/airflow/example_dags/tutorial.py took 0.082 seconds
[2021-08-18 09:13:03,717] {scheduler_job.py:182} INFO - Started process (PID=1522) to work on /home/airflow/.local/lib/python3.6/site-packages/airflow/example_dags/tutorial.py
[2021-08-18 09:13:03,718] {scheduler_job.py:633} INFO - Processing file /home/airflow/.local/lib/python3.6/site-packages/airflow/example_dags/tutorial.py for tasks to queue
[2021-08-18 09:13:03,720] {logging_mixin.py:104} INFO - [2021-08-18 09:13:03,720] {dagbag.py:487} INFO - Filling up the DagBag from /home/airflow/.local/lib/python3.6/site-packages/airflow/example_dags/tutorial.py
[2021-08-18 09:13:03,735] {scheduler_job.py:643} INFO - DAG(s) dict_keys(['tutorial']) retrieved from /home/airflow/.local/lib/python3.6/site-packages/airflow/example_dags/tutorial.py
[2021-08-18 09:13:03,762] {logging_mixin.py:104} INFO - [2021-08-18 09:13:03,762] {dag.py:1832} INFO - Sync 1 DAGs
[2021-08-18 09:13:03,783] {logging_mixin.py:104} INFO - [2021-08-18 09:13:03,783] {dag.py:2305} INFO - Setting next_dagrun for tutorial to 2021-08-16 00:00:00+00:00
[2021-08-18 09:13:03,794] {scheduler_job.py:190} INFO - Processing /home/airflow/.local/lib/python3.6/site-packages/airflow/example_dags/tutorial.py took 0.081 seconds
[2021-08-18 09:13:35,021] {scheduler_job.py:182} INFO - Started process (PID=1595) to work on /home/airflow/.local/lib/python3.6/site-packages/airflow/example_dags/tutorial.py
[2021-08-18 09:13:35,024] {scheduler_job.py:633} INFO - Processing file /home/airflow/.local/lib/python3.6/site-packages/airflow/example_dags/tutorial.py for tasks to queue
[2021-08-18 09:13:35,026] {logging_mixin.py:104} INFO - [2021-08-18 09:13:35,026] {dagbag.py:487} INFO - Filling up the DagBag from /home/airflow/.local/lib/python3.6/site-packages/airflow/example_dags/tutorial.py
[2021-08-18 09:13:35,086] {scheduler_job.py:643} INFO - DAG(s) dict_keys(['tutorial']) retrieved from /home/airflow/.local/lib/python3.6/site-packages/airflow/example_dags/tutorial.py
[2021-08-18 09:13:35,168] {logging_mixin.py:104} INFO - [2021-08-18 09:13:35,165] {dag.py:1832} INFO - Sync 1 DAGs
[2021-08-18 09:13:35,241] {logging_mixin.py:104} INFO - [2021-08-18 09:13:35,239] {dag.py:2305} INFO - Setting next_dagrun for tutorial to 2021-08-16 00:00:00+00:00
[2021-08-18 09:13:35,369] {scheduler_job.py:190} INFO - Processing /home/airflow/.local/lib/python3.6/site-packages/airflow/example_dags/tutorial.py took 0.352 seconds
[2021-08-18 09:14:05,992] {scheduler_job.py:182} INFO - Started process (PID=1647) to work on /home/airflow/.local/lib/python3.6/site-packages/airflow/example_dags/tutorial.py
[2021-08-18 09:14:05,995] {scheduler_job.py:633} INFO - Processing file /home/airflow/.local/lib/python3.6/site-packages/airflow/example_dags/tutorial.py for tasks to queue
[2021-08-18 09:14:05,996] {logging_mixin.py:104} INFO - [2021-08-18 09:14:05,996] {dagbag.py:487} INFO - Filling up the DagBag from /home/airflow/.local/lib/python3.6/site-packages/airflow/example_dags/tutorial.py
[2021-08-18 09:14:06,010] {scheduler_job.py:643} INFO - DAG(s) dict_keys(['tutorial']) retrieved from /home/airflow/.local/lib/python3.6/site-packages/airflow/example_dags/tutorial.py
[2021-08-18 09:14:06,038] {logging_mixin.py:104} INFO - [2021-08-18 09:14:06,038] {dag.py:1832} INFO - Sync 1 DAGs
[2021-08-18 09:14:06,055] {logging_mixin.py:104} INFO - [2021-08-18 09:14:06,055] {dag.py:2305} INFO - Setting next_dagrun for tutorial to 2021-08-16 00:00:00+00:00
[2021-08-18 09:14:06,067] {scheduler_job.py:190} INFO - Processing /home/airflow/.local/lib/python3.6/site-packages/airflow/example_dags/tutorial.py took 0.079 seconds
[2021-08-18 09:14:36,101] {scheduler_job.py:182} INFO - Started process (PID=1724) to work on /home/airflow/.local/lib/python3.6/site-packages/airflow/example_dags/tutorial.py
[2021-08-18 09:14:36,102] {scheduler_job.py:633} INFO - Processing file /home/airflow/.local/lib/python3.6/site-packages/airflow/example_dags/tutorial.py for tasks to queue
[2021-08-18 09:14:36,104] {logging_mixin.py:104} INFO - [2021-08-18 09:14:36,104] {dagbag.py:487} INFO - Filling up the DagBag from /home/airflow/.local/lib/python3.6/site-packages/airflow/example_dags/tutorial.py
[2021-08-18 09:14:36,118] {scheduler_job.py:643} INFO - DAG(s) dict_keys(['tutorial']) retrieved from /home/airflow/.local/lib/python3.6/site-packages/airflow/example_dags/tutorial.py
[2021-08-18 09:14:36,141] {logging_mixin.py:104} INFO - [2021-08-18 09:14:36,141] {dag.py:1832} INFO - Sync 1 DAGs
[2021-08-18 09:14:36,159] {logging_mixin.py:104} INFO - [2021-08-18 09:14:36,159] {dag.py:2305} INFO - Setting next_dagrun for tutorial to 2021-08-16 00:00:00+00:00
[2021-08-18 09:14:36,169] {scheduler_job.py:190} INFO - Processing /home/airflow/.local/lib/python3.6/site-packages/airflow/example_dags/tutorial.py took 0.073 seconds
[2021-08-18 09:15:07,033] {scheduler_job.py:182} INFO - Started process (PID=1796) to work on /home/airflow/.local/lib/python3.6/site-packages/airflow/example_dags/tutorial.py
[2021-08-18 09:15:07,035] {scheduler_job.py:633} INFO - Processing file /home/airflow/.local/lib/python3.6/site-packages/airflow/example_dags/tutorial.py for tasks to queue
[2021-08-18 09:15:07,036] {logging_mixin.py:104} INFO - [2021-08-18 09:15:07,036] {dagbag.py:487} INFO - Filling up the DagBag from /home/airflow/.local/lib/python3.6/site-packages/airflow/example_dags/tutorial.py
[2021-08-18 09:15:07,054] {scheduler_job.py:643} INFO - DAG(s) dict_keys(['tutorial']) retrieved from /home/airflow/.local/lib/python3.6/site-packages/airflow/example_dags/tutorial.py
[2021-08-18 09:15:07,078] {logging_mixin.py:104} INFO - [2021-08-18 09:15:07,078] {dag.py:1832} INFO - Sync 1 DAGs
[2021-08-18 09:15:07,096] {logging_mixin.py:104} INFO - [2021-08-18 09:15:07,096] {dag.py:2305} INFO - Setting next_dagrun for tutorial to 2021-08-16 00:00:00+00:00
[2021-08-18 09:15:07,108] {scheduler_job.py:190} INFO - Processing /home/airflow/.local/lib/python3.6/site-packages/airflow/example_dags/tutorial.py took 0.080 seconds
[2021-08-18 09:15:37,395] {scheduler_job.py:182} INFO - Started process (PID=1863) to work on /home/airflow/.local/lib/python3.6/site-packages/airflow/example_dags/tutorial.py
[2021-08-18 09:15:37,398] {scheduler_job.py:633} INFO - Processing file /home/airflow/.local/lib/python3.6/site-packages/airflow/example_dags/tutorial.py for tasks to queue
[2021-08-18 09:15:37,399] {logging_mixin.py:104} INFO - [2021-08-18 09:15:37,399] {dagbag.py:487} INFO - Filling up the DagBag from /home/airflow/.local/lib/python3.6/site-packages/airflow/example_dags/tutorial.py
[2021-08-18 09:15:37,415] {scheduler_job.py:643} INFO - DAG(s) dict_keys(['tutorial']) retrieved from /home/airflow/.local/lib/python3.6/site-packages/airflow/example_dags/tutorial.py
[2021-08-18 09:15:37,441] {logging_mixin.py:104} INFO - [2021-08-18 09:15:37,440] {dag.py:1832} INFO - Sync 1 DAGs
[2021-08-18 09:15:37,463] {logging_mixin.py:104} INFO - [2021-08-18 09:15:37,463] {dag.py:2305} INFO - Setting next_dagrun for tutorial to 2021-08-16 00:00:00+00:00
[2021-08-18 09:15:37,475] {scheduler_job.py:190} INFO - Processing /home/airflow/.local/lib/python3.6/site-packages/airflow/example_dags/tutorial.py took 0.084 seconds
[2021-08-18 09:16:07,975] {scheduler_job.py:182} INFO - Started process (PID=1939) to work on /home/airflow/.local/lib/python3.6/site-packages/airflow/example_dags/tutorial.py
[2021-08-18 09:16:07,977] {scheduler_job.py:633} INFO - Processing file /home/airflow/.local/lib/python3.6/site-packages/airflow/example_dags/tutorial.py for tasks to queue
[2021-08-18 09:16:07,979] {logging_mixin.py:104} INFO - [2021-08-18 09:16:07,978] {dagbag.py:487} INFO - Filling up the DagBag from /home/airflow/.local/lib/python3.6/site-packages/airflow/example_dags/tutorial.py
[2021-08-18 09:16:07,998] {scheduler_job.py:643} INFO - DAG(s) dict_keys(['tutorial']) retrieved from /home/airflow/.local/lib/python3.6/site-packages/airflow/example_dags/tutorial.py
[2021-08-18 09:16:08,032] {logging_mixin.py:104} INFO - [2021-08-18 09:16:08,032] {dag.py:1832} INFO - Sync 1 DAGs
[2021-08-18 09:16:08,067] {logging_mixin.py:104} INFO - [2021-08-18 09:16:08,067] {dag.py:2305} INFO - Setting next_dagrun for tutorial to 2021-08-16 00:00:00+00:00
[2021-08-18 09:16:08,080] {scheduler_job.py:190} INFO - Processing /home/airflow/.local/lib/python3.6/site-packages/airflow/example_dags/tutorial.py took 0.109 seconds
[2021-08-18 09:16:38,731] {scheduler_job.py:182} INFO - Started process (PID=2001) to work on /home/airflow/.local/lib/python3.6/site-packages/airflow/example_dags/tutorial.py
[2021-08-18 09:16:38,734] {scheduler_job.py:633} INFO - Processing file /home/airflow/.local/lib/python3.6/site-packages/airflow/example_dags/tutorial.py for tasks to queue
[2021-08-18 09:16:38,735] {logging_mixin.py:104} INFO - [2021-08-18 09:16:38,735] {dagbag.py:487} INFO - Filling up the DagBag from /home/airflow/.local/lib/python3.6/site-packages/airflow/example_dags/tutorial.py
[2021-08-18 09:16:38,757] {scheduler_job.py:643} INFO - DAG(s) dict_keys(['tutorial']) retrieved from /home/airflow/.local/lib/python3.6/site-packages/airflow/example_dags/tutorial.py
[2021-08-18 09:16:38,783] {logging_mixin.py:104} INFO - [2021-08-18 09:16:38,783] {dag.py:1832} INFO - Sync 1 DAGs
[2021-08-18 09:16:38,804] {logging_mixin.py:104} INFO - [2021-08-18 09:16:38,804] {dag.py:2305} INFO - Setting next_dagrun for tutorial to 2021-08-16 00:00:00+00:00
[2021-08-18 09:16:38,815] {scheduler_job.py:190} INFO - Processing /home/airflow/.local/lib/python3.6/site-packages/airflow/example_dags/tutorial.py took 0.088 seconds
[2021-08-18 09:17:35,779] {scheduler_job.py:182} INFO - Started process (PID=50) to work on /home/airflow/.local/lib/python3.6/site-packages/airflow/example_dags/tutorial.py
[2021-08-18 09:17:35,781] {scheduler_job.py:633} INFO - Processing file /home/airflow/.local/lib/python3.6/site-packages/airflow/example_dags/tutorial.py for tasks to queue
[2021-08-18 09:17:35,782] {logging_mixin.py:104} INFO - [2021-08-18 09:17:35,782] {dagbag.py:487} INFO - Filling up the DagBag from /home/airflow/.local/lib/python3.6/site-packages/airflow/example_dags/tutorial.py
[2021-08-18 09:17:35,793] {scheduler_job.py:643} INFO - DAG(s) dict_keys(['tutorial']) retrieved from /home/airflow/.local/lib/python3.6/site-packages/airflow/example_dags/tutorial.py
[2021-08-18 09:17:35,812] {logging_mixin.py:104} INFO - [2021-08-18 09:17:35,812] {dag.py:1832} INFO - Sync 1 DAGs
[2021-08-18 09:17:35,829] {logging_mixin.py:104} INFO - [2021-08-18 09:17:35,829] {dag.py:2305} INFO - Setting next_dagrun for tutorial to 2021-08-16 00:00:00+00:00
[2021-08-18 09:17:35,838] {scheduler_job.py:190} INFO - Processing /home/airflow/.local/lib/python3.6/site-packages/airflow/example_dags/tutorial.py took 0.062 seconds
[2021-08-18 09:18:06,710] {scheduler_job.py:182} INFO - Started process (PID=127) to work on /home/airflow/.local/lib/python3.6/site-packages/airflow/example_dags/tutorial.py
[2021-08-18 09:18:06,712] {scheduler_job.py:633} INFO - Processing file /home/airflow/.local/lib/python3.6/site-packages/airflow/example_dags/tutorial.py for tasks to queue
[2021-08-18 09:18:06,713] {logging_mixin.py:104} INFO - [2021-08-18 09:18:06,713] {dagbag.py:487} INFO - Filling up the DagBag from /home/airflow/.local/lib/python3.6/site-packages/airflow/example_dags/tutorial.py
[2021-08-18 09:18:06,725] {scheduler_job.py:643} INFO - DAG(s) dict_keys(['tutorial']) retrieved from /home/airflow/.local/lib/python3.6/site-packages/airflow/example_dags/tutorial.py
[2021-08-18 09:18:06,746] {logging_mixin.py:104} INFO - [2021-08-18 09:18:06,746] {dag.py:1832} INFO - Sync 1 DAGs
[2021-08-18 09:18:06,763] {logging_mixin.py:104} INFO - [2021-08-18 09:18:06,763] {dag.py:2305} INFO - Setting next_dagrun for tutorial to 2021-08-16 00:00:00+00:00
[2021-08-18 09:18:06,772] {scheduler_job.py:190} INFO - Processing /home/airflow/.local/lib/python3.6/site-packages/airflow/example_dags/tutorial.py took 0.065 seconds
[2021-08-18 09:18:38,053] {scheduler_job.py:182} INFO - Started process (PID=190) to work on /home/airflow/.local/lib/python3.6/site-packages/airflow/example_dags/tutorial.py
[2021-08-18 09:18:38,055] {scheduler_job.py:633} INFO - Processing file /home/airflow/.local/lib/python3.6/site-packages/airflow/example_dags/tutorial.py for tasks to queue
[2021-08-18 09:18:38,057] {logging_mixin.py:104} INFO - [2021-08-18 09:18:38,057] {dagbag.py:487} INFO - Filling up the DagBag from /home/airflow/.local/lib/python3.6/site-packages/airflow/example_dags/tutorial.py
[2021-08-18 09:18:38,073] {scheduler_job.py:643} INFO - DAG(s) dict_keys(['tutorial']) retrieved from /home/airflow/.local/lib/python3.6/site-packages/airflow/example_dags/tutorial.py
[2021-08-18 09:18:38,100] {logging_mixin.py:104} INFO - [2021-08-18 09:18:38,100] {dag.py:1832} INFO - Sync 1 DAGs
[2021-08-18 09:18:38,120] {logging_mixin.py:104} INFO - [2021-08-18 09:18:38,120] {dag.py:2305} INFO - Setting next_dagrun for tutorial to 2021-08-16 00:00:00+00:00
[2021-08-18 09:18:38,132] {scheduler_job.py:190} INFO - Processing /home/airflow/.local/lib/python3.6/site-packages/airflow/example_dags/tutorial.py took 0.083 seconds
[2021-08-18 09:19:08,202] {scheduler_job.py:182} INFO - Started process (PID=268) to work on /home/airflow/.local/lib/python3.6/site-packages/airflow/example_dags/tutorial.py
[2021-08-18 09:19:08,204] {scheduler_job.py:633} INFO - Processing file /home/airflow/.local/lib/python3.6/site-packages/airflow/example_dags/tutorial.py for tasks to queue
[2021-08-18 09:19:08,206] {logging_mixin.py:104} INFO - [2021-08-18 09:19:08,205] {dagbag.py:487} INFO - Filling up the DagBag from /home/airflow/.local/lib/python3.6/site-packages/airflow/example_dags/tutorial.py
[2021-08-18 09:19:08,221] {scheduler_job.py:643} INFO - DAG(s) dict_keys(['tutorial']) retrieved from /home/airflow/.local/lib/python3.6/site-packages/airflow/example_dags/tutorial.py
[2021-08-18 09:19:08,251] {logging_mixin.py:104} INFO - [2021-08-18 09:19:08,250] {dag.py:1832} INFO - Sync 1 DAGs
[2021-08-18 09:19:08,275] {logging_mixin.py:104} INFO - [2021-08-18 09:19:08,275] {dag.py:2305} INFO - Setting next_dagrun for tutorial to 2021-08-16 00:00:00+00:00
[2021-08-18 09:19:08,297] {scheduler_job.py:190} INFO - Processing /home/airflow/.local/lib/python3.6/site-packages/airflow/example_dags/tutorial.py took 0.099 seconds
[2021-08-18 09:19:38,627] {scheduler_job.py:182} INFO - Started process (PID=341) to work on /home/airflow/.local/lib/python3.6/site-packages/airflow/example_dags/tutorial.py
[2021-08-18 09:19:38,629] {scheduler_job.py:633} INFO - Processing file /home/airflow/.local/lib/python3.6/site-packages/airflow/example_dags/tutorial.py for tasks to queue
[2021-08-18 09:19:38,631] {logging_mixin.py:104} INFO - [2021-08-18 09:19:38,631] {dagbag.py:487} INFO - Filling up the DagBag from /home/airflow/.local/lib/python3.6/site-packages/airflow/example_dags/tutorial.py
[2021-08-18 09:19:38,647] {scheduler_job.py:643} INFO - DAG(s) dict_keys(['tutorial']) retrieved from /home/airflow/.local/lib/python3.6/site-packages/airflow/example_dags/tutorial.py
[2021-08-18 09:19:38,675] {logging_mixin.py:104} INFO - [2021-08-18 09:19:38,675] {dag.py:1832} INFO - Sync 1 DAGs
[2021-08-18 09:19:38,694] {logging_mixin.py:104} INFO - [2021-08-18 09:19:38,694] {dag.py:2305} INFO - Setting next_dagrun for tutorial to 2021-08-16 00:00:00+00:00
[2021-08-18 09:19:38,706] {scheduler_job.py:190} INFO - Processing /home/airflow/.local/lib/python3.6/site-packages/airflow/example_dags/tutorial.py took 0.084 seconds
[2021-08-18 09:20:08,789] {scheduler_job.py:182} INFO - Started process (PID=407) to work on /home/airflow/.local/lib/python3.6/site-packages/airflow/example_dags/tutorial.py
[2021-08-18 09:20:08,791] {scheduler_job.py:633} INFO - Processing file /home/airflow/.local/lib/python3.6/site-packages/airflow/example_dags/tutorial.py for tasks to queue
[2021-08-18 09:20:08,795] {logging_mixin.py:104} INFO - [2021-08-18 09:20:08,794] {dagbag.py:487} INFO - Filling up the DagBag from /home/airflow/.local/lib/python3.6/site-packages/airflow/example_dags/tutorial.py
[2021-08-18 09:20:08,814] {scheduler_job.py:643} INFO - DAG(s) dict_keys(['tutorial']) retrieved from /home/airflow/.local/lib/python3.6/site-packages/airflow/example_dags/tutorial.py
[2021-08-18 09:20:08,842] {logging_mixin.py:104} INFO - [2021-08-18 09:20:08,842] {dag.py:1832} INFO - Sync 1 DAGs
[2021-08-18 09:20:08,867] {logging_mixin.py:104} INFO - [2021-08-18 09:20:08,867] {dag.py:2305} INFO - Setting next_dagrun for tutorial to 2021-08-16 00:00:00+00:00
[2021-08-18 09:20:08,881] {scheduler_job.py:190} INFO - Processing /home/airflow/.local/lib/python3.6/site-packages/airflow/example_dags/tutorial.py took 0.097 seconds
[2021-08-18 09:20:39,583] {scheduler_job.py:182} INFO - Started process (PID=485) to work on /home/airflow/.local/lib/python3.6/site-packages/airflow/example_dags/tutorial.py
[2021-08-18 09:20:39,585] {scheduler_job.py:633} INFO - Processing file /home/airflow/.local/lib/python3.6/site-packages/airflow/example_dags/tutorial.py for tasks to queue
[2021-08-18 09:20:39,587] {logging_mixin.py:104} INFO - [2021-08-18 09:20:39,587] {dagbag.py:487} INFO - Filling up the DagBag from /home/airflow/.local/lib/python3.6/site-packages/airflow/example_dags/tutorial.py
[2021-08-18 09:20:39,603] {scheduler_job.py:643} INFO - DAG(s) dict_keys(['tutorial']) retrieved from /home/airflow/.local/lib/python3.6/site-packages/airflow/example_dags/tutorial.py
[2021-08-18 09:20:39,632] {logging_mixin.py:104} INFO - [2021-08-18 09:20:39,632] {dag.py:1832} INFO - Sync 1 DAGs
[2021-08-18 09:20:39,653] {logging_mixin.py:104} INFO - [2021-08-18 09:20:39,653] {dag.py:2305} INFO - Setting next_dagrun for tutorial to 2021-08-16 00:00:00+00:00
[2021-08-18 09:20:39,668] {scheduler_job.py:190} INFO - Processing /home/airflow/.local/lib/python3.6/site-packages/airflow/example_dags/tutorial.py took 0.089 seconds
[2021-08-18 09:21:09,793] {scheduler_job.py:182} INFO - Started process (PID=546) to work on /home/airflow/.local/lib/python3.6/site-packages/airflow/example_dags/tutorial.py
[2021-08-18 09:21:09,795] {scheduler_job.py:633} INFO - Processing file /home/airflow/.local/lib/python3.6/site-packages/airflow/example_dags/tutorial.py for tasks to queue
[2021-08-18 09:21:09,796] {logging_mixin.py:104} INFO - [2021-08-18 09:21:09,796] {dagbag.py:487} INFO - Filling up the DagBag from /home/airflow/.local/lib/python3.6/site-packages/airflow/example_dags/tutorial.py
[2021-08-18 09:21:09,810] {scheduler_job.py:643} INFO - DAG(s) dict_keys(['tutorial']) retrieved from /home/airflow/.local/lib/python3.6/site-packages/airflow/example_dags/tutorial.py
[2021-08-18 09:21:09,833] {logging_mixin.py:104} INFO - [2021-08-18 09:21:09,833] {dag.py:1832} INFO - Sync 1 DAGs
[2021-08-18 09:21:09,855] {logging_mixin.py:104} INFO - [2021-08-18 09:21:09,855] {dag.py:2305} INFO - Setting next_dagrun for tutorial to 2021-08-16 00:00:00+00:00
[2021-08-18 09:21:09,865] {scheduler_job.py:190} INFO - Processing /home/airflow/.local/lib/python3.6/site-packages/airflow/example_dags/tutorial.py took 0.075 seconds
[2021-08-18 09:21:40,011] {scheduler_job.py:182} INFO - Started process (PID=624) to work on /home/airflow/.local/lib/python3.6/site-packages/airflow/example_dags/tutorial.py
[2021-08-18 09:21:40,014] {scheduler_job.py:633} INFO - Processing file /home/airflow/.local/lib/python3.6/site-packages/airflow/example_dags/tutorial.py for tasks to queue
[2021-08-18 09:21:40,016] {logging_mixin.py:104} INFO - [2021-08-18 09:21:40,016] {dagbag.py:487} INFO - Filling up the DagBag from /home/airflow/.local/lib/python3.6/site-packages/airflow/example_dags/tutorial.py
[2021-08-18 09:21:40,031] {scheduler_job.py:643} INFO - DAG(s) dict_keys(['tutorial']) retrieved from /home/airflow/.local/lib/python3.6/site-packages/airflow/example_dags/tutorial.py
[2021-08-18 09:21:40,064] {logging_mixin.py:104} INFO - [2021-08-18 09:21:40,063] {dag.py:1832} INFO - Sync 1 DAGs
[2021-08-18 09:21:40,083] {logging_mixin.py:104} INFO - [2021-08-18 09:21:40,082] {dag.py:2305} INFO - Setting next_dagrun for tutorial to 2021-08-16 00:00:00+00:00
[2021-08-18 09:21:40,094] {scheduler_job.py:190} INFO - Processing /home/airflow/.local/lib/python3.6/site-packages/airflow/example_dags/tutorial.py took 0.087 seconds
[2021-08-18 09:22:10,314] {scheduler_job.py:182} INFO - Started process (PID=687) to work on /home/airflow/.local/lib/python3.6/site-packages/airflow/example_dags/tutorial.py
[2021-08-18 09:22:10,316] {scheduler_job.py:633} INFO - Processing file /home/airflow/.local/lib/python3.6/site-packages/airflow/example_dags/tutorial.py for tasks to queue
[2021-08-18 09:22:10,317] {logging_mixin.py:104} INFO - [2021-08-18 09:22:10,317] {dagbag.py:487} INFO - Filling up the DagBag from /home/airflow/.local/lib/python3.6/site-packages/airflow/example_dags/tutorial.py
[2021-08-18 09:22:10,332] {scheduler_job.py:643} INFO - DAG(s) dict_keys(['tutorial']) retrieved from /home/airflow/.local/lib/python3.6/site-packages/airflow/example_dags/tutorial.py
[2021-08-18 09:22:10,357] {logging_mixin.py:104} INFO - [2021-08-18 09:22:10,357] {dag.py:1832} INFO - Sync 1 DAGs
[2021-08-18 09:22:10,374] {logging_mixin.py:104} INFO - [2021-08-18 09:22:10,373] {dag.py:2305} INFO - Setting next_dagrun for tutorial to 2021-08-16 00:00:00+00:00
[2021-08-18 09:22:10,383] {scheduler_job.py:190} INFO - Processing /home/airflow/.local/lib/python3.6/site-packages/airflow/example_dags/tutorial.py took 0.073 seconds
[2021-08-18 09:22:40,663] {scheduler_job.py:182} INFO - Started process (PID=764) to work on /home/airflow/.local/lib/python3.6/site-packages/airflow/example_dags/tutorial.py
[2021-08-18 09:22:40,665] {scheduler_job.py:633} INFO - Processing file /home/airflow/.local/lib/python3.6/site-packages/airflow/example_dags/tutorial.py for tasks to queue
[2021-08-18 09:22:40,666] {logging_mixin.py:104} INFO - [2021-08-18 09:22:40,666] {dagbag.py:487} INFO - Filling up the DagBag from /home/airflow/.local/lib/python3.6/site-packages/airflow/example_dags/tutorial.py
[2021-08-18 09:22:40,680] {scheduler_job.py:643} INFO - DAG(s) dict_keys(['tutorial']) retrieved from /home/airflow/.local/lib/python3.6/site-packages/airflow/example_dags/tutorial.py
[2021-08-18 09:22:40,702] {logging_mixin.py:104} INFO - [2021-08-18 09:22:40,701] {dag.py:1832} INFO - Sync 1 DAGs
[2021-08-18 09:22:40,718] {logging_mixin.py:104} INFO - [2021-08-18 09:22:40,718] {dag.py:2305} INFO - Setting next_dagrun for tutorial to 2021-08-16 00:00:00+00:00
[2021-08-18 09:22:40,730] {scheduler_job.py:190} INFO - Processing /home/airflow/.local/lib/python3.6/site-packages/airflow/example_dags/tutorial.py took 0.071 seconds
[2021-08-18 09:23:10,810] {scheduler_job.py:182} INFO - Started process (PID=841) to work on /home/airflow/.local/lib/python3.6/site-packages/airflow/example_dags/tutorial.py
[2021-08-18 09:23:10,813] {scheduler_job.py:633} INFO - Processing file /home/airflow/.local/lib/python3.6/site-packages/airflow/example_dags/tutorial.py for tasks to queue
[2021-08-18 09:23:10,814] {logging_mixin.py:104} INFO - [2021-08-18 09:23:10,814] {dagbag.py:487} INFO - Filling up the DagBag from /home/airflow/.local/lib/python3.6/site-packages/airflow/example_dags/tutorial.py
[2021-08-18 09:23:10,828] {scheduler_job.py:643} INFO - DAG(s) dict_keys(['tutorial']) retrieved from /home/airflow/.local/lib/python3.6/site-packages/airflow/example_dags/tutorial.py
[2021-08-18 09:23:10,850] {logging_mixin.py:104} INFO - [2021-08-18 09:23:10,850] {dag.py:1832} INFO - Sync 1 DAGs
[2021-08-18 09:23:10,868] {logging_mixin.py:104} INFO - [2021-08-18 09:23:10,868] {dag.py:2305} INFO - Setting next_dagrun for tutorial to 2021-08-16 00:00:00+00:00
[2021-08-18 09:23:10,878] {scheduler_job.py:190} INFO - Processing /home/airflow/.local/lib/python3.6/site-packages/airflow/example_dags/tutorial.py took 0.072 seconds
[2021-08-18 09:23:41,419] {scheduler_job.py:182} INFO - Started process (PID=915) to work on /home/airflow/.local/lib/python3.6/site-packages/airflow/example_dags/tutorial.py
[2021-08-18 09:23:41,422] {scheduler_job.py:633} INFO - Processing file /home/airflow/.local/lib/python3.6/site-packages/airflow/example_dags/tutorial.py for tasks to queue
[2021-08-18 09:23:41,424] {logging_mixin.py:104} INFO - [2021-08-18 09:23:41,423] {dagbag.py:487} INFO - Filling up the DagBag from /home/airflow/.local/lib/python3.6/site-packages/airflow/example_dags/tutorial.py
[2021-08-18 09:23:41,438] {scheduler_job.py:643} INFO - DAG(s) dict_keys(['tutorial']) retrieved from /home/airflow/.local/lib/python3.6/site-packages/airflow/example_dags/tutorial.py
[2021-08-18 09:23:41,459] {logging_mixin.py:104} INFO - [2021-08-18 09:23:41,459] {dag.py:1832} INFO - Sync 1 DAGs
[2021-08-18 09:23:41,476] {logging_mixin.py:104} INFO - [2021-08-18 09:23:41,476] {dag.py:2305} INFO - Setting next_dagrun for tutorial to 2021-08-16 00:00:00+00:00
[2021-08-18 09:23:41,486] {scheduler_job.py:190} INFO - Processing /home/airflow/.local/lib/python3.6/site-packages/airflow/example_dags/tutorial.py took 0.070 seconds
[2021-08-18 09:24:11,618] {scheduler_job.py:182} INFO - Started process (PID=993) to work on /home/airflow/.local/lib/python3.6/site-packages/airflow/example_dags/tutorial.py
[2021-08-18 09:24:11,620] {scheduler_job.py:633} INFO - Processing file /home/airflow/.local/lib/python3.6/site-packages/airflow/example_dags/tutorial.py for tasks to queue
[2021-08-18 09:24:11,621] {logging_mixin.py:104} INFO - [2021-08-18 09:24:11,621] {dagbag.py:487} INFO - Filling up the DagBag from /home/airflow/.local/lib/python3.6/site-packages/airflow/example_dags/tutorial.py
[2021-08-18 09:24:11,635] {scheduler_job.py:643} INFO - DAG(s) dict_keys(['tutorial']) retrieved from /home/airflow/.local/lib/python3.6/site-packages/airflow/example_dags/tutorial.py
[2021-08-18 09:24:11,662] {logging_mixin.py:104} INFO - [2021-08-18 09:24:11,662] {dag.py:1832} INFO - Sync 1 DAGs
[2021-08-18 09:24:11,685] {logging_mixin.py:104} INFO - [2021-08-18 09:24:11,685] {dag.py:2305} INFO - Setting next_dagrun for tutorial to 2021-08-16 00:00:00+00:00
[2021-08-18 09:24:11,695] {scheduler_job.py:190} INFO - Processing /home/airflow/.local/lib/python3.6/site-packages/airflow/example_dags/tutorial.py took 0.081 seconds
[2021-08-18 09:24:42,156] {scheduler_job.py:182} INFO - Started process (PID=1065) to work on /home/airflow/.local/lib/python3.6/site-packages/airflow/example_dags/tutorial.py
[2021-08-18 09:24:42,160] {scheduler_job.py:633} INFO - Processing file /home/airflow/.local/lib/python3.6/site-packages/airflow/example_dags/tutorial.py for tasks to queue
[2021-08-18 09:24:42,162] {logging_mixin.py:104} INFO - [2021-08-18 09:24:42,162] {dagbag.py:487} INFO - Filling up the DagBag from /home/airflow/.local/lib/python3.6/site-packages/airflow/example_dags/tutorial.py
[2021-08-18 09:24:42,180] {scheduler_job.py:643} INFO - DAG(s) dict_keys(['tutorial']) retrieved from /home/airflow/.local/lib/python3.6/site-packages/airflow/example_dags/tutorial.py
[2021-08-18 09:24:42,207] {logging_mixin.py:104} INFO - [2021-08-18 09:24:42,207] {dag.py:1832} INFO - Sync 1 DAGs
[2021-08-18 09:24:42,229] {logging_mixin.py:104} INFO - [2021-08-18 09:24:42,229] {dag.py:2305} INFO - Setting next_dagrun for tutorial to 2021-08-16 00:00:00+00:00
[2021-08-18 09:24:42,243] {scheduler_job.py:190} INFO - Processing /home/airflow/.local/lib/python3.6/site-packages/airflow/example_dags/tutorial.py took 0.092 seconds
[2021-08-18 09:25:12,317] {scheduler_job.py:182} INFO - Started process (PID=1132) to work on /home/airflow/.local/lib/python3.6/site-packages/airflow/example_dags/tutorial.py
[2021-08-18 09:25:12,320] {scheduler_job.py:633} INFO - Processing file /home/airflow/.local/lib/python3.6/site-packages/airflow/example_dags/tutorial.py for tasks to queue
[2021-08-18 09:25:12,322] {logging_mixin.py:104} INFO - [2021-08-18 09:25:12,321] {dagbag.py:487} INFO - Filling up the DagBag from /home/airflow/.local/lib/python3.6/site-packages/airflow/example_dags/tutorial.py
[2021-08-18 09:25:12,337] {scheduler_job.py:643} INFO - DAG(s) dict_keys(['tutorial']) retrieved from /home/airflow/.local/lib/python3.6/site-packages/airflow/example_dags/tutorial.py
[2021-08-18 09:25:12,364] {logging_mixin.py:104} INFO - [2021-08-18 09:25:12,364] {dag.py:1832} INFO - Sync 1 DAGs
[2021-08-18 09:25:12,384] {logging_mixin.py:104} INFO - [2021-08-18 09:25:12,384] {dag.py:2305} INFO - Setting next_dagrun for tutorial to 2021-08-16 00:00:00+00:00
[2021-08-18 09:25:12,395] {scheduler_job.py:190} INFO - Processing /home/airflow/.local/lib/python3.6/site-packages/airflow/example_dags/tutorial.py took 0.083 seconds
[2021-08-18 09:25:42,673] {scheduler_job.py:182} INFO - Started process (PID=1210) to work on /home/airflow/.local/lib/python3.6/site-packages/airflow/example_dags/tutorial.py
[2021-08-18 09:25:42,675] {scheduler_job.py:633} INFO - Processing file /home/airflow/.local/lib/python3.6/site-packages/airflow/example_dags/tutorial.py for tasks to queue
[2021-08-18 09:25:42,677] {logging_mixin.py:104} INFO - [2021-08-18 09:25:42,677] {dagbag.py:487} INFO - Filling up the DagBag from /home/airflow/.local/lib/python3.6/site-packages/airflow/example_dags/tutorial.py
[2021-08-18 09:25:42,693] {scheduler_job.py:643} INFO - DAG(s) dict_keys(['tutorial']) retrieved from /home/airflow/.local/lib/python3.6/site-packages/airflow/example_dags/tutorial.py
[2021-08-18 09:25:42,725] {logging_mixin.py:104} INFO - [2021-08-18 09:25:42,724] {dag.py:1832} INFO - Sync 1 DAGs
[2021-08-18 09:25:42,748] {logging_mixin.py:104} INFO - [2021-08-18 09:25:42,748] {dag.py:2305} INFO - Setting next_dagrun for tutorial to 2021-08-16 00:00:00+00:00
[2021-08-18 09:25:42,764] {scheduler_job.py:190} INFO - Processing /home/airflow/.local/lib/python3.6/site-packages/airflow/example_dags/tutorial.py took 0.097 seconds
[2021-08-18 09:26:13,004] {scheduler_job.py:182} INFO - Started process (PID=1271) to work on /home/airflow/.local/lib/python3.6/site-packages/airflow/example_dags/tutorial.py
[2021-08-18 09:26:13,006] {scheduler_job.py:633} INFO - Processing file /home/airflow/.local/lib/python3.6/site-packages/airflow/example_dags/tutorial.py for tasks to queue
[2021-08-18 09:26:13,007] {logging_mixin.py:104} INFO - [2021-08-18 09:26:13,007] {dagbag.py:487} INFO - Filling up the DagBag from /home/airflow/.local/lib/python3.6/site-packages/airflow/example_dags/tutorial.py
[2021-08-18 09:26:13,020] {scheduler_job.py:643} INFO - DAG(s) dict_keys(['tutorial']) retrieved from /home/airflow/.local/lib/python3.6/site-packages/airflow/example_dags/tutorial.py
[2021-08-18 09:26:13,042] {logging_mixin.py:104} INFO - [2021-08-18 09:26:13,042] {dag.py:1832} INFO - Sync 1 DAGs
[2021-08-18 09:26:13,058] {logging_mixin.py:104} INFO - [2021-08-18 09:26:13,058] {dag.py:2305} INFO - Setting next_dagrun for tutorial to 2021-08-16 00:00:00+00:00
[2021-08-18 09:26:13,068] {scheduler_job.py:190} INFO - Processing /home/airflow/.local/lib/python3.6/site-packages/airflow/example_dags/tutorial.py took 0.067 seconds
[2021-08-18 09:26:43,932] {scheduler_job.py:182} INFO - Started process (PID=1347) to work on /home/airflow/.local/lib/python3.6/site-packages/airflow/example_dags/tutorial.py
[2021-08-18 09:26:43,934] {scheduler_job.py:633} INFO - Processing file /home/airflow/.local/lib/python3.6/site-packages/airflow/example_dags/tutorial.py for tasks to queue
[2021-08-18 09:26:43,935] {logging_mixin.py:104} INFO - [2021-08-18 09:26:43,935] {dagbag.py:487} INFO - Filling up the DagBag from /home/airflow/.local/lib/python3.6/site-packages/airflow/example_dags/tutorial.py
[2021-08-18 09:26:43,952] {scheduler_job.py:643} INFO - DAG(s) dict_keys(['tutorial']) retrieved from /home/airflow/.local/lib/python3.6/site-packages/airflow/example_dags/tutorial.py
[2021-08-18 09:26:43,976] {logging_mixin.py:104} INFO - [2021-08-18 09:26:43,976] {dag.py:1832} INFO - Sync 1 DAGs
[2021-08-18 09:26:43,995] {logging_mixin.py:104} INFO - [2021-08-18 09:26:43,995] {dag.py:2305} INFO - Setting next_dagrun for tutorial to 2021-08-16 00:00:00+00:00
[2021-08-18 09:26:44,004] {scheduler_job.py:190} INFO - Processing /home/airflow/.local/lib/python3.6/site-packages/airflow/example_dags/tutorial.py took 0.076 seconds
[2021-08-18 09:27:14,819] {scheduler_job.py:182} INFO - Started process (PID=1408) to work on /home/airflow/.local/lib/python3.6/site-packages/airflow/example_dags/tutorial.py
[2021-08-18 09:27:14,822] {scheduler_job.py:633} INFO - Processing file /home/airflow/.local/lib/python3.6/site-packages/airflow/example_dags/tutorial.py for tasks to queue
[2021-08-18 09:27:14,823] {logging_mixin.py:104} INFO - [2021-08-18 09:27:14,823] {dagbag.py:487} INFO - Filling up the DagBag from /home/airflow/.local/lib/python3.6/site-packages/airflow/example_dags/tutorial.py
[2021-08-18 09:27:14,836] {scheduler_job.py:643} INFO - DAG(s) dict_keys(['tutorial']) retrieved from /home/airflow/.local/lib/python3.6/site-packages/airflow/example_dags/tutorial.py
[2021-08-18 09:27:14,860] {logging_mixin.py:104} INFO - [2021-08-18 09:27:14,860] {dag.py:1832} INFO - Sync 1 DAGs
[2021-08-18 09:27:14,879] {logging_mixin.py:104} INFO - [2021-08-18 09:27:14,879] {dag.py:2305} INFO - Setting next_dagrun for tutorial to 2021-08-16 00:00:00+00:00
[2021-08-18 09:27:14,890] {scheduler_job.py:190} INFO - Processing /home/airflow/.local/lib/python3.6/site-packages/airflow/example_dags/tutorial.py took 0.075 seconds
[2021-08-18 09:27:46,338] {scheduler_job.py:182} INFO - Started process (PID=1485) to work on /home/airflow/.local/lib/python3.6/site-packages/airflow/example_dags/tutorial.py
[2021-08-18 09:27:46,340] {scheduler_job.py:633} INFO - Processing file /home/airflow/.local/lib/python3.6/site-packages/airflow/example_dags/tutorial.py for tasks to queue
[2021-08-18 09:27:46,341] {logging_mixin.py:104} INFO - [2021-08-18 09:27:46,341] {dagbag.py:487} INFO - Filling up the DagBag from /home/airflow/.local/lib/python3.6/site-packages/airflow/example_dags/tutorial.py
[2021-08-18 09:27:46,355] {scheduler_job.py:643} INFO - DAG(s) dict_keys(['tutorial']) retrieved from /home/airflow/.local/lib/python3.6/site-packages/airflow/example_dags/tutorial.py
[2021-08-18 09:27:46,384] {logging_mixin.py:104} INFO - [2021-08-18 09:27:46,383] {dag.py:1832} INFO - Sync 1 DAGs
[2021-08-18 09:27:46,400] {logging_mixin.py:104} INFO - [2021-08-18 09:27:46,400] {dag.py:2305} INFO - Setting next_dagrun for tutorial to 2021-08-16 00:00:00+00:00
[2021-08-18 09:27:46,410] {scheduler_job.py:190} INFO - Processing /home/airflow/.local/lib/python3.6/site-packages/airflow/example_dags/tutorial.py took 0.076 seconds
[2021-08-18 09:28:17,382] {scheduler_job.py:182} INFO - Started process (PID=1564) to work on /home/airflow/.local/lib/python3.6/site-packages/airflow/example_dags/tutorial.py
[2021-08-18 09:28:17,384] {scheduler_job.py:633} INFO - Processing file /home/airflow/.local/lib/python3.6/site-packages/airflow/example_dags/tutorial.py for tasks to queue
[2021-08-18 09:28:17,385] {logging_mixin.py:104} INFO - [2021-08-18 09:28:17,385] {dagbag.py:487} INFO - Filling up the DagBag from /home/airflow/.local/lib/python3.6/site-packages/airflow/example_dags/tutorial.py
[2021-08-18 09:28:17,399] {scheduler_job.py:643} INFO - DAG(s) dict_keys(['tutorial']) retrieved from /home/airflow/.local/lib/python3.6/site-packages/airflow/example_dags/tutorial.py
[2021-08-18 09:28:17,422] {logging_mixin.py:104} INFO - [2021-08-18 09:28:17,422] {dag.py:1832} INFO - Sync 1 DAGs
[2021-08-18 09:28:17,441] {logging_mixin.py:104} INFO - [2021-08-18 09:28:17,441] {dag.py:2305} INFO - Setting next_dagrun for tutorial to 2021-08-16 00:00:00+00:00
[2021-08-18 09:28:17,452] {scheduler_job.py:190} INFO - Processing /home/airflow/.local/lib/python3.6/site-packages/airflow/example_dags/tutorial.py took 0.073 seconds
[2021-08-18 09:28:48,335] {scheduler_job.py:182} INFO - Started process (PID=1626) to work on /home/airflow/.local/lib/python3.6/site-packages/airflow/example_dags/tutorial.py
[2021-08-18 09:28:48,338] {scheduler_job.py:633} INFO - Processing file /home/airflow/.local/lib/python3.6/site-packages/airflow/example_dags/tutorial.py for tasks to queue
[2021-08-18 09:28:48,339] {logging_mixin.py:104} INFO - [2021-08-18 09:28:48,339] {dagbag.py:487} INFO - Filling up the DagBag from /home/airflow/.local/lib/python3.6/site-packages/airflow/example_dags/tutorial.py
[2021-08-18 09:28:48,353] {scheduler_job.py:643} INFO - DAG(s) dict_keys(['tutorial']) retrieved from /home/airflow/.local/lib/python3.6/site-packages/airflow/example_dags/tutorial.py
[2021-08-18 09:28:48,375] {logging_mixin.py:104} INFO - [2021-08-18 09:28:48,374] {dag.py:1832} INFO - Sync 1 DAGs
[2021-08-18 09:28:48,394] {logging_mixin.py:104} INFO - [2021-08-18 09:28:48,394] {dag.py:2305} INFO - Setting next_dagrun for tutorial to 2021-08-16 00:00:00+00:00
[2021-08-18 09:28:48,407] {scheduler_job.py:190} INFO - Processing /home/airflow/.local/lib/python3.6/site-packages/airflow/example_dags/tutorial.py took 0.076 seconds
[2021-08-18 09:29:19,480] {scheduler_job.py:182} INFO - Started process (PID=1704) to work on /home/airflow/.local/lib/python3.6/site-packages/airflow/example_dags/tutorial.py
[2021-08-18 09:29:19,482] {scheduler_job.py:633} INFO - Processing file /home/airflow/.local/lib/python3.6/site-packages/airflow/example_dags/tutorial.py for tasks to queue
[2021-08-18 09:29:19,484] {logging_mixin.py:104} INFO - [2021-08-18 09:29:19,483] {dagbag.py:487} INFO - Filling up the DagBag from /home/airflow/.local/lib/python3.6/site-packages/airflow/example_dags/tutorial.py
[2021-08-18 09:29:19,497] {scheduler_job.py:643} INFO - DAG(s) dict_keys(['tutorial']) retrieved from /home/airflow/.local/lib/python3.6/site-packages/airflow/example_dags/tutorial.py
[2021-08-18 09:29:19,520] {logging_mixin.py:104} INFO - [2021-08-18 09:29:19,520] {dag.py:1832} INFO - Sync 1 DAGs
[2021-08-18 09:29:19,540] {logging_mixin.py:104} INFO - [2021-08-18 09:29:19,540] {dag.py:2305} INFO - Setting next_dagrun for tutorial to 2021-08-16 00:00:00+00:00
[2021-08-18 09:29:19,550] {scheduler_job.py:190} INFO - Processing /home/airflow/.local/lib/python3.6/site-packages/airflow/example_dags/tutorial.py took 0.075 seconds
[2021-08-18 09:29:50,844] {scheduler_job.py:182} INFO - Started process (PID=1780) to work on /home/airflow/.local/lib/python3.6/site-packages/airflow/example_dags/tutorial.py
[2021-08-18 09:29:50,848] {scheduler_job.py:633} INFO - Processing file /home/airflow/.local/lib/python3.6/site-packages/airflow/example_dags/tutorial.py for tasks to queue
[2021-08-18 09:29:50,851] {logging_mixin.py:104} INFO - [2021-08-18 09:29:50,850] {dagbag.py:487} INFO - Filling up the DagBag from /home/airflow/.local/lib/python3.6/site-packages/airflow/example_dags/tutorial.py
[2021-08-18 09:29:50,874] {scheduler_job.py:643} INFO - DAG(s) dict_keys(['tutorial']) retrieved from /home/airflow/.local/lib/python3.6/site-packages/airflow/example_dags/tutorial.py
[2021-08-18 09:29:50,901] {logging_mixin.py:104} INFO - [2021-08-18 09:29:50,901] {dag.py:1832} INFO - Sync 1 DAGs
[2021-08-18 09:29:50,925] {logging_mixin.py:104} INFO - [2021-08-18 09:29:50,925] {dag.py:2305} INFO - Setting next_dagrun for tutorial to 2021-08-16 00:00:00+00:00
[2021-08-18 09:29:50,943] {scheduler_job.py:190} INFO - Processing /home/airflow/.local/lib/python3.6/site-packages/airflow/example_dags/tutorial.py took 0.106 seconds
[2021-08-18 09:30:21,957] {scheduler_job.py:182} INFO - Started process (PID=1851) to work on /home/airflow/.local/lib/python3.6/site-packages/airflow/example_dags/tutorial.py
[2021-08-18 09:30:21,959] {scheduler_job.py:633} INFO - Processing file /home/airflow/.local/lib/python3.6/site-packages/airflow/example_dags/tutorial.py for tasks to queue
[2021-08-18 09:30:21,961] {logging_mixin.py:104} INFO - [2021-08-18 09:30:21,960] {dagbag.py:487} INFO - Filling up the DagBag from /home/airflow/.local/lib/python3.6/site-packages/airflow/example_dags/tutorial.py
[2021-08-18 09:30:21,977] {scheduler_job.py:643} INFO - DAG(s) dict_keys(['tutorial']) retrieved from /home/airflow/.local/lib/python3.6/site-packages/airflow/example_dags/tutorial.py
[2021-08-18 09:30:22,005] {logging_mixin.py:104} INFO - [2021-08-18 09:30:22,005] {dag.py:1832} INFO - Sync 1 DAGs
[2021-08-18 09:30:22,039] {logging_mixin.py:104} INFO - [2021-08-18 09:30:22,039] {dag.py:2305} INFO - Setting next_dagrun for tutorial to 2021-08-16 00:00:00+00:00
[2021-08-18 09:30:22,049] {scheduler_job.py:190} INFO - Processing /home/airflow/.local/lib/python3.6/site-packages/airflow/example_dags/tutorial.py took 0.097 seconds
[2021-08-18 09:30:52,162] {scheduler_job.py:182} INFO - Started process (PID=1918) to work on /home/airflow/.local/lib/python3.6/site-packages/airflow/example_dags/tutorial.py
[2021-08-18 09:30:52,165] {scheduler_job.py:633} INFO - Processing file /home/airflow/.local/lib/python3.6/site-packages/airflow/example_dags/tutorial.py for tasks to queue
[2021-08-18 09:30:52,166] {logging_mixin.py:104} INFO - [2021-08-18 09:30:52,166] {dagbag.py:487} INFO - Filling up the DagBag from /home/airflow/.local/lib/python3.6/site-packages/airflow/example_dags/tutorial.py
[2021-08-18 09:30:52,180] {scheduler_job.py:643} INFO - DAG(s) dict_keys(['tutorial']) retrieved from /home/airflow/.local/lib/python3.6/site-packages/airflow/example_dags/tutorial.py
[2021-08-18 09:30:52,202] {logging_mixin.py:104} INFO - [2021-08-18 09:30:52,202] {dag.py:1832} INFO - Sync 1 DAGs
[2021-08-18 09:30:52,219] {logging_mixin.py:104} INFO - [2021-08-18 09:30:52,219] {dag.py:2305} INFO - Setting next_dagrun for tutorial to 2021-08-16 00:00:00+00:00
[2021-08-18 09:30:52,229] {scheduler_job.py:190} INFO - Processing /home/airflow/.local/lib/python3.6/site-packages/airflow/example_dags/tutorial.py took 0.071 seconds
[2021-08-18 09:31:23,043] {scheduler_job.py:182} INFO - Started process (PID=1995) to work on /home/airflow/.local/lib/python3.6/site-packages/airflow/example_dags/tutorial.py
[2021-08-18 09:31:23,044] {scheduler_job.py:633} INFO - Processing file /home/airflow/.local/lib/python3.6/site-packages/airflow/example_dags/tutorial.py for tasks to queue
[2021-08-18 09:31:23,046] {logging_mixin.py:104} INFO - [2021-08-18 09:31:23,046] {dagbag.py:487} INFO - Filling up the DagBag from /home/airflow/.local/lib/python3.6/site-packages/airflow/example_dags/tutorial.py
[2021-08-18 09:31:23,058] {scheduler_job.py:643} INFO - DAG(s) dict_keys(['tutorial']) retrieved from /home/airflow/.local/lib/python3.6/site-packages/airflow/example_dags/tutorial.py
[2021-08-18 09:31:23,080] {logging_mixin.py:104} INFO - [2021-08-18 09:31:23,079] {dag.py:1832} INFO - Sync 1 DAGs
[2021-08-18 09:31:23,096] {logging_mixin.py:104} INFO - [2021-08-18 09:31:23,096] {dag.py:2305} INFO - Setting next_dagrun for tutorial to 2021-08-16 00:00:00+00:00
[2021-08-18 09:31:23,105] {scheduler_job.py:190} INFO - Processing /home/airflow/.local/lib/python3.6/site-packages/airflow/example_dags/tutorial.py took 0.066 seconds
[2021-08-18 09:31:54,090] {scheduler_job.py:182} INFO - Started process (PID=2058) to work on /home/airflow/.local/lib/python3.6/site-packages/airflow/example_dags/tutorial.py
[2021-08-18 09:31:54,092] {scheduler_job.py:633} INFO - Processing file /home/airflow/.local/lib/python3.6/site-packages/airflow/example_dags/tutorial.py for tasks to queue
[2021-08-18 09:31:54,094] {logging_mixin.py:104} INFO - [2021-08-18 09:31:54,094] {dagbag.py:487} INFO - Filling up the DagBag from /home/airflow/.local/lib/python3.6/site-packages/airflow/example_dags/tutorial.py
[2021-08-18 09:31:54,108] {scheduler_job.py:643} INFO - DAG(s) dict_keys(['tutorial']) retrieved from /home/airflow/.local/lib/python3.6/site-packages/airflow/example_dags/tutorial.py
[2021-08-18 09:31:54,130] {logging_mixin.py:104} INFO - [2021-08-18 09:31:54,130] {dag.py:1832} INFO - Sync 1 DAGs
[2021-08-18 09:31:54,147] {logging_mixin.py:104} INFO - [2021-08-18 09:31:54,147] {dag.py:2305} INFO - Setting next_dagrun for tutorial to 2021-08-16 00:00:00+00:00
[2021-08-18 09:31:54,157] {scheduler_job.py:190} INFO - Processing /home/airflow/.local/lib/python3.6/site-packages/airflow/example_dags/tutorial.py took 0.071 seconds
[2021-08-18 09:32:24,590] {scheduler_job.py:182} INFO - Started process (PID=2137) to work on /home/airflow/.local/lib/python3.6/site-packages/airflow/example_dags/tutorial.py
[2021-08-18 09:32:24,592] {scheduler_job.py:633} INFO - Processing file /home/airflow/.local/lib/python3.6/site-packages/airflow/example_dags/tutorial.py for tasks to queue
[2021-08-18 09:32:24,594] {logging_mixin.py:104} INFO - [2021-08-18 09:32:24,594] {dagbag.py:487} INFO - Filling up the DagBag from /home/airflow/.local/lib/python3.6/site-packages/airflow/example_dags/tutorial.py
[2021-08-18 09:32:24,607] {scheduler_job.py:643} INFO - DAG(s) dict_keys(['tutorial']) retrieved from /home/airflow/.local/lib/python3.6/site-packages/airflow/example_dags/tutorial.py
[2021-08-18 09:32:24,628] {logging_mixin.py:104} INFO - [2021-08-18 09:32:24,628] {dag.py:1832} INFO - Sync 1 DAGs
[2021-08-18 09:32:24,645] {logging_mixin.py:104} INFO - [2021-08-18 09:32:24,645] {dag.py:2305} INFO - Setting next_dagrun for tutorial to 2021-08-16 00:00:00+00:00
[2021-08-18 09:32:24,655] {scheduler_job.py:190} INFO - Processing /home/airflow/.local/lib/python3.6/site-packages/airflow/example_dags/tutorial.py took 0.068 seconds
[2021-08-18 09:32:55,586] {scheduler_job.py:182} INFO - Started process (PID=2213) to work on /home/airflow/.local/lib/python3.6/site-packages/airflow/example_dags/tutorial.py
[2021-08-18 09:32:55,588] {scheduler_job.py:633} INFO - Processing file /home/airflow/.local/lib/python3.6/site-packages/airflow/example_dags/tutorial.py for tasks to queue
[2021-08-18 09:32:55,589] {logging_mixin.py:104} INFO - [2021-08-18 09:32:55,589] {dagbag.py:487} INFO - Filling up the DagBag from /home/airflow/.local/lib/python3.6/site-packages/airflow/example_dags/tutorial.py
[2021-08-18 09:32:55,602] {scheduler_job.py:643} INFO - DAG(s) dict_keys(['tutorial']) retrieved from /home/airflow/.local/lib/python3.6/site-packages/airflow/example_dags/tutorial.py
[2021-08-18 09:32:55,624] {logging_mixin.py:104} INFO - [2021-08-18 09:32:55,624] {dag.py:1832} INFO - Sync 1 DAGs
[2021-08-18 09:32:55,640] {logging_mixin.py:104} INFO - [2021-08-18 09:32:55,640] {dag.py:2305} INFO - Setting next_dagrun for tutorial to 2021-08-16 00:00:00+00:00
[2021-08-18 09:32:55,650] {scheduler_job.py:190} INFO - Processing /home/airflow/.local/lib/python3.6/site-packages/airflow/example_dags/tutorial.py took 0.068 seconds
