[2021-08-18 09:02:16,476] {scheduler_job.py:182} INFO - Started process (PID=117) to work on /home/airflow/.local/lib/python3.6/site-packages/airflow/example_dags/tutorial_etl_dag.py
[2021-08-18 09:02:16,479] {scheduler_job.py:633} INFO - Processing file /home/airflow/.local/lib/python3.6/site-packages/airflow/example_dags/tutorial_etl_dag.py for tasks to queue
[2021-08-18 09:02:16,480] {logging_mixin.py:104} INFO - [2021-08-18 09:02:16,480] {dagbag.py:487} INFO - Filling up the DagBag from /home/airflow/.local/lib/python3.6/site-packages/airflow/example_dags/tutorial_etl_dag.py
[2021-08-18 09:02:16,501] {scheduler_job.py:643} INFO - DAG(s) dict_keys(['tutorial_etl_dag']) retrieved from /home/airflow/.local/lib/python3.6/site-packages/airflow/example_dags/tutorial_etl_dag.py
[2021-08-18 09:02:18,827] {logging_mixin.py:104} INFO - [2021-08-18 09:02:18,825] {dag.py:1832} INFO - Sync 1 DAGs
[2021-08-18 09:02:18,841] {logging_mixin.py:104} INFO - [2021-08-18 09:02:18,839] {dag.py:1851} INFO - Creating ORM DAG for tutorial_etl_dag
[2021-08-18 09:02:18,868] {logging_mixin.py:104} INFO - [2021-08-18 09:02:18,868] {dag.py:2305} INFO - Setting next_dagrun for tutorial_etl_dag to None
[2021-08-18 09:02:18,884] {scheduler_job.py:190} INFO - Processing /home/airflow/.local/lib/python3.6/site-packages/airflow/example_dags/tutorial_etl_dag.py took 2.413 seconds
[2021-08-18 09:02:48,947] {scheduler_job.py:182} INFO - Started process (PID=187) to work on /home/airflow/.local/lib/python3.6/site-packages/airflow/example_dags/tutorial_etl_dag.py
[2021-08-18 09:02:48,949] {scheduler_job.py:633} INFO - Processing file /home/airflow/.local/lib/python3.6/site-packages/airflow/example_dags/tutorial_etl_dag.py for tasks to queue
[2021-08-18 09:02:48,950] {logging_mixin.py:104} INFO - [2021-08-18 09:02:48,950] {dagbag.py:487} INFO - Filling up the DagBag from /home/airflow/.local/lib/python3.6/site-packages/airflow/example_dags/tutorial_etl_dag.py
[2021-08-18 09:02:48,973] {scheduler_job.py:643} INFO - DAG(s) dict_keys(['tutorial_etl_dag']) retrieved from /home/airflow/.local/lib/python3.6/site-packages/airflow/example_dags/tutorial_etl_dag.py
[2021-08-18 09:02:49,003] {logging_mixin.py:104} INFO - [2021-08-18 09:02:49,003] {dag.py:1832} INFO - Sync 1 DAGs
[2021-08-18 09:02:49,033] {logging_mixin.py:104} INFO - [2021-08-18 09:02:49,033] {dag.py:2305} INFO - Setting next_dagrun for tutorial_etl_dag to None
[2021-08-18 09:02:49,046] {scheduler_job.py:190} INFO - Processing /home/airflow/.local/lib/python3.6/site-packages/airflow/example_dags/tutorial_etl_dag.py took 0.103 seconds
[2021-08-18 09:03:19,122] {scheduler_job.py:182} INFO - Started process (PID=254) to work on /home/airflow/.local/lib/python3.6/site-packages/airflow/example_dags/tutorial_etl_dag.py
[2021-08-18 09:03:19,123] {scheduler_job.py:633} INFO - Processing file /home/airflow/.local/lib/python3.6/site-packages/airflow/example_dags/tutorial_etl_dag.py for tasks to queue
[2021-08-18 09:03:19,125] {logging_mixin.py:104} INFO - [2021-08-18 09:03:19,124] {dagbag.py:487} INFO - Filling up the DagBag from /home/airflow/.local/lib/python3.6/site-packages/airflow/example_dags/tutorial_etl_dag.py
[2021-08-18 09:03:19,139] {scheduler_job.py:643} INFO - DAG(s) dict_keys(['tutorial_etl_dag']) retrieved from /home/airflow/.local/lib/python3.6/site-packages/airflow/example_dags/tutorial_etl_dag.py
[2021-08-18 09:03:19,160] {logging_mixin.py:104} INFO - [2021-08-18 09:03:19,160] {dag.py:1832} INFO - Sync 1 DAGs
[2021-08-18 09:03:19,176] {logging_mixin.py:104} INFO - [2021-08-18 09:03:19,176] {dag.py:2305} INFO - Setting next_dagrun for tutorial_etl_dag to None
[2021-08-18 09:03:19,186] {scheduler_job.py:190} INFO - Processing /home/airflow/.local/lib/python3.6/site-packages/airflow/example_dags/tutorial_etl_dag.py took 0.068 seconds
[2021-08-18 09:03:49,563] {scheduler_job.py:182} INFO - Started process (PID=332) to work on /home/airflow/.local/lib/python3.6/site-packages/airflow/example_dags/tutorial_etl_dag.py
[2021-08-18 09:03:49,565] {scheduler_job.py:633} INFO - Processing file /home/airflow/.local/lib/python3.6/site-packages/airflow/example_dags/tutorial_etl_dag.py for tasks to queue
[2021-08-18 09:03:49,568] {logging_mixin.py:104} INFO - [2021-08-18 09:03:49,568] {dagbag.py:487} INFO - Filling up the DagBag from /home/airflow/.local/lib/python3.6/site-packages/airflow/example_dags/tutorial_etl_dag.py
[2021-08-18 09:03:49,588] {scheduler_job.py:643} INFO - DAG(s) dict_keys(['tutorial_etl_dag']) retrieved from /home/airflow/.local/lib/python3.6/site-packages/airflow/example_dags/tutorial_etl_dag.py
[2021-08-18 09:03:49,629] {logging_mixin.py:104} INFO - [2021-08-18 09:03:49,629] {dag.py:1832} INFO - Sync 1 DAGs
[2021-08-18 09:03:49,655] {logging_mixin.py:104} INFO - [2021-08-18 09:03:49,654] {dag.py:2305} INFO - Setting next_dagrun for tutorial_etl_dag to None
[2021-08-18 09:03:49,696] {scheduler_job.py:190} INFO - Processing /home/airflow/.local/lib/python3.6/site-packages/airflow/example_dags/tutorial_etl_dag.py took 0.137 seconds
[2021-08-18 09:04:19,852] {scheduler_job.py:182} INFO - Started process (PID=397) to work on /home/airflow/.local/lib/python3.6/site-packages/airflow/example_dags/tutorial_etl_dag.py
[2021-08-18 09:04:19,854] {scheduler_job.py:633} INFO - Processing file /home/airflow/.local/lib/python3.6/site-packages/airflow/example_dags/tutorial_etl_dag.py for tasks to queue
[2021-08-18 09:04:19,855] {logging_mixin.py:104} INFO - [2021-08-18 09:04:19,855] {dagbag.py:487} INFO - Filling up the DagBag from /home/airflow/.local/lib/python3.6/site-packages/airflow/example_dags/tutorial_etl_dag.py
[2021-08-18 09:04:19,873] {scheduler_job.py:643} INFO - DAG(s) dict_keys(['tutorial_etl_dag']) retrieved from /home/airflow/.local/lib/python3.6/site-packages/airflow/example_dags/tutorial_etl_dag.py
[2021-08-18 09:04:19,903] {logging_mixin.py:104} INFO - [2021-08-18 09:04:19,903] {dag.py:1832} INFO - Sync 1 DAGs
[2021-08-18 09:04:19,923] {logging_mixin.py:104} INFO - [2021-08-18 09:04:19,923] {dag.py:2305} INFO - Setting next_dagrun for tutorial_etl_dag to None
[2021-08-18 09:04:19,939] {scheduler_job.py:190} INFO - Processing /home/airflow/.local/lib/python3.6/site-packages/airflow/example_dags/tutorial_etl_dag.py took 0.092 seconds
[2021-08-18 09:04:50,001] {scheduler_job.py:182} INFO - Started process (PID=459) to work on /home/airflow/.local/lib/python3.6/site-packages/airflow/example_dags/tutorial_etl_dag.py
[2021-08-18 09:04:50,005] {scheduler_job.py:633} INFO - Processing file /home/airflow/.local/lib/python3.6/site-packages/airflow/example_dags/tutorial_etl_dag.py for tasks to queue
[2021-08-18 09:04:50,008] {logging_mixin.py:104} INFO - [2021-08-18 09:04:50,008] {dagbag.py:487} INFO - Filling up the DagBag from /home/airflow/.local/lib/python3.6/site-packages/airflow/example_dags/tutorial_etl_dag.py
[2021-08-18 09:04:50,025] {scheduler_job.py:643} INFO - DAG(s) dict_keys(['tutorial_etl_dag']) retrieved from /home/airflow/.local/lib/python3.6/site-packages/airflow/example_dags/tutorial_etl_dag.py
[2021-08-18 09:04:50,048] {logging_mixin.py:104} INFO - [2021-08-18 09:04:50,048] {dag.py:1832} INFO - Sync 1 DAGs
[2021-08-18 09:04:50,065] {logging_mixin.py:104} INFO - [2021-08-18 09:04:50,065] {dag.py:2305} INFO - Setting next_dagrun for tutorial_etl_dag to None
[2021-08-18 09:04:50,073] {scheduler_job.py:190} INFO - Processing /home/airflow/.local/lib/python3.6/site-packages/airflow/example_dags/tutorial_etl_dag.py took 0.077 seconds
[2021-08-18 09:05:20,425] {scheduler_job.py:182} INFO - Started process (PID=521) to work on /home/airflow/.local/lib/python3.6/site-packages/airflow/example_dags/tutorial_etl_dag.py
[2021-08-18 09:05:20,427] {scheduler_job.py:633} INFO - Processing file /home/airflow/.local/lib/python3.6/site-packages/airflow/example_dags/tutorial_etl_dag.py for tasks to queue
[2021-08-18 09:05:20,428] {logging_mixin.py:104} INFO - [2021-08-18 09:05:20,428] {dagbag.py:487} INFO - Filling up the DagBag from /home/airflow/.local/lib/python3.6/site-packages/airflow/example_dags/tutorial_etl_dag.py
[2021-08-18 09:05:20,442] {scheduler_job.py:643} INFO - DAG(s) dict_keys(['tutorial_etl_dag']) retrieved from /home/airflow/.local/lib/python3.6/site-packages/airflow/example_dags/tutorial_etl_dag.py
[2021-08-18 09:05:20,464] {logging_mixin.py:104} INFO - [2021-08-18 09:05:20,464] {dag.py:1832} INFO - Sync 1 DAGs
[2021-08-18 09:05:20,481] {logging_mixin.py:104} INFO - [2021-08-18 09:05:20,481] {dag.py:2305} INFO - Setting next_dagrun for tutorial_etl_dag to None
[2021-08-18 09:05:20,494] {scheduler_job.py:190} INFO - Processing /home/airflow/.local/lib/python3.6/site-packages/airflow/example_dags/tutorial_etl_dag.py took 0.072 seconds
[2021-08-18 09:05:50,669] {scheduler_job.py:182} INFO - Started process (PID=600) to work on /home/airflow/.local/lib/python3.6/site-packages/airflow/example_dags/tutorial_etl_dag.py
[2021-08-18 09:05:50,671] {scheduler_job.py:633} INFO - Processing file /home/airflow/.local/lib/python3.6/site-packages/airflow/example_dags/tutorial_etl_dag.py for tasks to queue
[2021-08-18 09:05:50,673] {logging_mixin.py:104} INFO - [2021-08-18 09:05:50,673] {dagbag.py:487} INFO - Filling up the DagBag from /home/airflow/.local/lib/python3.6/site-packages/airflow/example_dags/tutorial_etl_dag.py
[2021-08-18 09:05:50,691] {scheduler_job.py:643} INFO - DAG(s) dict_keys(['tutorial_etl_dag']) retrieved from /home/airflow/.local/lib/python3.6/site-packages/airflow/example_dags/tutorial_etl_dag.py
[2021-08-18 09:05:50,714] {logging_mixin.py:104} INFO - [2021-08-18 09:05:50,714] {dag.py:1832} INFO - Sync 1 DAGs
[2021-08-18 09:05:50,732] {logging_mixin.py:104} INFO - [2021-08-18 09:05:50,732] {dag.py:2305} INFO - Setting next_dagrun for tutorial_etl_dag to None
[2021-08-18 09:05:50,743] {scheduler_job.py:190} INFO - Processing /home/airflow/.local/lib/python3.6/site-packages/airflow/example_dags/tutorial_etl_dag.py took 0.078 seconds
[2021-08-18 09:06:24,024] {scheduler_job.py:182} INFO - Started process (PID=654) to work on /home/airflow/.local/lib/python3.6/site-packages/airflow/example_dags/tutorial_etl_dag.py
[2021-08-18 09:06:24,027] {scheduler_job.py:633} INFO - Processing file /home/airflow/.local/lib/python3.6/site-packages/airflow/example_dags/tutorial_etl_dag.py for tasks to queue
[2021-08-18 09:06:24,029] {logging_mixin.py:104} INFO - [2021-08-18 09:06:24,028] {dagbag.py:487} INFO - Filling up the DagBag from /home/airflow/.local/lib/python3.6/site-packages/airflow/example_dags/tutorial_etl_dag.py
[2021-08-18 09:06:24,060] {scheduler_job.py:643} INFO - DAG(s) dict_keys(['tutorial_etl_dag']) retrieved from /home/airflow/.local/lib/python3.6/site-packages/airflow/example_dags/tutorial_etl_dag.py
[2021-08-18 09:06:24,097] {logging_mixin.py:104} INFO - [2021-08-18 09:06:24,097] {dag.py:1832} INFO - Sync 1 DAGs
[2021-08-18 09:06:24,124] {logging_mixin.py:104} INFO - [2021-08-18 09:06:24,124] {dag.py:2305} INFO - Setting next_dagrun for tutorial_etl_dag to None
[2021-08-18 09:06:24,139] {scheduler_job.py:190} INFO - Processing /home/airflow/.local/lib/python3.6/site-packages/airflow/example_dags/tutorial_etl_dag.py took 0.122 seconds
[2021-08-18 09:06:54,201] {scheduler_job.py:182} INFO - Started process (PID=715) to work on /home/airflow/.local/lib/python3.6/site-packages/airflow/example_dags/tutorial_etl_dag.py
[2021-08-18 09:06:54,203] {scheduler_job.py:633} INFO - Processing file /home/airflow/.local/lib/python3.6/site-packages/airflow/example_dags/tutorial_etl_dag.py for tasks to queue
[2021-08-18 09:06:54,205] {logging_mixin.py:104} INFO - [2021-08-18 09:06:54,205] {dagbag.py:487} INFO - Filling up the DagBag from /home/airflow/.local/lib/python3.6/site-packages/airflow/example_dags/tutorial_etl_dag.py
[2021-08-18 09:06:54,224] {scheduler_job.py:643} INFO - DAG(s) dict_keys(['tutorial_etl_dag']) retrieved from /home/airflow/.local/lib/python3.6/site-packages/airflow/example_dags/tutorial_etl_dag.py
[2021-08-18 09:06:54,253] {logging_mixin.py:104} INFO - [2021-08-18 09:06:54,253] {dag.py:1832} INFO - Sync 1 DAGs
[2021-08-18 09:06:54,276] {logging_mixin.py:104} INFO - [2021-08-18 09:06:54,276] {dag.py:2305} INFO - Setting next_dagrun for tutorial_etl_dag to None
[2021-08-18 09:06:54,291] {scheduler_job.py:190} INFO - Processing /home/airflow/.local/lib/python3.6/site-packages/airflow/example_dags/tutorial_etl_dag.py took 0.094 seconds
[2021-08-18 09:07:26,879] {scheduler_job.py:182} INFO - Started process (PID=776) to work on /home/airflow/.local/lib/python3.6/site-packages/airflow/example_dags/tutorial_etl_dag.py
[2021-08-18 09:07:26,881] {scheduler_job.py:633} INFO - Processing file /home/airflow/.local/lib/python3.6/site-packages/airflow/example_dags/tutorial_etl_dag.py for tasks to queue
[2021-08-18 09:07:26,882] {logging_mixin.py:104} INFO - [2021-08-18 09:07:26,882] {dagbag.py:487} INFO - Filling up the DagBag from /home/airflow/.local/lib/python3.6/site-packages/airflow/example_dags/tutorial_etl_dag.py
[2021-08-18 09:07:26,899] {scheduler_job.py:643} INFO - DAG(s) dict_keys(['tutorial_etl_dag']) retrieved from /home/airflow/.local/lib/python3.6/site-packages/airflow/example_dags/tutorial_etl_dag.py
[2021-08-18 09:07:26,924] {logging_mixin.py:104} INFO - [2021-08-18 09:07:26,924] {dag.py:1832} INFO - Sync 1 DAGs
[2021-08-18 09:07:26,944] {logging_mixin.py:104} INFO - [2021-08-18 09:07:26,944] {dag.py:2305} INFO - Setting next_dagrun for tutorial_etl_dag to None
[2021-08-18 09:07:26,955] {scheduler_job.py:190} INFO - Processing /home/airflow/.local/lib/python3.6/site-packages/airflow/example_dags/tutorial_etl_dag.py took 0.081 seconds
[2021-08-18 09:07:57,882] {scheduler_job.py:182} INFO - Started process (PID=854) to work on /home/airflow/.local/lib/python3.6/site-packages/airflow/example_dags/tutorial_etl_dag.py
[2021-08-18 09:07:57,884] {scheduler_job.py:633} INFO - Processing file /home/airflow/.local/lib/python3.6/site-packages/airflow/example_dags/tutorial_etl_dag.py for tasks to queue
[2021-08-18 09:07:57,886] {logging_mixin.py:104} INFO - [2021-08-18 09:07:57,886] {dagbag.py:487} INFO - Filling up the DagBag from /home/airflow/.local/lib/python3.6/site-packages/airflow/example_dags/tutorial_etl_dag.py
[2021-08-18 09:07:57,902] {scheduler_job.py:643} INFO - DAG(s) dict_keys(['tutorial_etl_dag']) retrieved from /home/airflow/.local/lib/python3.6/site-packages/airflow/example_dags/tutorial_etl_dag.py
[2021-08-18 09:07:57,928] {logging_mixin.py:104} INFO - [2021-08-18 09:07:57,928] {dag.py:1832} INFO - Sync 1 DAGs
[2021-08-18 09:07:57,949] {logging_mixin.py:104} INFO - [2021-08-18 09:07:57,949] {dag.py:2305} INFO - Setting next_dagrun for tutorial_etl_dag to None
[2021-08-18 09:07:57,961] {scheduler_job.py:190} INFO - Processing /home/airflow/.local/lib/python3.6/site-packages/airflow/example_dags/tutorial_etl_dag.py took 0.083 seconds
[2021-08-18 09:08:29,199] {scheduler_job.py:182} INFO - Started process (PID=895) to work on /home/airflow/.local/lib/python3.6/site-packages/airflow/example_dags/tutorial_etl_dag.py
[2021-08-18 09:08:29,202] {scheduler_job.py:633} INFO - Processing file /home/airflow/.local/lib/python3.6/site-packages/airflow/example_dags/tutorial_etl_dag.py for tasks to queue
[2021-08-18 09:08:29,205] {logging_mixin.py:104} INFO - [2021-08-18 09:08:29,204] {dagbag.py:487} INFO - Filling up the DagBag from /home/airflow/.local/lib/python3.6/site-packages/airflow/example_dags/tutorial_etl_dag.py
[2021-08-18 09:08:29,227] {scheduler_job.py:643} INFO - DAG(s) dict_keys(['tutorial_etl_dag']) retrieved from /home/airflow/.local/lib/python3.6/site-packages/airflow/example_dags/tutorial_etl_dag.py
[2021-08-18 09:08:29,261] {logging_mixin.py:104} INFO - [2021-08-18 09:08:29,261] {dag.py:1832} INFO - Sync 1 DAGs
[2021-08-18 09:08:29,292] {logging_mixin.py:104} INFO - [2021-08-18 09:08:29,292] {dag.py:2305} INFO - Setting next_dagrun for tutorial_etl_dag to None
[2021-08-18 09:08:29,345] {scheduler_job.py:190} INFO - Processing /home/airflow/.local/lib/python3.6/site-packages/airflow/example_dags/tutorial_etl_dag.py took 0.153 seconds
[2021-08-18 09:08:59,516] {scheduler_job.py:182} INFO - Started process (PID=947) to work on /home/airflow/.local/lib/python3.6/site-packages/airflow/example_dags/tutorial_etl_dag.py
[2021-08-18 09:08:59,519] {scheduler_job.py:633} INFO - Processing file /home/airflow/.local/lib/python3.6/site-packages/airflow/example_dags/tutorial_etl_dag.py for tasks to queue
[2021-08-18 09:08:59,521] {logging_mixin.py:104} INFO - [2021-08-18 09:08:59,521] {dagbag.py:487} INFO - Filling up the DagBag from /home/airflow/.local/lib/python3.6/site-packages/airflow/example_dags/tutorial_etl_dag.py
[2021-08-18 09:08:59,540] {scheduler_job.py:643} INFO - DAG(s) dict_keys(['tutorial_etl_dag']) retrieved from /home/airflow/.local/lib/python3.6/site-packages/airflow/example_dags/tutorial_etl_dag.py
[2021-08-18 09:08:59,570] {logging_mixin.py:104} INFO - [2021-08-18 09:08:59,570] {dag.py:1832} INFO - Sync 1 DAGs
[2021-08-18 09:08:59,592] {logging_mixin.py:104} INFO - [2021-08-18 09:08:59,592] {dag.py:2305} INFO - Setting next_dagrun for tutorial_etl_dag to None
[2021-08-18 09:08:59,604] {scheduler_job.py:190} INFO - Processing /home/airflow/.local/lib/python3.6/site-packages/airflow/example_dags/tutorial_etl_dag.py took 0.093 seconds
[2021-08-18 09:09:29,864] {scheduler_job.py:182} INFO - Started process (PID=1024) to work on /home/airflow/.local/lib/python3.6/site-packages/airflow/example_dags/tutorial_etl_dag.py
[2021-08-18 09:09:29,866] {scheduler_job.py:633} INFO - Processing file /home/airflow/.local/lib/python3.6/site-packages/airflow/example_dags/tutorial_etl_dag.py for tasks to queue
[2021-08-18 09:09:29,867] {logging_mixin.py:104} INFO - [2021-08-18 09:09:29,867] {dagbag.py:487} INFO - Filling up the DagBag from /home/airflow/.local/lib/python3.6/site-packages/airflow/example_dags/tutorial_etl_dag.py
[2021-08-18 09:09:29,884] {scheduler_job.py:643} INFO - DAG(s) dict_keys(['tutorial_etl_dag']) retrieved from /home/airflow/.local/lib/python3.6/site-packages/airflow/example_dags/tutorial_etl_dag.py
[2021-08-18 09:09:29,908] {logging_mixin.py:104} INFO - [2021-08-18 09:09:29,908] {dag.py:1832} INFO - Sync 1 DAGs
[2021-08-18 09:09:29,928] {logging_mixin.py:104} INFO - [2021-08-18 09:09:29,928] {dag.py:2305} INFO - Setting next_dagrun for tutorial_etl_dag to None
[2021-08-18 09:09:29,940] {scheduler_job.py:190} INFO - Processing /home/airflow/.local/lib/python3.6/site-packages/airflow/example_dags/tutorial_etl_dag.py took 0.080 seconds
[2021-08-18 09:10:00,247] {scheduler_job.py:182} INFO - Started process (PID=1086) to work on /home/airflow/.local/lib/python3.6/site-packages/airflow/example_dags/tutorial_etl_dag.py
[2021-08-18 09:10:00,249] {scheduler_job.py:633} INFO - Processing file /home/airflow/.local/lib/python3.6/site-packages/airflow/example_dags/tutorial_etl_dag.py for tasks to queue
[2021-08-18 09:10:00,251] {logging_mixin.py:104} INFO - [2021-08-18 09:10:00,251] {dagbag.py:487} INFO - Filling up the DagBag from /home/airflow/.local/lib/python3.6/site-packages/airflow/example_dags/tutorial_etl_dag.py
[2021-08-18 09:10:00,266] {scheduler_job.py:643} INFO - DAG(s) dict_keys(['tutorial_etl_dag']) retrieved from /home/airflow/.local/lib/python3.6/site-packages/airflow/example_dags/tutorial_etl_dag.py
[2021-08-18 09:10:00,289] {logging_mixin.py:104} INFO - [2021-08-18 09:10:00,289] {dag.py:1832} INFO - Sync 1 DAGs
[2021-08-18 09:10:00,307] {logging_mixin.py:104} INFO - [2021-08-18 09:10:00,307] {dag.py:2305} INFO - Setting next_dagrun for tutorial_etl_dag to None
[2021-08-18 09:10:00,318] {scheduler_job.py:190} INFO - Processing /home/airflow/.local/lib/python3.6/site-packages/airflow/example_dags/tutorial_etl_dag.py took 0.075 seconds
[2021-08-18 09:10:30,837] {scheduler_job.py:182} INFO - Started process (PID=1164) to work on /home/airflow/.local/lib/python3.6/site-packages/airflow/example_dags/tutorial_etl_dag.py
[2021-08-18 09:10:30,839] {scheduler_job.py:633} INFO - Processing file /home/airflow/.local/lib/python3.6/site-packages/airflow/example_dags/tutorial_etl_dag.py for tasks to queue
[2021-08-18 09:10:30,841] {logging_mixin.py:104} INFO - [2021-08-18 09:10:30,841] {dagbag.py:487} INFO - Filling up the DagBag from /home/airflow/.local/lib/python3.6/site-packages/airflow/example_dags/tutorial_etl_dag.py
[2021-08-18 09:10:30,858] {scheduler_job.py:643} INFO - DAG(s) dict_keys(['tutorial_etl_dag']) retrieved from /home/airflow/.local/lib/python3.6/site-packages/airflow/example_dags/tutorial_etl_dag.py
[2021-08-18 09:10:30,886] {logging_mixin.py:104} INFO - [2021-08-18 09:10:30,886] {dag.py:1832} INFO - Sync 1 DAGs
[2021-08-18 09:10:30,907] {logging_mixin.py:104} INFO - [2021-08-18 09:10:30,906] {dag.py:2305} INFO - Setting next_dagrun for tutorial_etl_dag to None
[2021-08-18 09:10:30,920] {scheduler_job.py:190} INFO - Processing /home/airflow/.local/lib/python3.6/site-packages/airflow/example_dags/tutorial_etl_dag.py took 0.087 seconds
[2021-08-18 09:11:01,201] {scheduler_job.py:182} INFO - Started process (PID=1226) to work on /home/airflow/.local/lib/python3.6/site-packages/airflow/example_dags/tutorial_etl_dag.py
[2021-08-18 09:11:01,203] {scheduler_job.py:633} INFO - Processing file /home/airflow/.local/lib/python3.6/site-packages/airflow/example_dags/tutorial_etl_dag.py for tasks to queue
[2021-08-18 09:11:01,204] {logging_mixin.py:104} INFO - [2021-08-18 09:11:01,204] {dagbag.py:487} INFO - Filling up the DagBag from /home/airflow/.local/lib/python3.6/site-packages/airflow/example_dags/tutorial_etl_dag.py
[2021-08-18 09:11:01,225] {scheduler_job.py:643} INFO - DAG(s) dict_keys(['tutorial_etl_dag']) retrieved from /home/airflow/.local/lib/python3.6/site-packages/airflow/example_dags/tutorial_etl_dag.py
[2021-08-18 09:11:01,251] {logging_mixin.py:104} INFO - [2021-08-18 09:11:01,251] {dag.py:1832} INFO - Sync 1 DAGs
[2021-08-18 09:11:01,270] {logging_mixin.py:104} INFO - [2021-08-18 09:11:01,270] {dag.py:2305} INFO - Setting next_dagrun for tutorial_etl_dag to None
[2021-08-18 09:11:01,281] {scheduler_job.py:190} INFO - Processing /home/airflow/.local/lib/python3.6/site-packages/airflow/example_dags/tutorial_etl_dag.py took 0.085 seconds
[2021-08-18 09:11:31,575] {scheduler_job.py:182} INFO - Started process (PID=1304) to work on /home/airflow/.local/lib/python3.6/site-packages/airflow/example_dags/tutorial_etl_dag.py
[2021-08-18 09:11:31,578] {scheduler_job.py:633} INFO - Processing file /home/airflow/.local/lib/python3.6/site-packages/airflow/example_dags/tutorial_etl_dag.py for tasks to queue
[2021-08-18 09:11:31,579] {logging_mixin.py:104} INFO - [2021-08-18 09:11:31,579] {dagbag.py:487} INFO - Filling up the DagBag from /home/airflow/.local/lib/python3.6/site-packages/airflow/example_dags/tutorial_etl_dag.py
[2021-08-18 09:11:31,595] {scheduler_job.py:643} INFO - DAG(s) dict_keys(['tutorial_etl_dag']) retrieved from /home/airflow/.local/lib/python3.6/site-packages/airflow/example_dags/tutorial_etl_dag.py
[2021-08-18 09:11:31,622] {logging_mixin.py:104} INFO - [2021-08-18 09:11:31,622] {dag.py:1832} INFO - Sync 1 DAGs
[2021-08-18 09:11:31,640] {logging_mixin.py:104} INFO - [2021-08-18 09:11:31,640] {dag.py:2305} INFO - Setting next_dagrun for tutorial_etl_dag to None
[2021-08-18 09:11:31,651] {scheduler_job.py:190} INFO - Processing /home/airflow/.local/lib/python3.6/site-packages/airflow/example_dags/tutorial_etl_dag.py took 0.080 seconds
[2021-08-18 09:12:02,287] {scheduler_job.py:182} INFO - Started process (PID=1381) to work on /home/airflow/.local/lib/python3.6/site-packages/airflow/example_dags/tutorial_etl_dag.py
[2021-08-18 09:12:02,289] {scheduler_job.py:633} INFO - Processing file /home/airflow/.local/lib/python3.6/site-packages/airflow/example_dags/tutorial_etl_dag.py for tasks to queue
[2021-08-18 09:12:02,290] {logging_mixin.py:104} INFO - [2021-08-18 09:12:02,290] {dagbag.py:487} INFO - Filling up the DagBag from /home/airflow/.local/lib/python3.6/site-packages/airflow/example_dags/tutorial_etl_dag.py
[2021-08-18 09:12:02,305] {scheduler_job.py:643} INFO - DAG(s) dict_keys(['tutorial_etl_dag']) retrieved from /home/airflow/.local/lib/python3.6/site-packages/airflow/example_dags/tutorial_etl_dag.py
[2021-08-18 09:12:02,327] {logging_mixin.py:104} INFO - [2021-08-18 09:12:02,327] {dag.py:1832} INFO - Sync 1 DAGs
[2021-08-18 09:12:02,343] {logging_mixin.py:104} INFO - [2021-08-18 09:12:02,343] {dag.py:2305} INFO - Setting next_dagrun for tutorial_etl_dag to None
[2021-08-18 09:12:02,353] {scheduler_job.py:190} INFO - Processing /home/airflow/.local/lib/python3.6/site-packages/airflow/example_dags/tutorial_etl_dag.py took 0.070 seconds
[2021-08-18 09:12:32,930] {scheduler_job.py:182} INFO - Started process (PID=1443) to work on /home/airflow/.local/lib/python3.6/site-packages/airflow/example_dags/tutorial_etl_dag.py
[2021-08-18 09:12:32,937] {scheduler_job.py:633} INFO - Processing file /home/airflow/.local/lib/python3.6/site-packages/airflow/example_dags/tutorial_etl_dag.py for tasks to queue
[2021-08-18 09:12:32,939] {logging_mixin.py:104} INFO - [2021-08-18 09:12:32,939] {dagbag.py:487} INFO - Filling up the DagBag from /home/airflow/.local/lib/python3.6/site-packages/airflow/example_dags/tutorial_etl_dag.py
[2021-08-18 09:12:32,958] {scheduler_job.py:643} INFO - DAG(s) dict_keys(['tutorial_etl_dag']) retrieved from /home/airflow/.local/lib/python3.6/site-packages/airflow/example_dags/tutorial_etl_dag.py
[2021-08-18 09:12:32,989] {logging_mixin.py:104} INFO - [2021-08-18 09:12:32,989] {dag.py:1832} INFO - Sync 1 DAGs
[2021-08-18 09:12:33,009] {logging_mixin.py:104} INFO - [2021-08-18 09:12:33,009] {dag.py:2305} INFO - Setting next_dagrun for tutorial_etl_dag to None
[2021-08-18 09:12:33,026] {scheduler_job.py:190} INFO - Processing /home/airflow/.local/lib/python3.6/site-packages/airflow/example_dags/tutorial_etl_dag.py took 0.100 seconds
[2021-08-18 09:13:03,619] {scheduler_job.py:182} INFO - Started process (PID=1520) to work on /home/airflow/.local/lib/python3.6/site-packages/airflow/example_dags/tutorial_etl_dag.py
[2021-08-18 09:13:03,621] {scheduler_job.py:633} INFO - Processing file /home/airflow/.local/lib/python3.6/site-packages/airflow/example_dags/tutorial_etl_dag.py for tasks to queue
[2021-08-18 09:13:03,623] {logging_mixin.py:104} INFO - [2021-08-18 09:13:03,623] {dagbag.py:487} INFO - Filling up the DagBag from /home/airflow/.local/lib/python3.6/site-packages/airflow/example_dags/tutorial_etl_dag.py
[2021-08-18 09:13:03,639] {scheduler_job.py:643} INFO - DAG(s) dict_keys(['tutorial_etl_dag']) retrieved from /home/airflow/.local/lib/python3.6/site-packages/airflow/example_dags/tutorial_etl_dag.py
[2021-08-18 09:13:03,662] {logging_mixin.py:104} INFO - [2021-08-18 09:13:03,662] {dag.py:1832} INFO - Sync 1 DAGs
[2021-08-18 09:13:03,682] {logging_mixin.py:104} INFO - [2021-08-18 09:13:03,682] {dag.py:2305} INFO - Setting next_dagrun for tutorial_etl_dag to None
[2021-08-18 09:13:03,693] {scheduler_job.py:190} INFO - Processing /home/airflow/.local/lib/python3.6/site-packages/airflow/example_dags/tutorial_etl_dag.py took 0.078 seconds
[2021-08-18 09:13:34,678] {scheduler_job.py:182} INFO - Started process (PID=1593) to work on /home/airflow/.local/lib/python3.6/site-packages/airflow/example_dags/tutorial_etl_dag.py
[2021-08-18 09:13:34,687] {scheduler_job.py:633} INFO - Processing file /home/airflow/.local/lib/python3.6/site-packages/airflow/example_dags/tutorial_etl_dag.py for tasks to queue
[2021-08-18 09:13:34,689] {logging_mixin.py:104} INFO - [2021-08-18 09:13:34,688] {dagbag.py:487} INFO - Filling up the DagBag from /home/airflow/.local/lib/python3.6/site-packages/airflow/example_dags/tutorial_etl_dag.py
[2021-08-18 09:13:34,734] {scheduler_job.py:643} INFO - DAG(s) dict_keys(['tutorial_etl_dag']) retrieved from /home/airflow/.local/lib/python3.6/site-packages/airflow/example_dags/tutorial_etl_dag.py
[2021-08-18 09:13:34,840] {logging_mixin.py:104} INFO - [2021-08-18 09:13:34,840] {dag.py:1832} INFO - Sync 1 DAGs
[2021-08-18 09:13:34,935] {logging_mixin.py:104} INFO - [2021-08-18 09:13:34,928] {dag.py:2305} INFO - Setting next_dagrun for tutorial_etl_dag to None
[2021-08-18 09:13:34,990] {scheduler_job.py:190} INFO - Processing /home/airflow/.local/lib/python3.6/site-packages/airflow/example_dags/tutorial_etl_dag.py took 0.323 seconds
[2021-08-18 09:14:05,893] {scheduler_job.py:182} INFO - Started process (PID=1645) to work on /home/airflow/.local/lib/python3.6/site-packages/airflow/example_dags/tutorial_etl_dag.py
[2021-08-18 09:14:05,897] {scheduler_job.py:633} INFO - Processing file /home/airflow/.local/lib/python3.6/site-packages/airflow/example_dags/tutorial_etl_dag.py for tasks to queue
[2021-08-18 09:14:05,899] {logging_mixin.py:104} INFO - [2021-08-18 09:14:05,899] {dagbag.py:487} INFO - Filling up the DagBag from /home/airflow/.local/lib/python3.6/site-packages/airflow/example_dags/tutorial_etl_dag.py
[2021-08-18 09:14:05,914] {scheduler_job.py:643} INFO - DAG(s) dict_keys(['tutorial_etl_dag']) retrieved from /home/airflow/.local/lib/python3.6/site-packages/airflow/example_dags/tutorial_etl_dag.py
[2021-08-18 09:14:05,938] {logging_mixin.py:104} INFO - [2021-08-18 09:14:05,938] {dag.py:1832} INFO - Sync 1 DAGs
[2021-08-18 09:14:05,960] {logging_mixin.py:104} INFO - [2021-08-18 09:14:05,960] {dag.py:2305} INFO - Setting next_dagrun for tutorial_etl_dag to None
[2021-08-18 09:14:05,972] {scheduler_job.py:190} INFO - Processing /home/airflow/.local/lib/python3.6/site-packages/airflow/example_dags/tutorial_etl_dag.py took 0.085 seconds
[2021-08-18 09:14:36,003] {scheduler_job.py:182} INFO - Started process (PID=1722) to work on /home/airflow/.local/lib/python3.6/site-packages/airflow/example_dags/tutorial_etl_dag.py
[2021-08-18 09:14:36,005] {scheduler_job.py:633} INFO - Processing file /home/airflow/.local/lib/python3.6/site-packages/airflow/example_dags/tutorial_etl_dag.py for tasks to queue
[2021-08-18 09:14:36,006] {logging_mixin.py:104} INFO - [2021-08-18 09:14:36,006] {dagbag.py:487} INFO - Filling up the DagBag from /home/airflow/.local/lib/python3.6/site-packages/airflow/example_dags/tutorial_etl_dag.py
[2021-08-18 09:14:36,024] {scheduler_job.py:643} INFO - DAG(s) dict_keys(['tutorial_etl_dag']) retrieved from /home/airflow/.local/lib/python3.6/site-packages/airflow/example_dags/tutorial_etl_dag.py
[2021-08-18 09:14:36,048] {logging_mixin.py:104} INFO - [2021-08-18 09:14:36,048] {dag.py:1832} INFO - Sync 1 DAGs
[2021-08-18 09:14:36,065] {logging_mixin.py:104} INFO - [2021-08-18 09:14:36,065] {dag.py:2305} INFO - Setting next_dagrun for tutorial_etl_dag to None
[2021-08-18 09:14:36,076] {scheduler_job.py:190} INFO - Processing /home/airflow/.local/lib/python3.6/site-packages/airflow/example_dags/tutorial_etl_dag.py took 0.078 seconds
[2021-08-18 09:15:06,934] {scheduler_job.py:182} INFO - Started process (PID=1792) to work on /home/airflow/.local/lib/python3.6/site-packages/airflow/example_dags/tutorial_etl_dag.py
[2021-08-18 09:15:06,936] {scheduler_job.py:633} INFO - Processing file /home/airflow/.local/lib/python3.6/site-packages/airflow/example_dags/tutorial_etl_dag.py for tasks to queue
[2021-08-18 09:15:06,937] {logging_mixin.py:104} INFO - [2021-08-18 09:15:06,937] {dagbag.py:487} INFO - Filling up the DagBag from /home/airflow/.local/lib/python3.6/site-packages/airflow/example_dags/tutorial_etl_dag.py
[2021-08-18 09:15:06,954] {scheduler_job.py:643} INFO - DAG(s) dict_keys(['tutorial_etl_dag']) retrieved from /home/airflow/.local/lib/python3.6/site-packages/airflow/example_dags/tutorial_etl_dag.py
[2021-08-18 09:15:06,980] {logging_mixin.py:104} INFO - [2021-08-18 09:15:06,980] {dag.py:1832} INFO - Sync 1 DAGs
[2021-08-18 09:15:06,998] {logging_mixin.py:104} INFO - [2021-08-18 09:15:06,998] {dag.py:2305} INFO - Setting next_dagrun for tutorial_etl_dag to None
[2021-08-18 09:15:07,008] {scheduler_job.py:190} INFO - Processing /home/airflow/.local/lib/python3.6/site-packages/airflow/example_dags/tutorial_etl_dag.py took 0.078 seconds
[2021-08-18 09:15:37,286] {scheduler_job.py:182} INFO - Started process (PID=1861) to work on /home/airflow/.local/lib/python3.6/site-packages/airflow/example_dags/tutorial_etl_dag.py
[2021-08-18 09:15:37,288] {scheduler_job.py:633} INFO - Processing file /home/airflow/.local/lib/python3.6/site-packages/airflow/example_dags/tutorial_etl_dag.py for tasks to queue
[2021-08-18 09:15:37,290] {logging_mixin.py:104} INFO - [2021-08-18 09:15:37,290] {dagbag.py:487} INFO - Filling up the DagBag from /home/airflow/.local/lib/python3.6/site-packages/airflow/example_dags/tutorial_etl_dag.py
[2021-08-18 09:15:37,307] {scheduler_job.py:643} INFO - DAG(s) dict_keys(['tutorial_etl_dag']) retrieved from /home/airflow/.local/lib/python3.6/site-packages/airflow/example_dags/tutorial_etl_dag.py
[2021-08-18 09:15:37,335] {logging_mixin.py:104} INFO - [2021-08-18 09:15:37,334] {dag.py:1832} INFO - Sync 1 DAGs
[2021-08-18 09:15:37,356] {logging_mixin.py:104} INFO - [2021-08-18 09:15:37,356] {dag.py:2305} INFO - Setting next_dagrun for tutorial_etl_dag to None
[2021-08-18 09:15:37,370] {scheduler_job.py:190} INFO - Processing /home/airflow/.local/lib/python3.6/site-packages/airflow/example_dags/tutorial_etl_dag.py took 0.089 seconds
[2021-08-18 09:16:07,873] {scheduler_job.py:182} INFO - Started process (PID=1937) to work on /home/airflow/.local/lib/python3.6/site-packages/airflow/example_dags/tutorial_etl_dag.py
[2021-08-18 09:16:07,875] {scheduler_job.py:633} INFO - Processing file /home/airflow/.local/lib/python3.6/site-packages/airflow/example_dags/tutorial_etl_dag.py for tasks to queue
[2021-08-18 09:16:07,876] {logging_mixin.py:104} INFO - [2021-08-18 09:16:07,876] {dagbag.py:487} INFO - Filling up the DagBag from /home/airflow/.local/lib/python3.6/site-packages/airflow/example_dags/tutorial_etl_dag.py
[2021-08-18 09:16:07,893] {scheduler_job.py:643} INFO - DAG(s) dict_keys(['tutorial_etl_dag']) retrieved from /home/airflow/.local/lib/python3.6/site-packages/airflow/example_dags/tutorial_etl_dag.py
[2021-08-18 09:16:07,918] {logging_mixin.py:104} INFO - [2021-08-18 09:16:07,918] {dag.py:1832} INFO - Sync 1 DAGs
[2021-08-18 09:16:07,938] {logging_mixin.py:104} INFO - [2021-08-18 09:16:07,938] {dag.py:2305} INFO - Setting next_dagrun for tutorial_etl_dag to None
[2021-08-18 09:16:07,951] {scheduler_job.py:190} INFO - Processing /home/airflow/.local/lib/python3.6/site-packages/airflow/example_dags/tutorial_etl_dag.py took 0.082 seconds
[2021-08-18 09:16:38,630] {scheduler_job.py:182} INFO - Started process (PID=1999) to work on /home/airflow/.local/lib/python3.6/site-packages/airflow/example_dags/tutorial_etl_dag.py
[2021-08-18 09:16:38,632] {scheduler_job.py:633} INFO - Processing file /home/airflow/.local/lib/python3.6/site-packages/airflow/example_dags/tutorial_etl_dag.py for tasks to queue
[2021-08-18 09:16:38,633] {logging_mixin.py:104} INFO - [2021-08-18 09:16:38,633] {dagbag.py:487} INFO - Filling up the DagBag from /home/airflow/.local/lib/python3.6/site-packages/airflow/example_dags/tutorial_etl_dag.py
[2021-08-18 09:16:38,649] {scheduler_job.py:643} INFO - DAG(s) dict_keys(['tutorial_etl_dag']) retrieved from /home/airflow/.local/lib/python3.6/site-packages/airflow/example_dags/tutorial_etl_dag.py
[2021-08-18 09:16:38,673] {logging_mixin.py:104} INFO - [2021-08-18 09:16:38,673] {dag.py:1832} INFO - Sync 1 DAGs
[2021-08-18 09:16:38,692] {logging_mixin.py:104} INFO - [2021-08-18 09:16:38,692] {dag.py:2305} INFO - Setting next_dagrun for tutorial_etl_dag to None
[2021-08-18 09:16:38,703] {scheduler_job.py:190} INFO - Processing /home/airflow/.local/lib/python3.6/site-packages/airflow/example_dags/tutorial_etl_dag.py took 0.077 seconds
[2021-08-18 09:17:35,661] {scheduler_job.py:182} INFO - Started process (PID=48) to work on /home/airflow/.local/lib/python3.6/site-packages/airflow/example_dags/tutorial_etl_dag.py
[2021-08-18 09:17:35,663] {scheduler_job.py:633} INFO - Processing file /home/airflow/.local/lib/python3.6/site-packages/airflow/example_dags/tutorial_etl_dag.py for tasks to queue
[2021-08-18 09:17:35,665] {logging_mixin.py:104} INFO - [2021-08-18 09:17:35,664] {dagbag.py:487} INFO - Filling up the DagBag from /home/airflow/.local/lib/python3.6/site-packages/airflow/example_dags/tutorial_etl_dag.py
[2021-08-18 09:17:35,675] {scheduler_job.py:643} INFO - DAG(s) dict_keys(['tutorial_etl_dag']) retrieved from /home/airflow/.local/lib/python3.6/site-packages/airflow/example_dags/tutorial_etl_dag.py
[2021-08-18 09:17:35,696] {logging_mixin.py:104} INFO - [2021-08-18 09:17:35,696] {dag.py:1832} INFO - Sync 1 DAGs
[2021-08-18 09:17:35,713] {logging_mixin.py:104} INFO - [2021-08-18 09:17:35,713] {dag.py:2305} INFO - Setting next_dagrun for tutorial_etl_dag to None
[2021-08-18 09:17:35,723] {scheduler_job.py:190} INFO - Processing /home/airflow/.local/lib/python3.6/site-packages/airflow/example_dags/tutorial_etl_dag.py took 0.066 seconds
[2021-08-18 09:18:06,539] {scheduler_job.py:182} INFO - Started process (PID=125) to work on /home/airflow/.local/lib/python3.6/site-packages/airflow/example_dags/tutorial_etl_dag.py
[2021-08-18 09:18:06,540] {scheduler_job.py:633} INFO - Processing file /home/airflow/.local/lib/python3.6/site-packages/airflow/example_dags/tutorial_etl_dag.py for tasks to queue
[2021-08-18 09:18:06,542] {logging_mixin.py:104} INFO - [2021-08-18 09:18:06,542] {dagbag.py:487} INFO - Filling up the DagBag from /home/airflow/.local/lib/python3.6/site-packages/airflow/example_dags/tutorial_etl_dag.py
[2021-08-18 09:18:06,555] {scheduler_job.py:643} INFO - DAG(s) dict_keys(['tutorial_etl_dag']) retrieved from /home/airflow/.local/lib/python3.6/site-packages/airflow/example_dags/tutorial_etl_dag.py
[2021-08-18 09:18:06,575] {logging_mixin.py:104} INFO - [2021-08-18 09:18:06,575] {dag.py:1832} INFO - Sync 1 DAGs
[2021-08-18 09:18:06,589] {logging_mixin.py:104} INFO - [2021-08-18 09:18:06,589] {dag.py:2305} INFO - Setting next_dagrun for tutorial_etl_dag to None
[2021-08-18 09:18:06,599] {scheduler_job.py:190} INFO - Processing /home/airflow/.local/lib/python3.6/site-packages/airflow/example_dags/tutorial_etl_dag.py took 0.064 seconds
[2021-08-18 09:18:37,851] {scheduler_job.py:182} INFO - Started process (PID=188) to work on /home/airflow/.local/lib/python3.6/site-packages/airflow/example_dags/tutorial_etl_dag.py
[2021-08-18 09:18:37,853] {scheduler_job.py:633} INFO - Processing file /home/airflow/.local/lib/python3.6/site-packages/airflow/example_dags/tutorial_etl_dag.py for tasks to queue
[2021-08-18 09:18:37,854] {logging_mixin.py:104} INFO - [2021-08-18 09:18:37,854] {dagbag.py:487} INFO - Filling up the DagBag from /home/airflow/.local/lib/python3.6/site-packages/airflow/example_dags/tutorial_etl_dag.py
[2021-08-18 09:18:37,869] {scheduler_job.py:643} INFO - DAG(s) dict_keys(['tutorial_etl_dag']) retrieved from /home/airflow/.local/lib/python3.6/site-packages/airflow/example_dags/tutorial_etl_dag.py
[2021-08-18 09:18:37,896] {logging_mixin.py:104} INFO - [2021-08-18 09:18:37,896] {dag.py:1832} INFO - Sync 1 DAGs
[2021-08-18 09:18:37,915] {logging_mixin.py:104} INFO - [2021-08-18 09:18:37,915] {dag.py:2305} INFO - Setting next_dagrun for tutorial_etl_dag to None
[2021-08-18 09:18:37,927] {scheduler_job.py:190} INFO - Processing /home/airflow/.local/lib/python3.6/site-packages/airflow/example_dags/tutorial_etl_dag.py took 0.079 seconds
[2021-08-18 09:19:07,994] {scheduler_job.py:182} INFO - Started process (PID=265) to work on /home/airflow/.local/lib/python3.6/site-packages/airflow/example_dags/tutorial_etl_dag.py
[2021-08-18 09:19:07,997] {scheduler_job.py:633} INFO - Processing file /home/airflow/.local/lib/python3.6/site-packages/airflow/example_dags/tutorial_etl_dag.py for tasks to queue
[2021-08-18 09:19:07,998] {logging_mixin.py:104} INFO - [2021-08-18 09:19:07,998] {dagbag.py:487} INFO - Filling up the DagBag from /home/airflow/.local/lib/python3.6/site-packages/airflow/example_dags/tutorial_etl_dag.py
[2021-08-18 09:19:08,016] {scheduler_job.py:643} INFO - DAG(s) dict_keys(['tutorial_etl_dag']) retrieved from /home/airflow/.local/lib/python3.6/site-packages/airflow/example_dags/tutorial_etl_dag.py
[2021-08-18 09:19:08,039] {logging_mixin.py:104} INFO - [2021-08-18 09:19:08,039] {dag.py:1832} INFO - Sync 1 DAGs
[2021-08-18 09:19:08,060] {logging_mixin.py:104} INFO - [2021-08-18 09:19:08,059] {dag.py:2305} INFO - Setting next_dagrun for tutorial_etl_dag to None
[2021-08-18 09:19:08,070] {scheduler_job.py:190} INFO - Processing /home/airflow/.local/lib/python3.6/site-packages/airflow/example_dags/tutorial_etl_dag.py took 0.081 seconds
[2021-08-18 09:19:38,445] {scheduler_job.py:182} INFO - Started process (PID=338) to work on /home/airflow/.local/lib/python3.6/site-packages/airflow/example_dags/tutorial_etl_dag.py
[2021-08-18 09:19:38,448] {scheduler_job.py:633} INFO - Processing file /home/airflow/.local/lib/python3.6/site-packages/airflow/example_dags/tutorial_etl_dag.py for tasks to queue
[2021-08-18 09:19:38,450] {logging_mixin.py:104} INFO - [2021-08-18 09:19:38,450] {dagbag.py:487} INFO - Filling up the DagBag from /home/airflow/.local/lib/python3.6/site-packages/airflow/example_dags/tutorial_etl_dag.py
[2021-08-18 09:19:38,480] {scheduler_job.py:643} INFO - DAG(s) dict_keys(['tutorial_etl_dag']) retrieved from /home/airflow/.local/lib/python3.6/site-packages/airflow/example_dags/tutorial_etl_dag.py
[2021-08-18 09:19:38,506] {logging_mixin.py:104} INFO - [2021-08-18 09:19:38,506] {dag.py:1832} INFO - Sync 1 DAGs
[2021-08-18 09:19:38,525] {logging_mixin.py:104} INFO - [2021-08-18 09:19:38,525] {dag.py:2305} INFO - Setting next_dagrun for tutorial_etl_dag to None
[2021-08-18 09:19:38,537] {scheduler_job.py:190} INFO - Processing /home/airflow/.local/lib/python3.6/site-packages/airflow/example_dags/tutorial_etl_dag.py took 0.096 seconds
[2021-08-18 09:20:08,656] {scheduler_job.py:182} INFO - Started process (PID=405) to work on /home/airflow/.local/lib/python3.6/site-packages/airflow/example_dags/tutorial_etl_dag.py
[2021-08-18 09:20:08,659] {scheduler_job.py:633} INFO - Processing file /home/airflow/.local/lib/python3.6/site-packages/airflow/example_dags/tutorial_etl_dag.py for tasks to queue
[2021-08-18 09:20:08,662] {logging_mixin.py:104} INFO - [2021-08-18 09:20:08,662] {dagbag.py:487} INFO - Filling up the DagBag from /home/airflow/.local/lib/python3.6/site-packages/airflow/example_dags/tutorial_etl_dag.py
[2021-08-18 09:20:08,680] {scheduler_job.py:643} INFO - DAG(s) dict_keys(['tutorial_etl_dag']) retrieved from /home/airflow/.local/lib/python3.6/site-packages/airflow/example_dags/tutorial_etl_dag.py
[2021-08-18 09:20:08,720] {logging_mixin.py:104} INFO - [2021-08-18 09:20:08,720] {dag.py:1832} INFO - Sync 1 DAGs
[2021-08-18 09:20:08,743] {logging_mixin.py:104} INFO - [2021-08-18 09:20:08,743] {dag.py:2305} INFO - Setting next_dagrun for tutorial_etl_dag to None
[2021-08-18 09:20:08,759] {scheduler_job.py:190} INFO - Processing /home/airflow/.local/lib/python3.6/site-packages/airflow/example_dags/tutorial_etl_dag.py took 0.108 seconds
[2021-08-18 09:20:39,427] {scheduler_job.py:182} INFO - Started process (PID=483) to work on /home/airflow/.local/lib/python3.6/site-packages/airflow/example_dags/tutorial_etl_dag.py
[2021-08-18 09:20:39,429] {scheduler_job.py:633} INFO - Processing file /home/airflow/.local/lib/python3.6/site-packages/airflow/example_dags/tutorial_etl_dag.py for tasks to queue
[2021-08-18 09:20:39,430] {logging_mixin.py:104} INFO - [2021-08-18 09:20:39,430] {dagbag.py:487} INFO - Filling up the DagBag from /home/airflow/.local/lib/python3.6/site-packages/airflow/example_dags/tutorial_etl_dag.py
[2021-08-18 09:20:39,448] {scheduler_job.py:643} INFO - DAG(s) dict_keys(['tutorial_etl_dag']) retrieved from /home/airflow/.local/lib/python3.6/site-packages/airflow/example_dags/tutorial_etl_dag.py
[2021-08-18 09:20:39,475] {logging_mixin.py:104} INFO - [2021-08-18 09:20:39,475] {dag.py:1832} INFO - Sync 1 DAGs
[2021-08-18 09:20:39,493] {logging_mixin.py:104} INFO - [2021-08-18 09:20:39,493] {dag.py:2305} INFO - Setting next_dagrun for tutorial_etl_dag to None
[2021-08-18 09:20:39,505] {scheduler_job.py:190} INFO - Processing /home/airflow/.local/lib/python3.6/site-packages/airflow/example_dags/tutorial_etl_dag.py took 0.082 seconds
[2021-08-18 09:21:09,611] {scheduler_job.py:182} INFO - Started process (PID=543) to work on /home/airflow/.local/lib/python3.6/site-packages/airflow/example_dags/tutorial_etl_dag.py
[2021-08-18 09:21:09,614] {scheduler_job.py:633} INFO - Processing file /home/airflow/.local/lib/python3.6/site-packages/airflow/example_dags/tutorial_etl_dag.py for tasks to queue
[2021-08-18 09:21:09,615] {logging_mixin.py:104} INFO - [2021-08-18 09:21:09,615] {dagbag.py:487} INFO - Filling up the DagBag from /home/airflow/.local/lib/python3.6/site-packages/airflow/example_dags/tutorial_etl_dag.py
[2021-08-18 09:21:09,630] {scheduler_job.py:643} INFO - DAG(s) dict_keys(['tutorial_etl_dag']) retrieved from /home/airflow/.local/lib/python3.6/site-packages/airflow/example_dags/tutorial_etl_dag.py
[2021-08-18 09:21:09,655] {logging_mixin.py:104} INFO - [2021-08-18 09:21:09,655] {dag.py:1832} INFO - Sync 1 DAGs
[2021-08-18 09:21:09,672] {logging_mixin.py:104} INFO - [2021-08-18 09:21:09,672] {dag.py:2305} INFO - Setting next_dagrun for tutorial_etl_dag to None
[2021-08-18 09:21:09,682] {scheduler_job.py:190} INFO - Processing /home/airflow/.local/lib/python3.6/site-packages/airflow/example_dags/tutorial_etl_dag.py took 0.075 seconds
[2021-08-18 09:21:39,910] {scheduler_job.py:182} INFO - Started process (PID=622) to work on /home/airflow/.local/lib/python3.6/site-packages/airflow/example_dags/tutorial_etl_dag.py
[2021-08-18 09:21:39,912] {scheduler_job.py:633} INFO - Processing file /home/airflow/.local/lib/python3.6/site-packages/airflow/example_dags/tutorial_etl_dag.py for tasks to queue
[2021-08-18 09:21:39,914] {logging_mixin.py:104} INFO - [2021-08-18 09:21:39,913] {dagbag.py:487} INFO - Filling up the DagBag from /home/airflow/.local/lib/python3.6/site-packages/airflow/example_dags/tutorial_etl_dag.py
[2021-08-18 09:21:39,929] {scheduler_job.py:643} INFO - DAG(s) dict_keys(['tutorial_etl_dag']) retrieved from /home/airflow/.local/lib/python3.6/site-packages/airflow/example_dags/tutorial_etl_dag.py
[2021-08-18 09:21:39,954] {logging_mixin.py:104} INFO - [2021-08-18 09:21:39,954] {dag.py:1832} INFO - Sync 1 DAGs
[2021-08-18 09:21:39,973] {logging_mixin.py:104} INFO - [2021-08-18 09:21:39,973] {dag.py:2305} INFO - Setting next_dagrun for tutorial_etl_dag to None
[2021-08-18 09:21:39,985] {scheduler_job.py:190} INFO - Processing /home/airflow/.local/lib/python3.6/site-packages/airflow/example_dags/tutorial_etl_dag.py took 0.080 seconds
[2021-08-18 09:22:10,218] {scheduler_job.py:182} INFO - Started process (PID=685) to work on /home/airflow/.local/lib/python3.6/site-packages/airflow/example_dags/tutorial_etl_dag.py
[2021-08-18 09:22:10,220] {scheduler_job.py:633} INFO - Processing file /home/airflow/.local/lib/python3.6/site-packages/airflow/example_dags/tutorial_etl_dag.py for tasks to queue
[2021-08-18 09:22:10,221] {logging_mixin.py:104} INFO - [2021-08-18 09:22:10,221] {dagbag.py:487} INFO - Filling up the DagBag from /home/airflow/.local/lib/python3.6/site-packages/airflow/example_dags/tutorial_etl_dag.py
[2021-08-18 09:22:10,236] {scheduler_job.py:643} INFO - DAG(s) dict_keys(['tutorial_etl_dag']) retrieved from /home/airflow/.local/lib/python3.6/site-packages/airflow/example_dags/tutorial_etl_dag.py
[2021-08-18 09:22:10,263] {logging_mixin.py:104} INFO - [2021-08-18 09:22:10,263] {dag.py:1832} INFO - Sync 1 DAGs
[2021-08-18 09:22:10,281] {logging_mixin.py:104} INFO - [2021-08-18 09:22:10,281] {dag.py:2305} INFO - Setting next_dagrun for tutorial_etl_dag to None
[2021-08-18 09:22:10,291] {scheduler_job.py:190} INFO - Processing /home/airflow/.local/lib/python3.6/site-packages/airflow/example_dags/tutorial_etl_dag.py took 0.077 seconds
[2021-08-18 09:22:40,578] {scheduler_job.py:182} INFO - Started process (PID=762) to work on /home/airflow/.local/lib/python3.6/site-packages/airflow/example_dags/tutorial_etl_dag.py
[2021-08-18 09:22:40,580] {scheduler_job.py:633} INFO - Processing file /home/airflow/.local/lib/python3.6/site-packages/airflow/example_dags/tutorial_etl_dag.py for tasks to queue
[2021-08-18 09:22:40,581] {logging_mixin.py:104} INFO - [2021-08-18 09:22:40,581] {dagbag.py:487} INFO - Filling up the DagBag from /home/airflow/.local/lib/python3.6/site-packages/airflow/example_dags/tutorial_etl_dag.py
[2021-08-18 09:22:40,595] {scheduler_job.py:643} INFO - DAG(s) dict_keys(['tutorial_etl_dag']) retrieved from /home/airflow/.local/lib/python3.6/site-packages/airflow/example_dags/tutorial_etl_dag.py
[2021-08-18 09:22:40,616] {logging_mixin.py:104} INFO - [2021-08-18 09:22:40,616] {dag.py:1832} INFO - Sync 1 DAGs
[2021-08-18 09:22:40,632] {logging_mixin.py:104} INFO - [2021-08-18 09:22:40,632] {dag.py:2305} INFO - Setting next_dagrun for tutorial_etl_dag to None
[2021-08-18 09:22:40,643] {scheduler_job.py:190} INFO - Processing /home/airflow/.local/lib/python3.6/site-packages/airflow/example_dags/tutorial_etl_dag.py took 0.068 seconds
[2021-08-18 09:23:10,717] {scheduler_job.py:182} INFO - Started process (PID=839) to work on /home/airflow/.local/lib/python3.6/site-packages/airflow/example_dags/tutorial_etl_dag.py
[2021-08-18 09:23:10,719] {scheduler_job.py:633} INFO - Processing file /home/airflow/.local/lib/python3.6/site-packages/airflow/example_dags/tutorial_etl_dag.py for tasks to queue
[2021-08-18 09:23:10,720] {logging_mixin.py:104} INFO - [2021-08-18 09:23:10,720] {dagbag.py:487} INFO - Filling up the DagBag from /home/airflow/.local/lib/python3.6/site-packages/airflow/example_dags/tutorial_etl_dag.py
[2021-08-18 09:23:10,737] {scheduler_job.py:643} INFO - DAG(s) dict_keys(['tutorial_etl_dag']) retrieved from /home/airflow/.local/lib/python3.6/site-packages/airflow/example_dags/tutorial_etl_dag.py
[2021-08-18 09:23:10,761] {logging_mixin.py:104} INFO - [2021-08-18 09:23:10,761] {dag.py:1832} INFO - Sync 1 DAGs
[2021-08-18 09:23:10,778] {logging_mixin.py:104} INFO - [2021-08-18 09:23:10,778] {dag.py:2305} INFO - Setting next_dagrun for tutorial_etl_dag to None
[2021-08-18 09:23:10,788] {scheduler_job.py:190} INFO - Processing /home/airflow/.local/lib/python3.6/site-packages/airflow/example_dags/tutorial_etl_dag.py took 0.076 seconds
[2021-08-18 09:23:41,326] {scheduler_job.py:182} INFO - Started process (PID=913) to work on /home/airflow/.local/lib/python3.6/site-packages/airflow/example_dags/tutorial_etl_dag.py
[2021-08-18 09:23:41,328] {scheduler_job.py:633} INFO - Processing file /home/airflow/.local/lib/python3.6/site-packages/airflow/example_dags/tutorial_etl_dag.py for tasks to queue
[2021-08-18 09:23:41,330] {logging_mixin.py:104} INFO - [2021-08-18 09:23:41,330] {dagbag.py:487} INFO - Filling up the DagBag from /home/airflow/.local/lib/python3.6/site-packages/airflow/example_dags/tutorial_etl_dag.py
[2021-08-18 09:23:41,346] {scheduler_job.py:643} INFO - DAG(s) dict_keys(['tutorial_etl_dag']) retrieved from /home/airflow/.local/lib/python3.6/site-packages/airflow/example_dags/tutorial_etl_dag.py
[2021-08-18 09:23:41,372] {logging_mixin.py:104} INFO - [2021-08-18 09:23:41,372] {dag.py:1832} INFO - Sync 1 DAGs
[2021-08-18 09:23:41,388] {logging_mixin.py:104} INFO - [2021-08-18 09:23:41,388] {dag.py:2305} INFO - Setting next_dagrun for tutorial_etl_dag to None
[2021-08-18 09:23:41,398] {scheduler_job.py:190} INFO - Processing /home/airflow/.local/lib/python3.6/site-packages/airflow/example_dags/tutorial_etl_dag.py took 0.075 seconds
[2021-08-18 09:24:11,515] {scheduler_job.py:182} INFO - Started process (PID=991) to work on /home/airflow/.local/lib/python3.6/site-packages/airflow/example_dags/tutorial_etl_dag.py
[2021-08-18 09:24:11,517] {scheduler_job.py:633} INFO - Processing file /home/airflow/.local/lib/python3.6/site-packages/airflow/example_dags/tutorial_etl_dag.py for tasks to queue
[2021-08-18 09:24:11,519] {logging_mixin.py:104} INFO - [2021-08-18 09:24:11,518] {dagbag.py:487} INFO - Filling up the DagBag from /home/airflow/.local/lib/python3.6/site-packages/airflow/example_dags/tutorial_etl_dag.py
[2021-08-18 09:24:11,533] {scheduler_job.py:643} INFO - DAG(s) dict_keys(['tutorial_etl_dag']) retrieved from /home/airflow/.local/lib/python3.6/site-packages/airflow/example_dags/tutorial_etl_dag.py
[2021-08-18 09:24:11,555] {logging_mixin.py:104} INFO - [2021-08-18 09:24:11,555] {dag.py:1832} INFO - Sync 1 DAGs
[2021-08-18 09:24:11,586] {logging_mixin.py:104} INFO - [2021-08-18 09:24:11,585] {dag.py:2305} INFO - Setting next_dagrun for tutorial_etl_dag to None
[2021-08-18 09:24:11,596] {scheduler_job.py:190} INFO - Processing /home/airflow/.local/lib/python3.6/site-packages/airflow/example_dags/tutorial_etl_dag.py took 0.084 seconds
[2021-08-18 09:24:42,030] {scheduler_job.py:182} INFO - Started process (PID=1063) to work on /home/airflow/.local/lib/python3.6/site-packages/airflow/example_dags/tutorial_etl_dag.py
[2021-08-18 09:24:42,033] {scheduler_job.py:633} INFO - Processing file /home/airflow/.local/lib/python3.6/site-packages/airflow/example_dags/tutorial_etl_dag.py for tasks to queue
[2021-08-18 09:24:42,035] {logging_mixin.py:104} INFO - [2021-08-18 09:24:42,035] {dagbag.py:487} INFO - Filling up the DagBag from /home/airflow/.local/lib/python3.6/site-packages/airflow/example_dags/tutorial_etl_dag.py
[2021-08-18 09:24:42,052] {scheduler_job.py:643} INFO - DAG(s) dict_keys(['tutorial_etl_dag']) retrieved from /home/airflow/.local/lib/python3.6/site-packages/airflow/example_dags/tutorial_etl_dag.py
[2021-08-18 09:24:42,084] {logging_mixin.py:104} INFO - [2021-08-18 09:24:42,084] {dag.py:1832} INFO - Sync 1 DAGs
[2021-08-18 09:24:42,108] {logging_mixin.py:104} INFO - [2021-08-18 09:24:42,108] {dag.py:2305} INFO - Setting next_dagrun for tutorial_etl_dag to None
[2021-08-18 09:24:42,127] {scheduler_job.py:190} INFO - Processing /home/airflow/.local/lib/python3.6/site-packages/airflow/example_dags/tutorial_etl_dag.py took 0.101 seconds
[2021-08-18 09:25:12,188] {scheduler_job.py:182} INFO - Started process (PID=1130) to work on /home/airflow/.local/lib/python3.6/site-packages/airflow/example_dags/tutorial_etl_dag.py
[2021-08-18 09:25:12,190] {scheduler_job.py:633} INFO - Processing file /home/airflow/.local/lib/python3.6/site-packages/airflow/example_dags/tutorial_etl_dag.py for tasks to queue
[2021-08-18 09:25:12,191] {logging_mixin.py:104} INFO - [2021-08-18 09:25:12,191] {dagbag.py:487} INFO - Filling up the DagBag from /home/airflow/.local/lib/python3.6/site-packages/airflow/example_dags/tutorial_etl_dag.py
[2021-08-18 09:25:12,206] {scheduler_job.py:643} INFO - DAG(s) dict_keys(['tutorial_etl_dag']) retrieved from /home/airflow/.local/lib/python3.6/site-packages/airflow/example_dags/tutorial_etl_dag.py
[2021-08-18 09:25:12,230] {logging_mixin.py:104} INFO - [2021-08-18 09:25:12,230] {dag.py:1832} INFO - Sync 1 DAGs
[2021-08-18 09:25:12,251] {logging_mixin.py:104} INFO - [2021-08-18 09:25:12,251] {dag.py:2305} INFO - Setting next_dagrun for tutorial_etl_dag to None
[2021-08-18 09:25:12,293] {scheduler_job.py:190} INFO - Processing /home/airflow/.local/lib/python3.6/site-packages/airflow/example_dags/tutorial_etl_dag.py took 0.110 seconds
[2021-08-18 09:25:42,541] {scheduler_job.py:182} INFO - Started process (PID=1208) to work on /home/airflow/.local/lib/python3.6/site-packages/airflow/example_dags/tutorial_etl_dag.py
[2021-08-18 09:25:42,547] {scheduler_job.py:633} INFO - Processing file /home/airflow/.local/lib/python3.6/site-packages/airflow/example_dags/tutorial_etl_dag.py for tasks to queue
[2021-08-18 09:25:42,549] {logging_mixin.py:104} INFO - [2021-08-18 09:25:42,548] {dagbag.py:487} INFO - Filling up the DagBag from /home/airflow/.local/lib/python3.6/site-packages/airflow/example_dags/tutorial_etl_dag.py
[2021-08-18 09:25:42,572] {scheduler_job.py:643} INFO - DAG(s) dict_keys(['tutorial_etl_dag']) retrieved from /home/airflow/.local/lib/python3.6/site-packages/airflow/example_dags/tutorial_etl_dag.py
[2021-08-18 09:25:42,595] {logging_mixin.py:104} INFO - [2021-08-18 09:25:42,595] {dag.py:1832} INFO - Sync 1 DAGs
[2021-08-18 09:25:42,619] {logging_mixin.py:104} INFO - [2021-08-18 09:25:42,618] {dag.py:2305} INFO - Setting next_dagrun for tutorial_etl_dag to None
[2021-08-18 09:25:42,633] {scheduler_job.py:190} INFO - Processing /home/airflow/.local/lib/python3.6/site-packages/airflow/example_dags/tutorial_etl_dag.py took 0.097 seconds
[2021-08-18 09:26:12,914] {scheduler_job.py:182} INFO - Started process (PID=1269) to work on /home/airflow/.local/lib/python3.6/site-packages/airflow/example_dags/tutorial_etl_dag.py
[2021-08-18 09:26:12,916] {scheduler_job.py:633} INFO - Processing file /home/airflow/.local/lib/python3.6/site-packages/airflow/example_dags/tutorial_etl_dag.py for tasks to queue
[2021-08-18 09:26:12,918] {logging_mixin.py:104} INFO - [2021-08-18 09:26:12,918] {dagbag.py:487} INFO - Filling up the DagBag from /home/airflow/.local/lib/python3.6/site-packages/airflow/example_dags/tutorial_etl_dag.py
[2021-08-18 09:26:12,932] {scheduler_job.py:643} INFO - DAG(s) dict_keys(['tutorial_etl_dag']) retrieved from /home/airflow/.local/lib/python3.6/site-packages/airflow/example_dags/tutorial_etl_dag.py
[2021-08-18 09:26:12,954] {logging_mixin.py:104} INFO - [2021-08-18 09:26:12,954] {dag.py:1832} INFO - Sync 1 DAGs
[2021-08-18 09:26:12,971] {logging_mixin.py:104} INFO - [2021-08-18 09:26:12,971] {dag.py:2305} INFO - Setting next_dagrun for tutorial_etl_dag to None
[2021-08-18 09:26:12,982] {scheduler_job.py:190} INFO - Processing /home/airflow/.local/lib/python3.6/site-packages/airflow/example_dags/tutorial_etl_dag.py took 0.071 seconds
[2021-08-18 09:26:43,846] {scheduler_job.py:182} INFO - Started process (PID=1345) to work on /home/airflow/.local/lib/python3.6/site-packages/airflow/example_dags/tutorial_etl_dag.py
[2021-08-18 09:26:43,848] {scheduler_job.py:633} INFO - Processing file /home/airflow/.local/lib/python3.6/site-packages/airflow/example_dags/tutorial_etl_dag.py for tasks to queue
[2021-08-18 09:26:43,849] {logging_mixin.py:104} INFO - [2021-08-18 09:26:43,849] {dagbag.py:487} INFO - Filling up the DagBag from /home/airflow/.local/lib/python3.6/site-packages/airflow/example_dags/tutorial_etl_dag.py
[2021-08-18 09:26:43,862] {scheduler_job.py:643} INFO - DAG(s) dict_keys(['tutorial_etl_dag']) retrieved from /home/airflow/.local/lib/python3.6/site-packages/airflow/example_dags/tutorial_etl_dag.py
[2021-08-18 09:26:43,882] {logging_mixin.py:104} INFO - [2021-08-18 09:26:43,882] {dag.py:1832} INFO - Sync 1 DAGs
[2021-08-18 09:26:43,900] {logging_mixin.py:104} INFO - [2021-08-18 09:26:43,900] {dag.py:2305} INFO - Setting next_dagrun for tutorial_etl_dag to None
[2021-08-18 09:26:43,911] {scheduler_job.py:190} INFO - Processing /home/airflow/.local/lib/python3.6/site-packages/airflow/example_dags/tutorial_etl_dag.py took 0.069 seconds
[2021-08-18 09:27:14,732] {scheduler_job.py:182} INFO - Started process (PID=1406) to work on /home/airflow/.local/lib/python3.6/site-packages/airflow/example_dags/tutorial_etl_dag.py
[2021-08-18 09:27:14,733] {scheduler_job.py:633} INFO - Processing file /home/airflow/.local/lib/python3.6/site-packages/airflow/example_dags/tutorial_etl_dag.py for tasks to queue
[2021-08-18 09:27:14,735] {logging_mixin.py:104} INFO - [2021-08-18 09:27:14,735] {dagbag.py:487} INFO - Filling up the DagBag from /home/airflow/.local/lib/python3.6/site-packages/airflow/example_dags/tutorial_etl_dag.py
[2021-08-18 09:27:14,749] {scheduler_job.py:643} INFO - DAG(s) dict_keys(['tutorial_etl_dag']) retrieved from /home/airflow/.local/lib/python3.6/site-packages/airflow/example_dags/tutorial_etl_dag.py
[2021-08-18 09:27:14,770] {logging_mixin.py:104} INFO - [2021-08-18 09:27:14,770] {dag.py:1832} INFO - Sync 1 DAGs
[2021-08-18 09:27:14,788] {logging_mixin.py:104} INFO - [2021-08-18 09:27:14,788] {dag.py:2305} INFO - Setting next_dagrun for tutorial_etl_dag to None
[2021-08-18 09:27:14,799] {scheduler_job.py:190} INFO - Processing /home/airflow/.local/lib/python3.6/site-packages/airflow/example_dags/tutorial_etl_dag.py took 0.071 seconds
[2021-08-18 09:27:46,225] {scheduler_job.py:182} INFO - Started process (PID=1483) to work on /home/airflow/.local/lib/python3.6/site-packages/airflow/example_dags/tutorial_etl_dag.py
[2021-08-18 09:27:46,228] {scheduler_job.py:633} INFO - Processing file /home/airflow/.local/lib/python3.6/site-packages/airflow/example_dags/tutorial_etl_dag.py for tasks to queue
[2021-08-18 09:27:46,230] {logging_mixin.py:104} INFO - [2021-08-18 09:27:46,230] {dagbag.py:487} INFO - Filling up the DagBag from /home/airflow/.local/lib/python3.6/site-packages/airflow/example_dags/tutorial_etl_dag.py
[2021-08-18 09:27:46,248] {scheduler_job.py:643} INFO - DAG(s) dict_keys(['tutorial_etl_dag']) retrieved from /home/airflow/.local/lib/python3.6/site-packages/airflow/example_dags/tutorial_etl_dag.py
[2021-08-18 09:27:46,271] {logging_mixin.py:104} INFO - [2021-08-18 09:27:46,271] {dag.py:1832} INFO - Sync 1 DAGs
[2021-08-18 09:27:46,295] {logging_mixin.py:104} INFO - [2021-08-18 09:27:46,295] {dag.py:2305} INFO - Setting next_dagrun for tutorial_etl_dag to None
[2021-08-18 09:27:46,306] {scheduler_job.py:190} INFO - Processing /home/airflow/.local/lib/python3.6/site-packages/airflow/example_dags/tutorial_etl_dag.py took 0.085 seconds
[2021-08-18 09:28:17,256] {scheduler_job.py:182} INFO - Started process (PID=1562) to work on /home/airflow/.local/lib/python3.6/site-packages/airflow/example_dags/tutorial_etl_dag.py
[2021-08-18 09:28:17,290] {scheduler_job.py:633} INFO - Processing file /home/airflow/.local/lib/python3.6/site-packages/airflow/example_dags/tutorial_etl_dag.py for tasks to queue
[2021-08-18 09:28:17,291] {logging_mixin.py:104} INFO - [2021-08-18 09:28:17,291] {dagbag.py:487} INFO - Filling up the DagBag from /home/airflow/.local/lib/python3.6/site-packages/airflow/example_dags/tutorial_etl_dag.py
[2021-08-18 09:28:17,306] {scheduler_job.py:643} INFO - DAG(s) dict_keys(['tutorial_etl_dag']) retrieved from /home/airflow/.local/lib/python3.6/site-packages/airflow/example_dags/tutorial_etl_dag.py
[2021-08-18 09:28:17,330] {logging_mixin.py:104} INFO - [2021-08-18 09:28:17,330] {dag.py:1832} INFO - Sync 1 DAGs
[2021-08-18 09:28:17,348] {logging_mixin.py:104} INFO - [2021-08-18 09:28:17,348] {dag.py:2305} INFO - Setting next_dagrun for tutorial_etl_dag to None
[2021-08-18 09:28:17,359] {scheduler_job.py:190} INFO - Processing /home/airflow/.local/lib/python3.6/site-packages/airflow/example_dags/tutorial_etl_dag.py took 0.109 seconds
[2021-08-18 09:28:48,245] {scheduler_job.py:182} INFO - Started process (PID=1624) to work on /home/airflow/.local/lib/python3.6/site-packages/airflow/example_dags/tutorial_etl_dag.py
[2021-08-18 09:28:48,247] {scheduler_job.py:633} INFO - Processing file /home/airflow/.local/lib/python3.6/site-packages/airflow/example_dags/tutorial_etl_dag.py for tasks to queue
[2021-08-18 09:28:48,248] {logging_mixin.py:104} INFO - [2021-08-18 09:28:48,248] {dagbag.py:487} INFO - Filling up the DagBag from /home/airflow/.local/lib/python3.6/site-packages/airflow/example_dags/tutorial_etl_dag.py
[2021-08-18 09:28:48,262] {scheduler_job.py:643} INFO - DAG(s) dict_keys(['tutorial_etl_dag']) retrieved from /home/airflow/.local/lib/python3.6/site-packages/airflow/example_dags/tutorial_etl_dag.py
[2021-08-18 09:28:48,283] {logging_mixin.py:104} INFO - [2021-08-18 09:28:48,283] {dag.py:1832} INFO - Sync 1 DAGs
[2021-08-18 09:28:48,300] {logging_mixin.py:104} INFO - [2021-08-18 09:28:48,300] {dag.py:2305} INFO - Setting next_dagrun for tutorial_etl_dag to None
[2021-08-18 09:28:48,310] {scheduler_job.py:190} INFO - Processing /home/airflow/.local/lib/python3.6/site-packages/airflow/example_dags/tutorial_etl_dag.py took 0.070 seconds
[2021-08-18 09:29:19,384] {scheduler_job.py:182} INFO - Started process (PID=1702) to work on /home/airflow/.local/lib/python3.6/site-packages/airflow/example_dags/tutorial_etl_dag.py
[2021-08-18 09:29:19,386] {scheduler_job.py:633} INFO - Processing file /home/airflow/.local/lib/python3.6/site-packages/airflow/example_dags/tutorial_etl_dag.py for tasks to queue
[2021-08-18 09:29:19,388] {logging_mixin.py:104} INFO - [2021-08-18 09:29:19,387] {dagbag.py:487} INFO - Filling up the DagBag from /home/airflow/.local/lib/python3.6/site-packages/airflow/example_dags/tutorial_etl_dag.py
[2021-08-18 09:29:19,402] {scheduler_job.py:643} INFO - DAG(s) dict_keys(['tutorial_etl_dag']) retrieved from /home/airflow/.local/lib/python3.6/site-packages/airflow/example_dags/tutorial_etl_dag.py
[2021-08-18 09:29:19,425] {logging_mixin.py:104} INFO - [2021-08-18 09:29:19,425] {dag.py:1832} INFO - Sync 1 DAGs
[2021-08-18 09:29:19,443] {logging_mixin.py:104} INFO - [2021-08-18 09:29:19,443] {dag.py:2305} INFO - Setting next_dagrun for tutorial_etl_dag to None
[2021-08-18 09:29:19,455] {scheduler_job.py:190} INFO - Processing /home/airflow/.local/lib/python3.6/site-packages/airflow/example_dags/tutorial_etl_dag.py took 0.075 seconds
[2021-08-18 09:29:50,717] {scheduler_job.py:182} INFO - Started process (PID=1778) to work on /home/airflow/.local/lib/python3.6/site-packages/airflow/example_dags/tutorial_etl_dag.py
[2021-08-18 09:29:50,720] {scheduler_job.py:633} INFO - Processing file /home/airflow/.local/lib/python3.6/site-packages/airflow/example_dags/tutorial_etl_dag.py for tasks to queue
[2021-08-18 09:29:50,722] {logging_mixin.py:104} INFO - [2021-08-18 09:29:50,722] {dagbag.py:487} INFO - Filling up the DagBag from /home/airflow/.local/lib/python3.6/site-packages/airflow/example_dags/tutorial_etl_dag.py
[2021-08-18 09:29:50,742] {scheduler_job.py:643} INFO - DAG(s) dict_keys(['tutorial_etl_dag']) retrieved from /home/airflow/.local/lib/python3.6/site-packages/airflow/example_dags/tutorial_etl_dag.py
[2021-08-18 09:29:50,769] {logging_mixin.py:104} INFO - [2021-08-18 09:29:50,769] {dag.py:1832} INFO - Sync 1 DAGs
[2021-08-18 09:29:50,791] {logging_mixin.py:104} INFO - [2021-08-18 09:29:50,791] {dag.py:2305} INFO - Setting next_dagrun for tutorial_etl_dag to None
[2021-08-18 09:29:50,805] {scheduler_job.py:190} INFO - Processing /home/airflow/.local/lib/python3.6/site-packages/airflow/example_dags/tutorial_etl_dag.py took 0.092 seconds
[2021-08-18 09:30:21,845] {scheduler_job.py:182} INFO - Started process (PID=1849) to work on /home/airflow/.local/lib/python3.6/site-packages/airflow/example_dags/tutorial_etl_dag.py
[2021-08-18 09:30:21,847] {scheduler_job.py:633} INFO - Processing file /home/airflow/.local/lib/python3.6/site-packages/airflow/example_dags/tutorial_etl_dag.py for tasks to queue
[2021-08-18 09:30:21,849] {logging_mixin.py:104} INFO - [2021-08-18 09:30:21,849] {dagbag.py:487} INFO - Filling up the DagBag from /home/airflow/.local/lib/python3.6/site-packages/airflow/example_dags/tutorial_etl_dag.py
[2021-08-18 09:30:21,864] {scheduler_job.py:643} INFO - DAG(s) dict_keys(['tutorial_etl_dag']) retrieved from /home/airflow/.local/lib/python3.6/site-packages/airflow/example_dags/tutorial_etl_dag.py
[2021-08-18 09:30:21,898] {logging_mixin.py:104} INFO - [2021-08-18 09:30:21,898] {dag.py:1832} INFO - Sync 1 DAGs
[2021-08-18 09:30:21,919] {logging_mixin.py:104} INFO - [2021-08-18 09:30:21,919] {dag.py:2305} INFO - Setting next_dagrun for tutorial_etl_dag to None
[2021-08-18 09:30:21,933] {scheduler_job.py:190} INFO - Processing /home/airflow/.local/lib/python3.6/site-packages/airflow/example_dags/tutorial_etl_dag.py took 0.093 seconds
[2021-08-18 09:30:52,063] {scheduler_job.py:182} INFO - Started process (PID=1916) to work on /home/airflow/.local/lib/python3.6/site-packages/airflow/example_dags/tutorial_etl_dag.py
[2021-08-18 09:30:52,065] {scheduler_job.py:633} INFO - Processing file /home/airflow/.local/lib/python3.6/site-packages/airflow/example_dags/tutorial_etl_dag.py for tasks to queue
[2021-08-18 09:30:52,066] {logging_mixin.py:104} INFO - [2021-08-18 09:30:52,066] {dagbag.py:487} INFO - Filling up the DagBag from /home/airflow/.local/lib/python3.6/site-packages/airflow/example_dags/tutorial_etl_dag.py
[2021-08-18 09:30:52,079] {scheduler_job.py:643} INFO - DAG(s) dict_keys(['tutorial_etl_dag']) retrieved from /home/airflow/.local/lib/python3.6/site-packages/airflow/example_dags/tutorial_etl_dag.py
[2021-08-18 09:30:52,103] {logging_mixin.py:104} INFO - [2021-08-18 09:30:52,103] {dag.py:1832} INFO - Sync 1 DAGs
[2021-08-18 09:30:52,124] {logging_mixin.py:104} INFO - [2021-08-18 09:30:52,124] {dag.py:2305} INFO - Setting next_dagrun for tutorial_etl_dag to None
[2021-08-18 09:30:52,139] {scheduler_job.py:190} INFO - Processing /home/airflow/.local/lib/python3.6/site-packages/airflow/example_dags/tutorial_etl_dag.py took 0.080 seconds
[2021-08-18 09:31:22,960] {scheduler_job.py:182} INFO - Started process (PID=1993) to work on /home/airflow/.local/lib/python3.6/site-packages/airflow/example_dags/tutorial_etl_dag.py
[2021-08-18 09:31:22,962] {scheduler_job.py:633} INFO - Processing file /home/airflow/.local/lib/python3.6/site-packages/airflow/example_dags/tutorial_etl_dag.py for tasks to queue
[2021-08-18 09:31:22,963] {logging_mixin.py:104} INFO - [2021-08-18 09:31:22,962] {dagbag.py:487} INFO - Filling up the DagBag from /home/airflow/.local/lib/python3.6/site-packages/airflow/example_dags/tutorial_etl_dag.py
[2021-08-18 09:31:22,975] {scheduler_job.py:643} INFO - DAG(s) dict_keys(['tutorial_etl_dag']) retrieved from /home/airflow/.local/lib/python3.6/site-packages/airflow/example_dags/tutorial_etl_dag.py
[2021-08-18 09:31:22,995] {logging_mixin.py:104} INFO - [2021-08-18 09:31:22,995] {dag.py:1832} INFO - Sync 1 DAGs
[2021-08-18 09:31:23,010] {logging_mixin.py:104} INFO - [2021-08-18 09:31:23,010] {dag.py:2305} INFO - Setting next_dagrun for tutorial_etl_dag to None
[2021-08-18 09:31:23,020] {scheduler_job.py:190} INFO - Processing /home/airflow/.local/lib/python3.6/site-packages/airflow/example_dags/tutorial_etl_dag.py took 0.064 seconds
[2021-08-18 09:31:54,000] {scheduler_job.py:182} INFO - Started process (PID=2056) to work on /home/airflow/.local/lib/python3.6/site-packages/airflow/example_dags/tutorial_etl_dag.py
[2021-08-18 09:31:54,002] {scheduler_job.py:633} INFO - Processing file /home/airflow/.local/lib/python3.6/site-packages/airflow/example_dags/tutorial_etl_dag.py for tasks to queue
[2021-08-18 09:31:54,003] {logging_mixin.py:104} INFO - [2021-08-18 09:31:54,003] {dagbag.py:487} INFO - Filling up the DagBag from /home/airflow/.local/lib/python3.6/site-packages/airflow/example_dags/tutorial_etl_dag.py
[2021-08-18 09:31:54,019] {scheduler_job.py:643} INFO - DAG(s) dict_keys(['tutorial_etl_dag']) retrieved from /home/airflow/.local/lib/python3.6/site-packages/airflow/example_dags/tutorial_etl_dag.py
[2021-08-18 09:31:54,042] {logging_mixin.py:104} INFO - [2021-08-18 09:31:54,042] {dag.py:1832} INFO - Sync 1 DAGs
[2021-08-18 09:31:54,060] {logging_mixin.py:104} INFO - [2021-08-18 09:31:54,060] {dag.py:2305} INFO - Setting next_dagrun for tutorial_etl_dag to None
[2021-08-18 09:31:54,070] {scheduler_job.py:190} INFO - Processing /home/airflow/.local/lib/python3.6/site-packages/airflow/example_dags/tutorial_etl_dag.py took 0.074 seconds
[2021-08-18 09:32:24,507] {scheduler_job.py:182} INFO - Started process (PID=2135) to work on /home/airflow/.local/lib/python3.6/site-packages/airflow/example_dags/tutorial_etl_dag.py
[2021-08-18 09:32:24,509] {scheduler_job.py:633} INFO - Processing file /home/airflow/.local/lib/python3.6/site-packages/airflow/example_dags/tutorial_etl_dag.py for tasks to queue
[2021-08-18 09:32:24,510] {logging_mixin.py:104} INFO - [2021-08-18 09:32:24,510] {dagbag.py:487} INFO - Filling up the DagBag from /home/airflow/.local/lib/python3.6/site-packages/airflow/example_dags/tutorial_etl_dag.py
[2021-08-18 09:32:24,524] {scheduler_job.py:643} INFO - DAG(s) dict_keys(['tutorial_etl_dag']) retrieved from /home/airflow/.local/lib/python3.6/site-packages/airflow/example_dags/tutorial_etl_dag.py
[2021-08-18 09:32:24,546] {logging_mixin.py:104} INFO - [2021-08-18 09:32:24,546] {dag.py:1832} INFO - Sync 1 DAGs
[2021-08-18 09:32:24,562] {logging_mixin.py:104} INFO - [2021-08-18 09:32:24,562] {dag.py:2305} INFO - Setting next_dagrun for tutorial_etl_dag to None
[2021-08-18 09:32:24,571] {scheduler_job.py:190} INFO - Processing /home/airflow/.local/lib/python3.6/site-packages/airflow/example_dags/tutorial_etl_dag.py took 0.068 seconds
[2021-08-18 09:32:55,499] {scheduler_job.py:182} INFO - Started process (PID=2211) to work on /home/airflow/.local/lib/python3.6/site-packages/airflow/example_dags/tutorial_etl_dag.py
[2021-08-18 09:32:55,500] {scheduler_job.py:633} INFO - Processing file /home/airflow/.local/lib/python3.6/site-packages/airflow/example_dags/tutorial_etl_dag.py for tasks to queue
[2021-08-18 09:32:55,501] {logging_mixin.py:104} INFO - [2021-08-18 09:32:55,501] {dagbag.py:487} INFO - Filling up the DagBag from /home/airflow/.local/lib/python3.6/site-packages/airflow/example_dags/tutorial_etl_dag.py
[2021-08-18 09:32:55,515] {scheduler_job.py:643} INFO - DAG(s) dict_keys(['tutorial_etl_dag']) retrieved from /home/airflow/.local/lib/python3.6/site-packages/airflow/example_dags/tutorial_etl_dag.py
[2021-08-18 09:32:55,536] {logging_mixin.py:104} INFO - [2021-08-18 09:32:55,536] {dag.py:1832} INFO - Sync 1 DAGs
[2021-08-18 09:32:55,551] {logging_mixin.py:104} INFO - [2021-08-18 09:32:55,551] {dag.py:2305} INFO - Setting next_dagrun for tutorial_etl_dag to None
[2021-08-18 09:32:55,562] {scheduler_job.py:190} INFO - Processing /home/airflow/.local/lib/python3.6/site-packages/airflow/example_dags/tutorial_etl_dag.py took 0.067 seconds
