[2021-08-18 09:02:43,160] {scheduler_job.py:182} INFO - Started process (PID=152) to work on /home/airflow/.local/lib/python3.6/site-packages/airflow/example_dags/tutorial_taskflow_api_etl.py
[2021-08-18 09:02:43,162] {scheduler_job.py:633} INFO - Processing file /home/airflow/.local/lib/python3.6/site-packages/airflow/example_dags/tutorial_taskflow_api_etl.py for tasks to queue
[2021-08-18 09:02:43,163] {logging_mixin.py:104} INFO - [2021-08-18 09:02:43,163] {dagbag.py:487} INFO - Filling up the DagBag from /home/airflow/.local/lib/python3.6/site-packages/airflow/example_dags/tutorial_taskflow_api_etl.py
[2021-08-18 09:02:43,188] {scheduler_job.py:643} INFO - DAG(s) dict_keys(['tutorial_taskflow_api_etl']) retrieved from /home/airflow/.local/lib/python3.6/site-packages/airflow/example_dags/tutorial_taskflow_api_etl.py
[2021-08-18 09:02:45,131] {logging_mixin.py:104} INFO - [2021-08-18 09:02:45,130] {dag.py:1832} INFO - Sync 1 DAGs
[2021-08-18 09:02:45,143] {logging_mixin.py:104} INFO - [2021-08-18 09:02:45,142] {dag.py:1851} INFO - Creating ORM DAG for tutorial_taskflow_api_etl
[2021-08-18 09:02:45,150] {logging_mixin.py:104} INFO - [2021-08-18 09:02:45,150] {dag.py:2305} INFO - Setting next_dagrun for tutorial_taskflow_api_etl to None
[2021-08-18 09:02:45,162] {scheduler_job.py:190} INFO - Processing /home/airflow/.local/lib/python3.6/site-packages/airflow/example_dags/tutorial_taskflow_api_etl.py took 2.010 seconds
[2021-08-18 09:03:15,909] {scheduler_job.py:182} INFO - Started process (PID=236) to work on /home/airflow/.local/lib/python3.6/site-packages/airflow/example_dags/tutorial_taskflow_api_etl.py
[2021-08-18 09:03:15,911] {scheduler_job.py:633} INFO - Processing file /home/airflow/.local/lib/python3.6/site-packages/airflow/example_dags/tutorial_taskflow_api_etl.py for tasks to queue
[2021-08-18 09:03:15,912] {logging_mixin.py:104} INFO - [2021-08-18 09:03:15,912] {dagbag.py:487} INFO - Filling up the DagBag from /home/airflow/.local/lib/python3.6/site-packages/airflow/example_dags/tutorial_taskflow_api_etl.py
[2021-08-18 09:03:15,933] {scheduler_job.py:643} INFO - DAG(s) dict_keys(['tutorial_taskflow_api_etl']) retrieved from /home/airflow/.local/lib/python3.6/site-packages/airflow/example_dags/tutorial_taskflow_api_etl.py
[2021-08-18 09:03:16,202] {logging_mixin.py:104} INFO - [2021-08-18 09:03:16,202] {dag.py:1832} INFO - Sync 1 DAGs
[2021-08-18 09:03:16,214] {logging_mixin.py:104} INFO - [2021-08-18 09:03:16,214] {dag.py:2305} INFO - Setting next_dagrun for tutorial_taskflow_api_etl to None
[2021-08-18 09:03:16,225] {scheduler_job.py:190} INFO - Processing /home/airflow/.local/lib/python3.6/site-packages/airflow/example_dags/tutorial_taskflow_api_etl.py took 0.321 seconds
[2021-08-18 09:03:47,258] {scheduler_job.py:182} INFO - Started process (PID=314) to work on /home/airflow/.local/lib/python3.6/site-packages/airflow/example_dags/tutorial_taskflow_api_etl.py
[2021-08-18 09:03:47,260] {scheduler_job.py:633} INFO - Processing file /home/airflow/.local/lib/python3.6/site-packages/airflow/example_dags/tutorial_taskflow_api_etl.py for tasks to queue
[2021-08-18 09:03:47,261] {logging_mixin.py:104} INFO - [2021-08-18 09:03:47,261] {dagbag.py:487} INFO - Filling up the DagBag from /home/airflow/.local/lib/python3.6/site-packages/airflow/example_dags/tutorial_taskflow_api_etl.py
[2021-08-18 09:03:47,282] {scheduler_job.py:643} INFO - DAG(s) dict_keys(['tutorial_taskflow_api_etl']) retrieved from /home/airflow/.local/lib/python3.6/site-packages/airflow/example_dags/tutorial_taskflow_api_etl.py
[2021-08-18 09:03:47,657] {logging_mixin.py:104} INFO - [2021-08-18 09:03:47,657] {dag.py:1832} INFO - Sync 1 DAGs
[2021-08-18 09:03:47,674] {logging_mixin.py:104} INFO - [2021-08-18 09:03:47,673] {dag.py:2305} INFO - Setting next_dagrun for tutorial_taskflow_api_etl to None
[2021-08-18 09:03:47,686] {scheduler_job.py:190} INFO - Processing /home/airflow/.local/lib/python3.6/site-packages/airflow/example_dags/tutorial_taskflow_api_etl.py took 0.433 seconds
[2021-08-18 09:04:17,727] {scheduler_job.py:182} INFO - Started process (PID=385) to work on /home/airflow/.local/lib/python3.6/site-packages/airflow/example_dags/tutorial_taskflow_api_etl.py
[2021-08-18 09:04:17,730] {scheduler_job.py:633} INFO - Processing file /home/airflow/.local/lib/python3.6/site-packages/airflow/example_dags/tutorial_taskflow_api_etl.py for tasks to queue
[2021-08-18 09:04:17,731] {logging_mixin.py:104} INFO - [2021-08-18 09:04:17,731] {dagbag.py:487} INFO - Filling up the DagBag from /home/airflow/.local/lib/python3.6/site-packages/airflow/example_dags/tutorial_taskflow_api_etl.py
[2021-08-18 09:04:17,755] {scheduler_job.py:643} INFO - DAG(s) dict_keys(['tutorial_taskflow_api_etl']) retrieved from /home/airflow/.local/lib/python3.6/site-packages/airflow/example_dags/tutorial_taskflow_api_etl.py
[2021-08-18 09:04:18,059] {logging_mixin.py:104} INFO - [2021-08-18 09:04:18,058] {dag.py:1832} INFO - Sync 1 DAGs
[2021-08-18 09:04:18,074] {logging_mixin.py:104} INFO - [2021-08-18 09:04:18,074] {dag.py:2305} INFO - Setting next_dagrun for tutorial_taskflow_api_etl to None
[2021-08-18 09:04:18,086] {scheduler_job.py:190} INFO - Processing /home/airflow/.local/lib/python3.6/site-packages/airflow/example_dags/tutorial_taskflow_api_etl.py took 0.364 seconds
[2021-08-18 09:04:48,219] {scheduler_job.py:182} INFO - Started process (PID=448) to work on /home/airflow/.local/lib/python3.6/site-packages/airflow/example_dags/tutorial_taskflow_api_etl.py
[2021-08-18 09:04:48,222] {scheduler_job.py:633} INFO - Processing file /home/airflow/.local/lib/python3.6/site-packages/airflow/example_dags/tutorial_taskflow_api_etl.py for tasks to queue
[2021-08-18 09:04:48,224] {logging_mixin.py:104} INFO - [2021-08-18 09:04:48,224] {dagbag.py:487} INFO - Filling up the DagBag from /home/airflow/.local/lib/python3.6/site-packages/airflow/example_dags/tutorial_taskflow_api_etl.py
[2021-08-18 09:04:48,258] {scheduler_job.py:643} INFO - DAG(s) dict_keys(['tutorial_taskflow_api_etl']) retrieved from /home/airflow/.local/lib/python3.6/site-packages/airflow/example_dags/tutorial_taskflow_api_etl.py
[2021-08-18 09:04:48,293] {logging_mixin.py:104} INFO - [2021-08-18 09:04:48,293] {dag.py:1832} INFO - Sync 1 DAGs
[2021-08-18 09:04:48,319] {logging_mixin.py:104} INFO - [2021-08-18 09:04:48,319] {dag.py:2305} INFO - Setting next_dagrun for tutorial_taskflow_api_etl to None
[2021-08-18 09:04:48,338] {scheduler_job.py:190} INFO - Processing /home/airflow/.local/lib/python3.6/site-packages/airflow/example_dags/tutorial_taskflow_api_etl.py took 0.125 seconds
[2021-08-18 09:05:19,070] {scheduler_job.py:182} INFO - Started process (PID=516) to work on /home/airflow/.local/lib/python3.6/site-packages/airflow/example_dags/tutorial_taskflow_api_etl.py
[2021-08-18 09:05:19,072] {scheduler_job.py:633} INFO - Processing file /home/airflow/.local/lib/python3.6/site-packages/airflow/example_dags/tutorial_taskflow_api_etl.py for tasks to queue
[2021-08-18 09:05:19,073] {logging_mixin.py:104} INFO - [2021-08-18 09:05:19,073] {dagbag.py:487} INFO - Filling up the DagBag from /home/airflow/.local/lib/python3.6/site-packages/airflow/example_dags/tutorial_taskflow_api_etl.py
[2021-08-18 09:05:19,093] {scheduler_job.py:643} INFO - DAG(s) dict_keys(['tutorial_taskflow_api_etl']) retrieved from /home/airflow/.local/lib/python3.6/site-packages/airflow/example_dags/tutorial_taskflow_api_etl.py
[2021-08-18 09:05:19,376] {logging_mixin.py:104} INFO - [2021-08-18 09:05:19,376] {dag.py:1832} INFO - Sync 1 DAGs
[2021-08-18 09:05:19,388] {logging_mixin.py:104} INFO - [2021-08-18 09:05:19,388] {dag.py:2305} INFO - Setting next_dagrun for tutorial_taskflow_api_etl to None
[2021-08-18 09:05:19,397] {scheduler_job.py:190} INFO - Processing /home/airflow/.local/lib/python3.6/site-packages/airflow/example_dags/tutorial_taskflow_api_etl.py took 0.331 seconds
[2021-08-18 09:05:50,293] {scheduler_job.py:182} INFO - Started process (PID=598) to work on /home/airflow/.local/lib/python3.6/site-packages/airflow/example_dags/tutorial_taskflow_api_etl.py
[2021-08-18 09:05:50,308] {scheduler_job.py:633} INFO - Processing file /home/airflow/.local/lib/python3.6/site-packages/airflow/example_dags/tutorial_taskflow_api_etl.py for tasks to queue
[2021-08-18 09:05:50,310] {logging_mixin.py:104} INFO - [2021-08-18 09:05:50,310] {dagbag.py:487} INFO - Filling up the DagBag from /home/airflow/.local/lib/python3.6/site-packages/airflow/example_dags/tutorial_taskflow_api_etl.py
[2021-08-18 09:05:50,336] {scheduler_job.py:643} INFO - DAG(s) dict_keys(['tutorial_taskflow_api_etl']) retrieved from /home/airflow/.local/lib/python3.6/site-packages/airflow/example_dags/tutorial_taskflow_api_etl.py
[2021-08-18 09:05:50,616] {logging_mixin.py:104} INFO - [2021-08-18 09:05:50,616] {dag.py:1832} INFO - Sync 1 DAGs
[2021-08-18 09:05:50,627] {logging_mixin.py:104} INFO - [2021-08-18 09:05:50,627] {dag.py:2305} INFO - Setting next_dagrun for tutorial_taskflow_api_etl to None
[2021-08-18 09:05:50,637] {scheduler_job.py:190} INFO - Processing /home/airflow/.local/lib/python3.6/site-packages/airflow/example_dags/tutorial_taskflow_api_etl.py took 0.348 seconds
[2021-08-18 09:06:24,839] {scheduler_job.py:182} INFO - Started process (PID=662) to work on /home/airflow/.local/lib/python3.6/site-packages/airflow/example_dags/tutorial_taskflow_api_etl.py
[2021-08-18 09:06:24,842] {scheduler_job.py:633} INFO - Processing file /home/airflow/.local/lib/python3.6/site-packages/airflow/example_dags/tutorial_taskflow_api_etl.py for tasks to queue
[2021-08-18 09:06:24,844] {logging_mixin.py:104} INFO - [2021-08-18 09:06:24,844] {dagbag.py:487} INFO - Filling up the DagBag from /home/airflow/.local/lib/python3.6/site-packages/airflow/example_dags/tutorial_taskflow_api_etl.py
[2021-08-18 09:06:24,871] {scheduler_job.py:643} INFO - DAG(s) dict_keys(['tutorial_taskflow_api_etl']) retrieved from /home/airflow/.local/lib/python3.6/site-packages/airflow/example_dags/tutorial_taskflow_api_etl.py
[2021-08-18 09:06:24,910] {logging_mixin.py:104} INFO - [2021-08-18 09:06:24,910] {dag.py:1832} INFO - Sync 1 DAGs
[2021-08-18 09:06:24,939] {logging_mixin.py:104} INFO - [2021-08-18 09:06:24,938] {dag.py:2305} INFO - Setting next_dagrun for tutorial_taskflow_api_etl to None
[2021-08-18 09:06:24,956] {scheduler_job.py:190} INFO - Processing /home/airflow/.local/lib/python3.6/site-packages/airflow/example_dags/tutorial_taskflow_api_etl.py took 0.123 seconds
[2021-08-18 09:06:56,045] {scheduler_job.py:182} INFO - Started process (PID=723) to work on /home/airflow/.local/lib/python3.6/site-packages/airflow/example_dags/tutorial_taskflow_api_etl.py
[2021-08-18 09:06:56,047] {scheduler_job.py:633} INFO - Processing file /home/airflow/.local/lib/python3.6/site-packages/airflow/example_dags/tutorial_taskflow_api_etl.py for tasks to queue
[2021-08-18 09:06:56,048] {logging_mixin.py:104} INFO - [2021-08-18 09:06:56,048] {dagbag.py:487} INFO - Filling up the DagBag from /home/airflow/.local/lib/python3.6/site-packages/airflow/example_dags/tutorial_taskflow_api_etl.py
[2021-08-18 09:06:56,067] {scheduler_job.py:643} INFO - DAG(s) dict_keys(['tutorial_taskflow_api_etl']) retrieved from /home/airflow/.local/lib/python3.6/site-packages/airflow/example_dags/tutorial_taskflow_api_etl.py
[2021-08-18 09:06:56,381] {logging_mixin.py:104} INFO - [2021-08-18 09:06:56,381] {dag.py:1832} INFO - Sync 1 DAGs
[2021-08-18 09:06:56,394] {logging_mixin.py:104} INFO - [2021-08-18 09:06:56,394] {dag.py:2305} INFO - Setting next_dagrun for tutorial_taskflow_api_etl to None
[2021-08-18 09:06:56,409] {scheduler_job.py:190} INFO - Processing /home/airflow/.local/lib/python3.6/site-packages/airflow/example_dags/tutorial_taskflow_api_etl.py took 0.368 seconds
[2021-08-18 09:07:27,950] {scheduler_job.py:182} INFO - Started process (PID=787) to work on /home/airflow/.local/lib/python3.6/site-packages/airflow/example_dags/tutorial_taskflow_api_etl.py
[2021-08-18 09:07:27,952] {scheduler_job.py:633} INFO - Processing file /home/airflow/.local/lib/python3.6/site-packages/airflow/example_dags/tutorial_taskflow_api_etl.py for tasks to queue
[2021-08-18 09:07:27,954] {logging_mixin.py:104} INFO - [2021-08-18 09:07:27,953] {dagbag.py:487} INFO - Filling up the DagBag from /home/airflow/.local/lib/python3.6/site-packages/airflow/example_dags/tutorial_taskflow_api_etl.py
[2021-08-18 09:07:27,976] {scheduler_job.py:643} INFO - DAG(s) dict_keys(['tutorial_taskflow_api_etl']) retrieved from /home/airflow/.local/lib/python3.6/site-packages/airflow/example_dags/tutorial_taskflow_api_etl.py
[2021-08-18 09:07:28,276] {logging_mixin.py:104} INFO - [2021-08-18 09:07:28,276] {dag.py:1832} INFO - Sync 1 DAGs
[2021-08-18 09:07:28,292] {logging_mixin.py:104} INFO - [2021-08-18 09:07:28,292] {dag.py:2305} INFO - Setting next_dagrun for tutorial_taskflow_api_etl to None
[2021-08-18 09:07:28,307] {scheduler_job.py:190} INFO - Processing /home/airflow/.local/lib/python3.6/site-packages/airflow/example_dags/tutorial_taskflow_api_etl.py took 0.361 seconds
[2021-08-18 09:07:58,945] {scheduler_job.py:182} INFO - Started process (PID=865) to work on /home/airflow/.local/lib/python3.6/site-packages/airflow/example_dags/tutorial_taskflow_api_etl.py
[2021-08-18 09:07:58,947] {scheduler_job.py:633} INFO - Processing file /home/airflow/.local/lib/python3.6/site-packages/airflow/example_dags/tutorial_taskflow_api_etl.py for tasks to queue
[2021-08-18 09:07:58,948] {logging_mixin.py:104} INFO - [2021-08-18 09:07:58,948] {dagbag.py:487} INFO - Filling up the DagBag from /home/airflow/.local/lib/python3.6/site-packages/airflow/example_dags/tutorial_taskflow_api_etl.py
[2021-08-18 09:07:58,966] {scheduler_job.py:643} INFO - DAG(s) dict_keys(['tutorial_taskflow_api_etl']) retrieved from /home/airflow/.local/lib/python3.6/site-packages/airflow/example_dags/tutorial_taskflow_api_etl.py
[2021-08-18 09:07:59,224] {logging_mixin.py:104} INFO - [2021-08-18 09:07:59,224] {dag.py:1832} INFO - Sync 1 DAGs
[2021-08-18 09:07:59,238] {logging_mixin.py:104} INFO - [2021-08-18 09:07:59,238] {dag.py:2305} INFO - Setting next_dagrun for tutorial_taskflow_api_etl to None
[2021-08-18 09:07:59,249] {scheduler_job.py:190} INFO - Processing /home/airflow/.local/lib/python3.6/site-packages/airflow/example_dags/tutorial_taskflow_api_etl.py took 0.308 seconds
[2021-08-18 09:08:34,180] {scheduler_job.py:182} INFO - Started process (PID=907) to work on /home/airflow/.local/lib/python3.6/site-packages/airflow/example_dags/tutorial_taskflow_api_etl.py
[2021-08-18 09:08:34,183] {scheduler_job.py:633} INFO - Processing file /home/airflow/.local/lib/python3.6/site-packages/airflow/example_dags/tutorial_taskflow_api_etl.py for tasks to queue
[2021-08-18 09:08:34,185] {logging_mixin.py:104} INFO - [2021-08-18 09:08:34,185] {dagbag.py:487} INFO - Filling up the DagBag from /home/airflow/.local/lib/python3.6/site-packages/airflow/example_dags/tutorial_taskflow_api_etl.py
[2021-08-18 09:08:34,210] {scheduler_job.py:643} INFO - DAG(s) dict_keys(['tutorial_taskflow_api_etl']) retrieved from /home/airflow/.local/lib/python3.6/site-packages/airflow/example_dags/tutorial_taskflow_api_etl.py
[2021-08-18 09:08:34,536] {logging_mixin.py:104} INFO - [2021-08-18 09:08:34,535] {dag.py:1832} INFO - Sync 1 DAGs
[2021-08-18 09:08:34,566] {logging_mixin.py:104} INFO - [2021-08-18 09:08:34,566] {dag.py:2305} INFO - Setting next_dagrun for tutorial_taskflow_api_etl to None
[2021-08-18 09:08:34,582] {scheduler_job.py:190} INFO - Processing /home/airflow/.local/lib/python3.6/site-packages/airflow/example_dags/tutorial_taskflow_api_etl.py took 0.407 seconds
[2021-08-18 09:09:04,872] {scheduler_job.py:182} INFO - Started process (PID=974) to work on /home/airflow/.local/lib/python3.6/site-packages/airflow/example_dags/tutorial_taskflow_api_etl.py
[2021-08-18 09:09:04,875] {scheduler_job.py:633} INFO - Processing file /home/airflow/.local/lib/python3.6/site-packages/airflow/example_dags/tutorial_taskflow_api_etl.py for tasks to queue
[2021-08-18 09:09:04,877] {logging_mixin.py:104} INFO - [2021-08-18 09:09:04,877] {dagbag.py:487} INFO - Filling up the DagBag from /home/airflow/.local/lib/python3.6/site-packages/airflow/example_dags/tutorial_taskflow_api_etl.py
[2021-08-18 09:09:04,907] {scheduler_job.py:643} INFO - DAG(s) dict_keys(['tutorial_taskflow_api_etl']) retrieved from /home/airflow/.local/lib/python3.6/site-packages/airflow/example_dags/tutorial_taskflow_api_etl.py
[2021-08-18 09:09:05,255] {logging_mixin.py:104} INFO - [2021-08-18 09:09:05,255] {dag.py:1832} INFO - Sync 1 DAGs
[2021-08-18 09:09:05,271] {logging_mixin.py:104} INFO - [2021-08-18 09:09:05,271] {dag.py:2305} INFO - Setting next_dagrun for tutorial_taskflow_api_etl to None
[2021-08-18 09:09:05,285] {scheduler_job.py:190} INFO - Processing /home/airflow/.local/lib/python3.6/site-packages/airflow/example_dags/tutorial_taskflow_api_etl.py took 0.418 seconds
[2021-08-18 09:09:37,607] {scheduler_job.py:182} INFO - Started process (PID=1036) to work on /home/airflow/.local/lib/python3.6/site-packages/airflow/example_dags/tutorial_taskflow_api_etl.py
[2021-08-18 09:09:37,609] {scheduler_job.py:633} INFO - Processing file /home/airflow/.local/lib/python3.6/site-packages/airflow/example_dags/tutorial_taskflow_api_etl.py for tasks to queue
[2021-08-18 09:09:37,611] {logging_mixin.py:104} INFO - [2021-08-18 09:09:37,611] {dagbag.py:487} INFO - Filling up the DagBag from /home/airflow/.local/lib/python3.6/site-packages/airflow/example_dags/tutorial_taskflow_api_etl.py
[2021-08-18 09:09:37,634] {scheduler_job.py:643} INFO - DAG(s) dict_keys(['tutorial_taskflow_api_etl']) retrieved from /home/airflow/.local/lib/python3.6/site-packages/airflow/example_dags/tutorial_taskflow_api_etl.py
[2021-08-18 09:09:37,953] {logging_mixin.py:104} INFO - [2021-08-18 09:09:37,953] {dag.py:1832} INFO - Sync 1 DAGs
[2021-08-18 09:09:37,967] {logging_mixin.py:104} INFO - [2021-08-18 09:09:37,967] {dag.py:2305} INFO - Setting next_dagrun for tutorial_taskflow_api_etl to None
[2021-08-18 09:09:37,979] {scheduler_job.py:190} INFO - Processing /home/airflow/.local/lib/python3.6/site-packages/airflow/example_dags/tutorial_taskflow_api_etl.py took 0.377 seconds
[2021-08-18 09:10:08,246] {scheduler_job.py:182} INFO - Started process (PID=1114) to work on /home/airflow/.local/lib/python3.6/site-packages/airflow/example_dags/tutorial_taskflow_api_etl.py
[2021-08-18 09:10:08,264] {scheduler_job.py:633} INFO - Processing file /home/airflow/.local/lib/python3.6/site-packages/airflow/example_dags/tutorial_taskflow_api_etl.py for tasks to queue
[2021-08-18 09:10:08,265] {logging_mixin.py:104} INFO - [2021-08-18 09:10:08,265] {dagbag.py:487} INFO - Filling up the DagBag from /home/airflow/.local/lib/python3.6/site-packages/airflow/example_dags/tutorial_taskflow_api_etl.py
[2021-08-18 09:10:08,287] {scheduler_job.py:643} INFO - DAG(s) dict_keys(['tutorial_taskflow_api_etl']) retrieved from /home/airflow/.local/lib/python3.6/site-packages/airflow/example_dags/tutorial_taskflow_api_etl.py
[2021-08-18 09:10:08,538] {logging_mixin.py:104} INFO - [2021-08-18 09:10:08,538] {dag.py:1832} INFO - Sync 1 DAGs
[2021-08-18 09:10:08,548] {logging_mixin.py:104} INFO - [2021-08-18 09:10:08,548] {dag.py:2305} INFO - Setting next_dagrun for tutorial_taskflow_api_etl to None
[2021-08-18 09:10:08,557] {scheduler_job.py:190} INFO - Processing /home/airflow/.local/lib/python3.6/site-packages/airflow/example_dags/tutorial_taskflow_api_etl.py took 0.315 seconds
[2021-08-18 09:10:38,829] {scheduler_job.py:182} INFO - Started process (PID=1176) to work on /home/airflow/.local/lib/python3.6/site-packages/airflow/example_dags/tutorial_taskflow_api_etl.py
[2021-08-18 09:10:38,832] {scheduler_job.py:633} INFO - Processing file /home/airflow/.local/lib/python3.6/site-packages/airflow/example_dags/tutorial_taskflow_api_etl.py for tasks to queue
[2021-08-18 09:10:38,833] {logging_mixin.py:104} INFO - [2021-08-18 09:10:38,833] {dagbag.py:487} INFO - Filling up the DagBag from /home/airflow/.local/lib/python3.6/site-packages/airflow/example_dags/tutorial_taskflow_api_etl.py
[2021-08-18 09:10:38,857] {scheduler_job.py:643} INFO - DAG(s) dict_keys(['tutorial_taskflow_api_etl']) retrieved from /home/airflow/.local/lib/python3.6/site-packages/airflow/example_dags/tutorial_taskflow_api_etl.py
[2021-08-18 09:10:39,133] {logging_mixin.py:104} INFO - [2021-08-18 09:10:39,133] {dag.py:1832} INFO - Sync 1 DAGs
[2021-08-18 09:10:39,147] {logging_mixin.py:104} INFO - [2021-08-18 09:10:39,147] {dag.py:2305} INFO - Setting next_dagrun for tutorial_taskflow_api_etl to None
[2021-08-18 09:10:39,176] {scheduler_job.py:190} INFO - Processing /home/airflow/.local/lib/python3.6/site-packages/airflow/example_dags/tutorial_taskflow_api_etl.py took 0.351 seconds
[2021-08-18 09:11:09,247] {scheduler_job.py:182} INFO - Started process (PID=1254) to work on /home/airflow/.local/lib/python3.6/site-packages/airflow/example_dags/tutorial_taskflow_api_etl.py
[2021-08-18 09:11:09,249] {scheduler_job.py:633} INFO - Processing file /home/airflow/.local/lib/python3.6/site-packages/airflow/example_dags/tutorial_taskflow_api_etl.py for tasks to queue
[2021-08-18 09:11:09,250] {logging_mixin.py:104} INFO - [2021-08-18 09:11:09,250] {dagbag.py:487} INFO - Filling up the DagBag from /home/airflow/.local/lib/python3.6/site-packages/airflow/example_dags/tutorial_taskflow_api_etl.py
[2021-08-18 09:11:09,270] {scheduler_job.py:643} INFO - DAG(s) dict_keys(['tutorial_taskflow_api_etl']) retrieved from /home/airflow/.local/lib/python3.6/site-packages/airflow/example_dags/tutorial_taskflow_api_etl.py
[2021-08-18 09:11:09,589] {logging_mixin.py:104} INFO - [2021-08-18 09:11:09,589] {dag.py:1832} INFO - Sync 1 DAGs
[2021-08-18 09:11:09,604] {logging_mixin.py:104} INFO - [2021-08-18 09:11:09,603] {dag.py:2305} INFO - Setting next_dagrun for tutorial_taskflow_api_etl to None
[2021-08-18 09:11:09,616] {scheduler_job.py:190} INFO - Processing /home/airflow/.local/lib/python3.6/site-packages/airflow/example_dags/tutorial_taskflow_api_etl.py took 0.373 seconds
[2021-08-18 09:11:40,819] {scheduler_job.py:182} INFO - Started process (PID=1330) to work on /home/airflow/.local/lib/python3.6/site-packages/airflow/example_dags/tutorial_taskflow_api_etl.py
[2021-08-18 09:11:40,831] {scheduler_job.py:633} INFO - Processing file /home/airflow/.local/lib/python3.6/site-packages/airflow/example_dags/tutorial_taskflow_api_etl.py for tasks to queue
[2021-08-18 09:11:40,833] {logging_mixin.py:104} INFO - [2021-08-18 09:11:40,833] {dagbag.py:487} INFO - Filling up the DagBag from /home/airflow/.local/lib/python3.6/site-packages/airflow/example_dags/tutorial_taskflow_api_etl.py
[2021-08-18 09:11:40,852] {scheduler_job.py:643} INFO - DAG(s) dict_keys(['tutorial_taskflow_api_etl']) retrieved from /home/airflow/.local/lib/python3.6/site-packages/airflow/example_dags/tutorial_taskflow_api_etl.py
[2021-08-18 09:11:41,223] {logging_mixin.py:104} INFO - [2021-08-18 09:11:41,223] {dag.py:1832} INFO - Sync 1 DAGs
[2021-08-18 09:11:41,235] {logging_mixin.py:104} INFO - [2021-08-18 09:11:41,235] {dag.py:2305} INFO - Setting next_dagrun for tutorial_taskflow_api_etl to None
[2021-08-18 09:11:41,246] {scheduler_job.py:190} INFO - Processing /home/airflow/.local/lib/python3.6/site-packages/airflow/example_dags/tutorial_taskflow_api_etl.py took 0.431 seconds
[2021-08-18 09:12:11,534] {scheduler_job.py:182} INFO - Started process (PID=1392) to work on /home/airflow/.local/lib/python3.6/site-packages/airflow/example_dags/tutorial_taskflow_api_etl.py
[2021-08-18 09:12:11,549] {scheduler_job.py:633} INFO - Processing file /home/airflow/.local/lib/python3.6/site-packages/airflow/example_dags/tutorial_taskflow_api_etl.py for tasks to queue
[2021-08-18 09:12:11,550] {logging_mixin.py:104} INFO - [2021-08-18 09:12:11,550] {dagbag.py:487} INFO - Filling up the DagBag from /home/airflow/.local/lib/python3.6/site-packages/airflow/example_dags/tutorial_taskflow_api_etl.py
[2021-08-18 09:12:11,573] {scheduler_job.py:643} INFO - DAG(s) dict_keys(['tutorial_taskflow_api_etl']) retrieved from /home/airflow/.local/lib/python3.6/site-packages/airflow/example_dags/tutorial_taskflow_api_etl.py
[2021-08-18 09:12:11,894] {logging_mixin.py:104} INFO - [2021-08-18 09:12:11,894] {dag.py:1832} INFO - Sync 1 DAGs
[2021-08-18 09:12:11,907] {logging_mixin.py:104} INFO - [2021-08-18 09:12:11,907] {dag.py:2305} INFO - Setting next_dagrun for tutorial_taskflow_api_etl to None
[2021-08-18 09:12:11,954] {scheduler_job.py:190} INFO - Processing /home/airflow/.local/lib/python3.6/site-packages/airflow/example_dags/tutorial_taskflow_api_etl.py took 0.424 seconds
[2021-08-18 09:12:42,174] {scheduler_job.py:182} INFO - Started process (PID=1469) to work on /home/airflow/.local/lib/python3.6/site-packages/airflow/example_dags/tutorial_taskflow_api_etl.py
[2021-08-18 09:12:42,176] {scheduler_job.py:633} INFO - Processing file /home/airflow/.local/lib/python3.6/site-packages/airflow/example_dags/tutorial_taskflow_api_etl.py for tasks to queue
[2021-08-18 09:12:42,177] {logging_mixin.py:104} INFO - [2021-08-18 09:12:42,177] {dagbag.py:487} INFO - Filling up the DagBag from /home/airflow/.local/lib/python3.6/site-packages/airflow/example_dags/tutorial_taskflow_api_etl.py
[2021-08-18 09:12:42,199] {scheduler_job.py:643} INFO - DAG(s) dict_keys(['tutorial_taskflow_api_etl']) retrieved from /home/airflow/.local/lib/python3.6/site-packages/airflow/example_dags/tutorial_taskflow_api_etl.py
[2021-08-18 09:12:42,505] {logging_mixin.py:104} INFO - [2021-08-18 09:12:42,504] {dag.py:1832} INFO - Sync 1 DAGs
[2021-08-18 09:12:42,517] {logging_mixin.py:104} INFO - [2021-08-18 09:12:42,517] {dag.py:2305} INFO - Setting next_dagrun for tutorial_taskflow_api_etl to None
[2021-08-18 09:12:42,528] {scheduler_job.py:190} INFO - Processing /home/airflow/.local/lib/python3.6/site-packages/airflow/example_dags/tutorial_taskflow_api_etl.py took 0.358 seconds
[2021-08-18 09:13:12,854] {scheduler_job.py:182} INFO - Started process (PID=1548) to work on /home/airflow/.local/lib/python3.6/site-packages/airflow/example_dags/tutorial_taskflow_api_etl.py
[2021-08-18 09:13:12,855] {scheduler_job.py:633} INFO - Processing file /home/airflow/.local/lib/python3.6/site-packages/airflow/example_dags/tutorial_taskflow_api_etl.py for tasks to queue
[2021-08-18 09:13:12,857] {logging_mixin.py:104} INFO - [2021-08-18 09:13:12,857] {dagbag.py:487} INFO - Filling up the DagBag from /home/airflow/.local/lib/python3.6/site-packages/airflow/example_dags/tutorial_taskflow_api_etl.py
[2021-08-18 09:13:12,877] {scheduler_job.py:643} INFO - DAG(s) dict_keys(['tutorial_taskflow_api_etl']) retrieved from /home/airflow/.local/lib/python3.6/site-packages/airflow/example_dags/tutorial_taskflow_api_etl.py
[2021-08-18 09:13:13,139] {logging_mixin.py:104} INFO - [2021-08-18 09:13:13,139] {dag.py:1832} INFO - Sync 1 DAGs
[2021-08-18 09:13:13,150] {logging_mixin.py:104} INFO - [2021-08-18 09:13:13,150] {dag.py:2305} INFO - Setting next_dagrun for tutorial_taskflow_api_etl to None
[2021-08-18 09:13:13,159] {scheduler_job.py:190} INFO - Processing /home/airflow/.local/lib/python3.6/site-packages/airflow/example_dags/tutorial_taskflow_api_etl.py took 0.310 seconds
[2021-08-18 09:13:48,339] {scheduler_job.py:182} INFO - Started process (PID=1609) to work on /home/airflow/.local/lib/python3.6/site-packages/airflow/example_dags/tutorial_taskflow_api_etl.py
[2021-08-18 09:13:48,342] {scheduler_job.py:633} INFO - Processing file /home/airflow/.local/lib/python3.6/site-packages/airflow/example_dags/tutorial_taskflow_api_etl.py for tasks to queue
[2021-08-18 09:13:48,344] {logging_mixin.py:104} INFO - [2021-08-18 09:13:48,344] {dagbag.py:487} INFO - Filling up the DagBag from /home/airflow/.local/lib/python3.6/site-packages/airflow/example_dags/tutorial_taskflow_api_etl.py
[2021-08-18 09:13:48,376] {scheduler_job.py:643} INFO - DAG(s) dict_keys(['tutorial_taskflow_api_etl']) retrieved from /home/airflow/.local/lib/python3.6/site-packages/airflow/example_dags/tutorial_taskflow_api_etl.py
[2021-08-18 09:13:48,719] {logging_mixin.py:104} INFO - [2021-08-18 09:13:48,718] {dag.py:1832} INFO - Sync 1 DAGs
[2021-08-18 09:13:48,730] {logging_mixin.py:104} INFO - [2021-08-18 09:13:48,730] {dag.py:2305} INFO - Setting next_dagrun for tutorial_taskflow_api_etl to None
[2021-08-18 09:13:48,739] {scheduler_job.py:190} INFO - Processing /home/airflow/.local/lib/python3.6/site-packages/airflow/example_dags/tutorial_taskflow_api_etl.py took 0.405 seconds
[2021-08-18 09:14:19,145] {scheduler_job.py:182} INFO - Started process (PID=1672) to work on /home/airflow/.local/lib/python3.6/site-packages/airflow/example_dags/tutorial_taskflow_api_etl.py
[2021-08-18 09:14:19,148] {scheduler_job.py:633} INFO - Processing file /home/airflow/.local/lib/python3.6/site-packages/airflow/example_dags/tutorial_taskflow_api_etl.py for tasks to queue
[2021-08-18 09:14:19,149] {logging_mixin.py:104} INFO - [2021-08-18 09:14:19,149] {dagbag.py:487} INFO - Filling up the DagBag from /home/airflow/.local/lib/python3.6/site-packages/airflow/example_dags/tutorial_taskflow_api_etl.py
[2021-08-18 09:14:19,173] {scheduler_job.py:643} INFO - DAG(s) dict_keys(['tutorial_taskflow_api_etl']) retrieved from /home/airflow/.local/lib/python3.6/site-packages/airflow/example_dags/tutorial_taskflow_api_etl.py
[2021-08-18 09:14:19,525] {logging_mixin.py:104} INFO - [2021-08-18 09:14:19,524] {dag.py:1832} INFO - Sync 1 DAGs
[2021-08-18 09:14:19,541] {logging_mixin.py:104} INFO - [2021-08-18 09:14:19,541] {dag.py:2305} INFO - Setting next_dagrun for tutorial_taskflow_api_etl to None
[2021-08-18 09:14:19,555] {scheduler_job.py:190} INFO - Processing /home/airflow/.local/lib/python3.6/site-packages/airflow/example_dags/tutorial_taskflow_api_etl.py took 0.414 seconds
[2021-08-18 09:14:49,908] {scheduler_job.py:182} INFO - Started process (PID=1749) to work on /home/airflow/.local/lib/python3.6/site-packages/airflow/example_dags/tutorial_taskflow_api_etl.py
[2021-08-18 09:14:49,910] {scheduler_job.py:633} INFO - Processing file /home/airflow/.local/lib/python3.6/site-packages/airflow/example_dags/tutorial_taskflow_api_etl.py for tasks to queue
[2021-08-18 09:14:49,913] {logging_mixin.py:104} INFO - [2021-08-18 09:14:49,913] {dagbag.py:487} INFO - Filling up the DagBag from /home/airflow/.local/lib/python3.6/site-packages/airflow/example_dags/tutorial_taskflow_api_etl.py
[2021-08-18 09:14:49,939] {scheduler_job.py:643} INFO - DAG(s) dict_keys(['tutorial_taskflow_api_etl']) retrieved from /home/airflow/.local/lib/python3.6/site-packages/airflow/example_dags/tutorial_taskflow_api_etl.py
[2021-08-18 09:14:50,246] {logging_mixin.py:104} INFO - [2021-08-18 09:14:50,245] {dag.py:1832} INFO - Sync 1 DAGs
[2021-08-18 09:14:50,260] {logging_mixin.py:104} INFO - [2021-08-18 09:14:50,259] {dag.py:2305} INFO - Setting next_dagrun for tutorial_taskflow_api_etl to None
[2021-08-18 09:14:50,274] {scheduler_job.py:190} INFO - Processing /home/airflow/.local/lib/python3.6/site-packages/airflow/example_dags/tutorial_taskflow_api_etl.py took 0.370 seconds
[2021-08-18 09:15:20,790] {scheduler_job.py:182} INFO - Started process (PID=1827) to work on /home/airflow/.local/lib/python3.6/site-packages/airflow/example_dags/tutorial_taskflow_api_etl.py
[2021-08-18 09:15:20,792] {scheduler_job.py:633} INFO - Processing file /home/airflow/.local/lib/python3.6/site-packages/airflow/example_dags/tutorial_taskflow_api_etl.py for tasks to queue
[2021-08-18 09:15:20,793] {logging_mixin.py:104} INFO - [2021-08-18 09:15:20,793] {dagbag.py:487} INFO - Filling up the DagBag from /home/airflow/.local/lib/python3.6/site-packages/airflow/example_dags/tutorial_taskflow_api_etl.py
[2021-08-18 09:15:20,811] {scheduler_job.py:643} INFO - DAG(s) dict_keys(['tutorial_taskflow_api_etl']) retrieved from /home/airflow/.local/lib/python3.6/site-packages/airflow/example_dags/tutorial_taskflow_api_etl.py
[2021-08-18 09:15:21,100] {logging_mixin.py:104} INFO - [2021-08-18 09:15:21,100] {dag.py:1832} INFO - Sync 1 DAGs
[2021-08-18 09:15:21,112] {logging_mixin.py:104} INFO - [2021-08-18 09:15:21,112] {dag.py:2305} INFO - Setting next_dagrun for tutorial_taskflow_api_etl to None
[2021-08-18 09:15:21,122] {scheduler_job.py:190} INFO - Processing /home/airflow/.local/lib/python3.6/site-packages/airflow/example_dags/tutorial_taskflow_api_etl.py took 0.336 seconds
[2021-08-18 09:15:51,303] {scheduler_job.py:182} INFO - Started process (PID=1888) to work on /home/airflow/.local/lib/python3.6/site-packages/airflow/example_dags/tutorial_taskflow_api_etl.py
[2021-08-18 09:15:51,305] {scheduler_job.py:633} INFO - Processing file /home/airflow/.local/lib/python3.6/site-packages/airflow/example_dags/tutorial_taskflow_api_etl.py for tasks to queue
[2021-08-18 09:15:51,307] {logging_mixin.py:104} INFO - [2021-08-18 09:15:51,307] {dagbag.py:487} INFO - Filling up the DagBag from /home/airflow/.local/lib/python3.6/site-packages/airflow/example_dags/tutorial_taskflow_api_etl.py
[2021-08-18 09:15:51,325] {scheduler_job.py:643} INFO - DAG(s) dict_keys(['tutorial_taskflow_api_etl']) retrieved from /home/airflow/.local/lib/python3.6/site-packages/airflow/example_dags/tutorial_taskflow_api_etl.py
[2021-08-18 09:15:51,600] {logging_mixin.py:104} INFO - [2021-08-18 09:15:51,600] {dag.py:1832} INFO - Sync 1 DAGs
[2021-08-18 09:15:51,613] {logging_mixin.py:104} INFO - [2021-08-18 09:15:51,612] {dag.py:2305} INFO - Setting next_dagrun for tutorial_taskflow_api_etl to None
[2021-08-18 09:15:51,622] {scheduler_job.py:190} INFO - Processing /home/airflow/.local/lib/python3.6/site-packages/airflow/example_dags/tutorial_taskflow_api_etl.py took 0.322 seconds
[2021-08-18 09:16:21,942] {scheduler_job.py:182} INFO - Started process (PID=1964) to work on /home/airflow/.local/lib/python3.6/site-packages/airflow/example_dags/tutorial_taskflow_api_etl.py
[2021-08-18 09:16:21,944] {scheduler_job.py:633} INFO - Processing file /home/airflow/.local/lib/python3.6/site-packages/airflow/example_dags/tutorial_taskflow_api_etl.py for tasks to queue
[2021-08-18 09:16:21,946] {logging_mixin.py:104} INFO - [2021-08-18 09:16:21,946] {dagbag.py:487} INFO - Filling up the DagBag from /home/airflow/.local/lib/python3.6/site-packages/airflow/example_dags/tutorial_taskflow_api_etl.py
[2021-08-18 09:16:21,968] {scheduler_job.py:643} INFO - DAG(s) dict_keys(['tutorial_taskflow_api_etl']) retrieved from /home/airflow/.local/lib/python3.6/site-packages/airflow/example_dags/tutorial_taskflow_api_etl.py
[2021-08-18 09:16:22,294] {logging_mixin.py:104} INFO - [2021-08-18 09:16:22,293] {dag.py:1832} INFO - Sync 1 DAGs
[2021-08-18 09:16:22,312] {logging_mixin.py:104} INFO - [2021-08-18 09:16:22,312] {dag.py:2305} INFO - Setting next_dagrun for tutorial_taskflow_api_etl to None
[2021-08-18 09:16:22,324] {scheduler_job.py:190} INFO - Processing /home/airflow/.local/lib/python3.6/site-packages/airflow/example_dags/tutorial_taskflow_api_etl.py took 0.386 seconds
[2021-08-18 09:16:52,815] {scheduler_job.py:182} INFO - Started process (PID=2038) to work on /home/airflow/.local/lib/python3.6/site-packages/airflow/example_dags/tutorial_taskflow_api_etl.py
[2021-08-18 09:16:52,817] {scheduler_job.py:633} INFO - Processing file /home/airflow/.local/lib/python3.6/site-packages/airflow/example_dags/tutorial_taskflow_api_etl.py for tasks to queue
[2021-08-18 09:16:52,818] {logging_mixin.py:104} INFO - [2021-08-18 09:16:52,818] {dagbag.py:487} INFO - Filling up the DagBag from /home/airflow/.local/lib/python3.6/site-packages/airflow/example_dags/tutorial_taskflow_api_etl.py
[2021-08-18 09:16:52,839] {scheduler_job.py:643} INFO - DAG(s) dict_keys(['tutorial_taskflow_api_etl']) retrieved from /home/airflow/.local/lib/python3.6/site-packages/airflow/example_dags/tutorial_taskflow_api_etl.py
[2021-08-18 09:16:53,157] {logging_mixin.py:104} INFO - [2021-08-18 09:16:53,156] {dag.py:1832} INFO - Sync 1 DAGs
[2021-08-18 09:16:53,169] {logging_mixin.py:104} INFO - [2021-08-18 09:16:53,169] {dag.py:2305} INFO - Setting next_dagrun for tutorial_taskflow_api_etl to None
[2021-08-18 09:16:53,179] {scheduler_job.py:190} INFO - Processing /home/airflow/.local/lib/python3.6/site-packages/airflow/example_dags/tutorial_taskflow_api_etl.py took 0.369 seconds
[2021-08-18 09:17:36,317] {scheduler_job.py:182} INFO - Started process (PID=58) to work on /home/airflow/.local/lib/python3.6/site-packages/airflow/example_dags/tutorial_taskflow_api_etl.py
[2021-08-18 09:17:36,321] {scheduler_job.py:633} INFO - Processing file /home/airflow/.local/lib/python3.6/site-packages/airflow/example_dags/tutorial_taskflow_api_etl.py for tasks to queue
[2021-08-18 09:17:36,322] {logging_mixin.py:104} INFO - [2021-08-18 09:17:36,322] {dagbag.py:487} INFO - Filling up the DagBag from /home/airflow/.local/lib/python3.6/site-packages/airflow/example_dags/tutorial_taskflow_api_etl.py
[2021-08-18 09:17:36,338] {scheduler_job.py:643} INFO - DAG(s) dict_keys(['tutorial_taskflow_api_etl']) retrieved from /home/airflow/.local/lib/python3.6/site-packages/airflow/example_dags/tutorial_taskflow_api_etl.py
[2021-08-18 09:17:36,539] {logging_mixin.py:104} INFO - [2021-08-18 09:17:36,539] {dag.py:1832} INFO - Sync 1 DAGs
[2021-08-18 09:17:36,551] {logging_mixin.py:104} INFO - [2021-08-18 09:17:36,551] {dag.py:2305} INFO - Setting next_dagrun for tutorial_taskflow_api_etl to None
[2021-08-18 09:17:36,560] {scheduler_job.py:190} INFO - Processing /home/airflow/.local/lib/python3.6/site-packages/airflow/example_dags/tutorial_taskflow_api_etl.py took 0.247 seconds
[2021-08-18 09:18:07,381] {scheduler_job.py:182} INFO - Started process (PID=135) to work on /home/airflow/.local/lib/python3.6/site-packages/airflow/example_dags/tutorial_taskflow_api_etl.py
[2021-08-18 09:18:07,383] {scheduler_job.py:633} INFO - Processing file /home/airflow/.local/lib/python3.6/site-packages/airflow/example_dags/tutorial_taskflow_api_etl.py for tasks to queue
[2021-08-18 09:18:07,384] {logging_mixin.py:104} INFO - [2021-08-18 09:18:07,384] {dagbag.py:487} INFO - Filling up the DagBag from /home/airflow/.local/lib/python3.6/site-packages/airflow/example_dags/tutorial_taskflow_api_etl.py
[2021-08-18 09:18:07,400] {scheduler_job.py:643} INFO - DAG(s) dict_keys(['tutorial_taskflow_api_etl']) retrieved from /home/airflow/.local/lib/python3.6/site-packages/airflow/example_dags/tutorial_taskflow_api_etl.py
[2021-08-18 09:18:07,563] {logging_mixin.py:104} INFO - [2021-08-18 09:18:07,563] {dag.py:1832} INFO - Sync 1 DAGs
[2021-08-18 09:18:07,574] {logging_mixin.py:104} INFO - [2021-08-18 09:18:07,574] {dag.py:2305} INFO - Setting next_dagrun for tutorial_taskflow_api_etl to None
[2021-08-18 09:18:07,582] {scheduler_job.py:190} INFO - Processing /home/airflow/.local/lib/python3.6/site-packages/airflow/example_dags/tutorial_taskflow_api_etl.py took 0.204 seconds
[2021-08-18 09:18:38,661] {scheduler_job.py:182} INFO - Started process (PID=206) to work on /home/airflow/.local/lib/python3.6/site-packages/airflow/example_dags/tutorial_taskflow_api_etl.py
[2021-08-18 09:18:38,663] {scheduler_job.py:633} INFO - Processing file /home/airflow/.local/lib/python3.6/site-packages/airflow/example_dags/tutorial_taskflow_api_etl.py for tasks to queue
[2021-08-18 09:18:38,664] {logging_mixin.py:104} INFO - [2021-08-18 09:18:38,664] {dagbag.py:487} INFO - Filling up the DagBag from /home/airflow/.local/lib/python3.6/site-packages/airflow/example_dags/tutorial_taskflow_api_etl.py
[2021-08-18 09:18:38,683] {scheduler_job.py:643} INFO - DAG(s) dict_keys(['tutorial_taskflow_api_etl']) retrieved from /home/airflow/.local/lib/python3.6/site-packages/airflow/example_dags/tutorial_taskflow_api_etl.py
[2021-08-18 09:18:38,905] {logging_mixin.py:104} INFO - [2021-08-18 09:18:38,905] {dag.py:1832} INFO - Sync 1 DAGs
[2021-08-18 09:18:38,920] {logging_mixin.py:104} INFO - [2021-08-18 09:18:38,920] {dag.py:2305} INFO - Setting next_dagrun for tutorial_taskflow_api_etl to None
[2021-08-18 09:18:38,932] {scheduler_job.py:190} INFO - Processing /home/airflow/.local/lib/python3.6/site-packages/airflow/example_dags/tutorial_taskflow_api_etl.py took 0.275 seconds
[2021-08-18 09:19:09,074] {scheduler_job.py:182} INFO - Started process (PID=277) to work on /home/airflow/.local/lib/python3.6/site-packages/airflow/example_dags/tutorial_taskflow_api_etl.py
[2021-08-18 09:19:09,076] {scheduler_job.py:633} INFO - Processing file /home/airflow/.local/lib/python3.6/site-packages/airflow/example_dags/tutorial_taskflow_api_etl.py for tasks to queue
[2021-08-18 09:19:09,078] {logging_mixin.py:104} INFO - [2021-08-18 09:19:09,077] {dagbag.py:487} INFO - Filling up the DagBag from /home/airflow/.local/lib/python3.6/site-packages/airflow/example_dags/tutorial_taskflow_api_etl.py
[2021-08-18 09:19:09,096] {scheduler_job.py:643} INFO - DAG(s) dict_keys(['tutorial_taskflow_api_etl']) retrieved from /home/airflow/.local/lib/python3.6/site-packages/airflow/example_dags/tutorial_taskflow_api_etl.py
[2021-08-18 09:19:09,313] {logging_mixin.py:104} INFO - [2021-08-18 09:19:09,313] {dag.py:1832} INFO - Sync 1 DAGs
[2021-08-18 09:19:09,330] {logging_mixin.py:104} INFO - [2021-08-18 09:19:09,329] {dag.py:2305} INFO - Setting next_dagrun for tutorial_taskflow_api_etl to None
[2021-08-18 09:19:09,341] {scheduler_job.py:190} INFO - Processing /home/airflow/.local/lib/python3.6/site-packages/airflow/example_dags/tutorial_taskflow_api_etl.py took 0.271 seconds
[2021-08-18 09:19:39,473] {scheduler_job.py:182} INFO - Started process (PID=355) to work on /home/airflow/.local/lib/python3.6/site-packages/airflow/example_dags/tutorial_taskflow_api_etl.py
[2021-08-18 09:19:39,475] {scheduler_job.py:633} INFO - Processing file /home/airflow/.local/lib/python3.6/site-packages/airflow/example_dags/tutorial_taskflow_api_etl.py for tasks to queue
[2021-08-18 09:19:39,476] {logging_mixin.py:104} INFO - [2021-08-18 09:19:39,476] {dagbag.py:487} INFO - Filling up the DagBag from /home/airflow/.local/lib/python3.6/site-packages/airflow/example_dags/tutorial_taskflow_api_etl.py
[2021-08-18 09:19:39,512] {scheduler_job.py:643} INFO - DAG(s) dict_keys(['tutorial_taskflow_api_etl']) retrieved from /home/airflow/.local/lib/python3.6/site-packages/airflow/example_dags/tutorial_taskflow_api_etl.py
[2021-08-18 09:19:39,764] {logging_mixin.py:104} INFO - [2021-08-18 09:19:39,764] {dag.py:1832} INFO - Sync 1 DAGs
[2021-08-18 09:19:39,790] {logging_mixin.py:104} INFO - [2021-08-18 09:19:39,790] {dag.py:2305} INFO - Setting next_dagrun for tutorial_taskflow_api_etl to None
[2021-08-18 09:19:39,813] {scheduler_job.py:190} INFO - Processing /home/airflow/.local/lib/python3.6/site-packages/airflow/example_dags/tutorial_taskflow_api_etl.py took 0.344 seconds
[2021-08-18 09:20:10,061] {scheduler_job.py:182} INFO - Started process (PID=417) to work on /home/airflow/.local/lib/python3.6/site-packages/airflow/example_dags/tutorial_taskflow_api_etl.py
[2021-08-18 09:20:10,064] {scheduler_job.py:633} INFO - Processing file /home/airflow/.local/lib/python3.6/site-packages/airflow/example_dags/tutorial_taskflow_api_etl.py for tasks to queue
[2021-08-18 09:20:10,066] {logging_mixin.py:104} INFO - [2021-08-18 09:20:10,066] {dagbag.py:487} INFO - Filling up the DagBag from /home/airflow/.local/lib/python3.6/site-packages/airflow/example_dags/tutorial_taskflow_api_etl.py
[2021-08-18 09:20:10,088] {scheduler_job.py:643} INFO - DAG(s) dict_keys(['tutorial_taskflow_api_etl']) retrieved from /home/airflow/.local/lib/python3.6/site-packages/airflow/example_dags/tutorial_taskflow_api_etl.py
[2021-08-18 09:20:10,319] {logging_mixin.py:104} INFO - [2021-08-18 09:20:10,319] {dag.py:1832} INFO - Sync 1 DAGs
[2021-08-18 09:20:10,336] {logging_mixin.py:104} INFO - [2021-08-18 09:20:10,336] {dag.py:2305} INFO - Setting next_dagrun for tutorial_taskflow_api_etl to None
[2021-08-18 09:20:10,350] {scheduler_job.py:190} INFO - Processing /home/airflow/.local/lib/python3.6/site-packages/airflow/example_dags/tutorial_taskflow_api_etl.py took 0.294 seconds
[2021-08-18 09:20:41,285] {scheduler_job.py:182} INFO - Started process (PID=494) to work on /home/airflow/.local/lib/python3.6/site-packages/airflow/example_dags/tutorial_taskflow_api_etl.py
[2021-08-18 09:20:41,287] {scheduler_job.py:633} INFO - Processing file /home/airflow/.local/lib/python3.6/site-packages/airflow/example_dags/tutorial_taskflow_api_etl.py for tasks to queue
[2021-08-18 09:20:41,289] {logging_mixin.py:104} INFO - [2021-08-18 09:20:41,289] {dagbag.py:487} INFO - Filling up the DagBag from /home/airflow/.local/lib/python3.6/site-packages/airflow/example_dags/tutorial_taskflow_api_etl.py
[2021-08-18 09:20:41,307] {scheduler_job.py:643} INFO - DAG(s) dict_keys(['tutorial_taskflow_api_etl']) retrieved from /home/airflow/.local/lib/python3.6/site-packages/airflow/example_dags/tutorial_taskflow_api_etl.py
[2021-08-18 09:20:41,505] {logging_mixin.py:104} INFO - [2021-08-18 09:20:41,505] {dag.py:1832} INFO - Sync 1 DAGs
[2021-08-18 09:20:41,519] {logging_mixin.py:104} INFO - [2021-08-18 09:20:41,519] {dag.py:2305} INFO - Setting next_dagrun for tutorial_taskflow_api_etl to None
[2021-08-18 09:20:41,530] {scheduler_job.py:190} INFO - Processing /home/airflow/.local/lib/python3.6/site-packages/airflow/example_dags/tutorial_taskflow_api_etl.py took 0.249 seconds
[2021-08-18 09:21:11,603] {scheduler_job.py:182} INFO - Started process (PID=565) to work on /home/airflow/.local/lib/python3.6/site-packages/airflow/example_dags/tutorial_taskflow_api_etl.py
[2021-08-18 09:21:11,605] {scheduler_job.py:633} INFO - Processing file /home/airflow/.local/lib/python3.6/site-packages/airflow/example_dags/tutorial_taskflow_api_etl.py for tasks to queue
[2021-08-18 09:21:11,606] {logging_mixin.py:104} INFO - [2021-08-18 09:21:11,606] {dagbag.py:487} INFO - Filling up the DagBag from /home/airflow/.local/lib/python3.6/site-packages/airflow/example_dags/tutorial_taskflow_api_etl.py
[2021-08-18 09:21:11,624] {scheduler_job.py:643} INFO - DAG(s) dict_keys(['tutorial_taskflow_api_etl']) retrieved from /home/airflow/.local/lib/python3.6/site-packages/airflow/example_dags/tutorial_taskflow_api_etl.py
[2021-08-18 09:21:11,877] {logging_mixin.py:104} INFO - [2021-08-18 09:21:11,877] {dag.py:1832} INFO - Sync 1 DAGs
[2021-08-18 09:21:11,893] {logging_mixin.py:104} INFO - [2021-08-18 09:21:11,893] {dag.py:2305} INFO - Setting next_dagrun for tutorial_taskflow_api_etl to None
[2021-08-18 09:21:11,908] {scheduler_job.py:190} INFO - Processing /home/airflow/.local/lib/python3.6/site-packages/airflow/example_dags/tutorial_taskflow_api_etl.py took 0.309 seconds
[2021-08-18 09:21:42,028] {scheduler_job.py:182} INFO - Started process (PID=634) to work on /home/airflow/.local/lib/python3.6/site-packages/airflow/example_dags/tutorial_taskflow_api_etl.py
[2021-08-18 09:21:42,033] {scheduler_job.py:633} INFO - Processing file /home/airflow/.local/lib/python3.6/site-packages/airflow/example_dags/tutorial_taskflow_api_etl.py for tasks to queue
[2021-08-18 09:21:42,035] {logging_mixin.py:104} INFO - [2021-08-18 09:21:42,035] {dagbag.py:487} INFO - Filling up the DagBag from /home/airflow/.local/lib/python3.6/site-packages/airflow/example_dags/tutorial_taskflow_api_etl.py
[2021-08-18 09:21:42,052] {scheduler_job.py:643} INFO - DAG(s) dict_keys(['tutorial_taskflow_api_etl']) retrieved from /home/airflow/.local/lib/python3.6/site-packages/airflow/example_dags/tutorial_taskflow_api_etl.py
[2021-08-18 09:21:42,245] {logging_mixin.py:104} INFO - [2021-08-18 09:21:42,245] {dag.py:1832} INFO - Sync 1 DAGs
[2021-08-18 09:21:42,259] {logging_mixin.py:104} INFO - [2021-08-18 09:21:42,259] {dag.py:2305} INFO - Setting next_dagrun for tutorial_taskflow_api_etl to None
[2021-08-18 09:21:42,269] {scheduler_job.py:190} INFO - Processing /home/airflow/.local/lib/python3.6/site-packages/airflow/example_dags/tutorial_taskflow_api_etl.py took 0.245 seconds
[2021-08-18 09:22:13,131] {scheduler_job.py:182} INFO - Started process (PID=713) to work on /home/airflow/.local/lib/python3.6/site-packages/airflow/example_dags/tutorial_taskflow_api_etl.py
[2021-08-18 09:22:13,133] {scheduler_job.py:633} INFO - Processing file /home/airflow/.local/lib/python3.6/site-packages/airflow/example_dags/tutorial_taskflow_api_etl.py for tasks to queue
[2021-08-18 09:22:13,134] {logging_mixin.py:104} INFO - [2021-08-18 09:22:13,134] {dagbag.py:487} INFO - Filling up the DagBag from /home/airflow/.local/lib/python3.6/site-packages/airflow/example_dags/tutorial_taskflow_api_etl.py
[2021-08-18 09:22:13,151] {scheduler_job.py:643} INFO - DAG(s) dict_keys(['tutorial_taskflow_api_etl']) retrieved from /home/airflow/.local/lib/python3.6/site-packages/airflow/example_dags/tutorial_taskflow_api_etl.py
[2021-08-18 09:22:13,329] {logging_mixin.py:104} INFO - [2021-08-18 09:22:13,328] {dag.py:1832} INFO - Sync 1 DAGs
[2021-08-18 09:22:13,342] {logging_mixin.py:104} INFO - [2021-08-18 09:22:13,342] {dag.py:2305} INFO - Setting next_dagrun for tutorial_taskflow_api_etl to None
[2021-08-18 09:22:13,355] {scheduler_job.py:190} INFO - Processing /home/airflow/.local/lib/python3.6/site-packages/airflow/example_dags/tutorial_taskflow_api_etl.py took 0.227 seconds
[2021-08-18 09:22:43,446] {scheduler_job.py:182} INFO - Started process (PID=774) to work on /home/airflow/.local/lib/python3.6/site-packages/airflow/example_dags/tutorial_taskflow_api_etl.py
[2021-08-18 09:22:43,448] {scheduler_job.py:633} INFO - Processing file /home/airflow/.local/lib/python3.6/site-packages/airflow/example_dags/tutorial_taskflow_api_etl.py for tasks to queue
[2021-08-18 09:22:43,449] {logging_mixin.py:104} INFO - [2021-08-18 09:22:43,449] {dagbag.py:487} INFO - Filling up the DagBag from /home/airflow/.local/lib/python3.6/site-packages/airflow/example_dags/tutorial_taskflow_api_etl.py
[2021-08-18 09:22:43,467] {scheduler_job.py:643} INFO - DAG(s) dict_keys(['tutorial_taskflow_api_etl']) retrieved from /home/airflow/.local/lib/python3.6/site-packages/airflow/example_dags/tutorial_taskflow_api_etl.py
[2021-08-18 09:22:43,635] {logging_mixin.py:104} INFO - [2021-08-18 09:22:43,635] {dag.py:1832} INFO - Sync 1 DAGs
[2021-08-18 09:22:43,646] {logging_mixin.py:104} INFO - [2021-08-18 09:22:43,646] {dag.py:2305} INFO - Setting next_dagrun for tutorial_taskflow_api_etl to None
[2021-08-18 09:22:43,656] {scheduler_job.py:190} INFO - Processing /home/airflow/.local/lib/python3.6/site-packages/airflow/example_dags/tutorial_taskflow_api_etl.py took 0.214 seconds
[2021-08-18 09:23:14,494] {scheduler_job.py:182} INFO - Started process (PID=851) to work on /home/airflow/.local/lib/python3.6/site-packages/airflow/example_dags/tutorial_taskflow_api_etl.py
[2021-08-18 09:23:14,496] {scheduler_job.py:633} INFO - Processing file /home/airflow/.local/lib/python3.6/site-packages/airflow/example_dags/tutorial_taskflow_api_etl.py for tasks to queue
[2021-08-18 09:23:14,497] {logging_mixin.py:104} INFO - [2021-08-18 09:23:14,497] {dagbag.py:487} INFO - Filling up the DagBag from /home/airflow/.local/lib/python3.6/site-packages/airflow/example_dags/tutorial_taskflow_api_etl.py
[2021-08-18 09:23:14,511] {scheduler_job.py:643} INFO - DAG(s) dict_keys(['tutorial_taskflow_api_etl']) retrieved from /home/airflow/.local/lib/python3.6/site-packages/airflow/example_dags/tutorial_taskflow_api_etl.py
[2021-08-18 09:23:14,702] {logging_mixin.py:104} INFO - [2021-08-18 09:23:14,702] {dag.py:1832} INFO - Sync 1 DAGs
[2021-08-18 09:23:14,720] {logging_mixin.py:104} INFO - [2021-08-18 09:23:14,719] {dag.py:2305} INFO - Setting next_dagrun for tutorial_taskflow_api_etl to None
[2021-08-18 09:23:14,732] {scheduler_job.py:190} INFO - Processing /home/airflow/.local/lib/python3.6/site-packages/airflow/example_dags/tutorial_taskflow_api_etl.py took 0.241 seconds
[2021-08-18 09:23:45,306] {scheduler_job.py:182} INFO - Started process (PID=940) to work on /home/airflow/.local/lib/python3.6/site-packages/airflow/example_dags/tutorial_taskflow_api_etl.py
[2021-08-18 09:23:45,323] {scheduler_job.py:633} INFO - Processing file /home/airflow/.local/lib/python3.6/site-packages/airflow/example_dags/tutorial_taskflow_api_etl.py for tasks to queue
[2021-08-18 09:23:45,325] {logging_mixin.py:104} INFO - [2021-08-18 09:23:45,325] {dagbag.py:487} INFO - Filling up the DagBag from /home/airflow/.local/lib/python3.6/site-packages/airflow/example_dags/tutorial_taskflow_api_etl.py
[2021-08-18 09:23:45,341] {scheduler_job.py:643} INFO - DAG(s) dict_keys(['tutorial_taskflow_api_etl']) retrieved from /home/airflow/.local/lib/python3.6/site-packages/airflow/example_dags/tutorial_taskflow_api_etl.py
[2021-08-18 09:23:45,519] {logging_mixin.py:104} INFO - [2021-08-18 09:23:45,518] {dag.py:1832} INFO - Sync 1 DAGs
[2021-08-18 09:23:45,529] {logging_mixin.py:104} INFO - [2021-08-18 09:23:45,529] {dag.py:2305} INFO - Setting next_dagrun for tutorial_taskflow_api_etl to None
[2021-08-18 09:23:45,538] {scheduler_job.py:190} INFO - Processing /home/airflow/.local/lib/python3.6/site-packages/airflow/example_dags/tutorial_taskflow_api_etl.py took 0.235 seconds
[2021-08-18 09:24:16,370] {scheduler_job.py:182} INFO - Started process (PID=1003) to work on /home/airflow/.local/lib/python3.6/site-packages/airflow/example_dags/tutorial_taskflow_api_etl.py
[2021-08-18 09:24:16,382] {scheduler_job.py:633} INFO - Processing file /home/airflow/.local/lib/python3.6/site-packages/airflow/example_dags/tutorial_taskflow_api_etl.py for tasks to queue
[2021-08-18 09:24:16,383] {logging_mixin.py:104} INFO - [2021-08-18 09:24:16,383] {dagbag.py:487} INFO - Filling up the DagBag from /home/airflow/.local/lib/python3.6/site-packages/airflow/example_dags/tutorial_taskflow_api_etl.py
[2021-08-18 09:24:16,401] {scheduler_job.py:643} INFO - DAG(s) dict_keys(['tutorial_taskflow_api_etl']) retrieved from /home/airflow/.local/lib/python3.6/site-packages/airflow/example_dags/tutorial_taskflow_api_etl.py
[2021-08-18 09:24:16,424] {logging_mixin.py:104} INFO - [2021-08-18 09:24:16,424] {dag.py:1832} INFO - Sync 1 DAGs
[2021-08-18 09:24:16,440] {logging_mixin.py:104} INFO - [2021-08-18 09:24:16,440] {dag.py:2305} INFO - Setting next_dagrun for tutorial_taskflow_api_etl to None
[2021-08-18 09:24:16,463] {scheduler_job.py:190} INFO - Processing /home/airflow/.local/lib/python3.6/site-packages/airflow/example_dags/tutorial_taskflow_api_etl.py took 0.098 seconds
[2021-08-18 09:24:46,991] {scheduler_job.py:182} INFO - Started process (PID=1081) to work on /home/airflow/.local/lib/python3.6/site-packages/airflow/example_dags/tutorial_taskflow_api_etl.py
[2021-08-18 09:24:46,993] {scheduler_job.py:633} INFO - Processing file /home/airflow/.local/lib/python3.6/site-packages/airflow/example_dags/tutorial_taskflow_api_etl.py for tasks to queue
[2021-08-18 09:24:46,994] {logging_mixin.py:104} INFO - [2021-08-18 09:24:46,994] {dagbag.py:487} INFO - Filling up the DagBag from /home/airflow/.local/lib/python3.6/site-packages/airflow/example_dags/tutorial_taskflow_api_etl.py
[2021-08-18 09:24:47,011] {scheduler_job.py:643} INFO - DAG(s) dict_keys(['tutorial_taskflow_api_etl']) retrieved from /home/airflow/.local/lib/python3.6/site-packages/airflow/example_dags/tutorial_taskflow_api_etl.py
[2021-08-18 09:24:47,227] {logging_mixin.py:104} INFO - [2021-08-18 09:24:47,227] {dag.py:1832} INFO - Sync 1 DAGs
[2021-08-18 09:24:47,239] {logging_mixin.py:104} INFO - [2021-08-18 09:24:47,239] {dag.py:2305} INFO - Setting next_dagrun for tutorial_taskflow_api_etl to None
[2021-08-18 09:24:47,249] {scheduler_job.py:190} INFO - Processing /home/airflow/.local/lib/python3.6/site-packages/airflow/example_dags/tutorial_taskflow_api_etl.py took 0.262 seconds
[2021-08-18 09:25:17,277] {scheduler_job.py:182} INFO - Started process (PID=1142) to work on /home/airflow/.local/lib/python3.6/site-packages/airflow/example_dags/tutorial_taskflow_api_etl.py
[2021-08-18 09:25:17,280] {scheduler_job.py:633} INFO - Processing file /home/airflow/.local/lib/python3.6/site-packages/airflow/example_dags/tutorial_taskflow_api_etl.py for tasks to queue
[2021-08-18 09:25:17,282] {logging_mixin.py:104} INFO - [2021-08-18 09:25:17,282] {dagbag.py:487} INFO - Filling up the DagBag from /home/airflow/.local/lib/python3.6/site-packages/airflow/example_dags/tutorial_taskflow_api_etl.py
[2021-08-18 09:25:17,303] {scheduler_job.py:643} INFO - DAG(s) dict_keys(['tutorial_taskflow_api_etl']) retrieved from /home/airflow/.local/lib/python3.6/site-packages/airflow/example_dags/tutorial_taskflow_api_etl.py
[2021-08-18 09:25:17,548] {logging_mixin.py:104} INFO - [2021-08-18 09:25:17,548] {dag.py:1832} INFO - Sync 1 DAGs
[2021-08-18 09:25:17,564] {logging_mixin.py:104} INFO - [2021-08-18 09:25:17,564] {dag.py:2305} INFO - Setting next_dagrun for tutorial_taskflow_api_etl to None
[2021-08-18 09:25:17,576] {scheduler_job.py:190} INFO - Processing /home/airflow/.local/lib/python3.6/site-packages/airflow/example_dags/tutorial_taskflow_api_etl.py took 0.303 seconds
[2021-08-18 09:25:48,465] {scheduler_job.py:182} INFO - Started process (PID=1220) to work on /home/airflow/.local/lib/python3.6/site-packages/airflow/example_dags/tutorial_taskflow_api_etl.py
[2021-08-18 09:25:48,467] {scheduler_job.py:633} INFO - Processing file /home/airflow/.local/lib/python3.6/site-packages/airflow/example_dags/tutorial_taskflow_api_etl.py for tasks to queue
[2021-08-18 09:25:48,469] {logging_mixin.py:104} INFO - [2021-08-18 09:25:48,469] {dagbag.py:487} INFO - Filling up the DagBag from /home/airflow/.local/lib/python3.6/site-packages/airflow/example_dags/tutorial_taskflow_api_etl.py
[2021-08-18 09:25:48,489] {scheduler_job.py:643} INFO - DAG(s) dict_keys(['tutorial_taskflow_api_etl']) retrieved from /home/airflow/.local/lib/python3.6/site-packages/airflow/example_dags/tutorial_taskflow_api_etl.py
[2021-08-18 09:25:48,697] {logging_mixin.py:104} INFO - [2021-08-18 09:25:48,697] {dag.py:1832} INFO - Sync 1 DAGs
[2021-08-18 09:25:48,711] {logging_mixin.py:104} INFO - [2021-08-18 09:25:48,711] {dag.py:2305} INFO - Setting next_dagrun for tutorial_taskflow_api_etl to None
[2021-08-18 09:25:48,722] {scheduler_job.py:190} INFO - Processing /home/airflow/.local/lib/python3.6/site-packages/airflow/example_dags/tutorial_taskflow_api_etl.py took 0.261 seconds
[2021-08-18 09:26:18,795] {scheduler_job.py:182} INFO - Started process (PID=1296) to work on /home/airflow/.local/lib/python3.6/site-packages/airflow/example_dags/tutorial_taskflow_api_etl.py
[2021-08-18 09:26:18,798] {scheduler_job.py:633} INFO - Processing file /home/airflow/.local/lib/python3.6/site-packages/airflow/example_dags/tutorial_taskflow_api_etl.py for tasks to queue
[2021-08-18 09:26:18,799] {logging_mixin.py:104} INFO - [2021-08-18 09:26:18,799] {dagbag.py:487} INFO - Filling up the DagBag from /home/airflow/.local/lib/python3.6/site-packages/airflow/example_dags/tutorial_taskflow_api_etl.py
[2021-08-18 09:26:18,835] {scheduler_job.py:643} INFO - DAG(s) dict_keys(['tutorial_taskflow_api_etl']) retrieved from /home/airflow/.local/lib/python3.6/site-packages/airflow/example_dags/tutorial_taskflow_api_etl.py
[2021-08-18 09:26:18,857] {logging_mixin.py:104} INFO - [2021-08-18 09:26:18,857] {dag.py:1832} INFO - Sync 1 DAGs
[2021-08-18 09:26:18,874] {logging_mixin.py:104} INFO - [2021-08-18 09:26:18,874] {dag.py:2305} INFO - Setting next_dagrun for tutorial_taskflow_api_etl to None
[2021-08-18 09:26:18,921] {scheduler_job.py:190} INFO - Processing /home/airflow/.local/lib/python3.6/site-packages/airflow/example_dags/tutorial_taskflow_api_etl.py took 0.132 seconds
[2021-08-18 09:26:49,666] {scheduler_job.py:182} INFO - Started process (PID=1357) to work on /home/airflow/.local/lib/python3.6/site-packages/airflow/example_dags/tutorial_taskflow_api_etl.py
[2021-08-18 09:26:49,669] {scheduler_job.py:633} INFO - Processing file /home/airflow/.local/lib/python3.6/site-packages/airflow/example_dags/tutorial_taskflow_api_etl.py for tasks to queue
[2021-08-18 09:26:49,670] {logging_mixin.py:104} INFO - [2021-08-18 09:26:49,670] {dagbag.py:487} INFO - Filling up the DagBag from /home/airflow/.local/lib/python3.6/site-packages/airflow/example_dags/tutorial_taskflow_api_etl.py
[2021-08-18 09:26:49,689] {scheduler_job.py:643} INFO - DAG(s) dict_keys(['tutorial_taskflow_api_etl']) retrieved from /home/airflow/.local/lib/python3.6/site-packages/airflow/example_dags/tutorial_taskflow_api_etl.py
[2021-08-18 09:26:49,905] {logging_mixin.py:104} INFO - [2021-08-18 09:26:49,905] {dag.py:1832} INFO - Sync 1 DAGs
[2021-08-18 09:26:49,922] {logging_mixin.py:104} INFO - [2021-08-18 09:26:49,922] {dag.py:2305} INFO - Setting next_dagrun for tutorial_taskflow_api_etl to None
[2021-08-18 09:26:49,935] {scheduler_job.py:190} INFO - Processing /home/airflow/.local/lib/python3.6/site-packages/airflow/example_dags/tutorial_taskflow_api_etl.py took 0.273 seconds
[2021-08-18 09:27:20,668] {scheduler_job.py:182} INFO - Started process (PID=1433) to work on /home/airflow/.local/lib/python3.6/site-packages/airflow/example_dags/tutorial_taskflow_api_etl.py
[2021-08-18 09:27:20,670] {scheduler_job.py:633} INFO - Processing file /home/airflow/.local/lib/python3.6/site-packages/airflow/example_dags/tutorial_taskflow_api_etl.py for tasks to queue
[2021-08-18 09:27:20,672] {logging_mixin.py:104} INFO - [2021-08-18 09:27:20,672] {dagbag.py:487} INFO - Filling up the DagBag from /home/airflow/.local/lib/python3.6/site-packages/airflow/example_dags/tutorial_taskflow_api_etl.py
[2021-08-18 09:27:20,691] {scheduler_job.py:643} INFO - DAG(s) dict_keys(['tutorial_taskflow_api_etl']) retrieved from /home/airflow/.local/lib/python3.6/site-packages/airflow/example_dags/tutorial_taskflow_api_etl.py
[2021-08-18 09:27:20,920] {logging_mixin.py:104} INFO - [2021-08-18 09:27:20,920] {dag.py:1832} INFO - Sync 1 DAGs
[2021-08-18 09:27:20,939] {logging_mixin.py:104} INFO - [2021-08-18 09:27:20,939] {dag.py:2305} INFO - Setting next_dagrun for tutorial_taskflow_api_etl to None
[2021-08-18 09:27:20,951] {scheduler_job.py:190} INFO - Processing /home/airflow/.local/lib/python3.6/site-packages/airflow/example_dags/tutorial_taskflow_api_etl.py took 0.287 seconds
[2021-08-18 09:27:51,098] {scheduler_job.py:182} INFO - Started process (PID=1511) to work on /home/airflow/.local/lib/python3.6/site-packages/airflow/example_dags/tutorial_taskflow_api_etl.py
[2021-08-18 09:27:51,101] {scheduler_job.py:633} INFO - Processing file /home/airflow/.local/lib/python3.6/site-packages/airflow/example_dags/tutorial_taskflow_api_etl.py for tasks to queue
[2021-08-18 09:27:51,102] {logging_mixin.py:104} INFO - [2021-08-18 09:27:51,102] {dagbag.py:487} INFO - Filling up the DagBag from /home/airflow/.local/lib/python3.6/site-packages/airflow/example_dags/tutorial_taskflow_api_etl.py
[2021-08-18 09:27:51,123] {scheduler_job.py:643} INFO - DAG(s) dict_keys(['tutorial_taskflow_api_etl']) retrieved from /home/airflow/.local/lib/python3.6/site-packages/airflow/example_dags/tutorial_taskflow_api_etl.py
[2021-08-18 09:27:51,350] {logging_mixin.py:104} INFO - [2021-08-18 09:27:51,350] {dag.py:1832} INFO - Sync 1 DAGs
[2021-08-18 09:27:51,368] {logging_mixin.py:104} INFO - [2021-08-18 09:27:51,368] {dag.py:2305} INFO - Setting next_dagrun for tutorial_taskflow_api_etl to None
[2021-08-18 09:27:51,390] {scheduler_job.py:190} INFO - Processing /home/airflow/.local/lib/python3.6/site-packages/airflow/example_dags/tutorial_taskflow_api_etl.py took 0.297 seconds
[2021-08-18 09:28:21,952] {scheduler_job.py:182} INFO - Started process (PID=1574) to work on /home/airflow/.local/lib/python3.6/site-packages/airflow/example_dags/tutorial_taskflow_api_etl.py
[2021-08-18 09:28:21,953] {scheduler_job.py:633} INFO - Processing file /home/airflow/.local/lib/python3.6/site-packages/airflow/example_dags/tutorial_taskflow_api_etl.py for tasks to queue
[2021-08-18 09:28:21,955] {logging_mixin.py:104} INFO - [2021-08-18 09:28:21,954] {dagbag.py:487} INFO - Filling up the DagBag from /home/airflow/.local/lib/python3.6/site-packages/airflow/example_dags/tutorial_taskflow_api_etl.py
[2021-08-18 09:28:21,970] {scheduler_job.py:643} INFO - DAG(s) dict_keys(['tutorial_taskflow_api_etl']) retrieved from /home/airflow/.local/lib/python3.6/site-packages/airflow/example_dags/tutorial_taskflow_api_etl.py
[2021-08-18 09:28:21,990] {logging_mixin.py:104} INFO - [2021-08-18 09:28:21,989] {dag.py:1832} INFO - Sync 1 DAGs
[2021-08-18 09:28:22,003] {logging_mixin.py:104} INFO - [2021-08-18 09:28:22,003] {dag.py:2305} INFO - Setting next_dagrun for tutorial_taskflow_api_etl to None
[2021-08-18 09:28:22,010] {scheduler_job.py:190} INFO - Processing /home/airflow/.local/lib/python3.6/site-packages/airflow/example_dags/tutorial_taskflow_api_etl.py took 0.062 seconds
[2021-08-18 09:28:52,061] {scheduler_job.py:182} INFO - Started process (PID=1652) to work on /home/airflow/.local/lib/python3.6/site-packages/airflow/example_dags/tutorial_taskflow_api_etl.py
[2021-08-18 09:28:52,064] {scheduler_job.py:633} INFO - Processing file /home/airflow/.local/lib/python3.6/site-packages/airflow/example_dags/tutorial_taskflow_api_etl.py for tasks to queue
[2021-08-18 09:28:52,065] {logging_mixin.py:104} INFO - [2021-08-18 09:28:52,065] {dagbag.py:487} INFO - Filling up the DagBag from /home/airflow/.local/lib/python3.6/site-packages/airflow/example_dags/tutorial_taskflow_api_etl.py
[2021-08-18 09:28:52,082] {scheduler_job.py:643} INFO - DAG(s) dict_keys(['tutorial_taskflow_api_etl']) retrieved from /home/airflow/.local/lib/python3.6/site-packages/airflow/example_dags/tutorial_taskflow_api_etl.py
[2021-08-18 09:28:52,258] {logging_mixin.py:104} INFO - [2021-08-18 09:28:52,257] {dag.py:1832} INFO - Sync 1 DAGs
[2021-08-18 09:28:52,268] {logging_mixin.py:104} INFO - [2021-08-18 09:28:52,268] {dag.py:2305} INFO - Setting next_dagrun for tutorial_taskflow_api_etl to None
[2021-08-18 09:28:52,277] {scheduler_job.py:190} INFO - Processing /home/airflow/.local/lib/python3.6/site-packages/airflow/example_dags/tutorial_taskflow_api_etl.py took 0.219 seconds
[2021-08-18 09:29:22,311] {scheduler_job.py:182} INFO - Started process (PID=1714) to work on /home/airflow/.local/lib/python3.6/site-packages/airflow/example_dags/tutorial_taskflow_api_etl.py
[2021-08-18 09:29:22,313] {scheduler_job.py:633} INFO - Processing file /home/airflow/.local/lib/python3.6/site-packages/airflow/example_dags/tutorial_taskflow_api_etl.py for tasks to queue
[2021-08-18 09:29:22,314] {logging_mixin.py:104} INFO - [2021-08-18 09:29:22,314] {dagbag.py:487} INFO - Filling up the DagBag from /home/airflow/.local/lib/python3.6/site-packages/airflow/example_dags/tutorial_taskflow_api_etl.py
[2021-08-18 09:29:22,330] {scheduler_job.py:643} INFO - DAG(s) dict_keys(['tutorial_taskflow_api_etl']) retrieved from /home/airflow/.local/lib/python3.6/site-packages/airflow/example_dags/tutorial_taskflow_api_etl.py
[2021-08-18 09:29:22,502] {logging_mixin.py:104} INFO - [2021-08-18 09:29:22,502] {dag.py:1832} INFO - Sync 1 DAGs
[2021-08-18 09:29:22,514] {logging_mixin.py:104} INFO - [2021-08-18 09:29:22,514] {dag.py:2305} INFO - Setting next_dagrun for tutorial_taskflow_api_etl to None
[2021-08-18 09:29:22,522] {scheduler_job.py:190} INFO - Processing /home/airflow/.local/lib/python3.6/site-packages/airflow/example_dags/tutorial_taskflow_api_etl.py took 0.215 seconds
[2021-08-18 09:29:52,714] {scheduler_job.py:182} INFO - Started process (PID=1789) to work on /home/airflow/.local/lib/python3.6/site-packages/airflow/example_dags/tutorial_taskflow_api_etl.py
[2021-08-18 09:29:52,717] {scheduler_job.py:633} INFO - Processing file /home/airflow/.local/lib/python3.6/site-packages/airflow/example_dags/tutorial_taskflow_api_etl.py for tasks to queue
[2021-08-18 09:29:52,718] {logging_mixin.py:104} INFO - [2021-08-18 09:29:52,718] {dagbag.py:487} INFO - Filling up the DagBag from /home/airflow/.local/lib/python3.6/site-packages/airflow/example_dags/tutorial_taskflow_api_etl.py
[2021-08-18 09:29:52,736] {scheduler_job.py:643} INFO - DAG(s) dict_keys(['tutorial_taskflow_api_etl']) retrieved from /home/airflow/.local/lib/python3.6/site-packages/airflow/example_dags/tutorial_taskflow_api_etl.py
[2021-08-18 09:29:52,946] {logging_mixin.py:104} INFO - [2021-08-18 09:29:52,946] {dag.py:1832} INFO - Sync 1 DAGs
[2021-08-18 09:29:52,962] {logging_mixin.py:104} INFO - [2021-08-18 09:29:52,962] {dag.py:2305} INFO - Setting next_dagrun for tutorial_taskflow_api_etl to None
[2021-08-18 09:29:52,973] {scheduler_job.py:190} INFO - Processing /home/airflow/.local/lib/python3.6/site-packages/airflow/example_dags/tutorial_taskflow_api_etl.py took 0.263 seconds
[2021-08-18 09:30:23,764] {scheduler_job.py:182} INFO - Started process (PID=1865) to work on /home/airflow/.local/lib/python3.6/site-packages/airflow/example_dags/tutorial_taskflow_api_etl.py
[2021-08-18 09:30:23,768] {scheduler_job.py:633} INFO - Processing file /home/airflow/.local/lib/python3.6/site-packages/airflow/example_dags/tutorial_taskflow_api_etl.py for tasks to queue
[2021-08-18 09:30:23,770] {logging_mixin.py:104} INFO - [2021-08-18 09:30:23,770] {dagbag.py:487} INFO - Filling up the DagBag from /home/airflow/.local/lib/python3.6/site-packages/airflow/example_dags/tutorial_taskflow_api_etl.py
[2021-08-18 09:30:23,798] {scheduler_job.py:643} INFO - DAG(s) dict_keys(['tutorial_taskflow_api_etl']) retrieved from /home/airflow/.local/lib/python3.6/site-packages/airflow/example_dags/tutorial_taskflow_api_etl.py
[2021-08-18 09:30:24,022] {logging_mixin.py:104} INFO - [2021-08-18 09:30:24,022] {dag.py:1832} INFO - Sync 1 DAGs
[2021-08-18 09:30:24,038] {logging_mixin.py:104} INFO - [2021-08-18 09:30:24,038] {dag.py:2305} INFO - Setting next_dagrun for tutorial_taskflow_api_etl to None
[2021-08-18 09:30:24,050] {scheduler_job.py:190} INFO - Processing /home/airflow/.local/lib/python3.6/site-packages/airflow/example_dags/tutorial_taskflow_api_etl.py took 0.290 seconds
[2021-08-18 09:30:54,834] {scheduler_job.py:182} INFO - Started process (PID=1927) to work on /home/airflow/.local/lib/python3.6/site-packages/airflow/example_dags/tutorial_taskflow_api_etl.py
[2021-08-18 09:30:54,836] {scheduler_job.py:633} INFO - Processing file /home/airflow/.local/lib/python3.6/site-packages/airflow/example_dags/tutorial_taskflow_api_etl.py for tasks to queue
[2021-08-18 09:30:54,837] {logging_mixin.py:104} INFO - [2021-08-18 09:30:54,837] {dagbag.py:487} INFO - Filling up the DagBag from /home/airflow/.local/lib/python3.6/site-packages/airflow/example_dags/tutorial_taskflow_api_etl.py
[2021-08-18 09:30:54,856] {scheduler_job.py:643} INFO - DAG(s) dict_keys(['tutorial_taskflow_api_etl']) retrieved from /home/airflow/.local/lib/python3.6/site-packages/airflow/example_dags/tutorial_taskflow_api_etl.py
[2021-08-18 09:30:55,032] {logging_mixin.py:104} INFO - [2021-08-18 09:30:55,032] {dag.py:1832} INFO - Sync 1 DAGs
[2021-08-18 09:30:55,046] {logging_mixin.py:104} INFO - [2021-08-18 09:30:55,046] {dag.py:2305} INFO - Setting next_dagrun for tutorial_taskflow_api_etl to None
[2021-08-18 09:30:55,056] {scheduler_job.py:190} INFO - Processing /home/airflow/.local/lib/python3.6/site-packages/airflow/example_dags/tutorial_taskflow_api_etl.py took 0.226 seconds
[2021-08-18 09:31:25,704] {scheduler_job.py:182} INFO - Started process (PID=2004) to work on /home/airflow/.local/lib/python3.6/site-packages/airflow/example_dags/tutorial_taskflow_api_etl.py
[2021-08-18 09:31:25,706] {scheduler_job.py:633} INFO - Processing file /home/airflow/.local/lib/python3.6/site-packages/airflow/example_dags/tutorial_taskflow_api_etl.py for tasks to queue
[2021-08-18 09:31:25,707] {logging_mixin.py:104} INFO - [2021-08-18 09:31:25,707] {dagbag.py:487} INFO - Filling up the DagBag from /home/airflow/.local/lib/python3.6/site-packages/airflow/example_dags/tutorial_taskflow_api_etl.py
[2021-08-18 09:31:25,724] {scheduler_job.py:643} INFO - DAG(s) dict_keys(['tutorial_taskflow_api_etl']) retrieved from /home/airflow/.local/lib/python3.6/site-packages/airflow/example_dags/tutorial_taskflow_api_etl.py
[2021-08-18 09:31:25,911] {logging_mixin.py:104} INFO - [2021-08-18 09:31:25,911] {dag.py:1832} INFO - Sync 1 DAGs
[2021-08-18 09:31:25,922] {logging_mixin.py:104} INFO - [2021-08-18 09:31:25,922] {dag.py:2305} INFO - Setting next_dagrun for tutorial_taskflow_api_etl to None
[2021-08-18 09:31:25,930] {scheduler_job.py:190} INFO - Processing /home/airflow/.local/lib/python3.6/site-packages/airflow/example_dags/tutorial_taskflow_api_etl.py took 0.230 seconds
[2021-08-18 09:31:56,701] {scheduler_job.py:182} INFO - Started process (PID=2083) to work on /home/airflow/.local/lib/python3.6/site-packages/airflow/example_dags/tutorial_taskflow_api_etl.py
[2021-08-18 09:31:56,703] {scheduler_job.py:633} INFO - Processing file /home/airflow/.local/lib/python3.6/site-packages/airflow/example_dags/tutorial_taskflow_api_etl.py for tasks to queue
[2021-08-18 09:31:56,704] {logging_mixin.py:104} INFO - [2021-08-18 09:31:56,704] {dagbag.py:487} INFO - Filling up the DagBag from /home/airflow/.local/lib/python3.6/site-packages/airflow/example_dags/tutorial_taskflow_api_etl.py
[2021-08-18 09:31:56,719] {scheduler_job.py:643} INFO - DAG(s) dict_keys(['tutorial_taskflow_api_etl']) retrieved from /home/airflow/.local/lib/python3.6/site-packages/airflow/example_dags/tutorial_taskflow_api_etl.py
[2021-08-18 09:31:56,922] {logging_mixin.py:104} INFO - [2021-08-18 09:31:56,922] {dag.py:1832} INFO - Sync 1 DAGs
[2021-08-18 09:31:56,935] {logging_mixin.py:104} INFO - [2021-08-18 09:31:56,935] {dag.py:2305} INFO - Setting next_dagrun for tutorial_taskflow_api_etl to None
[2021-08-18 09:31:56,944] {scheduler_job.py:190} INFO - Processing /home/airflow/.local/lib/python3.6/site-packages/airflow/example_dags/tutorial_taskflow_api_etl.py took 0.246 seconds
[2021-08-18 09:32:27,379] {scheduler_job.py:182} INFO - Started process (PID=2147) to work on /home/airflow/.local/lib/python3.6/site-packages/airflow/example_dags/tutorial_taskflow_api_etl.py
[2021-08-18 09:32:27,381] {scheduler_job.py:633} INFO - Processing file /home/airflow/.local/lib/python3.6/site-packages/airflow/example_dags/tutorial_taskflow_api_etl.py for tasks to queue
[2021-08-18 09:32:27,382] {logging_mixin.py:104} INFO - [2021-08-18 09:32:27,381] {dagbag.py:487} INFO - Filling up the DagBag from /home/airflow/.local/lib/python3.6/site-packages/airflow/example_dags/tutorial_taskflow_api_etl.py
[2021-08-18 09:32:27,397] {scheduler_job.py:643} INFO - DAG(s) dict_keys(['tutorial_taskflow_api_etl']) retrieved from /home/airflow/.local/lib/python3.6/site-packages/airflow/example_dags/tutorial_taskflow_api_etl.py
[2021-08-18 09:32:27,555] {logging_mixin.py:104} INFO - [2021-08-18 09:32:27,555] {dag.py:1832} INFO - Sync 1 DAGs
[2021-08-18 09:32:27,569] {logging_mixin.py:104} INFO - [2021-08-18 09:32:27,568] {dag.py:2305} INFO - Setting next_dagrun for tutorial_taskflow_api_etl to None
[2021-08-18 09:32:27,578] {scheduler_job.py:190} INFO - Processing /home/airflow/.local/lib/python3.6/site-packages/airflow/example_dags/tutorial_taskflow_api_etl.py took 0.202 seconds
[2021-08-18 09:32:58,387] {scheduler_job.py:182} INFO - Started process (PID=2222) to work on /home/airflow/.local/lib/python3.6/site-packages/airflow/example_dags/tutorial_taskflow_api_etl.py
[2021-08-18 09:32:58,390] {scheduler_job.py:633} INFO - Processing file /home/airflow/.local/lib/python3.6/site-packages/airflow/example_dags/tutorial_taskflow_api_etl.py for tasks to queue
[2021-08-18 09:32:58,391] {logging_mixin.py:104} INFO - [2021-08-18 09:32:58,391] {dagbag.py:487} INFO - Filling up the DagBag from /home/airflow/.local/lib/python3.6/site-packages/airflow/example_dags/tutorial_taskflow_api_etl.py
[2021-08-18 09:32:58,418] {scheduler_job.py:643} INFO - DAG(s) dict_keys(['tutorial_taskflow_api_etl']) retrieved from /home/airflow/.local/lib/python3.6/site-packages/airflow/example_dags/tutorial_taskflow_api_etl.py
[2021-08-18 09:32:58,756] {logging_mixin.py:104} INFO - [2021-08-18 09:32:58,755] {dag.py:1832} INFO - Sync 1 DAGs
[2021-08-18 09:32:58,779] {logging_mixin.py:104} INFO - [2021-08-18 09:32:58,779] {dag.py:2305} INFO - Setting next_dagrun for tutorial_taskflow_api_etl to None
[2021-08-18 09:32:58,805] {scheduler_job.py:190} INFO - Processing /home/airflow/.local/lib/python3.6/site-packages/airflow/example_dags/tutorial_taskflow_api_etl.py took 0.443 seconds
