[2021-08-18 09:23:23,057] {taskinstance.py:876} INFO - Dependencies all met for <TaskInstance: example_python_operator.print_the_context 2021-08-18T09:22:36.880435+00:00 [queued]>
[2021-08-18 09:23:23,085] {taskinstance.py:876} INFO - Dependencies all met for <TaskInstance: example_python_operator.print_the_context 2021-08-18T09:22:36.880435+00:00 [queued]>
[2021-08-18 09:23:23,086] {taskinstance.py:1067} INFO - 
--------------------------------------------------------------------------------
[2021-08-18 09:23:23,086] {taskinstance.py:1068} INFO - Starting attempt 1 of 1
[2021-08-18 09:23:23,089] {taskinstance.py:1069} INFO - 
--------------------------------------------------------------------------------
[2021-08-18 09:23:23,103] {taskinstance.py:1087} INFO - Executing <Task(PythonOperator): print_the_context> on 2021-08-18T09:22:36.880435+00:00
[2021-08-18 09:23:23,110] {standard_task_runner.py:52} INFO - Started process 484 to run task
[2021-08-18 09:23:23,115] {standard_task_runner.py:76} INFO - Running: ['***', 'tasks', 'run', 'example_python_operator', 'print_the_context', '2021-08-18T09:22:36.880435+00:00', '--job-id', '4', '--pool', 'default_pool', '--raw', '--subdir', '/home/***/.local/lib/python3.6/site-packages/***/example_dags/example_python_operator.py', '--cfg-path', '/tmp/tmpmhovtzxs', '--error-file', '/tmp/tmpk2bs_iz1']
[2021-08-18 09:23:23,117] {standard_task_runner.py:77} INFO - Job 4: Subtask print_the_context
[2021-08-18 09:23:23,167] {logging_mixin.py:104} INFO - Running <TaskInstance: example_python_operator.print_the_context 2021-08-18T09:22:36.880435+00:00 [running]> on host 44f426ecd463
[2021-08-18 09:23:23,226] {taskinstance.py:1282} INFO - Exporting the following env vars:
AIRFLOW_CTX_DAG_OWNER=***
AIRFLOW_CTX_DAG_ID=example_python_operator
AIRFLOW_CTX_TASK_ID=print_the_context
AIRFLOW_CTX_EXECUTION_DATE=2021-08-18T09:22:36.880435+00:00
AIRFLOW_CTX_DAG_RUN_ID=manual__2021-08-18T09:22:36.880435+00:00
[2021-08-18 09:23:23,252] {logging_mixin.py:104} INFO - {'conf': <***.configuration.AirflowConfigParser object at 0x7f0d92f074e0>,
 'dag': <DAG: example_python_operator>,
 'dag_run': <DagRun example_python_operator @ 2021-08-18 09:22:36.880435+00:00: manual__2021-08-18T09:22:36.880435+00:00, externally triggered: True>,
 'ds_nodash': '20210818',
 'execution_date': DateTime(2021, 8, 18, 9, 22, 36, 880435, tzinfo=Timezone('+00:00')),
 'inlets': [],
 'macros': <module '***.macros' from '/home/***/.local/lib/python3.6/site-packages/***/macros/__init__.py'>,
 'next_ds': '2021-08-18',
 'next_ds_nodash': '20210818',
 'next_execution_date': DateTime(2021, 8, 18, 9, 22, 36, 880435, tzinfo=Timezone('+00:00')),
 'outlets': [],
 'params': {},
 'prev_ds': '2021-08-18',
 'prev_ds_nodash': '20210818',
 'prev_execution_date': DateTime(2021, 8, 18, 9, 22, 36, 880435, tzinfo=Timezone('+00:00')),
 'prev_execution_date_success': <Proxy at 0x7f0d87a8a888 with factory <function TaskInstance.get_template_context.<locals>.<lambda> at 0x7f0d87abf6a8>>,
 'prev_start_date_success': <Proxy at 0x7f0d87ab1e88 with factory <function TaskInstance.get_template_context.<locals>.<lambda> at 0x7f0d87aca7b8>>,
 'run_id': 'manual__2021-08-18T09:22:36.880435+00:00',
 'task': <Task(PythonOperator): print_the_context>,
 'task_instance': <TaskInstance: example_python_operator.print_the_context 2021-08-18T09:22:36.880435+00:00 [running]>,
 'task_instance_key_str': 'example_python_operator__print_the_context__20210818',
 'templates_dict': None,
 'test_mode': False,
 'ti': <TaskInstance: example_python_operator.print_the_context 2021-08-18T09:22:36.880435+00:00 [running]>,
 'tomorrow_ds': '2021-08-19',
 'tomorrow_ds_nodash': '20210819',
 'ts': '2021-08-18T09:22:36.880435+00:00',
 'ts_nodash': '20210818T092236',
 'ts_nodash_with_tz': '20210818T092236.880435+0000',
 'var': {'json': None, 'value': None},
 'yesterday_ds': '2021-08-17',
 'yesterday_ds_nodash': '20210817'}
[2021-08-18 09:23:23,253] {logging_mixin.py:104} INFO - 2021-08-18
[2021-08-18 09:23:23,253] {python.py:151} INFO - Done. Returned value was: Whatever you return gets printed in the logs
[2021-08-18 09:23:23,277] {taskinstance.py:1191} INFO - Marking task as SUCCESS. dag_id=example_python_operator, task_id=print_the_context, execution_date=20210818T092236, start_date=20210818T092323, end_date=20210818T092323
[2021-08-18 09:23:23,306] {taskinstance.py:1245} INFO - 5 downstream tasks scheduled from follow-on schedule check
[2021-08-18 09:23:23,328] {local_task_job.py:151} INFO - Task exited with return code 0
