[2021-08-18 09:23:24,785] {taskinstance.py:876} INFO - Dependencies all met for <TaskInstance: example_python_operator.sleep_for_2 2021-08-18T09:22:36.880435+00:00 [queued]>
[2021-08-18 09:23:24,807] {taskinstance.py:876} INFO - Dependencies all met for <TaskInstance: example_python_operator.sleep_for_2 2021-08-18T09:22:36.880435+00:00 [queued]>
[2021-08-18 09:23:24,808] {taskinstance.py:1067} INFO - 
--------------------------------------------------------------------------------
[2021-08-18 09:23:24,809] {taskinstance.py:1068} INFO - Starting attempt 1 of 1
[2021-08-18 09:23:24,815] {taskinstance.py:1069} INFO - 
--------------------------------------------------------------------------------
[2021-08-18 09:23:24,846] {taskinstance.py:1087} INFO - Executing <Task(PythonOperator): sleep_for_2> on 2021-08-18T09:22:36.880435+00:00
[2021-08-18 09:23:24,872] {standard_task_runner.py:52} INFO - Started process 503 to run task
[2021-08-18 09:23:24,901] {standard_task_runner.py:76} INFO - Running: ['***', 'tasks', 'run', 'example_python_operator', 'sleep_for_2', '2021-08-18T09:22:36.880435+00:00', '--job-id', '9', '--pool', 'default_pool', '--raw', '--subdir', '/home/***/.local/lib/python3.6/site-packages/***/example_dags/example_python_operator.py', '--cfg-path', '/tmp/tmpmo3_kc34', '--error-file', '/tmp/tmpuofa3_rf']
[2021-08-18 09:23:24,903] {standard_task_runner.py:77} INFO - Job 9: Subtask sleep_for_2
[2021-08-18 09:23:25,037] {logging_mixin.py:104} INFO - Running <TaskInstance: example_python_operator.sleep_for_2 2021-08-18T09:22:36.880435+00:00 [running]> on host 44f426ecd463
[2021-08-18 09:23:25,141] {taskinstance.py:1282} INFO - Exporting the following env vars:
AIRFLOW_CTX_DAG_OWNER=***
AIRFLOW_CTX_DAG_ID=example_python_operator
AIRFLOW_CTX_TASK_ID=sleep_for_2
AIRFLOW_CTX_EXECUTION_DATE=2021-08-18T09:22:36.880435+00:00
AIRFLOW_CTX_DAG_RUN_ID=manual__2021-08-18T09:22:36.880435+00:00
[2021-08-18 09:23:25,344] {python.py:151} INFO - Done. Returned value was: None
[2021-08-18 09:23:25,355] {taskinstance.py:1191} INFO - Marking task as SUCCESS. dag_id=example_python_operator, task_id=sleep_for_2, execution_date=20210818T092236, start_date=20210818T092324, end_date=20210818T092325
[2021-08-18 09:23:25,378] {taskinstance.py:1245} INFO - 0 downstream tasks scheduled from follow-on schedule check
[2021-08-18 09:23:25,423] {local_task_job.py:151} INFO - Task exited with return code 0
